[2024-01-13T15:16:05.350+0200] {processor.py:161} INFO - Started process (PID=42577) to work on /Users/angel.georgiev/airflow/dags/ETLProcess/OracleClient/ojdbc8.jar
[2024-01-13T15:16:05.355+0200] {processor.py:830} INFO - Processing file /Users/angel.georgiev/airflow/dags/ETLProcess/OracleClient/ojdbc8.jar for tasks to queue
[2024-01-13T15:16:05.355+0200] {logging_mixin.py:188} INFO - [2024-01-13T15:16:05.355+0200] {dagbag.py:538} INFO - Filling up the DagBag from /Users/angel.georgiev/airflow/dags/ETLProcess/OracleClient/ojdbc8.jar
[2024-01-13T15:16:05.427+0200] {processor.py:842} WARNING - No viable dags retrieved from /Users/angel.georgiev/airflow/dags/ETLProcess/OracleClient/ojdbc8.jar
[2024-01-13T15:16:05.511+0200] {processor.py:183} INFO - Processing /Users/angel.georgiev/airflow/dags/ETLProcess/OracleClient/ojdbc8.jar took 0.162 seconds
[2024-01-13T15:18:56.919+0200] {processor.py:161} INFO - Started process (PID=42782) to work on /Users/angel.georgiev/airflow/dags/ETLProcess/OracleClient/ojdbc8.jar
[2024-01-13T15:18:56.923+0200] {processor.py:830} INFO - Processing file /Users/angel.georgiev/airflow/dags/ETLProcess/OracleClient/ojdbc8.jar for tasks to queue
[2024-01-13T15:18:56.924+0200] {logging_mixin.py:188} INFO - [2024-01-13T15:18:56.924+0200] {dagbag.py:538} INFO - Filling up the DagBag from /Users/angel.georgiev/airflow/dags/ETLProcess/OracleClient/ojdbc8.jar
[2024-01-13T15:18:56.997+0200] {processor.py:842} WARNING - No viable dags retrieved from /Users/angel.georgiev/airflow/dags/ETLProcess/OracleClient/ojdbc8.jar
[2024-01-13T15:18:57.079+0200] {processor.py:183} INFO - Processing /Users/angel.georgiev/airflow/dags/ETLProcess/OracleClient/ojdbc8.jar took 0.162 seconds
[2024-01-13T15:21:19.892+0200] {processor.py:161} INFO - Started process (PID=42906) to work on /Users/angel.georgiev/airflow/dags/ETLProcess/OracleClient/ojdbc8.jar
[2024-01-13T15:21:19.898+0200] {processor.py:830} INFO - Processing file /Users/angel.georgiev/airflow/dags/ETLProcess/OracleClient/ojdbc8.jar for tasks to queue
[2024-01-13T15:21:19.899+0200] {logging_mixin.py:188} INFO - [2024-01-13T15:21:19.899+0200] {dagbag.py:538} INFO - Filling up the DagBag from /Users/angel.georgiev/airflow/dags/ETLProcess/OracleClient/ojdbc8.jar
[2024-01-13T15:21:19.970+0200] {processor.py:842} WARNING - No viable dags retrieved from /Users/angel.georgiev/airflow/dags/ETLProcess/OracleClient/ojdbc8.jar
[2024-01-13T15:21:20.058+0200] {processor.py:183} INFO - Processing /Users/angel.georgiev/airflow/dags/ETLProcess/OracleClient/ojdbc8.jar took 0.168 seconds
[2024-01-13T15:23:44.684+0200] {processor.py:161} INFO - Started process (PID=43017) to work on /Users/angel.georgiev/airflow/dags/ETLProcess/OracleClient/ojdbc8.jar
[2024-01-13T15:23:44.690+0200] {processor.py:830} INFO - Processing file /Users/angel.georgiev/airflow/dags/ETLProcess/OracleClient/ojdbc8.jar for tasks to queue
[2024-01-13T15:23:44.691+0200] {logging_mixin.py:188} INFO - [2024-01-13T15:23:44.690+0200] {dagbag.py:538} INFO - Filling up the DagBag from /Users/angel.georgiev/airflow/dags/ETLProcess/OracleClient/ojdbc8.jar
[2024-01-13T15:23:44.765+0200] {processor.py:842} WARNING - No viable dags retrieved from /Users/angel.georgiev/airflow/dags/ETLProcess/OracleClient/ojdbc8.jar
[2024-01-13T15:23:44.858+0200] {processor.py:183} INFO - Processing /Users/angel.georgiev/airflow/dags/ETLProcess/OracleClient/ojdbc8.jar took 0.175 seconds
[2024-01-13T15:26:15.490+0200] {processor.py:161} INFO - Started process (PID=43253) to work on /Users/angel.georgiev/airflow/dags/ETLProcess/OracleClient/ojdbc8.jar
[2024-01-13T15:26:15.496+0200] {processor.py:830} INFO - Processing file /Users/angel.georgiev/airflow/dags/ETLProcess/OracleClient/ojdbc8.jar for tasks to queue
[2024-01-13T15:26:15.497+0200] {logging_mixin.py:188} INFO - [2024-01-13T15:26:15.496+0200] {dagbag.py:538} INFO - Filling up the DagBag from /Users/angel.georgiev/airflow/dags/ETLProcess/OracleClient/ojdbc8.jar
[2024-01-13T15:26:15.569+0200] {processor.py:842} WARNING - No viable dags retrieved from /Users/angel.georgiev/airflow/dags/ETLProcess/OracleClient/ojdbc8.jar
[2024-01-13T15:26:15.657+0200] {processor.py:183} INFO - Processing /Users/angel.georgiev/airflow/dags/ETLProcess/OracleClient/ojdbc8.jar took 0.169 seconds
[2024-01-13T15:29:13.303+0200] {processor.py:161} INFO - Started process (PID=43409) to work on /Users/angel.georgiev/airflow/dags/ETLProcess/OracleClient/ojdbc8.jar
[2024-01-13T15:29:13.308+0200] {processor.py:830} INFO - Processing file /Users/angel.georgiev/airflow/dags/ETLProcess/OracleClient/ojdbc8.jar for tasks to queue
[2024-01-13T15:29:13.309+0200] {logging_mixin.py:188} INFO - [2024-01-13T15:29:13.308+0200] {dagbag.py:538} INFO - Filling up the DagBag from /Users/angel.georgiev/airflow/dags/ETLProcess/OracleClient/ojdbc8.jar
[2024-01-13T15:29:13.376+0200] {processor.py:842} WARNING - No viable dags retrieved from /Users/angel.georgiev/airflow/dags/ETLProcess/OracleClient/ojdbc8.jar
[2024-01-13T15:29:13.462+0200] {processor.py:183} INFO - Processing /Users/angel.georgiev/airflow/dags/ETLProcess/OracleClient/ojdbc8.jar took 0.161 seconds
[2024-01-13T15:31:47.308+0200] {processor.py:161} INFO - Started process (PID=43543) to work on /Users/angel.georgiev/airflow/dags/ETLProcess/OracleClient/ojdbc8.jar
[2024-01-13T15:31:47.313+0200] {processor.py:830} INFO - Processing file /Users/angel.georgiev/airflow/dags/ETLProcess/OracleClient/ojdbc8.jar for tasks to queue
[2024-01-13T15:31:47.314+0200] {logging_mixin.py:188} INFO - [2024-01-13T15:31:47.313+0200] {dagbag.py:538} INFO - Filling up the DagBag from /Users/angel.georgiev/airflow/dags/ETLProcess/OracleClient/ojdbc8.jar
[2024-01-13T15:31:47.407+0200] {processor.py:842} WARNING - No viable dags retrieved from /Users/angel.georgiev/airflow/dags/ETLProcess/OracleClient/ojdbc8.jar
[2024-01-13T15:31:47.529+0200] {processor.py:183} INFO - Processing /Users/angel.georgiev/airflow/dags/ETLProcess/OracleClient/ojdbc8.jar took 0.222 seconds
[2024-01-13T15:34:48.282+0200] {processor.py:161} INFO - Started process (PID=43797) to work on /Users/angel.georgiev/airflow/dags/ETLProcess/OracleClient/ojdbc8.jar
[2024-01-13T15:34:48.287+0200] {processor.py:830} INFO - Processing file /Users/angel.georgiev/airflow/dags/ETLProcess/OracleClient/ojdbc8.jar for tasks to queue
[2024-01-13T15:34:48.287+0200] {logging_mixin.py:188} INFO - [2024-01-13T15:34:48.287+0200] {dagbag.py:538} INFO - Filling up the DagBag from /Users/angel.georgiev/airflow/dags/ETLProcess/OracleClient/ojdbc8.jar
[2024-01-13T15:34:48.357+0200] {processor.py:842} WARNING - No viable dags retrieved from /Users/angel.georgiev/airflow/dags/ETLProcess/OracleClient/ojdbc8.jar
[2024-01-13T15:34:48.490+0200] {processor.py:183} INFO - Processing /Users/angel.georgiev/airflow/dags/ETLProcess/OracleClient/ojdbc8.jar took 0.209 seconds
[2024-01-13T15:37:05.540+0200] {processor.py:161} INFO - Started process (PID=43940) to work on /Users/angel.georgiev/airflow/dags/ETLProcess/OracleClient/ojdbc8.jar
[2024-01-13T15:37:05.547+0200] {processor.py:830} INFO - Processing file /Users/angel.georgiev/airflow/dags/ETLProcess/OracleClient/ojdbc8.jar for tasks to queue
[2024-01-13T15:37:05.548+0200] {logging_mixin.py:188} INFO - [2024-01-13T15:37:05.548+0200] {dagbag.py:538} INFO - Filling up the DagBag from /Users/angel.georgiev/airflow/dags/ETLProcess/OracleClient/ojdbc8.jar
[2024-01-13T15:37:05.647+0200] {processor.py:842} WARNING - No viable dags retrieved from /Users/angel.georgiev/airflow/dags/ETLProcess/OracleClient/ojdbc8.jar
[2024-01-13T15:37:05.779+0200] {processor.py:183} INFO - Processing /Users/angel.georgiev/airflow/dags/ETLProcess/OracleClient/ojdbc8.jar took 0.241 seconds
[2024-01-13T15:37:32.566+0200] {processor.py:161} INFO - Started process (PID=43992) to work on /Users/angel.georgiev/airflow/dags/ETLProcess/OracleClient/ojdbc8.jar
[2024-01-13T15:37:32.571+0200] {processor.py:830} INFO - Processing file /Users/angel.georgiev/airflow/dags/ETLProcess/OracleClient/ojdbc8.jar for tasks to queue
[2024-01-13T15:37:32.572+0200] {logging_mixin.py:188} INFO - [2024-01-13T15:37:32.571+0200] {dagbag.py:538} INFO - Filling up the DagBag from /Users/angel.georgiev/airflow/dags/ETLProcess/OracleClient/ojdbc8.jar
[2024-01-13T15:37:32.641+0200] {processor.py:842} WARNING - No viable dags retrieved from /Users/angel.georgiev/airflow/dags/ETLProcess/OracleClient/ojdbc8.jar
[2024-01-13T15:37:32.736+0200] {processor.py:183} INFO - Processing /Users/angel.georgiev/airflow/dags/ETLProcess/OracleClient/ojdbc8.jar took 0.172 seconds
[2024-01-13T15:38:10.907+0200] {processor.py:161} INFO - Started process (PID=44029) to work on /Users/angel.georgiev/airflow/dags/ETLProcess/OracleClient/ojdbc8.jar
[2024-01-13T15:38:10.912+0200] {processor.py:830} INFO - Processing file /Users/angel.georgiev/airflow/dags/ETLProcess/OracleClient/ojdbc8.jar for tasks to queue
[2024-01-13T15:38:10.912+0200] {logging_mixin.py:188} INFO - [2024-01-13T15:38:10.912+0200] {dagbag.py:538} INFO - Filling up the DagBag from /Users/angel.georgiev/airflow/dags/ETLProcess/OracleClient/ojdbc8.jar
[2024-01-13T15:38:10.981+0200] {processor.py:842} WARNING - No viable dags retrieved from /Users/angel.georgiev/airflow/dags/ETLProcess/OracleClient/ojdbc8.jar
[2024-01-13T15:38:11.068+0200] {processor.py:183} INFO - Processing /Users/angel.georgiev/airflow/dags/ETLProcess/OracleClient/ojdbc8.jar took 0.163 seconds
[2024-01-13T17:09:18.047+0200] {processor.py:161} INFO - Started process (PID=44408) to work on /Users/angel.georgiev/airflow/dags/ETLProcess/OracleClient/ojdbc8.jar
[2024-01-13T17:09:18.051+0200] {processor.py:830} INFO - Processing file /Users/angel.georgiev/airflow/dags/ETLProcess/OracleClient/ojdbc8.jar for tasks to queue
[2024-01-13T17:09:18.051+0200] {logging_mixin.py:188} INFO - [2024-01-13T17:09:18.051+0200] {dagbag.py:538} INFO - Filling up the DagBag from /Users/angel.georgiev/airflow/dags/ETLProcess/OracleClient/ojdbc8.jar
[2024-01-13T17:09:18.118+0200] {processor.py:842} WARNING - No viable dags retrieved from /Users/angel.georgiev/airflow/dags/ETLProcess/OracleClient/ojdbc8.jar
[2024-01-13T17:09:18.195+0200] {processor.py:183} INFO - Processing /Users/angel.georgiev/airflow/dags/ETLProcess/OracleClient/ojdbc8.jar took 0.149 seconds
[2024-01-13T23:48:37.143+0200] {processor.py:161} INFO - Started process (PID=45469) to work on /Users/angel.georgiev/airflow/dags/ETLProcess/OracleClient/ojdbc8.jar
[2024-01-13T23:48:37.148+0200] {processor.py:830} INFO - Processing file /Users/angel.georgiev/airflow/dags/ETLProcess/OracleClient/ojdbc8.jar for tasks to queue
[2024-01-13T23:48:37.149+0200] {logging_mixin.py:188} INFO - [2024-01-13T23:48:37.149+0200] {dagbag.py:538} INFO - Filling up the DagBag from /Users/angel.georgiev/airflow/dags/ETLProcess/OracleClient/ojdbc8.jar
[2024-01-13T23:48:37.208+0200] {processor.py:842} WARNING - No viable dags retrieved from /Users/angel.georgiev/airflow/dags/ETLProcess/OracleClient/ojdbc8.jar
[2024-01-13T23:48:37.282+0200] {processor.py:183} INFO - Processing /Users/angel.georgiev/airflow/dags/ETLProcess/OracleClient/ojdbc8.jar took 0.141 seconds
[2024-01-14T00:35:07.801+0200] {processor.py:161} INFO - Started process (PID=45822) to work on /Users/angel.georgiev/airflow/dags/ETLProcess/OracleClient/ojdbc8.jar
[2024-01-14T00:35:07.806+0200] {processor.py:830} INFO - Processing file /Users/angel.georgiev/airflow/dags/ETLProcess/OracleClient/ojdbc8.jar for tasks to queue
[2024-01-14T00:35:07.806+0200] {logging_mixin.py:188} INFO - [2024-01-14T00:35:07.806+0200] {dagbag.py:538} INFO - Filling up the DagBag from /Users/angel.georgiev/airflow/dags/ETLProcess/OracleClient/ojdbc8.jar
[2024-01-14T00:35:07.879+0200] {processor.py:842} WARNING - No viable dags retrieved from /Users/angel.georgiev/airflow/dags/ETLProcess/OracleClient/ojdbc8.jar
[2024-01-14T00:35:07.965+0200] {processor.py:183} INFO - Processing /Users/angel.georgiev/airflow/dags/ETLProcess/OracleClient/ojdbc8.jar took 0.167 seconds
[2024-01-14T00:37:50.720+0200] {processor.py:161} INFO - Started process (PID=46418) to work on /Users/angel.georgiev/airflow/dags/ETLProcess/OracleClient/ojdbc8.jar
[2024-01-14T00:37:50.724+0200] {processor.py:830} INFO - Processing file /Users/angel.georgiev/airflow/dags/ETLProcess/OracleClient/ojdbc8.jar for tasks to queue
[2024-01-14T00:37:50.725+0200] {logging_mixin.py:188} INFO - [2024-01-14T00:37:50.725+0200] {dagbag.py:538} INFO - Filling up the DagBag from /Users/angel.georgiev/airflow/dags/ETLProcess/OracleClient/ojdbc8.jar
[2024-01-14T00:37:50.795+0200] {processor.py:842} WARNING - No viable dags retrieved from /Users/angel.georgiev/airflow/dags/ETLProcess/OracleClient/ojdbc8.jar
[2024-01-14T00:37:50.877+0200] {processor.py:183} INFO - Processing /Users/angel.georgiev/airflow/dags/ETLProcess/OracleClient/ojdbc8.jar took 0.159 seconds
[2024-01-14T00:40:09.919+0200] {processor.py:161} INFO - Started process (PID=46517) to work on /Users/angel.georgiev/airflow/dags/ETLProcess/OracleClient/ojdbc8.jar
[2024-01-14T00:40:09.923+0200] {processor.py:830} INFO - Processing file /Users/angel.georgiev/airflow/dags/ETLProcess/OracleClient/ojdbc8.jar for tasks to queue
[2024-01-14T00:40:09.924+0200] {logging_mixin.py:188} INFO - [2024-01-14T00:40:09.923+0200] {dagbag.py:538} INFO - Filling up the DagBag from /Users/angel.georgiev/airflow/dags/ETLProcess/OracleClient/ojdbc8.jar
[2024-01-14T00:40:09.990+0200] {processor.py:842} WARNING - No viable dags retrieved from /Users/angel.georgiev/airflow/dags/ETLProcess/OracleClient/ojdbc8.jar
[2024-01-14T00:40:10.068+0200] {processor.py:183} INFO - Processing /Users/angel.georgiev/airflow/dags/ETLProcess/OracleClient/ojdbc8.jar took 0.151 seconds
[2024-01-14T00:42:45.257+0200] {processor.py:161} INFO - Started process (PID=46705) to work on /Users/angel.georgiev/airflow/dags/ETLProcess/OracleClient/ojdbc8.jar
[2024-01-14T00:42:45.262+0200] {processor.py:830} INFO - Processing file /Users/angel.georgiev/airflow/dags/ETLProcess/OracleClient/ojdbc8.jar for tasks to queue
[2024-01-14T00:42:45.263+0200] {logging_mixin.py:188} INFO - [2024-01-14T00:42:45.262+0200] {dagbag.py:538} INFO - Filling up the DagBag from /Users/angel.georgiev/airflow/dags/ETLProcess/OracleClient/ojdbc8.jar
[2024-01-14T00:42:45.334+0200] {processor.py:842} WARNING - No viable dags retrieved from /Users/angel.georgiev/airflow/dags/ETLProcess/OracleClient/ojdbc8.jar
[2024-01-14T00:42:45.418+0200] {processor.py:183} INFO - Processing /Users/angel.georgiev/airflow/dags/ETLProcess/OracleClient/ojdbc8.jar took 0.162 seconds
[2024-01-14T00:45:26.570+0200] {processor.py:161} INFO - Started process (PID=46949) to work on /Users/angel.georgiev/airflow/dags/ETLProcess/OracleClient/ojdbc8.jar
[2024-01-14T00:45:26.574+0200] {processor.py:830} INFO - Processing file /Users/angel.georgiev/airflow/dags/ETLProcess/OracleClient/ojdbc8.jar for tasks to queue
[2024-01-14T00:45:26.575+0200] {logging_mixin.py:188} INFO - [2024-01-14T00:45:26.575+0200] {dagbag.py:538} INFO - Filling up the DagBag from /Users/angel.georgiev/airflow/dags/ETLProcess/OracleClient/ojdbc8.jar
[2024-01-14T00:45:26.646+0200] {processor.py:842} WARNING - No viable dags retrieved from /Users/angel.georgiev/airflow/dags/ETLProcess/OracleClient/ojdbc8.jar
[2024-01-14T00:45:26.733+0200] {processor.py:183} INFO - Processing /Users/angel.georgiev/airflow/dags/ETLProcess/OracleClient/ojdbc8.jar took 0.164 seconds
[2024-01-14T00:48:12.084+0200] {processor.py:161} INFO - Started process (PID=47062) to work on /Users/angel.georgiev/airflow/dags/ETLProcess/OracleClient/ojdbc8.jar
[2024-01-14T00:48:12.088+0200] {processor.py:830} INFO - Processing file /Users/angel.georgiev/airflow/dags/ETLProcess/OracleClient/ojdbc8.jar for tasks to queue
[2024-01-14T00:48:12.089+0200] {logging_mixin.py:188} INFO - [2024-01-14T00:48:12.088+0200] {dagbag.py:538} INFO - Filling up the DagBag from /Users/angel.georgiev/airflow/dags/ETLProcess/OracleClient/ojdbc8.jar
[2024-01-14T00:48:12.160+0200] {processor.py:842} WARNING - No viable dags retrieved from /Users/angel.georgiev/airflow/dags/ETLProcess/OracleClient/ojdbc8.jar
[2024-01-14T00:48:12.241+0200] {processor.py:183} INFO - Processing /Users/angel.georgiev/airflow/dags/ETLProcess/OracleClient/ojdbc8.jar took 0.159 seconds
[2024-01-14T00:50:43.505+0200] {processor.py:161} INFO - Started process (PID=47207) to work on /Users/angel.georgiev/airflow/dags/ETLProcess/OracleClient/ojdbc8.jar
[2024-01-14T00:50:43.510+0200] {processor.py:830} INFO - Processing file /Users/angel.georgiev/airflow/dags/ETLProcess/OracleClient/ojdbc8.jar for tasks to queue
[2024-01-14T00:50:43.511+0200] {logging_mixin.py:188} INFO - [2024-01-14T00:50:43.511+0200] {dagbag.py:538} INFO - Filling up the DagBag from /Users/angel.georgiev/airflow/dags/ETLProcess/OracleClient/ojdbc8.jar
[2024-01-14T00:50:43.630+0200] {processor.py:842} WARNING - No viable dags retrieved from /Users/angel.georgiev/airflow/dags/ETLProcess/OracleClient/ojdbc8.jar
[2024-01-14T00:50:43.763+0200] {processor.py:183} INFO - Processing /Users/angel.georgiev/airflow/dags/ETLProcess/OracleClient/ojdbc8.jar took 0.259 seconds
