[2024-01-12T16:44:02.610+0200] {processor.py:161} INFO - Started process (PID=3640) to work on /Library/Frameworks/Python.framework/Versions/3.10/lib/python3.10/site-packages/airflow/example_dags/example_dag_decorator.py
[2024-01-12T16:44:02.614+0200] {processor.py:830} INFO - Processing file /Library/Frameworks/Python.framework/Versions/3.10/lib/python3.10/site-packages/airflow/example_dags/example_dag_decorator.py for tasks to queue
[2024-01-12T16:44:02.615+0200] {logging_mixin.py:188} INFO - [2024-01-12T16:44:02.615+0200] {dagbag.py:538} INFO - Filling up the DagBag from /Library/Frameworks/Python.framework/Versions/3.10/lib/python3.10/site-packages/airflow/example_dags/example_dag_decorator.py
[2024-01-12T16:44:02.877+0200] {processor.py:840} INFO - DAG(s) 'example_dag_decorator' retrieved from /Library/Frameworks/Python.framework/Versions/3.10/lib/python3.10/site-packages/airflow/example_dags/example_dag_decorator.py
[2024-01-12T16:44:03.044+0200] {logging_mixin.py:188} INFO - [2024-01-12T16:44:03.043+0200] {dag.py:3033} INFO - Sync 1 DAGs
[2024-01-12T16:44:03.050+0200] {logging_mixin.py:188} INFO - [2024-01-12T16:44:03.050+0200] {dag.py:3820} INFO - Setting next_dagrun for example_dag_decorator to None, run_after=None
[2024-01-12T16:44:03.069+0200] {processor.py:183} INFO - Processing /Library/Frameworks/Python.framework/Versions/3.10/lib/python3.10/site-packages/airflow/example_dags/example_dag_decorator.py took 0.459 seconds
[2024-01-12T16:48:08.186+0200] {processor.py:161} INFO - Started process (PID=3896) to work on /Library/Frameworks/Python.framework/Versions/3.10/lib/python3.10/site-packages/airflow/example_dags/example_dag_decorator.py
[2024-01-12T16:48:08.191+0200] {processor.py:830} INFO - Processing file /Library/Frameworks/Python.framework/Versions/3.10/lib/python3.10/site-packages/airflow/example_dags/example_dag_decorator.py for tasks to queue
[2024-01-12T16:48:08.192+0200] {logging_mixin.py:188} INFO - [2024-01-12T16:48:08.191+0200] {dagbag.py:538} INFO - Filling up the DagBag from /Library/Frameworks/Python.framework/Versions/3.10/lib/python3.10/site-packages/airflow/example_dags/example_dag_decorator.py
[2024-01-12T16:48:08.479+0200] {processor.py:840} INFO - DAG(s) 'example_dag_decorator' retrieved from /Library/Frameworks/Python.framework/Versions/3.10/lib/python3.10/site-packages/airflow/example_dags/example_dag_decorator.py
[2024-01-12T16:48:08.688+0200] {logging_mixin.py:188} INFO - [2024-01-12T16:48:08.688+0200] {dag.py:3033} INFO - Sync 1 DAGs
[2024-01-12T16:48:08.695+0200] {logging_mixin.py:188} INFO - [2024-01-12T16:48:08.695+0200] {dag.py:3820} INFO - Setting next_dagrun for example_dag_decorator to None, run_after=None
[2024-01-12T16:48:08.713+0200] {processor.py:183} INFO - Processing /Library/Frameworks/Python.framework/Versions/3.10/lib/python3.10/site-packages/airflow/example_dags/example_dag_decorator.py took 0.528 seconds
[2024-01-12T16:51:55.776+0200] {processor.py:161} INFO - Started process (PID=4154) to work on /Library/Frameworks/Python.framework/Versions/3.10/lib/python3.10/site-packages/airflow/example_dags/example_dag_decorator.py
[2024-01-12T16:51:55.781+0200] {processor.py:830} INFO - Processing file /Library/Frameworks/Python.framework/Versions/3.10/lib/python3.10/site-packages/airflow/example_dags/example_dag_decorator.py for tasks to queue
[2024-01-12T16:51:55.781+0200] {logging_mixin.py:188} INFO - [2024-01-12T16:51:55.781+0200] {dagbag.py:538} INFO - Filling up the DagBag from /Library/Frameworks/Python.framework/Versions/3.10/lib/python3.10/site-packages/airflow/example_dags/example_dag_decorator.py
[2024-01-12T16:51:56.070+0200] {processor.py:840} INFO - DAG(s) 'example_dag_decorator' retrieved from /Library/Frameworks/Python.framework/Versions/3.10/lib/python3.10/site-packages/airflow/example_dags/example_dag_decorator.py
[2024-01-12T16:51:56.274+0200] {logging_mixin.py:188} INFO - [2024-01-12T16:51:56.273+0200] {dag.py:3033} INFO - Sync 1 DAGs
[2024-01-12T16:51:56.281+0200] {logging_mixin.py:188} INFO - [2024-01-12T16:51:56.281+0200] {dag.py:3820} INFO - Setting next_dagrun for example_dag_decorator to None, run_after=None
[2024-01-12T16:51:56.299+0200] {processor.py:183} INFO - Processing /Library/Frameworks/Python.framework/Versions/3.10/lib/python3.10/site-packages/airflow/example_dags/example_dag_decorator.py took 0.524 seconds
[2024-01-12T16:56:14.054+0200] {processor.py:161} INFO - Started process (PID=4493) to work on /Library/Frameworks/Python.framework/Versions/3.10/lib/python3.10/site-packages/airflow/example_dags/example_dag_decorator.py
[2024-01-12T16:56:14.061+0200] {processor.py:830} INFO - Processing file /Library/Frameworks/Python.framework/Versions/3.10/lib/python3.10/site-packages/airflow/example_dags/example_dag_decorator.py for tasks to queue
[2024-01-12T16:56:14.062+0200] {logging_mixin.py:188} INFO - [2024-01-12T16:56:14.062+0200] {dagbag.py:538} INFO - Filling up the DagBag from /Library/Frameworks/Python.framework/Versions/3.10/lib/python3.10/site-packages/airflow/example_dags/example_dag_decorator.py
[2024-01-12T16:56:14.385+0200] {processor.py:840} INFO - DAG(s) 'example_dag_decorator' retrieved from /Library/Frameworks/Python.framework/Versions/3.10/lib/python3.10/site-packages/airflow/example_dags/example_dag_decorator.py
[2024-01-12T16:56:14.740+0200] {logging_mixin.py:188} INFO - [2024-01-12T16:56:14.740+0200] {dag.py:3033} INFO - Sync 1 DAGs
[2024-01-12T16:56:14.748+0200] {logging_mixin.py:188} INFO - [2024-01-12T16:56:14.748+0200] {dag.py:3820} INFO - Setting next_dagrun for example_dag_decorator to None, run_after=None
[2024-01-12T16:56:14.770+0200] {processor.py:183} INFO - Processing /Library/Frameworks/Python.framework/Versions/3.10/lib/python3.10/site-packages/airflow/example_dags/example_dag_decorator.py took 0.717 seconds
[2024-01-12T17:00:15.409+0200] {processor.py:161} INFO - Started process (PID=4698) to work on /Library/Frameworks/Python.framework/Versions/3.10/lib/python3.10/site-packages/airflow/example_dags/example_dag_decorator.py
[2024-01-12T17:00:15.413+0200] {processor.py:830} INFO - Processing file /Library/Frameworks/Python.framework/Versions/3.10/lib/python3.10/site-packages/airflow/example_dags/example_dag_decorator.py for tasks to queue
[2024-01-12T17:00:15.414+0200] {logging_mixin.py:188} INFO - [2024-01-12T17:00:15.414+0200] {dagbag.py:538} INFO - Filling up the DagBag from /Library/Frameworks/Python.framework/Versions/3.10/lib/python3.10/site-packages/airflow/example_dags/example_dag_decorator.py
[2024-01-12T17:00:15.688+0200] {processor.py:840} INFO - DAG(s) 'example_dag_decorator' retrieved from /Library/Frameworks/Python.framework/Versions/3.10/lib/python3.10/site-packages/airflow/example_dags/example_dag_decorator.py
[2024-01-12T17:00:15.907+0200] {logging_mixin.py:188} INFO - [2024-01-12T17:00:15.906+0200] {dag.py:3033} INFO - Sync 1 DAGs
[2024-01-12T17:00:15.914+0200] {logging_mixin.py:188} INFO - [2024-01-12T17:00:15.914+0200] {dag.py:3820} INFO - Setting next_dagrun for example_dag_decorator to None, run_after=None
[2024-01-12T17:00:15.931+0200] {processor.py:183} INFO - Processing /Library/Frameworks/Python.framework/Versions/3.10/lib/python3.10/site-packages/airflow/example_dags/example_dag_decorator.py took 0.524 seconds
[2024-01-12T17:02:59.128+0200] {processor.py:161} INFO - Started process (PID=4863) to work on /Library/Frameworks/Python.framework/Versions/3.10/lib/python3.10/site-packages/airflow/example_dags/example_dag_decorator.py
[2024-01-12T17:02:59.132+0200] {processor.py:830} INFO - Processing file /Library/Frameworks/Python.framework/Versions/3.10/lib/python3.10/site-packages/airflow/example_dags/example_dag_decorator.py for tasks to queue
[2024-01-12T17:02:59.132+0200] {logging_mixin.py:188} INFO - [2024-01-12T17:02:59.132+0200] {dagbag.py:538} INFO - Filling up the DagBag from /Library/Frameworks/Python.framework/Versions/3.10/lib/python3.10/site-packages/airflow/example_dags/example_dag_decorator.py
[2024-01-12T17:02:59.392+0200] {processor.py:840} INFO - DAG(s) 'example_dag_decorator' retrieved from /Library/Frameworks/Python.framework/Versions/3.10/lib/python3.10/site-packages/airflow/example_dags/example_dag_decorator.py
[2024-01-12T17:02:59.595+0200] {logging_mixin.py:188} INFO - [2024-01-12T17:02:59.594+0200] {dag.py:3033} INFO - Sync 1 DAGs
[2024-01-12T17:02:59.602+0200] {logging_mixin.py:188} INFO - [2024-01-12T17:02:59.602+0200] {dag.py:3820} INFO - Setting next_dagrun for example_dag_decorator to None, run_after=None
[2024-01-12T17:02:59.623+0200] {processor.py:183} INFO - Processing /Library/Frameworks/Python.framework/Versions/3.10/lib/python3.10/site-packages/airflow/example_dags/example_dag_decorator.py took 0.496 seconds
[2024-01-12T17:07:17.391+0200] {processor.py:161} INFO - Started process (PID=5168) to work on /Library/Frameworks/Python.framework/Versions/3.10/lib/python3.10/site-packages/airflow/example_dags/example_dag_decorator.py
[2024-01-12T17:07:17.396+0200] {processor.py:830} INFO - Processing file /Library/Frameworks/Python.framework/Versions/3.10/lib/python3.10/site-packages/airflow/example_dags/example_dag_decorator.py for tasks to queue
[2024-01-12T17:07:17.396+0200] {logging_mixin.py:188} INFO - [2024-01-12T17:07:17.396+0200] {dagbag.py:538} INFO - Filling up the DagBag from /Library/Frameworks/Python.framework/Versions/3.10/lib/python3.10/site-packages/airflow/example_dags/example_dag_decorator.py
[2024-01-12T17:07:17.680+0200] {processor.py:840} INFO - DAG(s) 'example_dag_decorator' retrieved from /Library/Frameworks/Python.framework/Versions/3.10/lib/python3.10/site-packages/airflow/example_dags/example_dag_decorator.py
[2024-01-12T17:07:17.880+0200] {logging_mixin.py:188} INFO - [2024-01-12T17:07:17.880+0200] {dag.py:3033} INFO - Sync 1 DAGs
[2024-01-12T17:07:17.887+0200] {logging_mixin.py:188} INFO - [2024-01-12T17:07:17.887+0200] {dag.py:3820} INFO - Setting next_dagrun for example_dag_decorator to None, run_after=None
[2024-01-12T17:07:17.905+0200] {processor.py:183} INFO - Processing /Library/Frameworks/Python.framework/Versions/3.10/lib/python3.10/site-packages/airflow/example_dags/example_dag_decorator.py took 0.515 seconds
[2024-01-12T17:11:28.615+0200] {processor.py:161} INFO - Started process (PID=5486) to work on /Library/Frameworks/Python.framework/Versions/3.10/lib/python3.10/site-packages/airflow/example_dags/example_dag_decorator.py
[2024-01-12T17:11:28.619+0200] {processor.py:830} INFO - Processing file /Library/Frameworks/Python.framework/Versions/3.10/lib/python3.10/site-packages/airflow/example_dags/example_dag_decorator.py for tasks to queue
[2024-01-12T17:11:28.619+0200] {logging_mixin.py:188} INFO - [2024-01-12T17:11:28.619+0200] {dagbag.py:538} INFO - Filling up the DagBag from /Library/Frameworks/Python.framework/Versions/3.10/lib/python3.10/site-packages/airflow/example_dags/example_dag_decorator.py
[2024-01-12T17:11:28.910+0200] {processor.py:840} INFO - DAG(s) 'example_dag_decorator' retrieved from /Library/Frameworks/Python.framework/Versions/3.10/lib/python3.10/site-packages/airflow/example_dags/example_dag_decorator.py
[2024-01-12T17:11:29.115+0200] {logging_mixin.py:188} INFO - [2024-01-12T17:11:29.115+0200] {dag.py:3033} INFO - Sync 1 DAGs
[2024-01-12T17:11:29.122+0200] {logging_mixin.py:188} INFO - [2024-01-12T17:11:29.122+0200] {dag.py:3820} INFO - Setting next_dagrun for example_dag_decorator to None, run_after=None
[2024-01-12T17:11:29.139+0200] {processor.py:183} INFO - Processing /Library/Frameworks/Python.framework/Versions/3.10/lib/python3.10/site-packages/airflow/example_dags/example_dag_decorator.py took 0.526 seconds
[2024-01-12T17:15:54.503+0200] {processor.py:161} INFO - Started process (PID=5681) to work on /Library/Frameworks/Python.framework/Versions/3.10/lib/python3.10/site-packages/airflow/example_dags/example_dag_decorator.py
[2024-01-12T17:15:54.508+0200] {processor.py:830} INFO - Processing file /Library/Frameworks/Python.framework/Versions/3.10/lib/python3.10/site-packages/airflow/example_dags/example_dag_decorator.py for tasks to queue
[2024-01-12T17:15:54.509+0200] {logging_mixin.py:188} INFO - [2024-01-12T17:15:54.509+0200] {dagbag.py:538} INFO - Filling up the DagBag from /Library/Frameworks/Python.framework/Versions/3.10/lib/python3.10/site-packages/airflow/example_dags/example_dag_decorator.py
[2024-01-12T17:15:54.789+0200] {processor.py:840} INFO - DAG(s) 'example_dag_decorator' retrieved from /Library/Frameworks/Python.framework/Versions/3.10/lib/python3.10/site-packages/airflow/example_dags/example_dag_decorator.py
[2024-01-12T17:15:55.009+0200] {logging_mixin.py:188} INFO - [2024-01-12T17:15:55.008+0200] {dag.py:3033} INFO - Sync 1 DAGs
[2024-01-12T17:15:55.017+0200] {logging_mixin.py:188} INFO - [2024-01-12T17:15:55.017+0200] {dag.py:3820} INFO - Setting next_dagrun for example_dag_decorator to None, run_after=None
[2024-01-12T17:15:55.042+0200] {processor.py:183} INFO - Processing /Library/Frameworks/Python.framework/Versions/3.10/lib/python3.10/site-packages/airflow/example_dags/example_dag_decorator.py took 0.540 seconds
[2024-01-12T17:20:18.280+0200] {processor.py:161} INFO - Started process (PID=5965) to work on /Library/Frameworks/Python.framework/Versions/3.10/lib/python3.10/site-packages/airflow/example_dags/example_dag_decorator.py
[2024-01-12T17:20:18.285+0200] {processor.py:830} INFO - Processing file /Library/Frameworks/Python.framework/Versions/3.10/lib/python3.10/site-packages/airflow/example_dags/example_dag_decorator.py for tasks to queue
[2024-01-12T17:20:18.285+0200] {logging_mixin.py:188} INFO - [2024-01-12T17:20:18.285+0200] {dagbag.py:538} INFO - Filling up the DagBag from /Library/Frameworks/Python.framework/Versions/3.10/lib/python3.10/site-packages/airflow/example_dags/example_dag_decorator.py
[2024-01-12T17:20:18.561+0200] {processor.py:840} INFO - DAG(s) 'example_dag_decorator' retrieved from /Library/Frameworks/Python.framework/Versions/3.10/lib/python3.10/site-packages/airflow/example_dags/example_dag_decorator.py
[2024-01-12T17:20:18.785+0200] {logging_mixin.py:188} INFO - [2024-01-12T17:20:18.785+0200] {dag.py:3033} INFO - Sync 1 DAGs
[2024-01-12T17:20:18.792+0200] {logging_mixin.py:188} INFO - [2024-01-12T17:20:18.792+0200] {dag.py:3820} INFO - Setting next_dagrun for example_dag_decorator to None, run_after=None
[2024-01-12T17:20:18.811+0200] {processor.py:183} INFO - Processing /Library/Frameworks/Python.framework/Versions/3.10/lib/python3.10/site-packages/airflow/example_dags/example_dag_decorator.py took 0.533 seconds
[2024-01-12T17:24:41.338+0200] {processor.py:161} INFO - Started process (PID=6147) to work on /Library/Frameworks/Python.framework/Versions/3.10/lib/python3.10/site-packages/airflow/example_dags/example_dag_decorator.py
[2024-01-12T17:24:41.343+0200] {processor.py:830} INFO - Processing file /Library/Frameworks/Python.framework/Versions/3.10/lib/python3.10/site-packages/airflow/example_dags/example_dag_decorator.py for tasks to queue
[2024-01-12T17:24:41.343+0200] {logging_mixin.py:188} INFO - [2024-01-12T17:24:41.343+0200] {dagbag.py:538} INFO - Filling up the DagBag from /Library/Frameworks/Python.framework/Versions/3.10/lib/python3.10/site-packages/airflow/example_dags/example_dag_decorator.py
[2024-01-12T17:24:41.622+0200] {processor.py:840} INFO - DAG(s) 'example_dag_decorator' retrieved from /Library/Frameworks/Python.framework/Versions/3.10/lib/python3.10/site-packages/airflow/example_dags/example_dag_decorator.py
[2024-01-12T17:24:41.838+0200] {logging_mixin.py:188} INFO - [2024-01-12T17:24:41.837+0200] {dag.py:3033} INFO - Sync 1 DAGs
[2024-01-12T17:24:41.844+0200] {logging_mixin.py:188} INFO - [2024-01-12T17:24:41.844+0200] {dag.py:3820} INFO - Setting next_dagrun for example_dag_decorator to None, run_after=None
[2024-01-12T17:24:41.862+0200] {processor.py:183} INFO - Processing /Library/Frameworks/Python.framework/Versions/3.10/lib/python3.10/site-packages/airflow/example_dags/example_dag_decorator.py took 0.526 seconds
[2024-01-12T17:28:26.480+0200] {processor.py:161} INFO - Started process (PID=6398) to work on /Library/Frameworks/Python.framework/Versions/3.10/lib/python3.10/site-packages/airflow/example_dags/example_dag_decorator.py
[2024-01-12T17:28:26.483+0200] {processor.py:830} INFO - Processing file /Library/Frameworks/Python.framework/Versions/3.10/lib/python3.10/site-packages/airflow/example_dags/example_dag_decorator.py for tasks to queue
[2024-01-12T17:28:26.484+0200] {logging_mixin.py:188} INFO - [2024-01-12T17:28:26.484+0200] {dagbag.py:538} INFO - Filling up the DagBag from /Library/Frameworks/Python.framework/Versions/3.10/lib/python3.10/site-packages/airflow/example_dags/example_dag_decorator.py
[2024-01-12T17:28:26.689+0200] {processor.py:840} INFO - DAG(s) 'example_dag_decorator' retrieved from /Library/Frameworks/Python.framework/Versions/3.10/lib/python3.10/site-packages/airflow/example_dags/example_dag_decorator.py
[2024-01-12T17:28:26.855+0200] {logging_mixin.py:188} INFO - [2024-01-12T17:28:26.854+0200] {dag.py:3033} INFO - Sync 1 DAGs
[2024-01-12T17:28:26.862+0200] {logging_mixin.py:188} INFO - [2024-01-12T17:28:26.861+0200] {dag.py:3820} INFO - Setting next_dagrun for example_dag_decorator to None, run_after=None
[2024-01-12T17:28:26.880+0200] {processor.py:183} INFO - Processing /Library/Frameworks/Python.framework/Versions/3.10/lib/python3.10/site-packages/airflow/example_dags/example_dag_decorator.py took 0.402 seconds
[2024-01-12T17:32:01.694+0200] {processor.py:161} INFO - Started process (PID=6666) to work on /Library/Frameworks/Python.framework/Versions/3.10/lib/python3.10/site-packages/airflow/example_dags/example_dag_decorator.py
[2024-01-12T17:32:01.699+0200] {processor.py:830} INFO - Processing file /Library/Frameworks/Python.framework/Versions/3.10/lib/python3.10/site-packages/airflow/example_dags/example_dag_decorator.py for tasks to queue
[2024-01-12T17:32:01.699+0200] {logging_mixin.py:188} INFO - [2024-01-12T17:32:01.699+0200] {dagbag.py:538} INFO - Filling up the DagBag from /Library/Frameworks/Python.framework/Versions/3.10/lib/python3.10/site-packages/airflow/example_dags/example_dag_decorator.py
[2024-01-12T17:32:01.903+0200] {processor.py:840} INFO - DAG(s) 'example_dag_decorator' retrieved from /Library/Frameworks/Python.framework/Versions/3.10/lib/python3.10/site-packages/airflow/example_dags/example_dag_decorator.py
[2024-01-12T17:32:02.068+0200] {logging_mixin.py:188} INFO - [2024-01-12T17:32:02.068+0200] {dag.py:3033} INFO - Sync 1 DAGs
[2024-01-12T17:32:02.075+0200] {logging_mixin.py:188} INFO - [2024-01-12T17:32:02.075+0200] {dag.py:3820} INFO - Setting next_dagrun for example_dag_decorator to None, run_after=None
[2024-01-12T17:32:02.093+0200] {processor.py:183} INFO - Processing /Library/Frameworks/Python.framework/Versions/3.10/lib/python3.10/site-packages/airflow/example_dags/example_dag_decorator.py took 0.400 seconds
[2024-01-12T17:35:52.821+0200] {processor.py:161} INFO - Started process (PID=6870) to work on /Library/Frameworks/Python.framework/Versions/3.10/lib/python3.10/site-packages/airflow/example_dags/example_dag_decorator.py
[2024-01-12T17:35:52.826+0200] {processor.py:830} INFO - Processing file /Library/Frameworks/Python.framework/Versions/3.10/lib/python3.10/site-packages/airflow/example_dags/example_dag_decorator.py for tasks to queue
[2024-01-12T17:35:52.826+0200] {logging_mixin.py:188} INFO - [2024-01-12T17:35:52.826+0200] {dagbag.py:538} INFO - Filling up the DagBag from /Library/Frameworks/Python.framework/Versions/3.10/lib/python3.10/site-packages/airflow/example_dags/example_dag_decorator.py
[2024-01-12T17:35:53.122+0200] {processor.py:840} INFO - DAG(s) 'example_dag_decorator' retrieved from /Library/Frameworks/Python.framework/Versions/3.10/lib/python3.10/site-packages/airflow/example_dags/example_dag_decorator.py
[2024-01-12T17:35:53.346+0200] {logging_mixin.py:188} INFO - [2024-01-12T17:35:53.345+0200] {dag.py:3033} INFO - Sync 1 DAGs
[2024-01-12T17:35:53.353+0200] {logging_mixin.py:188} INFO - [2024-01-12T17:35:53.353+0200] {dag.py:3820} INFO - Setting next_dagrun for example_dag_decorator to None, run_after=None
[2024-01-12T17:35:53.371+0200] {processor.py:183} INFO - Processing /Library/Frameworks/Python.framework/Versions/3.10/lib/python3.10/site-packages/airflow/example_dags/example_dag_decorator.py took 0.551 seconds
[2024-01-12T17:40:37.729+0200] {processor.py:161} INFO - Started process (PID=7197) to work on /Library/Frameworks/Python.framework/Versions/3.10/lib/python3.10/site-packages/airflow/example_dags/example_dag_decorator.py
[2024-01-12T17:40:37.736+0200] {processor.py:830} INFO - Processing file /Library/Frameworks/Python.framework/Versions/3.10/lib/python3.10/site-packages/airflow/example_dags/example_dag_decorator.py for tasks to queue
[2024-01-12T17:40:37.736+0200] {logging_mixin.py:188} INFO - [2024-01-12T17:40:37.736+0200] {dagbag.py:538} INFO - Filling up the DagBag from /Library/Frameworks/Python.framework/Versions/3.10/lib/python3.10/site-packages/airflow/example_dags/example_dag_decorator.py
[2024-01-12T17:40:38.000+0200] {processor.py:840} INFO - DAG(s) 'example_dag_decorator' retrieved from /Library/Frameworks/Python.framework/Versions/3.10/lib/python3.10/site-packages/airflow/example_dags/example_dag_decorator.py
[2024-01-12T17:40:38.288+0200] {logging_mixin.py:188} INFO - [2024-01-12T17:40:38.287+0200] {dag.py:3033} INFO - Sync 1 DAGs
[2024-01-12T17:40:38.305+0200] {logging_mixin.py:188} INFO - [2024-01-12T17:40:38.305+0200] {dag.py:3820} INFO - Setting next_dagrun for example_dag_decorator to None, run_after=None
[2024-01-12T17:40:38.329+0200] {processor.py:183} INFO - Processing /Library/Frameworks/Python.framework/Versions/3.10/lib/python3.10/site-packages/airflow/example_dags/example_dag_decorator.py took 0.602 seconds
[2024-01-12T17:45:42.708+0200] {processor.py:161} INFO - Started process (PID=7457) to work on /Library/Frameworks/Python.framework/Versions/3.10/lib/python3.10/site-packages/airflow/example_dags/example_dag_decorator.py
[2024-01-12T17:45:42.718+0200] {processor.py:830} INFO - Processing file /Library/Frameworks/Python.framework/Versions/3.10/lib/python3.10/site-packages/airflow/example_dags/example_dag_decorator.py for tasks to queue
[2024-01-12T17:45:42.718+0200] {logging_mixin.py:188} INFO - [2024-01-12T17:45:42.718+0200] {dagbag.py:538} INFO - Filling up the DagBag from /Library/Frameworks/Python.framework/Versions/3.10/lib/python3.10/site-packages/airflow/example_dags/example_dag_decorator.py
[2024-01-12T17:45:44.058+0200] {processor.py:840} INFO - DAG(s) 'example_dag_decorator' retrieved from /Library/Frameworks/Python.framework/Versions/3.10/lib/python3.10/site-packages/airflow/example_dags/example_dag_decorator.py
[2024-01-12T17:45:46.196+0200] {logging_mixin.py:188} INFO - [2024-01-12T17:45:46.195+0200] {dag.py:3033} INFO - Sync 1 DAGs
[2024-01-12T17:45:46.224+0200] {logging_mixin.py:188} INFO - [2024-01-12T17:45:46.224+0200] {dag.py:3820} INFO - Setting next_dagrun for example_dag_decorator to None, run_after=None
[2024-01-12T17:45:46.320+0200] {processor.py:183} INFO - Processing /Library/Frameworks/Python.framework/Versions/3.10/lib/python3.10/site-packages/airflow/example_dags/example_dag_decorator.py took 3.613 seconds
[2024-01-12T17:50:28.520+0200] {processor.py:161} INFO - Started process (PID=7829) to work on /Library/Frameworks/Python.framework/Versions/3.10/lib/python3.10/site-packages/airflow/example_dags/example_dag_decorator.py
[2024-01-12T17:50:28.525+0200] {processor.py:830} INFO - Processing file /Library/Frameworks/Python.framework/Versions/3.10/lib/python3.10/site-packages/airflow/example_dags/example_dag_decorator.py for tasks to queue
[2024-01-12T17:50:28.525+0200] {logging_mixin.py:188} INFO - [2024-01-12T17:50:28.525+0200] {dagbag.py:538} INFO - Filling up the DagBag from /Library/Frameworks/Python.framework/Versions/3.10/lib/python3.10/site-packages/airflow/example_dags/example_dag_decorator.py
[2024-01-12T17:50:28.819+0200] {processor.py:840} INFO - DAG(s) 'example_dag_decorator' retrieved from /Library/Frameworks/Python.framework/Versions/3.10/lib/python3.10/site-packages/airflow/example_dags/example_dag_decorator.py
[2024-01-12T17:50:29.052+0200] {logging_mixin.py:188} INFO - [2024-01-12T17:50:29.052+0200] {dag.py:3033} INFO - Sync 1 DAGs
[2024-01-12T17:50:29.059+0200] {logging_mixin.py:188} INFO - [2024-01-12T17:50:29.059+0200] {dag.py:3820} INFO - Setting next_dagrun for example_dag_decorator to None, run_after=None
[2024-01-12T17:50:29.077+0200] {processor.py:183} INFO - Processing /Library/Frameworks/Python.framework/Versions/3.10/lib/python3.10/site-packages/airflow/example_dags/example_dag_decorator.py took 0.558 seconds
[2024-01-12T17:54:18.371+0200] {processor.py:161} INFO - Started process (PID=8009) to work on /Library/Frameworks/Python.framework/Versions/3.10/lib/python3.10/site-packages/airflow/example_dags/example_dag_decorator.py
[2024-01-12T17:54:18.376+0200] {processor.py:830} INFO - Processing file /Library/Frameworks/Python.framework/Versions/3.10/lib/python3.10/site-packages/airflow/example_dags/example_dag_decorator.py for tasks to queue
[2024-01-12T17:54:18.376+0200] {logging_mixin.py:188} INFO - [2024-01-12T17:54:18.376+0200] {dagbag.py:538} INFO - Filling up the DagBag from /Library/Frameworks/Python.framework/Versions/3.10/lib/python3.10/site-packages/airflow/example_dags/example_dag_decorator.py
[2024-01-12T17:54:18.698+0200] {processor.py:840} INFO - DAG(s) 'example_dag_decorator' retrieved from /Library/Frameworks/Python.framework/Versions/3.10/lib/python3.10/site-packages/airflow/example_dags/example_dag_decorator.py
[2024-01-12T17:54:18.926+0200] {logging_mixin.py:188} INFO - [2024-01-12T17:54:18.925+0200] {dag.py:3033} INFO - Sync 1 DAGs
[2024-01-12T17:54:18.933+0200] {logging_mixin.py:188} INFO - [2024-01-12T17:54:18.932+0200] {dag.py:3820} INFO - Setting next_dagrun for example_dag_decorator to None, run_after=None
[2024-01-12T17:54:18.953+0200] {processor.py:183} INFO - Processing /Library/Frameworks/Python.framework/Versions/3.10/lib/python3.10/site-packages/airflow/example_dags/example_dag_decorator.py took 0.583 seconds
[2024-01-12T17:58:06.242+0200] {processor.py:161} INFO - Started process (PID=8261) to work on /Library/Frameworks/Python.framework/Versions/3.10/lib/python3.10/site-packages/airflow/example_dags/example_dag_decorator.py
[2024-01-12T17:58:06.247+0200] {processor.py:830} INFO - Processing file /Library/Frameworks/Python.framework/Versions/3.10/lib/python3.10/site-packages/airflow/example_dags/example_dag_decorator.py for tasks to queue
[2024-01-12T17:58:06.248+0200] {logging_mixin.py:188} INFO - [2024-01-12T17:58:06.247+0200] {dagbag.py:538} INFO - Filling up the DagBag from /Library/Frameworks/Python.framework/Versions/3.10/lib/python3.10/site-packages/airflow/example_dags/example_dag_decorator.py
[2024-01-12T17:58:06.532+0200] {processor.py:840} INFO - DAG(s) 'example_dag_decorator' retrieved from /Library/Frameworks/Python.framework/Versions/3.10/lib/python3.10/site-packages/airflow/example_dags/example_dag_decorator.py
[2024-01-12T17:58:06.736+0200] {logging_mixin.py:188} INFO - [2024-01-12T17:58:06.736+0200] {dag.py:3033} INFO - Sync 1 DAGs
[2024-01-12T17:58:06.743+0200] {logging_mixin.py:188} INFO - [2024-01-12T17:58:06.743+0200] {dag.py:3820} INFO - Setting next_dagrun for example_dag_decorator to None, run_after=None
[2024-01-12T17:58:06.760+0200] {processor.py:183} INFO - Processing /Library/Frameworks/Python.framework/Versions/3.10/lib/python3.10/site-packages/airflow/example_dags/example_dag_decorator.py took 0.520 seconds
[2024-01-12T18:01:55.586+0200] {processor.py:161} INFO - Started process (PID=8502) to work on /Library/Frameworks/Python.framework/Versions/3.10/lib/python3.10/site-packages/airflow/example_dags/example_dag_decorator.py
[2024-01-12T18:01:55.591+0200] {processor.py:830} INFO - Processing file /Library/Frameworks/Python.framework/Versions/3.10/lib/python3.10/site-packages/airflow/example_dags/example_dag_decorator.py for tasks to queue
[2024-01-12T18:01:55.591+0200] {logging_mixin.py:188} INFO - [2024-01-12T18:01:55.591+0200] {dagbag.py:538} INFO - Filling up the DagBag from /Library/Frameworks/Python.framework/Versions/3.10/lib/python3.10/site-packages/airflow/example_dags/example_dag_decorator.py
[2024-01-12T18:01:55.879+0200] {processor.py:840} INFO - DAG(s) 'example_dag_decorator' retrieved from /Library/Frameworks/Python.framework/Versions/3.10/lib/python3.10/site-packages/airflow/example_dags/example_dag_decorator.py
[2024-01-12T18:01:56.080+0200] {logging_mixin.py:188} INFO - [2024-01-12T18:01:56.080+0200] {dag.py:3033} INFO - Sync 1 DAGs
[2024-01-12T18:01:56.087+0200] {logging_mixin.py:188} INFO - [2024-01-12T18:01:56.087+0200] {dag.py:3820} INFO - Setting next_dagrun for example_dag_decorator to None, run_after=None
[2024-01-12T18:01:56.105+0200] {processor.py:183} INFO - Processing /Library/Frameworks/Python.framework/Versions/3.10/lib/python3.10/site-packages/airflow/example_dags/example_dag_decorator.py took 0.520 seconds
[2024-01-12T18:06:02.178+0200] {processor.py:161} INFO - Started process (PID=8704) to work on /Library/Frameworks/Python.framework/Versions/3.10/lib/python3.10/site-packages/airflow/example_dags/example_dag_decorator.py
[2024-01-12T18:06:02.183+0200] {processor.py:830} INFO - Processing file /Library/Frameworks/Python.framework/Versions/3.10/lib/python3.10/site-packages/airflow/example_dags/example_dag_decorator.py for tasks to queue
[2024-01-12T18:06:02.184+0200] {logging_mixin.py:188} INFO - [2024-01-12T18:06:02.184+0200] {dagbag.py:538} INFO - Filling up the DagBag from /Library/Frameworks/Python.framework/Versions/3.10/lib/python3.10/site-packages/airflow/example_dags/example_dag_decorator.py
[2024-01-12T18:06:02.476+0200] {processor.py:840} INFO - DAG(s) 'example_dag_decorator' retrieved from /Library/Frameworks/Python.framework/Versions/3.10/lib/python3.10/site-packages/airflow/example_dags/example_dag_decorator.py
[2024-01-12T18:06:02.703+0200] {logging_mixin.py:188} INFO - [2024-01-12T18:06:02.703+0200] {dag.py:3033} INFO - Sync 1 DAGs
[2024-01-12T18:06:02.711+0200] {logging_mixin.py:188} INFO - [2024-01-12T18:06:02.711+0200] {dag.py:3820} INFO - Setting next_dagrun for example_dag_decorator to None, run_after=None
[2024-01-12T18:06:02.729+0200] {processor.py:183} INFO - Processing /Library/Frameworks/Python.framework/Versions/3.10/lib/python3.10/site-packages/airflow/example_dags/example_dag_decorator.py took 0.552 seconds
[2024-01-12T18:10:26.404+0200] {processor.py:161} INFO - Started process (PID=8984) to work on /Library/Frameworks/Python.framework/Versions/3.10/lib/python3.10/site-packages/airflow/example_dags/example_dag_decorator.py
[2024-01-12T18:10:26.410+0200] {processor.py:830} INFO - Processing file /Library/Frameworks/Python.framework/Versions/3.10/lib/python3.10/site-packages/airflow/example_dags/example_dag_decorator.py for tasks to queue
[2024-01-12T18:10:26.410+0200] {logging_mixin.py:188} INFO - [2024-01-12T18:10:26.410+0200] {dagbag.py:538} INFO - Filling up the DagBag from /Library/Frameworks/Python.framework/Versions/3.10/lib/python3.10/site-packages/airflow/example_dags/example_dag_decorator.py
[2024-01-12T18:10:26.707+0200] {processor.py:840} INFO - DAG(s) 'example_dag_decorator' retrieved from /Library/Frameworks/Python.framework/Versions/3.10/lib/python3.10/site-packages/airflow/example_dags/example_dag_decorator.py
[2024-01-12T18:10:27.011+0200] {logging_mixin.py:188} INFO - [2024-01-12T18:10:27.011+0200] {dag.py:3033} INFO - Sync 1 DAGs
[2024-01-12T18:10:27.033+0200] {logging_mixin.py:188} INFO - [2024-01-12T18:10:27.032+0200] {dag.py:3820} INFO - Setting next_dagrun for example_dag_decorator to None, run_after=None
[2024-01-12T18:10:27.056+0200] {processor.py:183} INFO - Processing /Library/Frameworks/Python.framework/Versions/3.10/lib/python3.10/site-packages/airflow/example_dags/example_dag_decorator.py took 0.654 seconds
[2024-01-12T18:14:53.312+0200] {processor.py:161} INFO - Started process (PID=9173) to work on /Library/Frameworks/Python.framework/Versions/3.10/lib/python3.10/site-packages/airflow/example_dags/example_dag_decorator.py
[2024-01-12T18:14:53.324+0200] {processor.py:830} INFO - Processing file /Library/Frameworks/Python.framework/Versions/3.10/lib/python3.10/site-packages/airflow/example_dags/example_dag_decorator.py for tasks to queue
[2024-01-12T18:14:53.324+0200] {logging_mixin.py:188} INFO - [2024-01-12T18:14:53.324+0200] {dagbag.py:538} INFO - Filling up the DagBag from /Library/Frameworks/Python.framework/Versions/3.10/lib/python3.10/site-packages/airflow/example_dags/example_dag_decorator.py
[2024-01-12T18:14:53.926+0200] {processor.py:840} INFO - DAG(s) 'example_dag_decorator' retrieved from /Library/Frameworks/Python.framework/Versions/3.10/lib/python3.10/site-packages/airflow/example_dags/example_dag_decorator.py
[2024-01-12T18:14:54.157+0200] {logging_mixin.py:188} INFO - [2024-01-12T18:14:54.157+0200] {dag.py:3033} INFO - Sync 1 DAGs
[2024-01-12T18:14:54.165+0200] {logging_mixin.py:188} INFO - [2024-01-12T18:14:54.165+0200] {dag.py:3820} INFO - Setting next_dagrun for example_dag_decorator to None, run_after=None
[2024-01-12T18:14:54.187+0200] {processor.py:183} INFO - Processing /Library/Frameworks/Python.framework/Versions/3.10/lib/python3.10/site-packages/airflow/example_dags/example_dag_decorator.py took 0.876 seconds
[2024-01-12T18:18:49.907+0200] {processor.py:161} INFO - Started process (PID=9426) to work on /Library/Frameworks/Python.framework/Versions/3.10/lib/python3.10/site-packages/airflow/example_dags/example_dag_decorator.py
[2024-01-12T18:18:49.912+0200] {processor.py:830} INFO - Processing file /Library/Frameworks/Python.framework/Versions/3.10/lib/python3.10/site-packages/airflow/example_dags/example_dag_decorator.py for tasks to queue
[2024-01-12T18:18:49.913+0200] {logging_mixin.py:188} INFO - [2024-01-12T18:18:49.913+0200] {dagbag.py:538} INFO - Filling up the DagBag from /Library/Frameworks/Python.framework/Versions/3.10/lib/python3.10/site-packages/airflow/example_dags/example_dag_decorator.py
[2024-01-12T18:18:50.200+0200] {processor.py:840} INFO - DAG(s) 'example_dag_decorator' retrieved from /Library/Frameworks/Python.framework/Versions/3.10/lib/python3.10/site-packages/airflow/example_dags/example_dag_decorator.py
[2024-01-12T18:18:50.423+0200] {logging_mixin.py:188} INFO - [2024-01-12T18:18:50.423+0200] {dag.py:3033} INFO - Sync 1 DAGs
[2024-01-12T18:18:50.430+0200] {logging_mixin.py:188} INFO - [2024-01-12T18:18:50.430+0200] {dag.py:3820} INFO - Setting next_dagrun for example_dag_decorator to None, run_after=None
[2024-01-12T18:18:50.448+0200] {processor.py:183} INFO - Processing /Library/Frameworks/Python.framework/Versions/3.10/lib/python3.10/site-packages/airflow/example_dags/example_dag_decorator.py took 0.542 seconds
[2024-01-12T18:22:39.921+0200] {processor.py:161} INFO - Started process (PID=9595) to work on /Library/Frameworks/Python.framework/Versions/3.10/lib/python3.10/site-packages/airflow/example_dags/example_dag_decorator.py
[2024-01-12T18:22:39.925+0200] {processor.py:830} INFO - Processing file /Library/Frameworks/Python.framework/Versions/3.10/lib/python3.10/site-packages/airflow/example_dags/example_dag_decorator.py for tasks to queue
[2024-01-12T18:22:39.925+0200] {logging_mixin.py:188} INFO - [2024-01-12T18:22:39.925+0200] {dagbag.py:538} INFO - Filling up the DagBag from /Library/Frameworks/Python.framework/Versions/3.10/lib/python3.10/site-packages/airflow/example_dags/example_dag_decorator.py
[2024-01-12T18:22:40.198+0200] {processor.py:840} INFO - DAG(s) 'example_dag_decorator' retrieved from /Library/Frameworks/Python.framework/Versions/3.10/lib/python3.10/site-packages/airflow/example_dags/example_dag_decorator.py
[2024-01-12T18:22:40.418+0200] {logging_mixin.py:188} INFO - [2024-01-12T18:22:40.418+0200] {dag.py:3033} INFO - Sync 1 DAGs
[2024-01-12T18:22:40.426+0200] {logging_mixin.py:188} INFO - [2024-01-12T18:22:40.425+0200] {dag.py:3820} INFO - Setting next_dagrun for example_dag_decorator to None, run_after=None
[2024-01-12T18:22:40.445+0200] {processor.py:183} INFO - Processing /Library/Frameworks/Python.framework/Versions/3.10/lib/python3.10/site-packages/airflow/example_dags/example_dag_decorator.py took 0.526 seconds
[2024-01-12T18:26:32.896+0200] {processor.py:161} INFO - Started process (PID=9859) to work on /Library/Frameworks/Python.framework/Versions/3.10/lib/python3.10/site-packages/airflow/example_dags/example_dag_decorator.py
[2024-01-12T18:26:32.900+0200] {processor.py:830} INFO - Processing file /Library/Frameworks/Python.framework/Versions/3.10/lib/python3.10/site-packages/airflow/example_dags/example_dag_decorator.py for tasks to queue
[2024-01-12T18:26:32.902+0200] {logging_mixin.py:188} INFO - [2024-01-12T18:26:32.902+0200] {dagbag.py:538} INFO - Filling up the DagBag from /Library/Frameworks/Python.framework/Versions/3.10/lib/python3.10/site-packages/airflow/example_dags/example_dag_decorator.py
[2024-01-12T18:26:33.188+0200] {processor.py:840} INFO - DAG(s) 'example_dag_decorator' retrieved from /Library/Frameworks/Python.framework/Versions/3.10/lib/python3.10/site-packages/airflow/example_dags/example_dag_decorator.py
[2024-01-12T18:26:33.394+0200] {logging_mixin.py:188} INFO - [2024-01-12T18:26:33.393+0200] {dag.py:3033} INFO - Sync 1 DAGs
[2024-01-12T18:26:33.401+0200] {logging_mixin.py:188} INFO - [2024-01-12T18:26:33.401+0200] {dag.py:3820} INFO - Setting next_dagrun for example_dag_decorator to None, run_after=None
[2024-01-12T18:26:33.419+0200] {processor.py:183} INFO - Processing /Library/Frameworks/Python.framework/Versions/3.10/lib/python3.10/site-packages/airflow/example_dags/example_dag_decorator.py took 0.524 seconds
[2024-01-12T18:30:22.239+0200] {processor.py:161} INFO - Started process (PID=10015) to work on /Library/Frameworks/Python.framework/Versions/3.10/lib/python3.10/site-packages/airflow/example_dags/example_dag_decorator.py
[2024-01-12T18:30:22.242+0200] {processor.py:830} INFO - Processing file /Library/Frameworks/Python.framework/Versions/3.10/lib/python3.10/site-packages/airflow/example_dags/example_dag_decorator.py for tasks to queue
[2024-01-12T18:30:22.243+0200] {logging_mixin.py:188} INFO - [2024-01-12T18:30:22.243+0200] {dagbag.py:538} INFO - Filling up the DagBag from /Library/Frameworks/Python.framework/Versions/3.10/lib/python3.10/site-packages/airflow/example_dags/example_dag_decorator.py
[2024-01-12T18:30:22.509+0200] {processor.py:840} INFO - DAG(s) 'example_dag_decorator' retrieved from /Library/Frameworks/Python.framework/Versions/3.10/lib/python3.10/site-packages/airflow/example_dags/example_dag_decorator.py
[2024-01-12T18:30:22.732+0200] {logging_mixin.py:188} INFO - [2024-01-12T18:30:22.732+0200] {dag.py:3033} INFO - Sync 1 DAGs
[2024-01-12T18:30:22.739+0200] {logging_mixin.py:188} INFO - [2024-01-12T18:30:22.739+0200] {dag.py:3820} INFO - Setting next_dagrun for example_dag_decorator to None, run_after=None
[2024-01-12T18:30:22.757+0200] {processor.py:183} INFO - Processing /Library/Frameworks/Python.framework/Versions/3.10/lib/python3.10/site-packages/airflow/example_dags/example_dag_decorator.py took 0.520 seconds
[2024-01-12T18:34:14.588+0200] {processor.py:161} INFO - Started process (PID=10424) to work on /Library/Frameworks/Python.framework/Versions/3.10/lib/python3.10/site-packages/airflow/example_dags/example_dag_decorator.py
[2024-01-12T18:34:14.593+0200] {processor.py:830} INFO - Processing file /Library/Frameworks/Python.framework/Versions/3.10/lib/python3.10/site-packages/airflow/example_dags/example_dag_decorator.py for tasks to queue
[2024-01-12T18:34:14.594+0200] {logging_mixin.py:188} INFO - [2024-01-12T18:34:14.594+0200] {dagbag.py:538} INFO - Filling up the DagBag from /Library/Frameworks/Python.framework/Versions/3.10/lib/python3.10/site-packages/airflow/example_dags/example_dag_decorator.py
[2024-01-12T18:34:14.918+0200] {processor.py:840} INFO - DAG(s) 'example_dag_decorator' retrieved from /Library/Frameworks/Python.framework/Versions/3.10/lib/python3.10/site-packages/airflow/example_dags/example_dag_decorator.py
[2024-01-12T18:34:15.134+0200] {logging_mixin.py:188} INFO - [2024-01-12T18:34:15.133+0200] {dag.py:3033} INFO - Sync 1 DAGs
[2024-01-12T18:34:15.141+0200] {logging_mixin.py:188} INFO - [2024-01-12T18:34:15.141+0200] {dag.py:3820} INFO - Setting next_dagrun for example_dag_decorator to None, run_after=None
[2024-01-12T18:34:15.158+0200] {processor.py:183} INFO - Processing /Library/Frameworks/Python.framework/Versions/3.10/lib/python3.10/site-packages/airflow/example_dags/example_dag_decorator.py took 0.572 seconds
[2024-01-12T18:37:57.113+0200] {processor.py:161} INFO - Started process (PID=10642) to work on /Library/Frameworks/Python.framework/Versions/3.10/lib/python3.10/site-packages/airflow/example_dags/example_dag_decorator.py
[2024-01-12T18:37:57.117+0200] {processor.py:830} INFO - Processing file /Library/Frameworks/Python.framework/Versions/3.10/lib/python3.10/site-packages/airflow/example_dags/example_dag_decorator.py for tasks to queue
[2024-01-12T18:37:57.119+0200] {logging_mixin.py:188} INFO - [2024-01-12T18:37:57.118+0200] {dagbag.py:538} INFO - Filling up the DagBag from /Library/Frameworks/Python.framework/Versions/3.10/lib/python3.10/site-packages/airflow/example_dags/example_dag_decorator.py
[2024-01-12T18:37:57.421+0200] {processor.py:840} INFO - DAG(s) 'example_dag_decorator' retrieved from /Library/Frameworks/Python.framework/Versions/3.10/lib/python3.10/site-packages/airflow/example_dags/example_dag_decorator.py
[2024-01-12T18:37:57.633+0200] {logging_mixin.py:188} INFO - [2024-01-12T18:37:57.632+0200] {dag.py:3033} INFO - Sync 1 DAGs
[2024-01-12T18:37:57.640+0200] {logging_mixin.py:188} INFO - [2024-01-12T18:37:57.640+0200] {dag.py:3820} INFO - Setting next_dagrun for example_dag_decorator to None, run_after=None
[2024-01-12T18:37:57.657+0200] {processor.py:183} INFO - Processing /Library/Frameworks/Python.framework/Versions/3.10/lib/python3.10/site-packages/airflow/example_dags/example_dag_decorator.py took 0.546 seconds
[2024-01-12T18:41:44.988+0200] {processor.py:161} INFO - Started process (PID=10931) to work on /Library/Frameworks/Python.framework/Versions/3.10/lib/python3.10/site-packages/airflow/example_dags/example_dag_decorator.py
[2024-01-12T18:41:44.993+0200] {processor.py:830} INFO - Processing file /Library/Frameworks/Python.framework/Versions/3.10/lib/python3.10/site-packages/airflow/example_dags/example_dag_decorator.py for tasks to queue
[2024-01-12T18:41:44.994+0200] {logging_mixin.py:188} INFO - [2024-01-12T18:41:44.994+0200] {dagbag.py:538} INFO - Filling up the DagBag from /Library/Frameworks/Python.framework/Versions/3.10/lib/python3.10/site-packages/airflow/example_dags/example_dag_decorator.py
[2024-01-12T18:41:45.336+0200] {processor.py:840} INFO - DAG(s) 'example_dag_decorator' retrieved from /Library/Frameworks/Python.framework/Versions/3.10/lib/python3.10/site-packages/airflow/example_dags/example_dag_decorator.py
[2024-01-12T18:41:45.546+0200] {logging_mixin.py:188} INFO - [2024-01-12T18:41:45.545+0200] {dag.py:3033} INFO - Sync 1 DAGs
[2024-01-12T18:41:45.553+0200] {logging_mixin.py:188} INFO - [2024-01-12T18:41:45.553+0200] {dag.py:3820} INFO - Setting next_dagrun for example_dag_decorator to None, run_after=None
[2024-01-12T18:41:45.570+0200] {processor.py:183} INFO - Processing /Library/Frameworks/Python.framework/Versions/3.10/lib/python3.10/site-packages/airflow/example_dags/example_dag_decorator.py took 0.584 seconds
[2024-01-12T18:45:32.435+0200] {processor.py:161} INFO - Started process (PID=11144) to work on /Library/Frameworks/Python.framework/Versions/3.10/lib/python3.10/site-packages/airflow/example_dags/example_dag_decorator.py
[2024-01-12T18:45:32.440+0200] {processor.py:830} INFO - Processing file /Library/Frameworks/Python.framework/Versions/3.10/lib/python3.10/site-packages/airflow/example_dags/example_dag_decorator.py for tasks to queue
[2024-01-12T18:45:32.440+0200] {logging_mixin.py:188} INFO - [2024-01-12T18:45:32.440+0200] {dagbag.py:538} INFO - Filling up the DagBag from /Library/Frameworks/Python.framework/Versions/3.10/lib/python3.10/site-packages/airflow/example_dags/example_dag_decorator.py
[2024-01-12T18:45:32.720+0200] {processor.py:840} INFO - DAG(s) 'example_dag_decorator' retrieved from /Library/Frameworks/Python.framework/Versions/3.10/lib/python3.10/site-packages/airflow/example_dags/example_dag_decorator.py
[2024-01-12T18:45:32.918+0200] {logging_mixin.py:188} INFO - [2024-01-12T18:45:32.918+0200] {dag.py:3033} INFO - Sync 1 DAGs
[2024-01-12T18:45:32.925+0200] {logging_mixin.py:188} INFO - [2024-01-12T18:45:32.925+0200] {dag.py:3820} INFO - Setting next_dagrun for example_dag_decorator to None, run_after=None
[2024-01-12T18:45:32.945+0200] {processor.py:183} INFO - Processing /Library/Frameworks/Python.framework/Versions/3.10/lib/python3.10/site-packages/airflow/example_dags/example_dag_decorator.py took 0.511 seconds
[2024-01-12T18:49:22.364+0200] {processor.py:161} INFO - Started process (PID=11461) to work on /Library/Frameworks/Python.framework/Versions/3.10/lib/python3.10/site-packages/airflow/example_dags/example_dag_decorator.py
[2024-01-12T18:49:22.368+0200] {processor.py:830} INFO - Processing file /Library/Frameworks/Python.framework/Versions/3.10/lib/python3.10/site-packages/airflow/example_dags/example_dag_decorator.py for tasks to queue
[2024-01-12T18:49:22.369+0200] {logging_mixin.py:188} INFO - [2024-01-12T18:49:22.369+0200] {dagbag.py:538} INFO - Filling up the DagBag from /Library/Frameworks/Python.framework/Versions/3.10/lib/python3.10/site-packages/airflow/example_dags/example_dag_decorator.py
[2024-01-12T18:49:22.658+0200] {processor.py:840} INFO - DAG(s) 'example_dag_decorator' retrieved from /Library/Frameworks/Python.framework/Versions/3.10/lib/python3.10/site-packages/airflow/example_dags/example_dag_decorator.py
[2024-01-12T18:49:22.870+0200] {logging_mixin.py:188} INFO - [2024-01-12T18:49:22.870+0200] {dag.py:3033} INFO - Sync 1 DAGs
[2024-01-12T18:49:22.877+0200] {logging_mixin.py:188} INFO - [2024-01-12T18:49:22.877+0200] {dag.py:3820} INFO - Setting next_dagrun for example_dag_decorator to None, run_after=None
[2024-01-12T18:49:22.897+0200] {processor.py:183} INFO - Processing /Library/Frameworks/Python.framework/Versions/3.10/lib/python3.10/site-packages/airflow/example_dags/example_dag_decorator.py took 0.534 seconds
[2024-01-12T18:53:12.441+0200] {processor.py:161} INFO - Started process (PID=11732) to work on /Library/Frameworks/Python.framework/Versions/3.10/lib/python3.10/site-packages/airflow/example_dags/example_dag_decorator.py
[2024-01-12T18:53:12.446+0200] {processor.py:830} INFO - Processing file /Library/Frameworks/Python.framework/Versions/3.10/lib/python3.10/site-packages/airflow/example_dags/example_dag_decorator.py for tasks to queue
[2024-01-12T18:53:12.446+0200] {logging_mixin.py:188} INFO - [2024-01-12T18:53:12.446+0200] {dagbag.py:538} INFO - Filling up the DagBag from /Library/Frameworks/Python.framework/Versions/3.10/lib/python3.10/site-packages/airflow/example_dags/example_dag_decorator.py
[2024-01-12T18:53:12.762+0200] {processor.py:840} INFO - DAG(s) 'example_dag_decorator' retrieved from /Library/Frameworks/Python.framework/Versions/3.10/lib/python3.10/site-packages/airflow/example_dags/example_dag_decorator.py
[2024-01-12T18:53:12.990+0200] {logging_mixin.py:188} INFO - [2024-01-12T18:53:12.990+0200] {dag.py:3033} INFO - Sync 1 DAGs
[2024-01-12T18:53:12.997+0200] {logging_mixin.py:188} INFO - [2024-01-12T18:53:12.997+0200] {dag.py:3820} INFO - Setting next_dagrun for example_dag_decorator to None, run_after=None
[2024-01-12T18:53:13.016+0200] {processor.py:183} INFO - Processing /Library/Frameworks/Python.framework/Versions/3.10/lib/python3.10/site-packages/airflow/example_dags/example_dag_decorator.py took 0.576 seconds
[2024-01-12T18:56:49.815+0200] {processor.py:161} INFO - Started process (PID=11881) to work on /Library/Frameworks/Python.framework/Versions/3.10/lib/python3.10/site-packages/airflow/example_dags/example_dag_decorator.py
[2024-01-12T18:56:49.819+0200] {processor.py:830} INFO - Processing file /Library/Frameworks/Python.framework/Versions/3.10/lib/python3.10/site-packages/airflow/example_dags/example_dag_decorator.py for tasks to queue
[2024-01-12T18:56:49.819+0200] {logging_mixin.py:188} INFO - [2024-01-12T18:56:49.819+0200] {dagbag.py:538} INFO - Filling up the DagBag from /Library/Frameworks/Python.framework/Versions/3.10/lib/python3.10/site-packages/airflow/example_dags/example_dag_decorator.py
[2024-01-12T18:56:50.022+0200] {processor.py:840} INFO - DAG(s) 'example_dag_decorator' retrieved from /Library/Frameworks/Python.framework/Versions/3.10/lib/python3.10/site-packages/airflow/example_dags/example_dag_decorator.py
[2024-01-12T18:56:50.187+0200] {logging_mixin.py:188} INFO - [2024-01-12T18:56:50.186+0200] {dag.py:3033} INFO - Sync 1 DAGs
[2024-01-12T18:56:50.194+0200] {logging_mixin.py:188} INFO - [2024-01-12T18:56:50.193+0200] {dag.py:3820} INFO - Setting next_dagrun for example_dag_decorator to None, run_after=None
[2024-01-12T18:56:50.212+0200] {processor.py:183} INFO - Processing /Library/Frameworks/Python.framework/Versions/3.10/lib/python3.10/site-packages/airflow/example_dags/example_dag_decorator.py took 0.398 seconds
[2024-01-12T19:00:30.017+0200] {processor.py:161} INFO - Started process (PID=12043) to work on /Library/Frameworks/Python.framework/Versions/3.10/lib/python3.10/site-packages/airflow/example_dags/example_dag_decorator.py
[2024-01-12T19:00:30.021+0200] {processor.py:830} INFO - Processing file /Library/Frameworks/Python.framework/Versions/3.10/lib/python3.10/site-packages/airflow/example_dags/example_dag_decorator.py for tasks to queue
[2024-01-12T19:00:30.021+0200] {logging_mixin.py:188} INFO - [2024-01-12T19:00:30.021+0200] {dagbag.py:538} INFO - Filling up the DagBag from /Library/Frameworks/Python.framework/Versions/3.10/lib/python3.10/site-packages/airflow/example_dags/example_dag_decorator.py
[2024-01-12T19:00:30.232+0200] {processor.py:840} INFO - DAG(s) 'example_dag_decorator' retrieved from /Library/Frameworks/Python.framework/Versions/3.10/lib/python3.10/site-packages/airflow/example_dags/example_dag_decorator.py
[2024-01-12T19:00:30.402+0200] {logging_mixin.py:188} INFO - [2024-01-12T19:00:30.401+0200] {dag.py:3033} INFO - Sync 1 DAGs
[2024-01-12T19:00:30.409+0200] {logging_mixin.py:188} INFO - [2024-01-12T19:00:30.408+0200] {dag.py:3820} INFO - Setting next_dagrun for example_dag_decorator to None, run_after=None
[2024-01-12T19:00:30.426+0200] {processor.py:183} INFO - Processing /Library/Frameworks/Python.framework/Versions/3.10/lib/python3.10/site-packages/airflow/example_dags/example_dag_decorator.py took 0.411 seconds
[2024-01-12T19:04:11.204+0200] {processor.py:161} INFO - Started process (PID=12282) to work on /Library/Frameworks/Python.framework/Versions/3.10/lib/python3.10/site-packages/airflow/example_dags/example_dag_decorator.py
[2024-01-12T19:04:11.208+0200] {processor.py:830} INFO - Processing file /Library/Frameworks/Python.framework/Versions/3.10/lib/python3.10/site-packages/airflow/example_dags/example_dag_decorator.py for tasks to queue
[2024-01-12T19:04:11.209+0200] {logging_mixin.py:188} INFO - [2024-01-12T19:04:11.208+0200] {dagbag.py:538} INFO - Filling up the DagBag from /Library/Frameworks/Python.framework/Versions/3.10/lib/python3.10/site-packages/airflow/example_dags/example_dag_decorator.py
[2024-01-12T19:04:11.417+0200] {processor.py:840} INFO - DAG(s) 'example_dag_decorator' retrieved from /Library/Frameworks/Python.framework/Versions/3.10/lib/python3.10/site-packages/airflow/example_dags/example_dag_decorator.py
[2024-01-12T19:04:11.582+0200] {logging_mixin.py:188} INFO - [2024-01-12T19:04:11.582+0200] {dag.py:3033} INFO - Sync 1 DAGs
[2024-01-12T19:04:11.588+0200] {logging_mixin.py:188} INFO - [2024-01-12T19:04:11.588+0200] {dag.py:3820} INFO - Setting next_dagrun for example_dag_decorator to None, run_after=None
[2024-01-12T19:04:11.607+0200] {processor.py:183} INFO - Processing /Library/Frameworks/Python.framework/Versions/3.10/lib/python3.10/site-packages/airflow/example_dags/example_dag_decorator.py took 0.404 seconds
[2024-01-12T19:07:48.502+0200] {processor.py:161} INFO - Started process (PID=12443) to work on /Library/Frameworks/Python.framework/Versions/3.10/lib/python3.10/site-packages/airflow/example_dags/example_dag_decorator.py
[2024-01-12T19:07:48.506+0200] {processor.py:830} INFO - Processing file /Library/Frameworks/Python.framework/Versions/3.10/lib/python3.10/site-packages/airflow/example_dags/example_dag_decorator.py for tasks to queue
[2024-01-12T19:07:48.507+0200] {logging_mixin.py:188} INFO - [2024-01-12T19:07:48.507+0200] {dagbag.py:538} INFO - Filling up the DagBag from /Library/Frameworks/Python.framework/Versions/3.10/lib/python3.10/site-packages/airflow/example_dags/example_dag_decorator.py
[2024-01-12T19:07:48.715+0200] {processor.py:840} INFO - DAG(s) 'example_dag_decorator' retrieved from /Library/Frameworks/Python.framework/Versions/3.10/lib/python3.10/site-packages/airflow/example_dags/example_dag_decorator.py
[2024-01-12T19:07:48.886+0200] {logging_mixin.py:188} INFO - [2024-01-12T19:07:48.885+0200] {dag.py:3033} INFO - Sync 1 DAGs
[2024-01-12T19:07:48.892+0200] {logging_mixin.py:188} INFO - [2024-01-12T19:07:48.892+0200] {dag.py:3820} INFO - Setting next_dagrun for example_dag_decorator to None, run_after=None
[2024-01-12T19:07:48.911+0200] {processor.py:183} INFO - Processing /Library/Frameworks/Python.framework/Versions/3.10/lib/python3.10/site-packages/airflow/example_dags/example_dag_decorator.py took 0.410 seconds
[2024-01-12T19:11:30.314+0200] {processor.py:161} INFO - Started process (PID=12691) to work on /Library/Frameworks/Python.framework/Versions/3.10/lib/python3.10/site-packages/airflow/example_dags/example_dag_decorator.py
[2024-01-12T19:11:30.318+0200] {processor.py:830} INFO - Processing file /Library/Frameworks/Python.framework/Versions/3.10/lib/python3.10/site-packages/airflow/example_dags/example_dag_decorator.py for tasks to queue
[2024-01-12T19:11:30.318+0200] {logging_mixin.py:188} INFO - [2024-01-12T19:11:30.318+0200] {dagbag.py:538} INFO - Filling up the DagBag from /Library/Frameworks/Python.framework/Versions/3.10/lib/python3.10/site-packages/airflow/example_dags/example_dag_decorator.py
[2024-01-12T19:11:30.522+0200] {processor.py:840} INFO - DAG(s) 'example_dag_decorator' retrieved from /Library/Frameworks/Python.framework/Versions/3.10/lib/python3.10/site-packages/airflow/example_dags/example_dag_decorator.py
[2024-01-12T19:11:30.689+0200] {logging_mixin.py:188} INFO - [2024-01-12T19:11:30.689+0200] {dag.py:3033} INFO - Sync 1 DAGs
[2024-01-12T19:11:30.696+0200] {logging_mixin.py:188} INFO - [2024-01-12T19:11:30.695+0200] {dag.py:3820} INFO - Setting next_dagrun for example_dag_decorator to None, run_after=None
[2024-01-12T19:11:30.714+0200] {processor.py:183} INFO - Processing /Library/Frameworks/Python.framework/Versions/3.10/lib/python3.10/site-packages/airflow/example_dags/example_dag_decorator.py took 0.402 seconds
[2024-01-12T19:15:03.143+0200] {processor.py:161} INFO - Started process (PID=12832) to work on /Library/Frameworks/Python.framework/Versions/3.10/lib/python3.10/site-packages/airflow/example_dags/example_dag_decorator.py
[2024-01-12T19:15:03.147+0200] {processor.py:830} INFO - Processing file /Library/Frameworks/Python.framework/Versions/3.10/lib/python3.10/site-packages/airflow/example_dags/example_dag_decorator.py for tasks to queue
[2024-01-12T19:15:03.147+0200] {logging_mixin.py:188} INFO - [2024-01-12T19:15:03.147+0200] {dagbag.py:538} INFO - Filling up the DagBag from /Library/Frameworks/Python.framework/Versions/3.10/lib/python3.10/site-packages/airflow/example_dags/example_dag_decorator.py
[2024-01-12T19:15:03.352+0200] {processor.py:840} INFO - DAG(s) 'example_dag_decorator' retrieved from /Library/Frameworks/Python.framework/Versions/3.10/lib/python3.10/site-packages/airflow/example_dags/example_dag_decorator.py
[2024-01-12T19:15:03.516+0200] {logging_mixin.py:188} INFO - [2024-01-12T19:15:03.515+0200] {dag.py:3033} INFO - Sync 1 DAGs
[2024-01-12T19:15:03.523+0200] {logging_mixin.py:188} INFO - [2024-01-12T19:15:03.523+0200] {dag.py:3820} INFO - Setting next_dagrun for example_dag_decorator to None, run_after=None
[2024-01-12T19:15:03.542+0200] {processor.py:183} INFO - Processing /Library/Frameworks/Python.framework/Versions/3.10/lib/python3.10/site-packages/airflow/example_dags/example_dag_decorator.py took 0.400 seconds
[2024-01-12T19:18:40.358+0200] {processor.py:161} INFO - Started process (PID=12989) to work on /Library/Frameworks/Python.framework/Versions/3.10/lib/python3.10/site-packages/airflow/example_dags/example_dag_decorator.py
[2024-01-12T19:18:40.362+0200] {processor.py:830} INFO - Processing file /Library/Frameworks/Python.framework/Versions/3.10/lib/python3.10/site-packages/airflow/example_dags/example_dag_decorator.py for tasks to queue
[2024-01-12T19:18:40.362+0200] {logging_mixin.py:188} INFO - [2024-01-12T19:18:40.362+0200] {dagbag.py:538} INFO - Filling up the DagBag from /Library/Frameworks/Python.framework/Versions/3.10/lib/python3.10/site-packages/airflow/example_dags/example_dag_decorator.py
[2024-01-12T19:18:40.573+0200] {processor.py:840} INFO - DAG(s) 'example_dag_decorator' retrieved from /Library/Frameworks/Python.framework/Versions/3.10/lib/python3.10/site-packages/airflow/example_dags/example_dag_decorator.py
[2024-01-12T19:18:40.742+0200] {logging_mixin.py:188} INFO - [2024-01-12T19:18:40.742+0200] {dag.py:3033} INFO - Sync 1 DAGs
[2024-01-12T19:18:40.753+0200] {logging_mixin.py:188} INFO - [2024-01-12T19:18:40.753+0200] {dag.py:3820} INFO - Setting next_dagrun for example_dag_decorator to None, run_after=None
[2024-01-12T19:18:40.771+0200] {processor.py:183} INFO - Processing /Library/Frameworks/Python.framework/Versions/3.10/lib/python3.10/site-packages/airflow/example_dags/example_dag_decorator.py took 0.415 seconds
[2024-01-12T19:22:20.896+0200] {processor.py:161} INFO - Started process (PID=13227) to work on /Library/Frameworks/Python.framework/Versions/3.10/lib/python3.10/site-packages/airflow/example_dags/example_dag_decorator.py
[2024-01-12T19:22:20.900+0200] {processor.py:830} INFO - Processing file /Library/Frameworks/Python.framework/Versions/3.10/lib/python3.10/site-packages/airflow/example_dags/example_dag_decorator.py for tasks to queue
[2024-01-12T19:22:20.901+0200] {logging_mixin.py:188} INFO - [2024-01-12T19:22:20.901+0200] {dagbag.py:538} INFO - Filling up the DagBag from /Library/Frameworks/Python.framework/Versions/3.10/lib/python3.10/site-packages/airflow/example_dags/example_dag_decorator.py
[2024-01-12T19:22:21.103+0200] {processor.py:840} INFO - DAG(s) 'example_dag_decorator' retrieved from /Library/Frameworks/Python.framework/Versions/3.10/lib/python3.10/site-packages/airflow/example_dags/example_dag_decorator.py
[2024-01-12T19:22:21.267+0200] {logging_mixin.py:188} INFO - [2024-01-12T19:22:21.266+0200] {dag.py:3033} INFO - Sync 1 DAGs
[2024-01-12T19:22:21.273+0200] {logging_mixin.py:188} INFO - [2024-01-12T19:22:21.273+0200] {dag.py:3820} INFO - Setting next_dagrun for example_dag_decorator to None, run_after=None
[2024-01-12T19:22:21.292+0200] {processor.py:183} INFO - Processing /Library/Frameworks/Python.framework/Versions/3.10/lib/python3.10/site-packages/airflow/example_dags/example_dag_decorator.py took 0.397 seconds
[2024-01-12T19:26:00.114+0200] {processor.py:161} INFO - Started process (PID=13390) to work on /Library/Frameworks/Python.framework/Versions/3.10/lib/python3.10/site-packages/airflow/example_dags/example_dag_decorator.py
[2024-01-12T19:26:00.117+0200] {processor.py:830} INFO - Processing file /Library/Frameworks/Python.framework/Versions/3.10/lib/python3.10/site-packages/airflow/example_dags/example_dag_decorator.py for tasks to queue
[2024-01-12T19:26:00.118+0200] {logging_mixin.py:188} INFO - [2024-01-12T19:26:00.118+0200] {dagbag.py:538} INFO - Filling up the DagBag from /Library/Frameworks/Python.framework/Versions/3.10/lib/python3.10/site-packages/airflow/example_dags/example_dag_decorator.py
[2024-01-12T19:26:00.338+0200] {processor.py:840} INFO - DAG(s) 'example_dag_decorator' retrieved from /Library/Frameworks/Python.framework/Versions/3.10/lib/python3.10/site-packages/airflow/example_dags/example_dag_decorator.py
[2024-01-12T19:26:00.525+0200] {logging_mixin.py:188} INFO - [2024-01-12T19:26:00.524+0200] {dag.py:3033} INFO - Sync 1 DAGs
[2024-01-12T19:26:00.532+0200] {logging_mixin.py:188} INFO - [2024-01-12T19:26:00.531+0200] {dag.py:3820} INFO - Setting next_dagrun for example_dag_decorator to None, run_after=None
[2024-01-12T19:26:00.549+0200] {processor.py:183} INFO - Processing /Library/Frameworks/Python.framework/Versions/3.10/lib/python3.10/site-packages/airflow/example_dags/example_dag_decorator.py took 0.436 seconds
[2024-01-12T19:29:41.408+0200] {processor.py:161} INFO - Started process (PID=13628) to work on /Library/Frameworks/Python.framework/Versions/3.10/lib/python3.10/site-packages/airflow/example_dags/example_dag_decorator.py
[2024-01-12T19:29:41.412+0200] {processor.py:830} INFO - Processing file /Library/Frameworks/Python.framework/Versions/3.10/lib/python3.10/site-packages/airflow/example_dags/example_dag_decorator.py for tasks to queue
[2024-01-12T19:29:41.413+0200] {logging_mixin.py:188} INFO - [2024-01-12T19:29:41.413+0200] {dagbag.py:538} INFO - Filling up the DagBag from /Library/Frameworks/Python.framework/Versions/3.10/lib/python3.10/site-packages/airflow/example_dags/example_dag_decorator.py
[2024-01-12T19:29:41.618+0200] {processor.py:840} INFO - DAG(s) 'example_dag_decorator' retrieved from /Library/Frameworks/Python.framework/Versions/3.10/lib/python3.10/site-packages/airflow/example_dags/example_dag_decorator.py
[2024-01-12T19:29:41.779+0200] {logging_mixin.py:188} INFO - [2024-01-12T19:29:41.779+0200] {dag.py:3033} INFO - Sync 1 DAGs
[2024-01-12T19:29:41.785+0200] {logging_mixin.py:188} INFO - [2024-01-12T19:29:41.785+0200] {dag.py:3820} INFO - Setting next_dagrun for example_dag_decorator to None, run_after=None
[2024-01-12T19:29:41.804+0200] {processor.py:183} INFO - Processing /Library/Frameworks/Python.framework/Versions/3.10/lib/python3.10/site-packages/airflow/example_dags/example_dag_decorator.py took 0.397 seconds
[2024-01-12T19:33:24.412+0200] {processor.py:161} INFO - Started process (PID=13898) to work on /Library/Frameworks/Python.framework/Versions/3.10/lib/python3.10/site-packages/airflow/example_dags/example_dag_decorator.py
[2024-01-12T19:33:24.417+0200] {processor.py:830} INFO - Processing file /Library/Frameworks/Python.framework/Versions/3.10/lib/python3.10/site-packages/airflow/example_dags/example_dag_decorator.py for tasks to queue
[2024-01-12T19:33:24.417+0200] {logging_mixin.py:188} INFO - [2024-01-12T19:33:24.417+0200] {dagbag.py:538} INFO - Filling up the DagBag from /Library/Frameworks/Python.framework/Versions/3.10/lib/python3.10/site-packages/airflow/example_dags/example_dag_decorator.py
[2024-01-12T19:33:24.701+0200] {processor.py:840} INFO - DAG(s) 'example_dag_decorator' retrieved from /Library/Frameworks/Python.framework/Versions/3.10/lib/python3.10/site-packages/airflow/example_dags/example_dag_decorator.py
[2024-01-12T19:33:24.898+0200] {logging_mixin.py:188} INFO - [2024-01-12T19:33:24.898+0200] {dag.py:3033} INFO - Sync 1 DAGs
[2024-01-12T19:33:24.905+0200] {logging_mixin.py:188} INFO - [2024-01-12T19:33:24.905+0200] {dag.py:3820} INFO - Setting next_dagrun for example_dag_decorator to None, run_after=None
[2024-01-12T19:33:24.922+0200] {processor.py:183} INFO - Processing /Library/Frameworks/Python.framework/Versions/3.10/lib/python3.10/site-packages/airflow/example_dags/example_dag_decorator.py took 0.512 seconds
[2024-01-12T19:37:07.686+0200] {processor.py:161} INFO - Started process (PID=14066) to work on /Library/Frameworks/Python.framework/Versions/3.10/lib/python3.10/site-packages/airflow/example_dags/example_dag_decorator.py
[2024-01-12T19:37:07.690+0200] {processor.py:830} INFO - Processing file /Library/Frameworks/Python.framework/Versions/3.10/lib/python3.10/site-packages/airflow/example_dags/example_dag_decorator.py for tasks to queue
[2024-01-12T19:37:07.690+0200] {logging_mixin.py:188} INFO - [2024-01-12T19:37:07.690+0200] {dagbag.py:538} INFO - Filling up the DagBag from /Library/Frameworks/Python.framework/Versions/3.10/lib/python3.10/site-packages/airflow/example_dags/example_dag_decorator.py
[2024-01-12T19:37:07.984+0200] {processor.py:840} INFO - DAG(s) 'example_dag_decorator' retrieved from /Library/Frameworks/Python.framework/Versions/3.10/lib/python3.10/site-packages/airflow/example_dags/example_dag_decorator.py
[2024-01-12T19:37:08.182+0200] {logging_mixin.py:188} INFO - [2024-01-12T19:37:08.182+0200] {dag.py:3033} INFO - Sync 1 DAGs
[2024-01-12T19:37:08.190+0200] {logging_mixin.py:188} INFO - [2024-01-12T19:37:08.189+0200] {dag.py:3820} INFO - Setting next_dagrun for example_dag_decorator to None, run_after=None
[2024-01-12T19:37:08.207+0200] {processor.py:183} INFO - Processing /Library/Frameworks/Python.framework/Versions/3.10/lib/python3.10/site-packages/airflow/example_dags/example_dag_decorator.py took 0.522 seconds
[2024-01-12T19:40:47.524+0200] {processor.py:161} INFO - Started process (PID=14214) to work on /Library/Frameworks/Python.framework/Versions/3.10/lib/python3.10/site-packages/airflow/example_dags/example_dag_decorator.py
[2024-01-12T19:40:47.529+0200] {processor.py:830} INFO - Processing file /Library/Frameworks/Python.framework/Versions/3.10/lib/python3.10/site-packages/airflow/example_dags/example_dag_decorator.py for tasks to queue
[2024-01-12T19:40:47.529+0200] {logging_mixin.py:188} INFO - [2024-01-12T19:40:47.529+0200] {dagbag.py:538} INFO - Filling up the DagBag from /Library/Frameworks/Python.framework/Versions/3.10/lib/python3.10/site-packages/airflow/example_dags/example_dag_decorator.py
[2024-01-12T19:40:47.827+0200] {processor.py:840} INFO - DAG(s) 'example_dag_decorator' retrieved from /Library/Frameworks/Python.framework/Versions/3.10/lib/python3.10/site-packages/airflow/example_dags/example_dag_decorator.py
[2024-01-12T19:40:48.038+0200] {logging_mixin.py:188} INFO - [2024-01-12T19:40:48.038+0200] {dag.py:3033} INFO - Sync 1 DAGs
[2024-01-12T19:40:48.045+0200] {logging_mixin.py:188} INFO - [2024-01-12T19:40:48.045+0200] {dag.py:3820} INFO - Setting next_dagrun for example_dag_decorator to None, run_after=None
[2024-01-12T19:40:48.063+0200] {processor.py:183} INFO - Processing /Library/Frameworks/Python.framework/Versions/3.10/lib/python3.10/site-packages/airflow/example_dags/example_dag_decorator.py took 0.540 seconds
[2024-01-12T19:44:39.586+0200] {processor.py:161} INFO - Started process (PID=14477) to work on /Library/Frameworks/Python.framework/Versions/3.10/lib/python3.10/site-packages/airflow/example_dags/example_dag_decorator.py
[2024-01-12T19:44:39.590+0200] {processor.py:830} INFO - Processing file /Library/Frameworks/Python.framework/Versions/3.10/lib/python3.10/site-packages/airflow/example_dags/example_dag_decorator.py for tasks to queue
[2024-01-12T19:44:39.591+0200] {logging_mixin.py:188} INFO - [2024-01-12T19:44:39.591+0200] {dagbag.py:538} INFO - Filling up the DagBag from /Library/Frameworks/Python.framework/Versions/3.10/lib/python3.10/site-packages/airflow/example_dags/example_dag_decorator.py
[2024-01-12T19:44:39.876+0200] {processor.py:840} INFO - DAG(s) 'example_dag_decorator' retrieved from /Library/Frameworks/Python.framework/Versions/3.10/lib/python3.10/site-packages/airflow/example_dags/example_dag_decorator.py
[2024-01-12T19:44:40.097+0200] {logging_mixin.py:188} INFO - [2024-01-12T19:44:40.097+0200] {dag.py:3033} INFO - Sync 1 DAGs
[2024-01-12T19:44:40.104+0200] {logging_mixin.py:188} INFO - [2024-01-12T19:44:40.104+0200] {dag.py:3820} INFO - Setting next_dagrun for example_dag_decorator to None, run_after=None
[2024-01-12T19:44:40.148+0200] {processor.py:183} INFO - Processing /Library/Frameworks/Python.framework/Versions/3.10/lib/python3.10/site-packages/airflow/example_dags/example_dag_decorator.py took 0.563 seconds
[2024-01-12T19:48:22.527+0200] {processor.py:161} INFO - Started process (PID=14781) to work on /Library/Frameworks/Python.framework/Versions/3.10/lib/python3.10/site-packages/airflow/example_dags/example_dag_decorator.py
[2024-01-12T19:48:22.532+0200] {processor.py:830} INFO - Processing file /Library/Frameworks/Python.framework/Versions/3.10/lib/python3.10/site-packages/airflow/example_dags/example_dag_decorator.py for tasks to queue
[2024-01-12T19:48:22.533+0200] {logging_mixin.py:188} INFO - [2024-01-12T19:48:22.533+0200] {dagbag.py:538} INFO - Filling up the DagBag from /Library/Frameworks/Python.framework/Versions/3.10/lib/python3.10/site-packages/airflow/example_dags/example_dag_decorator.py
[2024-01-12T19:48:22.819+0200] {processor.py:840} INFO - DAG(s) 'example_dag_decorator' retrieved from /Library/Frameworks/Python.framework/Versions/3.10/lib/python3.10/site-packages/airflow/example_dags/example_dag_decorator.py
[2024-01-12T19:48:22.991+0200] {logging_mixin.py:188} INFO - [2024-01-12T19:48:22.990+0200] {dag.py:3033} INFO - Sync 1 DAGs
[2024-01-12T19:48:22.998+0200] {logging_mixin.py:188} INFO - [2024-01-12T19:48:22.998+0200] {dag.py:3820} INFO - Setting next_dagrun for example_dag_decorator to None, run_after=None
[2024-01-12T19:48:23.018+0200] {processor.py:183} INFO - Processing /Library/Frameworks/Python.framework/Versions/3.10/lib/python3.10/site-packages/airflow/example_dags/example_dag_decorator.py took 0.493 seconds
[2024-01-12T19:53:28.816+0200] {processor.py:161} INFO - Started process (PID=15005) to work on /Library/Frameworks/Python.framework/Versions/3.10/lib/python3.10/site-packages/airflow/example_dags/example_dag_decorator.py
[2024-01-12T19:53:28.821+0200] {processor.py:830} INFO - Processing file /Library/Frameworks/Python.framework/Versions/3.10/lib/python3.10/site-packages/airflow/example_dags/example_dag_decorator.py for tasks to queue
[2024-01-12T19:53:28.821+0200] {logging_mixin.py:188} INFO - [2024-01-12T19:53:28.821+0200] {dagbag.py:538} INFO - Filling up the DagBag from /Library/Frameworks/Python.framework/Versions/3.10/lib/python3.10/site-packages/airflow/example_dags/example_dag_decorator.py
[2024-01-12T19:53:29.108+0200] {processor.py:840} INFO - DAG(s) 'example_dag_decorator' retrieved from /Library/Frameworks/Python.framework/Versions/3.10/lib/python3.10/site-packages/airflow/example_dags/example_dag_decorator.py
[2024-01-12T19:53:29.351+0200] {logging_mixin.py:188} INFO - [2024-01-12T19:53:29.350+0200] {dag.py:3033} INFO - Sync 1 DAGs
[2024-01-12T19:53:29.359+0200] {logging_mixin.py:188} INFO - [2024-01-12T19:53:29.359+0200] {dag.py:3820} INFO - Setting next_dagrun for example_dag_decorator to None, run_after=None
[2024-01-12T19:53:29.381+0200] {processor.py:183} INFO - Processing /Library/Frameworks/Python.framework/Versions/3.10/lib/python3.10/site-packages/airflow/example_dags/example_dag_decorator.py took 0.568 seconds
[2024-01-12T20:15:42.579+0200] {processor.py:161} INFO - Started process (PID=16489) to work on /Library/Frameworks/Python.framework/Versions/3.10/lib/python3.10/site-packages/airflow/example_dags/example_dag_decorator.py
[2024-01-12T20:15:42.584+0200] {processor.py:830} INFO - Processing file /Library/Frameworks/Python.framework/Versions/3.10/lib/python3.10/site-packages/airflow/example_dags/example_dag_decorator.py for tasks to queue
[2024-01-12T20:15:42.584+0200] {logging_mixin.py:188} INFO - [2024-01-12T20:15:42.584+0200] {dagbag.py:538} INFO - Filling up the DagBag from /Library/Frameworks/Python.framework/Versions/3.10/lib/python3.10/site-packages/airflow/example_dags/example_dag_decorator.py
[2024-01-12T20:15:42.871+0200] {processor.py:840} INFO - DAG(s) 'example_dag_decorator' retrieved from /Library/Frameworks/Python.framework/Versions/3.10/lib/python3.10/site-packages/airflow/example_dags/example_dag_decorator.py
[2024-01-12T20:15:43.041+0200] {logging_mixin.py:188} INFO - [2024-01-12T20:15:43.041+0200] {dag.py:3033} INFO - Sync 1 DAGs
[2024-01-12T20:15:43.049+0200] {logging_mixin.py:188} INFO - [2024-01-12T20:15:43.048+0200] {dag.py:3820} INFO - Setting next_dagrun for example_dag_decorator to None, run_after=None
[2024-01-12T20:15:43.067+0200] {processor.py:183} INFO - Processing /Library/Frameworks/Python.framework/Versions/3.10/lib/python3.10/site-packages/airflow/example_dags/example_dag_decorator.py took 0.489 seconds
[2024-01-12T20:19:36.656+0200] {processor.py:161} INFO - Started process (PID=16648) to work on /Library/Frameworks/Python.framework/Versions/3.10/lib/python3.10/site-packages/airflow/example_dags/example_dag_decorator.py
[2024-01-12T20:19:36.661+0200] {processor.py:830} INFO - Processing file /Library/Frameworks/Python.framework/Versions/3.10/lib/python3.10/site-packages/airflow/example_dags/example_dag_decorator.py for tasks to queue
[2024-01-12T20:19:36.661+0200] {logging_mixin.py:188} INFO - [2024-01-12T20:19:36.661+0200] {dagbag.py:538} INFO - Filling up the DagBag from /Library/Frameworks/Python.framework/Versions/3.10/lib/python3.10/site-packages/airflow/example_dags/example_dag_decorator.py
[2024-01-12T20:19:36.968+0200] {processor.py:840} INFO - DAG(s) 'example_dag_decorator' retrieved from /Library/Frameworks/Python.framework/Versions/3.10/lib/python3.10/site-packages/airflow/example_dags/example_dag_decorator.py
[2024-01-12T20:19:37.192+0200] {logging_mixin.py:188} INFO - [2024-01-12T20:19:37.192+0200] {dag.py:3033} INFO - Sync 1 DAGs
[2024-01-12T20:19:37.238+0200] {logging_mixin.py:188} INFO - [2024-01-12T20:19:37.237+0200] {dag.py:3820} INFO - Setting next_dagrun for example_dag_decorator to None, run_after=None
[2024-01-12T20:19:37.262+0200] {processor.py:183} INFO - Processing /Library/Frameworks/Python.framework/Versions/3.10/lib/python3.10/site-packages/airflow/example_dags/example_dag_decorator.py took 0.607 seconds
[2024-01-12T20:23:32.019+0200] {processor.py:161} INFO - Started process (PID=16902) to work on /Library/Frameworks/Python.framework/Versions/3.10/lib/python3.10/site-packages/airflow/example_dags/example_dag_decorator.py
[2024-01-12T20:23:32.023+0200] {processor.py:830} INFO - Processing file /Library/Frameworks/Python.framework/Versions/3.10/lib/python3.10/site-packages/airflow/example_dags/example_dag_decorator.py for tasks to queue
[2024-01-12T20:23:32.024+0200] {logging_mixin.py:188} INFO - [2024-01-12T20:23:32.024+0200] {dagbag.py:538} INFO - Filling up the DagBag from /Library/Frameworks/Python.framework/Versions/3.10/lib/python3.10/site-packages/airflow/example_dags/example_dag_decorator.py
[2024-01-12T20:23:32.319+0200] {processor.py:840} INFO - DAG(s) 'example_dag_decorator' retrieved from /Library/Frameworks/Python.framework/Versions/3.10/lib/python3.10/site-packages/airflow/example_dags/example_dag_decorator.py
[2024-01-12T20:23:32.533+0200] {logging_mixin.py:188} INFO - [2024-01-12T20:23:32.533+0200] {dag.py:3033} INFO - Sync 1 DAGs
[2024-01-12T20:23:32.540+0200] {logging_mixin.py:188} INFO - [2024-01-12T20:23:32.540+0200] {dag.py:3820} INFO - Setting next_dagrun for example_dag_decorator to None, run_after=None
[2024-01-12T20:23:32.559+0200] {processor.py:183} INFO - Processing /Library/Frameworks/Python.framework/Versions/3.10/lib/python3.10/site-packages/airflow/example_dags/example_dag_decorator.py took 0.542 seconds
[2024-01-12T20:27:15.143+0200] {processor.py:161} INFO - Started process (PID=17065) to work on /Library/Frameworks/Python.framework/Versions/3.10/lib/python3.10/site-packages/airflow/example_dags/example_dag_decorator.py
[2024-01-12T20:27:15.148+0200] {processor.py:830} INFO - Processing file /Library/Frameworks/Python.framework/Versions/3.10/lib/python3.10/site-packages/airflow/example_dags/example_dag_decorator.py for tasks to queue
[2024-01-12T20:27:15.149+0200] {logging_mixin.py:188} INFO - [2024-01-12T20:27:15.149+0200] {dagbag.py:538} INFO - Filling up the DagBag from /Library/Frameworks/Python.framework/Versions/3.10/lib/python3.10/site-packages/airflow/example_dags/example_dag_decorator.py
[2024-01-12T20:27:15.496+0200] {processor.py:840} INFO - DAG(s) 'example_dag_decorator' retrieved from /Library/Frameworks/Python.framework/Versions/3.10/lib/python3.10/site-packages/airflow/example_dags/example_dag_decorator.py
[2024-01-12T20:27:15.713+0200] {logging_mixin.py:188} INFO - [2024-01-12T20:27:15.712+0200] {dag.py:3033} INFO - Sync 1 DAGs
[2024-01-12T20:27:15.720+0200] {logging_mixin.py:188} INFO - [2024-01-12T20:27:15.719+0200] {dag.py:3820} INFO - Setting next_dagrun for example_dag_decorator to None, run_after=None
[2024-01-12T20:27:15.739+0200] {processor.py:183} INFO - Processing /Library/Frameworks/Python.framework/Versions/3.10/lib/python3.10/site-packages/airflow/example_dags/example_dag_decorator.py took 0.597 seconds
[2024-01-12T20:31:03.838+0200] {processor.py:161} INFO - Started process (PID=17313) to work on /Library/Frameworks/Python.framework/Versions/3.10/lib/python3.10/site-packages/airflow/example_dags/example_dag_decorator.py
[2024-01-12T20:31:03.842+0200] {processor.py:830} INFO - Processing file /Library/Frameworks/Python.framework/Versions/3.10/lib/python3.10/site-packages/airflow/example_dags/example_dag_decorator.py for tasks to queue
[2024-01-12T20:31:03.842+0200] {logging_mixin.py:188} INFO - [2024-01-12T20:31:03.842+0200] {dagbag.py:538} INFO - Filling up the DagBag from /Library/Frameworks/Python.framework/Versions/3.10/lib/python3.10/site-packages/airflow/example_dags/example_dag_decorator.py
[2024-01-12T20:31:04.182+0200] {processor.py:840} INFO - DAG(s) 'example_dag_decorator' retrieved from /Library/Frameworks/Python.framework/Versions/3.10/lib/python3.10/site-packages/airflow/example_dags/example_dag_decorator.py
[2024-01-12T20:31:04.397+0200] {logging_mixin.py:188} INFO - [2024-01-12T20:31:04.397+0200] {dag.py:3033} INFO - Sync 1 DAGs
[2024-01-12T20:31:04.404+0200] {logging_mixin.py:188} INFO - [2024-01-12T20:31:04.404+0200] {dag.py:3820} INFO - Setting next_dagrun for example_dag_decorator to None, run_after=None
[2024-01-12T20:31:04.424+0200] {processor.py:183} INFO - Processing /Library/Frameworks/Python.framework/Versions/3.10/lib/python3.10/site-packages/airflow/example_dags/example_dag_decorator.py took 0.588 seconds
[2024-01-12T20:34:51.977+0200] {processor.py:161} INFO - Started process (PID=17490) to work on /Library/Frameworks/Python.framework/Versions/3.10/lib/python3.10/site-packages/airflow/example_dags/example_dag_decorator.py
[2024-01-12T20:34:51.981+0200] {processor.py:830} INFO - Processing file /Library/Frameworks/Python.framework/Versions/3.10/lib/python3.10/site-packages/airflow/example_dags/example_dag_decorator.py for tasks to queue
[2024-01-12T20:34:51.981+0200] {logging_mixin.py:188} INFO - [2024-01-12T20:34:51.981+0200] {dagbag.py:538} INFO - Filling up the DagBag from /Library/Frameworks/Python.framework/Versions/3.10/lib/python3.10/site-packages/airflow/example_dags/example_dag_decorator.py
[2024-01-12T20:34:52.324+0200] {processor.py:840} INFO - DAG(s) 'example_dag_decorator' retrieved from /Library/Frameworks/Python.framework/Versions/3.10/lib/python3.10/site-packages/airflow/example_dags/example_dag_decorator.py
[2024-01-12T20:34:52.531+0200] {logging_mixin.py:188} INFO - [2024-01-12T20:34:52.531+0200] {dag.py:3033} INFO - Sync 1 DAGs
[2024-01-12T20:34:52.538+0200] {logging_mixin.py:188} INFO - [2024-01-12T20:34:52.538+0200] {dag.py:3820} INFO - Setting next_dagrun for example_dag_decorator to None, run_after=None
[2024-01-12T20:34:52.558+0200] {processor.py:183} INFO - Processing /Library/Frameworks/Python.framework/Versions/3.10/lib/python3.10/site-packages/airflow/example_dags/example_dag_decorator.py took 0.582 seconds
[2024-01-12T20:38:33.089+0200] {processor.py:161} INFO - Started process (PID=17755) to work on /Library/Frameworks/Python.framework/Versions/3.10/lib/python3.10/site-packages/airflow/example_dags/example_dag_decorator.py
[2024-01-12T20:38:33.094+0200] {processor.py:830} INFO - Processing file /Library/Frameworks/Python.framework/Versions/3.10/lib/python3.10/site-packages/airflow/example_dags/example_dag_decorator.py for tasks to queue
[2024-01-12T20:38:33.094+0200] {logging_mixin.py:188} INFO - [2024-01-12T20:38:33.094+0200] {dagbag.py:538} INFO - Filling up the DagBag from /Library/Frameworks/Python.framework/Versions/3.10/lib/python3.10/site-packages/airflow/example_dags/example_dag_decorator.py
[2024-01-12T20:38:33.411+0200] {processor.py:840} INFO - DAG(s) 'example_dag_decorator' retrieved from /Library/Frameworks/Python.framework/Versions/3.10/lib/python3.10/site-packages/airflow/example_dags/example_dag_decorator.py
[2024-01-12T20:38:33.636+0200] {logging_mixin.py:188} INFO - [2024-01-12T20:38:33.636+0200] {dag.py:3033} INFO - Sync 1 DAGs
[2024-01-12T20:38:33.643+0200] {logging_mixin.py:188} INFO - [2024-01-12T20:38:33.643+0200] {dag.py:3820} INFO - Setting next_dagrun for example_dag_decorator to None, run_after=None
[2024-01-12T20:38:33.664+0200] {processor.py:183} INFO - Processing /Library/Frameworks/Python.framework/Versions/3.10/lib/python3.10/site-packages/airflow/example_dags/example_dag_decorator.py took 0.577 seconds
[2024-01-12T20:42:21.175+0200] {processor.py:161} INFO - Started process (PID=17901) to work on /Library/Frameworks/Python.framework/Versions/3.10/lib/python3.10/site-packages/airflow/example_dags/example_dag_decorator.py
[2024-01-12T20:42:21.179+0200] {processor.py:830} INFO - Processing file /Library/Frameworks/Python.framework/Versions/3.10/lib/python3.10/site-packages/airflow/example_dags/example_dag_decorator.py for tasks to queue
[2024-01-12T20:42:21.180+0200] {logging_mixin.py:188} INFO - [2024-01-12T20:42:21.180+0200] {dagbag.py:538} INFO - Filling up the DagBag from /Library/Frameworks/Python.framework/Versions/3.10/lib/python3.10/site-packages/airflow/example_dags/example_dag_decorator.py
[2024-01-12T20:42:21.501+0200] {processor.py:840} INFO - DAG(s) 'example_dag_decorator' retrieved from /Library/Frameworks/Python.framework/Versions/3.10/lib/python3.10/site-packages/airflow/example_dags/example_dag_decorator.py
[2024-01-12T20:42:21.704+0200] {logging_mixin.py:188} INFO - [2024-01-12T20:42:21.704+0200] {dag.py:3033} INFO - Sync 1 DAGs
[2024-01-12T20:42:21.711+0200] {logging_mixin.py:188} INFO - [2024-01-12T20:42:21.711+0200] {dag.py:3820} INFO - Setting next_dagrun for example_dag_decorator to None, run_after=None
[2024-01-12T20:42:21.730+0200] {processor.py:183} INFO - Processing /Library/Frameworks/Python.framework/Versions/3.10/lib/python3.10/site-packages/airflow/example_dags/example_dag_decorator.py took 0.557 seconds
[2024-01-12T20:46:09.798+0200] {processor.py:161} INFO - Started process (PID=18175) to work on /Library/Frameworks/Python.framework/Versions/3.10/lib/python3.10/site-packages/airflow/example_dags/example_dag_decorator.py
[2024-01-12T20:46:09.802+0200] {processor.py:830} INFO - Processing file /Library/Frameworks/Python.framework/Versions/3.10/lib/python3.10/site-packages/airflow/example_dags/example_dag_decorator.py for tasks to queue
[2024-01-12T20:46:09.803+0200] {logging_mixin.py:188} INFO - [2024-01-12T20:46:09.803+0200] {dagbag.py:538} INFO - Filling up the DagBag from /Library/Frameworks/Python.framework/Versions/3.10/lib/python3.10/site-packages/airflow/example_dags/example_dag_decorator.py
[2024-01-12T20:46:10.103+0200] {processor.py:840} INFO - DAG(s) 'example_dag_decorator' retrieved from /Library/Frameworks/Python.framework/Versions/3.10/lib/python3.10/site-packages/airflow/example_dags/example_dag_decorator.py
[2024-01-12T20:46:10.335+0200] {logging_mixin.py:188} INFO - [2024-01-12T20:46:10.335+0200] {dag.py:3033} INFO - Sync 1 DAGs
[2024-01-12T20:46:10.343+0200] {logging_mixin.py:188} INFO - [2024-01-12T20:46:10.342+0200] {dag.py:3820} INFO - Setting next_dagrun for example_dag_decorator to None, run_after=None
[2024-01-12T20:46:10.363+0200] {processor.py:183} INFO - Processing /Library/Frameworks/Python.framework/Versions/3.10/lib/python3.10/site-packages/airflow/example_dags/example_dag_decorator.py took 0.567 seconds
[2024-01-12T20:49:55.502+0200] {processor.py:161} INFO - Started process (PID=18333) to work on /Library/Frameworks/Python.framework/Versions/3.10/lib/python3.10/site-packages/airflow/example_dags/example_dag_decorator.py
[2024-01-12T20:49:55.507+0200] {processor.py:830} INFO - Processing file /Library/Frameworks/Python.framework/Versions/3.10/lib/python3.10/site-packages/airflow/example_dags/example_dag_decorator.py for tasks to queue
[2024-01-12T20:49:55.507+0200] {logging_mixin.py:188} INFO - [2024-01-12T20:49:55.507+0200] {dagbag.py:538} INFO - Filling up the DagBag from /Library/Frameworks/Python.framework/Versions/3.10/lib/python3.10/site-packages/airflow/example_dags/example_dag_decorator.py
[2024-01-12T20:49:55.822+0200] {processor.py:840} INFO - DAG(s) 'example_dag_decorator' retrieved from /Library/Frameworks/Python.framework/Versions/3.10/lib/python3.10/site-packages/airflow/example_dags/example_dag_decorator.py
[2024-01-12T20:49:56.044+0200] {logging_mixin.py:188} INFO - [2024-01-12T20:49:56.044+0200] {dag.py:3033} INFO - Sync 1 DAGs
[2024-01-12T20:49:56.051+0200] {logging_mixin.py:188} INFO - [2024-01-12T20:49:56.051+0200] {dag.py:3820} INFO - Setting next_dagrun for example_dag_decorator to None, run_after=None
[2024-01-12T20:49:56.069+0200] {processor.py:183} INFO - Processing /Library/Frameworks/Python.framework/Versions/3.10/lib/python3.10/site-packages/airflow/example_dags/example_dag_decorator.py took 0.569 seconds
[2024-01-12T20:53:41.398+0200] {processor.py:161} INFO - Started process (PID=18578) to work on /Library/Frameworks/Python.framework/Versions/3.10/lib/python3.10/site-packages/airflow/example_dags/example_dag_decorator.py
[2024-01-12T20:53:41.403+0200] {processor.py:830} INFO - Processing file /Library/Frameworks/Python.framework/Versions/3.10/lib/python3.10/site-packages/airflow/example_dags/example_dag_decorator.py for tasks to queue
[2024-01-12T20:53:41.404+0200] {logging_mixin.py:188} INFO - [2024-01-12T20:53:41.403+0200] {dagbag.py:538} INFO - Filling up the DagBag from /Library/Frameworks/Python.framework/Versions/3.10/lib/python3.10/site-packages/airflow/example_dags/example_dag_decorator.py
[2024-01-12T20:53:41.707+0200] {processor.py:840} INFO - DAG(s) 'example_dag_decorator' retrieved from /Library/Frameworks/Python.framework/Versions/3.10/lib/python3.10/site-packages/airflow/example_dags/example_dag_decorator.py
[2024-01-12T20:53:41.960+0200] {logging_mixin.py:188} INFO - [2024-01-12T20:53:41.960+0200] {dag.py:3033} INFO - Sync 1 DAGs
[2024-01-12T20:53:41.968+0200] {logging_mixin.py:188} INFO - [2024-01-12T20:53:41.968+0200] {dag.py:3820} INFO - Setting next_dagrun for example_dag_decorator to None, run_after=None
[2024-01-12T20:53:41.989+0200] {processor.py:183} INFO - Processing /Library/Frameworks/Python.framework/Versions/3.10/lib/python3.10/site-packages/airflow/example_dags/example_dag_decorator.py took 0.592 seconds
[2024-01-12T20:57:32.202+0200] {processor.py:161} INFO - Started process (PID=18757) to work on /Library/Frameworks/Python.framework/Versions/3.10/lib/python3.10/site-packages/airflow/example_dags/example_dag_decorator.py
[2024-01-12T20:57:32.207+0200] {processor.py:830} INFO - Processing file /Library/Frameworks/Python.framework/Versions/3.10/lib/python3.10/site-packages/airflow/example_dags/example_dag_decorator.py for tasks to queue
[2024-01-12T20:57:32.207+0200] {logging_mixin.py:188} INFO - [2024-01-12T20:57:32.207+0200] {dagbag.py:538} INFO - Filling up the DagBag from /Library/Frameworks/Python.framework/Versions/3.10/lib/python3.10/site-packages/airflow/example_dags/example_dag_decorator.py
[2024-01-12T20:57:32.530+0200] {processor.py:840} INFO - DAG(s) 'example_dag_decorator' retrieved from /Library/Frameworks/Python.framework/Versions/3.10/lib/python3.10/site-packages/airflow/example_dags/example_dag_decorator.py
[2024-01-12T20:57:32.727+0200] {logging_mixin.py:188} INFO - [2024-01-12T20:57:32.726+0200] {dag.py:3033} INFO - Sync 1 DAGs
[2024-01-12T20:57:32.734+0200] {logging_mixin.py:188} INFO - [2024-01-12T20:57:32.734+0200] {dag.py:3820} INFO - Setting next_dagrun for example_dag_decorator to None, run_after=None
[2024-01-12T20:57:32.753+0200] {processor.py:183} INFO - Processing /Library/Frameworks/Python.framework/Versions/3.10/lib/python3.10/site-packages/airflow/example_dags/example_dag_decorator.py took 0.552 seconds
[2024-01-12T21:01:06.074+0200] {processor.py:161} INFO - Started process (PID=18917) to work on /Library/Frameworks/Python.framework/Versions/3.10/lib/python3.10/site-packages/airflow/example_dags/example_dag_decorator.py
[2024-01-12T21:01:06.078+0200] {processor.py:830} INFO - Processing file /Library/Frameworks/Python.framework/Versions/3.10/lib/python3.10/site-packages/airflow/example_dags/example_dag_decorator.py for tasks to queue
[2024-01-12T21:01:06.078+0200] {logging_mixin.py:188} INFO - [2024-01-12T21:01:06.078+0200] {dagbag.py:538} INFO - Filling up the DagBag from /Library/Frameworks/Python.framework/Versions/3.10/lib/python3.10/site-packages/airflow/example_dags/example_dag_decorator.py
[2024-01-12T21:01:06.282+0200] {processor.py:840} INFO - DAG(s) 'example_dag_decorator' retrieved from /Library/Frameworks/Python.framework/Versions/3.10/lib/python3.10/site-packages/airflow/example_dags/example_dag_decorator.py
[2024-01-12T21:01:06.446+0200] {logging_mixin.py:188} INFO - [2024-01-12T21:01:06.446+0200] {dag.py:3033} INFO - Sync 1 DAGs
[2024-01-12T21:01:06.453+0200] {logging_mixin.py:188} INFO - [2024-01-12T21:01:06.453+0200] {dag.py:3820} INFO - Setting next_dagrun for example_dag_decorator to None, run_after=None
[2024-01-12T21:01:06.471+0200] {processor.py:183} INFO - Processing /Library/Frameworks/Python.framework/Versions/3.10/lib/python3.10/site-packages/airflow/example_dags/example_dag_decorator.py took 0.398 seconds
[2024-01-12T21:04:48.081+0200] {processor.py:161} INFO - Started process (PID=19164) to work on /Library/Frameworks/Python.framework/Versions/3.10/lib/python3.10/site-packages/airflow/example_dags/example_dag_decorator.py
[2024-01-12T21:04:48.085+0200] {processor.py:830} INFO - Processing file /Library/Frameworks/Python.framework/Versions/3.10/lib/python3.10/site-packages/airflow/example_dags/example_dag_decorator.py for tasks to queue
[2024-01-12T21:04:48.086+0200] {logging_mixin.py:188} INFO - [2024-01-12T21:04:48.086+0200] {dagbag.py:538} INFO - Filling up the DagBag from /Library/Frameworks/Python.framework/Versions/3.10/lib/python3.10/site-packages/airflow/example_dags/example_dag_decorator.py
[2024-01-12T21:04:48.372+0200] {processor.py:840} INFO - DAG(s) 'example_dag_decorator' retrieved from /Library/Frameworks/Python.framework/Versions/3.10/lib/python3.10/site-packages/airflow/example_dags/example_dag_decorator.py
[2024-01-12T21:04:48.618+0200] {logging_mixin.py:188} INFO - [2024-01-12T21:04:48.618+0200] {dag.py:3033} INFO - Sync 1 DAGs
[2024-01-12T21:04:48.625+0200] {logging_mixin.py:188} INFO - [2024-01-12T21:04:48.625+0200] {dag.py:3820} INFO - Setting next_dagrun for example_dag_decorator to None, run_after=None
[2024-01-12T21:04:48.646+0200] {processor.py:183} INFO - Processing /Library/Frameworks/Python.framework/Versions/3.10/lib/python3.10/site-packages/airflow/example_dags/example_dag_decorator.py took 0.566 seconds
[2024-01-12T21:08:40.915+0200] {processor.py:161} INFO - Started process (PID=19337) to work on /Library/Frameworks/Python.framework/Versions/3.10/lib/python3.10/site-packages/airflow/example_dags/example_dag_decorator.py
[2024-01-12T21:08:40.919+0200] {processor.py:830} INFO - Processing file /Library/Frameworks/Python.framework/Versions/3.10/lib/python3.10/site-packages/airflow/example_dags/example_dag_decorator.py for tasks to queue
[2024-01-12T21:08:40.920+0200] {logging_mixin.py:188} INFO - [2024-01-12T21:08:40.920+0200] {dagbag.py:538} INFO - Filling up the DagBag from /Library/Frameworks/Python.framework/Versions/3.10/lib/python3.10/site-packages/airflow/example_dags/example_dag_decorator.py
[2024-01-12T21:08:41.230+0200] {processor.py:840} INFO - DAG(s) 'example_dag_decorator' retrieved from /Library/Frameworks/Python.framework/Versions/3.10/lib/python3.10/site-packages/airflow/example_dags/example_dag_decorator.py
[2024-01-12T21:08:41.434+0200] {logging_mixin.py:188} INFO - [2024-01-12T21:08:41.433+0200] {dag.py:3033} INFO - Sync 1 DAGs
[2024-01-12T21:08:41.441+0200] {logging_mixin.py:188} INFO - [2024-01-12T21:08:41.441+0200] {dag.py:3820} INFO - Setting next_dagrun for example_dag_decorator to None, run_after=None
[2024-01-12T21:08:41.460+0200] {processor.py:183} INFO - Processing /Library/Frameworks/Python.framework/Versions/3.10/lib/python3.10/site-packages/airflow/example_dags/example_dag_decorator.py took 0.546 seconds
[2024-01-12T21:12:23.427+0200] {processor.py:161} INFO - Started process (PID=19597) to work on /Library/Frameworks/Python.framework/Versions/3.10/lib/python3.10/site-packages/airflow/example_dags/example_dag_decorator.py
[2024-01-12T21:12:23.432+0200] {processor.py:830} INFO - Processing file /Library/Frameworks/Python.framework/Versions/3.10/lib/python3.10/site-packages/airflow/example_dags/example_dag_decorator.py for tasks to queue
[2024-01-12T21:12:23.433+0200] {logging_mixin.py:188} INFO - [2024-01-12T21:12:23.432+0200] {dagbag.py:538} INFO - Filling up the DagBag from /Library/Frameworks/Python.framework/Versions/3.10/lib/python3.10/site-packages/airflow/example_dags/example_dag_decorator.py
[2024-01-12T21:12:23.723+0200] {processor.py:840} INFO - DAG(s) 'example_dag_decorator' retrieved from /Library/Frameworks/Python.framework/Versions/3.10/lib/python3.10/site-packages/airflow/example_dags/example_dag_decorator.py
[2024-01-12T21:12:23.924+0200] {logging_mixin.py:188} INFO - [2024-01-12T21:12:23.923+0200] {dag.py:3033} INFO - Sync 1 DAGs
[2024-01-12T21:12:23.930+0200] {logging_mixin.py:188} INFO - [2024-01-12T21:12:23.930+0200] {dag.py:3820} INFO - Setting next_dagrun for example_dag_decorator to None, run_after=None
[2024-01-12T21:12:23.949+0200] {processor.py:183} INFO - Processing /Library/Frameworks/Python.framework/Versions/3.10/lib/python3.10/site-packages/airflow/example_dags/example_dag_decorator.py took 0.523 seconds
[2024-01-12T21:16:06.850+0200] {processor.py:161} INFO - Started process (PID=19751) to work on /Library/Frameworks/Python.framework/Versions/3.10/lib/python3.10/site-packages/airflow/example_dags/example_dag_decorator.py
[2024-01-12T21:16:06.854+0200] {processor.py:830} INFO - Processing file /Library/Frameworks/Python.framework/Versions/3.10/lib/python3.10/site-packages/airflow/example_dags/example_dag_decorator.py for tasks to queue
[2024-01-12T21:16:06.855+0200] {logging_mixin.py:188} INFO - [2024-01-12T21:16:06.855+0200] {dagbag.py:538} INFO - Filling up the DagBag from /Library/Frameworks/Python.framework/Versions/3.10/lib/python3.10/site-packages/airflow/example_dags/example_dag_decorator.py
[2024-01-12T21:16:07.163+0200] {processor.py:840} INFO - DAG(s) 'example_dag_decorator' retrieved from /Library/Frameworks/Python.framework/Versions/3.10/lib/python3.10/site-packages/airflow/example_dags/example_dag_decorator.py
[2024-01-12T21:16:07.375+0200] {logging_mixin.py:188} INFO - [2024-01-12T21:16:07.374+0200] {dag.py:3033} INFO - Sync 1 DAGs
[2024-01-12T21:16:07.386+0200] {logging_mixin.py:188} INFO - [2024-01-12T21:16:07.386+0200] {dag.py:3820} INFO - Setting next_dagrun for example_dag_decorator to None, run_after=None
[2024-01-12T21:16:07.409+0200] {processor.py:183} INFO - Processing /Library/Frameworks/Python.framework/Versions/3.10/lib/python3.10/site-packages/airflow/example_dags/example_dag_decorator.py took 0.560 seconds
[2024-01-12T21:19:51.830+0200] {processor.py:161} INFO - Started process (PID=20016) to work on /Library/Frameworks/Python.framework/Versions/3.10/lib/python3.10/site-packages/airflow/example_dags/example_dag_decorator.py
[2024-01-12T21:19:51.834+0200] {processor.py:830} INFO - Processing file /Library/Frameworks/Python.framework/Versions/3.10/lib/python3.10/site-packages/airflow/example_dags/example_dag_decorator.py for tasks to queue
[2024-01-12T21:19:51.835+0200] {logging_mixin.py:188} INFO - [2024-01-12T21:19:51.835+0200] {dagbag.py:538} INFO - Filling up the DagBag from /Library/Frameworks/Python.framework/Versions/3.10/lib/python3.10/site-packages/airflow/example_dags/example_dag_decorator.py
[2024-01-12T21:19:52.145+0200] {processor.py:840} INFO - DAG(s) 'example_dag_decorator' retrieved from /Library/Frameworks/Python.framework/Versions/3.10/lib/python3.10/site-packages/airflow/example_dags/example_dag_decorator.py
[2024-01-12T21:19:52.382+0200] {logging_mixin.py:188} INFO - [2024-01-12T21:19:52.382+0200] {dag.py:3033} INFO - Sync 1 DAGs
[2024-01-12T21:19:52.389+0200] {logging_mixin.py:188} INFO - [2024-01-12T21:19:52.389+0200] {dag.py:3820} INFO - Setting next_dagrun for example_dag_decorator to None, run_after=None
[2024-01-12T21:19:52.408+0200] {processor.py:183} INFO - Processing /Library/Frameworks/Python.framework/Versions/3.10/lib/python3.10/site-packages/airflow/example_dags/example_dag_decorator.py took 0.580 seconds
