[2024-01-12T16:44:17.422+0200] {processor.py:161} INFO - Started process (PID=3706) to work on /Library/Frameworks/Python.framework/Versions/3.10/lib/python3.10/site-packages/airflow/example_dags/example_branch_labels.py
[2024-01-12T16:44:17.425+0200] {processor.py:830} INFO - Processing file /Library/Frameworks/Python.framework/Versions/3.10/lib/python3.10/site-packages/airflow/example_dags/example_branch_labels.py for tasks to queue
[2024-01-12T16:44:17.426+0200] {logging_mixin.py:188} INFO - [2024-01-12T16:44:17.426+0200] {dagbag.py:538} INFO - Filling up the DagBag from /Library/Frameworks/Python.framework/Versions/3.10/lib/python3.10/site-packages/airflow/example_dags/example_branch_labels.py
[2024-01-12T16:44:17.438+0200] {processor.py:840} INFO - DAG(s) 'example_branch_labels' retrieved from /Library/Frameworks/Python.framework/Versions/3.10/lib/python3.10/site-packages/airflow/example_dags/example_branch_labels.py
[2024-01-12T16:44:17.659+0200] {logging_mixin.py:188} INFO - [2024-01-12T16:44:17.659+0200] {dag.py:3033} INFO - Sync 1 DAGs
[2024-01-12T16:44:17.674+0200] {logging_mixin.py:188} INFO - [2024-01-12T16:44:17.674+0200] {dag.py:3820} INFO - Setting next_dagrun for example_branch_labels to 2024-01-11T00:00:00+00:00, run_after=2024-01-12T00:00:00+00:00
[2024-01-12T16:44:17.690+0200] {processor.py:183} INFO - Processing /Library/Frameworks/Python.framework/Versions/3.10/lib/python3.10/site-packages/airflow/example_dags/example_branch_labels.py took 0.270 seconds
[2024-01-12T16:48:23.297+0200] {processor.py:161} INFO - Started process (PID=3919) to work on /Library/Frameworks/Python.framework/Versions/3.10/lib/python3.10/site-packages/airflow/example_dags/example_branch_labels.py
[2024-01-12T16:48:23.302+0200] {processor.py:830} INFO - Processing file /Library/Frameworks/Python.framework/Versions/3.10/lib/python3.10/site-packages/airflow/example_dags/example_branch_labels.py for tasks to queue
[2024-01-12T16:48:23.303+0200] {logging_mixin.py:188} INFO - [2024-01-12T16:48:23.303+0200] {dagbag.py:538} INFO - Filling up the DagBag from /Library/Frameworks/Python.framework/Versions/3.10/lib/python3.10/site-packages/airflow/example_dags/example_branch_labels.py
[2024-01-12T16:48:23.316+0200] {processor.py:840} INFO - DAG(s) 'example_branch_labels' retrieved from /Library/Frameworks/Python.framework/Versions/3.10/lib/python3.10/site-packages/airflow/example_dags/example_branch_labels.py
[2024-01-12T16:48:23.460+0200] {logging_mixin.py:188} INFO - [2024-01-12T16:48:23.460+0200] {dag.py:3033} INFO - Sync 1 DAGs
[2024-01-12T16:48:23.476+0200] {logging_mixin.py:188} INFO - [2024-01-12T16:48:23.475+0200] {dag.py:3820} INFO - Setting next_dagrun for example_branch_labels to 2024-01-11T00:00:00+00:00, run_after=2024-01-12T00:00:00+00:00
[2024-01-12T16:48:23.491+0200] {processor.py:183} INFO - Processing /Library/Frameworks/Python.framework/Versions/3.10/lib/python3.10/site-packages/airflow/example_dags/example_branch_labels.py took 0.195 seconds
[2024-01-12T16:52:10.935+0200] {processor.py:161} INFO - Started process (PID=4162) to work on /Library/Frameworks/Python.framework/Versions/3.10/lib/python3.10/site-packages/airflow/example_dags/example_branch_labels.py
[2024-01-12T16:52:10.940+0200] {processor.py:830} INFO - Processing file /Library/Frameworks/Python.framework/Versions/3.10/lib/python3.10/site-packages/airflow/example_dags/example_branch_labels.py for tasks to queue
[2024-01-12T16:52:10.941+0200] {logging_mixin.py:188} INFO - [2024-01-12T16:52:10.941+0200] {dagbag.py:538} INFO - Filling up the DagBag from /Library/Frameworks/Python.framework/Versions/3.10/lib/python3.10/site-packages/airflow/example_dags/example_branch_labels.py
[2024-01-12T16:52:10.952+0200] {processor.py:840} INFO - DAG(s) 'example_branch_labels' retrieved from /Library/Frameworks/Python.framework/Versions/3.10/lib/python3.10/site-packages/airflow/example_dags/example_branch_labels.py
[2024-01-12T16:52:11.096+0200] {logging_mixin.py:188} INFO - [2024-01-12T16:52:11.096+0200] {dag.py:3033} INFO - Sync 1 DAGs
[2024-01-12T16:52:11.111+0200] {logging_mixin.py:188} INFO - [2024-01-12T16:52:11.111+0200] {dag.py:3820} INFO - Setting next_dagrun for example_branch_labels to 2024-01-11T00:00:00+00:00, run_after=2024-01-12T00:00:00+00:00
[2024-01-12T16:52:11.127+0200] {processor.py:183} INFO - Processing /Library/Frameworks/Python.framework/Versions/3.10/lib/python3.10/site-packages/airflow/example_dags/example_branch_labels.py took 0.193 seconds
[2024-01-12T16:56:29.880+0200] {processor.py:161} INFO - Started process (PID=4515) to work on /Library/Frameworks/Python.framework/Versions/3.10/lib/python3.10/site-packages/airflow/example_dags/example_branch_labels.py
[2024-01-12T16:56:29.885+0200] {processor.py:830} INFO - Processing file /Library/Frameworks/Python.framework/Versions/3.10/lib/python3.10/site-packages/airflow/example_dags/example_branch_labels.py for tasks to queue
[2024-01-12T16:56:29.885+0200] {logging_mixin.py:188} INFO - [2024-01-12T16:56:29.885+0200] {dagbag.py:538} INFO - Filling up the DagBag from /Library/Frameworks/Python.framework/Versions/3.10/lib/python3.10/site-packages/airflow/example_dags/example_branch_labels.py
[2024-01-12T16:56:29.897+0200] {processor.py:840} INFO - DAG(s) 'example_branch_labels' retrieved from /Library/Frameworks/Python.framework/Versions/3.10/lib/python3.10/site-packages/airflow/example_dags/example_branch_labels.py
[2024-01-12T16:56:30.060+0200] {logging_mixin.py:188} INFO - [2024-01-12T16:56:30.060+0200] {dag.py:3033} INFO - Sync 1 DAGs
[2024-01-12T16:56:30.077+0200] {logging_mixin.py:188} INFO - [2024-01-12T16:56:30.077+0200] {dag.py:3820} INFO - Setting next_dagrun for example_branch_labels to 2024-01-11T00:00:00+00:00, run_after=2024-01-12T00:00:00+00:00
[2024-01-12T16:56:30.096+0200] {processor.py:183} INFO - Processing /Library/Frameworks/Python.framework/Versions/3.10/lib/python3.10/site-packages/airflow/example_dags/example_branch_labels.py took 0.216 seconds
[2024-01-12T17:00:36.413+0200] {processor.py:161} INFO - Started process (PID=4730) to work on /Library/Frameworks/Python.framework/Versions/3.10/lib/python3.10/site-packages/airflow/example_dags/example_branch_labels.py
[2024-01-12T17:00:36.423+0200] {processor.py:830} INFO - Processing file /Library/Frameworks/Python.framework/Versions/3.10/lib/python3.10/site-packages/airflow/example_dags/example_branch_labels.py for tasks to queue
[2024-01-12T17:00:36.423+0200] {logging_mixin.py:188} INFO - [2024-01-12T17:00:36.423+0200] {dagbag.py:538} INFO - Filling up the DagBag from /Library/Frameworks/Python.framework/Versions/3.10/lib/python3.10/site-packages/airflow/example_dags/example_branch_labels.py
[2024-01-12T17:00:36.444+0200] {processor.py:840} INFO - DAG(s) 'example_branch_labels' retrieved from /Library/Frameworks/Python.framework/Versions/3.10/lib/python3.10/site-packages/airflow/example_dags/example_branch_labels.py
[2024-01-12T17:00:36.704+0200] {logging_mixin.py:188} INFO - [2024-01-12T17:00:36.704+0200] {dag.py:3033} INFO - Sync 1 DAGs
[2024-01-12T17:00:36.733+0200] {logging_mixin.py:188} INFO - [2024-01-12T17:00:36.733+0200] {dag.py:3820} INFO - Setting next_dagrun for example_branch_labels to 2024-01-11T00:00:00+00:00, run_after=2024-01-12T00:00:00+00:00
[2024-01-12T17:00:36.757+0200] {processor.py:183} INFO - Processing /Library/Frameworks/Python.framework/Versions/3.10/lib/python3.10/site-packages/airflow/example_dags/example_branch_labels.py took 0.347 seconds
[2024-01-12T17:05:02.107+0200] {processor.py:161} INFO - Started process (PID=5058) to work on /Library/Frameworks/Python.framework/Versions/3.10/lib/python3.10/site-packages/airflow/example_dags/example_branch_labels.py
[2024-01-12T17:05:02.119+0200] {processor.py:830} INFO - Processing file /Library/Frameworks/Python.framework/Versions/3.10/lib/python3.10/site-packages/airflow/example_dags/example_branch_labels.py for tasks to queue
[2024-01-12T17:05:02.120+0200] {logging_mixin.py:188} INFO - [2024-01-12T17:05:02.120+0200] {dagbag.py:538} INFO - Filling up the DagBag from /Library/Frameworks/Python.framework/Versions/3.10/lib/python3.10/site-packages/airflow/example_dags/example_branch_labels.py
[2024-01-12T17:05:02.135+0200] {processor.py:840} INFO - DAG(s) 'example_branch_labels' retrieved from /Library/Frameworks/Python.framework/Versions/3.10/lib/python3.10/site-packages/airflow/example_dags/example_branch_labels.py
[2024-01-12T17:05:02.295+0200] {logging_mixin.py:188} INFO - [2024-01-12T17:05:02.294+0200] {dag.py:3033} INFO - Sync 1 DAGs
[2024-01-12T17:05:02.311+0200] {logging_mixin.py:188} INFO - [2024-01-12T17:05:02.311+0200] {dag.py:3820} INFO - Setting next_dagrun for example_branch_labels to 2024-01-11T00:00:00+00:00, run_after=2024-01-12T00:00:00+00:00
[2024-01-12T17:05:02.328+0200] {processor.py:183} INFO - Processing /Library/Frameworks/Python.framework/Versions/3.10/lib/python3.10/site-packages/airflow/example_dags/example_branch_labels.py took 0.222 seconds
[2024-01-12T17:09:17.789+0200] {processor.py:161} INFO - Started process (PID=5382) to work on /Library/Frameworks/Python.framework/Versions/3.10/lib/python3.10/site-packages/airflow/example_dags/example_branch_labels.py
[2024-01-12T17:09:17.794+0200] {processor.py:830} INFO - Processing file /Library/Frameworks/Python.framework/Versions/3.10/lib/python3.10/site-packages/airflow/example_dags/example_branch_labels.py for tasks to queue
[2024-01-12T17:09:17.812+0200] {logging_mixin.py:188} INFO - [2024-01-12T17:09:17.812+0200] {dagbag.py:538} INFO - Filling up the DagBag from /Library/Frameworks/Python.framework/Versions/3.10/lib/python3.10/site-packages/airflow/example_dags/example_branch_labels.py
[2024-01-12T17:09:17.833+0200] {processor.py:840} INFO - DAG(s) 'example_branch_labels' retrieved from /Library/Frameworks/Python.framework/Versions/3.10/lib/python3.10/site-packages/airflow/example_dags/example_branch_labels.py
[2024-01-12T17:09:17.997+0200] {logging_mixin.py:188} INFO - [2024-01-12T17:09:17.997+0200] {dag.py:3033} INFO - Sync 1 DAGs
[2024-01-12T17:09:18.013+0200] {logging_mixin.py:188} INFO - [2024-01-12T17:09:18.013+0200] {dag.py:3820} INFO - Setting next_dagrun for example_branch_labels to 2024-01-11T00:00:00+00:00, run_after=2024-01-12T00:00:00+00:00
[2024-01-12T17:09:18.030+0200] {processor.py:183} INFO - Processing /Library/Frameworks/Python.framework/Versions/3.10/lib/python3.10/site-packages/airflow/example_dags/example_branch_labels.py took 0.242 seconds
[2024-01-12T17:13:26.595+0200] {processor.py:161} INFO - Started process (PID=5572) to work on /Library/Frameworks/Python.framework/Versions/3.10/lib/python3.10/site-packages/airflow/example_dags/example_branch_labels.py
[2024-01-12T17:13:26.601+0200] {processor.py:830} INFO - Processing file /Library/Frameworks/Python.framework/Versions/3.10/lib/python3.10/site-packages/airflow/example_dags/example_branch_labels.py for tasks to queue
[2024-01-12T17:13:26.602+0200] {logging_mixin.py:188} INFO - [2024-01-12T17:13:26.602+0200] {dagbag.py:538} INFO - Filling up the DagBag from /Library/Frameworks/Python.framework/Versions/3.10/lib/python3.10/site-packages/airflow/example_dags/example_branch_labels.py
[2024-01-12T17:13:26.621+0200] {processor.py:840} INFO - DAG(s) 'example_branch_labels' retrieved from /Library/Frameworks/Python.framework/Versions/3.10/lib/python3.10/site-packages/airflow/example_dags/example_branch_labels.py
[2024-01-12T17:13:26.851+0200] {logging_mixin.py:188} INFO - [2024-01-12T17:13:26.846+0200] {dag.py:3033} INFO - Sync 1 DAGs
[2024-01-12T17:13:26.883+0200] {logging_mixin.py:188} INFO - [2024-01-12T17:13:26.883+0200] {dag.py:3820} INFO - Setting next_dagrun for example_branch_labels to 2024-01-11T00:00:00+00:00, run_after=2024-01-12T00:00:00+00:00
[2024-01-12T17:13:26.927+0200] {processor.py:183} INFO - Processing /Library/Frameworks/Python.framework/Versions/3.10/lib/python3.10/site-packages/airflow/example_dags/example_branch_labels.py took 0.334 seconds
[2024-01-12T17:17:55.584+0200] {processor.py:161} INFO - Started process (PID=5847) to work on /Library/Frameworks/Python.framework/Versions/3.10/lib/python3.10/site-packages/airflow/example_dags/example_branch_labels.py
[2024-01-12T17:17:55.589+0200] {processor.py:830} INFO - Processing file /Library/Frameworks/Python.framework/Versions/3.10/lib/python3.10/site-packages/airflow/example_dags/example_branch_labels.py for tasks to queue
[2024-01-12T17:17:55.590+0200] {logging_mixin.py:188} INFO - [2024-01-12T17:17:55.589+0200] {dagbag.py:538} INFO - Filling up the DagBag from /Library/Frameworks/Python.framework/Versions/3.10/lib/python3.10/site-packages/airflow/example_dags/example_branch_labels.py
[2024-01-12T17:17:55.604+0200] {processor.py:840} INFO - DAG(s) 'example_branch_labels' retrieved from /Library/Frameworks/Python.framework/Versions/3.10/lib/python3.10/site-packages/airflow/example_dags/example_branch_labels.py
[2024-01-12T17:17:55.754+0200] {logging_mixin.py:188} INFO - [2024-01-12T17:17:55.754+0200] {dag.py:3033} INFO - Sync 1 DAGs
[2024-01-12T17:17:55.772+0200] {logging_mixin.py:188} INFO - [2024-01-12T17:17:55.771+0200] {dag.py:3820} INFO - Setting next_dagrun for example_branch_labels to 2024-01-11T00:00:00+00:00, run_after=2024-01-12T00:00:00+00:00
[2024-01-12T17:17:55.790+0200] {processor.py:183} INFO - Processing /Library/Frameworks/Python.framework/Versions/3.10/lib/python3.10/site-packages/airflow/example_dags/example_branch_labels.py took 0.207 seconds
[2024-01-12T17:22:18.126+0200] {processor.py:161} INFO - Started process (PID=6058) to work on /Library/Frameworks/Python.framework/Versions/3.10/lib/python3.10/site-packages/airflow/example_dags/example_branch_labels.py
[2024-01-12T17:22:18.131+0200] {processor.py:830} INFO - Processing file /Library/Frameworks/Python.framework/Versions/3.10/lib/python3.10/site-packages/airflow/example_dags/example_branch_labels.py for tasks to queue
[2024-01-12T17:22:18.132+0200] {logging_mixin.py:188} INFO - [2024-01-12T17:22:18.131+0200] {dagbag.py:538} INFO - Filling up the DagBag from /Library/Frameworks/Python.framework/Versions/3.10/lib/python3.10/site-packages/airflow/example_dags/example_branch_labels.py
[2024-01-12T17:22:18.145+0200] {processor.py:840} INFO - DAG(s) 'example_branch_labels' retrieved from /Library/Frameworks/Python.framework/Versions/3.10/lib/python3.10/site-packages/airflow/example_dags/example_branch_labels.py
[2024-01-12T17:22:18.306+0200] {logging_mixin.py:188} INFO - [2024-01-12T17:22:18.306+0200] {dag.py:3033} INFO - Sync 1 DAGs
[2024-01-12T17:22:18.325+0200] {logging_mixin.py:188} INFO - [2024-01-12T17:22:18.325+0200] {dag.py:3820} INFO - Setting next_dagrun for example_branch_labels to 2024-01-11T00:00:00+00:00, run_after=2024-01-12T00:00:00+00:00
[2024-01-12T17:22:18.346+0200] {processor.py:183} INFO - Processing /Library/Frameworks/Python.framework/Versions/3.10/lib/python3.10/site-packages/airflow/example_dags/example_branch_labels.py took 0.221 seconds
[2024-01-12T17:26:27.356+0200] {processor.py:161} INFO - Started process (PID=6317) to work on /Library/Frameworks/Python.framework/Versions/3.10/lib/python3.10/site-packages/airflow/example_dags/example_branch_labels.py
[2024-01-12T17:26:27.361+0200] {processor.py:830} INFO - Processing file /Library/Frameworks/Python.framework/Versions/3.10/lib/python3.10/site-packages/airflow/example_dags/example_branch_labels.py for tasks to queue
[2024-01-12T17:26:27.361+0200] {logging_mixin.py:188} INFO - [2024-01-12T17:26:27.361+0200] {dagbag.py:538} INFO - Filling up the DagBag from /Library/Frameworks/Python.framework/Versions/3.10/lib/python3.10/site-packages/airflow/example_dags/example_branch_labels.py
[2024-01-12T17:26:27.374+0200] {processor.py:840} INFO - DAG(s) 'example_branch_labels' retrieved from /Library/Frameworks/Python.framework/Versions/3.10/lib/python3.10/site-packages/airflow/example_dags/example_branch_labels.py
[2024-01-12T17:26:27.512+0200] {logging_mixin.py:188} INFO - [2024-01-12T17:26:27.512+0200] {dag.py:3033} INFO - Sync 1 DAGs
[2024-01-12T17:26:27.527+0200] {logging_mixin.py:188} INFO - [2024-01-12T17:26:27.527+0200] {dag.py:3820} INFO - Setting next_dagrun for example_branch_labels to 2024-01-11T00:00:00+00:00, run_after=2024-01-12T00:00:00+00:00
[2024-01-12T17:26:27.543+0200] {processor.py:183} INFO - Processing /Library/Frameworks/Python.framework/Versions/3.10/lib/python3.10/site-packages/airflow/example_dags/example_branch_labels.py took 0.188 seconds
[2024-01-12T17:30:06.453+0200] {processor.py:161} INFO - Started process (PID=6463) to work on /Library/Frameworks/Python.framework/Versions/3.10/lib/python3.10/site-packages/airflow/example_dags/example_branch_labels.py
[2024-01-12T17:30:06.457+0200] {processor.py:830} INFO - Processing file /Library/Frameworks/Python.framework/Versions/3.10/lib/python3.10/site-packages/airflow/example_dags/example_branch_labels.py for tasks to queue
[2024-01-12T17:30:06.457+0200] {logging_mixin.py:188} INFO - [2024-01-12T17:30:06.457+0200] {dagbag.py:538} INFO - Filling up the DagBag from /Library/Frameworks/Python.framework/Versions/3.10/lib/python3.10/site-packages/airflow/example_dags/example_branch_labels.py
[2024-01-12T17:30:06.469+0200] {processor.py:840} INFO - DAG(s) 'example_branch_labels' retrieved from /Library/Frameworks/Python.framework/Versions/3.10/lib/python3.10/site-packages/airflow/example_dags/example_branch_labels.py
[2024-01-12T17:30:06.607+0200] {logging_mixin.py:188} INFO - [2024-01-12T17:30:06.607+0200] {dag.py:3033} INFO - Sync 1 DAGs
[2024-01-12T17:30:06.622+0200] {logging_mixin.py:188} INFO - [2024-01-12T17:30:06.622+0200] {dag.py:3820} INFO - Setting next_dagrun for example_branch_labels to 2024-01-11T00:00:00+00:00, run_after=2024-01-12T00:00:00+00:00
[2024-01-12T17:30:06.637+0200] {processor.py:183} INFO - Processing /Library/Frameworks/Python.framework/Versions/3.10/lib/python3.10/site-packages/airflow/example_dags/example_branch_labels.py took 0.186 seconds
[2024-01-12T17:33:44.105+0200] {processor.py:161} INFO - Started process (PID=6759) to work on /Library/Frameworks/Python.framework/Versions/3.10/lib/python3.10/site-packages/airflow/example_dags/example_branch_labels.py
[2024-01-12T17:33:44.110+0200] {processor.py:830} INFO - Processing file /Library/Frameworks/Python.framework/Versions/3.10/lib/python3.10/site-packages/airflow/example_dags/example_branch_labels.py for tasks to queue
[2024-01-12T17:33:44.110+0200] {logging_mixin.py:188} INFO - [2024-01-12T17:33:44.110+0200] {dagbag.py:538} INFO - Filling up the DagBag from /Library/Frameworks/Python.framework/Versions/3.10/lib/python3.10/site-packages/airflow/example_dags/example_branch_labels.py
[2024-01-12T17:33:44.122+0200] {processor.py:840} INFO - DAG(s) 'example_branch_labels' retrieved from /Library/Frameworks/Python.framework/Versions/3.10/lib/python3.10/site-packages/airflow/example_dags/example_branch_labels.py
[2024-01-12T17:33:44.263+0200] {logging_mixin.py:188} INFO - [2024-01-12T17:33:44.262+0200] {dag.py:3033} INFO - Sync 1 DAGs
[2024-01-12T17:33:44.277+0200] {logging_mixin.py:188} INFO - [2024-01-12T17:33:44.277+0200] {dag.py:3820} INFO - Setting next_dagrun for example_branch_labels to 2024-01-11T00:00:00+00:00, run_after=2024-01-12T00:00:00+00:00
[2024-01-12T17:33:44.293+0200] {processor.py:183} INFO - Processing /Library/Frameworks/Python.framework/Versions/3.10/lib/python3.10/site-packages/airflow/example_dags/example_branch_labels.py took 0.189 seconds
[2024-01-12T17:38:04.696+0200] {processor.py:161} INFO - Started process (PID=7058) to work on /Library/Frameworks/Python.framework/Versions/3.10/lib/python3.10/site-packages/airflow/example_dags/example_branch_labels.py
[2024-01-12T17:38:04.701+0200] {processor.py:830} INFO - Processing file /Library/Frameworks/Python.framework/Versions/3.10/lib/python3.10/site-packages/airflow/example_dags/example_branch_labels.py for tasks to queue
[2024-01-12T17:38:04.702+0200] {logging_mixin.py:188} INFO - [2024-01-12T17:38:04.702+0200] {dagbag.py:538} INFO - Filling up the DagBag from /Library/Frameworks/Python.framework/Versions/3.10/lib/python3.10/site-packages/airflow/example_dags/example_branch_labels.py
[2024-01-12T17:38:04.715+0200] {processor.py:840} INFO - DAG(s) 'example_branch_labels' retrieved from /Library/Frameworks/Python.framework/Versions/3.10/lib/python3.10/site-packages/airflow/example_dags/example_branch_labels.py
[2024-01-12T17:38:04.882+0200] {logging_mixin.py:188} INFO - [2024-01-12T17:38:04.882+0200] {dag.py:3033} INFO - Sync 1 DAGs
[2024-01-12T17:38:04.900+0200] {logging_mixin.py:188} INFO - [2024-01-12T17:38:04.900+0200] {dag.py:3820} INFO - Setting next_dagrun for example_branch_labels to 2024-01-11T00:00:00+00:00, run_after=2024-01-12T00:00:00+00:00
[2024-01-12T17:38:04.917+0200] {processor.py:183} INFO - Processing /Library/Frameworks/Python.framework/Versions/3.10/lib/python3.10/site-packages/airflow/example_dags/example_branch_labels.py took 0.222 seconds
[2024-01-12T17:42:54.787+0200] {processor.py:161} INFO - Started process (PID=7299) to work on /Library/Frameworks/Python.framework/Versions/3.10/lib/python3.10/site-packages/airflow/example_dags/example_branch_labels.py
[2024-01-12T17:42:54.792+0200] {processor.py:830} INFO - Processing file /Library/Frameworks/Python.framework/Versions/3.10/lib/python3.10/site-packages/airflow/example_dags/example_branch_labels.py for tasks to queue
[2024-01-12T17:42:54.793+0200] {logging_mixin.py:188} INFO - [2024-01-12T17:42:54.792+0200] {dagbag.py:538} INFO - Filling up the DagBag from /Library/Frameworks/Python.framework/Versions/3.10/lib/python3.10/site-packages/airflow/example_dags/example_branch_labels.py
[2024-01-12T17:42:54.805+0200] {processor.py:840} INFO - DAG(s) 'example_branch_labels' retrieved from /Library/Frameworks/Python.framework/Versions/3.10/lib/python3.10/site-packages/airflow/example_dags/example_branch_labels.py
[2024-01-12T17:42:54.963+0200] {logging_mixin.py:188} INFO - [2024-01-12T17:42:54.963+0200] {dag.py:3033} INFO - Sync 1 DAGs
[2024-01-12T17:42:54.979+0200] {logging_mixin.py:188} INFO - [2024-01-12T17:42:54.979+0200] {dag.py:3820} INFO - Setting next_dagrun for example_branch_labels to 2024-01-11T00:00:00+00:00, run_after=2024-01-12T00:00:00+00:00
[2024-01-12T17:42:54.997+0200] {processor.py:183} INFO - Processing /Library/Frameworks/Python.framework/Versions/3.10/lib/python3.10/site-packages/airflow/example_dags/example_branch_labels.py took 0.211 seconds
[2024-01-12T17:48:29.924+0200] {processor.py:161} INFO - Started process (PID=7750) to work on /Library/Frameworks/Python.framework/Versions/3.10/lib/python3.10/site-packages/airflow/example_dags/example_branch_labels.py
[2024-01-12T17:48:29.929+0200] {processor.py:830} INFO - Processing file /Library/Frameworks/Python.framework/Versions/3.10/lib/python3.10/site-packages/airflow/example_dags/example_branch_labels.py for tasks to queue
[2024-01-12T17:48:29.929+0200] {logging_mixin.py:188} INFO - [2024-01-12T17:48:29.929+0200] {dagbag.py:538} INFO - Filling up the DagBag from /Library/Frameworks/Python.framework/Versions/3.10/lib/python3.10/site-packages/airflow/example_dags/example_branch_labels.py
[2024-01-12T17:48:29.941+0200] {processor.py:840} INFO - DAG(s) 'example_branch_labels' retrieved from /Library/Frameworks/Python.framework/Versions/3.10/lib/python3.10/site-packages/airflow/example_dags/example_branch_labels.py
[2024-01-12T17:48:30.078+0200] {logging_mixin.py:188} INFO - [2024-01-12T17:48:30.078+0200] {dag.py:3033} INFO - Sync 1 DAGs
[2024-01-12T17:48:30.093+0200] {logging_mixin.py:188} INFO - [2024-01-12T17:48:30.093+0200] {dag.py:3820} INFO - Setting next_dagrun for example_branch_labels to 2024-01-11T00:00:00+00:00, run_after=2024-01-12T00:00:00+00:00
[2024-01-12T17:48:30.110+0200] {processor.py:183} INFO - Processing /Library/Frameworks/Python.framework/Versions/3.10/lib/python3.10/site-packages/airflow/example_dags/example_branch_labels.py took 0.187 seconds
[2024-01-12T17:52:19.686+0200] {processor.py:161} INFO - Started process (PID=7907) to work on /Library/Frameworks/Python.framework/Versions/3.10/lib/python3.10/site-packages/airflow/example_dags/example_branch_labels.py
[2024-01-12T17:52:19.689+0200] {processor.py:830} INFO - Processing file /Library/Frameworks/Python.framework/Versions/3.10/lib/python3.10/site-packages/airflow/example_dags/example_branch_labels.py for tasks to queue
[2024-01-12T17:52:19.690+0200] {logging_mixin.py:188} INFO - [2024-01-12T17:52:19.690+0200] {dagbag.py:538} INFO - Filling up the DagBag from /Library/Frameworks/Python.framework/Versions/3.10/lib/python3.10/site-packages/airflow/example_dags/example_branch_labels.py
[2024-01-12T17:52:19.700+0200] {processor.py:840} INFO - DAG(s) 'example_branch_labels' retrieved from /Library/Frameworks/Python.framework/Versions/3.10/lib/python3.10/site-packages/airflow/example_dags/example_branch_labels.py
[2024-01-12T17:52:19.839+0200] {logging_mixin.py:188} INFO - [2024-01-12T17:52:19.838+0200] {dag.py:3033} INFO - Sync 1 DAGs
[2024-01-12T17:52:19.853+0200] {logging_mixin.py:188} INFO - [2024-01-12T17:52:19.853+0200] {dag.py:3820} INFO - Setting next_dagrun for example_branch_labels to 2024-01-11T00:00:00+00:00, run_after=2024-01-12T00:00:00+00:00
[2024-01-12T17:52:19.873+0200] {processor.py:183} INFO - Processing /Library/Frameworks/Python.framework/Versions/3.10/lib/python3.10/site-packages/airflow/example_dags/example_branch_labels.py took 0.188 seconds
[2024-01-12T17:56:10.513+0200] {processor.py:161} INFO - Started process (PID=8183) to work on /Library/Frameworks/Python.framework/Versions/3.10/lib/python3.10/site-packages/airflow/example_dags/example_branch_labels.py
[2024-01-12T17:56:10.518+0200] {processor.py:830} INFO - Processing file /Library/Frameworks/Python.framework/Versions/3.10/lib/python3.10/site-packages/airflow/example_dags/example_branch_labels.py for tasks to queue
[2024-01-12T17:56:10.519+0200] {logging_mixin.py:188} INFO - [2024-01-12T17:56:10.519+0200] {dagbag.py:538} INFO - Filling up the DagBag from /Library/Frameworks/Python.framework/Versions/3.10/lib/python3.10/site-packages/airflow/example_dags/example_branch_labels.py
[2024-01-12T17:56:10.532+0200] {processor.py:840} INFO - DAG(s) 'example_branch_labels' retrieved from /Library/Frameworks/Python.framework/Versions/3.10/lib/python3.10/site-packages/airflow/example_dags/example_branch_labels.py
[2024-01-12T17:56:10.696+0200] {logging_mixin.py:188} INFO - [2024-01-12T17:56:10.696+0200] {dag.py:3033} INFO - Sync 1 DAGs
[2024-01-12T17:56:10.714+0200] {logging_mixin.py:188} INFO - [2024-01-12T17:56:10.714+0200] {dag.py:3820} INFO - Setting next_dagrun for example_branch_labels to 2024-01-11T00:00:00+00:00, run_after=2024-01-12T00:00:00+00:00
[2024-01-12T17:56:10.732+0200] {processor.py:183} INFO - Processing /Library/Frameworks/Python.framework/Versions/3.10/lib/python3.10/site-packages/airflow/example_dags/example_branch_labels.py took 0.220 seconds
[2024-01-12T17:59:58.185+0200] {processor.py:161} INFO - Started process (PID=8343) to work on /Library/Frameworks/Python.framework/Versions/3.10/lib/python3.10/site-packages/airflow/example_dags/example_branch_labels.py
[2024-01-12T17:59:58.190+0200] {processor.py:830} INFO - Processing file /Library/Frameworks/Python.framework/Versions/3.10/lib/python3.10/site-packages/airflow/example_dags/example_branch_labels.py for tasks to queue
[2024-01-12T17:59:58.191+0200] {logging_mixin.py:188} INFO - [2024-01-12T17:59:58.191+0200] {dagbag.py:538} INFO - Filling up the DagBag from /Library/Frameworks/Python.framework/Versions/3.10/lib/python3.10/site-packages/airflow/example_dags/example_branch_labels.py
[2024-01-12T17:59:58.204+0200] {processor.py:840} INFO - DAG(s) 'example_branch_labels' retrieved from /Library/Frameworks/Python.framework/Versions/3.10/lib/python3.10/site-packages/airflow/example_dags/example_branch_labels.py
[2024-01-12T17:59:58.347+0200] {logging_mixin.py:188} INFO - [2024-01-12T17:59:58.346+0200] {dag.py:3033} INFO - Sync 1 DAGs
[2024-01-12T17:59:58.362+0200] {logging_mixin.py:188} INFO - [2024-01-12T17:59:58.362+0200] {dag.py:3820} INFO - Setting next_dagrun for example_branch_labels to 2024-01-11T00:00:00+00:00, run_after=2024-01-12T00:00:00+00:00
[2024-01-12T17:59:58.380+0200] {processor.py:183} INFO - Processing /Library/Frameworks/Python.framework/Versions/3.10/lib/python3.10/site-packages/airflow/example_dags/example_branch_labels.py took 0.196 seconds
[2024-01-12T18:03:45.583+0200] {processor.py:161} INFO - Started process (PID=8582) to work on /Library/Frameworks/Python.framework/Versions/3.10/lib/python3.10/site-packages/airflow/example_dags/example_branch_labels.py
[2024-01-12T18:03:45.587+0200] {processor.py:830} INFO - Processing file /Library/Frameworks/Python.framework/Versions/3.10/lib/python3.10/site-packages/airflow/example_dags/example_branch_labels.py for tasks to queue
[2024-01-12T18:03:45.588+0200] {logging_mixin.py:188} INFO - [2024-01-12T18:03:45.588+0200] {dagbag.py:538} INFO - Filling up the DagBag from /Library/Frameworks/Python.framework/Versions/3.10/lib/python3.10/site-packages/airflow/example_dags/example_branch_labels.py
[2024-01-12T18:03:45.603+0200] {processor.py:840} INFO - DAG(s) 'example_branch_labels' retrieved from /Library/Frameworks/Python.framework/Versions/3.10/lib/python3.10/site-packages/airflow/example_dags/example_branch_labels.py
[2024-01-12T18:03:45.756+0200] {logging_mixin.py:188} INFO - [2024-01-12T18:03:45.755+0200] {dag.py:3033} INFO - Sync 1 DAGs
[2024-01-12T18:03:45.771+0200] {logging_mixin.py:188} INFO - [2024-01-12T18:03:45.771+0200] {dag.py:3820} INFO - Setting next_dagrun for example_branch_labels to 2024-01-11T00:00:00+00:00, run_after=2024-01-12T00:00:00+00:00
[2024-01-12T18:03:45.795+0200] {processor.py:183} INFO - Processing /Library/Frameworks/Python.framework/Versions/3.10/lib/python3.10/site-packages/airflow/example_dags/example_branch_labels.py took 0.213 seconds
[2024-01-12T18:08:08.173+0200] {processor.py:161} INFO - Started process (PID=8786) to work on /Library/Frameworks/Python.framework/Versions/3.10/lib/python3.10/site-packages/airflow/example_dags/example_branch_labels.py
[2024-01-12T18:08:08.178+0200] {processor.py:830} INFO - Processing file /Library/Frameworks/Python.framework/Versions/3.10/lib/python3.10/site-packages/airflow/example_dags/example_branch_labels.py for tasks to queue
[2024-01-12T18:08:08.178+0200] {logging_mixin.py:188} INFO - [2024-01-12T18:08:08.178+0200] {dagbag.py:538} INFO - Filling up the DagBag from /Library/Frameworks/Python.framework/Versions/3.10/lib/python3.10/site-packages/airflow/example_dags/example_branch_labels.py
[2024-01-12T18:08:08.194+0200] {processor.py:840} INFO - DAG(s) 'example_branch_labels' retrieved from /Library/Frameworks/Python.framework/Versions/3.10/lib/python3.10/site-packages/airflow/example_dags/example_branch_labels.py
[2024-01-12T18:08:08.351+0200] {logging_mixin.py:188} INFO - [2024-01-12T18:08:08.351+0200] {dag.py:3033} INFO - Sync 1 DAGs
[2024-01-12T18:08:08.370+0200] {logging_mixin.py:188} INFO - [2024-01-12T18:08:08.370+0200] {dag.py:3820} INFO - Setting next_dagrun for example_branch_labels to 2024-01-11T00:00:00+00:00, run_after=2024-01-12T00:00:00+00:00
[2024-01-12T18:08:08.387+0200] {processor.py:183} INFO - Processing /Library/Frameworks/Python.framework/Versions/3.10/lib/python3.10/site-packages/airflow/example_dags/example_branch_labels.py took 0.215 seconds
[2024-01-12T18:12:40.066+0200] {processor.py:161} INFO - Started process (PID=9080) to work on /Library/Frameworks/Python.framework/Versions/3.10/lib/python3.10/site-packages/airflow/example_dags/example_branch_labels.py
[2024-01-12T18:12:40.071+0200] {processor.py:830} INFO - Processing file /Library/Frameworks/Python.framework/Versions/3.10/lib/python3.10/site-packages/airflow/example_dags/example_branch_labels.py for tasks to queue
[2024-01-12T18:12:40.072+0200] {logging_mixin.py:188} INFO - [2024-01-12T18:12:40.071+0200] {dagbag.py:538} INFO - Filling up the DagBag from /Library/Frameworks/Python.framework/Versions/3.10/lib/python3.10/site-packages/airflow/example_dags/example_branch_labels.py
[2024-01-12T18:12:40.086+0200] {processor.py:840} INFO - DAG(s) 'example_branch_labels' retrieved from /Library/Frameworks/Python.framework/Versions/3.10/lib/python3.10/site-packages/airflow/example_dags/example_branch_labels.py
[2024-01-12T18:12:40.239+0200] {logging_mixin.py:188} INFO - [2024-01-12T18:12:40.239+0200] {dag.py:3033} INFO - Sync 1 DAGs
[2024-01-12T18:12:40.254+0200] {logging_mixin.py:188} INFO - [2024-01-12T18:12:40.254+0200] {dag.py:3820} INFO - Setting next_dagrun for example_branch_labels to 2024-01-11T00:00:00+00:00, run_after=2024-01-12T00:00:00+00:00
[2024-01-12T18:12:40.271+0200] {processor.py:183} INFO - Processing /Library/Frameworks/Python.framework/Versions/3.10/lib/python3.10/site-packages/airflow/example_dags/example_branch_labels.py took 0.207 seconds
[2024-01-12T18:16:53.328+0200] {processor.py:161} INFO - Started process (PID=9349) to work on /Library/Frameworks/Python.framework/Versions/3.10/lib/python3.10/site-packages/airflow/example_dags/example_branch_labels.py
[2024-01-12T18:16:53.333+0200] {processor.py:830} INFO - Processing file /Library/Frameworks/Python.framework/Versions/3.10/lib/python3.10/site-packages/airflow/example_dags/example_branch_labels.py for tasks to queue
[2024-01-12T18:16:53.333+0200] {logging_mixin.py:188} INFO - [2024-01-12T18:16:53.333+0200] {dagbag.py:538} INFO - Filling up the DagBag from /Library/Frameworks/Python.framework/Versions/3.10/lib/python3.10/site-packages/airflow/example_dags/example_branch_labels.py
[2024-01-12T18:16:53.346+0200] {processor.py:840} INFO - DAG(s) 'example_branch_labels' retrieved from /Library/Frameworks/Python.framework/Versions/3.10/lib/python3.10/site-packages/airflow/example_dags/example_branch_labels.py
[2024-01-12T18:16:53.485+0200] {logging_mixin.py:188} INFO - [2024-01-12T18:16:53.485+0200] {dag.py:3033} INFO - Sync 1 DAGs
[2024-01-12T18:16:53.500+0200] {logging_mixin.py:188} INFO - [2024-01-12T18:16:53.500+0200] {dag.py:3820} INFO - Setting next_dagrun for example_branch_labels to 2024-01-11T00:00:00+00:00, run_after=2024-01-12T00:00:00+00:00
[2024-01-12T18:16:53.515+0200] {processor.py:183} INFO - Processing /Library/Frameworks/Python.framework/Versions/3.10/lib/python3.10/site-packages/airflow/example_dags/example_branch_labels.py took 0.188 seconds
[2024-01-12T18:20:41.699+0200] {processor.py:161} INFO - Started process (PID=9508) to work on /Library/Frameworks/Python.framework/Versions/3.10/lib/python3.10/site-packages/airflow/example_dags/example_branch_labels.py
[2024-01-12T18:20:41.702+0200] {processor.py:830} INFO - Processing file /Library/Frameworks/Python.framework/Versions/3.10/lib/python3.10/site-packages/airflow/example_dags/example_branch_labels.py for tasks to queue
[2024-01-12T18:20:41.703+0200] {logging_mixin.py:188} INFO - [2024-01-12T18:20:41.703+0200] {dagbag.py:538} INFO - Filling up the DagBag from /Library/Frameworks/Python.framework/Versions/3.10/lib/python3.10/site-packages/airflow/example_dags/example_branch_labels.py
[2024-01-12T18:20:41.714+0200] {processor.py:840} INFO - DAG(s) 'example_branch_labels' retrieved from /Library/Frameworks/Python.framework/Versions/3.10/lib/python3.10/site-packages/airflow/example_dags/example_branch_labels.py
[2024-01-12T18:20:41.853+0200] {logging_mixin.py:188} INFO - [2024-01-12T18:20:41.852+0200] {dag.py:3033} INFO - Sync 1 DAGs
[2024-01-12T18:20:41.867+0200] {logging_mixin.py:188} INFO - [2024-01-12T18:20:41.867+0200] {dag.py:3820} INFO - Setting next_dagrun for example_branch_labels to 2024-01-11T00:00:00+00:00, run_after=2024-01-12T00:00:00+00:00
[2024-01-12T18:20:41.883+0200] {processor.py:183} INFO - Processing /Library/Frameworks/Python.framework/Versions/3.10/lib/python3.10/site-packages/airflow/example_dags/example_branch_labels.py took 0.185 seconds
[2024-01-12T18:24:33.366+0200] {processor.py:161} INFO - Started process (PID=9768) to work on /Library/Frameworks/Python.framework/Versions/3.10/lib/python3.10/site-packages/airflow/example_dags/example_branch_labels.py
[2024-01-12T18:24:33.371+0200] {processor.py:830} INFO - Processing file /Library/Frameworks/Python.framework/Versions/3.10/lib/python3.10/site-packages/airflow/example_dags/example_branch_labels.py for tasks to queue
[2024-01-12T18:24:33.371+0200] {logging_mixin.py:188} INFO - [2024-01-12T18:24:33.371+0200] {dagbag.py:538} INFO - Filling up the DagBag from /Library/Frameworks/Python.framework/Versions/3.10/lib/python3.10/site-packages/airflow/example_dags/example_branch_labels.py
[2024-01-12T18:24:33.385+0200] {processor.py:840} INFO - DAG(s) 'example_branch_labels' retrieved from /Library/Frameworks/Python.framework/Versions/3.10/lib/python3.10/site-packages/airflow/example_dags/example_branch_labels.py
[2024-01-12T18:24:33.539+0200] {logging_mixin.py:188} INFO - [2024-01-12T18:24:33.539+0200] {dag.py:3033} INFO - Sync 1 DAGs
[2024-01-12T18:24:33.556+0200] {logging_mixin.py:188} INFO - [2024-01-12T18:24:33.556+0200] {dag.py:3820} INFO - Setting next_dagrun for example_branch_labels to 2024-01-11T00:00:00+00:00, run_after=2024-01-12T00:00:00+00:00
[2024-01-12T18:24:33.574+0200] {processor.py:183} INFO - Processing /Library/Frameworks/Python.framework/Versions/3.10/lib/python3.10/site-packages/airflow/example_dags/example_branch_labels.py took 0.209 seconds
[2024-01-12T18:28:26.081+0200] {processor.py:161} INFO - Started process (PID=9929) to work on /Library/Frameworks/Python.framework/Versions/3.10/lib/python3.10/site-packages/airflow/example_dags/example_branch_labels.py
[2024-01-12T18:28:26.086+0200] {processor.py:830} INFO - Processing file /Library/Frameworks/Python.framework/Versions/3.10/lib/python3.10/site-packages/airflow/example_dags/example_branch_labels.py for tasks to queue
[2024-01-12T18:28:26.086+0200] {logging_mixin.py:188} INFO - [2024-01-12T18:28:26.086+0200] {dagbag.py:538} INFO - Filling up the DagBag from /Library/Frameworks/Python.framework/Versions/3.10/lib/python3.10/site-packages/airflow/example_dags/example_branch_labels.py
[2024-01-12T18:28:26.098+0200] {processor.py:840} INFO - DAG(s) 'example_branch_labels' retrieved from /Library/Frameworks/Python.framework/Versions/3.10/lib/python3.10/site-packages/airflow/example_dags/example_branch_labels.py
[2024-01-12T18:28:26.234+0200] {logging_mixin.py:188} INFO - [2024-01-12T18:28:26.234+0200] {dag.py:3033} INFO - Sync 1 DAGs
[2024-01-12T18:28:26.249+0200] {logging_mixin.py:188} INFO - [2024-01-12T18:28:26.248+0200] {dag.py:3820} INFO - Setting next_dagrun for example_branch_labels to 2024-01-11T00:00:00+00:00, run_after=2024-01-12T00:00:00+00:00
[2024-01-12T18:28:26.265+0200] {processor.py:183} INFO - Processing /Library/Frameworks/Python.framework/Versions/3.10/lib/python3.10/site-packages/airflow/example_dags/example_branch_labels.py took 0.185 seconds
[2024-01-12T18:32:16.740+0200] {processor.py:161} INFO - Started process (PID=10284) to work on /Library/Frameworks/Python.framework/Versions/3.10/lib/python3.10/site-packages/airflow/example_dags/example_branch_labels.py
[2024-01-12T18:32:16.745+0200] {processor.py:830} INFO - Processing file /Library/Frameworks/Python.framework/Versions/3.10/lib/python3.10/site-packages/airflow/example_dags/example_branch_labels.py for tasks to queue
[2024-01-12T18:32:16.746+0200] {logging_mixin.py:188} INFO - [2024-01-12T18:32:16.745+0200] {dagbag.py:538} INFO - Filling up the DagBag from /Library/Frameworks/Python.framework/Versions/3.10/lib/python3.10/site-packages/airflow/example_dags/example_branch_labels.py
[2024-01-12T18:32:16.767+0200] {processor.py:840} INFO - DAG(s) 'example_branch_labels' retrieved from /Library/Frameworks/Python.framework/Versions/3.10/lib/python3.10/site-packages/airflow/example_dags/example_branch_labels.py
[2024-01-12T18:32:16.907+0200] {logging_mixin.py:188} INFO - [2024-01-12T18:32:16.906+0200] {dag.py:3033} INFO - Sync 1 DAGs
[2024-01-12T18:32:16.921+0200] {logging_mixin.py:188} INFO - [2024-01-12T18:32:16.921+0200] {dag.py:3820} INFO - Setting next_dagrun for example_branch_labels to 2024-01-11T00:00:00+00:00, run_after=2024-01-12T00:00:00+00:00
[2024-01-12T18:32:16.938+0200] {processor.py:183} INFO - Processing /Library/Frameworks/Python.framework/Versions/3.10/lib/python3.10/site-packages/airflow/example_dags/example_branch_labels.py took 0.199 seconds
[2024-01-12T18:36:06.735+0200] {processor.py:161} INFO - Started process (PID=10529) to work on /Library/Frameworks/Python.framework/Versions/3.10/lib/python3.10/site-packages/airflow/example_dags/example_branch_labels.py
[2024-01-12T18:36:06.740+0200] {processor.py:830} INFO - Processing file /Library/Frameworks/Python.framework/Versions/3.10/lib/python3.10/site-packages/airflow/example_dags/example_branch_labels.py for tasks to queue
[2024-01-12T18:36:06.740+0200] {logging_mixin.py:188} INFO - [2024-01-12T18:36:06.740+0200] {dagbag.py:538} INFO - Filling up the DagBag from /Library/Frameworks/Python.framework/Versions/3.10/lib/python3.10/site-packages/airflow/example_dags/example_branch_labels.py
[2024-01-12T18:36:06.753+0200] {processor.py:840} INFO - DAG(s) 'example_branch_labels' retrieved from /Library/Frameworks/Python.framework/Versions/3.10/lib/python3.10/site-packages/airflow/example_dags/example_branch_labels.py
[2024-01-12T18:36:06.890+0200] {logging_mixin.py:188} INFO - [2024-01-12T18:36:06.890+0200] {dag.py:3033} INFO - Sync 1 DAGs
[2024-01-12T18:36:06.905+0200] {logging_mixin.py:188} INFO - [2024-01-12T18:36:06.905+0200] {dag.py:3820} INFO - Setting next_dagrun for example_branch_labels to 2024-01-11T00:00:00+00:00, run_after=2024-01-12T00:00:00+00:00
[2024-01-12T18:36:06.920+0200] {processor.py:183} INFO - Processing /Library/Frameworks/Python.framework/Versions/3.10/lib/python3.10/site-packages/airflow/example_dags/example_branch_labels.py took 0.187 seconds
[2024-01-12T18:39:49.472+0200] {processor.py:161} INFO - Started process (PID=10803) to work on /Library/Frameworks/Python.framework/Versions/3.10/lib/python3.10/site-packages/airflow/example_dags/example_branch_labels.py
[2024-01-12T18:39:49.476+0200] {processor.py:830} INFO - Processing file /Library/Frameworks/Python.framework/Versions/3.10/lib/python3.10/site-packages/airflow/example_dags/example_branch_labels.py for tasks to queue
[2024-01-12T18:39:49.477+0200] {logging_mixin.py:188} INFO - [2024-01-12T18:39:49.476+0200] {dagbag.py:538} INFO - Filling up the DagBag from /Library/Frameworks/Python.framework/Versions/3.10/lib/python3.10/site-packages/airflow/example_dags/example_branch_labels.py
[2024-01-12T18:39:49.489+0200] {processor.py:840} INFO - DAG(s) 'example_branch_labels' retrieved from /Library/Frameworks/Python.framework/Versions/3.10/lib/python3.10/site-packages/airflow/example_dags/example_branch_labels.py
[2024-01-12T18:39:49.625+0200] {logging_mixin.py:188} INFO - [2024-01-12T18:39:49.625+0200] {dag.py:3033} INFO - Sync 1 DAGs
[2024-01-12T18:39:49.641+0200] {logging_mixin.py:188} INFO - [2024-01-12T18:39:49.641+0200] {dag.py:3820} INFO - Setting next_dagrun for example_branch_labels to 2024-01-11T00:00:00+00:00, run_after=2024-01-12T00:00:00+00:00
[2024-01-12T18:39:49.705+0200] {processor.py:183} INFO - Processing /Library/Frameworks/Python.framework/Versions/3.10/lib/python3.10/site-packages/airflow/example_dags/example_branch_labels.py took 0.234 seconds
[2024-01-12T18:43:35.624+0200] {processor.py:161} INFO - Started process (PID=11035) to work on /Library/Frameworks/Python.framework/Versions/3.10/lib/python3.10/site-packages/airflow/example_dags/example_branch_labels.py
[2024-01-12T18:43:35.629+0200] {processor.py:830} INFO - Processing file /Library/Frameworks/Python.framework/Versions/3.10/lib/python3.10/site-packages/airflow/example_dags/example_branch_labels.py for tasks to queue
[2024-01-12T18:43:35.629+0200] {logging_mixin.py:188} INFO - [2024-01-12T18:43:35.629+0200] {dagbag.py:538} INFO - Filling up the DagBag from /Library/Frameworks/Python.framework/Versions/3.10/lib/python3.10/site-packages/airflow/example_dags/example_branch_labels.py
[2024-01-12T18:43:35.642+0200] {processor.py:840} INFO - DAG(s) 'example_branch_labels' retrieved from /Library/Frameworks/Python.framework/Versions/3.10/lib/python3.10/site-packages/airflow/example_dags/example_branch_labels.py
[2024-01-12T18:43:35.777+0200] {logging_mixin.py:188} INFO - [2024-01-12T18:43:35.777+0200] {dag.py:3033} INFO - Sync 1 DAGs
[2024-01-12T18:43:35.792+0200] {logging_mixin.py:188} INFO - [2024-01-12T18:43:35.792+0200] {dag.py:3820} INFO - Setting next_dagrun for example_branch_labels to 2024-01-11T00:00:00+00:00, run_after=2024-01-12T00:00:00+00:00
[2024-01-12T18:43:35.809+0200] {processor.py:183} INFO - Processing /Library/Frameworks/Python.framework/Versions/3.10/lib/python3.10/site-packages/airflow/example_dags/example_branch_labels.py took 0.186 seconds
[2024-01-12T18:47:29.071+0200] {processor.py:161} INFO - Started process (PID=11345) to work on /Library/Frameworks/Python.framework/Versions/3.10/lib/python3.10/site-packages/airflow/example_dags/example_branch_labels.py
[2024-01-12T18:47:29.075+0200] {processor.py:830} INFO - Processing file /Library/Frameworks/Python.framework/Versions/3.10/lib/python3.10/site-packages/airflow/example_dags/example_branch_labels.py for tasks to queue
[2024-01-12T18:47:29.076+0200] {logging_mixin.py:188} INFO - [2024-01-12T18:47:29.076+0200] {dagbag.py:538} INFO - Filling up the DagBag from /Library/Frameworks/Python.framework/Versions/3.10/lib/python3.10/site-packages/airflow/example_dags/example_branch_labels.py
[2024-01-12T18:47:29.088+0200] {processor.py:840} INFO - DAG(s) 'example_branch_labels' retrieved from /Library/Frameworks/Python.framework/Versions/3.10/lib/python3.10/site-packages/airflow/example_dags/example_branch_labels.py
[2024-01-12T18:47:29.230+0200] {logging_mixin.py:188} INFO - [2024-01-12T18:47:29.229+0200] {dag.py:3033} INFO - Sync 1 DAGs
[2024-01-12T18:47:29.244+0200] {logging_mixin.py:188} INFO - [2024-01-12T18:47:29.244+0200] {dag.py:3820} INFO - Setting next_dagrun for example_branch_labels to 2024-01-11T00:00:00+00:00, run_after=2024-01-12T00:00:00+00:00
[2024-01-12T18:47:29.261+0200] {processor.py:183} INFO - Processing /Library/Frameworks/Python.framework/Versions/3.10/lib/python3.10/site-packages/airflow/example_dags/example_branch_labels.py took 0.192 seconds
[2024-01-12T18:51:14.657+0200] {processor.py:161} INFO - Started process (PID=11556) to work on /Library/Frameworks/Python.framework/Versions/3.10/lib/python3.10/site-packages/airflow/example_dags/example_branch_labels.py
[2024-01-12T18:51:14.662+0200] {processor.py:830} INFO - Processing file /Library/Frameworks/Python.framework/Versions/3.10/lib/python3.10/site-packages/airflow/example_dags/example_branch_labels.py for tasks to queue
[2024-01-12T18:51:14.663+0200] {logging_mixin.py:188} INFO - [2024-01-12T18:51:14.662+0200] {dagbag.py:538} INFO - Filling up the DagBag from /Library/Frameworks/Python.framework/Versions/3.10/lib/python3.10/site-packages/airflow/example_dags/example_branch_labels.py
[2024-01-12T18:51:14.675+0200] {processor.py:840} INFO - DAG(s) 'example_branch_labels' retrieved from /Library/Frameworks/Python.framework/Versions/3.10/lib/python3.10/site-packages/airflow/example_dags/example_branch_labels.py
[2024-01-12T18:51:14.810+0200] {logging_mixin.py:188} INFO - [2024-01-12T18:51:14.809+0200] {dag.py:3033} INFO - Sync 1 DAGs
[2024-01-12T18:51:14.824+0200] {logging_mixin.py:188} INFO - [2024-01-12T18:51:14.824+0200] {dag.py:3820} INFO - Setting next_dagrun for example_branch_labels to 2024-01-11T00:00:00+00:00, run_after=2024-01-12T00:00:00+00:00
[2024-01-12T18:51:14.840+0200] {processor.py:183} INFO - Processing /Library/Frameworks/Python.framework/Versions/3.10/lib/python3.10/site-packages/airflow/example_dags/example_branch_labels.py took 0.184 seconds
[2024-01-12T18:55:00.693+0200] {processor.py:161} INFO - Started process (PID=11793) to work on /Library/Frameworks/Python.framework/Versions/3.10/lib/python3.10/site-packages/airflow/example_dags/example_branch_labels.py
[2024-01-12T18:55:00.697+0200] {processor.py:830} INFO - Processing file /Library/Frameworks/Python.framework/Versions/3.10/lib/python3.10/site-packages/airflow/example_dags/example_branch_labels.py for tasks to queue
[2024-01-12T18:55:00.697+0200] {logging_mixin.py:188} INFO - [2024-01-12T18:55:00.697+0200] {dagbag.py:538} INFO - Filling up the DagBag from /Library/Frameworks/Python.framework/Versions/3.10/lib/python3.10/site-packages/airflow/example_dags/example_branch_labels.py
[2024-01-12T18:55:00.709+0200] {processor.py:840} INFO - DAG(s) 'example_branch_labels' retrieved from /Library/Frameworks/Python.framework/Versions/3.10/lib/python3.10/site-packages/airflow/example_dags/example_branch_labels.py
[2024-01-12T18:55:00.846+0200] {logging_mixin.py:188} INFO - [2024-01-12T18:55:00.845+0200] {dag.py:3033} INFO - Sync 1 DAGs
[2024-01-12T18:55:00.860+0200] {logging_mixin.py:188} INFO - [2024-01-12T18:55:00.860+0200] {dag.py:3820} INFO - Setting next_dagrun for example_branch_labels to 2024-01-11T00:00:00+00:00, run_after=2024-01-12T00:00:00+00:00
[2024-01-12T18:55:00.876+0200] {processor.py:183} INFO - Processing /Library/Frameworks/Python.framework/Versions/3.10/lib/python3.10/site-packages/airflow/example_dags/example_branch_labels.py took 0.184 seconds
[2024-01-12T18:58:38.993+0200] {processor.py:161} INFO - Started process (PID=11960) to work on /Library/Frameworks/Python.framework/Versions/3.10/lib/python3.10/site-packages/airflow/example_dags/example_branch_labels.py
[2024-01-12T18:58:38.996+0200] {processor.py:830} INFO - Processing file /Library/Frameworks/Python.framework/Versions/3.10/lib/python3.10/site-packages/airflow/example_dags/example_branch_labels.py for tasks to queue
[2024-01-12T18:58:38.997+0200] {logging_mixin.py:188} INFO - [2024-01-12T18:58:38.997+0200] {dagbag.py:538} INFO - Filling up the DagBag from /Library/Frameworks/Python.framework/Versions/3.10/lib/python3.10/site-packages/airflow/example_dags/example_branch_labels.py
[2024-01-12T18:58:39.008+0200] {processor.py:840} INFO - DAG(s) 'example_branch_labels' retrieved from /Library/Frameworks/Python.framework/Versions/3.10/lib/python3.10/site-packages/airflow/example_dags/example_branch_labels.py
[2024-01-12T18:58:39.142+0200] {logging_mixin.py:188} INFO - [2024-01-12T18:58:39.141+0200] {dag.py:3033} INFO - Sync 1 DAGs
[2024-01-12T18:58:39.156+0200] {logging_mixin.py:188} INFO - [2024-01-12T18:58:39.156+0200] {dag.py:3820} INFO - Setting next_dagrun for example_branch_labels to 2024-01-11T00:00:00+00:00, run_after=2024-01-12T00:00:00+00:00
[2024-01-12T18:58:39.172+0200] {processor.py:183} INFO - Processing /Library/Frameworks/Python.framework/Versions/3.10/lib/python3.10/site-packages/airflow/example_dags/example_branch_labels.py took 0.181 seconds
[2024-01-12T19:02:18.088+0200] {processor.py:161} INFO - Started process (PID=12214) to work on /Library/Frameworks/Python.framework/Versions/3.10/lib/python3.10/site-packages/airflow/example_dags/example_branch_labels.py
[2024-01-12T19:02:18.092+0200] {processor.py:830} INFO - Processing file /Library/Frameworks/Python.framework/Versions/3.10/lib/python3.10/site-packages/airflow/example_dags/example_branch_labels.py for tasks to queue
[2024-01-12T19:02:18.092+0200] {logging_mixin.py:188} INFO - [2024-01-12T19:02:18.092+0200] {dagbag.py:538} INFO - Filling up the DagBag from /Library/Frameworks/Python.framework/Versions/3.10/lib/python3.10/site-packages/airflow/example_dags/example_branch_labels.py
[2024-01-12T19:02:18.104+0200] {processor.py:840} INFO - DAG(s) 'example_branch_labels' retrieved from /Library/Frameworks/Python.framework/Versions/3.10/lib/python3.10/site-packages/airflow/example_dags/example_branch_labels.py
[2024-01-12T19:02:18.238+0200] {logging_mixin.py:188} INFO - [2024-01-12T19:02:18.238+0200] {dag.py:3033} INFO - Sync 1 DAGs
[2024-01-12T19:02:18.253+0200] {logging_mixin.py:188} INFO - [2024-01-12T19:02:18.252+0200] {dag.py:3820} INFO - Setting next_dagrun for example_branch_labels to 2024-01-11T00:00:00+00:00, run_after=2024-01-12T00:00:00+00:00
[2024-01-12T19:02:18.268+0200] {processor.py:183} INFO - Processing /Library/Frameworks/Python.framework/Versions/3.10/lib/python3.10/site-packages/airflow/example_dags/example_branch_labels.py took 0.182 seconds
[2024-01-12T19:05:57.485+0200] {processor.py:161} INFO - Started process (PID=12361) to work on /Library/Frameworks/Python.framework/Versions/3.10/lib/python3.10/site-packages/airflow/example_dags/example_branch_labels.py
[2024-01-12T19:05:57.489+0200] {processor.py:830} INFO - Processing file /Library/Frameworks/Python.framework/Versions/3.10/lib/python3.10/site-packages/airflow/example_dags/example_branch_labels.py for tasks to queue
[2024-01-12T19:05:57.490+0200] {logging_mixin.py:188} INFO - [2024-01-12T19:05:57.489+0200] {dagbag.py:538} INFO - Filling up the DagBag from /Library/Frameworks/Python.framework/Versions/3.10/lib/python3.10/site-packages/airflow/example_dags/example_branch_labels.py
[2024-01-12T19:05:57.501+0200] {processor.py:840} INFO - DAG(s) 'example_branch_labels' retrieved from /Library/Frameworks/Python.framework/Versions/3.10/lib/python3.10/site-packages/airflow/example_dags/example_branch_labels.py
[2024-01-12T19:05:57.638+0200] {logging_mixin.py:188} INFO - [2024-01-12T19:05:57.638+0200] {dag.py:3033} INFO - Sync 1 DAGs
[2024-01-12T19:05:57.653+0200] {logging_mixin.py:188} INFO - [2024-01-12T19:05:57.652+0200] {dag.py:3820} INFO - Setting next_dagrun for example_branch_labels to 2024-01-11T00:00:00+00:00, run_after=2024-01-12T00:00:00+00:00
[2024-01-12T19:05:57.669+0200] {processor.py:183} INFO - Processing /Library/Frameworks/Python.framework/Versions/3.10/lib/python3.10/site-packages/airflow/example_dags/example_branch_labels.py took 0.185 seconds
[2024-01-12T19:09:38.439+0200] {processor.py:161} INFO - Started process (PID=12521) to work on /Library/Frameworks/Python.framework/Versions/3.10/lib/python3.10/site-packages/airflow/example_dags/example_branch_labels.py
[2024-01-12T19:09:38.443+0200] {processor.py:830} INFO - Processing file /Library/Frameworks/Python.framework/Versions/3.10/lib/python3.10/site-packages/airflow/example_dags/example_branch_labels.py for tasks to queue
[2024-01-12T19:09:38.443+0200] {logging_mixin.py:188} INFO - [2024-01-12T19:09:38.443+0200] {dagbag.py:538} INFO - Filling up the DagBag from /Library/Frameworks/Python.framework/Versions/3.10/lib/python3.10/site-packages/airflow/example_dags/example_branch_labels.py
[2024-01-12T19:09:38.455+0200] {processor.py:840} INFO - DAG(s) 'example_branch_labels' retrieved from /Library/Frameworks/Python.framework/Versions/3.10/lib/python3.10/site-packages/airflow/example_dags/example_branch_labels.py
[2024-01-12T19:09:38.590+0200] {logging_mixin.py:188} INFO - [2024-01-12T19:09:38.590+0200] {dag.py:3033} INFO - Sync 1 DAGs
[2024-01-12T19:09:38.605+0200] {logging_mixin.py:188} INFO - [2024-01-12T19:09:38.605+0200] {dag.py:3820} INFO - Setting next_dagrun for example_branch_labels to 2024-01-11T00:00:00+00:00, run_after=2024-01-12T00:00:00+00:00
[2024-01-12T19:09:38.620+0200] {processor.py:183} INFO - Processing /Library/Frameworks/Python.framework/Versions/3.10/lib/python3.10/site-packages/airflow/example_dags/example_branch_labels.py took 0.183 seconds
[2024-01-12T19:13:14.628+0200] {processor.py:161} INFO - Started process (PID=12756) to work on /Library/Frameworks/Python.framework/Versions/3.10/lib/python3.10/site-packages/airflow/example_dags/example_branch_labels.py
[2024-01-12T19:13:14.632+0200] {processor.py:830} INFO - Processing file /Library/Frameworks/Python.framework/Versions/3.10/lib/python3.10/site-packages/airflow/example_dags/example_branch_labels.py for tasks to queue
[2024-01-12T19:13:14.633+0200] {logging_mixin.py:188} INFO - [2024-01-12T19:13:14.633+0200] {dagbag.py:538} INFO - Filling up the DagBag from /Library/Frameworks/Python.framework/Versions/3.10/lib/python3.10/site-packages/airflow/example_dags/example_branch_labels.py
[2024-01-12T19:13:14.643+0200] {processor.py:840} INFO - DAG(s) 'example_branch_labels' retrieved from /Library/Frameworks/Python.framework/Versions/3.10/lib/python3.10/site-packages/airflow/example_dags/example_branch_labels.py
[2024-01-12T19:13:14.775+0200] {logging_mixin.py:188} INFO - [2024-01-12T19:13:14.775+0200] {dag.py:3033} INFO - Sync 1 DAGs
[2024-01-12T19:13:14.790+0200] {logging_mixin.py:188} INFO - [2024-01-12T19:13:14.789+0200] {dag.py:3820} INFO - Setting next_dagrun for example_branch_labels to 2024-01-11T00:00:00+00:00, run_after=2024-01-12T00:00:00+00:00
[2024-01-12T19:13:14.805+0200] {processor.py:183} INFO - Processing /Library/Frameworks/Python.framework/Versions/3.10/lib/python3.10/site-packages/airflow/example_dags/example_branch_labels.py took 0.179 seconds
[2024-01-12T19:16:48.336+0200] {processor.py:161} INFO - Started process (PID=12910) to work on /Library/Frameworks/Python.framework/Versions/3.10/lib/python3.10/site-packages/airflow/example_dags/example_branch_labels.py
[2024-01-12T19:16:48.339+0200] {processor.py:830} INFO - Processing file /Library/Frameworks/Python.framework/Versions/3.10/lib/python3.10/site-packages/airflow/example_dags/example_branch_labels.py for tasks to queue
[2024-01-12T19:16:48.340+0200] {logging_mixin.py:188} INFO - [2024-01-12T19:16:48.340+0200] {dagbag.py:538} INFO - Filling up the DagBag from /Library/Frameworks/Python.framework/Versions/3.10/lib/python3.10/site-packages/airflow/example_dags/example_branch_labels.py
[2024-01-12T19:16:48.351+0200] {processor.py:840} INFO - DAG(s) 'example_branch_labels' retrieved from /Library/Frameworks/Python.framework/Versions/3.10/lib/python3.10/site-packages/airflow/example_dags/example_branch_labels.py
[2024-01-12T19:16:48.484+0200] {logging_mixin.py:188} INFO - [2024-01-12T19:16:48.484+0200] {dag.py:3033} INFO - Sync 1 DAGs
[2024-01-12T19:16:48.499+0200] {logging_mixin.py:188} INFO - [2024-01-12T19:16:48.499+0200] {dag.py:3820} INFO - Setting next_dagrun for example_branch_labels to 2024-01-11T00:00:00+00:00, run_after=2024-01-12T00:00:00+00:00
[2024-01-12T19:16:48.514+0200] {processor.py:183} INFO - Processing /Library/Frameworks/Python.framework/Versions/3.10/lib/python3.10/site-packages/airflow/example_dags/example_branch_labels.py took 0.180 seconds
[2024-01-12T19:20:26.765+0200] {processor.py:161} INFO - Started process (PID=13148) to work on /Library/Frameworks/Python.framework/Versions/3.10/lib/python3.10/site-packages/airflow/example_dags/example_branch_labels.py
[2024-01-12T19:20:26.768+0200] {processor.py:830} INFO - Processing file /Library/Frameworks/Python.framework/Versions/3.10/lib/python3.10/site-packages/airflow/example_dags/example_branch_labels.py for tasks to queue
[2024-01-12T19:20:26.769+0200] {logging_mixin.py:188} INFO - [2024-01-12T19:20:26.769+0200] {dagbag.py:538} INFO - Filling up the DagBag from /Library/Frameworks/Python.framework/Versions/3.10/lib/python3.10/site-packages/airflow/example_dags/example_branch_labels.py
[2024-01-12T19:20:26.780+0200] {processor.py:840} INFO - DAG(s) 'example_branch_labels' retrieved from /Library/Frameworks/Python.framework/Versions/3.10/lib/python3.10/site-packages/airflow/example_dags/example_branch_labels.py
[2024-01-12T19:20:26.915+0200] {logging_mixin.py:188} INFO - [2024-01-12T19:20:26.914+0200] {dag.py:3033} INFO - Sync 1 DAGs
[2024-01-12T19:20:26.929+0200] {logging_mixin.py:188} INFO - [2024-01-12T19:20:26.929+0200] {dag.py:3820} INFO - Setting next_dagrun for example_branch_labels to 2024-01-11T00:00:00+00:00, run_after=2024-01-12T00:00:00+00:00
[2024-01-12T19:20:26.947+0200] {processor.py:183} INFO - Processing /Library/Frameworks/Python.framework/Versions/3.10/lib/python3.10/site-packages/airflow/example_dags/example_branch_labels.py took 0.183 seconds
[2024-01-12T19:24:08.035+0200] {processor.py:161} INFO - Started process (PID=13309) to work on /Library/Frameworks/Python.framework/Versions/3.10/lib/python3.10/site-packages/airflow/example_dags/example_branch_labels.py
[2024-01-12T19:24:08.039+0200] {processor.py:830} INFO - Processing file /Library/Frameworks/Python.framework/Versions/3.10/lib/python3.10/site-packages/airflow/example_dags/example_branch_labels.py for tasks to queue
[2024-01-12T19:24:08.039+0200] {logging_mixin.py:188} INFO - [2024-01-12T19:24:08.039+0200] {dagbag.py:538} INFO - Filling up the DagBag from /Library/Frameworks/Python.framework/Versions/3.10/lib/python3.10/site-packages/airflow/example_dags/example_branch_labels.py
[2024-01-12T19:24:08.050+0200] {processor.py:840} INFO - DAG(s) 'example_branch_labels' retrieved from /Library/Frameworks/Python.framework/Versions/3.10/lib/python3.10/site-packages/airflow/example_dags/example_branch_labels.py
[2024-01-12T19:24:08.188+0200] {logging_mixin.py:188} INFO - [2024-01-12T19:24:08.187+0200] {dag.py:3033} INFO - Sync 1 DAGs
[2024-01-12T19:24:08.202+0200] {logging_mixin.py:188} INFO - [2024-01-12T19:24:08.202+0200] {dag.py:3820} INFO - Setting next_dagrun for example_branch_labels to 2024-01-11T00:00:00+00:00, run_after=2024-01-12T00:00:00+00:00
[2024-01-12T19:24:08.218+0200] {processor.py:183} INFO - Processing /Library/Frameworks/Python.framework/Versions/3.10/lib/python3.10/site-packages/airflow/example_dags/example_branch_labels.py took 0.184 seconds
[2024-01-12T19:27:48.385+0200] {processor.py:161} INFO - Started process (PID=13548) to work on /Library/Frameworks/Python.framework/Versions/3.10/lib/python3.10/site-packages/airflow/example_dags/example_branch_labels.py
[2024-01-12T19:27:48.389+0200] {processor.py:830} INFO - Processing file /Library/Frameworks/Python.framework/Versions/3.10/lib/python3.10/site-packages/airflow/example_dags/example_branch_labels.py for tasks to queue
[2024-01-12T19:27:48.389+0200] {logging_mixin.py:188} INFO - [2024-01-12T19:27:48.389+0200] {dagbag.py:538} INFO - Filling up the DagBag from /Library/Frameworks/Python.framework/Versions/3.10/lib/python3.10/site-packages/airflow/example_dags/example_branch_labels.py
[2024-01-12T19:27:48.400+0200] {processor.py:840} INFO - DAG(s) 'example_branch_labels' retrieved from /Library/Frameworks/Python.framework/Versions/3.10/lib/python3.10/site-packages/airflow/example_dags/example_branch_labels.py
[2024-01-12T19:27:48.539+0200] {logging_mixin.py:188} INFO - [2024-01-12T19:27:48.538+0200] {dag.py:3033} INFO - Sync 1 DAGs
[2024-01-12T19:27:48.555+0200] {logging_mixin.py:188} INFO - [2024-01-12T19:27:48.555+0200] {dag.py:3820} INFO - Setting next_dagrun for example_branch_labels to 2024-01-11T00:00:00+00:00, run_after=2024-01-12T00:00:00+00:00
[2024-01-12T19:27:48.572+0200] {processor.py:183} INFO - Processing /Library/Frameworks/Python.framework/Versions/3.10/lib/python3.10/site-packages/airflow/example_dags/example_branch_labels.py took 0.188 seconds
[2024-01-12T19:31:30.231+0200] {processor.py:161} INFO - Started process (PID=13715) to work on /Library/Frameworks/Python.framework/Versions/3.10/lib/python3.10/site-packages/airflow/example_dags/example_branch_labels.py
[2024-01-12T19:31:30.235+0200] {processor.py:830} INFO - Processing file /Library/Frameworks/Python.framework/Versions/3.10/lib/python3.10/site-packages/airflow/example_dags/example_branch_labels.py for tasks to queue
[2024-01-12T19:31:30.235+0200] {logging_mixin.py:188} INFO - [2024-01-12T19:31:30.235+0200] {dagbag.py:538} INFO - Filling up the DagBag from /Library/Frameworks/Python.framework/Versions/3.10/lib/python3.10/site-packages/airflow/example_dags/example_branch_labels.py
[2024-01-12T19:31:30.246+0200] {processor.py:840} INFO - DAG(s) 'example_branch_labels' retrieved from /Library/Frameworks/Python.framework/Versions/3.10/lib/python3.10/site-packages/airflow/example_dags/example_branch_labels.py
[2024-01-12T19:31:30.378+0200] {logging_mixin.py:188} INFO - [2024-01-12T19:31:30.378+0200] {dag.py:3033} INFO - Sync 1 DAGs
[2024-01-12T19:31:30.392+0200] {logging_mixin.py:188} INFO - [2024-01-12T19:31:30.392+0200] {dag.py:3820} INFO - Setting next_dagrun for example_branch_labels to 2024-01-11T00:00:00+00:00, run_after=2024-01-12T00:00:00+00:00
[2024-01-12T19:31:30.408+0200] {processor.py:183} INFO - Processing /Library/Frameworks/Python.framework/Versions/3.10/lib/python3.10/site-packages/airflow/example_dags/example_branch_labels.py took 0.179 seconds
[2024-01-12T19:35:13.294+0200] {processor.py:161} INFO - Started process (PID=13980) to work on /Library/Frameworks/Python.framework/Versions/3.10/lib/python3.10/site-packages/airflow/example_dags/example_branch_labels.py
[2024-01-12T19:35:13.299+0200] {processor.py:830} INFO - Processing file /Library/Frameworks/Python.framework/Versions/3.10/lib/python3.10/site-packages/airflow/example_dags/example_branch_labels.py for tasks to queue
[2024-01-12T19:35:13.299+0200] {logging_mixin.py:188} INFO - [2024-01-12T19:35:13.299+0200] {dagbag.py:538} INFO - Filling up the DagBag from /Library/Frameworks/Python.framework/Versions/3.10/lib/python3.10/site-packages/airflow/example_dags/example_branch_labels.py
[2024-01-12T19:35:13.311+0200] {processor.py:840} INFO - DAG(s) 'example_branch_labels' retrieved from /Library/Frameworks/Python.framework/Versions/3.10/lib/python3.10/site-packages/airflow/example_dags/example_branch_labels.py
[2024-01-12T19:35:13.447+0200] {logging_mixin.py:188} INFO - [2024-01-12T19:35:13.447+0200] {dag.py:3033} INFO - Sync 1 DAGs
[2024-01-12T19:35:13.462+0200] {logging_mixin.py:188} INFO - [2024-01-12T19:35:13.462+0200] {dag.py:3820} INFO - Setting next_dagrun for example_branch_labels to 2024-01-11T00:00:00+00:00, run_after=2024-01-12T00:00:00+00:00
[2024-01-12T19:35:13.477+0200] {processor.py:183} INFO - Processing /Library/Frameworks/Python.framework/Versions/3.10/lib/python3.10/site-packages/airflow/example_dags/example_branch_labels.py took 0.184 seconds
[2024-01-12T19:38:56.787+0200] {processor.py:161} INFO - Started process (PID=14130) to work on /Library/Frameworks/Python.framework/Versions/3.10/lib/python3.10/site-packages/airflow/example_dags/example_branch_labels.py
[2024-01-12T19:38:56.791+0200] {processor.py:830} INFO - Processing file /Library/Frameworks/Python.framework/Versions/3.10/lib/python3.10/site-packages/airflow/example_dags/example_branch_labels.py for tasks to queue
[2024-01-12T19:38:56.791+0200] {logging_mixin.py:188} INFO - [2024-01-12T19:38:56.791+0200] {dagbag.py:538} INFO - Filling up the DagBag from /Library/Frameworks/Python.framework/Versions/3.10/lib/python3.10/site-packages/airflow/example_dags/example_branch_labels.py
[2024-01-12T19:38:56.802+0200] {processor.py:840} INFO - DAG(s) 'example_branch_labels' retrieved from /Library/Frameworks/Python.framework/Versions/3.10/lib/python3.10/site-packages/airflow/example_dags/example_branch_labels.py
[2024-01-12T19:38:56.939+0200] {logging_mixin.py:188} INFO - [2024-01-12T19:38:56.939+0200] {dag.py:3033} INFO - Sync 1 DAGs
[2024-01-12T19:38:56.954+0200] {logging_mixin.py:188} INFO - [2024-01-12T19:38:56.953+0200] {dag.py:3820} INFO - Setting next_dagrun for example_branch_labels to 2024-01-11T00:00:00+00:00, run_after=2024-01-12T00:00:00+00:00
[2024-01-12T19:38:56.969+0200] {processor.py:183} INFO - Processing /Library/Frameworks/Python.framework/Versions/3.10/lib/python3.10/site-packages/airflow/example_dags/example_branch_labels.py took 0.184 seconds
[2024-01-12T19:42:38.802+0200] {processor.py:161} INFO - Started process (PID=14385) to work on /Library/Frameworks/Python.framework/Versions/3.10/lib/python3.10/site-packages/airflow/example_dags/example_branch_labels.py
[2024-01-12T19:42:38.807+0200] {processor.py:830} INFO - Processing file /Library/Frameworks/Python.framework/Versions/3.10/lib/python3.10/site-packages/airflow/example_dags/example_branch_labels.py for tasks to queue
[2024-01-12T19:42:38.807+0200] {logging_mixin.py:188} INFO - [2024-01-12T19:42:38.807+0200] {dagbag.py:538} INFO - Filling up the DagBag from /Library/Frameworks/Python.framework/Versions/3.10/lib/python3.10/site-packages/airflow/example_dags/example_branch_labels.py
[2024-01-12T19:42:38.821+0200] {processor.py:840} INFO - DAG(s) 'example_branch_labels' retrieved from /Library/Frameworks/Python.framework/Versions/3.10/lib/python3.10/site-packages/airflow/example_dags/example_branch_labels.py
[2024-01-12T19:42:38.956+0200] {logging_mixin.py:188} INFO - [2024-01-12T19:42:38.955+0200] {dag.py:3033} INFO - Sync 1 DAGs
[2024-01-12T19:42:38.970+0200] {logging_mixin.py:188} INFO - [2024-01-12T19:42:38.970+0200] {dag.py:3820} INFO - Setting next_dagrun for example_branch_labels to 2024-01-11T00:00:00+00:00, run_after=2024-01-12T00:00:00+00:00
[2024-01-12T19:42:38.988+0200] {processor.py:183} INFO - Processing /Library/Frameworks/Python.framework/Versions/3.10/lib/python3.10/site-packages/airflow/example_dags/example_branch_labels.py took 0.187 seconds
[2024-01-12T19:48:38.169+0200] {processor.py:161} INFO - Started process (PID=14787) to work on /Library/Frameworks/Python.framework/Versions/3.10/lib/python3.10/site-packages/airflow/example_dags/example_branch_labels.py
[2024-01-12T19:48:38.174+0200] {processor.py:830} INFO - Processing file /Library/Frameworks/Python.framework/Versions/3.10/lib/python3.10/site-packages/airflow/example_dags/example_branch_labels.py for tasks to queue
[2024-01-12T19:48:38.175+0200] {logging_mixin.py:188} INFO - [2024-01-12T19:48:38.174+0200] {dagbag.py:538} INFO - Filling up the DagBag from /Library/Frameworks/Python.framework/Versions/3.10/lib/python3.10/site-packages/airflow/example_dags/example_branch_labels.py
[2024-01-12T19:48:38.187+0200] {processor.py:840} INFO - DAG(s) 'example_branch_labels' retrieved from /Library/Frameworks/Python.framework/Versions/3.10/lib/python3.10/site-packages/airflow/example_dags/example_branch_labels.py
[2024-01-12T19:48:38.423+0200] {logging_mixin.py:188} INFO - [2024-01-12T19:48:38.422+0200] {dag.py:3033} INFO - Sync 1 DAGs
[2024-01-12T19:48:38.438+0200] {logging_mixin.py:188} INFO - [2024-01-12T19:48:38.438+0200] {dag.py:3820} INFO - Setting next_dagrun for example_branch_labels to 2024-01-11T00:00:00+00:00, run_after=2024-01-12T00:00:00+00:00
[2024-01-12T19:48:38.459+0200] {processor.py:183} INFO - Processing /Library/Frameworks/Python.framework/Versions/3.10/lib/python3.10/site-packages/airflow/example_dags/example_branch_labels.py took 0.291 seconds
[2024-01-12T19:53:46.053+0200] {processor.py:161} INFO - Started process (PID=15010) to work on /Library/Frameworks/Python.framework/Versions/3.10/lib/python3.10/site-packages/airflow/example_dags/example_branch_labels.py
[2024-01-12T19:53:46.058+0200] {processor.py:830} INFO - Processing file /Library/Frameworks/Python.framework/Versions/3.10/lib/python3.10/site-packages/airflow/example_dags/example_branch_labels.py for tasks to queue
[2024-01-12T19:53:46.059+0200] {logging_mixin.py:188} INFO - [2024-01-12T19:53:46.058+0200] {dagbag.py:538} INFO - Filling up the DagBag from /Library/Frameworks/Python.framework/Versions/3.10/lib/python3.10/site-packages/airflow/example_dags/example_branch_labels.py
[2024-01-12T19:53:46.071+0200] {processor.py:840} INFO - DAG(s) 'example_branch_labels' retrieved from /Library/Frameworks/Python.framework/Versions/3.10/lib/python3.10/site-packages/airflow/example_dags/example_branch_labels.py
[2024-01-12T19:53:46.216+0200] {logging_mixin.py:188} INFO - [2024-01-12T19:53:46.215+0200] {dag.py:3033} INFO - Sync 1 DAGs
[2024-01-12T19:53:46.231+0200] {logging_mixin.py:188} INFO - [2024-01-12T19:53:46.231+0200] {dag.py:3820} INFO - Setting next_dagrun for example_branch_labels to 2024-01-11T00:00:00+00:00, run_after=2024-01-12T00:00:00+00:00
[2024-01-12T19:53:46.248+0200] {processor.py:183} INFO - Processing /Library/Frameworks/Python.framework/Versions/3.10/lib/python3.10/site-packages/airflow/example_dags/example_branch_labels.py took 0.197 seconds
[2024-01-12T20:15:57.871+0200] {processor.py:161} INFO - Started process (PID=16496) to work on /Library/Frameworks/Python.framework/Versions/3.10/lib/python3.10/site-packages/airflow/example_dags/example_branch_labels.py
[2024-01-12T20:15:57.877+0200] {processor.py:830} INFO - Processing file /Library/Frameworks/Python.framework/Versions/3.10/lib/python3.10/site-packages/airflow/example_dags/example_branch_labels.py for tasks to queue
[2024-01-12T20:15:57.878+0200] {logging_mixin.py:188} INFO - [2024-01-12T20:15:57.877+0200] {dagbag.py:538} INFO - Filling up the DagBag from /Library/Frameworks/Python.framework/Versions/3.10/lib/python3.10/site-packages/airflow/example_dags/example_branch_labels.py
[2024-01-12T20:15:57.890+0200] {processor.py:840} INFO - DAG(s) 'example_branch_labels' retrieved from /Library/Frameworks/Python.framework/Versions/3.10/lib/python3.10/site-packages/airflow/example_dags/example_branch_labels.py
[2024-01-12T20:15:58.132+0200] {logging_mixin.py:188} INFO - [2024-01-12T20:15:58.132+0200] {dag.py:3033} INFO - Sync 1 DAGs
[2024-01-12T20:15:58.147+0200] {logging_mixin.py:188} INFO - [2024-01-12T20:15:58.147+0200] {dag.py:3820} INFO - Setting next_dagrun for example_branch_labels to 2024-01-11T00:00:00+00:00, run_after=2024-01-12T00:00:00+00:00
[2024-01-12T20:15:58.170+0200] {processor.py:183} INFO - Processing /Library/Frameworks/Python.framework/Versions/3.10/lib/python3.10/site-packages/airflow/example_dags/example_branch_labels.py took 0.300 seconds
[2024-01-12T20:19:51.451+0200] {processor.py:161} INFO - Started process (PID=16653) to work on /Library/Frameworks/Python.framework/Versions/3.10/lib/python3.10/site-packages/airflow/example_dags/example_branch_labels.py
[2024-01-12T20:19:51.455+0200] {processor.py:830} INFO - Processing file /Library/Frameworks/Python.framework/Versions/3.10/lib/python3.10/site-packages/airflow/example_dags/example_branch_labels.py for tasks to queue
[2024-01-12T20:19:51.456+0200] {logging_mixin.py:188} INFO - [2024-01-12T20:19:51.456+0200] {dagbag.py:538} INFO - Filling up the DagBag from /Library/Frameworks/Python.framework/Versions/3.10/lib/python3.10/site-packages/airflow/example_dags/example_branch_labels.py
[2024-01-12T20:19:51.469+0200] {processor.py:840} INFO - DAG(s) 'example_branch_labels' retrieved from /Library/Frameworks/Python.framework/Versions/3.10/lib/python3.10/site-packages/airflow/example_dags/example_branch_labels.py
[2024-01-12T20:19:51.618+0200] {logging_mixin.py:188} INFO - [2024-01-12T20:19:51.617+0200] {dag.py:3033} INFO - Sync 1 DAGs
[2024-01-12T20:19:51.633+0200] {logging_mixin.py:188} INFO - [2024-01-12T20:19:51.633+0200] {dag.py:3820} INFO - Setting next_dagrun for example_branch_labels to 2024-01-11T00:00:00+00:00, run_after=2024-01-12T00:00:00+00:00
[2024-01-12T20:19:51.650+0200] {processor.py:183} INFO - Processing /Library/Frameworks/Python.framework/Versions/3.10/lib/python3.10/site-packages/airflow/example_dags/example_branch_labels.py took 0.201 seconds
[2024-01-12T20:23:48.077+0200] {processor.py:161} INFO - Started process (PID=16907) to work on /Library/Frameworks/Python.framework/Versions/3.10/lib/python3.10/site-packages/airflow/example_dags/example_branch_labels.py
[2024-01-12T20:23:48.082+0200] {processor.py:830} INFO - Processing file /Library/Frameworks/Python.framework/Versions/3.10/lib/python3.10/site-packages/airflow/example_dags/example_branch_labels.py for tasks to queue
[2024-01-12T20:23:48.083+0200] {logging_mixin.py:188} INFO - [2024-01-12T20:23:48.083+0200] {dagbag.py:538} INFO - Filling up the DagBag from /Library/Frameworks/Python.framework/Versions/3.10/lib/python3.10/site-packages/airflow/example_dags/example_branch_labels.py
[2024-01-12T20:23:48.096+0200] {processor.py:840} INFO - DAG(s) 'example_branch_labels' retrieved from /Library/Frameworks/Python.framework/Versions/3.10/lib/python3.10/site-packages/airflow/example_dags/example_branch_labels.py
[2024-01-12T20:23:48.244+0200] {logging_mixin.py:188} INFO - [2024-01-12T20:23:48.244+0200] {dag.py:3033} INFO - Sync 1 DAGs
[2024-01-12T20:23:48.259+0200] {logging_mixin.py:188} INFO - [2024-01-12T20:23:48.259+0200] {dag.py:3820} INFO - Setting next_dagrun for example_branch_labels to 2024-01-11T00:00:00+00:00, run_after=2024-01-12T00:00:00+00:00
[2024-01-12T20:23:48.276+0200] {processor.py:183} INFO - Processing /Library/Frameworks/Python.framework/Versions/3.10/lib/python3.10/site-packages/airflow/example_dags/example_branch_labels.py took 0.201 seconds
[2024-01-12T20:27:30.132+0200] {processor.py:161} INFO - Started process (PID=17072) to work on /Library/Frameworks/Python.framework/Versions/3.10/lib/python3.10/site-packages/airflow/example_dags/example_branch_labels.py
[2024-01-12T20:27:30.137+0200] {processor.py:830} INFO - Processing file /Library/Frameworks/Python.framework/Versions/3.10/lib/python3.10/site-packages/airflow/example_dags/example_branch_labels.py for tasks to queue
[2024-01-12T20:27:30.138+0200] {logging_mixin.py:188} INFO - [2024-01-12T20:27:30.137+0200] {dagbag.py:538} INFO - Filling up the DagBag from /Library/Frameworks/Python.framework/Versions/3.10/lib/python3.10/site-packages/airflow/example_dags/example_branch_labels.py
[2024-01-12T20:27:30.150+0200] {processor.py:840} INFO - DAG(s) 'example_branch_labels' retrieved from /Library/Frameworks/Python.framework/Versions/3.10/lib/python3.10/site-packages/airflow/example_dags/example_branch_labels.py
[2024-01-12T20:27:30.285+0200] {logging_mixin.py:188} INFO - [2024-01-12T20:27:30.285+0200] {dag.py:3033} INFO - Sync 1 DAGs
[2024-01-12T20:27:30.299+0200] {logging_mixin.py:188} INFO - [2024-01-12T20:27:30.299+0200] {dag.py:3820} INFO - Setting next_dagrun for example_branch_labels to 2024-01-11T00:00:00+00:00, run_after=2024-01-12T00:00:00+00:00
[2024-01-12T20:27:30.316+0200] {processor.py:183} INFO - Processing /Library/Frameworks/Python.framework/Versions/3.10/lib/python3.10/site-packages/airflow/example_dags/example_branch_labels.py took 0.185 seconds
[2024-01-12T20:31:19.349+0200] {processor.py:161} INFO - Started process (PID=17337) to work on /Library/Frameworks/Python.framework/Versions/3.10/lib/python3.10/site-packages/airflow/example_dags/example_branch_labels.py
[2024-01-12T20:31:19.354+0200] {processor.py:830} INFO - Processing file /Library/Frameworks/Python.framework/Versions/3.10/lib/python3.10/site-packages/airflow/example_dags/example_branch_labels.py for tasks to queue
[2024-01-12T20:31:19.354+0200] {logging_mixin.py:188} INFO - [2024-01-12T20:31:19.354+0200] {dagbag.py:538} INFO - Filling up the DagBag from /Library/Frameworks/Python.framework/Versions/3.10/lib/python3.10/site-packages/airflow/example_dags/example_branch_labels.py
[2024-01-12T20:31:19.366+0200] {processor.py:840} INFO - DAG(s) 'example_branch_labels' retrieved from /Library/Frameworks/Python.framework/Versions/3.10/lib/python3.10/site-packages/airflow/example_dags/example_branch_labels.py
[2024-01-12T20:31:19.497+0200] {logging_mixin.py:188} INFO - [2024-01-12T20:31:19.496+0200] {dag.py:3033} INFO - Sync 1 DAGs
[2024-01-12T20:31:19.512+0200] {logging_mixin.py:188} INFO - [2024-01-12T20:31:19.512+0200] {dag.py:3820} INFO - Setting next_dagrun for example_branch_labels to 2024-01-11T00:00:00+00:00, run_after=2024-01-12T00:00:00+00:00
[2024-01-12T20:31:19.528+0200] {processor.py:183} INFO - Processing /Library/Frameworks/Python.framework/Versions/3.10/lib/python3.10/site-packages/airflow/example_dags/example_branch_labels.py took 0.181 seconds
[2024-01-12T20:35:07.361+0200] {processor.py:161} INFO - Started process (PID=17502) to work on /Library/Frameworks/Python.framework/Versions/3.10/lib/python3.10/site-packages/airflow/example_dags/example_branch_labels.py
[2024-01-12T20:35:07.366+0200] {processor.py:830} INFO - Processing file /Library/Frameworks/Python.framework/Versions/3.10/lib/python3.10/site-packages/airflow/example_dags/example_branch_labels.py for tasks to queue
[2024-01-12T20:35:07.366+0200] {logging_mixin.py:188} INFO - [2024-01-12T20:35:07.366+0200] {dagbag.py:538} INFO - Filling up the DagBag from /Library/Frameworks/Python.framework/Versions/3.10/lib/python3.10/site-packages/airflow/example_dags/example_branch_labels.py
[2024-01-12T20:35:07.377+0200] {processor.py:840} INFO - DAG(s) 'example_branch_labels' retrieved from /Library/Frameworks/Python.framework/Versions/3.10/lib/python3.10/site-packages/airflow/example_dags/example_branch_labels.py
[2024-01-12T20:35:07.525+0200] {logging_mixin.py:188} INFO - [2024-01-12T20:35:07.525+0200] {dag.py:3033} INFO - Sync 1 DAGs
[2024-01-12T20:35:07.540+0200] {logging_mixin.py:188} INFO - [2024-01-12T20:35:07.539+0200] {dag.py:3820} INFO - Setting next_dagrun for example_branch_labels to 2024-01-11T00:00:00+00:00, run_after=2024-01-12T00:00:00+00:00
[2024-01-12T20:35:07.555+0200] {processor.py:183} INFO - Processing /Library/Frameworks/Python.framework/Versions/3.10/lib/python3.10/site-packages/airflow/example_dags/example_branch_labels.py took 0.196 seconds
[2024-01-12T20:38:47.101+0200] {processor.py:161} INFO - Started process (PID=17760) to work on /Library/Frameworks/Python.framework/Versions/3.10/lib/python3.10/site-packages/airflow/example_dags/example_branch_labels.py
[2024-01-12T20:38:47.105+0200] {processor.py:830} INFO - Processing file /Library/Frameworks/Python.framework/Versions/3.10/lib/python3.10/site-packages/airflow/example_dags/example_branch_labels.py for tasks to queue
[2024-01-12T20:38:47.106+0200] {logging_mixin.py:188} INFO - [2024-01-12T20:38:47.106+0200] {dagbag.py:538} INFO - Filling up the DagBag from /Library/Frameworks/Python.framework/Versions/3.10/lib/python3.10/site-packages/airflow/example_dags/example_branch_labels.py
[2024-01-12T20:38:47.122+0200] {processor.py:840} INFO - DAG(s) 'example_branch_labels' retrieved from /Library/Frameworks/Python.framework/Versions/3.10/lib/python3.10/site-packages/airflow/example_dags/example_branch_labels.py
[2024-01-12T20:38:47.257+0200] {logging_mixin.py:188} INFO - [2024-01-12T20:38:47.257+0200] {dag.py:3033} INFO - Sync 1 DAGs
[2024-01-12T20:38:47.271+0200] {logging_mixin.py:188} INFO - [2024-01-12T20:38:47.271+0200] {dag.py:3820} INFO - Setting next_dagrun for example_branch_labels to 2024-01-11T00:00:00+00:00, run_after=2024-01-12T00:00:00+00:00
[2024-01-12T20:38:47.289+0200] {processor.py:183} INFO - Processing /Library/Frameworks/Python.framework/Versions/3.10/lib/python3.10/site-packages/airflow/example_dags/example_branch_labels.py took 0.189 seconds
[2024-01-12T20:42:36.549+0200] {processor.py:161} INFO - Started process (PID=17921) to work on /Library/Frameworks/Python.framework/Versions/3.10/lib/python3.10/site-packages/airflow/example_dags/example_branch_labels.py
[2024-01-12T20:42:36.554+0200] {processor.py:830} INFO - Processing file /Library/Frameworks/Python.framework/Versions/3.10/lib/python3.10/site-packages/airflow/example_dags/example_branch_labels.py for tasks to queue
[2024-01-12T20:42:36.554+0200] {logging_mixin.py:188} INFO - [2024-01-12T20:42:36.554+0200] {dagbag.py:538} INFO - Filling up the DagBag from /Library/Frameworks/Python.framework/Versions/3.10/lib/python3.10/site-packages/airflow/example_dags/example_branch_labels.py
[2024-01-12T20:42:36.570+0200] {processor.py:840} INFO - DAG(s) 'example_branch_labels' retrieved from /Library/Frameworks/Python.framework/Versions/3.10/lib/python3.10/site-packages/airflow/example_dags/example_branch_labels.py
[2024-01-12T20:42:36.708+0200] {logging_mixin.py:188} INFO - [2024-01-12T20:42:36.707+0200] {dag.py:3033} INFO - Sync 1 DAGs
[2024-01-12T20:42:36.722+0200] {logging_mixin.py:188} INFO - [2024-01-12T20:42:36.722+0200] {dag.py:3820} INFO - Setting next_dagrun for example_branch_labels to 2024-01-11T00:00:00+00:00, run_after=2024-01-12T00:00:00+00:00
[2024-01-12T20:42:36.739+0200] {processor.py:183} INFO - Processing /Library/Frameworks/Python.framework/Versions/3.10/lib/python3.10/site-packages/airflow/example_dags/example_branch_labels.py took 0.192 seconds
[2024-01-12T20:46:24.726+0200] {processor.py:161} INFO - Started process (PID=18182) to work on /Library/Frameworks/Python.framework/Versions/3.10/lib/python3.10/site-packages/airflow/example_dags/example_branch_labels.py
[2024-01-12T20:46:24.731+0200] {processor.py:830} INFO - Processing file /Library/Frameworks/Python.framework/Versions/3.10/lib/python3.10/site-packages/airflow/example_dags/example_branch_labels.py for tasks to queue
[2024-01-12T20:46:24.732+0200] {logging_mixin.py:188} INFO - [2024-01-12T20:46:24.732+0200] {dagbag.py:538} INFO - Filling up the DagBag from /Library/Frameworks/Python.framework/Versions/3.10/lib/python3.10/site-packages/airflow/example_dags/example_branch_labels.py
[2024-01-12T20:46:24.744+0200] {processor.py:840} INFO - DAG(s) 'example_branch_labels' retrieved from /Library/Frameworks/Python.framework/Versions/3.10/lib/python3.10/site-packages/airflow/example_dags/example_branch_labels.py
[2024-01-12T20:46:24.882+0200] {logging_mixin.py:188} INFO - [2024-01-12T20:46:24.882+0200] {dag.py:3033} INFO - Sync 1 DAGs
[2024-01-12T20:46:24.897+0200] {logging_mixin.py:188} INFO - [2024-01-12T20:46:24.896+0200] {dag.py:3820} INFO - Setting next_dagrun for example_branch_labels to 2024-01-11T00:00:00+00:00, run_after=2024-01-12T00:00:00+00:00
[2024-01-12T20:46:24.912+0200] {processor.py:183} INFO - Processing /Library/Frameworks/Python.framework/Versions/3.10/lib/python3.10/site-packages/airflow/example_dags/example_branch_labels.py took 0.187 seconds
[2024-01-12T20:50:10.880+0200] {processor.py:161} INFO - Started process (PID=18341) to work on /Library/Frameworks/Python.framework/Versions/3.10/lib/python3.10/site-packages/airflow/example_dags/example_branch_labels.py
[2024-01-12T20:50:10.888+0200] {processor.py:830} INFO - Processing file /Library/Frameworks/Python.framework/Versions/3.10/lib/python3.10/site-packages/airflow/example_dags/example_branch_labels.py for tasks to queue
[2024-01-12T20:50:10.888+0200] {logging_mixin.py:188} INFO - [2024-01-12T20:50:10.888+0200] {dagbag.py:538} INFO - Filling up the DagBag from /Library/Frameworks/Python.framework/Versions/3.10/lib/python3.10/site-packages/airflow/example_dags/example_branch_labels.py
[2024-01-12T20:50:10.902+0200] {processor.py:840} INFO - DAG(s) 'example_branch_labels' retrieved from /Library/Frameworks/Python.framework/Versions/3.10/lib/python3.10/site-packages/airflow/example_dags/example_branch_labels.py
[2024-01-12T20:50:11.042+0200] {logging_mixin.py:188} INFO - [2024-01-12T20:50:11.042+0200] {dag.py:3033} INFO - Sync 1 DAGs
[2024-01-12T20:50:11.056+0200] {logging_mixin.py:188} INFO - [2024-01-12T20:50:11.056+0200] {dag.py:3820} INFO - Setting next_dagrun for example_branch_labels to 2024-01-11T00:00:00+00:00, run_after=2024-01-12T00:00:00+00:00
[2024-01-12T20:50:11.072+0200] {processor.py:183} INFO - Processing /Library/Frameworks/Python.framework/Versions/3.10/lib/python3.10/site-packages/airflow/example_dags/example_branch_labels.py took 0.194 seconds
[2024-01-12T20:53:56.407+0200] {processor.py:161} INFO - Started process (PID=18601) to work on /Library/Frameworks/Python.framework/Versions/3.10/lib/python3.10/site-packages/airflow/example_dags/example_branch_labels.py
[2024-01-12T20:53:56.412+0200] {processor.py:830} INFO - Processing file /Library/Frameworks/Python.framework/Versions/3.10/lib/python3.10/site-packages/airflow/example_dags/example_branch_labels.py for tasks to queue
[2024-01-12T20:53:56.413+0200] {logging_mixin.py:188} INFO - [2024-01-12T20:53:56.413+0200] {dagbag.py:538} INFO - Filling up the DagBag from /Library/Frameworks/Python.framework/Versions/3.10/lib/python3.10/site-packages/airflow/example_dags/example_branch_labels.py
[2024-01-12T20:53:56.427+0200] {processor.py:840} INFO - DAG(s) 'example_branch_labels' retrieved from /Library/Frameworks/Python.framework/Versions/3.10/lib/python3.10/site-packages/airflow/example_dags/example_branch_labels.py
[2024-01-12T20:53:56.562+0200] {logging_mixin.py:188} INFO - [2024-01-12T20:53:56.562+0200] {dag.py:3033} INFO - Sync 1 DAGs
[2024-01-12T20:53:56.576+0200] {logging_mixin.py:188} INFO - [2024-01-12T20:53:56.576+0200] {dag.py:3820} INFO - Setting next_dagrun for example_branch_labels to 2024-01-11T00:00:00+00:00, run_after=2024-01-12T00:00:00+00:00
[2024-01-12T20:53:56.592+0200] {processor.py:183} INFO - Processing /Library/Frameworks/Python.framework/Versions/3.10/lib/python3.10/site-packages/airflow/example_dags/example_branch_labels.py took 0.186 seconds
[2024-01-12T20:57:47.534+0200] {processor.py:161} INFO - Started process (PID=18762) to work on /Library/Frameworks/Python.framework/Versions/3.10/lib/python3.10/site-packages/airflow/example_dags/example_branch_labels.py
[2024-01-12T20:57:47.538+0200] {processor.py:830} INFO - Processing file /Library/Frameworks/Python.framework/Versions/3.10/lib/python3.10/site-packages/airflow/example_dags/example_branch_labels.py for tasks to queue
[2024-01-12T20:57:47.539+0200] {logging_mixin.py:188} INFO - [2024-01-12T20:57:47.539+0200] {dagbag.py:538} INFO - Filling up the DagBag from /Library/Frameworks/Python.framework/Versions/3.10/lib/python3.10/site-packages/airflow/example_dags/example_branch_labels.py
[2024-01-12T20:57:47.550+0200] {processor.py:840} INFO - DAG(s) 'example_branch_labels' retrieved from /Library/Frameworks/Python.framework/Versions/3.10/lib/python3.10/site-packages/airflow/example_dags/example_branch_labels.py
[2024-01-12T20:57:47.690+0200] {logging_mixin.py:188} INFO - [2024-01-12T20:57:47.689+0200] {dag.py:3033} INFO - Sync 1 DAGs
[2024-01-12T20:57:47.705+0200] {logging_mixin.py:188} INFO - [2024-01-12T20:57:47.704+0200] {dag.py:3820} INFO - Setting next_dagrun for example_branch_labels to 2024-01-11T00:00:00+00:00, run_after=2024-01-12T00:00:00+00:00
[2024-01-12T20:57:47.721+0200] {processor.py:183} INFO - Processing /Library/Frameworks/Python.framework/Versions/3.10/lib/python3.10/site-packages/airflow/example_dags/example_branch_labels.py took 0.189 seconds
[2024-01-12T21:01:18.343+0200] {processor.py:161} INFO - Started process (PID=18924) to work on /Library/Frameworks/Python.framework/Versions/3.10/lib/python3.10/site-packages/airflow/example_dags/example_branch_labels.py
[2024-01-12T21:01:18.346+0200] {processor.py:830} INFO - Processing file /Library/Frameworks/Python.framework/Versions/3.10/lib/python3.10/site-packages/airflow/example_dags/example_branch_labels.py for tasks to queue
[2024-01-12T21:01:18.347+0200] {logging_mixin.py:188} INFO - [2024-01-12T21:01:18.347+0200] {dagbag.py:538} INFO - Filling up the DagBag from /Library/Frameworks/Python.framework/Versions/3.10/lib/python3.10/site-packages/airflow/example_dags/example_branch_labels.py
[2024-01-12T21:01:18.359+0200] {processor.py:840} INFO - DAG(s) 'example_branch_labels' retrieved from /Library/Frameworks/Python.framework/Versions/3.10/lib/python3.10/site-packages/airflow/example_dags/example_branch_labels.py
[2024-01-12T21:01:18.503+0200] {logging_mixin.py:188} INFO - [2024-01-12T21:01:18.502+0200] {dag.py:3033} INFO - Sync 1 DAGs
[2024-01-12T21:01:18.522+0200] {logging_mixin.py:188} INFO - [2024-01-12T21:01:18.522+0200] {dag.py:3820} INFO - Setting next_dagrun for example_branch_labels to 2024-01-11T00:00:00+00:00, run_after=2024-01-12T00:00:00+00:00
[2024-01-12T21:01:18.537+0200] {processor.py:183} INFO - Processing /Library/Frameworks/Python.framework/Versions/3.10/lib/python3.10/site-packages/airflow/example_dags/example_branch_labels.py took 0.196 seconds
[2024-01-12T21:05:03.359+0200] {processor.py:161} INFO - Started process (PID=19184) to work on /Library/Frameworks/Python.framework/Versions/3.10/lib/python3.10/site-packages/airflow/example_dags/example_branch_labels.py
[2024-01-12T21:05:03.364+0200] {processor.py:830} INFO - Processing file /Library/Frameworks/Python.framework/Versions/3.10/lib/python3.10/site-packages/airflow/example_dags/example_branch_labels.py for tasks to queue
[2024-01-12T21:05:03.364+0200] {logging_mixin.py:188} INFO - [2024-01-12T21:05:03.364+0200] {dagbag.py:538} INFO - Filling up the DagBag from /Library/Frameworks/Python.framework/Versions/3.10/lib/python3.10/site-packages/airflow/example_dags/example_branch_labels.py
[2024-01-12T21:05:03.377+0200] {processor.py:840} INFO - DAG(s) 'example_branch_labels' retrieved from /Library/Frameworks/Python.framework/Versions/3.10/lib/python3.10/site-packages/airflow/example_dags/example_branch_labels.py
[2024-01-12T21:05:03.526+0200] {logging_mixin.py:188} INFO - [2024-01-12T21:05:03.526+0200] {dag.py:3033} INFO - Sync 1 DAGs
[2024-01-12T21:05:03.542+0200] {logging_mixin.py:188} INFO - [2024-01-12T21:05:03.542+0200] {dag.py:3820} INFO - Setting next_dagrun for example_branch_labels to 2024-01-11T00:00:00+00:00, run_after=2024-01-12T00:00:00+00:00
[2024-01-12T21:05:03.559+0200] {processor.py:183} INFO - Processing /Library/Frameworks/Python.framework/Versions/3.10/lib/python3.10/site-packages/airflow/example_dags/example_branch_labels.py took 0.202 seconds
[2024-01-12T21:08:55.834+0200] {processor.py:161} INFO - Started process (PID=19342) to work on /Library/Frameworks/Python.framework/Versions/3.10/lib/python3.10/site-packages/airflow/example_dags/example_branch_labels.py
[2024-01-12T21:08:55.839+0200] {processor.py:830} INFO - Processing file /Library/Frameworks/Python.framework/Versions/3.10/lib/python3.10/site-packages/airflow/example_dags/example_branch_labels.py for tasks to queue
[2024-01-12T21:08:55.840+0200] {logging_mixin.py:188} INFO - [2024-01-12T21:08:55.840+0200] {dagbag.py:538} INFO - Filling up the DagBag from /Library/Frameworks/Python.framework/Versions/3.10/lib/python3.10/site-packages/airflow/example_dags/example_branch_labels.py
[2024-01-12T21:08:55.854+0200] {processor.py:840} INFO - DAG(s) 'example_branch_labels' retrieved from /Library/Frameworks/Python.framework/Versions/3.10/lib/python3.10/site-packages/airflow/example_dags/example_branch_labels.py
[2024-01-12T21:08:55.996+0200] {logging_mixin.py:188} INFO - [2024-01-12T21:08:55.996+0200] {dag.py:3033} INFO - Sync 1 DAGs
[2024-01-12T21:08:56.011+0200] {logging_mixin.py:188} INFO - [2024-01-12T21:08:56.011+0200] {dag.py:3820} INFO - Setting next_dagrun for example_branch_labels to 2024-01-11T00:00:00+00:00, run_after=2024-01-12T00:00:00+00:00
[2024-01-12T21:08:56.027+0200] {processor.py:183} INFO - Processing /Library/Frameworks/Python.framework/Versions/3.10/lib/python3.10/site-packages/airflow/example_dags/example_branch_labels.py took 0.195 seconds
[2024-01-12T21:12:38.270+0200] {processor.py:161} INFO - Started process (PID=19603) to work on /Library/Frameworks/Python.framework/Versions/3.10/lib/python3.10/site-packages/airflow/example_dags/example_branch_labels.py
[2024-01-12T21:12:38.275+0200] {processor.py:830} INFO - Processing file /Library/Frameworks/Python.framework/Versions/3.10/lib/python3.10/site-packages/airflow/example_dags/example_branch_labels.py for tasks to queue
[2024-01-12T21:12:38.275+0200] {logging_mixin.py:188} INFO - [2024-01-12T21:12:38.275+0200] {dagbag.py:538} INFO - Filling up the DagBag from /Library/Frameworks/Python.framework/Versions/3.10/lib/python3.10/site-packages/airflow/example_dags/example_branch_labels.py
[2024-01-12T21:12:38.288+0200] {processor.py:840} INFO - DAG(s) 'example_branch_labels' retrieved from /Library/Frameworks/Python.framework/Versions/3.10/lib/python3.10/site-packages/airflow/example_dags/example_branch_labels.py
[2024-01-12T21:12:38.426+0200] {logging_mixin.py:188} INFO - [2024-01-12T21:12:38.426+0200] {dag.py:3033} INFO - Sync 1 DAGs
[2024-01-12T21:12:38.441+0200] {logging_mixin.py:188} INFO - [2024-01-12T21:12:38.441+0200] {dag.py:3820} INFO - Setting next_dagrun for example_branch_labels to 2024-01-11T00:00:00+00:00, run_after=2024-01-12T00:00:00+00:00
[2024-01-12T21:12:38.457+0200] {processor.py:183} INFO - Processing /Library/Frameworks/Python.framework/Versions/3.10/lib/python3.10/site-packages/airflow/example_dags/example_branch_labels.py took 0.188 seconds
[2024-01-12T21:16:22.193+0200] {processor.py:161} INFO - Started process (PID=19774) to work on /Library/Frameworks/Python.framework/Versions/3.10/lib/python3.10/site-packages/airflow/example_dags/example_branch_labels.py
[2024-01-12T21:16:22.202+0200] {processor.py:830} INFO - Processing file /Library/Frameworks/Python.framework/Versions/3.10/lib/python3.10/site-packages/airflow/example_dags/example_branch_labels.py for tasks to queue
[2024-01-12T21:16:22.204+0200] {logging_mixin.py:188} INFO - [2024-01-12T21:16:22.204+0200] {dagbag.py:538} INFO - Filling up the DagBag from /Library/Frameworks/Python.framework/Versions/3.10/lib/python3.10/site-packages/airflow/example_dags/example_branch_labels.py
[2024-01-12T21:16:22.247+0200] {processor.py:840} INFO - DAG(s) 'example_branch_labels' retrieved from /Library/Frameworks/Python.framework/Versions/3.10/lib/python3.10/site-packages/airflow/example_dags/example_branch_labels.py
[2024-01-12T21:16:22.410+0200] {logging_mixin.py:188} INFO - [2024-01-12T21:16:22.410+0200] {dag.py:3033} INFO - Sync 1 DAGs
[2024-01-12T21:16:22.426+0200] {logging_mixin.py:188} INFO - [2024-01-12T21:16:22.426+0200] {dag.py:3820} INFO - Setting next_dagrun for example_branch_labels to 2024-01-11T00:00:00+00:00, run_after=2024-01-12T00:00:00+00:00
[2024-01-12T21:16:22.442+0200] {processor.py:183} INFO - Processing /Library/Frameworks/Python.framework/Versions/3.10/lib/python3.10/site-packages/airflow/example_dags/example_branch_labels.py took 0.251 seconds
[2024-01-12T21:20:12.226+0200] {processor.py:161} INFO - Started process (PID=20031) to work on /Library/Frameworks/Python.framework/Versions/3.10/lib/python3.10/site-packages/airflow/example_dags/example_branch_labels.py
[2024-01-12T21:20:12.241+0200] {processor.py:830} INFO - Processing file /Library/Frameworks/Python.framework/Versions/3.10/lib/python3.10/site-packages/airflow/example_dags/example_branch_labels.py for tasks to queue
[2024-01-12T21:20:12.242+0200] {logging_mixin.py:188} INFO - [2024-01-12T21:20:12.242+0200] {dagbag.py:538} INFO - Filling up the DagBag from /Library/Frameworks/Python.framework/Versions/3.10/lib/python3.10/site-packages/airflow/example_dags/example_branch_labels.py
[2024-01-12T21:20:12.444+0200] {processor.py:840} INFO - DAG(s) 'example_branch_labels' retrieved from /Library/Frameworks/Python.framework/Versions/3.10/lib/python3.10/site-packages/airflow/example_dags/example_branch_labels.py
[2024-01-12T21:20:12.773+0200] {logging_mixin.py:188} INFO - [2024-01-12T21:20:12.773+0200] {dag.py:3033} INFO - Sync 1 DAGs
[2024-01-12T21:20:12.891+0200] {logging_mixin.py:188} INFO - [2024-01-12T21:20:12.888+0200] {dag.py:3820} INFO - Setting next_dagrun for example_branch_labels to 2024-01-11T00:00:00+00:00, run_after=2024-01-12T00:00:00+00:00
[2024-01-12T21:20:13.000+0200] {processor.py:183} INFO - Processing /Library/Frameworks/Python.framework/Versions/3.10/lib/python3.10/site-packages/airflow/example_dags/example_branch_labels.py took 0.775 seconds
