[2024-01-12T16:44:05.336+0200] {processor.py:161} INFO - Started process (PID=3674) to work on /Library/Frameworks/Python.framework/Versions/3.10/lib/python3.10/site-packages/airflow/example_dags/example_complex.py
[2024-01-12T16:44:05.340+0200] {processor.py:830} INFO - Processing file /Library/Frameworks/Python.framework/Versions/3.10/lib/python3.10/site-packages/airflow/example_dags/example_complex.py for tasks to queue
[2024-01-12T16:44:05.341+0200] {logging_mixin.py:188} INFO - [2024-01-12T16:44:05.340+0200] {dagbag.py:538} INFO - Filling up the DagBag from /Library/Frameworks/Python.framework/Versions/3.10/lib/python3.10/site-packages/airflow/example_dags/example_complex.py
[2024-01-12T16:44:05.397+0200] {processor.py:840} INFO - DAG(s) 'example_complex' retrieved from /Library/Frameworks/Python.framework/Versions/3.10/lib/python3.10/site-packages/airflow/example_dags/example_complex.py
[2024-01-12T16:44:05.586+0200] {logging_mixin.py:188} INFO - [2024-01-12T16:44:05.586+0200] {dag.py:3033} INFO - Sync 1 DAGs
[2024-01-12T16:44:05.593+0200] {logging_mixin.py:188} INFO - [2024-01-12T16:44:05.593+0200] {dag.py:3820} INFO - Setting next_dagrun for example_complex to None, run_after=None
[2024-01-12T16:44:05.612+0200] {processor.py:183} INFO - Processing /Library/Frameworks/Python.framework/Versions/3.10/lib/python3.10/site-packages/airflow/example_dags/example_complex.py took 0.277 seconds
[2024-01-12T16:48:11.603+0200] {processor.py:161} INFO - Started process (PID=3898) to work on /Library/Frameworks/Python.framework/Versions/3.10/lib/python3.10/site-packages/airflow/example_dags/example_complex.py
[2024-01-12T16:48:11.608+0200] {processor.py:830} INFO - Processing file /Library/Frameworks/Python.framework/Versions/3.10/lib/python3.10/site-packages/airflow/example_dags/example_complex.py for tasks to queue
[2024-01-12T16:48:11.608+0200] {logging_mixin.py:188} INFO - [2024-01-12T16:48:11.608+0200] {dagbag.py:538} INFO - Filling up the DagBag from /Library/Frameworks/Python.framework/Versions/3.10/lib/python3.10/site-packages/airflow/example_dags/example_complex.py
[2024-01-12T16:48:11.666+0200] {processor.py:840} INFO - DAG(s) 'example_complex' retrieved from /Library/Frameworks/Python.framework/Versions/3.10/lib/python3.10/site-packages/airflow/example_dags/example_complex.py
[2024-01-12T16:48:11.776+0200] {logging_mixin.py:188} INFO - [2024-01-12T16:48:11.776+0200] {dag.py:3033} INFO - Sync 1 DAGs
[2024-01-12T16:48:11.784+0200] {logging_mixin.py:188} INFO - [2024-01-12T16:48:11.783+0200] {dag.py:3820} INFO - Setting next_dagrun for example_complex to None, run_after=None
[2024-01-12T16:48:11.800+0200] {processor.py:183} INFO - Processing /Library/Frameworks/Python.framework/Versions/3.10/lib/python3.10/site-packages/airflow/example_dags/example_complex.py took 0.198 seconds
[2024-01-12T16:51:59.181+0200] {processor.py:161} INFO - Started process (PID=4157) to work on /Library/Frameworks/Python.framework/Versions/3.10/lib/python3.10/site-packages/airflow/example_dags/example_complex.py
[2024-01-12T16:51:59.185+0200] {processor.py:830} INFO - Processing file /Library/Frameworks/Python.framework/Versions/3.10/lib/python3.10/site-packages/airflow/example_dags/example_complex.py for tasks to queue
[2024-01-12T16:51:59.186+0200] {logging_mixin.py:188} INFO - [2024-01-12T16:51:59.186+0200] {dagbag.py:538} INFO - Filling up the DagBag from /Library/Frameworks/Python.framework/Versions/3.10/lib/python3.10/site-packages/airflow/example_dags/example_complex.py
[2024-01-12T16:51:59.242+0200] {processor.py:840} INFO - DAG(s) 'example_complex' retrieved from /Library/Frameworks/Python.framework/Versions/3.10/lib/python3.10/site-packages/airflow/example_dags/example_complex.py
[2024-01-12T16:51:59.350+0200] {logging_mixin.py:188} INFO - [2024-01-12T16:51:59.350+0200] {dag.py:3033} INFO - Sync 1 DAGs
[2024-01-12T16:51:59.357+0200] {logging_mixin.py:188} INFO - [2024-01-12T16:51:59.357+0200] {dag.py:3820} INFO - Setting next_dagrun for example_complex to None, run_after=None
[2024-01-12T16:51:59.374+0200] {processor.py:183} INFO - Processing /Library/Frameworks/Python.framework/Versions/3.10/lib/python3.10/site-packages/airflow/example_dags/example_complex.py took 0.194 seconds
[2024-01-12T16:56:17.791+0200] {processor.py:161} INFO - Started process (PID=4494) to work on /Library/Frameworks/Python.framework/Versions/3.10/lib/python3.10/site-packages/airflow/example_dags/example_complex.py
[2024-01-12T16:56:17.796+0200] {processor.py:830} INFO - Processing file /Library/Frameworks/Python.framework/Versions/3.10/lib/python3.10/site-packages/airflow/example_dags/example_complex.py for tasks to queue
[2024-01-12T16:56:17.796+0200] {logging_mixin.py:188} INFO - [2024-01-12T16:56:17.796+0200] {dagbag.py:538} INFO - Filling up the DagBag from /Library/Frameworks/Python.framework/Versions/3.10/lib/python3.10/site-packages/airflow/example_dags/example_complex.py
[2024-01-12T16:56:17.854+0200] {processor.py:840} INFO - DAG(s) 'example_complex' retrieved from /Library/Frameworks/Python.framework/Versions/3.10/lib/python3.10/site-packages/airflow/example_dags/example_complex.py
[2024-01-12T16:56:17.967+0200] {logging_mixin.py:188} INFO - [2024-01-12T16:56:17.967+0200] {dag.py:3033} INFO - Sync 1 DAGs
[2024-01-12T16:56:17.975+0200] {logging_mixin.py:188} INFO - [2024-01-12T16:56:17.974+0200] {dag.py:3820} INFO - Setting next_dagrun for example_complex to None, run_after=None
[2024-01-12T16:56:17.991+0200] {processor.py:183} INFO - Processing /Library/Frameworks/Python.framework/Versions/3.10/lib/python3.10/site-packages/airflow/example_dags/example_complex.py took 0.201 seconds
[2024-01-12T17:00:18.819+0200] {processor.py:161} INFO - Started process (PID=4699) to work on /Library/Frameworks/Python.framework/Versions/3.10/lib/python3.10/site-packages/airflow/example_dags/example_complex.py
[2024-01-12T17:00:18.823+0200] {processor.py:830} INFO - Processing file /Library/Frameworks/Python.framework/Versions/3.10/lib/python3.10/site-packages/airflow/example_dags/example_complex.py for tasks to queue
[2024-01-12T17:00:18.824+0200] {logging_mixin.py:188} INFO - [2024-01-12T17:00:18.824+0200] {dagbag.py:538} INFO - Filling up the DagBag from /Library/Frameworks/Python.framework/Versions/3.10/lib/python3.10/site-packages/airflow/example_dags/example_complex.py
[2024-01-12T17:00:18.887+0200] {processor.py:840} INFO - DAG(s) 'example_complex' retrieved from /Library/Frameworks/Python.framework/Versions/3.10/lib/python3.10/site-packages/airflow/example_dags/example_complex.py
[2024-01-12T17:00:19.009+0200] {logging_mixin.py:188} INFO - [2024-01-12T17:00:19.008+0200] {dag.py:3033} INFO - Sync 1 DAGs
[2024-01-12T17:00:19.018+0200] {logging_mixin.py:188} INFO - [2024-01-12T17:00:19.018+0200] {dag.py:3820} INFO - Setting next_dagrun for example_complex to None, run_after=None
[2024-01-12T17:00:19.037+0200] {processor.py:183} INFO - Processing /Library/Frameworks/Python.framework/Versions/3.10/lib/python3.10/site-packages/airflow/example_dags/example_complex.py took 0.219 seconds
[2024-01-12T17:04:48.806+0200] {processor.py:161} INFO - Started process (PID=5052) to work on /Library/Frameworks/Python.framework/Versions/3.10/lib/python3.10/site-packages/airflow/example_dags/example_complex.py
[2024-01-12T17:04:48.811+0200] {processor.py:830} INFO - Processing file /Library/Frameworks/Python.framework/Versions/3.10/lib/python3.10/site-packages/airflow/example_dags/example_complex.py for tasks to queue
[2024-01-12T17:04:48.811+0200] {logging_mixin.py:188} INFO - [2024-01-12T17:04:48.811+0200] {dagbag.py:538} INFO - Filling up the DagBag from /Library/Frameworks/Python.framework/Versions/3.10/lib/python3.10/site-packages/airflow/example_dags/example_complex.py
[2024-01-12T17:04:48.873+0200] {processor.py:840} INFO - DAG(s) 'example_complex' retrieved from /Library/Frameworks/Python.framework/Versions/3.10/lib/python3.10/site-packages/airflow/example_dags/example_complex.py
[2024-01-12T17:04:48.991+0200] {logging_mixin.py:188} INFO - [2024-01-12T17:04:48.991+0200] {dag.py:3033} INFO - Sync 1 DAGs
[2024-01-12T17:04:48.998+0200] {logging_mixin.py:188} INFO - [2024-01-12T17:04:48.998+0200] {dag.py:3820} INFO - Setting next_dagrun for example_complex to None, run_after=None
[2024-01-12T17:04:49.019+0200] {processor.py:183} INFO - Processing /Library/Frameworks/Python.framework/Versions/3.10/lib/python3.10/site-packages/airflow/example_dags/example_complex.py took 0.214 seconds
[2024-01-12T17:09:03.898+0200] {processor.py:161} INFO - Started process (PID=5375) to work on /Library/Frameworks/Python.framework/Versions/3.10/lib/python3.10/site-packages/airflow/example_dags/example_complex.py
[2024-01-12T17:09:03.903+0200] {processor.py:830} INFO - Processing file /Library/Frameworks/Python.framework/Versions/3.10/lib/python3.10/site-packages/airflow/example_dags/example_complex.py for tasks to queue
[2024-01-12T17:09:03.903+0200] {logging_mixin.py:188} INFO - [2024-01-12T17:09:03.903+0200] {dagbag.py:538} INFO - Filling up the DagBag from /Library/Frameworks/Python.framework/Versions/3.10/lib/python3.10/site-packages/airflow/example_dags/example_complex.py
[2024-01-12T17:09:03.962+0200] {processor.py:840} INFO - DAG(s) 'example_complex' retrieved from /Library/Frameworks/Python.framework/Versions/3.10/lib/python3.10/site-packages/airflow/example_dags/example_complex.py
[2024-01-12T17:09:04.083+0200] {logging_mixin.py:188} INFO - [2024-01-12T17:09:04.083+0200] {dag.py:3033} INFO - Sync 1 DAGs
[2024-01-12T17:09:04.092+0200] {logging_mixin.py:188} INFO - [2024-01-12T17:09:04.092+0200] {dag.py:3820} INFO - Setting next_dagrun for example_complex to None, run_after=None
[2024-01-12T17:09:04.110+0200] {processor.py:183} INFO - Processing /Library/Frameworks/Python.framework/Versions/3.10/lib/python3.10/site-packages/airflow/example_dags/example_complex.py took 0.213 seconds
[2024-01-12T17:13:12.841+0200] {processor.py:161} INFO - Started process (PID=5568) to work on /Library/Frameworks/Python.framework/Versions/3.10/lib/python3.10/site-packages/airflow/example_dags/example_complex.py
[2024-01-12T17:13:12.847+0200] {processor.py:830} INFO - Processing file /Library/Frameworks/Python.framework/Versions/3.10/lib/python3.10/site-packages/airflow/example_dags/example_complex.py for tasks to queue
[2024-01-12T17:13:12.848+0200] {logging_mixin.py:188} INFO - [2024-01-12T17:13:12.848+0200] {dagbag.py:538} INFO - Filling up the DagBag from /Library/Frameworks/Python.framework/Versions/3.10/lib/python3.10/site-packages/airflow/example_dags/example_complex.py
[2024-01-12T17:13:12.914+0200] {processor.py:840} INFO - DAG(s) 'example_complex' retrieved from /Library/Frameworks/Python.framework/Versions/3.10/lib/python3.10/site-packages/airflow/example_dags/example_complex.py
[2024-01-12T17:13:13.058+0200] {logging_mixin.py:188} INFO - [2024-01-12T17:13:13.058+0200] {dag.py:3033} INFO - Sync 1 DAGs
[2024-01-12T17:13:13.068+0200] {logging_mixin.py:188} INFO - [2024-01-12T17:13:13.068+0200] {dag.py:3820} INFO - Setting next_dagrun for example_complex to None, run_after=None
[2024-01-12T17:13:13.089+0200] {processor.py:183} INFO - Processing /Library/Frameworks/Python.framework/Versions/3.10/lib/python3.10/site-packages/airflow/example_dags/example_complex.py took 0.250 seconds
[2024-01-12T17:17:43.103+0200] {processor.py:161} INFO - Started process (PID=5841) to work on /Library/Frameworks/Python.framework/Versions/3.10/lib/python3.10/site-packages/airflow/example_dags/example_complex.py
[2024-01-12T17:17:43.108+0200] {processor.py:830} INFO - Processing file /Library/Frameworks/Python.framework/Versions/3.10/lib/python3.10/site-packages/airflow/example_dags/example_complex.py for tasks to queue
[2024-01-12T17:17:43.109+0200] {logging_mixin.py:188} INFO - [2024-01-12T17:17:43.109+0200] {dagbag.py:538} INFO - Filling up the DagBag from /Library/Frameworks/Python.framework/Versions/3.10/lib/python3.10/site-packages/airflow/example_dags/example_complex.py
[2024-01-12T17:17:43.170+0200] {processor.py:840} INFO - DAG(s) 'example_complex' retrieved from /Library/Frameworks/Python.framework/Versions/3.10/lib/python3.10/site-packages/airflow/example_dags/example_complex.py
[2024-01-12T17:17:43.300+0200] {logging_mixin.py:188} INFO - [2024-01-12T17:17:43.300+0200] {dag.py:3033} INFO - Sync 1 DAGs
[2024-01-12T17:17:43.308+0200] {logging_mixin.py:188} INFO - [2024-01-12T17:17:43.308+0200] {dag.py:3820} INFO - Setting next_dagrun for example_complex to None, run_after=None
[2024-01-12T17:17:43.326+0200] {processor.py:183} INFO - Processing /Library/Frameworks/Python.framework/Versions/3.10/lib/python3.10/site-packages/airflow/example_dags/example_complex.py took 0.225 seconds
[2024-01-12T17:22:05.601+0200] {processor.py:161} INFO - Started process (PID=6051) to work on /Library/Frameworks/Python.framework/Versions/3.10/lib/python3.10/site-packages/airflow/example_dags/example_complex.py
[2024-01-12T17:22:05.606+0200] {processor.py:830} INFO - Processing file /Library/Frameworks/Python.framework/Versions/3.10/lib/python3.10/site-packages/airflow/example_dags/example_complex.py for tasks to queue
[2024-01-12T17:22:05.607+0200] {logging_mixin.py:188} INFO - [2024-01-12T17:22:05.607+0200] {dagbag.py:538} INFO - Filling up the DagBag from /Library/Frameworks/Python.framework/Versions/3.10/lib/python3.10/site-packages/airflow/example_dags/example_complex.py
[2024-01-12T17:22:05.666+0200] {processor.py:840} INFO - DAG(s) 'example_complex' retrieved from /Library/Frameworks/Python.framework/Versions/3.10/lib/python3.10/site-packages/airflow/example_dags/example_complex.py
[2024-01-12T17:22:05.780+0200] {logging_mixin.py:188} INFO - [2024-01-12T17:22:05.780+0200] {dag.py:3033} INFO - Sync 1 DAGs
[2024-01-12T17:22:05.788+0200] {logging_mixin.py:188} INFO - [2024-01-12T17:22:05.788+0200] {dag.py:3820} INFO - Setting next_dagrun for example_complex to None, run_after=None
[2024-01-12T17:22:05.804+0200] {processor.py:183} INFO - Processing /Library/Frameworks/Python.framework/Versions/3.10/lib/python3.10/site-packages/airflow/example_dags/example_complex.py took 0.205 seconds
[2024-01-12T17:26:16.426+0200] {processor.py:161} INFO - Started process (PID=6312) to work on /Library/Frameworks/Python.framework/Versions/3.10/lib/python3.10/site-packages/airflow/example_dags/example_complex.py
[2024-01-12T17:26:16.430+0200] {processor.py:830} INFO - Processing file /Library/Frameworks/Python.framework/Versions/3.10/lib/python3.10/site-packages/airflow/example_dags/example_complex.py for tasks to queue
[2024-01-12T17:26:16.431+0200] {logging_mixin.py:188} INFO - [2024-01-12T17:26:16.431+0200] {dagbag.py:538} INFO - Filling up the DagBag from /Library/Frameworks/Python.framework/Versions/3.10/lib/python3.10/site-packages/airflow/example_dags/example_complex.py
[2024-01-12T17:26:16.488+0200] {processor.py:840} INFO - DAG(s) 'example_complex' retrieved from /Library/Frameworks/Python.framework/Versions/3.10/lib/python3.10/site-packages/airflow/example_dags/example_complex.py
[2024-01-12T17:26:16.594+0200] {logging_mixin.py:188} INFO - [2024-01-12T17:26:16.594+0200] {dag.py:3033} INFO - Sync 1 DAGs
[2024-01-12T17:26:16.601+0200] {logging_mixin.py:188} INFO - [2024-01-12T17:26:16.601+0200] {dag.py:3820} INFO - Setting next_dagrun for example_complex to None, run_after=None
[2024-01-12T17:26:16.617+0200] {processor.py:183} INFO - Processing /Library/Frameworks/Python.framework/Versions/3.10/lib/python3.10/site-packages/airflow/example_dags/example_complex.py took 0.192 seconds
[2024-01-12T17:29:56.471+0200] {processor.py:161} INFO - Started process (PID=6457) to work on /Library/Frameworks/Python.framework/Versions/3.10/lib/python3.10/site-packages/airflow/example_dags/example_complex.py
[2024-01-12T17:29:56.474+0200] {processor.py:830} INFO - Processing file /Library/Frameworks/Python.framework/Versions/3.10/lib/python3.10/site-packages/airflow/example_dags/example_complex.py for tasks to queue
[2024-01-12T17:29:56.475+0200] {logging_mixin.py:188} INFO - [2024-01-12T17:29:56.475+0200] {dagbag.py:538} INFO - Filling up the DagBag from /Library/Frameworks/Python.framework/Versions/3.10/lib/python3.10/site-packages/airflow/example_dags/example_complex.py
[2024-01-12T17:29:56.531+0200] {processor.py:840} INFO - DAG(s) 'example_complex' retrieved from /Library/Frameworks/Python.framework/Versions/3.10/lib/python3.10/site-packages/airflow/example_dags/example_complex.py
[2024-01-12T17:29:56.637+0200] {logging_mixin.py:188} INFO - [2024-01-12T17:29:56.637+0200] {dag.py:3033} INFO - Sync 1 DAGs
[2024-01-12T17:29:56.644+0200] {logging_mixin.py:188} INFO - [2024-01-12T17:29:56.644+0200] {dag.py:3820} INFO - Setting next_dagrun for example_complex to None, run_after=None
[2024-01-12T17:29:56.662+0200] {processor.py:183} INFO - Processing /Library/Frameworks/Python.framework/Versions/3.10/lib/python3.10/site-packages/airflow/example_dags/example_complex.py took 0.193 seconds
[2024-01-12T17:33:32.190+0200] {processor.py:161} INFO - Started process (PID=6755) to work on /Library/Frameworks/Python.framework/Versions/3.10/lib/python3.10/site-packages/airflow/example_dags/example_complex.py
[2024-01-12T17:33:32.195+0200] {processor.py:830} INFO - Processing file /Library/Frameworks/Python.framework/Versions/3.10/lib/python3.10/site-packages/airflow/example_dags/example_complex.py for tasks to queue
[2024-01-12T17:33:32.196+0200] {logging_mixin.py:188} INFO - [2024-01-12T17:33:32.196+0200] {dagbag.py:538} INFO - Filling up the DagBag from /Library/Frameworks/Python.framework/Versions/3.10/lib/python3.10/site-packages/airflow/example_dags/example_complex.py
[2024-01-12T17:33:32.254+0200] {processor.py:840} INFO - DAG(s) 'example_complex' retrieved from /Library/Frameworks/Python.framework/Versions/3.10/lib/python3.10/site-packages/airflow/example_dags/example_complex.py
[2024-01-12T17:33:32.364+0200] {logging_mixin.py:188} INFO - [2024-01-12T17:33:32.363+0200] {dag.py:3033} INFO - Sync 1 DAGs
[2024-01-12T17:33:32.371+0200] {logging_mixin.py:188} INFO - [2024-01-12T17:33:32.370+0200] {dag.py:3820} INFO - Setting next_dagrun for example_complex to None, run_after=None
[2024-01-12T17:33:32.390+0200] {processor.py:183} INFO - Processing /Library/Frameworks/Python.framework/Versions/3.10/lib/python3.10/site-packages/airflow/example_dags/example_complex.py took 0.201 seconds
[2024-01-12T17:37:44.427+0200] {processor.py:161} INFO - Started process (PID=7005) to work on /Library/Frameworks/Python.framework/Versions/3.10/lib/python3.10/site-packages/airflow/example_dags/example_complex.py
[2024-01-12T17:37:44.433+0200] {processor.py:830} INFO - Processing file /Library/Frameworks/Python.framework/Versions/3.10/lib/python3.10/site-packages/airflow/example_dags/example_complex.py for tasks to queue
[2024-01-12T17:37:44.433+0200] {logging_mixin.py:188} INFO - [2024-01-12T17:37:44.433+0200] {dagbag.py:538} INFO - Filling up the DagBag from /Library/Frameworks/Python.framework/Versions/3.10/lib/python3.10/site-packages/airflow/example_dags/example_complex.py
[2024-01-12T17:37:44.496+0200] {processor.py:840} INFO - DAG(s) 'example_complex' retrieved from /Library/Frameworks/Python.framework/Versions/3.10/lib/python3.10/site-packages/airflow/example_dags/example_complex.py
[2024-01-12T17:37:44.628+0200] {logging_mixin.py:188} INFO - [2024-01-12T17:37:44.628+0200] {dag.py:3033} INFO - Sync 1 DAGs
[2024-01-12T17:37:44.641+0200] {logging_mixin.py:188} INFO - [2024-01-12T17:37:44.641+0200] {dag.py:3820} INFO - Setting next_dagrun for example_complex to None, run_after=None
[2024-01-12T17:37:44.668+0200] {processor.py:183} INFO - Processing /Library/Frameworks/Python.framework/Versions/3.10/lib/python3.10/site-packages/airflow/example_dags/example_complex.py took 0.243 seconds
[2024-01-12T17:40:41.805+0200] {processor.py:161} INFO - Started process (PID=7202) to work on /Library/Frameworks/Python.framework/Versions/3.10/lib/python3.10/site-packages/airflow/example_dags/example_complex.py
[2024-01-12T17:40:41.809+0200] {processor.py:830} INFO - Processing file /Library/Frameworks/Python.framework/Versions/3.10/lib/python3.10/site-packages/airflow/example_dags/example_complex.py for tasks to queue
[2024-01-12T17:40:41.809+0200] {logging_mixin.py:188} INFO - [2024-01-12T17:40:41.809+0200] {dagbag.py:538} INFO - Filling up the DagBag from /Library/Frameworks/Python.framework/Versions/3.10/lib/python3.10/site-packages/airflow/example_dags/example_complex.py
[2024-01-12T17:40:41.871+0200] {processor.py:840} INFO - DAG(s) 'example_complex' retrieved from /Library/Frameworks/Python.framework/Versions/3.10/lib/python3.10/site-packages/airflow/example_dags/example_complex.py
[2024-01-12T17:40:41.981+0200] {logging_mixin.py:188} INFO - [2024-01-12T17:40:41.981+0200] {dag.py:3033} INFO - Sync 1 DAGs
[2024-01-12T17:40:41.989+0200] {logging_mixin.py:188} INFO - [2024-01-12T17:40:41.989+0200] {dag.py:3820} INFO - Setting next_dagrun for example_complex to None, run_after=None
[2024-01-12T17:40:42.005+0200] {processor.py:183} INFO - Processing /Library/Frameworks/Python.framework/Versions/3.10/lib/python3.10/site-packages/airflow/example_dags/example_complex.py took 0.202 seconds
[2024-01-12T17:45:50.236+0200] {processor.py:161} INFO - Started process (PID=7474) to work on /Library/Frameworks/Python.framework/Versions/3.10/lib/python3.10/site-packages/airflow/example_dags/example_complex.py
[2024-01-12T17:45:50.241+0200] {processor.py:830} INFO - Processing file /Library/Frameworks/Python.framework/Versions/3.10/lib/python3.10/site-packages/airflow/example_dags/example_complex.py for tasks to queue
[2024-01-12T17:45:50.241+0200] {logging_mixin.py:188} INFO - [2024-01-12T17:45:50.241+0200] {dagbag.py:538} INFO - Filling up the DagBag from /Library/Frameworks/Python.framework/Versions/3.10/lib/python3.10/site-packages/airflow/example_dags/example_complex.py
[2024-01-12T17:45:50.311+0200] {processor.py:840} INFO - DAG(s) 'example_complex' retrieved from /Library/Frameworks/Python.framework/Versions/3.10/lib/python3.10/site-packages/airflow/example_dags/example_complex.py
[2024-01-12T17:45:50.521+0200] {logging_mixin.py:188} INFO - [2024-01-12T17:45:50.521+0200] {dag.py:3033} INFO - Sync 1 DAGs
[2024-01-12T17:45:50.529+0200] {logging_mixin.py:188} INFO - [2024-01-12T17:45:50.529+0200] {dag.py:3820} INFO - Setting next_dagrun for example_complex to None, run_after=None
[2024-01-12T17:45:50.549+0200] {processor.py:183} INFO - Processing /Library/Frameworks/Python.framework/Versions/3.10/lib/python3.10/site-packages/airflow/example_dags/example_complex.py took 0.315 seconds
[2024-01-12T17:50:31.969+0200] {processor.py:161} INFO - Started process (PID=7830) to work on /Library/Frameworks/Python.framework/Versions/3.10/lib/python3.10/site-packages/airflow/example_dags/example_complex.py
[2024-01-12T17:50:31.974+0200] {processor.py:830} INFO - Processing file /Library/Frameworks/Python.framework/Versions/3.10/lib/python3.10/site-packages/airflow/example_dags/example_complex.py for tasks to queue
[2024-01-12T17:50:31.975+0200] {logging_mixin.py:188} INFO - [2024-01-12T17:50:31.975+0200] {dagbag.py:538} INFO - Filling up the DagBag from /Library/Frameworks/Python.framework/Versions/3.10/lib/python3.10/site-packages/airflow/example_dags/example_complex.py
[2024-01-12T17:50:32.031+0200] {processor.py:840} INFO - DAG(s) 'example_complex' retrieved from /Library/Frameworks/Python.framework/Versions/3.10/lib/python3.10/site-packages/airflow/example_dags/example_complex.py
[2024-01-12T17:50:32.135+0200] {logging_mixin.py:188} INFO - [2024-01-12T17:50:32.135+0200] {dag.py:3033} INFO - Sync 1 DAGs
[2024-01-12T17:50:32.143+0200] {logging_mixin.py:188} INFO - [2024-01-12T17:50:32.143+0200] {dag.py:3820} INFO - Setting next_dagrun for example_complex to None, run_after=None
[2024-01-12T17:50:32.159+0200] {processor.py:183} INFO - Processing /Library/Frameworks/Python.framework/Versions/3.10/lib/python3.10/site-packages/airflow/example_dags/example_complex.py took 0.191 seconds
[2024-01-12T17:54:21.882+0200] {processor.py:161} INFO - Started process (PID=8010) to work on /Library/Frameworks/Python.framework/Versions/3.10/lib/python3.10/site-packages/airflow/example_dags/example_complex.py
[2024-01-12T17:54:21.887+0200] {processor.py:830} INFO - Processing file /Library/Frameworks/Python.framework/Versions/3.10/lib/python3.10/site-packages/airflow/example_dags/example_complex.py for tasks to queue
[2024-01-12T17:54:21.887+0200] {logging_mixin.py:188} INFO - [2024-01-12T17:54:21.887+0200] {dagbag.py:538} INFO - Filling up the DagBag from /Library/Frameworks/Python.framework/Versions/3.10/lib/python3.10/site-packages/airflow/example_dags/example_complex.py
[2024-01-12T17:54:21.944+0200] {processor.py:840} INFO - DAG(s) 'example_complex' retrieved from /Library/Frameworks/Python.framework/Versions/3.10/lib/python3.10/site-packages/airflow/example_dags/example_complex.py
[2024-01-12T17:54:22.057+0200] {logging_mixin.py:188} INFO - [2024-01-12T17:54:22.057+0200] {dag.py:3033} INFO - Sync 1 DAGs
[2024-01-12T17:54:22.066+0200] {logging_mixin.py:188} INFO - [2024-01-12T17:54:22.066+0200] {dag.py:3820} INFO - Setting next_dagrun for example_complex to None, run_after=None
[2024-01-12T17:54:22.084+0200] {processor.py:183} INFO - Processing /Library/Frameworks/Python.framework/Versions/3.10/lib/python3.10/site-packages/airflow/example_dags/example_complex.py took 0.202 seconds
[2024-01-12T17:58:09.608+0200] {processor.py:161} INFO - Started process (PID=8262) to work on /Library/Frameworks/Python.framework/Versions/3.10/lib/python3.10/site-packages/airflow/example_dags/example_complex.py
[2024-01-12T17:58:09.613+0200] {processor.py:830} INFO - Processing file /Library/Frameworks/Python.framework/Versions/3.10/lib/python3.10/site-packages/airflow/example_dags/example_complex.py for tasks to queue
[2024-01-12T17:58:09.614+0200] {logging_mixin.py:188} INFO - [2024-01-12T17:58:09.614+0200] {dagbag.py:538} INFO - Filling up the DagBag from /Library/Frameworks/Python.framework/Versions/3.10/lib/python3.10/site-packages/airflow/example_dags/example_complex.py
[2024-01-12T17:58:09.678+0200] {processor.py:840} INFO - DAG(s) 'example_complex' retrieved from /Library/Frameworks/Python.framework/Versions/3.10/lib/python3.10/site-packages/airflow/example_dags/example_complex.py
[2024-01-12T17:58:09.786+0200] {logging_mixin.py:188} INFO - [2024-01-12T17:58:09.785+0200] {dag.py:3033} INFO - Sync 1 DAGs
[2024-01-12T17:58:09.793+0200] {logging_mixin.py:188} INFO - [2024-01-12T17:58:09.793+0200] {dag.py:3820} INFO - Setting next_dagrun for example_complex to None, run_after=None
[2024-01-12T17:58:09.809+0200] {processor.py:183} INFO - Processing /Library/Frameworks/Python.framework/Versions/3.10/lib/python3.10/site-packages/airflow/example_dags/example_complex.py took 0.202 seconds
[2024-01-12T18:01:59.022+0200] {processor.py:161} INFO - Started process (PID=8505) to work on /Library/Frameworks/Python.framework/Versions/3.10/lib/python3.10/site-packages/airflow/example_dags/example_complex.py
[2024-01-12T18:01:59.027+0200] {processor.py:830} INFO - Processing file /Library/Frameworks/Python.framework/Versions/3.10/lib/python3.10/site-packages/airflow/example_dags/example_complex.py for tasks to queue
[2024-01-12T18:01:59.028+0200] {logging_mixin.py:188} INFO - [2024-01-12T18:01:59.028+0200] {dagbag.py:538} INFO - Filling up the DagBag from /Library/Frameworks/Python.framework/Versions/3.10/lib/python3.10/site-packages/airflow/example_dags/example_complex.py
[2024-01-12T18:01:59.083+0200] {processor.py:840} INFO - DAG(s) 'example_complex' retrieved from /Library/Frameworks/Python.framework/Versions/3.10/lib/python3.10/site-packages/airflow/example_dags/example_complex.py
[2024-01-12T18:01:59.187+0200] {logging_mixin.py:188} INFO - [2024-01-12T18:01:59.187+0200] {dag.py:3033} INFO - Sync 1 DAGs
[2024-01-12T18:01:59.195+0200] {logging_mixin.py:188} INFO - [2024-01-12T18:01:59.195+0200] {dag.py:3820} INFO - Setting next_dagrun for example_complex to None, run_after=None
[2024-01-12T18:01:59.211+0200] {processor.py:183} INFO - Processing /Library/Frameworks/Python.framework/Versions/3.10/lib/python3.10/site-packages/airflow/example_dags/example_complex.py took 0.190 seconds
[2024-01-12T18:06:05.883+0200] {processor.py:161} INFO - Started process (PID=8720) to work on /Library/Frameworks/Python.framework/Versions/3.10/lib/python3.10/site-packages/airflow/example_dags/example_complex.py
[2024-01-12T18:06:05.887+0200] {processor.py:830} INFO - Processing file /Library/Frameworks/Python.framework/Versions/3.10/lib/python3.10/site-packages/airflow/example_dags/example_complex.py for tasks to queue
[2024-01-12T18:06:05.888+0200] {logging_mixin.py:188} INFO - [2024-01-12T18:06:05.888+0200] {dagbag.py:538} INFO - Filling up the DagBag from /Library/Frameworks/Python.framework/Versions/3.10/lib/python3.10/site-packages/airflow/example_dags/example_complex.py
[2024-01-12T18:06:05.949+0200] {processor.py:840} INFO - DAG(s) 'example_complex' retrieved from /Library/Frameworks/Python.framework/Versions/3.10/lib/python3.10/site-packages/airflow/example_dags/example_complex.py
[2024-01-12T18:06:06.062+0200] {logging_mixin.py:188} INFO - [2024-01-12T18:06:06.062+0200] {dag.py:3033} INFO - Sync 1 DAGs
[2024-01-12T18:06:06.070+0200] {logging_mixin.py:188} INFO - [2024-01-12T18:06:06.070+0200] {dag.py:3820} INFO - Setting next_dagrun for example_complex to None, run_after=None
[2024-01-12T18:06:06.089+0200] {processor.py:183} INFO - Processing /Library/Frameworks/Python.framework/Versions/3.10/lib/python3.10/site-packages/airflow/example_dags/example_complex.py took 0.207 seconds
[2024-01-12T18:10:30.525+0200] {processor.py:161} INFO - Started process (PID=8986) to work on /Library/Frameworks/Python.framework/Versions/3.10/lib/python3.10/site-packages/airflow/example_dags/example_complex.py
[2024-01-12T18:10:30.529+0200] {processor.py:830} INFO - Processing file /Library/Frameworks/Python.framework/Versions/3.10/lib/python3.10/site-packages/airflow/example_dags/example_complex.py for tasks to queue
[2024-01-12T18:10:30.530+0200] {logging_mixin.py:188} INFO - [2024-01-12T18:10:30.529+0200] {dagbag.py:538} INFO - Filling up the DagBag from /Library/Frameworks/Python.framework/Versions/3.10/lib/python3.10/site-packages/airflow/example_dags/example_complex.py
[2024-01-12T18:10:30.601+0200] {processor.py:840} INFO - DAG(s) 'example_complex' retrieved from /Library/Frameworks/Python.framework/Versions/3.10/lib/python3.10/site-packages/airflow/example_dags/example_complex.py
[2024-01-12T18:10:30.709+0200] {logging_mixin.py:188} INFO - [2024-01-12T18:10:30.709+0200] {dag.py:3033} INFO - Sync 1 DAGs
[2024-01-12T18:10:30.716+0200] {logging_mixin.py:188} INFO - [2024-01-12T18:10:30.716+0200] {dag.py:3820} INFO - Setting next_dagrun for example_complex to None, run_after=None
[2024-01-12T18:10:30.734+0200] {processor.py:183} INFO - Processing /Library/Frameworks/Python.framework/Versions/3.10/lib/python3.10/site-packages/airflow/example_dags/example_complex.py took 0.210 seconds
[2024-01-12T18:14:57.490+0200] {processor.py:161} INFO - Started process (PID=9174) to work on /Library/Frameworks/Python.framework/Versions/3.10/lib/python3.10/site-packages/airflow/example_dags/example_complex.py
[2024-01-12T18:14:57.494+0200] {processor.py:830} INFO - Processing file /Library/Frameworks/Python.framework/Versions/3.10/lib/python3.10/site-packages/airflow/example_dags/example_complex.py for tasks to queue
[2024-01-12T18:14:57.495+0200] {logging_mixin.py:188} INFO - [2024-01-12T18:14:57.495+0200] {dagbag.py:538} INFO - Filling up the DagBag from /Library/Frameworks/Python.framework/Versions/3.10/lib/python3.10/site-packages/airflow/example_dags/example_complex.py
[2024-01-12T18:14:57.557+0200] {processor.py:840} INFO - DAG(s) 'example_complex' retrieved from /Library/Frameworks/Python.framework/Versions/3.10/lib/python3.10/site-packages/airflow/example_dags/example_complex.py
[2024-01-12T18:14:57.667+0200] {logging_mixin.py:188} INFO - [2024-01-12T18:14:57.667+0200] {dag.py:3033} INFO - Sync 1 DAGs
[2024-01-12T18:14:57.675+0200] {logging_mixin.py:188} INFO - [2024-01-12T18:14:57.675+0200] {dag.py:3820} INFO - Setting next_dagrun for example_complex to None, run_after=None
[2024-01-12T18:14:57.692+0200] {processor.py:183} INFO - Processing /Library/Frameworks/Python.framework/Versions/3.10/lib/python3.10/site-packages/airflow/example_dags/example_complex.py took 0.204 seconds
[2024-01-12T18:18:53.236+0200] {processor.py:161} INFO - Started process (PID=9427) to work on /Library/Frameworks/Python.framework/Versions/3.10/lib/python3.10/site-packages/airflow/example_dags/example_complex.py
[2024-01-12T18:18:53.240+0200] {processor.py:830} INFO - Processing file /Library/Frameworks/Python.framework/Versions/3.10/lib/python3.10/site-packages/airflow/example_dags/example_complex.py for tasks to queue
[2024-01-12T18:18:53.241+0200] {logging_mixin.py:188} INFO - [2024-01-12T18:18:53.241+0200] {dagbag.py:538} INFO - Filling up the DagBag from /Library/Frameworks/Python.framework/Versions/3.10/lib/python3.10/site-packages/airflow/example_dags/example_complex.py
[2024-01-12T18:18:53.295+0200] {processor.py:840} INFO - DAG(s) 'example_complex' retrieved from /Library/Frameworks/Python.framework/Versions/3.10/lib/python3.10/site-packages/airflow/example_dags/example_complex.py
[2024-01-12T18:18:53.400+0200] {logging_mixin.py:188} INFO - [2024-01-12T18:18:53.399+0200] {dag.py:3033} INFO - Sync 1 DAGs
[2024-01-12T18:18:53.407+0200] {logging_mixin.py:188} INFO - [2024-01-12T18:18:53.407+0200] {dag.py:3820} INFO - Setting next_dagrun for example_complex to None, run_after=None
[2024-01-12T18:18:53.424+0200] {processor.py:183} INFO - Processing /Library/Frameworks/Python.framework/Versions/3.10/lib/python3.10/site-packages/airflow/example_dags/example_complex.py took 0.190 seconds
[2024-01-12T18:22:43.397+0200] {processor.py:161} INFO - Started process (PID=9596) to work on /Library/Frameworks/Python.framework/Versions/3.10/lib/python3.10/site-packages/airflow/example_dags/example_complex.py
[2024-01-12T18:22:43.401+0200] {processor.py:830} INFO - Processing file /Library/Frameworks/Python.framework/Versions/3.10/lib/python3.10/site-packages/airflow/example_dags/example_complex.py for tasks to queue
[2024-01-12T18:22:43.401+0200] {logging_mixin.py:188} INFO - [2024-01-12T18:22:43.401+0200] {dagbag.py:538} INFO - Filling up the DagBag from /Library/Frameworks/Python.framework/Versions/3.10/lib/python3.10/site-packages/airflow/example_dags/example_complex.py
[2024-01-12T18:22:43.457+0200] {processor.py:840} INFO - DAG(s) 'example_complex' retrieved from /Library/Frameworks/Python.framework/Versions/3.10/lib/python3.10/site-packages/airflow/example_dags/example_complex.py
[2024-01-12T18:22:43.565+0200] {logging_mixin.py:188} INFO - [2024-01-12T18:22:43.565+0200] {dag.py:3033} INFO - Sync 1 DAGs
[2024-01-12T18:22:43.573+0200] {logging_mixin.py:188} INFO - [2024-01-12T18:22:43.573+0200] {dag.py:3820} INFO - Setting next_dagrun for example_complex to None, run_after=None
[2024-01-12T18:22:43.589+0200] {processor.py:183} INFO - Processing /Library/Frameworks/Python.framework/Versions/3.10/lib/python3.10/site-packages/airflow/example_dags/example_complex.py took 0.194 seconds
[2024-01-12T18:26:36.291+0200] {processor.py:161} INFO - Started process (PID=9860) to work on /Library/Frameworks/Python.framework/Versions/3.10/lib/python3.10/site-packages/airflow/example_dags/example_complex.py
[2024-01-12T18:26:36.296+0200] {processor.py:830} INFO - Processing file /Library/Frameworks/Python.framework/Versions/3.10/lib/python3.10/site-packages/airflow/example_dags/example_complex.py for tasks to queue
[2024-01-12T18:26:36.296+0200] {logging_mixin.py:188} INFO - [2024-01-12T18:26:36.296+0200] {dagbag.py:538} INFO - Filling up the DagBag from /Library/Frameworks/Python.framework/Versions/3.10/lib/python3.10/site-packages/airflow/example_dags/example_complex.py
[2024-01-12T18:26:36.353+0200] {processor.py:840} INFO - DAG(s) 'example_complex' retrieved from /Library/Frameworks/Python.framework/Versions/3.10/lib/python3.10/site-packages/airflow/example_dags/example_complex.py
[2024-01-12T18:26:36.463+0200] {logging_mixin.py:188} INFO - [2024-01-12T18:26:36.463+0200] {dag.py:3033} INFO - Sync 1 DAGs
[2024-01-12T18:26:36.471+0200] {logging_mixin.py:188} INFO - [2024-01-12T18:26:36.471+0200] {dag.py:3820} INFO - Setting next_dagrun for example_complex to None, run_after=None
[2024-01-12T18:26:36.487+0200] {processor.py:183} INFO - Processing /Library/Frameworks/Python.framework/Versions/3.10/lib/python3.10/site-packages/airflow/example_dags/example_complex.py took 0.197 seconds
[2024-01-12T18:30:25.611+0200] {processor.py:161} INFO - Started process (PID=10019) to work on /Library/Frameworks/Python.framework/Versions/3.10/lib/python3.10/site-packages/airflow/example_dags/example_complex.py
[2024-01-12T18:30:25.614+0200] {processor.py:830} INFO - Processing file /Library/Frameworks/Python.framework/Versions/3.10/lib/python3.10/site-packages/airflow/example_dags/example_complex.py for tasks to queue
[2024-01-12T18:30:25.615+0200] {logging_mixin.py:188} INFO - [2024-01-12T18:30:25.615+0200] {dagbag.py:538} INFO - Filling up the DagBag from /Library/Frameworks/Python.framework/Versions/3.10/lib/python3.10/site-packages/airflow/example_dags/example_complex.py
[2024-01-12T18:30:25.672+0200] {processor.py:840} INFO - DAG(s) 'example_complex' retrieved from /Library/Frameworks/Python.framework/Versions/3.10/lib/python3.10/site-packages/airflow/example_dags/example_complex.py
[2024-01-12T18:30:25.781+0200] {logging_mixin.py:188} INFO - [2024-01-12T18:30:25.781+0200] {dag.py:3033} INFO - Sync 1 DAGs
[2024-01-12T18:30:25.789+0200] {logging_mixin.py:188} INFO - [2024-01-12T18:30:25.789+0200] {dag.py:3820} INFO - Setting next_dagrun for example_complex to None, run_after=None
[2024-01-12T18:30:25.804+0200] {processor.py:183} INFO - Processing /Library/Frameworks/Python.framework/Versions/3.10/lib/python3.10/site-packages/airflow/example_dags/example_complex.py took 0.195 seconds
[2024-01-12T18:34:17.974+0200] {processor.py:161} INFO - Started process (PID=10426) to work on /Library/Frameworks/Python.framework/Versions/3.10/lib/python3.10/site-packages/airflow/example_dags/example_complex.py
[2024-01-12T18:34:17.979+0200] {processor.py:830} INFO - Processing file /Library/Frameworks/Python.framework/Versions/3.10/lib/python3.10/site-packages/airflow/example_dags/example_complex.py for tasks to queue
[2024-01-12T18:34:17.980+0200] {logging_mixin.py:188} INFO - [2024-01-12T18:34:17.979+0200] {dagbag.py:538} INFO - Filling up the DagBag from /Library/Frameworks/Python.framework/Versions/3.10/lib/python3.10/site-packages/airflow/example_dags/example_complex.py
[2024-01-12T18:34:18.035+0200] {processor.py:840} INFO - DAG(s) 'example_complex' retrieved from /Library/Frameworks/Python.framework/Versions/3.10/lib/python3.10/site-packages/airflow/example_dags/example_complex.py
[2024-01-12T18:34:18.140+0200] {logging_mixin.py:188} INFO - [2024-01-12T18:34:18.139+0200] {dag.py:3033} INFO - Sync 1 DAGs
[2024-01-12T18:34:18.147+0200] {logging_mixin.py:188} INFO - [2024-01-12T18:34:18.147+0200] {dag.py:3820} INFO - Setting next_dagrun for example_complex to None, run_after=None
[2024-01-12T18:34:18.163+0200] {processor.py:183} INFO - Processing /Library/Frameworks/Python.framework/Versions/3.10/lib/python3.10/site-packages/airflow/example_dags/example_complex.py took 0.191 seconds
[2024-01-12T18:38:00.519+0200] {processor.py:161} INFO - Started process (PID=10645) to work on /Library/Frameworks/Python.framework/Versions/3.10/lib/python3.10/site-packages/airflow/example_dags/example_complex.py
[2024-01-12T18:38:00.524+0200] {processor.py:830} INFO - Processing file /Library/Frameworks/Python.framework/Versions/3.10/lib/python3.10/site-packages/airflow/example_dags/example_complex.py for tasks to queue
[2024-01-12T18:38:00.525+0200] {logging_mixin.py:188} INFO - [2024-01-12T18:38:00.525+0200] {dagbag.py:538} INFO - Filling up the DagBag from /Library/Frameworks/Python.framework/Versions/3.10/lib/python3.10/site-packages/airflow/example_dags/example_complex.py
[2024-01-12T18:38:00.580+0200] {processor.py:840} INFO - DAG(s) 'example_complex' retrieved from /Library/Frameworks/Python.framework/Versions/3.10/lib/python3.10/site-packages/airflow/example_dags/example_complex.py
[2024-01-12T18:38:00.686+0200] {logging_mixin.py:188} INFO - [2024-01-12T18:38:00.686+0200] {dag.py:3033} INFO - Sync 1 DAGs
[2024-01-12T18:38:00.694+0200] {logging_mixin.py:188} INFO - [2024-01-12T18:38:00.694+0200] {dag.py:3820} INFO - Setting next_dagrun for example_complex to None, run_after=None
[2024-01-12T18:38:00.710+0200] {processor.py:183} INFO - Processing /Library/Frameworks/Python.framework/Versions/3.10/lib/python3.10/site-packages/airflow/example_dags/example_complex.py took 0.192 seconds
[2024-01-12T18:41:48.402+0200] {processor.py:161} INFO - Started process (PID=10932) to work on /Library/Frameworks/Python.framework/Versions/3.10/lib/python3.10/site-packages/airflow/example_dags/example_complex.py
[2024-01-12T18:41:48.407+0200] {processor.py:830} INFO - Processing file /Library/Frameworks/Python.framework/Versions/3.10/lib/python3.10/site-packages/airflow/example_dags/example_complex.py for tasks to queue
[2024-01-12T18:41:48.408+0200] {logging_mixin.py:188} INFO - [2024-01-12T18:41:48.407+0200] {dagbag.py:538} INFO - Filling up the DagBag from /Library/Frameworks/Python.framework/Versions/3.10/lib/python3.10/site-packages/airflow/example_dags/example_complex.py
[2024-01-12T18:41:48.463+0200] {processor.py:840} INFO - DAG(s) 'example_complex' retrieved from /Library/Frameworks/Python.framework/Versions/3.10/lib/python3.10/site-packages/airflow/example_dags/example_complex.py
[2024-01-12T18:41:48.569+0200] {logging_mixin.py:188} INFO - [2024-01-12T18:41:48.569+0200] {dag.py:3033} INFO - Sync 1 DAGs
[2024-01-12T18:41:48.576+0200] {logging_mixin.py:188} INFO - [2024-01-12T18:41:48.576+0200] {dag.py:3820} INFO - Setting next_dagrun for example_complex to None, run_after=None
[2024-01-12T18:41:48.594+0200] {processor.py:183} INFO - Processing /Library/Frameworks/Python.framework/Versions/3.10/lib/python3.10/site-packages/airflow/example_dags/example_complex.py took 0.193 seconds
[2024-01-12T18:45:35.865+0200] {processor.py:161} INFO - Started process (PID=11145) to work on /Library/Frameworks/Python.framework/Versions/3.10/lib/python3.10/site-packages/airflow/example_dags/example_complex.py
[2024-01-12T18:45:35.869+0200] {processor.py:830} INFO - Processing file /Library/Frameworks/Python.framework/Versions/3.10/lib/python3.10/site-packages/airflow/example_dags/example_complex.py for tasks to queue
[2024-01-12T18:45:35.870+0200] {logging_mixin.py:188} INFO - [2024-01-12T18:45:35.870+0200] {dagbag.py:538} INFO - Filling up the DagBag from /Library/Frameworks/Python.framework/Versions/3.10/lib/python3.10/site-packages/airflow/example_dags/example_complex.py
[2024-01-12T18:45:35.929+0200] {processor.py:840} INFO - DAG(s) 'example_complex' retrieved from /Library/Frameworks/Python.framework/Versions/3.10/lib/python3.10/site-packages/airflow/example_dags/example_complex.py
[2024-01-12T18:45:36.032+0200] {logging_mixin.py:188} INFO - [2024-01-12T18:45:36.032+0200] {dag.py:3033} INFO - Sync 1 DAGs
[2024-01-12T18:45:36.040+0200] {logging_mixin.py:188} INFO - [2024-01-12T18:45:36.040+0200] {dag.py:3820} INFO - Setting next_dagrun for example_complex to None, run_after=None
[2024-01-12T18:45:36.055+0200] {processor.py:183} INFO - Processing /Library/Frameworks/Python.framework/Versions/3.10/lib/python3.10/site-packages/airflow/example_dags/example_complex.py took 0.192 seconds
[2024-01-12T18:49:25.710+0200] {processor.py:161} INFO - Started process (PID=11463) to work on /Library/Frameworks/Python.framework/Versions/3.10/lib/python3.10/site-packages/airflow/example_dags/example_complex.py
[2024-01-12T18:49:25.714+0200] {processor.py:830} INFO - Processing file /Library/Frameworks/Python.framework/Versions/3.10/lib/python3.10/site-packages/airflow/example_dags/example_complex.py for tasks to queue
[2024-01-12T18:49:25.715+0200] {logging_mixin.py:188} INFO - [2024-01-12T18:49:25.715+0200] {dagbag.py:538} INFO - Filling up the DagBag from /Library/Frameworks/Python.framework/Versions/3.10/lib/python3.10/site-packages/airflow/example_dags/example_complex.py
[2024-01-12T18:49:25.771+0200] {processor.py:840} INFO - DAG(s) 'example_complex' retrieved from /Library/Frameworks/Python.framework/Versions/3.10/lib/python3.10/site-packages/airflow/example_dags/example_complex.py
[2024-01-12T18:49:25.872+0200] {logging_mixin.py:188} INFO - [2024-01-12T18:49:25.872+0200] {dag.py:3033} INFO - Sync 1 DAGs
[2024-01-12T18:49:25.880+0200] {logging_mixin.py:188} INFO - [2024-01-12T18:49:25.880+0200] {dag.py:3820} INFO - Setting next_dagrun for example_complex to None, run_after=None
[2024-01-12T18:49:25.896+0200] {processor.py:183} INFO - Processing /Library/Frameworks/Python.framework/Versions/3.10/lib/python3.10/site-packages/airflow/example_dags/example_complex.py took 0.188 seconds
[2024-01-12T18:53:15.843+0200] {processor.py:161} INFO - Started process (PID=11733) to work on /Library/Frameworks/Python.framework/Versions/3.10/lib/python3.10/site-packages/airflow/example_dags/example_complex.py
[2024-01-12T18:53:15.847+0200] {processor.py:830} INFO - Processing file /Library/Frameworks/Python.framework/Versions/3.10/lib/python3.10/site-packages/airflow/example_dags/example_complex.py for tasks to queue
[2024-01-12T18:53:15.848+0200] {logging_mixin.py:188} INFO - [2024-01-12T18:53:15.848+0200] {dagbag.py:538} INFO - Filling up the DagBag from /Library/Frameworks/Python.framework/Versions/3.10/lib/python3.10/site-packages/airflow/example_dags/example_complex.py
[2024-01-12T18:53:15.904+0200] {processor.py:840} INFO - DAG(s) 'example_complex' retrieved from /Library/Frameworks/Python.framework/Versions/3.10/lib/python3.10/site-packages/airflow/example_dags/example_complex.py
[2024-01-12T18:53:16.006+0200] {logging_mixin.py:188} INFO - [2024-01-12T18:53:16.005+0200] {dag.py:3033} INFO - Sync 1 DAGs
[2024-01-12T18:53:16.013+0200] {logging_mixin.py:188} INFO - [2024-01-12T18:53:16.013+0200] {dag.py:3820} INFO - Setting next_dagrun for example_complex to None, run_after=None
[2024-01-12T18:53:16.029+0200] {processor.py:183} INFO - Processing /Library/Frameworks/Python.framework/Versions/3.10/lib/python3.10/site-packages/airflow/example_dags/example_complex.py took 0.187 seconds
[2024-01-12T18:56:53.050+0200] {processor.py:161} INFO - Started process (PID=11882) to work on /Library/Frameworks/Python.framework/Versions/3.10/lib/python3.10/site-packages/airflow/example_dags/example_complex.py
[2024-01-12T18:56:53.053+0200] {processor.py:830} INFO - Processing file /Library/Frameworks/Python.framework/Versions/3.10/lib/python3.10/site-packages/airflow/example_dags/example_complex.py for tasks to queue
[2024-01-12T18:56:53.054+0200] {logging_mixin.py:188} INFO - [2024-01-12T18:56:53.054+0200] {dagbag.py:538} INFO - Filling up the DagBag from /Library/Frameworks/Python.framework/Versions/3.10/lib/python3.10/site-packages/airflow/example_dags/example_complex.py
[2024-01-12T18:56:53.109+0200] {processor.py:840} INFO - DAG(s) 'example_complex' retrieved from /Library/Frameworks/Python.framework/Versions/3.10/lib/python3.10/site-packages/airflow/example_dags/example_complex.py
[2024-01-12T18:56:53.213+0200] {logging_mixin.py:188} INFO - [2024-01-12T18:56:53.213+0200] {dag.py:3033} INFO - Sync 1 DAGs
[2024-01-12T18:56:53.220+0200] {logging_mixin.py:188} INFO - [2024-01-12T18:56:53.220+0200] {dag.py:3820} INFO - Setting next_dagrun for example_complex to None, run_after=None
[2024-01-12T18:56:53.236+0200] {processor.py:183} INFO - Processing /Library/Frameworks/Python.framework/Versions/3.10/lib/python3.10/site-packages/airflow/example_dags/example_complex.py took 0.188 seconds
[2024-01-12T19:00:33.250+0200] {processor.py:161} INFO - Started process (PID=12044) to work on /Library/Frameworks/Python.framework/Versions/3.10/lib/python3.10/site-packages/airflow/example_dags/example_complex.py
[2024-01-12T19:00:33.254+0200] {processor.py:830} INFO - Processing file /Library/Frameworks/Python.framework/Versions/3.10/lib/python3.10/site-packages/airflow/example_dags/example_complex.py for tasks to queue
[2024-01-12T19:00:33.254+0200] {logging_mixin.py:188} INFO - [2024-01-12T19:00:33.254+0200] {dagbag.py:538} INFO - Filling up the DagBag from /Library/Frameworks/Python.framework/Versions/3.10/lib/python3.10/site-packages/airflow/example_dags/example_complex.py
[2024-01-12T19:00:33.306+0200] {processor.py:840} INFO - DAG(s) 'example_complex' retrieved from /Library/Frameworks/Python.framework/Versions/3.10/lib/python3.10/site-packages/airflow/example_dags/example_complex.py
[2024-01-12T19:00:33.410+0200] {logging_mixin.py:188} INFO - [2024-01-12T19:00:33.409+0200] {dag.py:3033} INFO - Sync 1 DAGs
[2024-01-12T19:00:33.417+0200] {logging_mixin.py:188} INFO - [2024-01-12T19:00:33.417+0200] {dag.py:3820} INFO - Setting next_dagrun for example_complex to None, run_after=None
[2024-01-12T19:00:33.434+0200] {processor.py:183} INFO - Processing /Library/Frameworks/Python.framework/Versions/3.10/lib/python3.10/site-packages/airflow/example_dags/example_complex.py took 0.185 seconds
[2024-01-12T19:04:14.434+0200] {processor.py:161} INFO - Started process (PID=12283) to work on /Library/Frameworks/Python.framework/Versions/3.10/lib/python3.10/site-packages/airflow/example_dags/example_complex.py
[2024-01-12T19:04:14.438+0200] {processor.py:830} INFO - Processing file /Library/Frameworks/Python.framework/Versions/3.10/lib/python3.10/site-packages/airflow/example_dags/example_complex.py for tasks to queue
[2024-01-12T19:04:14.439+0200] {logging_mixin.py:188} INFO - [2024-01-12T19:04:14.438+0200] {dagbag.py:538} INFO - Filling up the DagBag from /Library/Frameworks/Python.framework/Versions/3.10/lib/python3.10/site-packages/airflow/example_dags/example_complex.py
[2024-01-12T19:04:14.493+0200] {processor.py:840} INFO - DAG(s) 'example_complex' retrieved from /Library/Frameworks/Python.framework/Versions/3.10/lib/python3.10/site-packages/airflow/example_dags/example_complex.py
[2024-01-12T19:04:14.597+0200] {logging_mixin.py:188} INFO - [2024-01-12T19:04:14.597+0200] {dag.py:3033} INFO - Sync 1 DAGs
[2024-01-12T19:04:14.605+0200] {logging_mixin.py:188} INFO - [2024-01-12T19:04:14.604+0200] {dag.py:3820} INFO - Setting next_dagrun for example_complex to None, run_after=None
[2024-01-12T19:04:14.621+0200] {processor.py:183} INFO - Processing /Library/Frameworks/Python.framework/Versions/3.10/lib/python3.10/site-packages/airflow/example_dags/example_complex.py took 0.188 seconds
[2024-01-12T19:07:51.804+0200] {processor.py:161} INFO - Started process (PID=12444) to work on /Library/Frameworks/Python.framework/Versions/3.10/lib/python3.10/site-packages/airflow/example_dags/example_complex.py
[2024-01-12T19:07:51.808+0200] {processor.py:830} INFO - Processing file /Library/Frameworks/Python.framework/Versions/3.10/lib/python3.10/site-packages/airflow/example_dags/example_complex.py for tasks to queue
[2024-01-12T19:07:51.809+0200] {logging_mixin.py:188} INFO - [2024-01-12T19:07:51.808+0200] {dagbag.py:538} INFO - Filling up the DagBag from /Library/Frameworks/Python.framework/Versions/3.10/lib/python3.10/site-packages/airflow/example_dags/example_complex.py
[2024-01-12T19:07:51.857+0200] {processor.py:840} INFO - DAG(s) 'example_complex' retrieved from /Library/Frameworks/Python.framework/Versions/3.10/lib/python3.10/site-packages/airflow/example_dags/example_complex.py
[2024-01-12T19:07:51.950+0200] {logging_mixin.py:188} INFO - [2024-01-12T19:07:51.950+0200] {dag.py:3033} INFO - Sync 1 DAGs
[2024-01-12T19:07:51.957+0200] {logging_mixin.py:188} INFO - [2024-01-12T19:07:51.957+0200] {dag.py:3820} INFO - Setting next_dagrun for example_complex to None, run_after=None
[2024-01-12T19:07:51.973+0200] {processor.py:183} INFO - Processing /Library/Frameworks/Python.framework/Versions/3.10/lib/python3.10/site-packages/airflow/example_dags/example_complex.py took 0.171 seconds
[2024-01-12T19:11:33.589+0200] {processor.py:161} INFO - Started process (PID=12692) to work on /Library/Frameworks/Python.framework/Versions/3.10/lib/python3.10/site-packages/airflow/example_dags/example_complex.py
[2024-01-12T19:11:33.593+0200] {processor.py:830} INFO - Processing file /Library/Frameworks/Python.framework/Versions/3.10/lib/python3.10/site-packages/airflow/example_dags/example_complex.py for tasks to queue
[2024-01-12T19:11:33.593+0200] {logging_mixin.py:188} INFO - [2024-01-12T19:11:33.593+0200] {dagbag.py:538} INFO - Filling up the DagBag from /Library/Frameworks/Python.framework/Versions/3.10/lib/python3.10/site-packages/airflow/example_dags/example_complex.py
[2024-01-12T19:11:33.648+0200] {processor.py:840} INFO - DAG(s) 'example_complex' retrieved from /Library/Frameworks/Python.framework/Versions/3.10/lib/python3.10/site-packages/airflow/example_dags/example_complex.py
[2024-01-12T19:11:33.750+0200] {logging_mixin.py:188} INFO - [2024-01-12T19:11:33.750+0200] {dag.py:3033} INFO - Sync 1 DAGs
[2024-01-12T19:11:33.757+0200] {logging_mixin.py:188} INFO - [2024-01-12T19:11:33.757+0200] {dag.py:3820} INFO - Setting next_dagrun for example_complex to None, run_after=None
[2024-01-12T19:11:33.774+0200] {processor.py:183} INFO - Processing /Library/Frameworks/Python.framework/Versions/3.10/lib/python3.10/site-packages/airflow/example_dags/example_complex.py took 0.186 seconds
[2024-01-12T19:15:06.360+0200] {processor.py:161} INFO - Started process (PID=12835) to work on /Library/Frameworks/Python.framework/Versions/3.10/lib/python3.10/site-packages/airflow/example_dags/example_complex.py
[2024-01-12T19:15:06.364+0200] {processor.py:830} INFO - Processing file /Library/Frameworks/Python.framework/Versions/3.10/lib/python3.10/site-packages/airflow/example_dags/example_complex.py for tasks to queue
[2024-01-12T19:15:06.364+0200] {logging_mixin.py:188} INFO - [2024-01-12T19:15:06.364+0200] {dagbag.py:538} INFO - Filling up the DagBag from /Library/Frameworks/Python.framework/Versions/3.10/lib/python3.10/site-packages/airflow/example_dags/example_complex.py
[2024-01-12T19:15:06.419+0200] {processor.py:840} INFO - DAG(s) 'example_complex' retrieved from /Library/Frameworks/Python.framework/Versions/3.10/lib/python3.10/site-packages/airflow/example_dags/example_complex.py
[2024-01-12T19:15:06.522+0200] {logging_mixin.py:188} INFO - [2024-01-12T19:15:06.522+0200] {dag.py:3033} INFO - Sync 1 DAGs
[2024-01-12T19:15:06.530+0200] {logging_mixin.py:188} INFO - [2024-01-12T19:15:06.530+0200] {dag.py:3820} INFO - Setting next_dagrun for example_complex to None, run_after=None
[2024-01-12T19:15:06.546+0200] {processor.py:183} INFO - Processing /Library/Frameworks/Python.framework/Versions/3.10/lib/python3.10/site-packages/airflow/example_dags/example_complex.py took 0.187 seconds
[2024-01-12T19:18:43.563+0200] {processor.py:161} INFO - Started process (PID=12990) to work on /Library/Frameworks/Python.framework/Versions/3.10/lib/python3.10/site-packages/airflow/example_dags/example_complex.py
[2024-01-12T19:18:43.567+0200] {processor.py:830} INFO - Processing file /Library/Frameworks/Python.framework/Versions/3.10/lib/python3.10/site-packages/airflow/example_dags/example_complex.py for tasks to queue
[2024-01-12T19:18:43.567+0200] {logging_mixin.py:188} INFO - [2024-01-12T19:18:43.567+0200] {dagbag.py:538} INFO - Filling up the DagBag from /Library/Frameworks/Python.framework/Versions/3.10/lib/python3.10/site-packages/airflow/example_dags/example_complex.py
[2024-01-12T19:18:43.623+0200] {processor.py:840} INFO - DAG(s) 'example_complex' retrieved from /Library/Frameworks/Python.framework/Versions/3.10/lib/python3.10/site-packages/airflow/example_dags/example_complex.py
[2024-01-12T19:18:43.727+0200] {logging_mixin.py:188} INFO - [2024-01-12T19:18:43.727+0200] {dag.py:3033} INFO - Sync 1 DAGs
[2024-01-12T19:18:43.734+0200] {logging_mixin.py:188} INFO - [2024-01-12T19:18:43.734+0200] {dag.py:3820} INFO - Setting next_dagrun for example_complex to None, run_after=None
[2024-01-12T19:18:43.751+0200] {processor.py:183} INFO - Processing /Library/Frameworks/Python.framework/Versions/3.10/lib/python3.10/site-packages/airflow/example_dags/example_complex.py took 0.190 seconds
[2024-01-12T19:22:23.903+0200] {processor.py:161} INFO - Started process (PID=13229) to work on /Library/Frameworks/Python.framework/Versions/3.10/lib/python3.10/site-packages/airflow/example_dags/example_complex.py
[2024-01-12T19:22:23.907+0200] {processor.py:830} INFO - Processing file /Library/Frameworks/Python.framework/Versions/3.10/lib/python3.10/site-packages/airflow/example_dags/example_complex.py for tasks to queue
[2024-01-12T19:22:23.907+0200] {logging_mixin.py:188} INFO - [2024-01-12T19:22:23.907+0200] {dagbag.py:538} INFO - Filling up the DagBag from /Library/Frameworks/Python.framework/Versions/3.10/lib/python3.10/site-packages/airflow/example_dags/example_complex.py
[2024-01-12T19:22:23.964+0200] {processor.py:840} INFO - DAG(s) 'example_complex' retrieved from /Library/Frameworks/Python.framework/Versions/3.10/lib/python3.10/site-packages/airflow/example_dags/example_complex.py
[2024-01-12T19:22:24.074+0200] {logging_mixin.py:188} INFO - [2024-01-12T19:22:24.074+0200] {dag.py:3033} INFO - Sync 1 DAGs
[2024-01-12T19:22:24.083+0200] {logging_mixin.py:188} INFO - [2024-01-12T19:22:24.083+0200] {dag.py:3820} INFO - Setting next_dagrun for example_complex to None, run_after=None
[2024-01-12T19:22:24.099+0200] {processor.py:183} INFO - Processing /Library/Frameworks/Python.framework/Versions/3.10/lib/python3.10/site-packages/airflow/example_dags/example_complex.py took 0.197 seconds
[2024-01-12T19:26:03.404+0200] {processor.py:161} INFO - Started process (PID=13391) to work on /Library/Frameworks/Python.framework/Versions/3.10/lib/python3.10/site-packages/airflow/example_dags/example_complex.py
[2024-01-12T19:26:03.408+0200] {processor.py:830} INFO - Processing file /Library/Frameworks/Python.framework/Versions/3.10/lib/python3.10/site-packages/airflow/example_dags/example_complex.py for tasks to queue
[2024-01-12T19:26:03.408+0200] {logging_mixin.py:188} INFO - [2024-01-12T19:26:03.408+0200] {dagbag.py:538} INFO - Filling up the DagBag from /Library/Frameworks/Python.framework/Versions/3.10/lib/python3.10/site-packages/airflow/example_dags/example_complex.py
[2024-01-12T19:26:03.462+0200] {processor.py:840} INFO - DAG(s) 'example_complex' retrieved from /Library/Frameworks/Python.framework/Versions/3.10/lib/python3.10/site-packages/airflow/example_dags/example_complex.py
[2024-01-12T19:26:03.565+0200] {logging_mixin.py:188} INFO - [2024-01-12T19:26:03.565+0200] {dag.py:3033} INFO - Sync 1 DAGs
[2024-01-12T19:26:03.572+0200] {logging_mixin.py:188} INFO - [2024-01-12T19:26:03.572+0200] {dag.py:3820} INFO - Setting next_dagrun for example_complex to None, run_after=None
[2024-01-12T19:26:03.590+0200] {processor.py:183} INFO - Processing /Library/Frameworks/Python.framework/Versions/3.10/lib/python3.10/site-packages/airflow/example_dags/example_complex.py took 0.188 seconds
[2024-01-12T19:29:44.623+0200] {processor.py:161} INFO - Started process (PID=13629) to work on /Library/Frameworks/Python.framework/Versions/3.10/lib/python3.10/site-packages/airflow/example_dags/example_complex.py
[2024-01-12T19:29:44.627+0200] {processor.py:830} INFO - Processing file /Library/Frameworks/Python.framework/Versions/3.10/lib/python3.10/site-packages/airflow/example_dags/example_complex.py for tasks to queue
[2024-01-12T19:29:44.628+0200] {logging_mixin.py:188} INFO - [2024-01-12T19:29:44.628+0200] {dagbag.py:538} INFO - Filling up the DagBag from /Library/Frameworks/Python.framework/Versions/3.10/lib/python3.10/site-packages/airflow/example_dags/example_complex.py
[2024-01-12T19:29:44.682+0200] {processor.py:840} INFO - DAG(s) 'example_complex' retrieved from /Library/Frameworks/Python.framework/Versions/3.10/lib/python3.10/site-packages/airflow/example_dags/example_complex.py
[2024-01-12T19:29:44.784+0200] {logging_mixin.py:188} INFO - [2024-01-12T19:29:44.783+0200] {dag.py:3033} INFO - Sync 1 DAGs
[2024-01-12T19:29:44.791+0200] {logging_mixin.py:188} INFO - [2024-01-12T19:29:44.791+0200] {dag.py:3820} INFO - Setting next_dagrun for example_complex to None, run_after=None
[2024-01-12T19:29:44.807+0200] {processor.py:183} INFO - Processing /Library/Frameworks/Python.framework/Versions/3.10/lib/python3.10/site-packages/airflow/example_dags/example_complex.py took 0.185 seconds
[2024-01-12T19:33:27.738+0200] {processor.py:161} INFO - Started process (PID=13899) to work on /Library/Frameworks/Python.framework/Versions/3.10/lib/python3.10/site-packages/airflow/example_dags/example_complex.py
[2024-01-12T19:33:27.743+0200] {processor.py:830} INFO - Processing file /Library/Frameworks/Python.framework/Versions/3.10/lib/python3.10/site-packages/airflow/example_dags/example_complex.py for tasks to queue
[2024-01-12T19:33:27.743+0200] {logging_mixin.py:188} INFO - [2024-01-12T19:33:27.743+0200] {dagbag.py:538} INFO - Filling up the DagBag from /Library/Frameworks/Python.framework/Versions/3.10/lib/python3.10/site-packages/airflow/example_dags/example_complex.py
[2024-01-12T19:33:27.801+0200] {processor.py:840} INFO - DAG(s) 'example_complex' retrieved from /Library/Frameworks/Python.framework/Versions/3.10/lib/python3.10/site-packages/airflow/example_dags/example_complex.py
[2024-01-12T19:33:27.904+0200] {logging_mixin.py:188} INFO - [2024-01-12T19:33:27.904+0200] {dag.py:3033} INFO - Sync 1 DAGs
[2024-01-12T19:33:27.912+0200] {logging_mixin.py:188} INFO - [2024-01-12T19:33:27.911+0200] {dag.py:3820} INFO - Setting next_dagrun for example_complex to None, run_after=None
[2024-01-12T19:33:27.935+0200] {processor.py:183} INFO - Processing /Library/Frameworks/Python.framework/Versions/3.10/lib/python3.10/site-packages/airflow/example_dags/example_complex.py took 0.198 seconds
[2024-01-12T19:37:11.088+0200] {processor.py:161} INFO - Started process (PID=14067) to work on /Library/Frameworks/Python.framework/Versions/3.10/lib/python3.10/site-packages/airflow/example_dags/example_complex.py
[2024-01-12T19:37:11.092+0200] {processor.py:830} INFO - Processing file /Library/Frameworks/Python.framework/Versions/3.10/lib/python3.10/site-packages/airflow/example_dags/example_complex.py for tasks to queue
[2024-01-12T19:37:11.092+0200] {logging_mixin.py:188} INFO - [2024-01-12T19:37:11.092+0200] {dagbag.py:538} INFO - Filling up the DagBag from /Library/Frameworks/Python.framework/Versions/3.10/lib/python3.10/site-packages/airflow/example_dags/example_complex.py
[2024-01-12T19:37:11.149+0200] {processor.py:840} INFO - DAG(s) 'example_complex' retrieved from /Library/Frameworks/Python.framework/Versions/3.10/lib/python3.10/site-packages/airflow/example_dags/example_complex.py
[2024-01-12T19:37:11.253+0200] {logging_mixin.py:188} INFO - [2024-01-12T19:37:11.253+0200] {dag.py:3033} INFO - Sync 1 DAGs
[2024-01-12T19:37:11.260+0200] {logging_mixin.py:188} INFO - [2024-01-12T19:37:11.260+0200] {dag.py:3820} INFO - Setting next_dagrun for example_complex to None, run_after=None
[2024-01-12T19:37:11.277+0200] {processor.py:183} INFO - Processing /Library/Frameworks/Python.framework/Versions/3.10/lib/python3.10/site-packages/airflow/example_dags/example_complex.py took 0.190 seconds
[2024-01-12T19:40:50.895+0200] {processor.py:161} INFO - Started process (PID=14215) to work on /Library/Frameworks/Python.framework/Versions/3.10/lib/python3.10/site-packages/airflow/example_dags/example_complex.py
[2024-01-12T19:40:50.900+0200] {processor.py:830} INFO - Processing file /Library/Frameworks/Python.framework/Versions/3.10/lib/python3.10/site-packages/airflow/example_dags/example_complex.py for tasks to queue
[2024-01-12T19:40:50.900+0200] {logging_mixin.py:188} INFO - [2024-01-12T19:40:50.900+0200] {dagbag.py:538} INFO - Filling up the DagBag from /Library/Frameworks/Python.framework/Versions/3.10/lib/python3.10/site-packages/airflow/example_dags/example_complex.py
[2024-01-12T19:40:50.960+0200] {processor.py:840} INFO - DAG(s) 'example_complex' retrieved from /Library/Frameworks/Python.framework/Versions/3.10/lib/python3.10/site-packages/airflow/example_dags/example_complex.py
[2024-01-12T19:40:51.062+0200] {logging_mixin.py:188} INFO - [2024-01-12T19:40:51.062+0200] {dag.py:3033} INFO - Sync 1 DAGs
[2024-01-12T19:40:51.070+0200] {logging_mixin.py:188} INFO - [2024-01-12T19:40:51.070+0200] {dag.py:3820} INFO - Setting next_dagrun for example_complex to None, run_after=None
[2024-01-12T19:40:51.086+0200] {processor.py:183} INFO - Processing /Library/Frameworks/Python.framework/Versions/3.10/lib/python3.10/site-packages/airflow/example_dags/example_complex.py took 0.193 seconds
[2024-01-12T19:44:42.998+0200] {processor.py:161} INFO - Started process (PID=14478) to work on /Library/Frameworks/Python.framework/Versions/3.10/lib/python3.10/site-packages/airflow/example_dags/example_complex.py
[2024-01-12T19:44:43.003+0200] {processor.py:830} INFO - Processing file /Library/Frameworks/Python.framework/Versions/3.10/lib/python3.10/site-packages/airflow/example_dags/example_complex.py for tasks to queue
[2024-01-12T19:44:43.004+0200] {logging_mixin.py:188} INFO - [2024-01-12T19:44:43.003+0200] {dagbag.py:538} INFO - Filling up the DagBag from /Library/Frameworks/Python.framework/Versions/3.10/lib/python3.10/site-packages/airflow/example_dags/example_complex.py
[2024-01-12T19:44:43.060+0200] {processor.py:840} INFO - DAG(s) 'example_complex' retrieved from /Library/Frameworks/Python.framework/Versions/3.10/lib/python3.10/site-packages/airflow/example_dags/example_complex.py
[2024-01-12T19:44:43.165+0200] {logging_mixin.py:188} INFO - [2024-01-12T19:44:43.165+0200] {dag.py:3033} INFO - Sync 1 DAGs
[2024-01-12T19:44:43.172+0200] {logging_mixin.py:188} INFO - [2024-01-12T19:44:43.172+0200] {dag.py:3820} INFO - Setting next_dagrun for example_complex to None, run_after=None
[2024-01-12T19:44:43.190+0200] {processor.py:183} INFO - Processing /Library/Frameworks/Python.framework/Versions/3.10/lib/python3.10/site-packages/airflow/example_dags/example_complex.py took 0.193 seconds
[2024-01-12T19:48:25.942+0200] {processor.py:161} INFO - Started process (PID=14782) to work on /Library/Frameworks/Python.framework/Versions/3.10/lib/python3.10/site-packages/airflow/example_dags/example_complex.py
[2024-01-12T19:48:25.947+0200] {processor.py:830} INFO - Processing file /Library/Frameworks/Python.framework/Versions/3.10/lib/python3.10/site-packages/airflow/example_dags/example_complex.py for tasks to queue
[2024-01-12T19:48:25.947+0200] {logging_mixin.py:188} INFO - [2024-01-12T19:48:25.947+0200] {dagbag.py:538} INFO - Filling up the DagBag from /Library/Frameworks/Python.framework/Versions/3.10/lib/python3.10/site-packages/airflow/example_dags/example_complex.py
[2024-01-12T19:48:26.005+0200] {processor.py:840} INFO - DAG(s) 'example_complex' retrieved from /Library/Frameworks/Python.framework/Versions/3.10/lib/python3.10/site-packages/airflow/example_dags/example_complex.py
[2024-01-12T19:48:26.205+0200] {logging_mixin.py:188} INFO - [2024-01-12T19:48:26.205+0200] {dag.py:3033} INFO - Sync 1 DAGs
[2024-01-12T19:48:26.213+0200] {logging_mixin.py:188} INFO - [2024-01-12T19:48:26.213+0200] {dag.py:3820} INFO - Setting next_dagrun for example_complex to None, run_after=None
[2024-01-12T19:48:26.233+0200] {processor.py:183} INFO - Processing /Library/Frameworks/Python.framework/Versions/3.10/lib/python3.10/site-packages/airflow/example_dags/example_complex.py took 0.292 seconds
[2024-01-12T19:53:32.864+0200] {processor.py:161} INFO - Started process (PID=15006) to work on /Library/Frameworks/Python.framework/Versions/3.10/lib/python3.10/site-packages/airflow/example_dags/example_complex.py
[2024-01-12T19:53:32.869+0200] {processor.py:830} INFO - Processing file /Library/Frameworks/Python.framework/Versions/3.10/lib/python3.10/site-packages/airflow/example_dags/example_complex.py for tasks to queue
[2024-01-12T19:53:32.870+0200] {logging_mixin.py:188} INFO - [2024-01-12T19:53:32.870+0200] {dagbag.py:538} INFO - Filling up the DagBag from /Library/Frameworks/Python.framework/Versions/3.10/lib/python3.10/site-packages/airflow/example_dags/example_complex.py
[2024-01-12T19:53:32.934+0200] {processor.py:840} INFO - DAG(s) 'example_complex' retrieved from /Library/Frameworks/Python.framework/Versions/3.10/lib/python3.10/site-packages/airflow/example_dags/example_complex.py
[2024-01-12T19:53:33.049+0200] {logging_mixin.py:188} INFO - [2024-01-12T19:53:33.049+0200] {dag.py:3033} INFO - Sync 1 DAGs
[2024-01-12T19:53:33.057+0200] {logging_mixin.py:188} INFO - [2024-01-12T19:53:33.057+0200] {dag.py:3820} INFO - Setting next_dagrun for example_complex to None, run_after=None
[2024-01-12T19:53:33.075+0200] {processor.py:183} INFO - Processing /Library/Frameworks/Python.framework/Versions/3.10/lib/python3.10/site-packages/airflow/example_dags/example_complex.py took 0.213 seconds
[2024-01-12T20:15:46.043+0200] {processor.py:161} INFO - Started process (PID=16491) to work on /Library/Frameworks/Python.framework/Versions/3.10/lib/python3.10/site-packages/airflow/example_dags/example_complex.py
[2024-01-12T20:15:46.048+0200] {processor.py:830} INFO - Processing file /Library/Frameworks/Python.framework/Versions/3.10/lib/python3.10/site-packages/airflow/example_dags/example_complex.py for tasks to queue
[2024-01-12T20:15:46.049+0200] {logging_mixin.py:188} INFO - [2024-01-12T20:15:46.049+0200] {dagbag.py:538} INFO - Filling up the DagBag from /Library/Frameworks/Python.framework/Versions/3.10/lib/python3.10/site-packages/airflow/example_dags/example_complex.py
[2024-01-12T20:15:46.108+0200] {processor.py:840} INFO - DAG(s) 'example_complex' retrieved from /Library/Frameworks/Python.framework/Versions/3.10/lib/python3.10/site-packages/airflow/example_dags/example_complex.py
[2024-01-12T20:15:46.311+0200] {logging_mixin.py:188} INFO - [2024-01-12T20:15:46.311+0200] {dag.py:3033} INFO - Sync 1 DAGs
[2024-01-12T20:15:46.319+0200] {logging_mixin.py:188} INFO - [2024-01-12T20:15:46.318+0200] {dag.py:3820} INFO - Setting next_dagrun for example_complex to None, run_after=None
[2024-01-12T20:15:46.340+0200] {processor.py:183} INFO - Processing /Library/Frameworks/Python.framework/Versions/3.10/lib/python3.10/site-packages/airflow/example_dags/example_complex.py took 0.298 seconds
[2024-01-12T20:19:39.344+0200] {processor.py:161} INFO - Started process (PID=16649) to work on /Library/Frameworks/Python.framework/Versions/3.10/lib/python3.10/site-packages/airflow/example_dags/example_complex.py
[2024-01-12T20:19:39.349+0200] {processor.py:830} INFO - Processing file /Library/Frameworks/Python.framework/Versions/3.10/lib/python3.10/site-packages/airflow/example_dags/example_complex.py for tasks to queue
[2024-01-12T20:19:39.349+0200] {logging_mixin.py:188} INFO - [2024-01-12T20:19:39.349+0200] {dagbag.py:538} INFO - Filling up the DagBag from /Library/Frameworks/Python.framework/Versions/3.10/lib/python3.10/site-packages/airflow/example_dags/example_complex.py
[2024-01-12T20:19:39.409+0200] {processor.py:840} INFO - DAG(s) 'example_complex' retrieved from /Library/Frameworks/Python.framework/Versions/3.10/lib/python3.10/site-packages/airflow/example_dags/example_complex.py
[2024-01-12T20:19:39.521+0200] {logging_mixin.py:188} INFO - [2024-01-12T20:19:39.521+0200] {dag.py:3033} INFO - Sync 1 DAGs
[2024-01-12T20:19:39.529+0200] {logging_mixin.py:188} INFO - [2024-01-12T20:19:39.529+0200] {dag.py:3820} INFO - Setting next_dagrun for example_complex to None, run_after=None
[2024-01-12T20:19:39.548+0200] {processor.py:183} INFO - Processing /Library/Frameworks/Python.framework/Versions/3.10/lib/python3.10/site-packages/airflow/example_dags/example_complex.py took 0.206 seconds
[2024-01-12T20:23:35.542+0200] {processor.py:161} INFO - Started process (PID=16903) to work on /Library/Frameworks/Python.framework/Versions/3.10/lib/python3.10/site-packages/airflow/example_dags/example_complex.py
[2024-01-12T20:23:35.547+0200] {processor.py:830} INFO - Processing file /Library/Frameworks/Python.framework/Versions/3.10/lib/python3.10/site-packages/airflow/example_dags/example_complex.py for tasks to queue
[2024-01-12T20:23:35.548+0200] {logging_mixin.py:188} INFO - [2024-01-12T20:23:35.548+0200] {dagbag.py:538} INFO - Filling up the DagBag from /Library/Frameworks/Python.framework/Versions/3.10/lib/python3.10/site-packages/airflow/example_dags/example_complex.py
[2024-01-12T20:23:35.609+0200] {processor.py:840} INFO - DAG(s) 'example_complex' retrieved from /Library/Frameworks/Python.framework/Versions/3.10/lib/python3.10/site-packages/airflow/example_dags/example_complex.py
[2024-01-12T20:23:35.723+0200] {logging_mixin.py:188} INFO - [2024-01-12T20:23:35.723+0200] {dag.py:3033} INFO - Sync 1 DAGs
[2024-01-12T20:23:35.732+0200] {logging_mixin.py:188} INFO - [2024-01-12T20:23:35.731+0200] {dag.py:3820} INFO - Setting next_dagrun for example_complex to None, run_after=None
[2024-01-12T20:23:35.749+0200] {processor.py:183} INFO - Processing /Library/Frameworks/Python.framework/Versions/3.10/lib/python3.10/site-packages/airflow/example_dags/example_complex.py took 0.209 seconds
[2024-01-12T20:27:18.586+0200] {processor.py:161} INFO - Started process (PID=17066) to work on /Library/Frameworks/Python.framework/Versions/3.10/lib/python3.10/site-packages/airflow/example_dags/example_complex.py
[2024-01-12T20:27:18.590+0200] {processor.py:830} INFO - Processing file /Library/Frameworks/Python.framework/Versions/3.10/lib/python3.10/site-packages/airflow/example_dags/example_complex.py for tasks to queue
[2024-01-12T20:27:18.591+0200] {logging_mixin.py:188} INFO - [2024-01-12T20:27:18.591+0200] {dagbag.py:538} INFO - Filling up the DagBag from /Library/Frameworks/Python.framework/Versions/3.10/lib/python3.10/site-packages/airflow/example_dags/example_complex.py
[2024-01-12T20:27:18.646+0200] {processor.py:840} INFO - DAG(s) 'example_complex' retrieved from /Library/Frameworks/Python.framework/Versions/3.10/lib/python3.10/site-packages/airflow/example_dags/example_complex.py
[2024-01-12T20:27:18.750+0200] {logging_mixin.py:188} INFO - [2024-01-12T20:27:18.749+0200] {dag.py:3033} INFO - Sync 1 DAGs
[2024-01-12T20:27:18.757+0200] {logging_mixin.py:188} INFO - [2024-01-12T20:27:18.757+0200] {dag.py:3820} INFO - Setting next_dagrun for example_complex to None, run_after=None
[2024-01-12T20:27:18.779+0200] {processor.py:183} INFO - Processing /Library/Frameworks/Python.framework/Versions/3.10/lib/python3.10/site-packages/airflow/example_dags/example_complex.py took 0.194 seconds
[2024-01-12T20:31:07.266+0200] {processor.py:161} INFO - Started process (PID=17314) to work on /Library/Frameworks/Python.framework/Versions/3.10/lib/python3.10/site-packages/airflow/example_dags/example_complex.py
[2024-01-12T20:31:07.271+0200] {processor.py:830} INFO - Processing file /Library/Frameworks/Python.framework/Versions/3.10/lib/python3.10/site-packages/airflow/example_dags/example_complex.py for tasks to queue
[2024-01-12T20:31:07.271+0200] {logging_mixin.py:188} INFO - [2024-01-12T20:31:07.271+0200] {dagbag.py:538} INFO - Filling up the DagBag from /Library/Frameworks/Python.framework/Versions/3.10/lib/python3.10/site-packages/airflow/example_dags/example_complex.py
[2024-01-12T20:31:07.328+0200] {processor.py:840} INFO - DAG(s) 'example_complex' retrieved from /Library/Frameworks/Python.framework/Versions/3.10/lib/python3.10/site-packages/airflow/example_dags/example_complex.py
[2024-01-12T20:31:07.434+0200] {logging_mixin.py:188} INFO - [2024-01-12T20:31:07.434+0200] {dag.py:3033} INFO - Sync 1 DAGs
[2024-01-12T20:31:07.441+0200] {logging_mixin.py:188} INFO - [2024-01-12T20:31:07.441+0200] {dag.py:3820} INFO - Setting next_dagrun for example_complex to None, run_after=None
[2024-01-12T20:31:07.458+0200] {processor.py:183} INFO - Processing /Library/Frameworks/Python.framework/Versions/3.10/lib/python3.10/site-packages/airflow/example_dags/example_complex.py took 0.193 seconds
[2024-01-12T20:34:55.411+0200] {processor.py:161} INFO - Started process (PID=17498) to work on /Library/Frameworks/Python.framework/Versions/3.10/lib/python3.10/site-packages/airflow/example_dags/example_complex.py
[2024-01-12T20:34:55.415+0200] {processor.py:830} INFO - Processing file /Library/Frameworks/Python.framework/Versions/3.10/lib/python3.10/site-packages/airflow/example_dags/example_complex.py for tasks to queue
[2024-01-12T20:34:55.416+0200] {logging_mixin.py:188} INFO - [2024-01-12T20:34:55.416+0200] {dagbag.py:538} INFO - Filling up the DagBag from /Library/Frameworks/Python.framework/Versions/3.10/lib/python3.10/site-packages/airflow/example_dags/example_complex.py
[2024-01-12T20:34:55.472+0200] {processor.py:840} INFO - DAG(s) 'example_complex' retrieved from /Library/Frameworks/Python.framework/Versions/3.10/lib/python3.10/site-packages/airflow/example_dags/example_complex.py
[2024-01-12T20:34:55.574+0200] {logging_mixin.py:188} INFO - [2024-01-12T20:34:55.574+0200] {dag.py:3033} INFO - Sync 1 DAGs
[2024-01-12T20:34:55.582+0200] {logging_mixin.py:188} INFO - [2024-01-12T20:34:55.582+0200] {dag.py:3820} INFO - Setting next_dagrun for example_complex to None, run_after=None
[2024-01-12T20:34:55.602+0200] {processor.py:183} INFO - Processing /Library/Frameworks/Python.framework/Versions/3.10/lib/python3.10/site-packages/airflow/example_dags/example_complex.py took 0.193 seconds
[2024-01-12T20:38:36.517+0200] {processor.py:161} INFO - Started process (PID=17756) to work on /Library/Frameworks/Python.framework/Versions/3.10/lib/python3.10/site-packages/airflow/example_dags/example_complex.py
[2024-01-12T20:38:36.521+0200] {processor.py:830} INFO - Processing file /Library/Frameworks/Python.framework/Versions/3.10/lib/python3.10/site-packages/airflow/example_dags/example_complex.py for tasks to queue
[2024-01-12T20:38:36.522+0200] {logging_mixin.py:188} INFO - [2024-01-12T20:38:36.521+0200] {dagbag.py:538} INFO - Filling up the DagBag from /Library/Frameworks/Python.framework/Versions/3.10/lib/python3.10/site-packages/airflow/example_dags/example_complex.py
[2024-01-12T20:38:36.580+0200] {processor.py:840} INFO - DAG(s) 'example_complex' retrieved from /Library/Frameworks/Python.framework/Versions/3.10/lib/python3.10/site-packages/airflow/example_dags/example_complex.py
[2024-01-12T20:38:36.684+0200] {logging_mixin.py:188} INFO - [2024-01-12T20:38:36.684+0200] {dag.py:3033} INFO - Sync 1 DAGs
[2024-01-12T20:38:36.691+0200] {logging_mixin.py:188} INFO - [2024-01-12T20:38:36.691+0200] {dag.py:3820} INFO - Setting next_dagrun for example_complex to None, run_after=None
[2024-01-12T20:38:36.709+0200] {processor.py:183} INFO - Processing /Library/Frameworks/Python.framework/Versions/3.10/lib/python3.10/site-packages/airflow/example_dags/example_complex.py took 0.194 seconds
[2024-01-12T20:42:24.602+0200] {processor.py:161} INFO - Started process (PID=17902) to work on /Library/Frameworks/Python.framework/Versions/3.10/lib/python3.10/site-packages/airflow/example_dags/example_complex.py
[2024-01-12T20:42:24.606+0200] {processor.py:830} INFO - Processing file /Library/Frameworks/Python.framework/Versions/3.10/lib/python3.10/site-packages/airflow/example_dags/example_complex.py for tasks to queue
[2024-01-12T20:42:24.607+0200] {logging_mixin.py:188} INFO - [2024-01-12T20:42:24.607+0200] {dagbag.py:538} INFO - Filling up the DagBag from /Library/Frameworks/Python.framework/Versions/3.10/lib/python3.10/site-packages/airflow/example_dags/example_complex.py
[2024-01-12T20:42:24.664+0200] {processor.py:840} INFO - DAG(s) 'example_complex' retrieved from /Library/Frameworks/Python.framework/Versions/3.10/lib/python3.10/site-packages/airflow/example_dags/example_complex.py
[2024-01-12T20:42:24.770+0200] {logging_mixin.py:188} INFO - [2024-01-12T20:42:24.770+0200] {dag.py:3033} INFO - Sync 1 DAGs
[2024-01-12T20:42:24.777+0200] {logging_mixin.py:188} INFO - [2024-01-12T20:42:24.777+0200] {dag.py:3820} INFO - Setting next_dagrun for example_complex to None, run_after=None
[2024-01-12T20:42:24.795+0200] {processor.py:183} INFO - Processing /Library/Frameworks/Python.framework/Versions/3.10/lib/python3.10/site-packages/airflow/example_dags/example_complex.py took 0.194 seconds
[2024-01-12T20:46:13.405+0200] {processor.py:161} INFO - Started process (PID=18178) to work on /Library/Frameworks/Python.framework/Versions/3.10/lib/python3.10/site-packages/airflow/example_dags/example_complex.py
[2024-01-12T20:46:13.410+0200] {processor.py:830} INFO - Processing file /Library/Frameworks/Python.framework/Versions/3.10/lib/python3.10/site-packages/airflow/example_dags/example_complex.py for tasks to queue
[2024-01-12T20:46:13.411+0200] {logging_mixin.py:188} INFO - [2024-01-12T20:46:13.411+0200] {dagbag.py:538} INFO - Filling up the DagBag from /Library/Frameworks/Python.framework/Versions/3.10/lib/python3.10/site-packages/airflow/example_dags/example_complex.py
[2024-01-12T20:46:13.473+0200] {processor.py:840} INFO - DAG(s) 'example_complex' retrieved from /Library/Frameworks/Python.framework/Versions/3.10/lib/python3.10/site-packages/airflow/example_dags/example_complex.py
[2024-01-12T20:46:13.576+0200] {logging_mixin.py:188} INFO - [2024-01-12T20:46:13.575+0200] {dag.py:3033} INFO - Sync 1 DAGs
[2024-01-12T20:46:13.583+0200] {logging_mixin.py:188} INFO - [2024-01-12T20:46:13.583+0200] {dag.py:3820} INFO - Setting next_dagrun for example_complex to None, run_after=None
[2024-01-12T20:46:13.603+0200] {processor.py:183} INFO - Processing /Library/Frameworks/Python.framework/Versions/3.10/lib/python3.10/site-packages/airflow/example_dags/example_complex.py took 0.198 seconds
[2024-01-12T20:49:58.958+0200] {processor.py:161} INFO - Started process (PID=18334) to work on /Library/Frameworks/Python.framework/Versions/3.10/lib/python3.10/site-packages/airflow/example_dags/example_complex.py
[2024-01-12T20:49:58.962+0200] {processor.py:830} INFO - Processing file /Library/Frameworks/Python.framework/Versions/3.10/lib/python3.10/site-packages/airflow/example_dags/example_complex.py for tasks to queue
[2024-01-12T20:49:58.963+0200] {logging_mixin.py:188} INFO - [2024-01-12T20:49:58.963+0200] {dagbag.py:538} INFO - Filling up the DagBag from /Library/Frameworks/Python.framework/Versions/3.10/lib/python3.10/site-packages/airflow/example_dags/example_complex.py
[2024-01-12T20:49:59.019+0200] {processor.py:840} INFO - DAG(s) 'example_complex' retrieved from /Library/Frameworks/Python.framework/Versions/3.10/lib/python3.10/site-packages/airflow/example_dags/example_complex.py
[2024-01-12T20:49:59.123+0200] {logging_mixin.py:188} INFO - [2024-01-12T20:49:59.122+0200] {dag.py:3033} INFO - Sync 1 DAGs
[2024-01-12T20:49:59.130+0200] {logging_mixin.py:188} INFO - [2024-01-12T20:49:59.130+0200] {dag.py:3820} INFO - Setting next_dagrun for example_complex to None, run_after=None
[2024-01-12T20:49:59.147+0200] {processor.py:183} INFO - Processing /Library/Frameworks/Python.framework/Versions/3.10/lib/python3.10/site-packages/airflow/example_dags/example_complex.py took 0.191 seconds
[2024-01-12T20:53:44.972+0200] {processor.py:161} INFO - Started process (PID=18580) to work on /Library/Frameworks/Python.framework/Versions/3.10/lib/python3.10/site-packages/airflow/example_dags/example_complex.py
[2024-01-12T20:53:44.977+0200] {processor.py:830} INFO - Processing file /Library/Frameworks/Python.framework/Versions/3.10/lib/python3.10/site-packages/airflow/example_dags/example_complex.py for tasks to queue
[2024-01-12T20:53:44.977+0200] {logging_mixin.py:188} INFO - [2024-01-12T20:53:44.977+0200] {dagbag.py:538} INFO - Filling up the DagBag from /Library/Frameworks/Python.framework/Versions/3.10/lib/python3.10/site-packages/airflow/example_dags/example_complex.py
[2024-01-12T20:53:45.034+0200] {processor.py:840} INFO - DAG(s) 'example_complex' retrieved from /Library/Frameworks/Python.framework/Versions/3.10/lib/python3.10/site-packages/airflow/example_dags/example_complex.py
[2024-01-12T20:53:45.141+0200] {logging_mixin.py:188} INFO - [2024-01-12T20:53:45.140+0200] {dag.py:3033} INFO - Sync 1 DAGs
[2024-01-12T20:53:45.148+0200] {logging_mixin.py:188} INFO - [2024-01-12T20:53:45.148+0200] {dag.py:3820} INFO - Setting next_dagrun for example_complex to None, run_after=None
[2024-01-12T20:53:45.167+0200] {processor.py:183} INFO - Processing /Library/Frameworks/Python.framework/Versions/3.10/lib/python3.10/site-packages/airflow/example_dags/example_complex.py took 0.197 seconds
[2024-01-12T20:57:35.590+0200] {processor.py:161} INFO - Started process (PID=18758) to work on /Library/Frameworks/Python.framework/Versions/3.10/lib/python3.10/site-packages/airflow/example_dags/example_complex.py
[2024-01-12T20:57:35.612+0200] {processor.py:830} INFO - Processing file /Library/Frameworks/Python.framework/Versions/3.10/lib/python3.10/site-packages/airflow/example_dags/example_complex.py for tasks to queue
[2024-01-12T20:57:35.613+0200] {logging_mixin.py:188} INFO - [2024-01-12T20:57:35.613+0200] {dagbag.py:538} INFO - Filling up the DagBag from /Library/Frameworks/Python.framework/Versions/3.10/lib/python3.10/site-packages/airflow/example_dags/example_complex.py
[2024-01-12T20:57:35.676+0200] {processor.py:840} INFO - DAG(s) 'example_complex' retrieved from /Library/Frameworks/Python.framework/Versions/3.10/lib/python3.10/site-packages/airflow/example_dags/example_complex.py
[2024-01-12T20:57:35.784+0200] {logging_mixin.py:188} INFO - [2024-01-12T20:57:35.784+0200] {dag.py:3033} INFO - Sync 1 DAGs
[2024-01-12T20:57:35.792+0200] {logging_mixin.py:188} INFO - [2024-01-12T20:57:35.792+0200] {dag.py:3820} INFO - Setting next_dagrun for example_complex to None, run_after=None
[2024-01-12T20:57:35.809+0200] {processor.py:183} INFO - Processing /Library/Frameworks/Python.framework/Versions/3.10/lib/python3.10/site-packages/airflow/example_dags/example_complex.py took 0.221 seconds
[2024-01-12T21:01:09.064+0200] {processor.py:161} INFO - Started process (PID=18918) to work on /Library/Frameworks/Python.framework/Versions/3.10/lib/python3.10/site-packages/airflow/example_dags/example_complex.py
[2024-01-12T21:01:09.068+0200] {processor.py:830} INFO - Processing file /Library/Frameworks/Python.framework/Versions/3.10/lib/python3.10/site-packages/airflow/example_dags/example_complex.py for tasks to queue
[2024-01-12T21:01:09.068+0200] {logging_mixin.py:188} INFO - [2024-01-12T21:01:09.068+0200] {dagbag.py:538} INFO - Filling up the DagBag from /Library/Frameworks/Python.framework/Versions/3.10/lib/python3.10/site-packages/airflow/example_dags/example_complex.py
[2024-01-12T21:01:09.125+0200] {processor.py:840} INFO - DAG(s) 'example_complex' retrieved from /Library/Frameworks/Python.framework/Versions/3.10/lib/python3.10/site-packages/airflow/example_dags/example_complex.py
[2024-01-12T21:01:09.230+0200] {logging_mixin.py:188} INFO - [2024-01-12T21:01:09.230+0200] {dag.py:3033} INFO - Sync 1 DAGs
[2024-01-12T21:01:09.237+0200] {logging_mixin.py:188} INFO - [2024-01-12T21:01:09.237+0200] {dag.py:3820} INFO - Setting next_dagrun for example_complex to None, run_after=None
[2024-01-12T21:01:09.254+0200] {processor.py:183} INFO - Processing /Library/Frameworks/Python.framework/Versions/3.10/lib/python3.10/site-packages/airflow/example_dags/example_complex.py took 0.191 seconds
[2024-01-12T21:04:51.263+0200] {processor.py:161} INFO - Started process (PID=19165) to work on /Library/Frameworks/Python.framework/Versions/3.10/lib/python3.10/site-packages/airflow/example_dags/example_complex.py
[2024-01-12T21:04:51.268+0200] {processor.py:830} INFO - Processing file /Library/Frameworks/Python.framework/Versions/3.10/lib/python3.10/site-packages/airflow/example_dags/example_complex.py for tasks to queue
[2024-01-12T21:04:51.268+0200] {logging_mixin.py:188} INFO - [2024-01-12T21:04:51.268+0200] {dagbag.py:538} INFO - Filling up the DagBag from /Library/Frameworks/Python.framework/Versions/3.10/lib/python3.10/site-packages/airflow/example_dags/example_complex.py
[2024-01-12T21:04:51.324+0200] {processor.py:840} INFO - DAG(s) 'example_complex' retrieved from /Library/Frameworks/Python.framework/Versions/3.10/lib/python3.10/site-packages/airflow/example_dags/example_complex.py
[2024-01-12T21:04:51.445+0200] {logging_mixin.py:188} INFO - [2024-01-12T21:04:51.445+0200] {dag.py:3033} INFO - Sync 1 DAGs
[2024-01-12T21:04:51.453+0200] {logging_mixin.py:188} INFO - [2024-01-12T21:04:51.452+0200] {dag.py:3820} INFO - Setting next_dagrun for example_complex to None, run_after=None
[2024-01-12T21:04:51.481+0200] {processor.py:183} INFO - Processing /Library/Frameworks/Python.framework/Versions/3.10/lib/python3.10/site-packages/airflow/example_dags/example_complex.py took 0.219 seconds
[2024-01-12T21:08:44.271+0200] {processor.py:161} INFO - Started process (PID=19338) to work on /Library/Frameworks/Python.framework/Versions/3.10/lib/python3.10/site-packages/airflow/example_dags/example_complex.py
[2024-01-12T21:08:44.275+0200] {processor.py:830} INFO - Processing file /Library/Frameworks/Python.framework/Versions/3.10/lib/python3.10/site-packages/airflow/example_dags/example_complex.py for tasks to queue
[2024-01-12T21:08:44.276+0200] {logging_mixin.py:188} INFO - [2024-01-12T21:08:44.276+0200] {dagbag.py:538} INFO - Filling up the DagBag from /Library/Frameworks/Python.framework/Versions/3.10/lib/python3.10/site-packages/airflow/example_dags/example_complex.py
[2024-01-12T21:08:44.334+0200] {processor.py:840} INFO - DAG(s) 'example_complex' retrieved from /Library/Frameworks/Python.framework/Versions/3.10/lib/python3.10/site-packages/airflow/example_dags/example_complex.py
[2024-01-12T21:08:44.441+0200] {logging_mixin.py:188} INFO - [2024-01-12T21:08:44.440+0200] {dag.py:3033} INFO - Sync 1 DAGs
[2024-01-12T21:08:44.448+0200] {logging_mixin.py:188} INFO - [2024-01-12T21:08:44.448+0200] {dag.py:3820} INFO - Setting next_dagrun for example_complex to None, run_after=None
[2024-01-12T21:08:44.464+0200] {processor.py:183} INFO - Processing /Library/Frameworks/Python.framework/Versions/3.10/lib/python3.10/site-packages/airflow/example_dags/example_complex.py took 0.195 seconds
[2024-01-12T21:12:26.793+0200] {processor.py:161} INFO - Started process (PID=19599) to work on /Library/Frameworks/Python.framework/Versions/3.10/lib/python3.10/site-packages/airflow/example_dags/example_complex.py
[2024-01-12T21:12:26.797+0200] {processor.py:830} INFO - Processing file /Library/Frameworks/Python.framework/Versions/3.10/lib/python3.10/site-packages/airflow/example_dags/example_complex.py for tasks to queue
[2024-01-12T21:12:26.798+0200] {logging_mixin.py:188} INFO - [2024-01-12T21:12:26.798+0200] {dagbag.py:538} INFO - Filling up the DagBag from /Library/Frameworks/Python.framework/Versions/3.10/lib/python3.10/site-packages/airflow/example_dags/example_complex.py
[2024-01-12T21:12:26.854+0200] {processor.py:840} INFO - DAG(s) 'example_complex' retrieved from /Library/Frameworks/Python.framework/Versions/3.10/lib/python3.10/site-packages/airflow/example_dags/example_complex.py
[2024-01-12T21:12:26.960+0200] {logging_mixin.py:188} INFO - [2024-01-12T21:12:26.960+0200] {dag.py:3033} INFO - Sync 1 DAGs
[2024-01-12T21:12:26.968+0200] {logging_mixin.py:188} INFO - [2024-01-12T21:12:26.967+0200] {dag.py:3820} INFO - Setting next_dagrun for example_complex to None, run_after=None
[2024-01-12T21:12:26.984+0200] {processor.py:183} INFO - Processing /Library/Frameworks/Python.framework/Versions/3.10/lib/python3.10/site-packages/airflow/example_dags/example_complex.py took 0.192 seconds
[2024-01-12T21:16:10.272+0200] {processor.py:161} INFO - Started process (PID=19752) to work on /Library/Frameworks/Python.framework/Versions/3.10/lib/python3.10/site-packages/airflow/example_dags/example_complex.py
[2024-01-12T21:16:10.277+0200] {processor.py:830} INFO - Processing file /Library/Frameworks/Python.framework/Versions/3.10/lib/python3.10/site-packages/airflow/example_dags/example_complex.py for tasks to queue
[2024-01-12T21:16:10.278+0200] {logging_mixin.py:188} INFO - [2024-01-12T21:16:10.277+0200] {dagbag.py:538} INFO - Filling up the DagBag from /Library/Frameworks/Python.framework/Versions/3.10/lib/python3.10/site-packages/airflow/example_dags/example_complex.py
[2024-01-12T21:16:10.335+0200] {processor.py:840} INFO - DAG(s) 'example_complex' retrieved from /Library/Frameworks/Python.framework/Versions/3.10/lib/python3.10/site-packages/airflow/example_dags/example_complex.py
[2024-01-12T21:16:10.507+0200] {logging_mixin.py:188} INFO - [2024-01-12T21:16:10.507+0200] {dag.py:3033} INFO - Sync 1 DAGs
[2024-01-12T21:16:10.515+0200] {logging_mixin.py:188} INFO - [2024-01-12T21:16:10.515+0200] {dag.py:3820} INFO - Setting next_dagrun for example_complex to None, run_after=None
[2024-01-12T21:16:10.535+0200] {processor.py:183} INFO - Processing /Library/Frameworks/Python.framework/Versions/3.10/lib/python3.10/site-packages/airflow/example_dags/example_complex.py took 0.265 seconds
[2024-01-12T21:19:59.809+0200] {processor.py:161} INFO - Started process (PID=20017) to work on /Library/Frameworks/Python.framework/Versions/3.10/lib/python3.10/site-packages/airflow/example_dags/example_complex.py
[2024-01-12T21:19:59.815+0200] {processor.py:830} INFO - Processing file /Library/Frameworks/Python.framework/Versions/3.10/lib/python3.10/site-packages/airflow/example_dags/example_complex.py for tasks to queue
[2024-01-12T21:19:59.816+0200] {logging_mixin.py:188} INFO - [2024-01-12T21:19:59.816+0200] {dagbag.py:538} INFO - Filling up the DagBag from /Library/Frameworks/Python.framework/Versions/3.10/lib/python3.10/site-packages/airflow/example_dags/example_complex.py
[2024-01-12T21:19:59.900+0200] {processor.py:840} INFO - DAG(s) 'example_complex' retrieved from /Library/Frameworks/Python.framework/Versions/3.10/lib/python3.10/site-packages/airflow/example_dags/example_complex.py
[2024-01-12T21:20:00.057+0200] {logging_mixin.py:188} INFO - [2024-01-12T21:20:00.057+0200] {dag.py:3033} INFO - Sync 1 DAGs
[2024-01-12T21:20:00.067+0200] {logging_mixin.py:188} INFO - [2024-01-12T21:20:00.067+0200] {dag.py:3820} INFO - Setting next_dagrun for example_complex to None, run_after=None
[2024-01-12T21:20:00.090+0200] {processor.py:183} INFO - Processing /Library/Frameworks/Python.framework/Versions/3.10/lib/python3.10/site-packages/airflow/example_dags/example_complex.py took 0.282 seconds
