[2024-01-12T16:44:26.729+0200] {processor.py:161} INFO - Started process (PID=3710) to work on /Library/Frameworks/Python.framework/Versions/3.10/lib/python3.10/site-packages/airflow/example_dags/example_bash_operator.py
[2024-01-12T16:44:26.733+0200] {processor.py:830} INFO - Processing file /Library/Frameworks/Python.framework/Versions/3.10/lib/python3.10/site-packages/airflow/example_dags/example_bash_operator.py for tasks to queue
[2024-01-12T16:44:26.733+0200] {logging_mixin.py:188} INFO - [2024-01-12T16:44:26.733+0200] {dagbag.py:538} INFO - Filling up the DagBag from /Library/Frameworks/Python.framework/Versions/3.10/lib/python3.10/site-packages/airflow/example_dags/example_bash_operator.py
[2024-01-12T16:44:26.792+0200] {processor.py:840} INFO - DAG(s) 'example_bash_operator' retrieved from /Library/Frameworks/Python.framework/Versions/3.10/lib/python3.10/site-packages/airflow/example_dags/example_bash_operator.py
[2024-01-12T16:44:26.978+0200] {logging_mixin.py:188} INFO - [2024-01-12T16:44:26.978+0200] {dag.py:3033} INFO - Sync 1 DAGs
[2024-01-12T16:44:26.993+0200] {logging_mixin.py:188} INFO - [2024-01-12T16:44:26.993+0200] {dag.py:3820} INFO - Setting next_dagrun for example_bash_operator to 2024-01-11T00:00:00+00:00, run_after=2024-01-12T00:00:00+00:00
[2024-01-12T16:44:27.011+0200] {processor.py:183} INFO - Processing /Library/Frameworks/Python.framework/Versions/3.10/lib/python3.10/site-packages/airflow/example_dags/example_bash_operator.py took 0.283 seconds
[2024-01-12T16:48:31.616+0200] {processor.py:161} INFO - Started process (PID=3922) to work on /Library/Frameworks/Python.framework/Versions/3.10/lib/python3.10/site-packages/airflow/example_dags/example_bash_operator.py
[2024-01-12T16:48:31.620+0200] {processor.py:830} INFO - Processing file /Library/Frameworks/Python.framework/Versions/3.10/lib/python3.10/site-packages/airflow/example_dags/example_bash_operator.py for tasks to queue
[2024-01-12T16:48:31.621+0200] {logging_mixin.py:188} INFO - [2024-01-12T16:48:31.621+0200] {dagbag.py:538} INFO - Filling up the DagBag from /Library/Frameworks/Python.framework/Versions/3.10/lib/python3.10/site-packages/airflow/example_dags/example_bash_operator.py
[2024-01-12T16:48:31.676+0200] {processor.py:840} INFO - DAG(s) 'example_bash_operator' retrieved from /Library/Frameworks/Python.framework/Versions/3.10/lib/python3.10/site-packages/airflow/example_dags/example_bash_operator.py
[2024-01-12T16:48:31.778+0200] {logging_mixin.py:188} INFO - [2024-01-12T16:48:31.778+0200] {dag.py:3033} INFO - Sync 1 DAGs
[2024-01-12T16:48:31.793+0200] {logging_mixin.py:188} INFO - [2024-01-12T16:48:31.793+0200] {dag.py:3820} INFO - Setting next_dagrun for example_bash_operator to 2024-01-11T00:00:00+00:00, run_after=2024-01-12T00:00:00+00:00
[2024-01-12T16:48:31.810+0200] {processor.py:183} INFO - Processing /Library/Frameworks/Python.framework/Versions/3.10/lib/python3.10/site-packages/airflow/example_dags/example_bash_operator.py took 0.196 seconds
[2024-01-12T16:52:19.134+0200] {processor.py:161} INFO - Started process (PID=4165) to work on /Library/Frameworks/Python.framework/Versions/3.10/lib/python3.10/site-packages/airflow/example_dags/example_bash_operator.py
[2024-01-12T16:52:19.138+0200] {processor.py:830} INFO - Processing file /Library/Frameworks/Python.framework/Versions/3.10/lib/python3.10/site-packages/airflow/example_dags/example_bash_operator.py for tasks to queue
[2024-01-12T16:52:19.139+0200] {logging_mixin.py:188} INFO - [2024-01-12T16:52:19.139+0200] {dagbag.py:538} INFO - Filling up the DagBag from /Library/Frameworks/Python.framework/Versions/3.10/lib/python3.10/site-packages/airflow/example_dags/example_bash_operator.py
[2024-01-12T16:52:19.196+0200] {processor.py:840} INFO - DAG(s) 'example_bash_operator' retrieved from /Library/Frameworks/Python.framework/Versions/3.10/lib/python3.10/site-packages/airflow/example_dags/example_bash_operator.py
[2024-01-12T16:52:19.301+0200] {logging_mixin.py:188} INFO - [2024-01-12T16:52:19.300+0200] {dag.py:3033} INFO - Sync 1 DAGs
[2024-01-12T16:52:19.315+0200] {logging_mixin.py:188} INFO - [2024-01-12T16:52:19.315+0200] {dag.py:3820} INFO - Setting next_dagrun for example_bash_operator to 2024-01-11T00:00:00+00:00, run_after=2024-01-12T00:00:00+00:00
[2024-01-12T16:52:19.333+0200] {processor.py:183} INFO - Processing /Library/Frameworks/Python.framework/Versions/3.10/lib/python3.10/site-packages/airflow/example_dags/example_bash_operator.py took 0.201 seconds
[2024-01-12T16:56:39.839+0200] {processor.py:161} INFO - Started process (PID=4520) to work on /Library/Frameworks/Python.framework/Versions/3.10/lib/python3.10/site-packages/airflow/example_dags/example_bash_operator.py
[2024-01-12T16:56:39.844+0200] {processor.py:830} INFO - Processing file /Library/Frameworks/Python.framework/Versions/3.10/lib/python3.10/site-packages/airflow/example_dags/example_bash_operator.py for tasks to queue
[2024-01-12T16:56:39.844+0200] {logging_mixin.py:188} INFO - [2024-01-12T16:56:39.844+0200] {dagbag.py:538} INFO - Filling up the DagBag from /Library/Frameworks/Python.framework/Versions/3.10/lib/python3.10/site-packages/airflow/example_dags/example_bash_operator.py
[2024-01-12T16:56:39.904+0200] {processor.py:840} INFO - DAG(s) 'example_bash_operator' retrieved from /Library/Frameworks/Python.framework/Versions/3.10/lib/python3.10/site-packages/airflow/example_dags/example_bash_operator.py
[2024-01-12T16:56:40.010+0200] {logging_mixin.py:188} INFO - [2024-01-12T16:56:40.010+0200] {dag.py:3033} INFO - Sync 1 DAGs
[2024-01-12T16:56:40.026+0200] {logging_mixin.py:188} INFO - [2024-01-12T16:56:40.026+0200] {dag.py:3820} INFO - Setting next_dagrun for example_bash_operator to 2024-01-11T00:00:00+00:00, run_after=2024-01-12T00:00:00+00:00
[2024-01-12T16:56:40.042+0200] {processor.py:183} INFO - Processing /Library/Frameworks/Python.framework/Versions/3.10/lib/python3.10/site-packages/airflow/example_dags/example_bash_operator.py took 0.205 seconds
[2024-01-12T17:00:46.632+0200] {processor.py:161} INFO - Started process (PID=4735) to work on /Library/Frameworks/Python.framework/Versions/3.10/lib/python3.10/site-packages/airflow/example_dags/example_bash_operator.py
[2024-01-12T17:00:46.636+0200] {processor.py:830} INFO - Processing file /Library/Frameworks/Python.framework/Versions/3.10/lib/python3.10/site-packages/airflow/example_dags/example_bash_operator.py for tasks to queue
[2024-01-12T17:00:46.637+0200] {logging_mixin.py:188} INFO - [2024-01-12T17:00:46.637+0200] {dagbag.py:538} INFO - Filling up the DagBag from /Library/Frameworks/Python.framework/Versions/3.10/lib/python3.10/site-packages/airflow/example_dags/example_bash_operator.py
[2024-01-12T17:00:46.693+0200] {processor.py:840} INFO - DAG(s) 'example_bash_operator' retrieved from /Library/Frameworks/Python.framework/Versions/3.10/lib/python3.10/site-packages/airflow/example_dags/example_bash_operator.py
[2024-01-12T17:00:46.799+0200] {logging_mixin.py:188} INFO - [2024-01-12T17:00:46.799+0200] {dag.py:3033} INFO - Sync 1 DAGs
[2024-01-12T17:00:46.814+0200] {logging_mixin.py:188} INFO - [2024-01-12T17:00:46.814+0200] {dag.py:3820} INFO - Setting next_dagrun for example_bash_operator to 2024-01-11T00:00:00+00:00, run_after=2024-01-12T00:00:00+00:00
[2024-01-12T17:00:46.831+0200] {processor.py:183} INFO - Processing /Library/Frameworks/Python.framework/Versions/3.10/lib/python3.10/site-packages/airflow/example_dags/example_bash_operator.py took 0.200 seconds
[2024-01-12T17:05:10.439+0200] {processor.py:161} INFO - Started process (PID=5061) to work on /Library/Frameworks/Python.framework/Versions/3.10/lib/python3.10/site-packages/airflow/example_dags/example_bash_operator.py
[2024-01-12T17:05:10.444+0200] {processor.py:830} INFO - Processing file /Library/Frameworks/Python.framework/Versions/3.10/lib/python3.10/site-packages/airflow/example_dags/example_bash_operator.py for tasks to queue
[2024-01-12T17:05:10.445+0200] {logging_mixin.py:188} INFO - [2024-01-12T17:05:10.444+0200] {dagbag.py:538} INFO - Filling up the DagBag from /Library/Frameworks/Python.framework/Versions/3.10/lib/python3.10/site-packages/airflow/example_dags/example_bash_operator.py
[2024-01-12T17:05:10.502+0200] {processor.py:840} INFO - DAG(s) 'example_bash_operator' retrieved from /Library/Frameworks/Python.framework/Versions/3.10/lib/python3.10/site-packages/airflow/example_dags/example_bash_operator.py
[2024-01-12T17:05:10.621+0200] {logging_mixin.py:188} INFO - [2024-01-12T17:05:10.621+0200] {dag.py:3033} INFO - Sync 1 DAGs
[2024-01-12T17:05:10.640+0200] {logging_mixin.py:188} INFO - [2024-01-12T17:05:10.640+0200] {dag.py:3820} INFO - Setting next_dagrun for example_bash_operator to 2024-01-11T00:00:00+00:00, run_after=2024-01-12T00:00:00+00:00
[2024-01-12T17:05:10.673+0200] {processor.py:183} INFO - Processing /Library/Frameworks/Python.framework/Versions/3.10/lib/python3.10/site-packages/airflow/example_dags/example_bash_operator.py took 0.235 seconds
[2024-01-12T17:09:27.745+0200] {processor.py:161} INFO - Started process (PID=5385) to work on /Library/Frameworks/Python.framework/Versions/3.10/lib/python3.10/site-packages/airflow/example_dags/example_bash_operator.py
[2024-01-12T17:09:27.749+0200] {processor.py:830} INFO - Processing file /Library/Frameworks/Python.framework/Versions/3.10/lib/python3.10/site-packages/airflow/example_dags/example_bash_operator.py for tasks to queue
[2024-01-12T17:09:27.749+0200] {logging_mixin.py:188} INFO - [2024-01-12T17:09:27.749+0200] {dagbag.py:538} INFO - Filling up the DagBag from /Library/Frameworks/Python.framework/Versions/3.10/lib/python3.10/site-packages/airflow/example_dags/example_bash_operator.py
[2024-01-12T17:09:27.807+0200] {processor.py:840} INFO - DAG(s) 'example_bash_operator' retrieved from /Library/Frameworks/Python.framework/Versions/3.10/lib/python3.10/site-packages/airflow/example_dags/example_bash_operator.py
[2024-01-12T17:09:27.919+0200] {logging_mixin.py:188} INFO - [2024-01-12T17:09:27.919+0200] {dag.py:3033} INFO - Sync 1 DAGs
[2024-01-12T17:09:27.934+0200] {logging_mixin.py:188} INFO - [2024-01-12T17:09:27.934+0200] {dag.py:3820} INFO - Setting next_dagrun for example_bash_operator to 2024-01-11T00:00:00+00:00, run_after=2024-01-12T00:00:00+00:00
[2024-01-12T17:09:27.954+0200] {processor.py:183} INFO - Processing /Library/Frameworks/Python.framework/Versions/3.10/lib/python3.10/site-packages/airflow/example_dags/example_bash_operator.py took 0.210 seconds
[2024-01-12T17:13:37.710+0200] {processor.py:161} INFO - Started process (PID=5575) to work on /Library/Frameworks/Python.framework/Versions/3.10/lib/python3.10/site-packages/airflow/example_dags/example_bash_operator.py
[2024-01-12T17:13:37.717+0200] {processor.py:830} INFO - Processing file /Library/Frameworks/Python.framework/Versions/3.10/lib/python3.10/site-packages/airflow/example_dags/example_bash_operator.py for tasks to queue
[2024-01-12T17:13:37.717+0200] {logging_mixin.py:188} INFO - [2024-01-12T17:13:37.717+0200] {dagbag.py:538} INFO - Filling up the DagBag from /Library/Frameworks/Python.framework/Versions/3.10/lib/python3.10/site-packages/airflow/example_dags/example_bash_operator.py
[2024-01-12T17:13:37.787+0200] {processor.py:840} INFO - DAG(s) 'example_bash_operator' retrieved from /Library/Frameworks/Python.framework/Versions/3.10/lib/python3.10/site-packages/airflow/example_dags/example_bash_operator.py
[2024-01-12T17:13:37.917+0200] {logging_mixin.py:188} INFO - [2024-01-12T17:13:37.917+0200] {dag.py:3033} INFO - Sync 1 DAGs
[2024-01-12T17:13:37.937+0200] {logging_mixin.py:188} INFO - [2024-01-12T17:13:37.936+0200] {dag.py:3820} INFO - Setting next_dagrun for example_bash_operator to 2024-01-11T00:00:00+00:00, run_after=2024-01-12T00:00:00+00:00
[2024-01-12T17:13:37.957+0200] {processor.py:183} INFO - Processing /Library/Frameworks/Python.framework/Versions/3.10/lib/python3.10/site-packages/airflow/example_dags/example_bash_operator.py took 0.248 seconds
[2024-01-12T17:18:05.968+0200] {processor.py:161} INFO - Started process (PID=5867) to work on /Library/Frameworks/Python.framework/Versions/3.10/lib/python3.10/site-packages/airflow/example_dags/example_bash_operator.py
[2024-01-12T17:18:05.973+0200] {processor.py:830} INFO - Processing file /Library/Frameworks/Python.framework/Versions/3.10/lib/python3.10/site-packages/airflow/example_dags/example_bash_operator.py for tasks to queue
[2024-01-12T17:18:05.974+0200] {logging_mixin.py:188} INFO - [2024-01-12T17:18:05.974+0200] {dagbag.py:538} INFO - Filling up the DagBag from /Library/Frameworks/Python.framework/Versions/3.10/lib/python3.10/site-packages/airflow/example_dags/example_bash_operator.py
[2024-01-12T17:18:06.036+0200] {processor.py:840} INFO - DAG(s) 'example_bash_operator' retrieved from /Library/Frameworks/Python.framework/Versions/3.10/lib/python3.10/site-packages/airflow/example_dags/example_bash_operator.py
[2024-01-12T17:18:06.162+0200] {logging_mixin.py:188} INFO - [2024-01-12T17:18:06.162+0200] {dag.py:3033} INFO - Sync 1 DAGs
[2024-01-12T17:18:06.180+0200] {logging_mixin.py:188} INFO - [2024-01-12T17:18:06.180+0200] {dag.py:3820} INFO - Setting next_dagrun for example_bash_operator to 2024-01-11T00:00:00+00:00, run_after=2024-01-12T00:00:00+00:00
[2024-01-12T17:18:06.200+0200] {processor.py:183} INFO - Processing /Library/Frameworks/Python.framework/Versions/3.10/lib/python3.10/site-packages/airflow/example_dags/example_bash_operator.py took 0.234 seconds
[2024-01-12T17:22:27.011+0200] {processor.py:161} INFO - Started process (PID=6061) to work on /Library/Frameworks/Python.framework/Versions/3.10/lib/python3.10/site-packages/airflow/example_dags/example_bash_operator.py
[2024-01-12T17:22:27.017+0200] {processor.py:830} INFO - Processing file /Library/Frameworks/Python.framework/Versions/3.10/lib/python3.10/site-packages/airflow/example_dags/example_bash_operator.py for tasks to queue
[2024-01-12T17:22:27.017+0200] {logging_mixin.py:188} INFO - [2024-01-12T17:22:27.017+0200] {dagbag.py:538} INFO - Filling up the DagBag from /Library/Frameworks/Python.framework/Versions/3.10/lib/python3.10/site-packages/airflow/example_dags/example_bash_operator.py
[2024-01-12T17:22:27.073+0200] {processor.py:840} INFO - DAG(s) 'example_bash_operator' retrieved from /Library/Frameworks/Python.framework/Versions/3.10/lib/python3.10/site-packages/airflow/example_dags/example_bash_operator.py
[2024-01-12T17:22:27.179+0200] {logging_mixin.py:188} INFO - [2024-01-12T17:22:27.179+0200] {dag.py:3033} INFO - Sync 1 DAGs
[2024-01-12T17:22:27.195+0200] {logging_mixin.py:188} INFO - [2024-01-12T17:22:27.195+0200] {dag.py:3820} INFO - Setting next_dagrun for example_bash_operator to 2024-01-11T00:00:00+00:00, run_after=2024-01-12T00:00:00+00:00
[2024-01-12T17:22:27.211+0200] {processor.py:183} INFO - Processing /Library/Frameworks/Python.framework/Versions/3.10/lib/python3.10/site-packages/airflow/example_dags/example_bash_operator.py took 0.200 seconds
[2024-01-12T17:26:36.285+0200] {processor.py:161} INFO - Started process (PID=6320) to work on /Library/Frameworks/Python.framework/Versions/3.10/lib/python3.10/site-packages/airflow/example_dags/example_bash_operator.py
[2024-01-12T17:26:36.290+0200] {processor.py:830} INFO - Processing file /Library/Frameworks/Python.framework/Versions/3.10/lib/python3.10/site-packages/airflow/example_dags/example_bash_operator.py for tasks to queue
[2024-01-12T17:26:36.290+0200] {logging_mixin.py:188} INFO - [2024-01-12T17:26:36.290+0200] {dagbag.py:538} INFO - Filling up the DagBag from /Library/Frameworks/Python.framework/Versions/3.10/lib/python3.10/site-packages/airflow/example_dags/example_bash_operator.py
[2024-01-12T17:26:36.345+0200] {processor.py:840} INFO - DAG(s) 'example_bash_operator' retrieved from /Library/Frameworks/Python.framework/Versions/3.10/lib/python3.10/site-packages/airflow/example_dags/example_bash_operator.py
[2024-01-12T17:26:36.449+0200] {logging_mixin.py:188} INFO - [2024-01-12T17:26:36.449+0200] {dag.py:3033} INFO - Sync 1 DAGs
[2024-01-12T17:26:36.464+0200] {logging_mixin.py:188} INFO - [2024-01-12T17:26:36.464+0200] {dag.py:3820} INFO - Setting next_dagrun for example_bash_operator to 2024-01-11T00:00:00+00:00, run_after=2024-01-12T00:00:00+00:00
[2024-01-12T17:26:36.485+0200] {processor.py:183} INFO - Processing /Library/Frameworks/Python.framework/Versions/3.10/lib/python3.10/site-packages/airflow/example_dags/example_bash_operator.py took 0.201 seconds
[2024-01-12T17:30:15.422+0200] {processor.py:161} INFO - Started process (PID=6482) to work on /Library/Frameworks/Python.framework/Versions/3.10/lib/python3.10/site-packages/airflow/example_dags/example_bash_operator.py
[2024-01-12T17:30:15.426+0200] {processor.py:830} INFO - Processing file /Library/Frameworks/Python.framework/Versions/3.10/lib/python3.10/site-packages/airflow/example_dags/example_bash_operator.py for tasks to queue
[2024-01-12T17:30:15.426+0200] {logging_mixin.py:188} INFO - [2024-01-12T17:30:15.426+0200] {dagbag.py:538} INFO - Filling up the DagBag from /Library/Frameworks/Python.framework/Versions/3.10/lib/python3.10/site-packages/airflow/example_dags/example_bash_operator.py
[2024-01-12T17:30:15.482+0200] {processor.py:840} INFO - DAG(s) 'example_bash_operator' retrieved from /Library/Frameworks/Python.framework/Versions/3.10/lib/python3.10/site-packages/airflow/example_dags/example_bash_operator.py
[2024-01-12T17:30:15.586+0200] {logging_mixin.py:188} INFO - [2024-01-12T17:30:15.586+0200] {dag.py:3033} INFO - Sync 1 DAGs
[2024-01-12T17:30:15.601+0200] {logging_mixin.py:188} INFO - [2024-01-12T17:30:15.601+0200] {dag.py:3820} INFO - Setting next_dagrun for example_bash_operator to 2024-01-11T00:00:00+00:00, run_after=2024-01-12T00:00:00+00:00
[2024-01-12T17:30:15.617+0200] {processor.py:183} INFO - Processing /Library/Frameworks/Python.framework/Versions/3.10/lib/python3.10/site-packages/airflow/example_dags/example_bash_operator.py took 0.196 seconds
[2024-01-12T17:33:52.194+0200] {processor.py:161} INFO - Started process (PID=6762) to work on /Library/Frameworks/Python.framework/Versions/3.10/lib/python3.10/site-packages/airflow/example_dags/example_bash_operator.py
[2024-01-12T17:33:52.199+0200] {processor.py:830} INFO - Processing file /Library/Frameworks/Python.framework/Versions/3.10/lib/python3.10/site-packages/airflow/example_dags/example_bash_operator.py for tasks to queue
[2024-01-12T17:33:52.200+0200] {logging_mixin.py:188} INFO - [2024-01-12T17:33:52.200+0200] {dagbag.py:538} INFO - Filling up the DagBag from /Library/Frameworks/Python.framework/Versions/3.10/lib/python3.10/site-packages/airflow/example_dags/example_bash_operator.py
[2024-01-12T17:33:52.257+0200] {processor.py:840} INFO - DAG(s) 'example_bash_operator' retrieved from /Library/Frameworks/Python.framework/Versions/3.10/lib/python3.10/site-packages/airflow/example_dags/example_bash_operator.py
[2024-01-12T17:33:52.361+0200] {logging_mixin.py:188} INFO - [2024-01-12T17:33:52.361+0200] {dag.py:3033} INFO - Sync 1 DAGs
[2024-01-12T17:33:52.376+0200] {logging_mixin.py:188} INFO - [2024-01-12T17:33:52.376+0200] {dag.py:3820} INFO - Setting next_dagrun for example_bash_operator to 2024-01-11T00:00:00+00:00, run_after=2024-01-12T00:00:00+00:00
[2024-01-12T17:33:52.392+0200] {processor.py:183} INFO - Processing /Library/Frameworks/Python.framework/Versions/3.10/lib/python3.10/site-packages/airflow/example_dags/example_bash_operator.py took 0.199 seconds
[2024-01-12T17:38:20.719+0200] {processor.py:161} INFO - Started process (PID=7074) to work on /Library/Frameworks/Python.framework/Versions/3.10/lib/python3.10/site-packages/airflow/example_dags/example_bash_operator.py
[2024-01-12T17:38:20.728+0200] {processor.py:830} INFO - Processing file /Library/Frameworks/Python.framework/Versions/3.10/lib/python3.10/site-packages/airflow/example_dags/example_bash_operator.py for tasks to queue
[2024-01-12T17:38:20.728+0200] {logging_mixin.py:188} INFO - [2024-01-12T17:38:20.728+0200] {dagbag.py:538} INFO - Filling up the DagBag from /Library/Frameworks/Python.framework/Versions/3.10/lib/python3.10/site-packages/airflow/example_dags/example_bash_operator.py
[2024-01-12T17:38:20.813+0200] {processor.py:840} INFO - DAG(s) 'example_bash_operator' retrieved from /Library/Frameworks/Python.framework/Versions/3.10/lib/python3.10/site-packages/airflow/example_dags/example_bash_operator.py
[2024-01-12T17:38:20.994+0200] {logging_mixin.py:188} INFO - [2024-01-12T17:38:20.994+0200] {dag.py:3033} INFO - Sync 1 DAGs
[2024-01-12T17:38:21.022+0200] {logging_mixin.py:188} INFO - [2024-01-12T17:38:21.021+0200] {dag.py:3820} INFO - Setting next_dagrun for example_bash_operator to 2024-01-11T00:00:00+00:00, run_after=2024-01-12T00:00:00+00:00
[2024-01-12T17:38:21.048+0200] {processor.py:183} INFO - Processing /Library/Frameworks/Python.framework/Versions/3.10/lib/python3.10/site-packages/airflow/example_dags/example_bash_operator.py took 0.330 seconds
[2024-01-12T17:43:04.620+0200] {processor.py:161} INFO - Started process (PID=7304) to work on /Library/Frameworks/Python.framework/Versions/3.10/lib/python3.10/site-packages/airflow/example_dags/example_bash_operator.py
[2024-01-12T17:43:04.625+0200] {processor.py:830} INFO - Processing file /Library/Frameworks/Python.framework/Versions/3.10/lib/python3.10/site-packages/airflow/example_dags/example_bash_operator.py for tasks to queue
[2024-01-12T17:43:04.625+0200] {logging_mixin.py:188} INFO - [2024-01-12T17:43:04.625+0200] {dagbag.py:538} INFO - Filling up the DagBag from /Library/Frameworks/Python.framework/Versions/3.10/lib/python3.10/site-packages/airflow/example_dags/example_bash_operator.py
[2024-01-12T17:43:04.694+0200] {processor.py:840} INFO - DAG(s) 'example_bash_operator' retrieved from /Library/Frameworks/Python.framework/Versions/3.10/lib/python3.10/site-packages/airflow/example_dags/example_bash_operator.py
[2024-01-12T17:43:04.815+0200] {logging_mixin.py:188} INFO - [2024-01-12T17:43:04.815+0200] {dag.py:3033} INFO - Sync 1 DAGs
[2024-01-12T17:43:04.833+0200] {logging_mixin.py:188} INFO - [2024-01-12T17:43:04.832+0200] {dag.py:3820} INFO - Setting next_dagrun for example_bash_operator to 2024-01-11T00:00:00+00:00, run_after=2024-01-12T00:00:00+00:00
[2024-01-12T17:43:04.851+0200] {processor.py:183} INFO - Processing /Library/Frameworks/Python.framework/Versions/3.10/lib/python3.10/site-packages/airflow/example_dags/example_bash_operator.py took 0.232 seconds
[2024-01-12T17:48:38.934+0200] {processor.py:161} INFO - Started process (PID=7753) to work on /Library/Frameworks/Python.framework/Versions/3.10/lib/python3.10/site-packages/airflow/example_dags/example_bash_operator.py
[2024-01-12T17:48:38.938+0200] {processor.py:830} INFO - Processing file /Library/Frameworks/Python.framework/Versions/3.10/lib/python3.10/site-packages/airflow/example_dags/example_bash_operator.py for tasks to queue
[2024-01-12T17:48:38.939+0200] {logging_mixin.py:188} INFO - [2024-01-12T17:48:38.939+0200] {dagbag.py:538} INFO - Filling up the DagBag from /Library/Frameworks/Python.framework/Versions/3.10/lib/python3.10/site-packages/airflow/example_dags/example_bash_operator.py
[2024-01-12T17:48:38.997+0200] {processor.py:840} INFO - DAG(s) 'example_bash_operator' retrieved from /Library/Frameworks/Python.framework/Versions/3.10/lib/python3.10/site-packages/airflow/example_dags/example_bash_operator.py
[2024-01-12T17:48:39.101+0200] {logging_mixin.py:188} INFO - [2024-01-12T17:48:39.101+0200] {dag.py:3033} INFO - Sync 1 DAGs
[2024-01-12T17:48:39.116+0200] {logging_mixin.py:188} INFO - [2024-01-12T17:48:39.116+0200] {dag.py:3820} INFO - Setting next_dagrun for example_bash_operator to 2024-01-11T00:00:00+00:00, run_after=2024-01-12T00:00:00+00:00
[2024-01-12T17:48:39.133+0200] {processor.py:183} INFO - Processing /Library/Frameworks/Python.framework/Versions/3.10/lib/python3.10/site-packages/airflow/example_dags/example_bash_operator.py took 0.201 seconds
[2024-01-12T17:52:27.958+0200] {processor.py:161} INFO - Started process (PID=7911) to work on /Library/Frameworks/Python.framework/Versions/3.10/lib/python3.10/site-packages/airflow/example_dags/example_bash_operator.py
[2024-01-12T17:52:27.962+0200] {processor.py:830} INFO - Processing file /Library/Frameworks/Python.framework/Versions/3.10/lib/python3.10/site-packages/airflow/example_dags/example_bash_operator.py for tasks to queue
[2024-01-12T17:52:27.962+0200] {logging_mixin.py:188} INFO - [2024-01-12T17:52:27.962+0200] {dagbag.py:538} INFO - Filling up the DagBag from /Library/Frameworks/Python.framework/Versions/3.10/lib/python3.10/site-packages/airflow/example_dags/example_bash_operator.py
[2024-01-12T17:52:28.016+0200] {processor.py:840} INFO - DAG(s) 'example_bash_operator' retrieved from /Library/Frameworks/Python.framework/Versions/3.10/lib/python3.10/site-packages/airflow/example_dags/example_bash_operator.py
[2024-01-12T17:52:28.117+0200] {logging_mixin.py:188} INFO - [2024-01-12T17:52:28.116+0200] {dag.py:3033} INFO - Sync 1 DAGs
[2024-01-12T17:52:28.131+0200] {logging_mixin.py:188} INFO - [2024-01-12T17:52:28.131+0200] {dag.py:3820} INFO - Setting next_dagrun for example_bash_operator to 2024-01-11T00:00:00+00:00, run_after=2024-01-12T00:00:00+00:00
[2024-01-12T17:52:28.148+0200] {processor.py:183} INFO - Processing /Library/Frameworks/Python.framework/Versions/3.10/lib/python3.10/site-packages/airflow/example_dags/example_bash_operator.py took 0.191 seconds
[2024-01-12T17:56:19.574+0200] {processor.py:161} INFO - Started process (PID=8186) to work on /Library/Frameworks/Python.framework/Versions/3.10/lib/python3.10/site-packages/airflow/example_dags/example_bash_operator.py
[2024-01-12T17:56:19.579+0200] {processor.py:830} INFO - Processing file /Library/Frameworks/Python.framework/Versions/3.10/lib/python3.10/site-packages/airflow/example_dags/example_bash_operator.py for tasks to queue
[2024-01-12T17:56:19.579+0200] {logging_mixin.py:188} INFO - [2024-01-12T17:56:19.579+0200] {dagbag.py:538} INFO - Filling up the DagBag from /Library/Frameworks/Python.framework/Versions/3.10/lib/python3.10/site-packages/airflow/example_dags/example_bash_operator.py
[2024-01-12T17:56:19.638+0200] {processor.py:840} INFO - DAG(s) 'example_bash_operator' retrieved from /Library/Frameworks/Python.framework/Versions/3.10/lib/python3.10/site-packages/airflow/example_dags/example_bash_operator.py
[2024-01-12T17:56:19.751+0200] {logging_mixin.py:188} INFO - [2024-01-12T17:56:19.751+0200] {dag.py:3033} INFO - Sync 1 DAGs
[2024-01-12T17:56:19.767+0200] {logging_mixin.py:188} INFO - [2024-01-12T17:56:19.767+0200] {dag.py:3820} INFO - Setting next_dagrun for example_bash_operator to 2024-01-11T00:00:00+00:00, run_after=2024-01-12T00:00:00+00:00
[2024-01-12T17:56:19.785+0200] {processor.py:183} INFO - Processing /Library/Frameworks/Python.framework/Versions/3.10/lib/python3.10/site-packages/airflow/example_dags/example_bash_operator.py took 0.213 seconds
[2024-01-12T18:00:07.594+0200] {processor.py:161} INFO - Started process (PID=8438) to work on /Library/Frameworks/Python.framework/Versions/3.10/lib/python3.10/site-packages/airflow/example_dags/example_bash_operator.py
[2024-01-12T18:00:07.598+0200] {processor.py:830} INFO - Processing file /Library/Frameworks/Python.framework/Versions/3.10/lib/python3.10/site-packages/airflow/example_dags/example_bash_operator.py for tasks to queue
[2024-01-12T18:00:07.599+0200] {logging_mixin.py:188} INFO - [2024-01-12T18:00:07.599+0200] {dagbag.py:538} INFO - Filling up the DagBag from /Library/Frameworks/Python.framework/Versions/3.10/lib/python3.10/site-packages/airflow/example_dags/example_bash_operator.py
[2024-01-12T18:00:07.657+0200] {processor.py:840} INFO - DAG(s) 'example_bash_operator' retrieved from /Library/Frameworks/Python.framework/Versions/3.10/lib/python3.10/site-packages/airflow/example_dags/example_bash_operator.py
[2024-01-12T18:00:07.762+0200] {logging_mixin.py:188} INFO - [2024-01-12T18:00:07.762+0200] {dag.py:3033} INFO - Sync 1 DAGs
[2024-01-12T18:00:07.777+0200] {logging_mixin.py:188} INFO - [2024-01-12T18:00:07.777+0200] {dag.py:3820} INFO - Setting next_dagrun for example_bash_operator to 2024-01-11T00:00:00+00:00, run_after=2024-01-12T00:00:00+00:00
[2024-01-12T18:00:07.794+0200] {processor.py:183} INFO - Processing /Library/Frameworks/Python.framework/Versions/3.10/lib/python3.10/site-packages/airflow/example_dags/example_bash_operator.py took 0.201 seconds
[2024-01-12T18:03:54.602+0200] {processor.py:161} INFO - Started process (PID=8588) to work on /Library/Frameworks/Python.framework/Versions/3.10/lib/python3.10/site-packages/airflow/example_dags/example_bash_operator.py
[2024-01-12T18:03:54.606+0200] {processor.py:830} INFO - Processing file /Library/Frameworks/Python.framework/Versions/3.10/lib/python3.10/site-packages/airflow/example_dags/example_bash_operator.py for tasks to queue
[2024-01-12T18:03:54.607+0200] {logging_mixin.py:188} INFO - [2024-01-12T18:03:54.607+0200] {dagbag.py:538} INFO - Filling up the DagBag from /Library/Frameworks/Python.framework/Versions/3.10/lib/python3.10/site-packages/airflow/example_dags/example_bash_operator.py
[2024-01-12T18:03:54.663+0200] {processor.py:840} INFO - DAG(s) 'example_bash_operator' retrieved from /Library/Frameworks/Python.framework/Versions/3.10/lib/python3.10/site-packages/airflow/example_dags/example_bash_operator.py
[2024-01-12T18:03:54.767+0200] {logging_mixin.py:188} INFO - [2024-01-12T18:03:54.767+0200] {dag.py:3033} INFO - Sync 1 DAGs
[2024-01-12T18:03:54.783+0200] {logging_mixin.py:188} INFO - [2024-01-12T18:03:54.782+0200] {dag.py:3820} INFO - Setting next_dagrun for example_bash_operator to 2024-01-11T00:00:00+00:00, run_after=2024-01-12T00:00:00+00:00
[2024-01-12T18:03:54.799+0200] {processor.py:183} INFO - Processing /Library/Frameworks/Python.framework/Versions/3.10/lib/python3.10/site-packages/airflow/example_dags/example_bash_operator.py took 0.199 seconds
[2024-01-12T18:08:17.906+0200] {processor.py:161} INFO - Started process (PID=8803) to work on /Library/Frameworks/Python.framework/Versions/3.10/lib/python3.10/site-packages/airflow/example_dags/example_bash_operator.py
[2024-01-12T18:08:17.911+0200] {processor.py:830} INFO - Processing file /Library/Frameworks/Python.framework/Versions/3.10/lib/python3.10/site-packages/airflow/example_dags/example_bash_operator.py for tasks to queue
[2024-01-12T18:08:17.912+0200] {logging_mixin.py:188} INFO - [2024-01-12T18:08:17.912+0200] {dagbag.py:538} INFO - Filling up the DagBag from /Library/Frameworks/Python.framework/Versions/3.10/lib/python3.10/site-packages/airflow/example_dags/example_bash_operator.py
[2024-01-12T18:08:17.971+0200] {processor.py:840} INFO - DAG(s) 'example_bash_operator' retrieved from /Library/Frameworks/Python.framework/Versions/3.10/lib/python3.10/site-packages/airflow/example_dags/example_bash_operator.py
[2024-01-12T18:08:18.075+0200] {logging_mixin.py:188} INFO - [2024-01-12T18:08:18.075+0200] {dag.py:3033} INFO - Sync 1 DAGs
[2024-01-12T18:08:18.090+0200] {logging_mixin.py:188} INFO - [2024-01-12T18:08:18.090+0200] {dag.py:3820} INFO - Setting next_dagrun for example_bash_operator to 2024-01-11T00:00:00+00:00, run_after=2024-01-12T00:00:00+00:00
[2024-01-12T18:08:18.107+0200] {processor.py:183} INFO - Processing /Library/Frameworks/Python.framework/Versions/3.10/lib/python3.10/site-packages/airflow/example_dags/example_bash_operator.py took 0.202 seconds
[2024-01-12T18:12:49.872+0200] {processor.py:161} INFO - Started process (PID=9083) to work on /Library/Frameworks/Python.framework/Versions/3.10/lib/python3.10/site-packages/airflow/example_dags/example_bash_operator.py
[2024-01-12T18:12:49.877+0200] {processor.py:830} INFO - Processing file /Library/Frameworks/Python.framework/Versions/3.10/lib/python3.10/site-packages/airflow/example_dags/example_bash_operator.py for tasks to queue
[2024-01-12T18:12:49.877+0200] {logging_mixin.py:188} INFO - [2024-01-12T18:12:49.877+0200] {dagbag.py:538} INFO - Filling up the DagBag from /Library/Frameworks/Python.framework/Versions/3.10/lib/python3.10/site-packages/airflow/example_dags/example_bash_operator.py
[2024-01-12T18:12:49.937+0200] {processor.py:840} INFO - DAG(s) 'example_bash_operator' retrieved from /Library/Frameworks/Python.framework/Versions/3.10/lib/python3.10/site-packages/airflow/example_dags/example_bash_operator.py
[2024-01-12T18:12:50.043+0200] {logging_mixin.py:188} INFO - [2024-01-12T18:12:50.043+0200] {dag.py:3033} INFO - Sync 1 DAGs
[2024-01-12T18:12:50.059+0200] {logging_mixin.py:188} INFO - [2024-01-12T18:12:50.058+0200] {dag.py:3820} INFO - Setting next_dagrun for example_bash_operator to 2024-01-11T00:00:00+00:00, run_after=2024-01-12T00:00:00+00:00
[2024-01-12T18:12:50.079+0200] {processor.py:183} INFO - Processing /Library/Frameworks/Python.framework/Versions/3.10/lib/python3.10/site-packages/airflow/example_dags/example_bash_operator.py took 0.208 seconds
[2024-01-12T18:17:02.244+0200] {processor.py:161} INFO - Started process (PID=9355) to work on /Library/Frameworks/Python.framework/Versions/3.10/lib/python3.10/site-packages/airflow/example_dags/example_bash_operator.py
[2024-01-12T18:17:02.248+0200] {processor.py:830} INFO - Processing file /Library/Frameworks/Python.framework/Versions/3.10/lib/python3.10/site-packages/airflow/example_dags/example_bash_operator.py for tasks to queue
[2024-01-12T18:17:02.249+0200] {logging_mixin.py:188} INFO - [2024-01-12T18:17:02.249+0200] {dagbag.py:538} INFO - Filling up the DagBag from /Library/Frameworks/Python.framework/Versions/3.10/lib/python3.10/site-packages/airflow/example_dags/example_bash_operator.py
[2024-01-12T18:17:02.304+0200] {processor.py:840} INFO - DAG(s) 'example_bash_operator' retrieved from /Library/Frameworks/Python.framework/Versions/3.10/lib/python3.10/site-packages/airflow/example_dags/example_bash_operator.py
[2024-01-12T18:17:02.407+0200] {logging_mixin.py:188} INFO - [2024-01-12T18:17:02.407+0200] {dag.py:3033} INFO - Sync 1 DAGs
[2024-01-12T18:17:02.422+0200] {logging_mixin.py:188} INFO - [2024-01-12T18:17:02.422+0200] {dag.py:3820} INFO - Setting next_dagrun for example_bash_operator to 2024-01-11T00:00:00+00:00, run_after=2024-01-12T00:00:00+00:00
[2024-01-12T18:17:02.439+0200] {processor.py:183} INFO - Processing /Library/Frameworks/Python.framework/Versions/3.10/lib/python3.10/site-packages/airflow/example_dags/example_bash_operator.py took 0.196 seconds
[2024-01-12T18:20:50.729+0200] {processor.py:161} INFO - Started process (PID=9511) to work on /Library/Frameworks/Python.framework/Versions/3.10/lib/python3.10/site-packages/airflow/example_dags/example_bash_operator.py
[2024-01-12T18:20:50.733+0200] {processor.py:830} INFO - Processing file /Library/Frameworks/Python.framework/Versions/3.10/lib/python3.10/site-packages/airflow/example_dags/example_bash_operator.py for tasks to queue
[2024-01-12T18:20:50.734+0200] {logging_mixin.py:188} INFO - [2024-01-12T18:20:50.734+0200] {dagbag.py:538} INFO - Filling up the DagBag from /Library/Frameworks/Python.framework/Versions/3.10/lib/python3.10/site-packages/airflow/example_dags/example_bash_operator.py
[2024-01-12T18:20:50.795+0200] {processor.py:840} INFO - DAG(s) 'example_bash_operator' retrieved from /Library/Frameworks/Python.framework/Versions/3.10/lib/python3.10/site-packages/airflow/example_dags/example_bash_operator.py
[2024-01-12T18:20:50.905+0200] {logging_mixin.py:188} INFO - [2024-01-12T18:20:50.904+0200] {dag.py:3033} INFO - Sync 1 DAGs
[2024-01-12T18:20:50.919+0200] {logging_mixin.py:188} INFO - [2024-01-12T18:20:50.919+0200] {dag.py:3820} INFO - Setting next_dagrun for example_bash_operator to 2024-01-11T00:00:00+00:00, run_after=2024-01-12T00:00:00+00:00
[2024-01-12T18:20:50.935+0200] {processor.py:183} INFO - Processing /Library/Frameworks/Python.framework/Versions/3.10/lib/python3.10/site-packages/airflow/example_dags/example_bash_operator.py took 0.209 seconds
[2024-01-12T18:24:42.894+0200] {processor.py:161} INFO - Started process (PID=9771) to work on /Library/Frameworks/Python.framework/Versions/3.10/lib/python3.10/site-packages/airflow/example_dags/example_bash_operator.py
[2024-01-12T18:24:42.915+0200] {processor.py:830} INFO - Processing file /Library/Frameworks/Python.framework/Versions/3.10/lib/python3.10/site-packages/airflow/example_dags/example_bash_operator.py for tasks to queue
[2024-01-12T18:24:42.915+0200] {logging_mixin.py:188} INFO - [2024-01-12T18:24:42.915+0200] {dagbag.py:538} INFO - Filling up the DagBag from /Library/Frameworks/Python.framework/Versions/3.10/lib/python3.10/site-packages/airflow/example_dags/example_bash_operator.py
[2024-01-12T18:24:42.992+0200] {processor.py:840} INFO - DAG(s) 'example_bash_operator' retrieved from /Library/Frameworks/Python.framework/Versions/3.10/lib/python3.10/site-packages/airflow/example_dags/example_bash_operator.py
[2024-01-12T18:24:43.100+0200] {logging_mixin.py:188} INFO - [2024-01-12T18:24:43.100+0200] {dag.py:3033} INFO - Sync 1 DAGs
[2024-01-12T18:24:43.115+0200] {logging_mixin.py:188} INFO - [2024-01-12T18:24:43.115+0200] {dag.py:3820} INFO - Setting next_dagrun for example_bash_operator to 2024-01-11T00:00:00+00:00, run_after=2024-01-12T00:00:00+00:00
[2024-01-12T18:24:43.133+0200] {processor.py:183} INFO - Processing /Library/Frameworks/Python.framework/Versions/3.10/lib/python3.10/site-packages/airflow/example_dags/example_bash_operator.py took 0.240 seconds
[2024-01-12T18:28:35.106+0200] {processor.py:161} INFO - Started process (PID=9947) to work on /Library/Frameworks/Python.framework/Versions/3.10/lib/python3.10/site-packages/airflow/example_dags/example_bash_operator.py
[2024-01-12T18:28:35.110+0200] {processor.py:830} INFO - Processing file /Library/Frameworks/Python.framework/Versions/3.10/lib/python3.10/site-packages/airflow/example_dags/example_bash_operator.py for tasks to queue
[2024-01-12T18:28:35.111+0200] {logging_mixin.py:188} INFO - [2024-01-12T18:28:35.111+0200] {dagbag.py:538} INFO - Filling up the DagBag from /Library/Frameworks/Python.framework/Versions/3.10/lib/python3.10/site-packages/airflow/example_dags/example_bash_operator.py
[2024-01-12T18:28:35.166+0200] {processor.py:840} INFO - DAG(s) 'example_bash_operator' retrieved from /Library/Frameworks/Python.framework/Versions/3.10/lib/python3.10/site-packages/airflow/example_dags/example_bash_operator.py
[2024-01-12T18:28:35.266+0200] {logging_mixin.py:188} INFO - [2024-01-12T18:28:35.265+0200] {dag.py:3033} INFO - Sync 1 DAGs
[2024-01-12T18:28:35.281+0200] {logging_mixin.py:188} INFO - [2024-01-12T18:28:35.281+0200] {dag.py:3820} INFO - Setting next_dagrun for example_bash_operator to 2024-01-11T00:00:00+00:00, run_after=2024-01-12T00:00:00+00:00
[2024-01-12T18:28:35.297+0200] {processor.py:183} INFO - Processing /Library/Frameworks/Python.framework/Versions/3.10/lib/python3.10/site-packages/airflow/example_dags/example_bash_operator.py took 0.193 seconds
[2024-01-12T18:32:25.738+0200] {processor.py:161} INFO - Started process (PID=10287) to work on /Library/Frameworks/Python.framework/Versions/3.10/lib/python3.10/site-packages/airflow/example_dags/example_bash_operator.py
[2024-01-12T18:32:25.744+0200] {processor.py:830} INFO - Processing file /Library/Frameworks/Python.framework/Versions/3.10/lib/python3.10/site-packages/airflow/example_dags/example_bash_operator.py for tasks to queue
[2024-01-12T18:32:25.745+0200] {logging_mixin.py:188} INFO - [2024-01-12T18:32:25.745+0200] {dagbag.py:538} INFO - Filling up the DagBag from /Library/Frameworks/Python.framework/Versions/3.10/lib/python3.10/site-packages/airflow/example_dags/example_bash_operator.py
[2024-01-12T18:32:25.811+0200] {processor.py:840} INFO - DAG(s) 'example_bash_operator' retrieved from /Library/Frameworks/Python.framework/Versions/3.10/lib/python3.10/site-packages/airflow/example_dags/example_bash_operator.py
[2024-01-12T18:32:25.916+0200] {logging_mixin.py:188} INFO - [2024-01-12T18:32:25.915+0200] {dag.py:3033} INFO - Sync 1 DAGs
[2024-01-12T18:32:25.932+0200] {logging_mixin.py:188} INFO - [2024-01-12T18:32:25.932+0200] {dag.py:3820} INFO - Setting next_dagrun for example_bash_operator to 2024-01-11T00:00:00+00:00, run_after=2024-01-12T00:00:00+00:00
[2024-01-12T18:32:25.948+0200] {processor.py:183} INFO - Processing /Library/Frameworks/Python.framework/Versions/3.10/lib/python3.10/site-packages/airflow/example_dags/example_bash_operator.py took 0.211 seconds
[2024-01-12T18:36:13.762+0200] {processor.py:161} INFO - Started process (PID=10532) to work on /Library/Frameworks/Python.framework/Versions/3.10/lib/python3.10/site-packages/airflow/example_dags/example_bash_operator.py
[2024-01-12T18:36:13.766+0200] {processor.py:830} INFO - Processing file /Library/Frameworks/Python.framework/Versions/3.10/lib/python3.10/site-packages/airflow/example_dags/example_bash_operator.py for tasks to queue
[2024-01-12T18:36:13.767+0200] {logging_mixin.py:188} INFO - [2024-01-12T18:36:13.767+0200] {dagbag.py:538} INFO - Filling up the DagBag from /Library/Frameworks/Python.framework/Versions/3.10/lib/python3.10/site-packages/airflow/example_dags/example_bash_operator.py
[2024-01-12T18:36:13.820+0200] {processor.py:840} INFO - DAG(s) 'example_bash_operator' retrieved from /Library/Frameworks/Python.framework/Versions/3.10/lib/python3.10/site-packages/airflow/example_dags/example_bash_operator.py
[2024-01-12T18:36:13.925+0200] {logging_mixin.py:188} INFO - [2024-01-12T18:36:13.924+0200] {dag.py:3033} INFO - Sync 1 DAGs
[2024-01-12T18:36:13.940+0200] {logging_mixin.py:188} INFO - [2024-01-12T18:36:13.940+0200] {dag.py:3820} INFO - Setting next_dagrun for example_bash_operator to 2024-01-11T00:00:00+00:00, run_after=2024-01-12T00:00:00+00:00
[2024-01-12T18:36:13.957+0200] {processor.py:183} INFO - Processing /Library/Frameworks/Python.framework/Versions/3.10/lib/python3.10/site-packages/airflow/example_dags/example_bash_operator.py took 0.197 seconds
[2024-01-12T18:39:58.202+0200] {processor.py:161} INFO - Started process (PID=10843) to work on /Library/Frameworks/Python.framework/Versions/3.10/lib/python3.10/site-packages/airflow/example_dags/example_bash_operator.py
[2024-01-12T18:39:58.206+0200] {processor.py:830} INFO - Processing file /Library/Frameworks/Python.framework/Versions/3.10/lib/python3.10/site-packages/airflow/example_dags/example_bash_operator.py for tasks to queue
[2024-01-12T18:39:58.207+0200] {logging_mixin.py:188} INFO - [2024-01-12T18:39:58.207+0200] {dagbag.py:538} INFO - Filling up the DagBag from /Library/Frameworks/Python.framework/Versions/3.10/lib/python3.10/site-packages/airflow/example_dags/example_bash_operator.py
[2024-01-12T18:39:58.262+0200] {processor.py:840} INFO - DAG(s) 'example_bash_operator' retrieved from /Library/Frameworks/Python.framework/Versions/3.10/lib/python3.10/site-packages/airflow/example_dags/example_bash_operator.py
[2024-01-12T18:39:58.361+0200] {logging_mixin.py:188} INFO - [2024-01-12T18:39:58.361+0200] {dag.py:3033} INFO - Sync 1 DAGs
[2024-01-12T18:39:58.376+0200] {logging_mixin.py:188} INFO - [2024-01-12T18:39:58.376+0200] {dag.py:3820} INFO - Setting next_dagrun for example_bash_operator to 2024-01-11T00:00:00+00:00, run_after=2024-01-12T00:00:00+00:00
[2024-01-12T18:39:58.394+0200] {processor.py:183} INFO - Processing /Library/Frameworks/Python.framework/Versions/3.10/lib/python3.10/site-packages/airflow/example_dags/example_bash_operator.py took 0.193 seconds
[2024-01-12T18:43:44.660+0200] {processor.py:161} INFO - Started process (PID=11038) to work on /Library/Frameworks/Python.framework/Versions/3.10/lib/python3.10/site-packages/airflow/example_dags/example_bash_operator.py
[2024-01-12T18:43:44.664+0200] {processor.py:830} INFO - Processing file /Library/Frameworks/Python.framework/Versions/3.10/lib/python3.10/site-packages/airflow/example_dags/example_bash_operator.py for tasks to queue
[2024-01-12T18:43:44.665+0200] {logging_mixin.py:188} INFO - [2024-01-12T18:43:44.665+0200] {dagbag.py:538} INFO - Filling up the DagBag from /Library/Frameworks/Python.framework/Versions/3.10/lib/python3.10/site-packages/airflow/example_dags/example_bash_operator.py
[2024-01-12T18:43:44.720+0200] {processor.py:840} INFO - DAG(s) 'example_bash_operator' retrieved from /Library/Frameworks/Python.framework/Versions/3.10/lib/python3.10/site-packages/airflow/example_dags/example_bash_operator.py
[2024-01-12T18:43:44.825+0200] {logging_mixin.py:188} INFO - [2024-01-12T18:43:44.825+0200] {dag.py:3033} INFO - Sync 1 DAGs
[2024-01-12T18:43:44.840+0200] {logging_mixin.py:188} INFO - [2024-01-12T18:43:44.840+0200] {dag.py:3820} INFO - Setting next_dagrun for example_bash_operator to 2024-01-11T00:00:00+00:00, run_after=2024-01-12T00:00:00+00:00
[2024-01-12T18:43:44.856+0200] {processor.py:183} INFO - Processing /Library/Frameworks/Python.framework/Versions/3.10/lib/python3.10/site-packages/airflow/example_dags/example_bash_operator.py took 0.198 seconds
[2024-01-12T18:47:37.611+0200] {processor.py:161} INFO - Started process (PID=11350) to work on /Library/Frameworks/Python.framework/Versions/3.10/lib/python3.10/site-packages/airflow/example_dags/example_bash_operator.py
[2024-01-12T18:47:37.616+0200] {processor.py:830} INFO - Processing file /Library/Frameworks/Python.framework/Versions/3.10/lib/python3.10/site-packages/airflow/example_dags/example_bash_operator.py for tasks to queue
[2024-01-12T18:47:37.616+0200] {logging_mixin.py:188} INFO - [2024-01-12T18:47:37.616+0200] {dagbag.py:538} INFO - Filling up the DagBag from /Library/Frameworks/Python.framework/Versions/3.10/lib/python3.10/site-packages/airflow/example_dags/example_bash_operator.py
[2024-01-12T18:47:37.670+0200] {processor.py:840} INFO - DAG(s) 'example_bash_operator' retrieved from /Library/Frameworks/Python.framework/Versions/3.10/lib/python3.10/site-packages/airflow/example_dags/example_bash_operator.py
[2024-01-12T18:47:37.770+0200] {logging_mixin.py:188} INFO - [2024-01-12T18:47:37.770+0200] {dag.py:3033} INFO - Sync 1 DAGs
[2024-01-12T18:47:37.785+0200] {logging_mixin.py:188} INFO - [2024-01-12T18:47:37.785+0200] {dag.py:3820} INFO - Setting next_dagrun for example_bash_operator to 2024-01-11T00:00:00+00:00, run_after=2024-01-12T00:00:00+00:00
[2024-01-12T18:47:37.804+0200] {processor.py:183} INFO - Processing /Library/Frameworks/Python.framework/Versions/3.10/lib/python3.10/site-packages/airflow/example_dags/example_bash_operator.py took 0.194 seconds
[2024-01-12T18:51:23.624+0200] {processor.py:161} INFO - Started process (PID=11560) to work on /Library/Frameworks/Python.framework/Versions/3.10/lib/python3.10/site-packages/airflow/example_dags/example_bash_operator.py
[2024-01-12T18:51:23.629+0200] {processor.py:830} INFO - Processing file /Library/Frameworks/Python.framework/Versions/3.10/lib/python3.10/site-packages/airflow/example_dags/example_bash_operator.py for tasks to queue
[2024-01-12T18:51:23.630+0200] {logging_mixin.py:188} INFO - [2024-01-12T18:51:23.630+0200] {dagbag.py:538} INFO - Filling up the DagBag from /Library/Frameworks/Python.framework/Versions/3.10/lib/python3.10/site-packages/airflow/example_dags/example_bash_operator.py
[2024-01-12T18:51:23.687+0200] {processor.py:840} INFO - DAG(s) 'example_bash_operator' retrieved from /Library/Frameworks/Python.framework/Versions/3.10/lib/python3.10/site-packages/airflow/example_dags/example_bash_operator.py
[2024-01-12T18:51:23.789+0200] {logging_mixin.py:188} INFO - [2024-01-12T18:51:23.788+0200] {dag.py:3033} INFO - Sync 1 DAGs
[2024-01-12T18:51:23.803+0200] {logging_mixin.py:188} INFO - [2024-01-12T18:51:23.803+0200] {dag.py:3820} INFO - Setting next_dagrun for example_bash_operator to 2024-01-11T00:00:00+00:00, run_after=2024-01-12T00:00:00+00:00
[2024-01-12T18:51:23.820+0200] {processor.py:183} INFO - Processing /Library/Frameworks/Python.framework/Versions/3.10/lib/python3.10/site-packages/airflow/example_dags/example_bash_operator.py took 0.197 seconds
[2024-01-12T18:55:08.783+0200] {processor.py:161} INFO - Started process (PID=11802) to work on /Library/Frameworks/Python.framework/Versions/3.10/lib/python3.10/site-packages/airflow/example_dags/example_bash_operator.py
[2024-01-12T18:55:08.787+0200] {processor.py:830} INFO - Processing file /Library/Frameworks/Python.framework/Versions/3.10/lib/python3.10/site-packages/airflow/example_dags/example_bash_operator.py for tasks to queue
[2024-01-12T18:55:08.787+0200] {logging_mixin.py:188} INFO - [2024-01-12T18:55:08.787+0200] {dagbag.py:538} INFO - Filling up the DagBag from /Library/Frameworks/Python.framework/Versions/3.10/lib/python3.10/site-packages/airflow/example_dags/example_bash_operator.py
[2024-01-12T18:55:08.843+0200] {processor.py:840} INFO - DAG(s) 'example_bash_operator' retrieved from /Library/Frameworks/Python.framework/Versions/3.10/lib/python3.10/site-packages/airflow/example_dags/example_bash_operator.py
[2024-01-12T18:55:08.954+0200] {logging_mixin.py:188} INFO - [2024-01-12T18:55:08.954+0200] {dag.py:3033} INFO - Sync 1 DAGs
[2024-01-12T18:55:08.970+0200] {logging_mixin.py:188} INFO - [2024-01-12T18:55:08.969+0200] {dag.py:3820} INFO - Setting next_dagrun for example_bash_operator to 2024-01-11T00:00:00+00:00, run_after=2024-01-12T00:00:00+00:00
[2024-01-12T18:55:08.987+0200] {processor.py:183} INFO - Processing /Library/Frameworks/Python.framework/Versions/3.10/lib/python3.10/site-packages/airflow/example_dags/example_bash_operator.py took 0.205 seconds
[2024-01-12T18:58:47.074+0200] {processor.py:161} INFO - Started process (PID=11963) to work on /Library/Frameworks/Python.framework/Versions/3.10/lib/python3.10/site-packages/airflow/example_dags/example_bash_operator.py
[2024-01-12T18:58:47.078+0200] {processor.py:830} INFO - Processing file /Library/Frameworks/Python.framework/Versions/3.10/lib/python3.10/site-packages/airflow/example_dags/example_bash_operator.py for tasks to queue
[2024-01-12T18:58:47.078+0200] {logging_mixin.py:188} INFO - [2024-01-12T18:58:47.078+0200] {dagbag.py:538} INFO - Filling up the DagBag from /Library/Frameworks/Python.framework/Versions/3.10/lib/python3.10/site-packages/airflow/example_dags/example_bash_operator.py
[2024-01-12T18:58:47.135+0200] {processor.py:840} INFO - DAG(s) 'example_bash_operator' retrieved from /Library/Frameworks/Python.framework/Versions/3.10/lib/python3.10/site-packages/airflow/example_dags/example_bash_operator.py
[2024-01-12T18:58:47.239+0200] {logging_mixin.py:188} INFO - [2024-01-12T18:58:47.239+0200] {dag.py:3033} INFO - Sync 1 DAGs
[2024-01-12T18:58:47.254+0200] {logging_mixin.py:188} INFO - [2024-01-12T18:58:47.253+0200] {dag.py:3820} INFO - Setting next_dagrun for example_bash_operator to 2024-01-11T00:00:00+00:00, run_after=2024-01-12T00:00:00+00:00
[2024-01-12T18:58:47.270+0200] {processor.py:183} INFO - Processing /Library/Frameworks/Python.framework/Versions/3.10/lib/python3.10/site-packages/airflow/example_dags/example_bash_operator.py took 0.197 seconds
[2024-01-12T19:02:27.018+0200] {processor.py:161} INFO - Started process (PID=12219) to work on /Library/Frameworks/Python.framework/Versions/3.10/lib/python3.10/site-packages/airflow/example_dags/example_bash_operator.py
[2024-01-12T19:02:27.022+0200] {processor.py:830} INFO - Processing file /Library/Frameworks/Python.framework/Versions/3.10/lib/python3.10/site-packages/airflow/example_dags/example_bash_operator.py for tasks to queue
[2024-01-12T19:02:27.022+0200] {logging_mixin.py:188} INFO - [2024-01-12T19:02:27.022+0200] {dagbag.py:538} INFO - Filling up the DagBag from /Library/Frameworks/Python.framework/Versions/3.10/lib/python3.10/site-packages/airflow/example_dags/example_bash_operator.py
[2024-01-12T19:02:27.076+0200] {processor.py:840} INFO - DAG(s) 'example_bash_operator' retrieved from /Library/Frameworks/Python.framework/Versions/3.10/lib/python3.10/site-packages/airflow/example_dags/example_bash_operator.py
[2024-01-12T19:02:27.175+0200] {logging_mixin.py:188} INFO - [2024-01-12T19:02:27.175+0200] {dag.py:3033} INFO - Sync 1 DAGs
[2024-01-12T19:02:27.190+0200] {logging_mixin.py:188} INFO - [2024-01-12T19:02:27.189+0200] {dag.py:3820} INFO - Setting next_dagrun for example_bash_operator to 2024-01-11T00:00:00+00:00, run_after=2024-01-12T00:00:00+00:00
[2024-01-12T19:02:27.206+0200] {processor.py:183} INFO - Processing /Library/Frameworks/Python.framework/Versions/3.10/lib/python3.10/site-packages/airflow/example_dags/example_bash_operator.py took 0.189 seconds
[2024-01-12T19:06:06.418+0200] {processor.py:161} INFO - Started process (PID=12366) to work on /Library/Frameworks/Python.framework/Versions/3.10/lib/python3.10/site-packages/airflow/example_dags/example_bash_operator.py
[2024-01-12T19:06:06.422+0200] {processor.py:830} INFO - Processing file /Library/Frameworks/Python.framework/Versions/3.10/lib/python3.10/site-packages/airflow/example_dags/example_bash_operator.py for tasks to queue
[2024-01-12T19:06:06.422+0200] {logging_mixin.py:188} INFO - [2024-01-12T19:06:06.422+0200] {dagbag.py:538} INFO - Filling up the DagBag from /Library/Frameworks/Python.framework/Versions/3.10/lib/python3.10/site-packages/airflow/example_dags/example_bash_operator.py
[2024-01-12T19:06:06.476+0200] {processor.py:840} INFO - DAG(s) 'example_bash_operator' retrieved from /Library/Frameworks/Python.framework/Versions/3.10/lib/python3.10/site-packages/airflow/example_dags/example_bash_operator.py
[2024-01-12T19:06:06.576+0200] {logging_mixin.py:188} INFO - [2024-01-12T19:06:06.576+0200] {dag.py:3033} INFO - Sync 1 DAGs
[2024-01-12T19:06:06.591+0200] {logging_mixin.py:188} INFO - [2024-01-12T19:06:06.591+0200] {dag.py:3820} INFO - Setting next_dagrun for example_bash_operator to 2024-01-11T00:00:00+00:00, run_after=2024-01-12T00:00:00+00:00
[2024-01-12T19:06:06.607+0200] {processor.py:183} INFO - Processing /Library/Frameworks/Python.framework/Versions/3.10/lib/python3.10/site-packages/airflow/example_dags/example_bash_operator.py took 0.191 seconds
[2024-01-12T19:09:47.027+0200] {processor.py:161} INFO - Started process (PID=12524) to work on /Library/Frameworks/Python.framework/Versions/3.10/lib/python3.10/site-packages/airflow/example_dags/example_bash_operator.py
[2024-01-12T19:09:47.030+0200] {processor.py:830} INFO - Processing file /Library/Frameworks/Python.framework/Versions/3.10/lib/python3.10/site-packages/airflow/example_dags/example_bash_operator.py for tasks to queue
[2024-01-12T19:09:47.031+0200] {logging_mixin.py:188} INFO - [2024-01-12T19:09:47.031+0200] {dagbag.py:538} INFO - Filling up the DagBag from /Library/Frameworks/Python.framework/Versions/3.10/lib/python3.10/site-packages/airflow/example_dags/example_bash_operator.py
[2024-01-12T19:09:47.086+0200] {processor.py:840} INFO - DAG(s) 'example_bash_operator' retrieved from /Library/Frameworks/Python.framework/Versions/3.10/lib/python3.10/site-packages/airflow/example_dags/example_bash_operator.py
[2024-01-12T19:09:47.187+0200] {logging_mixin.py:188} INFO - [2024-01-12T19:09:47.186+0200] {dag.py:3033} INFO - Sync 1 DAGs
[2024-01-12T19:09:47.201+0200] {logging_mixin.py:188} INFO - [2024-01-12T19:09:47.201+0200] {dag.py:3820} INFO - Setting next_dagrun for example_bash_operator to 2024-01-11T00:00:00+00:00, run_after=2024-01-12T00:00:00+00:00
[2024-01-12T19:09:47.217+0200] {processor.py:183} INFO - Processing /Library/Frameworks/Python.framework/Versions/3.10/lib/python3.10/site-packages/airflow/example_dags/example_bash_operator.py took 0.192 seconds
[2024-01-12T19:13:22.591+0200] {processor.py:161} INFO - Started process (PID=12759) to work on /Library/Frameworks/Python.framework/Versions/3.10/lib/python3.10/site-packages/airflow/example_dags/example_bash_operator.py
[2024-01-12T19:13:22.595+0200] {processor.py:830} INFO - Processing file /Library/Frameworks/Python.framework/Versions/3.10/lib/python3.10/site-packages/airflow/example_dags/example_bash_operator.py for tasks to queue
[2024-01-12T19:13:22.596+0200] {logging_mixin.py:188} INFO - [2024-01-12T19:13:22.595+0200] {dagbag.py:538} INFO - Filling up the DagBag from /Library/Frameworks/Python.framework/Versions/3.10/lib/python3.10/site-packages/airflow/example_dags/example_bash_operator.py
[2024-01-12T19:13:22.653+0200] {processor.py:840} INFO - DAG(s) 'example_bash_operator' retrieved from /Library/Frameworks/Python.framework/Versions/3.10/lib/python3.10/site-packages/airflow/example_dags/example_bash_operator.py
[2024-01-12T19:13:22.754+0200] {logging_mixin.py:188} INFO - [2024-01-12T19:13:22.754+0200] {dag.py:3033} INFO - Sync 1 DAGs
[2024-01-12T19:13:22.768+0200] {logging_mixin.py:188} INFO - [2024-01-12T19:13:22.768+0200] {dag.py:3820} INFO - Setting next_dagrun for example_bash_operator to 2024-01-11T00:00:00+00:00, run_after=2024-01-12T00:00:00+00:00
[2024-01-12T19:13:22.784+0200] {processor.py:183} INFO - Processing /Library/Frameworks/Python.framework/Versions/3.10/lib/python3.10/site-packages/airflow/example_dags/example_bash_operator.py took 0.194 seconds
[2024-01-12T19:16:57.265+0200] {processor.py:161} INFO - Started process (PID=12913) to work on /Library/Frameworks/Python.framework/Versions/3.10/lib/python3.10/site-packages/airflow/example_dags/example_bash_operator.py
[2024-01-12T19:16:57.269+0200] {processor.py:830} INFO - Processing file /Library/Frameworks/Python.framework/Versions/3.10/lib/python3.10/site-packages/airflow/example_dags/example_bash_operator.py for tasks to queue
[2024-01-12T19:16:57.269+0200] {logging_mixin.py:188} INFO - [2024-01-12T19:16:57.269+0200] {dagbag.py:538} INFO - Filling up the DagBag from /Library/Frameworks/Python.framework/Versions/3.10/lib/python3.10/site-packages/airflow/example_dags/example_bash_operator.py
[2024-01-12T19:16:57.323+0200] {processor.py:840} INFO - DAG(s) 'example_bash_operator' retrieved from /Library/Frameworks/Python.framework/Versions/3.10/lib/python3.10/site-packages/airflow/example_dags/example_bash_operator.py
[2024-01-12T19:16:57.422+0200] {logging_mixin.py:188} INFO - [2024-01-12T19:16:57.422+0200] {dag.py:3033} INFO - Sync 1 DAGs
[2024-01-12T19:16:57.437+0200] {logging_mixin.py:188} INFO - [2024-01-12T19:16:57.437+0200] {dag.py:3820} INFO - Setting next_dagrun for example_bash_operator to 2024-01-11T00:00:00+00:00, run_after=2024-01-12T00:00:00+00:00
[2024-01-12T19:16:57.454+0200] {processor.py:183} INFO - Processing /Library/Frameworks/Python.framework/Versions/3.10/lib/python3.10/site-packages/airflow/example_dags/example_bash_operator.py took 0.190 seconds
[2024-01-12T19:20:35.688+0200] {processor.py:161} INFO - Started process (PID=13151) to work on /Library/Frameworks/Python.framework/Versions/3.10/lib/python3.10/site-packages/airflow/example_dags/example_bash_operator.py
[2024-01-12T19:20:35.692+0200] {processor.py:830} INFO - Processing file /Library/Frameworks/Python.framework/Versions/3.10/lib/python3.10/site-packages/airflow/example_dags/example_bash_operator.py for tasks to queue
[2024-01-12T19:20:35.692+0200] {logging_mixin.py:188} INFO - [2024-01-12T19:20:35.692+0200] {dagbag.py:538} INFO - Filling up the DagBag from /Library/Frameworks/Python.framework/Versions/3.10/lib/python3.10/site-packages/airflow/example_dags/example_bash_operator.py
[2024-01-12T19:20:35.747+0200] {processor.py:840} INFO - DAG(s) 'example_bash_operator' retrieved from /Library/Frameworks/Python.framework/Versions/3.10/lib/python3.10/site-packages/airflow/example_dags/example_bash_operator.py
[2024-01-12T19:20:35.846+0200] {logging_mixin.py:188} INFO - [2024-01-12T19:20:35.846+0200] {dag.py:3033} INFO - Sync 1 DAGs
[2024-01-12T19:20:35.861+0200] {logging_mixin.py:188} INFO - [2024-01-12T19:20:35.860+0200] {dag.py:3820} INFO - Setting next_dagrun for example_bash_operator to 2024-01-11T00:00:00+00:00, run_after=2024-01-12T00:00:00+00:00
[2024-01-12T19:20:35.877+0200] {processor.py:183} INFO - Processing /Library/Frameworks/Python.framework/Versions/3.10/lib/python3.10/site-packages/airflow/example_dags/example_bash_operator.py took 0.190 seconds
[2024-01-12T19:24:16.038+0200] {processor.py:161} INFO - Started process (PID=13312) to work on /Library/Frameworks/Python.framework/Versions/3.10/lib/python3.10/site-packages/airflow/example_dags/example_bash_operator.py
[2024-01-12T19:24:16.042+0200] {processor.py:830} INFO - Processing file /Library/Frameworks/Python.framework/Versions/3.10/lib/python3.10/site-packages/airflow/example_dags/example_bash_operator.py for tasks to queue
[2024-01-12T19:24:16.043+0200] {logging_mixin.py:188} INFO - [2024-01-12T19:24:16.042+0200] {dagbag.py:538} INFO - Filling up the DagBag from /Library/Frameworks/Python.framework/Versions/3.10/lib/python3.10/site-packages/airflow/example_dags/example_bash_operator.py
[2024-01-12T19:24:16.097+0200] {processor.py:840} INFO - DAG(s) 'example_bash_operator' retrieved from /Library/Frameworks/Python.framework/Versions/3.10/lib/python3.10/site-packages/airflow/example_dags/example_bash_operator.py
[2024-01-12T19:24:16.195+0200] {logging_mixin.py:188} INFO - [2024-01-12T19:24:16.195+0200] {dag.py:3033} INFO - Sync 1 DAGs
[2024-01-12T19:24:16.210+0200] {logging_mixin.py:188} INFO - [2024-01-12T19:24:16.210+0200] {dag.py:3820} INFO - Setting next_dagrun for example_bash_operator to 2024-01-11T00:00:00+00:00, run_after=2024-01-12T00:00:00+00:00
[2024-01-12T19:24:16.226+0200] {processor.py:183} INFO - Processing /Library/Frameworks/Python.framework/Versions/3.10/lib/python3.10/site-packages/airflow/example_dags/example_bash_operator.py took 0.189 seconds
[2024-01-12T19:27:57.064+0200] {processor.py:161} INFO - Started process (PID=13566) to work on /Library/Frameworks/Python.framework/Versions/3.10/lib/python3.10/site-packages/airflow/example_dags/example_bash_operator.py
[2024-01-12T19:27:57.068+0200] {processor.py:830} INFO - Processing file /Library/Frameworks/Python.framework/Versions/3.10/lib/python3.10/site-packages/airflow/example_dags/example_bash_operator.py for tasks to queue
[2024-01-12T19:27:57.068+0200] {logging_mixin.py:188} INFO - [2024-01-12T19:27:57.068+0200] {dagbag.py:538} INFO - Filling up the DagBag from /Library/Frameworks/Python.framework/Versions/3.10/lib/python3.10/site-packages/airflow/example_dags/example_bash_operator.py
[2024-01-12T19:27:57.122+0200] {processor.py:840} INFO - DAG(s) 'example_bash_operator' retrieved from /Library/Frameworks/Python.framework/Versions/3.10/lib/python3.10/site-packages/airflow/example_dags/example_bash_operator.py
[2024-01-12T19:27:57.223+0200] {logging_mixin.py:188} INFO - [2024-01-12T19:27:57.223+0200] {dag.py:3033} INFO - Sync 1 DAGs
[2024-01-12T19:27:57.238+0200] {logging_mixin.py:188} INFO - [2024-01-12T19:27:57.238+0200] {dag.py:3820} INFO - Setting next_dagrun for example_bash_operator to 2024-01-11T00:00:00+00:00, run_after=2024-01-12T00:00:00+00:00
[2024-01-12T19:27:57.254+0200] {processor.py:183} INFO - Processing /Library/Frameworks/Python.framework/Versions/3.10/lib/python3.10/site-packages/airflow/example_dags/example_bash_operator.py took 0.191 seconds
[2024-01-12T19:31:39.162+0200] {processor.py:161} INFO - Started process (PID=13720) to work on /Library/Frameworks/Python.framework/Versions/3.10/lib/python3.10/site-packages/airflow/example_dags/example_bash_operator.py
[2024-01-12T19:31:39.166+0200] {processor.py:830} INFO - Processing file /Library/Frameworks/Python.framework/Versions/3.10/lib/python3.10/site-packages/airflow/example_dags/example_bash_operator.py for tasks to queue
[2024-01-12T19:31:39.166+0200] {logging_mixin.py:188} INFO - [2024-01-12T19:31:39.166+0200] {dagbag.py:538} INFO - Filling up the DagBag from /Library/Frameworks/Python.framework/Versions/3.10/lib/python3.10/site-packages/airflow/example_dags/example_bash_operator.py
[2024-01-12T19:31:39.224+0200] {processor.py:840} INFO - DAG(s) 'example_bash_operator' retrieved from /Library/Frameworks/Python.framework/Versions/3.10/lib/python3.10/site-packages/airflow/example_dags/example_bash_operator.py
[2024-01-12T19:31:39.325+0200] {logging_mixin.py:188} INFO - [2024-01-12T19:31:39.325+0200] {dag.py:3033} INFO - Sync 1 DAGs
[2024-01-12T19:31:39.340+0200] {logging_mixin.py:188} INFO - [2024-01-12T19:31:39.340+0200] {dag.py:3820} INFO - Setting next_dagrun for example_bash_operator to 2024-01-11T00:00:00+00:00, run_after=2024-01-12T00:00:00+00:00
[2024-01-12T19:31:39.356+0200] {processor.py:183} INFO - Processing /Library/Frameworks/Python.framework/Versions/3.10/lib/python3.10/site-packages/airflow/example_dags/example_bash_operator.py took 0.195 seconds
[2024-01-12T19:35:21.560+0200] {processor.py:161} INFO - Started process (PID=13983) to work on /Library/Frameworks/Python.framework/Versions/3.10/lib/python3.10/site-packages/airflow/example_dags/example_bash_operator.py
[2024-01-12T19:35:21.565+0200] {processor.py:830} INFO - Processing file /Library/Frameworks/Python.framework/Versions/3.10/lib/python3.10/site-packages/airflow/example_dags/example_bash_operator.py for tasks to queue
[2024-01-12T19:35:21.566+0200] {logging_mixin.py:188} INFO - [2024-01-12T19:35:21.566+0200] {dagbag.py:538} INFO - Filling up the DagBag from /Library/Frameworks/Python.framework/Versions/3.10/lib/python3.10/site-packages/airflow/example_dags/example_bash_operator.py
[2024-01-12T19:35:21.635+0200] {processor.py:840} INFO - DAG(s) 'example_bash_operator' retrieved from /Library/Frameworks/Python.framework/Versions/3.10/lib/python3.10/site-packages/airflow/example_dags/example_bash_operator.py
[2024-01-12T19:35:21.736+0200] {logging_mixin.py:188} INFO - [2024-01-12T19:35:21.736+0200] {dag.py:3033} INFO - Sync 1 DAGs
[2024-01-12T19:35:21.751+0200] {logging_mixin.py:188} INFO - [2024-01-12T19:35:21.751+0200] {dag.py:3820} INFO - Setting next_dagrun for example_bash_operator to 2024-01-11T00:00:00+00:00, run_after=2024-01-12T00:00:00+00:00
[2024-01-12T19:35:21.767+0200] {processor.py:183} INFO - Processing /Library/Frameworks/Python.framework/Versions/3.10/lib/python3.10/site-packages/airflow/example_dags/example_bash_operator.py took 0.208 seconds
[2024-01-12T19:39:04.881+0200] {processor.py:161} INFO - Started process (PID=14148) to work on /Library/Frameworks/Python.framework/Versions/3.10/lib/python3.10/site-packages/airflow/example_dags/example_bash_operator.py
[2024-01-12T19:39:04.884+0200] {processor.py:830} INFO - Processing file /Library/Frameworks/Python.framework/Versions/3.10/lib/python3.10/site-packages/airflow/example_dags/example_bash_operator.py for tasks to queue
[2024-01-12T19:39:04.885+0200] {logging_mixin.py:188} INFO - [2024-01-12T19:39:04.885+0200] {dagbag.py:538} INFO - Filling up the DagBag from /Library/Frameworks/Python.framework/Versions/3.10/lib/python3.10/site-packages/airflow/example_dags/example_bash_operator.py
[2024-01-12T19:39:04.939+0200] {processor.py:840} INFO - DAG(s) 'example_bash_operator' retrieved from /Library/Frameworks/Python.framework/Versions/3.10/lib/python3.10/site-packages/airflow/example_dags/example_bash_operator.py
[2024-01-12T19:39:05.042+0200] {logging_mixin.py:188} INFO - [2024-01-12T19:39:05.042+0200] {dag.py:3033} INFO - Sync 1 DAGs
[2024-01-12T19:39:05.056+0200] {logging_mixin.py:188} INFO - [2024-01-12T19:39:05.056+0200] {dag.py:3820} INFO - Setting next_dagrun for example_bash_operator to 2024-01-11T00:00:00+00:00, run_after=2024-01-12T00:00:00+00:00
[2024-01-12T19:39:05.073+0200] {processor.py:183} INFO - Processing /Library/Frameworks/Python.framework/Versions/3.10/lib/python3.10/site-packages/airflow/example_dags/example_bash_operator.py took 0.193 seconds
[2024-01-12T19:42:47.867+0200] {processor.py:161} INFO - Started process (PID=14390) to work on /Library/Frameworks/Python.framework/Versions/3.10/lib/python3.10/site-packages/airflow/example_dags/example_bash_operator.py
[2024-01-12T19:42:47.872+0200] {processor.py:830} INFO - Processing file /Library/Frameworks/Python.framework/Versions/3.10/lib/python3.10/site-packages/airflow/example_dags/example_bash_operator.py for tasks to queue
[2024-01-12T19:42:47.873+0200] {logging_mixin.py:188} INFO - [2024-01-12T19:42:47.872+0200] {dagbag.py:538} INFO - Filling up the DagBag from /Library/Frameworks/Python.framework/Versions/3.10/lib/python3.10/site-packages/airflow/example_dags/example_bash_operator.py
[2024-01-12T19:42:47.927+0200] {processor.py:840} INFO - DAG(s) 'example_bash_operator' retrieved from /Library/Frameworks/Python.framework/Versions/3.10/lib/python3.10/site-packages/airflow/example_dags/example_bash_operator.py
[2024-01-12T19:42:48.027+0200] {logging_mixin.py:188} INFO - [2024-01-12T19:42:48.027+0200] {dag.py:3033} INFO - Sync 1 DAGs
[2024-01-12T19:42:48.042+0200] {logging_mixin.py:188} INFO - [2024-01-12T19:42:48.041+0200] {dag.py:3820} INFO - Setting next_dagrun for example_bash_operator to 2024-01-11T00:00:00+00:00, run_after=2024-01-12T00:00:00+00:00
[2024-01-12T19:42:48.058+0200] {processor.py:183} INFO - Processing /Library/Frameworks/Python.framework/Versions/3.10/lib/python3.10/site-packages/airflow/example_dags/example_bash_operator.py took 0.192 seconds
[2024-01-12T19:48:47.156+0200] {processor.py:161} INFO - Started process (PID=14791) to work on /Library/Frameworks/Python.framework/Versions/3.10/lib/python3.10/site-packages/airflow/example_dags/example_bash_operator.py
[2024-01-12T19:48:47.161+0200] {processor.py:830} INFO - Processing file /Library/Frameworks/Python.framework/Versions/3.10/lib/python3.10/site-packages/airflow/example_dags/example_bash_operator.py for tasks to queue
[2024-01-12T19:48:47.161+0200] {logging_mixin.py:188} INFO - [2024-01-12T19:48:47.161+0200] {dagbag.py:538} INFO - Filling up the DagBag from /Library/Frameworks/Python.framework/Versions/3.10/lib/python3.10/site-packages/airflow/example_dags/example_bash_operator.py
[2024-01-12T19:48:47.219+0200] {processor.py:840} INFO - DAG(s) 'example_bash_operator' retrieved from /Library/Frameworks/Python.framework/Versions/3.10/lib/python3.10/site-packages/airflow/example_dags/example_bash_operator.py
[2024-01-12T19:48:47.414+0200] {logging_mixin.py:188} INFO - [2024-01-12T19:48:47.414+0200] {dag.py:3033} INFO - Sync 1 DAGs
[2024-01-12T19:48:47.430+0200] {logging_mixin.py:188} INFO - [2024-01-12T19:48:47.429+0200] {dag.py:3820} INFO - Setting next_dagrun for example_bash_operator to 2024-01-11T00:00:00+00:00, run_after=2024-01-12T00:00:00+00:00
[2024-01-12T19:48:47.448+0200] {processor.py:183} INFO - Processing /Library/Frameworks/Python.framework/Versions/3.10/lib/python3.10/site-packages/airflow/example_dags/example_bash_operator.py took 0.293 seconds
[2024-01-12T19:53:55.165+0200] {processor.py:161} INFO - Started process (PID=15016) to work on /Library/Frameworks/Python.framework/Versions/3.10/lib/python3.10/site-packages/airflow/example_dags/example_bash_operator.py
[2024-01-12T19:53:55.170+0200] {processor.py:830} INFO - Processing file /Library/Frameworks/Python.framework/Versions/3.10/lib/python3.10/site-packages/airflow/example_dags/example_bash_operator.py for tasks to queue
[2024-01-12T19:53:55.171+0200] {logging_mixin.py:188} INFO - [2024-01-12T19:53:55.170+0200] {dagbag.py:538} INFO - Filling up the DagBag from /Library/Frameworks/Python.framework/Versions/3.10/lib/python3.10/site-packages/airflow/example_dags/example_bash_operator.py
[2024-01-12T19:53:55.231+0200] {processor.py:840} INFO - DAG(s) 'example_bash_operator' retrieved from /Library/Frameworks/Python.framework/Versions/3.10/lib/python3.10/site-packages/airflow/example_dags/example_bash_operator.py
[2024-01-12T19:53:55.345+0200] {logging_mixin.py:188} INFO - [2024-01-12T19:53:55.345+0200] {dag.py:3033} INFO - Sync 1 DAGs
[2024-01-12T19:53:55.362+0200] {logging_mixin.py:188} INFO - [2024-01-12T19:53:55.362+0200] {dag.py:3820} INFO - Setting next_dagrun for example_bash_operator to 2024-01-11T00:00:00+00:00, run_after=2024-01-12T00:00:00+00:00
[2024-01-12T19:53:55.381+0200] {processor.py:183} INFO - Processing /Library/Frameworks/Python.framework/Versions/3.10/lib/python3.10/site-packages/airflow/example_dags/example_bash_operator.py took 0.216 seconds
[2024-01-12T20:16:06.376+0200] {processor.py:161} INFO - Started process (PID=16516) to work on /Library/Frameworks/Python.framework/Versions/3.10/lib/python3.10/site-packages/airflow/example_dags/example_bash_operator.py
[2024-01-12T20:16:06.380+0200] {processor.py:830} INFO - Processing file /Library/Frameworks/Python.framework/Versions/3.10/lib/python3.10/site-packages/airflow/example_dags/example_bash_operator.py for tasks to queue
[2024-01-12T20:16:06.381+0200] {logging_mixin.py:188} INFO - [2024-01-12T20:16:06.381+0200] {dagbag.py:538} INFO - Filling up the DagBag from /Library/Frameworks/Python.framework/Versions/3.10/lib/python3.10/site-packages/airflow/example_dags/example_bash_operator.py
[2024-01-12T20:16:06.444+0200] {processor.py:840} INFO - DAG(s) 'example_bash_operator' retrieved from /Library/Frameworks/Python.framework/Versions/3.10/lib/python3.10/site-packages/airflow/example_dags/example_bash_operator.py
[2024-01-12T20:16:06.650+0200] {logging_mixin.py:188} INFO - [2024-01-12T20:16:06.650+0200] {dag.py:3033} INFO - Sync 1 DAGs
[2024-01-12T20:16:06.666+0200] {logging_mixin.py:188} INFO - [2024-01-12T20:16:06.666+0200] {dag.py:3820} INFO - Setting next_dagrun for example_bash_operator to 2024-01-11T00:00:00+00:00, run_after=2024-01-12T00:00:00+00:00
[2024-01-12T20:16:06.687+0200] {processor.py:183} INFO - Processing /Library/Frameworks/Python.framework/Versions/3.10/lib/python3.10/site-packages/airflow/example_dags/example_bash_operator.py took 0.313 seconds
[2024-01-12T20:20:00.788+0200] {processor.py:161} INFO - Started process (PID=16657) to work on /Library/Frameworks/Python.framework/Versions/3.10/lib/python3.10/site-packages/airflow/example_dags/example_bash_operator.py
[2024-01-12T20:20:00.793+0200] {processor.py:830} INFO - Processing file /Library/Frameworks/Python.framework/Versions/3.10/lib/python3.10/site-packages/airflow/example_dags/example_bash_operator.py for tasks to queue
[2024-01-12T20:20:00.794+0200] {logging_mixin.py:188} INFO - [2024-01-12T20:20:00.794+0200] {dagbag.py:538} INFO - Filling up the DagBag from /Library/Frameworks/Python.framework/Versions/3.10/lib/python3.10/site-packages/airflow/example_dags/example_bash_operator.py
[2024-01-12T20:20:00.856+0200] {processor.py:840} INFO - DAG(s) 'example_bash_operator' retrieved from /Library/Frameworks/Python.framework/Versions/3.10/lib/python3.10/site-packages/airflow/example_dags/example_bash_operator.py
[2024-01-12T20:20:00.968+0200] {logging_mixin.py:188} INFO - [2024-01-12T20:20:00.968+0200] {dag.py:3033} INFO - Sync 1 DAGs
[2024-01-12T20:20:00.983+0200] {logging_mixin.py:188} INFO - [2024-01-12T20:20:00.983+0200] {dag.py:3820} INFO - Setting next_dagrun for example_bash_operator to 2024-01-11T00:00:00+00:00, run_after=2024-01-12T00:00:00+00:00
[2024-01-12T20:20:01.001+0200] {processor.py:183} INFO - Processing /Library/Frameworks/Python.framework/Versions/3.10/lib/python3.10/site-packages/airflow/example_dags/example_bash_operator.py took 0.214 seconds
[2024-01-12T20:23:57.206+0200] {processor.py:161} INFO - Started process (PID=16910) to work on /Library/Frameworks/Python.framework/Versions/3.10/lib/python3.10/site-packages/airflow/example_dags/example_bash_operator.py
[2024-01-12T20:23:57.211+0200] {processor.py:830} INFO - Processing file /Library/Frameworks/Python.framework/Versions/3.10/lib/python3.10/site-packages/airflow/example_dags/example_bash_operator.py for tasks to queue
[2024-01-12T20:23:57.212+0200] {logging_mixin.py:188} INFO - [2024-01-12T20:23:57.212+0200] {dagbag.py:538} INFO - Filling up the DagBag from /Library/Frameworks/Python.framework/Versions/3.10/lib/python3.10/site-packages/airflow/example_dags/example_bash_operator.py
[2024-01-12T20:23:57.272+0200] {processor.py:840} INFO - DAG(s) 'example_bash_operator' retrieved from /Library/Frameworks/Python.framework/Versions/3.10/lib/python3.10/site-packages/airflow/example_dags/example_bash_operator.py
[2024-01-12T20:23:57.384+0200] {logging_mixin.py:188} INFO - [2024-01-12T20:23:57.384+0200] {dag.py:3033} INFO - Sync 1 DAGs
[2024-01-12T20:23:57.400+0200] {logging_mixin.py:188} INFO - [2024-01-12T20:23:57.400+0200] {dag.py:3820} INFO - Setting next_dagrun for example_bash_operator to 2024-01-11T00:00:00+00:00, run_after=2024-01-12T00:00:00+00:00
[2024-01-12T20:23:57.417+0200] {processor.py:183} INFO - Processing /Library/Frameworks/Python.framework/Versions/3.10/lib/python3.10/site-packages/airflow/example_dags/example_bash_operator.py took 0.212 seconds
[2024-01-12T20:27:38.678+0200] {processor.py:161} INFO - Started process (PID=17075) to work on /Library/Frameworks/Python.framework/Versions/3.10/lib/python3.10/site-packages/airflow/example_dags/example_bash_operator.py
[2024-01-12T20:27:38.683+0200] {processor.py:830} INFO - Processing file /Library/Frameworks/Python.framework/Versions/3.10/lib/python3.10/site-packages/airflow/example_dags/example_bash_operator.py for tasks to queue
[2024-01-12T20:27:38.684+0200] {logging_mixin.py:188} INFO - [2024-01-12T20:27:38.683+0200] {dagbag.py:538} INFO - Filling up the DagBag from /Library/Frameworks/Python.framework/Versions/3.10/lib/python3.10/site-packages/airflow/example_dags/example_bash_operator.py
[2024-01-12T20:27:38.743+0200] {processor.py:840} INFO - DAG(s) 'example_bash_operator' retrieved from /Library/Frameworks/Python.framework/Versions/3.10/lib/python3.10/site-packages/airflow/example_dags/example_bash_operator.py
[2024-01-12T20:27:38.846+0200] {logging_mixin.py:188} INFO - [2024-01-12T20:27:38.846+0200] {dag.py:3033} INFO - Sync 1 DAGs
[2024-01-12T20:27:38.861+0200] {logging_mixin.py:188} INFO - [2024-01-12T20:27:38.861+0200] {dag.py:3820} INFO - Setting next_dagrun for example_bash_operator to 2024-01-11T00:00:00+00:00, run_after=2024-01-12T00:00:00+00:00
[2024-01-12T20:27:38.879+0200] {processor.py:183} INFO - Processing /Library/Frameworks/Python.framework/Versions/3.10/lib/python3.10/site-packages/airflow/example_dags/example_bash_operator.py took 0.202 seconds
[2024-01-12T20:31:28.263+0200] {processor.py:161} INFO - Started process (PID=17350) to work on /Library/Frameworks/Python.framework/Versions/3.10/lib/python3.10/site-packages/airflow/example_dags/example_bash_operator.py
[2024-01-12T20:31:28.267+0200] {processor.py:830} INFO - Processing file /Library/Frameworks/Python.framework/Versions/3.10/lib/python3.10/site-packages/airflow/example_dags/example_bash_operator.py for tasks to queue
[2024-01-12T20:31:28.268+0200] {logging_mixin.py:188} INFO - [2024-01-12T20:31:28.268+0200] {dagbag.py:538} INFO - Filling up the DagBag from /Library/Frameworks/Python.framework/Versions/3.10/lib/python3.10/site-packages/airflow/example_dags/example_bash_operator.py
[2024-01-12T20:31:28.324+0200] {processor.py:840} INFO - DAG(s) 'example_bash_operator' retrieved from /Library/Frameworks/Python.framework/Versions/3.10/lib/python3.10/site-packages/airflow/example_dags/example_bash_operator.py
[2024-01-12T20:31:28.425+0200] {logging_mixin.py:188} INFO - [2024-01-12T20:31:28.425+0200] {dag.py:3033} INFO - Sync 1 DAGs
[2024-01-12T20:31:28.440+0200] {logging_mixin.py:188} INFO - [2024-01-12T20:31:28.439+0200] {dag.py:3820} INFO - Setting next_dagrun for example_bash_operator to 2024-01-11T00:00:00+00:00, run_after=2024-01-12T00:00:00+00:00
[2024-01-12T20:31:28.458+0200] {processor.py:183} INFO - Processing /Library/Frameworks/Python.framework/Versions/3.10/lib/python3.10/site-packages/airflow/example_dags/example_bash_operator.py took 0.197 seconds
[2024-01-12T20:35:15.451+0200] {processor.py:161} INFO - Started process (PID=17507) to work on /Library/Frameworks/Python.framework/Versions/3.10/lib/python3.10/site-packages/airflow/example_dags/example_bash_operator.py
[2024-01-12T20:35:15.455+0200] {processor.py:830} INFO - Processing file /Library/Frameworks/Python.framework/Versions/3.10/lib/python3.10/site-packages/airflow/example_dags/example_bash_operator.py for tasks to queue
[2024-01-12T20:35:15.456+0200] {logging_mixin.py:188} INFO - [2024-01-12T20:35:15.456+0200] {dagbag.py:538} INFO - Filling up the DagBag from /Library/Frameworks/Python.framework/Versions/3.10/lib/python3.10/site-packages/airflow/example_dags/example_bash_operator.py
[2024-01-12T20:35:15.513+0200] {processor.py:840} INFO - DAG(s) 'example_bash_operator' retrieved from /Library/Frameworks/Python.framework/Versions/3.10/lib/python3.10/site-packages/airflow/example_dags/example_bash_operator.py
[2024-01-12T20:35:15.614+0200] {logging_mixin.py:188} INFO - [2024-01-12T20:35:15.614+0200] {dag.py:3033} INFO - Sync 1 DAGs
[2024-01-12T20:35:15.628+0200] {logging_mixin.py:188} INFO - [2024-01-12T20:35:15.628+0200] {dag.py:3820} INFO - Setting next_dagrun for example_bash_operator to 2024-01-11T00:00:00+00:00, run_after=2024-01-12T00:00:00+00:00
[2024-01-12T20:35:15.644+0200] {processor.py:183} INFO - Processing /Library/Frameworks/Python.framework/Versions/3.10/lib/python3.10/site-packages/airflow/example_dags/example_bash_operator.py took 0.194 seconds
[2024-01-12T20:38:56.099+0200] {processor.py:161} INFO - Started process (PID=17764) to work on /Library/Frameworks/Python.framework/Versions/3.10/lib/python3.10/site-packages/airflow/example_dags/example_bash_operator.py
[2024-01-12T20:38:56.104+0200] {processor.py:830} INFO - Processing file /Library/Frameworks/Python.framework/Versions/3.10/lib/python3.10/site-packages/airflow/example_dags/example_bash_operator.py for tasks to queue
[2024-01-12T20:38:56.105+0200] {logging_mixin.py:188} INFO - [2024-01-12T20:38:56.105+0200] {dagbag.py:538} INFO - Filling up the DagBag from /Library/Frameworks/Python.framework/Versions/3.10/lib/python3.10/site-packages/airflow/example_dags/example_bash_operator.py
[2024-01-12T20:38:56.170+0200] {processor.py:840} INFO - DAG(s) 'example_bash_operator' retrieved from /Library/Frameworks/Python.framework/Versions/3.10/lib/python3.10/site-packages/airflow/example_dags/example_bash_operator.py
[2024-01-12T20:38:56.272+0200] {logging_mixin.py:188} INFO - [2024-01-12T20:38:56.272+0200] {dag.py:3033} INFO - Sync 1 DAGs
[2024-01-12T20:38:56.286+0200] {logging_mixin.py:188} INFO - [2024-01-12T20:38:56.286+0200] {dag.py:3820} INFO - Setting next_dagrun for example_bash_operator to 2024-01-11T00:00:00+00:00, run_after=2024-01-12T00:00:00+00:00
[2024-01-12T20:38:56.305+0200] {processor.py:183} INFO - Processing /Library/Frameworks/Python.framework/Versions/3.10/lib/python3.10/site-packages/airflow/example_dags/example_bash_operator.py took 0.207 seconds
[2024-01-12T20:42:44.606+0200] {processor.py:161} INFO - Started process (PID=17924) to work on /Library/Frameworks/Python.framework/Versions/3.10/lib/python3.10/site-packages/airflow/example_dags/example_bash_operator.py
[2024-01-12T20:42:44.611+0200] {processor.py:830} INFO - Processing file /Library/Frameworks/Python.framework/Versions/3.10/lib/python3.10/site-packages/airflow/example_dags/example_bash_operator.py for tasks to queue
[2024-01-12T20:42:44.611+0200] {logging_mixin.py:188} INFO - [2024-01-12T20:42:44.611+0200] {dagbag.py:538} INFO - Filling up the DagBag from /Library/Frameworks/Python.framework/Versions/3.10/lib/python3.10/site-packages/airflow/example_dags/example_bash_operator.py
[2024-01-12T20:42:44.668+0200] {processor.py:840} INFO - DAG(s) 'example_bash_operator' retrieved from /Library/Frameworks/Python.framework/Versions/3.10/lib/python3.10/site-packages/airflow/example_dags/example_bash_operator.py
[2024-01-12T20:42:44.772+0200] {logging_mixin.py:188} INFO - [2024-01-12T20:42:44.772+0200] {dag.py:3033} INFO - Sync 1 DAGs
[2024-01-12T20:42:44.787+0200] {logging_mixin.py:188} INFO - [2024-01-12T20:42:44.787+0200] {dag.py:3820} INFO - Setting next_dagrun for example_bash_operator to 2024-01-11T00:00:00+00:00, run_after=2024-01-12T00:00:00+00:00
[2024-01-12T20:42:44.806+0200] {processor.py:183} INFO - Processing /Library/Frameworks/Python.framework/Versions/3.10/lib/python3.10/site-packages/airflow/example_dags/example_bash_operator.py took 0.201 seconds
[2024-01-12T20:46:33.206+0200] {processor.py:161} INFO - Started process (PID=18186) to work on /Library/Frameworks/Python.framework/Versions/3.10/lib/python3.10/site-packages/airflow/example_dags/example_bash_operator.py
[2024-01-12T20:46:33.211+0200] {processor.py:830} INFO - Processing file /Library/Frameworks/Python.framework/Versions/3.10/lib/python3.10/site-packages/airflow/example_dags/example_bash_operator.py for tasks to queue
[2024-01-12T20:46:33.211+0200] {logging_mixin.py:188} INFO - [2024-01-12T20:46:33.211+0200] {dagbag.py:538} INFO - Filling up the DagBag from /Library/Frameworks/Python.framework/Versions/3.10/lib/python3.10/site-packages/airflow/example_dags/example_bash_operator.py
[2024-01-12T20:46:33.265+0200] {processor.py:840} INFO - DAG(s) 'example_bash_operator' retrieved from /Library/Frameworks/Python.framework/Versions/3.10/lib/python3.10/site-packages/airflow/example_dags/example_bash_operator.py
[2024-01-12T20:46:33.364+0200] {logging_mixin.py:188} INFO - [2024-01-12T20:46:33.364+0200] {dag.py:3033} INFO - Sync 1 DAGs
[2024-01-12T20:46:33.378+0200] {logging_mixin.py:188} INFO - [2024-01-12T20:46:33.378+0200] {dag.py:3820} INFO - Setting next_dagrun for example_bash_operator to 2024-01-11T00:00:00+00:00, run_after=2024-01-12T00:00:00+00:00
[2024-01-12T20:46:33.398+0200] {processor.py:183} INFO - Processing /Library/Frameworks/Python.framework/Versions/3.10/lib/python3.10/site-packages/airflow/example_dags/example_bash_operator.py took 0.194 seconds
[2024-01-12T20:50:18.935+0200] {processor.py:161} INFO - Started process (PID=18344) to work on /Library/Frameworks/Python.framework/Versions/3.10/lib/python3.10/site-packages/airflow/example_dags/example_bash_operator.py
[2024-01-12T20:50:18.940+0200] {processor.py:830} INFO - Processing file /Library/Frameworks/Python.framework/Versions/3.10/lib/python3.10/site-packages/airflow/example_dags/example_bash_operator.py for tasks to queue
[2024-01-12T20:50:18.940+0200] {logging_mixin.py:188} INFO - [2024-01-12T20:50:18.940+0200] {dagbag.py:538} INFO - Filling up the DagBag from /Library/Frameworks/Python.framework/Versions/3.10/lib/python3.10/site-packages/airflow/example_dags/example_bash_operator.py
[2024-01-12T20:50:18.996+0200] {processor.py:840} INFO - DAG(s) 'example_bash_operator' retrieved from /Library/Frameworks/Python.framework/Versions/3.10/lib/python3.10/site-packages/airflow/example_dags/example_bash_operator.py
[2024-01-12T20:50:19.098+0200] {logging_mixin.py:188} INFO - [2024-01-12T20:50:19.098+0200] {dag.py:3033} INFO - Sync 1 DAGs
[2024-01-12T20:50:19.113+0200] {logging_mixin.py:188} INFO - [2024-01-12T20:50:19.113+0200] {dag.py:3820} INFO - Setting next_dagrun for example_bash_operator to 2024-01-11T00:00:00+00:00, run_after=2024-01-12T00:00:00+00:00
[2024-01-12T20:50:19.129+0200] {processor.py:183} INFO - Processing /Library/Frameworks/Python.framework/Versions/3.10/lib/python3.10/site-packages/airflow/example_dags/example_bash_operator.py took 0.196 seconds
[2024-01-12T20:54:04.496+0200] {processor.py:161} INFO - Started process (PID=18604) to work on /Library/Frameworks/Python.framework/Versions/3.10/lib/python3.10/site-packages/airflow/example_dags/example_bash_operator.py
[2024-01-12T20:54:04.501+0200] {processor.py:830} INFO - Processing file /Library/Frameworks/Python.framework/Versions/3.10/lib/python3.10/site-packages/airflow/example_dags/example_bash_operator.py for tasks to queue
[2024-01-12T20:54:04.502+0200] {logging_mixin.py:188} INFO - [2024-01-12T20:54:04.501+0200] {dagbag.py:538} INFO - Filling up the DagBag from /Library/Frameworks/Python.framework/Versions/3.10/lib/python3.10/site-packages/airflow/example_dags/example_bash_operator.py
[2024-01-12T20:54:04.560+0200] {processor.py:840} INFO - DAG(s) 'example_bash_operator' retrieved from /Library/Frameworks/Python.framework/Versions/3.10/lib/python3.10/site-packages/airflow/example_dags/example_bash_operator.py
[2024-01-12T20:54:04.661+0200] {logging_mixin.py:188} INFO - [2024-01-12T20:54:04.661+0200] {dag.py:3033} INFO - Sync 1 DAGs
[2024-01-12T20:54:04.676+0200] {logging_mixin.py:188} INFO - [2024-01-12T20:54:04.676+0200] {dag.py:3820} INFO - Setting next_dagrun for example_bash_operator to 2024-01-11T00:00:00+00:00, run_after=2024-01-12T00:00:00+00:00
[2024-01-12T20:54:04.694+0200] {processor.py:183} INFO - Processing /Library/Frameworks/Python.framework/Versions/3.10/lib/python3.10/site-packages/airflow/example_dags/example_bash_operator.py took 0.199 seconds
[2024-01-12T20:57:55.697+0200] {processor.py:161} INFO - Started process (PID=18780) to work on /Library/Frameworks/Python.framework/Versions/3.10/lib/python3.10/site-packages/airflow/example_dags/example_bash_operator.py
[2024-01-12T20:57:55.701+0200] {processor.py:830} INFO - Processing file /Library/Frameworks/Python.framework/Versions/3.10/lib/python3.10/site-packages/airflow/example_dags/example_bash_operator.py for tasks to queue
[2024-01-12T20:57:55.702+0200] {logging_mixin.py:188} INFO - [2024-01-12T20:57:55.702+0200] {dagbag.py:538} INFO - Filling up the DagBag from /Library/Frameworks/Python.framework/Versions/3.10/lib/python3.10/site-packages/airflow/example_dags/example_bash_operator.py
[2024-01-12T20:57:55.762+0200] {processor.py:840} INFO - DAG(s) 'example_bash_operator' retrieved from /Library/Frameworks/Python.framework/Versions/3.10/lib/python3.10/site-packages/airflow/example_dags/example_bash_operator.py
[2024-01-12T20:57:55.868+0200] {logging_mixin.py:188} INFO - [2024-01-12T20:57:55.867+0200] {dag.py:3033} INFO - Sync 1 DAGs
[2024-01-12T20:57:55.883+0200] {logging_mixin.py:188} INFO - [2024-01-12T20:57:55.882+0200] {dag.py:3820} INFO - Setting next_dagrun for example_bash_operator to 2024-01-11T00:00:00+00:00, run_after=2024-01-12T00:00:00+00:00
[2024-01-12T20:57:55.900+0200] {processor.py:183} INFO - Processing /Library/Frameworks/Python.framework/Versions/3.10/lib/python3.10/site-packages/airflow/example_dags/example_bash_operator.py took 0.204 seconds
[2024-01-12T21:01:27.075+0200] {processor.py:161} INFO - Started process (PID=18933) to work on /Library/Frameworks/Python.framework/Versions/3.10/lib/python3.10/site-packages/airflow/example_dags/example_bash_operator.py
[2024-01-12T21:01:27.078+0200] {processor.py:830} INFO - Processing file /Library/Frameworks/Python.framework/Versions/3.10/lib/python3.10/site-packages/airflow/example_dags/example_bash_operator.py for tasks to queue
[2024-01-12T21:01:27.079+0200] {logging_mixin.py:188} INFO - [2024-01-12T21:01:27.079+0200] {dagbag.py:538} INFO - Filling up the DagBag from /Library/Frameworks/Python.framework/Versions/3.10/lib/python3.10/site-packages/airflow/example_dags/example_bash_operator.py
[2024-01-12T21:01:27.129+0200] {processor.py:840} INFO - DAG(s) 'example_bash_operator' retrieved from /Library/Frameworks/Python.framework/Versions/3.10/lib/python3.10/site-packages/airflow/example_dags/example_bash_operator.py
[2024-01-12T21:01:27.228+0200] {logging_mixin.py:188} INFO - [2024-01-12T21:01:27.228+0200] {dag.py:3033} INFO - Sync 1 DAGs
[2024-01-12T21:01:27.242+0200] {logging_mixin.py:188} INFO - [2024-01-12T21:01:27.242+0200] {dag.py:3820} INFO - Setting next_dagrun for example_bash_operator to 2024-01-11T00:00:00+00:00, run_after=2024-01-12T00:00:00+00:00
[2024-01-12T21:01:27.258+0200] {processor.py:183} INFO - Processing /Library/Frameworks/Python.framework/Versions/3.10/lib/python3.10/site-packages/airflow/example_dags/example_bash_operator.py took 0.185 seconds
[2024-01-12T21:05:13.491+0200] {processor.py:161} INFO - Started process (PID=19196) to work on /Library/Frameworks/Python.framework/Versions/3.10/lib/python3.10/site-packages/airflow/example_dags/example_bash_operator.py
[2024-01-12T21:05:13.496+0200] {processor.py:830} INFO - Processing file /Library/Frameworks/Python.framework/Versions/3.10/lib/python3.10/site-packages/airflow/example_dags/example_bash_operator.py for tasks to queue
[2024-01-12T21:05:13.496+0200] {logging_mixin.py:188} INFO - [2024-01-12T21:05:13.496+0200] {dagbag.py:538} INFO - Filling up the DagBag from /Library/Frameworks/Python.framework/Versions/3.10/lib/python3.10/site-packages/airflow/example_dags/example_bash_operator.py
[2024-01-12T21:05:13.554+0200] {processor.py:840} INFO - DAG(s) 'example_bash_operator' retrieved from /Library/Frameworks/Python.framework/Versions/3.10/lib/python3.10/site-packages/airflow/example_dags/example_bash_operator.py
[2024-01-12T21:05:13.669+0200] {logging_mixin.py:188} INFO - [2024-01-12T21:05:13.669+0200] {dag.py:3033} INFO - Sync 1 DAGs
[2024-01-12T21:05:13.686+0200] {logging_mixin.py:188} INFO - [2024-01-12T21:05:13.686+0200] {dag.py:3820} INFO - Setting next_dagrun for example_bash_operator to 2024-01-11T00:00:00+00:00, run_after=2024-01-12T00:00:00+00:00
[2024-01-12T21:05:13.706+0200] {processor.py:183} INFO - Processing /Library/Frameworks/Python.framework/Versions/3.10/lib/python3.10/site-packages/airflow/example_dags/example_bash_operator.py took 0.216 seconds
[2024-01-12T21:09:04.266+0200] {processor.py:161} INFO - Started process (PID=19353) to work on /Library/Frameworks/Python.framework/Versions/3.10/lib/python3.10/site-packages/airflow/example_dags/example_bash_operator.py
[2024-01-12T21:09:04.271+0200] {processor.py:830} INFO - Processing file /Library/Frameworks/Python.framework/Versions/3.10/lib/python3.10/site-packages/airflow/example_dags/example_bash_operator.py for tasks to queue
[2024-01-12T21:09:04.271+0200] {logging_mixin.py:188} INFO - [2024-01-12T21:09:04.271+0200] {dagbag.py:538} INFO - Filling up the DagBag from /Library/Frameworks/Python.framework/Versions/3.10/lib/python3.10/site-packages/airflow/example_dags/example_bash_operator.py
[2024-01-12T21:09:04.327+0200] {processor.py:840} INFO - DAG(s) 'example_bash_operator' retrieved from /Library/Frameworks/Python.framework/Versions/3.10/lib/python3.10/site-packages/airflow/example_dags/example_bash_operator.py
[2024-01-12T21:09:04.429+0200] {logging_mixin.py:188} INFO - [2024-01-12T21:09:04.428+0200] {dag.py:3033} INFO - Sync 1 DAGs
[2024-01-12T21:09:04.443+0200] {logging_mixin.py:188} INFO - [2024-01-12T21:09:04.443+0200] {dag.py:3820} INFO - Setting next_dagrun for example_bash_operator to 2024-01-11T00:00:00+00:00, run_after=2024-01-12T00:00:00+00:00
[2024-01-12T21:09:04.459+0200] {processor.py:183} INFO - Processing /Library/Frameworks/Python.framework/Versions/3.10/lib/python3.10/site-packages/airflow/example_dags/example_bash_operator.py took 0.195 seconds
[2024-01-12T21:12:46.335+0200] {processor.py:161} INFO - Started process (PID=19606) to work on /Library/Frameworks/Python.framework/Versions/3.10/lib/python3.10/site-packages/airflow/example_dags/example_bash_operator.py
[2024-01-12T21:12:46.340+0200] {processor.py:830} INFO - Processing file /Library/Frameworks/Python.framework/Versions/3.10/lib/python3.10/site-packages/airflow/example_dags/example_bash_operator.py for tasks to queue
[2024-01-12T21:12:46.341+0200] {logging_mixin.py:188} INFO - [2024-01-12T21:12:46.341+0200] {dagbag.py:538} INFO - Filling up the DagBag from /Library/Frameworks/Python.framework/Versions/3.10/lib/python3.10/site-packages/airflow/example_dags/example_bash_operator.py
[2024-01-12T21:12:46.398+0200] {processor.py:840} INFO - DAG(s) 'example_bash_operator' retrieved from /Library/Frameworks/Python.framework/Versions/3.10/lib/python3.10/site-packages/airflow/example_dags/example_bash_operator.py
[2024-01-12T21:12:46.500+0200] {logging_mixin.py:188} INFO - [2024-01-12T21:12:46.499+0200] {dag.py:3033} INFO - Sync 1 DAGs
[2024-01-12T21:12:46.515+0200] {logging_mixin.py:188} INFO - [2024-01-12T21:12:46.514+0200] {dag.py:3820} INFO - Setting next_dagrun for example_bash_operator to 2024-01-11T00:00:00+00:00, run_after=2024-01-12T00:00:00+00:00
[2024-01-12T21:12:46.533+0200] {processor.py:183} INFO - Processing /Library/Frameworks/Python.framework/Versions/3.10/lib/python3.10/site-packages/airflow/example_dags/example_bash_operator.py took 0.199 seconds
[2024-01-12T21:16:30.863+0200] {processor.py:161} INFO - Started process (PID=19778) to work on /Library/Frameworks/Python.framework/Versions/3.10/lib/python3.10/site-packages/airflow/example_dags/example_bash_operator.py
[2024-01-12T21:16:30.868+0200] {processor.py:830} INFO - Processing file /Library/Frameworks/Python.framework/Versions/3.10/lib/python3.10/site-packages/airflow/example_dags/example_bash_operator.py for tasks to queue
[2024-01-12T21:16:30.869+0200] {logging_mixin.py:188} INFO - [2024-01-12T21:16:30.868+0200] {dagbag.py:538} INFO - Filling up the DagBag from /Library/Frameworks/Python.framework/Versions/3.10/lib/python3.10/site-packages/airflow/example_dags/example_bash_operator.py
[2024-01-12T21:16:30.922+0200] {processor.py:840} INFO - DAG(s) 'example_bash_operator' retrieved from /Library/Frameworks/Python.framework/Versions/3.10/lib/python3.10/site-packages/airflow/example_dags/example_bash_operator.py
[2024-01-12T21:16:31.022+0200] {logging_mixin.py:188} INFO - [2024-01-12T21:16:31.022+0200] {dag.py:3033} INFO - Sync 1 DAGs
[2024-01-12T21:16:31.037+0200] {logging_mixin.py:188} INFO - [2024-01-12T21:16:31.036+0200] {dag.py:3820} INFO - Setting next_dagrun for example_bash_operator to 2024-01-11T00:00:00+00:00, run_after=2024-01-12T00:00:00+00:00
[2024-01-12T21:16:31.054+0200] {processor.py:183} INFO - Processing /Library/Frameworks/Python.framework/Versions/3.10/lib/python3.10/site-packages/airflow/example_dags/example_bash_operator.py took 0.192 seconds
[2024-01-12T21:20:22.525+0200] {processor.py:161} INFO - Started process (PID=20052) to work on /Library/Frameworks/Python.framework/Versions/3.10/lib/python3.10/site-packages/airflow/example_dags/example_bash_operator.py
[2024-01-12T21:20:22.529+0200] {processor.py:830} INFO - Processing file /Library/Frameworks/Python.framework/Versions/3.10/lib/python3.10/site-packages/airflow/example_dags/example_bash_operator.py for tasks to queue
[2024-01-12T21:20:22.530+0200] {logging_mixin.py:188} INFO - [2024-01-12T21:20:22.530+0200] {dagbag.py:538} INFO - Filling up the DagBag from /Library/Frameworks/Python.framework/Versions/3.10/lib/python3.10/site-packages/airflow/example_dags/example_bash_operator.py
[2024-01-12T21:20:22.596+0200] {processor.py:840} INFO - DAG(s) 'example_bash_operator' retrieved from /Library/Frameworks/Python.framework/Versions/3.10/lib/python3.10/site-packages/airflow/example_dags/example_bash_operator.py
[2024-01-12T21:20:22.696+0200] {logging_mixin.py:188} INFO - [2024-01-12T21:20:22.696+0200] {dag.py:3033} INFO - Sync 1 DAGs
[2024-01-12T21:20:22.712+0200] {logging_mixin.py:188} INFO - [2024-01-12T21:20:22.712+0200] {dag.py:3820} INFO - Setting next_dagrun for example_bash_operator to 2024-01-11T00:00:00+00:00, run_after=2024-01-12T00:00:00+00:00
[2024-01-12T21:20:22.730+0200] {processor.py:183} INFO - Processing /Library/Frameworks/Python.framework/Versions/3.10/lib/python3.10/site-packages/airflow/example_dags/example_bash_operator.py took 0.206 seconds
