[2024-01-11T20:11:05.542+0200] {processor.py:161} INFO - Started process (PID=32971) to work on /Users/angel.georgiev/VsCodeProjects/PythonExamples/.venv/lib/python3.10/site-packages/airflow/example_dags/plugins/event_listener.py
[2024-01-11T20:11:05.546+0200] {processor.py:830} INFO - Processing file /Users/angel.georgiev/VsCodeProjects/PythonExamples/.venv/lib/python3.10/site-packages/airflow/example_dags/plugins/event_listener.py for tasks to queue
[2024-01-11T20:11:05.547+0200] {logging_mixin.py:188} INFO - [2024-01-11T20:11:05.547+0200] {dagbag.py:538} INFO - Filling up the DagBag from /Users/angel.georgiev/VsCodeProjects/PythonExamples/.venv/lib/python3.10/site-packages/airflow/example_dags/plugins/event_listener.py
[2024-01-11T20:11:05.548+0200] {processor.py:842} WARNING - No viable dags retrieved from /Users/angel.georgiev/VsCodeProjects/PythonExamples/.venv/lib/python3.10/site-packages/airflow/example_dags/plugins/event_listener.py
[2024-01-11T20:11:05.676+0200] {processor.py:183} INFO - Processing /Users/angel.georgiev/VsCodeProjects/PythonExamples/.venv/lib/python3.10/site-packages/airflow/example_dags/plugins/event_listener.py took 0.136 seconds
[2024-01-11T20:12:14.867+0200] {processor.py:161} INFO - Started process (PID=33083) to work on /Users/angel.georgiev/VsCodeProjects/PythonExamples/.venv/lib/python3.10/site-packages/airflow/example_dags/plugins/event_listener.py
[2024-01-11T20:12:14.872+0200] {processor.py:830} INFO - Processing file /Users/angel.georgiev/VsCodeProjects/PythonExamples/.venv/lib/python3.10/site-packages/airflow/example_dags/plugins/event_listener.py for tasks to queue
[2024-01-11T20:12:14.872+0200] {logging_mixin.py:188} INFO - [2024-01-11T20:12:14.872+0200] {dagbag.py:538} INFO - Filling up the DagBag from /Users/angel.georgiev/VsCodeProjects/PythonExamples/.venv/lib/python3.10/site-packages/airflow/example_dags/plugins/event_listener.py
[2024-01-11T20:12:14.874+0200] {processor.py:842} WARNING - No viable dags retrieved from /Users/angel.georgiev/VsCodeProjects/PythonExamples/.venv/lib/python3.10/site-packages/airflow/example_dags/plugins/event_listener.py
[2024-01-11T20:12:15.002+0200] {processor.py:183} INFO - Processing /Users/angel.georgiev/VsCodeProjects/PythonExamples/.venv/lib/python3.10/site-packages/airflow/example_dags/plugins/event_listener.py took 0.136 seconds
[2024-01-11T20:13:18.535+0200] {processor.py:161} INFO - Started process (PID=33186) to work on /Users/angel.georgiev/VsCodeProjects/PythonExamples/.venv/lib/python3.10/site-packages/airflow/example_dags/plugins/event_listener.py
[2024-01-11T20:13:18.540+0200] {processor.py:830} INFO - Processing file /Users/angel.georgiev/VsCodeProjects/PythonExamples/.venv/lib/python3.10/site-packages/airflow/example_dags/plugins/event_listener.py for tasks to queue
[2024-01-11T20:13:18.541+0200] {logging_mixin.py:188} INFO - [2024-01-11T20:13:18.541+0200] {dagbag.py:538} INFO - Filling up the DagBag from /Users/angel.georgiev/VsCodeProjects/PythonExamples/.venv/lib/python3.10/site-packages/airflow/example_dags/plugins/event_listener.py
[2024-01-11T20:13:18.542+0200] {processor.py:842} WARNING - No viable dags retrieved from /Users/angel.georgiev/VsCodeProjects/PythonExamples/.venv/lib/python3.10/site-packages/airflow/example_dags/plugins/event_listener.py
[2024-01-11T20:13:18.677+0200] {processor.py:183} INFO - Processing /Users/angel.georgiev/VsCodeProjects/PythonExamples/.venv/lib/python3.10/site-packages/airflow/example_dags/plugins/event_listener.py took 0.143 seconds
[2024-01-11T20:16:23.235+0200] {processor.py:161} INFO - Started process (PID=33374) to work on /Users/angel.georgiev/VsCodeProjects/PythonExamples/.venv/lib/python3.10/site-packages/airflow/example_dags/plugins/event_listener.py
[2024-01-11T20:16:23.239+0200] {processor.py:830} INFO - Processing file /Users/angel.georgiev/VsCodeProjects/PythonExamples/.venv/lib/python3.10/site-packages/airflow/example_dags/plugins/event_listener.py for tasks to queue
[2024-01-11T20:16:23.240+0200] {logging_mixin.py:188} INFO - [2024-01-11T20:16:23.240+0200] {dagbag.py:538} INFO - Filling up the DagBag from /Users/angel.georgiev/VsCodeProjects/PythonExamples/.venv/lib/python3.10/site-packages/airflow/example_dags/plugins/event_listener.py
[2024-01-11T20:16:23.242+0200] {processor.py:842} WARNING - No viable dags retrieved from /Users/angel.georgiev/VsCodeProjects/PythonExamples/.venv/lib/python3.10/site-packages/airflow/example_dags/plugins/event_listener.py
[2024-01-11T20:16:23.380+0200] {processor.py:183} INFO - Processing /Users/angel.georgiev/VsCodeProjects/PythonExamples/.venv/lib/python3.10/site-packages/airflow/example_dags/plugins/event_listener.py took 0.146 seconds
[2024-01-11T20:18:45.873+0200] {processor.py:161} INFO - Started process (PID=33583) to work on /Users/angel.georgiev/VsCodeProjects/PythonExamples/.venv/lib/python3.10/site-packages/airflow/example_dags/plugins/event_listener.py
[2024-01-11T20:18:45.879+0200] {processor.py:830} INFO - Processing file /Users/angel.georgiev/VsCodeProjects/PythonExamples/.venv/lib/python3.10/site-packages/airflow/example_dags/plugins/event_listener.py for tasks to queue
[2024-01-11T20:18:45.881+0200] {logging_mixin.py:188} INFO - [2024-01-11T20:18:45.880+0200] {dagbag.py:538} INFO - Filling up the DagBag from /Users/angel.georgiev/VsCodeProjects/PythonExamples/.venv/lib/python3.10/site-packages/airflow/example_dags/plugins/event_listener.py
[2024-01-11T20:18:45.882+0200] {processor.py:842} WARNING - No viable dags retrieved from /Users/angel.georgiev/VsCodeProjects/PythonExamples/.venv/lib/python3.10/site-packages/airflow/example_dags/plugins/event_listener.py
[2024-01-11T20:18:46.036+0200] {processor.py:183} INFO - Processing /Users/angel.georgiev/VsCodeProjects/PythonExamples/.venv/lib/python3.10/site-packages/airflow/example_dags/plugins/event_listener.py took 0.167 seconds
[2024-01-11T20:21:18.401+0200] {processor.py:161} INFO - Started process (PID=33755) to work on /Users/angel.georgiev/VsCodeProjects/PythonExamples/.venv/lib/python3.10/site-packages/airflow/example_dags/plugins/event_listener.py
[2024-01-11T20:21:18.405+0200] {processor.py:830} INFO - Processing file /Users/angel.georgiev/VsCodeProjects/PythonExamples/.venv/lib/python3.10/site-packages/airflow/example_dags/plugins/event_listener.py for tasks to queue
[2024-01-11T20:21:18.406+0200] {logging_mixin.py:188} INFO - [2024-01-11T20:21:18.406+0200] {dagbag.py:538} INFO - Filling up the DagBag from /Users/angel.georgiev/VsCodeProjects/PythonExamples/.venv/lib/python3.10/site-packages/airflow/example_dags/plugins/event_listener.py
[2024-01-11T20:21:18.407+0200] {processor.py:842} WARNING - No viable dags retrieved from /Users/angel.georgiev/VsCodeProjects/PythonExamples/.venv/lib/python3.10/site-packages/airflow/example_dags/plugins/event_listener.py
[2024-01-11T20:21:18.544+0200] {processor.py:183} INFO - Processing /Users/angel.georgiev/VsCodeProjects/PythonExamples/.venv/lib/python3.10/site-packages/airflow/example_dags/plugins/event_listener.py took 0.145 seconds
[2024-01-11T20:23:26.201+0200] {processor.py:161} INFO - Started process (PID=33856) to work on /Users/angel.georgiev/VsCodeProjects/PythonExamples/.venv/lib/python3.10/site-packages/airflow/example_dags/plugins/event_listener.py
[2024-01-11T20:23:26.206+0200] {processor.py:830} INFO - Processing file /Users/angel.georgiev/VsCodeProjects/PythonExamples/.venv/lib/python3.10/site-packages/airflow/example_dags/plugins/event_listener.py for tasks to queue
[2024-01-11T20:23:26.206+0200] {logging_mixin.py:188} INFO - [2024-01-11T20:23:26.206+0200] {dagbag.py:538} INFO - Filling up the DagBag from /Users/angel.georgiev/VsCodeProjects/PythonExamples/.venv/lib/python3.10/site-packages/airflow/example_dags/plugins/event_listener.py
[2024-01-11T20:23:26.207+0200] {processor.py:842} WARNING - No viable dags retrieved from /Users/angel.georgiev/VsCodeProjects/PythonExamples/.venv/lib/python3.10/site-packages/airflow/example_dags/plugins/event_listener.py
[2024-01-11T20:23:26.336+0200] {processor.py:183} INFO - Processing /Users/angel.georgiev/VsCodeProjects/PythonExamples/.venv/lib/python3.10/site-packages/airflow/example_dags/plugins/event_listener.py took 0.136 seconds
[2024-01-11T20:25:48.816+0200] {processor.py:161} INFO - Started process (PID=34093) to work on /Users/angel.georgiev/VsCodeProjects/PythonExamples/.venv/lib/python3.10/site-packages/airflow/example_dags/plugins/event_listener.py
[2024-01-11T20:25:48.820+0200] {processor.py:830} INFO - Processing file /Users/angel.georgiev/VsCodeProjects/PythonExamples/.venv/lib/python3.10/site-packages/airflow/example_dags/plugins/event_listener.py for tasks to queue
[2024-01-11T20:25:48.821+0200] {logging_mixin.py:188} INFO - [2024-01-11T20:25:48.820+0200] {dagbag.py:538} INFO - Filling up the DagBag from /Users/angel.georgiev/VsCodeProjects/PythonExamples/.venv/lib/python3.10/site-packages/airflow/example_dags/plugins/event_listener.py
[2024-01-11T20:25:48.822+0200] {processor.py:842} WARNING - No viable dags retrieved from /Users/angel.georgiev/VsCodeProjects/PythonExamples/.venv/lib/python3.10/site-packages/airflow/example_dags/plugins/event_listener.py
[2024-01-11T20:25:48.948+0200] {processor.py:183} INFO - Processing /Users/angel.georgiev/VsCodeProjects/PythonExamples/.venv/lib/python3.10/site-packages/airflow/example_dags/plugins/event_listener.py took 0.133 seconds
[2024-01-11T20:28:25.659+0200] {processor.py:161} INFO - Started process (PID=34194) to work on /Users/angel.georgiev/VsCodeProjects/PythonExamples/.venv/lib/python3.10/site-packages/airflow/example_dags/plugins/event_listener.py
[2024-01-11T20:28:25.663+0200] {processor.py:830} INFO - Processing file /Users/angel.georgiev/VsCodeProjects/PythonExamples/.venv/lib/python3.10/site-packages/airflow/example_dags/plugins/event_listener.py for tasks to queue
[2024-01-11T20:28:25.664+0200] {logging_mixin.py:188} INFO - [2024-01-11T20:28:25.664+0200] {dagbag.py:538} INFO - Filling up the DagBag from /Users/angel.georgiev/VsCodeProjects/PythonExamples/.venv/lib/python3.10/site-packages/airflow/example_dags/plugins/event_listener.py
[2024-01-11T20:28:25.665+0200] {processor.py:842} WARNING - No viable dags retrieved from /Users/angel.georgiev/VsCodeProjects/PythonExamples/.venv/lib/python3.10/site-packages/airflow/example_dags/plugins/event_listener.py
[2024-01-11T20:28:25.802+0200] {processor.py:183} INFO - Processing /Users/angel.georgiev/VsCodeProjects/PythonExamples/.venv/lib/python3.10/site-packages/airflow/example_dags/plugins/event_listener.py took 0.144 seconds
[2024-01-11T20:30:54.972+0200] {processor.py:161} INFO - Started process (PID=34400) to work on /Users/angel.georgiev/VsCodeProjects/PythonExamples/.venv/lib/python3.10/site-packages/airflow/example_dags/plugins/event_listener.py
[2024-01-11T20:30:54.978+0200] {processor.py:830} INFO - Processing file /Users/angel.georgiev/VsCodeProjects/PythonExamples/.venv/lib/python3.10/site-packages/airflow/example_dags/plugins/event_listener.py for tasks to queue
[2024-01-11T20:30:54.978+0200] {logging_mixin.py:188} INFO - [2024-01-11T20:30:54.978+0200] {dagbag.py:538} INFO - Filling up the DagBag from /Users/angel.georgiev/VsCodeProjects/PythonExamples/.venv/lib/python3.10/site-packages/airflow/example_dags/plugins/event_listener.py
[2024-01-11T20:30:54.981+0200] {processor.py:842} WARNING - No viable dags retrieved from /Users/angel.georgiev/VsCodeProjects/PythonExamples/.venv/lib/python3.10/site-packages/airflow/example_dags/plugins/event_listener.py
[2024-01-11T20:30:55.125+0200] {processor.py:183} INFO - Processing /Users/angel.georgiev/VsCodeProjects/PythonExamples/.venv/lib/python3.10/site-packages/airflow/example_dags/plugins/event_listener.py took 0.155 seconds
[2024-01-11T20:33:46.123+0200] {processor.py:161} INFO - Started process (PID=34535) to work on /Users/angel.georgiev/VsCodeProjects/PythonExamples/.venv/lib/python3.10/site-packages/airflow/example_dags/plugins/event_listener.py
[2024-01-11T20:33:46.128+0200] {processor.py:830} INFO - Processing file /Users/angel.georgiev/VsCodeProjects/PythonExamples/.venv/lib/python3.10/site-packages/airflow/example_dags/plugins/event_listener.py for tasks to queue
[2024-01-11T20:33:46.129+0200] {logging_mixin.py:188} INFO - [2024-01-11T20:33:46.128+0200] {dagbag.py:538} INFO - Filling up the DagBag from /Users/angel.georgiev/VsCodeProjects/PythonExamples/.venv/lib/python3.10/site-packages/airflow/example_dags/plugins/event_listener.py
[2024-01-11T20:33:46.130+0200] {processor.py:842} WARNING - No viable dags retrieved from /Users/angel.georgiev/VsCodeProjects/PythonExamples/.venv/lib/python3.10/site-packages/airflow/example_dags/plugins/event_listener.py
[2024-01-11T20:33:46.394+0200] {processor.py:183} INFO - Processing /Users/angel.georgiev/VsCodeProjects/PythonExamples/.venv/lib/python3.10/site-packages/airflow/example_dags/plugins/event_listener.py took 0.273 seconds
[2024-01-11T20:36:41.474+0200] {processor.py:161} INFO - Started process (PID=34785) to work on /Users/angel.georgiev/VsCodeProjects/PythonExamples/.venv/lib/python3.10/site-packages/airflow/example_dags/plugins/event_listener.py
[2024-01-11T20:36:41.480+0200] {processor.py:830} INFO - Processing file /Users/angel.georgiev/VsCodeProjects/PythonExamples/.venv/lib/python3.10/site-packages/airflow/example_dags/plugins/event_listener.py for tasks to queue
[2024-01-11T20:36:41.481+0200] {logging_mixin.py:188} INFO - [2024-01-11T20:36:41.480+0200] {dagbag.py:538} INFO - Filling up the DagBag from /Users/angel.georgiev/VsCodeProjects/PythonExamples/.venv/lib/python3.10/site-packages/airflow/example_dags/plugins/event_listener.py
[2024-01-11T20:36:41.483+0200] {processor.py:842} WARNING - No viable dags retrieved from /Users/angel.georgiev/VsCodeProjects/PythonExamples/.venv/lib/python3.10/site-packages/airflow/example_dags/plugins/event_listener.py
[2024-01-11T20:36:42.348+0200] {processor.py:183} INFO - Processing /Users/angel.georgiev/VsCodeProjects/PythonExamples/.venv/lib/python3.10/site-packages/airflow/example_dags/plugins/event_listener.py took 0.876 seconds
[2024-01-11T20:39:51.255+0200] {processor.py:161} INFO - Started process (PID=34974) to work on /Users/angel.georgiev/VsCodeProjects/PythonExamples/.venv/lib/python3.10/site-packages/airflow/example_dags/plugins/event_listener.py
[2024-01-11T20:39:51.259+0200] {processor.py:830} INFO - Processing file /Users/angel.georgiev/VsCodeProjects/PythonExamples/.venv/lib/python3.10/site-packages/airflow/example_dags/plugins/event_listener.py for tasks to queue
[2024-01-11T20:39:51.260+0200] {logging_mixin.py:188} INFO - [2024-01-11T20:39:51.260+0200] {dagbag.py:538} INFO - Filling up the DagBag from /Users/angel.georgiev/VsCodeProjects/PythonExamples/.venv/lib/python3.10/site-packages/airflow/example_dags/plugins/event_listener.py
[2024-01-11T20:39:51.261+0200] {processor.py:842} WARNING - No viable dags retrieved from /Users/angel.georgiev/VsCodeProjects/PythonExamples/.venv/lib/python3.10/site-packages/airflow/example_dags/plugins/event_listener.py
[2024-01-11T20:39:51.392+0200] {processor.py:183} INFO - Processing /Users/angel.georgiev/VsCodeProjects/PythonExamples/.venv/lib/python3.10/site-packages/airflow/example_dags/plugins/event_listener.py took 0.138 seconds
[2024-01-11T20:43:02.659+0200] {processor.py:161} INFO - Started process (PID=35270) to work on /Users/angel.georgiev/VsCodeProjects/PythonExamples/.venv/lib/python3.10/site-packages/airflow/example_dags/plugins/event_listener.py
[2024-01-11T20:43:02.666+0200] {processor.py:830} INFO - Processing file /Users/angel.georgiev/VsCodeProjects/PythonExamples/.venv/lib/python3.10/site-packages/airflow/example_dags/plugins/event_listener.py for tasks to queue
[2024-01-11T20:43:02.666+0200] {logging_mixin.py:188} INFO - [2024-01-11T20:43:02.666+0200] {dagbag.py:538} INFO - Filling up the DagBag from /Users/angel.georgiev/VsCodeProjects/PythonExamples/.venv/lib/python3.10/site-packages/airflow/example_dags/plugins/event_listener.py
[2024-01-11T20:43:02.668+0200] {processor.py:842} WARNING - No viable dags retrieved from /Users/angel.georgiev/VsCodeProjects/PythonExamples/.venv/lib/python3.10/site-packages/airflow/example_dags/plugins/event_listener.py
[2024-01-11T20:43:02.833+0200] {processor.py:183} INFO - Processing /Users/angel.georgiev/VsCodeProjects/PythonExamples/.venv/lib/python3.10/site-packages/airflow/example_dags/plugins/event_listener.py took 0.175 seconds
[2024-01-11T20:45:22.984+0200] {processor.py:161} INFO - Started process (PID=35376) to work on /Users/angel.georgiev/VsCodeProjects/PythonExamples/.venv/lib/python3.10/site-packages/airflow/example_dags/plugins/event_listener.py
[2024-01-11T20:45:22.988+0200] {processor.py:830} INFO - Processing file /Users/angel.georgiev/VsCodeProjects/PythonExamples/.venv/lib/python3.10/site-packages/airflow/example_dags/plugins/event_listener.py for tasks to queue
[2024-01-11T20:45:22.988+0200] {logging_mixin.py:188} INFO - [2024-01-11T20:45:22.988+0200] {dagbag.py:538} INFO - Filling up the DagBag from /Users/angel.georgiev/VsCodeProjects/PythonExamples/.venv/lib/python3.10/site-packages/airflow/example_dags/plugins/event_listener.py
[2024-01-11T20:45:22.989+0200] {processor.py:842} WARNING - No viable dags retrieved from /Users/angel.georgiev/VsCodeProjects/PythonExamples/.venv/lib/python3.10/site-packages/airflow/example_dags/plugins/event_listener.py
[2024-01-11T20:45:23.125+0200] {processor.py:183} INFO - Processing /Users/angel.georgiev/VsCodeProjects/PythonExamples/.venv/lib/python3.10/site-packages/airflow/example_dags/plugins/event_listener.py took 0.142 seconds
[2024-01-11T20:47:21.777+0200] {processor.py:161} INFO - Started process (PID=35456) to work on /Users/angel.georgiev/VsCodeProjects/PythonExamples/.venv/lib/python3.10/site-packages/airflow/example_dags/plugins/event_listener.py
[2024-01-11T20:47:21.781+0200] {processor.py:830} INFO - Processing file /Users/angel.georgiev/VsCodeProjects/PythonExamples/.venv/lib/python3.10/site-packages/airflow/example_dags/plugins/event_listener.py for tasks to queue
[2024-01-11T20:47:21.782+0200] {logging_mixin.py:188} INFO - [2024-01-11T20:47:21.782+0200] {dagbag.py:538} INFO - Filling up the DagBag from /Users/angel.georgiev/VsCodeProjects/PythonExamples/.venv/lib/python3.10/site-packages/airflow/example_dags/plugins/event_listener.py
[2024-01-11T20:47:21.784+0200] {processor.py:842} WARNING - No viable dags retrieved from /Users/angel.georgiev/VsCodeProjects/PythonExamples/.venv/lib/python3.10/site-packages/airflow/example_dags/plugins/event_listener.py
[2024-01-11T20:47:21.926+0200] {processor.py:183} INFO - Processing /Users/angel.georgiev/VsCodeProjects/PythonExamples/.venv/lib/python3.10/site-packages/airflow/example_dags/plugins/event_listener.py took 0.151 seconds
[2024-01-11T20:49:18.445+0200] {processor.py:161} INFO - Started process (PID=35634) to work on /Users/angel.georgiev/VsCodeProjects/PythonExamples/.venv/lib/python3.10/site-packages/airflow/example_dags/plugins/event_listener.py
[2024-01-11T20:49:18.450+0200] {processor.py:830} INFO - Processing file /Users/angel.georgiev/VsCodeProjects/PythonExamples/.venv/lib/python3.10/site-packages/airflow/example_dags/plugins/event_listener.py for tasks to queue
[2024-01-11T20:49:18.450+0200] {logging_mixin.py:188} INFO - [2024-01-11T20:49:18.450+0200] {dagbag.py:538} INFO - Filling up the DagBag from /Users/angel.georgiev/VsCodeProjects/PythonExamples/.venv/lib/python3.10/site-packages/airflow/example_dags/plugins/event_listener.py
[2024-01-11T20:49:18.452+0200] {processor.py:842} WARNING - No viable dags retrieved from /Users/angel.georgiev/VsCodeProjects/PythonExamples/.venv/lib/python3.10/site-packages/airflow/example_dags/plugins/event_listener.py
[2024-01-11T20:49:18.581+0200] {processor.py:183} INFO - Processing /Users/angel.georgiev/VsCodeProjects/PythonExamples/.venv/lib/python3.10/site-packages/airflow/example_dags/plugins/event_listener.py took 0.138 seconds
[2024-01-11T20:51:12.267+0200] {processor.py:161} INFO - Started process (PID=35728) to work on /Users/angel.georgiev/VsCodeProjects/PythonExamples/.venv/lib/python3.10/site-packages/airflow/example_dags/plugins/event_listener.py
[2024-01-11T20:51:12.271+0200] {processor.py:830} INFO - Processing file /Users/angel.georgiev/VsCodeProjects/PythonExamples/.venv/lib/python3.10/site-packages/airflow/example_dags/plugins/event_listener.py for tasks to queue
[2024-01-11T20:51:12.272+0200] {logging_mixin.py:188} INFO - [2024-01-11T20:51:12.272+0200] {dagbag.py:538} INFO - Filling up the DagBag from /Users/angel.georgiev/VsCodeProjects/PythonExamples/.venv/lib/python3.10/site-packages/airflow/example_dags/plugins/event_listener.py
[2024-01-11T20:51:12.273+0200] {processor.py:842} WARNING - No viable dags retrieved from /Users/angel.georgiev/VsCodeProjects/PythonExamples/.venv/lib/python3.10/site-packages/airflow/example_dags/plugins/event_listener.py
[2024-01-11T20:51:12.398+0200] {processor.py:183} INFO - Processing /Users/angel.georgiev/VsCodeProjects/PythonExamples/.venv/lib/python3.10/site-packages/airflow/example_dags/plugins/event_listener.py took 0.132 seconds
[2024-01-11T20:53:07.131+0200] {processor.py:161} INFO - Started process (PID=35825) to work on /Users/angel.georgiev/VsCodeProjects/PythonExamples/.venv/lib/python3.10/site-packages/airflow/example_dags/plugins/event_listener.py
[2024-01-11T20:53:07.135+0200] {processor.py:830} INFO - Processing file /Users/angel.georgiev/VsCodeProjects/PythonExamples/.venv/lib/python3.10/site-packages/airflow/example_dags/plugins/event_listener.py for tasks to queue
[2024-01-11T20:53:07.136+0200] {logging_mixin.py:188} INFO - [2024-01-11T20:53:07.135+0200] {dagbag.py:538} INFO - Filling up the DagBag from /Users/angel.georgiev/VsCodeProjects/PythonExamples/.venv/lib/python3.10/site-packages/airflow/example_dags/plugins/event_listener.py
[2024-01-11T20:53:07.137+0200] {processor.py:842} WARNING - No viable dags retrieved from /Users/angel.georgiev/VsCodeProjects/PythonExamples/.venv/lib/python3.10/site-packages/airflow/example_dags/plugins/event_listener.py
[2024-01-11T20:53:07.265+0200] {processor.py:183} INFO - Processing /Users/angel.georgiev/VsCodeProjects/PythonExamples/.venv/lib/python3.10/site-packages/airflow/example_dags/plugins/event_listener.py took 0.136 seconds
[2024-01-11T20:55:15.124+0200] {processor.py:161} INFO - Started process (PID=36037) to work on /Users/angel.georgiev/VsCodeProjects/PythonExamples/.venv/lib/python3.10/site-packages/airflow/example_dags/plugins/event_listener.py
[2024-01-11T20:55:15.129+0200] {processor.py:830} INFO - Processing file /Users/angel.georgiev/VsCodeProjects/PythonExamples/.venv/lib/python3.10/site-packages/airflow/example_dags/plugins/event_listener.py for tasks to queue
[2024-01-11T20:55:15.129+0200] {logging_mixin.py:188} INFO - [2024-01-11T20:55:15.129+0200] {dagbag.py:538} INFO - Filling up the DagBag from /Users/angel.georgiev/VsCodeProjects/PythonExamples/.venv/lib/python3.10/site-packages/airflow/example_dags/plugins/event_listener.py
[2024-01-11T20:55:15.131+0200] {processor.py:842} WARNING - No viable dags retrieved from /Users/angel.georgiev/VsCodeProjects/PythonExamples/.venv/lib/python3.10/site-packages/airflow/example_dags/plugins/event_listener.py
[2024-01-11T20:55:15.262+0200] {processor.py:183} INFO - Processing /Users/angel.georgiev/VsCodeProjects/PythonExamples/.venv/lib/python3.10/site-packages/airflow/example_dags/plugins/event_listener.py took 0.139 seconds
[2024-01-11T20:57:51.207+0200] {processor.py:161} INFO - Started process (PID=36147) to work on /Users/angel.georgiev/VsCodeProjects/PythonExamples/.venv/lib/python3.10/site-packages/airflow/example_dags/plugins/event_listener.py
[2024-01-11T20:57:51.212+0200] {processor.py:830} INFO - Processing file /Users/angel.georgiev/VsCodeProjects/PythonExamples/.venv/lib/python3.10/site-packages/airflow/example_dags/plugins/event_listener.py for tasks to queue
[2024-01-11T20:57:51.213+0200] {logging_mixin.py:188} INFO - [2024-01-11T20:57:51.212+0200] {dagbag.py:538} INFO - Filling up the DagBag from /Users/angel.georgiev/VsCodeProjects/PythonExamples/.venv/lib/python3.10/site-packages/airflow/example_dags/plugins/event_listener.py
[2024-01-11T20:57:51.214+0200] {processor.py:842} WARNING - No viable dags retrieved from /Users/angel.georgiev/VsCodeProjects/PythonExamples/.venv/lib/python3.10/site-packages/airflow/example_dags/plugins/event_listener.py
[2024-01-11T20:57:51.355+0200] {processor.py:183} INFO - Processing /Users/angel.georgiev/VsCodeProjects/PythonExamples/.venv/lib/python3.10/site-packages/airflow/example_dags/plugins/event_listener.py took 0.150 seconds
