[2024-01-11T20:11:02.507+0200] {processor.py:161} INFO - Started process (PID=32953) to work on /Users/angel.georgiev/VsCodeProjects/PythonExamples/.venv/lib/python3.10/site-packages/airflow/example_dags/plugins/listener_plugin.py
[2024-01-11T20:11:02.511+0200] {processor.py:830} INFO - Processing file /Users/angel.georgiev/VsCodeProjects/PythonExamples/.venv/lib/python3.10/site-packages/airflow/example_dags/plugins/listener_plugin.py for tasks to queue
[2024-01-11T20:11:02.511+0200] {logging_mixin.py:188} INFO - [2024-01-11T20:11:02.511+0200] {dagbag.py:538} INFO - Filling up the DagBag from /Users/angel.georgiev/VsCodeProjects/PythonExamples/.venv/lib/python3.10/site-packages/airflow/example_dags/plugins/listener_plugin.py
[2024-01-11T20:11:02.514+0200] {processor.py:842} WARNING - No viable dags retrieved from /Users/angel.georgiev/VsCodeProjects/PythonExamples/.venv/lib/python3.10/site-packages/airflow/example_dags/plugins/listener_plugin.py
[2024-01-11T20:11:02.637+0200] {processor.py:183} INFO - Processing /Users/angel.georgiev/VsCodeProjects/PythonExamples/.venv/lib/python3.10/site-packages/airflow/example_dags/plugins/listener_plugin.py took 0.132 seconds
[2024-01-11T20:12:11.896+0200] {processor.py:161} INFO - Started process (PID=33079) to work on /Users/angel.georgiev/VsCodeProjects/PythonExamples/.venv/lib/python3.10/site-packages/airflow/example_dags/plugins/listener_plugin.py
[2024-01-11T20:12:11.901+0200] {processor.py:830} INFO - Processing file /Users/angel.georgiev/VsCodeProjects/PythonExamples/.venv/lib/python3.10/site-packages/airflow/example_dags/plugins/listener_plugin.py for tasks to queue
[2024-01-11T20:12:11.901+0200] {logging_mixin.py:188} INFO - [2024-01-11T20:12:11.901+0200] {dagbag.py:538} INFO - Filling up the DagBag from /Users/angel.georgiev/VsCodeProjects/PythonExamples/.venv/lib/python3.10/site-packages/airflow/example_dags/plugins/listener_plugin.py
[2024-01-11T20:12:11.904+0200] {processor.py:842} WARNING - No viable dags retrieved from /Users/angel.georgiev/VsCodeProjects/PythonExamples/.venv/lib/python3.10/site-packages/airflow/example_dags/plugins/listener_plugin.py
[2024-01-11T20:12:12.029+0200] {processor.py:183} INFO - Processing /Users/angel.georgiev/VsCodeProjects/PythonExamples/.venv/lib/python3.10/site-packages/airflow/example_dags/plugins/listener_plugin.py took 0.134 seconds
[2024-01-11T20:13:15.156+0200] {processor.py:161} INFO - Started process (PID=33183) to work on /Users/angel.georgiev/VsCodeProjects/PythonExamples/.venv/lib/python3.10/site-packages/airflow/example_dags/plugins/listener_plugin.py
[2024-01-11T20:13:15.160+0200] {processor.py:830} INFO - Processing file /Users/angel.georgiev/VsCodeProjects/PythonExamples/.venv/lib/python3.10/site-packages/airflow/example_dags/plugins/listener_plugin.py for tasks to queue
[2024-01-11T20:13:15.161+0200] {logging_mixin.py:188} INFO - [2024-01-11T20:13:15.161+0200] {dagbag.py:538} INFO - Filling up the DagBag from /Users/angel.georgiev/VsCodeProjects/PythonExamples/.venv/lib/python3.10/site-packages/airflow/example_dags/plugins/listener_plugin.py
[2024-01-11T20:13:15.163+0200] {processor.py:842} WARNING - No viable dags retrieved from /Users/angel.georgiev/VsCodeProjects/PythonExamples/.venv/lib/python3.10/site-packages/airflow/example_dags/plugins/listener_plugin.py
[2024-01-11T20:13:15.289+0200] {processor.py:183} INFO - Processing /Users/angel.georgiev/VsCodeProjects/PythonExamples/.venv/lib/python3.10/site-packages/airflow/example_dags/plugins/listener_plugin.py took 0.134 seconds
[2024-01-11T20:16:19.968+0200] {processor.py:161} INFO - Started process (PID=33367) to work on /Users/angel.georgiev/VsCodeProjects/PythonExamples/.venv/lib/python3.10/site-packages/airflow/example_dags/plugins/listener_plugin.py
[2024-01-11T20:16:19.988+0200] {processor.py:830} INFO - Processing file /Users/angel.georgiev/VsCodeProjects/PythonExamples/.venv/lib/python3.10/site-packages/airflow/example_dags/plugins/listener_plugin.py for tasks to queue
[2024-01-11T20:16:19.988+0200] {logging_mixin.py:188} INFO - [2024-01-11T20:16:19.988+0200] {dagbag.py:538} INFO - Filling up the DagBag from /Users/angel.georgiev/VsCodeProjects/PythonExamples/.venv/lib/python3.10/site-packages/airflow/example_dags/plugins/listener_plugin.py
[2024-01-11T20:16:19.993+0200] {processor.py:842} WARNING - No viable dags retrieved from /Users/angel.georgiev/VsCodeProjects/PythonExamples/.venv/lib/python3.10/site-packages/airflow/example_dags/plugins/listener_plugin.py
[2024-01-11T20:16:20.183+0200] {processor.py:183} INFO - Processing /Users/angel.georgiev/VsCodeProjects/PythonExamples/.venv/lib/python3.10/site-packages/airflow/example_dags/plugins/listener_plugin.py took 0.217 seconds
[2024-01-11T20:18:41.876+0200] {processor.py:161} INFO - Started process (PID=33582) to work on /Users/angel.georgiev/VsCodeProjects/PythonExamples/.venv/lib/python3.10/site-packages/airflow/example_dags/plugins/listener_plugin.py
[2024-01-11T20:18:41.884+0200] {processor.py:830} INFO - Processing file /Users/angel.georgiev/VsCodeProjects/PythonExamples/.venv/lib/python3.10/site-packages/airflow/example_dags/plugins/listener_plugin.py for tasks to queue
[2024-01-11T20:18:41.885+0200] {logging_mixin.py:188} INFO - [2024-01-11T20:18:41.885+0200] {dagbag.py:538} INFO - Filling up the DagBag from /Users/angel.georgiev/VsCodeProjects/PythonExamples/.venv/lib/python3.10/site-packages/airflow/example_dags/plugins/listener_plugin.py
[2024-01-11T20:18:41.893+0200] {processor.py:842} WARNING - No viable dags retrieved from /Users/angel.georgiev/VsCodeProjects/PythonExamples/.venv/lib/python3.10/site-packages/airflow/example_dags/plugins/listener_plugin.py
[2024-01-11T20:18:42.091+0200] {processor.py:183} INFO - Processing /Users/angel.georgiev/VsCodeProjects/PythonExamples/.venv/lib/python3.10/site-packages/airflow/example_dags/plugins/listener_plugin.py took 0.216 seconds
[2024-01-11T20:21:14.995+0200] {processor.py:161} INFO - Started process (PID=33754) to work on /Users/angel.georgiev/VsCodeProjects/PythonExamples/.venv/lib/python3.10/site-packages/airflow/example_dags/plugins/listener_plugin.py
[2024-01-11T20:21:15.000+0200] {processor.py:830} INFO - Processing file /Users/angel.georgiev/VsCodeProjects/PythonExamples/.venv/lib/python3.10/site-packages/airflow/example_dags/plugins/listener_plugin.py for tasks to queue
[2024-01-11T20:21:15.000+0200] {logging_mixin.py:188} INFO - [2024-01-11T20:21:15.000+0200] {dagbag.py:538} INFO - Filling up the DagBag from /Users/angel.georgiev/VsCodeProjects/PythonExamples/.venv/lib/python3.10/site-packages/airflow/example_dags/plugins/listener_plugin.py
[2024-01-11T20:21:15.006+0200] {processor.py:842} WARNING - No viable dags retrieved from /Users/angel.georgiev/VsCodeProjects/PythonExamples/.venv/lib/python3.10/site-packages/airflow/example_dags/plugins/listener_plugin.py
[2024-01-11T20:21:15.146+0200] {processor.py:183} INFO - Processing /Users/angel.georgiev/VsCodeProjects/PythonExamples/.venv/lib/python3.10/site-packages/airflow/example_dags/plugins/listener_plugin.py took 0.152 seconds
[2024-01-11T20:23:22.783+0200] {processor.py:161} INFO - Started process (PID=33855) to work on /Users/angel.georgiev/VsCodeProjects/PythonExamples/.venv/lib/python3.10/site-packages/airflow/example_dags/plugins/listener_plugin.py
[2024-01-11T20:23:22.787+0200] {processor.py:830} INFO - Processing file /Users/angel.georgiev/VsCodeProjects/PythonExamples/.venv/lib/python3.10/site-packages/airflow/example_dags/plugins/listener_plugin.py for tasks to queue
[2024-01-11T20:23:22.788+0200] {logging_mixin.py:188} INFO - [2024-01-11T20:23:22.788+0200] {dagbag.py:538} INFO - Filling up the DagBag from /Users/angel.georgiev/VsCodeProjects/PythonExamples/.venv/lib/python3.10/site-packages/airflow/example_dags/plugins/listener_plugin.py
[2024-01-11T20:23:22.792+0200] {processor.py:842} WARNING - No viable dags retrieved from /Users/angel.georgiev/VsCodeProjects/PythonExamples/.venv/lib/python3.10/site-packages/airflow/example_dags/plugins/listener_plugin.py
[2024-01-11T20:23:22.963+0200] {processor.py:183} INFO - Processing /Users/angel.georgiev/VsCodeProjects/PythonExamples/.venv/lib/python3.10/site-packages/airflow/example_dags/plugins/listener_plugin.py took 0.181 seconds
[2024-01-11T20:25:45.880+0200] {processor.py:161} INFO - Started process (PID=34092) to work on /Users/angel.georgiev/VsCodeProjects/PythonExamples/.venv/lib/python3.10/site-packages/airflow/example_dags/plugins/listener_plugin.py
[2024-01-11T20:25:45.884+0200] {processor.py:830} INFO - Processing file /Users/angel.georgiev/VsCodeProjects/PythonExamples/.venv/lib/python3.10/site-packages/airflow/example_dags/plugins/listener_plugin.py for tasks to queue
[2024-01-11T20:25:45.884+0200] {logging_mixin.py:188} INFO - [2024-01-11T20:25:45.884+0200] {dagbag.py:538} INFO - Filling up the DagBag from /Users/angel.georgiev/VsCodeProjects/PythonExamples/.venv/lib/python3.10/site-packages/airflow/example_dags/plugins/listener_plugin.py
[2024-01-11T20:25:45.890+0200] {processor.py:842} WARNING - No viable dags retrieved from /Users/angel.georgiev/VsCodeProjects/PythonExamples/.venv/lib/python3.10/site-packages/airflow/example_dags/plugins/listener_plugin.py
[2024-01-11T20:25:46.016+0200] {processor.py:183} INFO - Processing /Users/angel.georgiev/VsCodeProjects/PythonExamples/.venv/lib/python3.10/site-packages/airflow/example_dags/plugins/listener_plugin.py took 0.137 seconds
[2024-01-11T20:28:22.862+0200] {processor.py:161} INFO - Started process (PID=34193) to work on /Users/angel.georgiev/VsCodeProjects/PythonExamples/.venv/lib/python3.10/site-packages/airflow/example_dags/plugins/listener_plugin.py
[2024-01-11T20:28:22.867+0200] {processor.py:830} INFO - Processing file /Users/angel.georgiev/VsCodeProjects/PythonExamples/.venv/lib/python3.10/site-packages/airflow/example_dags/plugins/listener_plugin.py for tasks to queue
[2024-01-11T20:28:22.867+0200] {logging_mixin.py:188} INFO - [2024-01-11T20:28:22.867+0200] {dagbag.py:538} INFO - Filling up the DagBag from /Users/angel.georgiev/VsCodeProjects/PythonExamples/.venv/lib/python3.10/site-packages/airflow/example_dags/plugins/listener_plugin.py
[2024-01-11T20:28:22.871+0200] {processor.py:842} WARNING - No viable dags retrieved from /Users/angel.georgiev/VsCodeProjects/PythonExamples/.venv/lib/python3.10/site-packages/airflow/example_dags/plugins/listener_plugin.py
[2024-01-11T20:28:23.011+0200] {processor.py:183} INFO - Processing /Users/angel.georgiev/VsCodeProjects/PythonExamples/.venv/lib/python3.10/site-packages/airflow/example_dags/plugins/listener_plugin.py took 0.151 seconds
[2024-01-11T20:30:51.479+0200] {processor.py:161} INFO - Started process (PID=34399) to work on /Users/angel.georgiev/VsCodeProjects/PythonExamples/.venv/lib/python3.10/site-packages/airflow/example_dags/plugins/listener_plugin.py
[2024-01-11T20:30:51.484+0200] {processor.py:830} INFO - Processing file /Users/angel.georgiev/VsCodeProjects/PythonExamples/.venv/lib/python3.10/site-packages/airflow/example_dags/plugins/listener_plugin.py for tasks to queue
[2024-01-11T20:30:51.485+0200] {logging_mixin.py:188} INFO - [2024-01-11T20:30:51.484+0200] {dagbag.py:538} INFO - Filling up the DagBag from /Users/angel.georgiev/VsCodeProjects/PythonExamples/.venv/lib/python3.10/site-packages/airflow/example_dags/plugins/listener_plugin.py
[2024-01-11T20:30:51.490+0200] {processor.py:842} WARNING - No viable dags retrieved from /Users/angel.georgiev/VsCodeProjects/PythonExamples/.venv/lib/python3.10/site-packages/airflow/example_dags/plugins/listener_plugin.py
[2024-01-11T20:30:51.645+0200] {processor.py:183} INFO - Processing /Users/angel.georgiev/VsCodeProjects/PythonExamples/.venv/lib/python3.10/site-packages/airflow/example_dags/plugins/listener_plugin.py took 0.168 seconds
[2024-01-11T20:33:42.729+0200] {processor.py:161} INFO - Started process (PID=34530) to work on /Users/angel.georgiev/VsCodeProjects/PythonExamples/.venv/lib/python3.10/site-packages/airflow/example_dags/plugins/listener_plugin.py
[2024-01-11T20:33:42.734+0200] {processor.py:830} INFO - Processing file /Users/angel.georgiev/VsCodeProjects/PythonExamples/.venv/lib/python3.10/site-packages/airflow/example_dags/plugins/listener_plugin.py for tasks to queue
[2024-01-11T20:33:42.735+0200] {logging_mixin.py:188} INFO - [2024-01-11T20:33:42.735+0200] {dagbag.py:538} INFO - Filling up the DagBag from /Users/angel.georgiev/VsCodeProjects/PythonExamples/.venv/lib/python3.10/site-packages/airflow/example_dags/plugins/listener_plugin.py
[2024-01-11T20:33:42.742+0200] {processor.py:842} WARNING - No viable dags retrieved from /Users/angel.georgiev/VsCodeProjects/PythonExamples/.venv/lib/python3.10/site-packages/airflow/example_dags/plugins/listener_plugin.py
[2024-01-11T20:33:42.879+0200] {processor.py:183} INFO - Processing /Users/angel.georgiev/VsCodeProjects/PythonExamples/.venv/lib/python3.10/site-packages/airflow/example_dags/plugins/listener_plugin.py took 0.152 seconds
[2024-01-11T20:36:38.086+0200] {processor.py:161} INFO - Started process (PID=34783) to work on /Users/angel.georgiev/VsCodeProjects/PythonExamples/.venv/lib/python3.10/site-packages/airflow/example_dags/plugins/listener_plugin.py
[2024-01-11T20:36:38.093+0200] {processor.py:830} INFO - Processing file /Users/angel.georgiev/VsCodeProjects/PythonExamples/.venv/lib/python3.10/site-packages/airflow/example_dags/plugins/listener_plugin.py for tasks to queue
[2024-01-11T20:36:38.095+0200] {logging_mixin.py:188} INFO - [2024-01-11T20:36:38.094+0200] {dagbag.py:538} INFO - Filling up the DagBag from /Users/angel.georgiev/VsCodeProjects/PythonExamples/.venv/lib/python3.10/site-packages/airflow/example_dags/plugins/listener_plugin.py
[2024-01-11T20:36:38.101+0200] {processor.py:842} WARNING - No viable dags retrieved from /Users/angel.georgiev/VsCodeProjects/PythonExamples/.venv/lib/python3.10/site-packages/airflow/example_dags/plugins/listener_plugin.py
[2024-01-11T20:36:38.269+0200] {processor.py:183} INFO - Processing /Users/angel.georgiev/VsCodeProjects/PythonExamples/.venv/lib/python3.10/site-packages/airflow/example_dags/plugins/listener_plugin.py took 0.185 seconds
[2024-01-11T20:39:48.556+0200] {processor.py:161} INFO - Started process (PID=34973) to work on /Users/angel.georgiev/VsCodeProjects/PythonExamples/.venv/lib/python3.10/site-packages/airflow/example_dags/plugins/listener_plugin.py
[2024-01-11T20:39:48.562+0200] {processor.py:830} INFO - Processing file /Users/angel.georgiev/VsCodeProjects/PythonExamples/.venv/lib/python3.10/site-packages/airflow/example_dags/plugins/listener_plugin.py for tasks to queue
[2024-01-11T20:39:48.563+0200] {logging_mixin.py:188} INFO - [2024-01-11T20:39:48.563+0200] {dagbag.py:538} INFO - Filling up the DagBag from /Users/angel.georgiev/VsCodeProjects/PythonExamples/.venv/lib/python3.10/site-packages/airflow/example_dags/plugins/listener_plugin.py
[2024-01-11T20:39:48.570+0200] {processor.py:842} WARNING - No viable dags retrieved from /Users/angel.georgiev/VsCodeProjects/PythonExamples/.venv/lib/python3.10/site-packages/airflow/example_dags/plugins/listener_plugin.py
[2024-01-11T20:39:48.753+0200] {processor.py:183} INFO - Processing /Users/angel.georgiev/VsCodeProjects/PythonExamples/.venv/lib/python3.10/site-packages/airflow/example_dags/plugins/listener_plugin.py took 0.201 seconds
[2024-01-11T20:42:55.331+0200] {processor.py:161} INFO - Started process (PID=35268) to work on /Users/angel.georgiev/VsCodeProjects/PythonExamples/.venv/lib/python3.10/site-packages/airflow/example_dags/plugins/listener_plugin.py
[2024-01-11T20:42:55.336+0200] {processor.py:830} INFO - Processing file /Users/angel.georgiev/VsCodeProjects/PythonExamples/.venv/lib/python3.10/site-packages/airflow/example_dags/plugins/listener_plugin.py for tasks to queue
[2024-01-11T20:42:55.337+0200] {logging_mixin.py:188} INFO - [2024-01-11T20:42:55.337+0200] {dagbag.py:538} INFO - Filling up the DagBag from /Users/angel.georgiev/VsCodeProjects/PythonExamples/.venv/lib/python3.10/site-packages/airflow/example_dags/plugins/listener_plugin.py
[2024-01-11T20:42:55.345+0200] {processor.py:842} WARNING - No viable dags retrieved from /Users/angel.georgiev/VsCodeProjects/PythonExamples/.venv/lib/python3.10/site-packages/airflow/example_dags/plugins/listener_plugin.py
[2024-01-11T20:42:55.604+0200] {processor.py:183} INFO - Processing /Users/angel.georgiev/VsCodeProjects/PythonExamples/.venv/lib/python3.10/site-packages/airflow/example_dags/plugins/listener_plugin.py took 0.274 seconds
[2024-01-11T20:45:19.808+0200] {processor.py:161} INFO - Started process (PID=35375) to work on /Users/angel.georgiev/VsCodeProjects/PythonExamples/.venv/lib/python3.10/site-packages/airflow/example_dags/plugins/listener_plugin.py
[2024-01-11T20:45:19.812+0200] {processor.py:830} INFO - Processing file /Users/angel.georgiev/VsCodeProjects/PythonExamples/.venv/lib/python3.10/site-packages/airflow/example_dags/plugins/listener_plugin.py for tasks to queue
[2024-01-11T20:45:19.812+0200] {logging_mixin.py:188} INFO - [2024-01-11T20:45:19.812+0200] {dagbag.py:538} INFO - Filling up the DagBag from /Users/angel.georgiev/VsCodeProjects/PythonExamples/.venv/lib/python3.10/site-packages/airflow/example_dags/plugins/listener_plugin.py
[2024-01-11T20:45:19.818+0200] {processor.py:842} WARNING - No viable dags retrieved from /Users/angel.georgiev/VsCodeProjects/PythonExamples/.venv/lib/python3.10/site-packages/airflow/example_dags/plugins/listener_plugin.py
[2024-01-11T20:45:19.949+0200] {processor.py:183} INFO - Processing /Users/angel.georgiev/VsCodeProjects/PythonExamples/.venv/lib/python3.10/site-packages/airflow/example_dags/plugins/listener_plugin.py took 0.143 seconds
[2024-01-11T20:47:18.729+0200] {processor.py:161} INFO - Started process (PID=35455) to work on /Users/angel.georgiev/VsCodeProjects/PythonExamples/.venv/lib/python3.10/site-packages/airflow/example_dags/plugins/listener_plugin.py
[2024-01-11T20:47:18.733+0200] {processor.py:830} INFO - Processing file /Users/angel.georgiev/VsCodeProjects/PythonExamples/.venv/lib/python3.10/site-packages/airflow/example_dags/plugins/listener_plugin.py for tasks to queue
[2024-01-11T20:47:18.734+0200] {logging_mixin.py:188} INFO - [2024-01-11T20:47:18.734+0200] {dagbag.py:538} INFO - Filling up the DagBag from /Users/angel.georgiev/VsCodeProjects/PythonExamples/.venv/lib/python3.10/site-packages/airflow/example_dags/plugins/listener_plugin.py
[2024-01-11T20:47:18.738+0200] {processor.py:842} WARNING - No viable dags retrieved from /Users/angel.georgiev/VsCodeProjects/PythonExamples/.venv/lib/python3.10/site-packages/airflow/example_dags/plugins/listener_plugin.py
[2024-01-11T20:47:18.874+0200] {processor.py:183} INFO - Processing /Users/angel.georgiev/VsCodeProjects/PythonExamples/.venv/lib/python3.10/site-packages/airflow/example_dags/plugins/listener_plugin.py took 0.146 seconds
[2024-01-11T20:49:16.159+0200] {processor.py:161} INFO - Started process (PID=35618) to work on /Users/angel.georgiev/VsCodeProjects/PythonExamples/.venv/lib/python3.10/site-packages/airflow/example_dags/plugins/listener_plugin.py
[2024-01-11T20:49:16.164+0200] {processor.py:830} INFO - Processing file /Users/angel.georgiev/VsCodeProjects/PythonExamples/.venv/lib/python3.10/site-packages/airflow/example_dags/plugins/listener_plugin.py for tasks to queue
[2024-01-11T20:49:16.164+0200] {logging_mixin.py:188} INFO - [2024-01-11T20:49:16.164+0200] {dagbag.py:538} INFO - Filling up the DagBag from /Users/angel.georgiev/VsCodeProjects/PythonExamples/.venv/lib/python3.10/site-packages/airflow/example_dags/plugins/listener_plugin.py
[2024-01-11T20:49:16.168+0200] {processor.py:842} WARNING - No viable dags retrieved from /Users/angel.georgiev/VsCodeProjects/PythonExamples/.venv/lib/python3.10/site-packages/airflow/example_dags/plugins/listener_plugin.py
[2024-01-11T20:49:16.307+0200] {processor.py:183} INFO - Processing /Users/angel.georgiev/VsCodeProjects/PythonExamples/.venv/lib/python3.10/site-packages/airflow/example_dags/plugins/listener_plugin.py took 0.149 seconds
[2024-01-11T20:51:09.330+0200] {processor.py:161} INFO - Started process (PID=35725) to work on /Users/angel.georgiev/VsCodeProjects/PythonExamples/.venv/lib/python3.10/site-packages/airflow/example_dags/plugins/listener_plugin.py
[2024-01-11T20:51:09.335+0200] {processor.py:830} INFO - Processing file /Users/angel.georgiev/VsCodeProjects/PythonExamples/.venv/lib/python3.10/site-packages/airflow/example_dags/plugins/listener_plugin.py for tasks to queue
[2024-01-11T20:51:09.335+0200] {logging_mixin.py:188} INFO - [2024-01-11T20:51:09.335+0200] {dagbag.py:538} INFO - Filling up the DagBag from /Users/angel.georgiev/VsCodeProjects/PythonExamples/.venv/lib/python3.10/site-packages/airflow/example_dags/plugins/listener_plugin.py
[2024-01-11T20:51:09.340+0200] {processor.py:842} WARNING - No viable dags retrieved from /Users/angel.georgiev/VsCodeProjects/PythonExamples/.venv/lib/python3.10/site-packages/airflow/example_dags/plugins/listener_plugin.py
[2024-01-11T20:51:09.466+0200] {processor.py:183} INFO - Processing /Users/angel.georgiev/VsCodeProjects/PythonExamples/.venv/lib/python3.10/site-packages/airflow/example_dags/plugins/listener_plugin.py took 0.137 seconds
[2024-01-11T20:53:04.422+0200] {processor.py:161} INFO - Started process (PID=35824) to work on /Users/angel.georgiev/VsCodeProjects/PythonExamples/.venv/lib/python3.10/site-packages/airflow/example_dags/plugins/listener_plugin.py
[2024-01-11T20:53:04.427+0200] {processor.py:830} INFO - Processing file /Users/angel.georgiev/VsCodeProjects/PythonExamples/.venv/lib/python3.10/site-packages/airflow/example_dags/plugins/listener_plugin.py for tasks to queue
[2024-01-11T20:53:04.427+0200] {logging_mixin.py:188} INFO - [2024-01-11T20:53:04.427+0200] {dagbag.py:538} INFO - Filling up the DagBag from /Users/angel.georgiev/VsCodeProjects/PythonExamples/.venv/lib/python3.10/site-packages/airflow/example_dags/plugins/listener_plugin.py
[2024-01-11T20:53:04.433+0200] {processor.py:842} WARNING - No viable dags retrieved from /Users/angel.georgiev/VsCodeProjects/PythonExamples/.venv/lib/python3.10/site-packages/airflow/example_dags/plugins/listener_plugin.py
[2024-01-11T20:53:04.556+0200] {processor.py:183} INFO - Processing /Users/angel.georgiev/VsCodeProjects/PythonExamples/.venv/lib/python3.10/site-packages/airflow/example_dags/plugins/listener_plugin.py took 0.136 seconds
[2024-01-11T20:55:12.066+0200] {processor.py:161} INFO - Started process (PID=36036) to work on /Users/angel.georgiev/VsCodeProjects/PythonExamples/.venv/lib/python3.10/site-packages/airflow/example_dags/plugins/listener_plugin.py
[2024-01-11T20:55:12.070+0200] {processor.py:830} INFO - Processing file /Users/angel.georgiev/VsCodeProjects/PythonExamples/.venv/lib/python3.10/site-packages/airflow/example_dags/plugins/listener_plugin.py for tasks to queue
[2024-01-11T20:55:12.071+0200] {logging_mixin.py:188} INFO - [2024-01-11T20:55:12.071+0200] {dagbag.py:538} INFO - Filling up the DagBag from /Users/angel.georgiev/VsCodeProjects/PythonExamples/.venv/lib/python3.10/site-packages/airflow/example_dags/plugins/listener_plugin.py
[2024-01-11T20:55:12.076+0200] {processor.py:842} WARNING - No viable dags retrieved from /Users/angel.georgiev/VsCodeProjects/PythonExamples/.venv/lib/python3.10/site-packages/airflow/example_dags/plugins/listener_plugin.py
[2024-01-11T20:55:12.217+0200] {processor.py:183} INFO - Processing /Users/angel.georgiev/VsCodeProjects/PythonExamples/.venv/lib/python3.10/site-packages/airflow/example_dags/plugins/listener_plugin.py took 0.153 seconds
[2024-01-11T20:57:47.438+0200] {processor.py:161} INFO - Started process (PID=36146) to work on /Users/angel.georgiev/VsCodeProjects/PythonExamples/.venv/lib/python3.10/site-packages/airflow/example_dags/plugins/listener_plugin.py
[2024-01-11T20:57:47.444+0200] {processor.py:830} INFO - Processing file /Users/angel.georgiev/VsCodeProjects/PythonExamples/.venv/lib/python3.10/site-packages/airflow/example_dags/plugins/listener_plugin.py for tasks to queue
[2024-01-11T20:57:47.445+0200] {logging_mixin.py:188} INFO - [2024-01-11T20:57:47.444+0200] {dagbag.py:538} INFO - Filling up the DagBag from /Users/angel.georgiev/VsCodeProjects/PythonExamples/.venv/lib/python3.10/site-packages/airflow/example_dags/plugins/listener_plugin.py
[2024-01-11T20:57:47.449+0200] {processor.py:842} WARNING - No viable dags retrieved from /Users/angel.georgiev/VsCodeProjects/PythonExamples/.venv/lib/python3.10/site-packages/airflow/example_dags/plugins/listener_plugin.py
[2024-01-11T20:57:47.612+0200] {processor.py:183} INFO - Processing /Users/angel.georgiev/VsCodeProjects/PythonExamples/.venv/lib/python3.10/site-packages/airflow/example_dags/plugins/listener_plugin.py took 0.176 seconds
