[2024-01-11T20:10:59.293+0200] {processor.py:161} INFO - Started process (PID=32950) to work on /Users/angel.georgiev/VsCodeProjects/PythonExamples/.venv/lib/python3.10/site-packages/airflow/example_dags/plugins/workday.py
[2024-01-11T20:10:59.297+0200] {processor.py:830} INFO - Processing file /Users/angel.georgiev/VsCodeProjects/PythonExamples/.venv/lib/python3.10/site-packages/airflow/example_dags/plugins/workday.py for tasks to queue
[2024-01-11T20:10:59.298+0200] {logging_mixin.py:188} INFO - [2024-01-11T20:10:59.297+0200] {dagbag.py:538} INFO - Filling up the DagBag from /Users/angel.georgiev/VsCodeProjects/PythonExamples/.venv/lib/python3.10/site-packages/airflow/example_dags/plugins/workday.py
[2024-01-11T20:10:59.299+0200] {logging_mixin.py:188} INFO - [2024-01-11T20:10:59.299+0200] {workday.py:40} WARNING - Could not import pandas. Holidays will not be considered.
[2024-01-11T20:10:59.299+0200] {processor.py:842} WARNING - No viable dags retrieved from /Users/angel.georgiev/VsCodeProjects/PythonExamples/.venv/lib/python3.10/site-packages/airflow/example_dags/plugins/workday.py
[2024-01-11T20:10:59.424+0200] {processor.py:183} INFO - Processing /Users/angel.georgiev/VsCodeProjects/PythonExamples/.venv/lib/python3.10/site-packages/airflow/example_dags/plugins/workday.py took 0.132 seconds
[2024-01-11T20:12:08.793+0200] {processor.py:161} INFO - Started process (PID=33076) to work on /Users/angel.georgiev/VsCodeProjects/PythonExamples/.venv/lib/python3.10/site-packages/airflow/example_dags/plugins/workday.py
[2024-01-11T20:12:08.800+0200] {processor.py:830} INFO - Processing file /Users/angel.georgiev/VsCodeProjects/PythonExamples/.venv/lib/python3.10/site-packages/airflow/example_dags/plugins/workday.py for tasks to queue
[2024-01-11T20:12:08.801+0200] {logging_mixin.py:188} INFO - [2024-01-11T20:12:08.801+0200] {dagbag.py:538} INFO - Filling up the DagBag from /Users/angel.georgiev/VsCodeProjects/PythonExamples/.venv/lib/python3.10/site-packages/airflow/example_dags/plugins/workday.py
[2024-01-11T20:12:08.803+0200] {logging_mixin.py:188} INFO - [2024-01-11T20:12:08.803+0200] {workday.py:40} WARNING - Could not import pandas. Holidays will not be considered.
[2024-01-11T20:12:08.804+0200] {processor.py:842} WARNING - No viable dags retrieved from /Users/angel.georgiev/VsCodeProjects/PythonExamples/.venv/lib/python3.10/site-packages/airflow/example_dags/plugins/workday.py
[2024-01-11T20:12:08.940+0200] {processor.py:183} INFO - Processing /Users/angel.georgiev/VsCodeProjects/PythonExamples/.venv/lib/python3.10/site-packages/airflow/example_dags/plugins/workday.py took 0.148 seconds
[2024-01-11T20:13:12.084+0200] {processor.py:161} INFO - Started process (PID=33182) to work on /Users/angel.georgiev/VsCodeProjects/PythonExamples/.venv/lib/python3.10/site-packages/airflow/example_dags/plugins/workday.py
[2024-01-11T20:13:12.088+0200] {processor.py:830} INFO - Processing file /Users/angel.georgiev/VsCodeProjects/PythonExamples/.venv/lib/python3.10/site-packages/airflow/example_dags/plugins/workday.py for tasks to queue
[2024-01-11T20:13:12.089+0200] {logging_mixin.py:188} INFO - [2024-01-11T20:13:12.089+0200] {dagbag.py:538} INFO - Filling up the DagBag from /Users/angel.georgiev/VsCodeProjects/PythonExamples/.venv/lib/python3.10/site-packages/airflow/example_dags/plugins/workday.py
[2024-01-11T20:13:12.091+0200] {logging_mixin.py:188} INFO - [2024-01-11T20:13:12.090+0200] {workday.py:40} WARNING - Could not import pandas. Holidays will not be considered.
[2024-01-11T20:13:12.091+0200] {processor.py:842} WARNING - No viable dags retrieved from /Users/angel.georgiev/VsCodeProjects/PythonExamples/.venv/lib/python3.10/site-packages/airflow/example_dags/plugins/workday.py
[2024-01-11T20:13:12.216+0200] {processor.py:183} INFO - Processing /Users/angel.georgiev/VsCodeProjects/PythonExamples/.venv/lib/python3.10/site-packages/airflow/example_dags/plugins/workday.py took 0.133 seconds
[2024-01-11T20:16:13.656+0200] {processor.py:161} INFO - Started process (PID=33349) to work on /Users/angel.georgiev/VsCodeProjects/PythonExamples/.venv/lib/python3.10/site-packages/airflow/example_dags/plugins/workday.py
[2024-01-11T20:16:13.664+0200] {processor.py:830} INFO - Processing file /Users/angel.georgiev/VsCodeProjects/PythonExamples/.venv/lib/python3.10/site-packages/airflow/example_dags/plugins/workday.py for tasks to queue
[2024-01-11T20:16:13.665+0200] {logging_mixin.py:188} INFO - [2024-01-11T20:16:13.665+0200] {dagbag.py:538} INFO - Filling up the DagBag from /Users/angel.georgiev/VsCodeProjects/PythonExamples/.venv/lib/python3.10/site-packages/airflow/example_dags/plugins/workday.py
[2024-01-11T20:16:13.670+0200] {logging_mixin.py:188} INFO - [2024-01-11T20:16:13.670+0200] {workday.py:40} WARNING - Could not import pandas. Holidays will not be considered.
[2024-01-11T20:16:13.670+0200] {processor.py:842} WARNING - No viable dags retrieved from /Users/angel.georgiev/VsCodeProjects/PythonExamples/.venv/lib/python3.10/site-packages/airflow/example_dags/plugins/workday.py
[2024-01-11T20:16:13.970+0200] {processor.py:183} INFO - Processing /Users/angel.georgiev/VsCodeProjects/PythonExamples/.venv/lib/python3.10/site-packages/airflow/example_dags/plugins/workday.py took 0.316 seconds
[2024-01-11T20:18:36.902+0200] {processor.py:161} INFO - Started process (PID=33581) to work on /Users/angel.georgiev/VsCodeProjects/PythonExamples/.venv/lib/python3.10/site-packages/airflow/example_dags/plugins/workday.py
[2024-01-11T20:18:36.909+0200] {processor.py:830} INFO - Processing file /Users/angel.georgiev/VsCodeProjects/PythonExamples/.venv/lib/python3.10/site-packages/airflow/example_dags/plugins/workday.py for tasks to queue
[2024-01-11T20:18:36.910+0200] {logging_mixin.py:188} INFO - [2024-01-11T20:18:36.910+0200] {dagbag.py:538} INFO - Filling up the DagBag from /Users/angel.georgiev/VsCodeProjects/PythonExamples/.venv/lib/python3.10/site-packages/airflow/example_dags/plugins/workday.py
[2024-01-11T20:18:36.912+0200] {logging_mixin.py:188} INFO - [2024-01-11T20:18:36.912+0200] {workday.py:40} WARNING - Could not import pandas. Holidays will not be considered.
[2024-01-11T20:18:36.912+0200] {processor.py:842} WARNING - No viable dags retrieved from /Users/angel.georgiev/VsCodeProjects/PythonExamples/.venv/lib/python3.10/site-packages/airflow/example_dags/plugins/workday.py
[2024-01-11T20:18:37.077+0200] {processor.py:183} INFO - Processing /Users/angel.georgiev/VsCodeProjects/PythonExamples/.venv/lib/python3.10/site-packages/airflow/example_dags/plugins/workday.py took 0.177 seconds
[2024-01-11T20:21:11.753+0200] {processor.py:161} INFO - Started process (PID=33753) to work on /Users/angel.georgiev/VsCodeProjects/PythonExamples/.venv/lib/python3.10/site-packages/airflow/example_dags/plugins/workday.py
[2024-01-11T20:21:11.758+0200] {processor.py:830} INFO - Processing file /Users/angel.georgiev/VsCodeProjects/PythonExamples/.venv/lib/python3.10/site-packages/airflow/example_dags/plugins/workday.py for tasks to queue
[2024-01-11T20:21:11.758+0200] {logging_mixin.py:188} INFO - [2024-01-11T20:21:11.758+0200] {dagbag.py:538} INFO - Filling up the DagBag from /Users/angel.georgiev/VsCodeProjects/PythonExamples/.venv/lib/python3.10/site-packages/airflow/example_dags/plugins/workday.py
[2024-01-11T20:21:11.761+0200] {logging_mixin.py:188} INFO - [2024-01-11T20:21:11.760+0200] {workday.py:40} WARNING - Could not import pandas. Holidays will not be considered.
[2024-01-11T20:21:11.761+0200] {processor.py:842} WARNING - No viable dags retrieved from /Users/angel.georgiev/VsCodeProjects/PythonExamples/.venv/lib/python3.10/site-packages/airflow/example_dags/plugins/workday.py
[2024-01-11T20:21:11.901+0200] {processor.py:183} INFO - Processing /Users/angel.georgiev/VsCodeProjects/PythonExamples/.venv/lib/python3.10/site-packages/airflow/example_dags/plugins/workday.py took 0.150 seconds
[2024-01-11T20:23:19.650+0200] {processor.py:161} INFO - Started process (PID=33854) to work on /Users/angel.georgiev/VsCodeProjects/PythonExamples/.venv/lib/python3.10/site-packages/airflow/example_dags/plugins/workday.py
[2024-01-11T20:23:19.656+0200] {processor.py:830} INFO - Processing file /Users/angel.georgiev/VsCodeProjects/PythonExamples/.venv/lib/python3.10/site-packages/airflow/example_dags/plugins/workday.py for tasks to queue
[2024-01-11T20:23:19.657+0200] {logging_mixin.py:188} INFO - [2024-01-11T20:23:19.656+0200] {dagbag.py:538} INFO - Filling up the DagBag from /Users/angel.georgiev/VsCodeProjects/PythonExamples/.venv/lib/python3.10/site-packages/airflow/example_dags/plugins/workday.py
[2024-01-11T20:23:19.659+0200] {logging_mixin.py:188} INFO - [2024-01-11T20:23:19.659+0200] {workday.py:40} WARNING - Could not import pandas. Holidays will not be considered.
[2024-01-11T20:23:19.660+0200] {processor.py:842} WARNING - No viable dags retrieved from /Users/angel.georgiev/VsCodeProjects/PythonExamples/.venv/lib/python3.10/site-packages/airflow/example_dags/plugins/workday.py
[2024-01-11T20:23:19.856+0200] {processor.py:183} INFO - Processing /Users/angel.georgiev/VsCodeProjects/PythonExamples/.venv/lib/python3.10/site-packages/airflow/example_dags/plugins/workday.py took 0.207 seconds
[2024-01-11T20:25:42.922+0200] {processor.py:161} INFO - Started process (PID=34090) to work on /Users/angel.georgiev/VsCodeProjects/PythonExamples/.venv/lib/python3.10/site-packages/airflow/example_dags/plugins/workday.py
[2024-01-11T20:25:42.926+0200] {processor.py:830} INFO - Processing file /Users/angel.georgiev/VsCodeProjects/PythonExamples/.venv/lib/python3.10/site-packages/airflow/example_dags/plugins/workday.py for tasks to queue
[2024-01-11T20:25:42.927+0200] {logging_mixin.py:188} INFO - [2024-01-11T20:25:42.927+0200] {dagbag.py:538} INFO - Filling up the DagBag from /Users/angel.georgiev/VsCodeProjects/PythonExamples/.venv/lib/python3.10/site-packages/airflow/example_dags/plugins/workday.py
[2024-01-11T20:25:42.929+0200] {logging_mixin.py:188} INFO - [2024-01-11T20:25:42.929+0200] {workday.py:40} WARNING - Could not import pandas. Holidays will not be considered.
[2024-01-11T20:25:42.930+0200] {processor.py:842} WARNING - No viable dags retrieved from /Users/angel.georgiev/VsCodeProjects/PythonExamples/.venv/lib/python3.10/site-packages/airflow/example_dags/plugins/workday.py
[2024-01-11T20:25:43.058+0200] {processor.py:183} INFO - Processing /Users/angel.georgiev/VsCodeProjects/PythonExamples/.venv/lib/python3.10/site-packages/airflow/example_dags/plugins/workday.py took 0.137 seconds
[2024-01-11T20:28:19.514+0200] {processor.py:161} INFO - Started process (PID=34192) to work on /Users/angel.georgiev/VsCodeProjects/PythonExamples/.venv/lib/python3.10/site-packages/airflow/example_dags/plugins/workday.py
[2024-01-11T20:28:19.521+0200] {processor.py:830} INFO - Processing file /Users/angel.georgiev/VsCodeProjects/PythonExamples/.venv/lib/python3.10/site-packages/airflow/example_dags/plugins/workday.py for tasks to queue
[2024-01-11T20:28:19.522+0200] {logging_mixin.py:188} INFO - [2024-01-11T20:28:19.522+0200] {dagbag.py:538} INFO - Filling up the DagBag from /Users/angel.georgiev/VsCodeProjects/PythonExamples/.venv/lib/python3.10/site-packages/airflow/example_dags/plugins/workday.py
[2024-01-11T20:28:19.524+0200] {logging_mixin.py:188} INFO - [2024-01-11T20:28:19.524+0200] {workday.py:40} WARNING - Could not import pandas. Holidays will not be considered.
[2024-01-11T20:28:19.524+0200] {processor.py:842} WARNING - No viable dags retrieved from /Users/angel.georgiev/VsCodeProjects/PythonExamples/.venv/lib/python3.10/site-packages/airflow/example_dags/plugins/workday.py
[2024-01-11T20:28:19.694+0200] {processor.py:183} INFO - Processing /Users/angel.georgiev/VsCodeProjects/PythonExamples/.venv/lib/python3.10/site-packages/airflow/example_dags/plugins/workday.py took 0.181 seconds
[2024-01-11T20:30:47.918+0200] {processor.py:161} INFO - Started process (PID=34398) to work on /Users/angel.georgiev/VsCodeProjects/PythonExamples/.venv/lib/python3.10/site-packages/airflow/example_dags/plugins/workday.py
[2024-01-11T20:30:47.924+0200] {processor.py:830} INFO - Processing file /Users/angel.georgiev/VsCodeProjects/PythonExamples/.venv/lib/python3.10/site-packages/airflow/example_dags/plugins/workday.py for tasks to queue
[2024-01-11T20:30:47.924+0200] {logging_mixin.py:188} INFO - [2024-01-11T20:30:47.924+0200] {dagbag.py:538} INFO - Filling up the DagBag from /Users/angel.georgiev/VsCodeProjects/PythonExamples/.venv/lib/python3.10/site-packages/airflow/example_dags/plugins/workday.py
[2024-01-11T20:30:47.926+0200] {logging_mixin.py:188} INFO - [2024-01-11T20:30:47.926+0200] {workday.py:40} WARNING - Could not import pandas. Holidays will not be considered.
[2024-01-11T20:30:47.927+0200] {processor.py:842} WARNING - No viable dags retrieved from /Users/angel.georgiev/VsCodeProjects/PythonExamples/.venv/lib/python3.10/site-packages/airflow/example_dags/plugins/workday.py
[2024-01-11T20:30:48.074+0200] {processor.py:183} INFO - Processing /Users/angel.georgiev/VsCodeProjects/PythonExamples/.venv/lib/python3.10/site-packages/airflow/example_dags/plugins/workday.py took 0.157 seconds
[2024-01-11T20:33:39.296+0200] {processor.py:161} INFO - Started process (PID=34528) to work on /Users/angel.georgiev/VsCodeProjects/PythonExamples/.venv/lib/python3.10/site-packages/airflow/example_dags/plugins/workday.py
[2024-01-11T20:33:39.301+0200] {processor.py:830} INFO - Processing file /Users/angel.georgiev/VsCodeProjects/PythonExamples/.venv/lib/python3.10/site-packages/airflow/example_dags/plugins/workday.py for tasks to queue
[2024-01-11T20:33:39.303+0200] {logging_mixin.py:188} INFO - [2024-01-11T20:33:39.302+0200] {dagbag.py:538} INFO - Filling up the DagBag from /Users/angel.georgiev/VsCodeProjects/PythonExamples/.venv/lib/python3.10/site-packages/airflow/example_dags/plugins/workday.py
[2024-01-11T20:33:39.305+0200] {logging_mixin.py:188} INFO - [2024-01-11T20:33:39.305+0200] {workday.py:40} WARNING - Could not import pandas. Holidays will not be considered.
[2024-01-11T20:33:39.306+0200] {processor.py:842} WARNING - No viable dags retrieved from /Users/angel.georgiev/VsCodeProjects/PythonExamples/.venv/lib/python3.10/site-packages/airflow/example_dags/plugins/workday.py
[2024-01-11T20:33:39.445+0200] {processor.py:183} INFO - Processing /Users/angel.georgiev/VsCodeProjects/PythonExamples/.venv/lib/python3.10/site-packages/airflow/example_dags/plugins/workday.py took 0.150 seconds
[2024-01-11T20:36:33.290+0200] {processor.py:161} INFO - Started process (PID=34778) to work on /Users/angel.georgiev/VsCodeProjects/PythonExamples/.venv/lib/python3.10/site-packages/airflow/example_dags/plugins/workday.py
[2024-01-11T20:36:33.298+0200] {processor.py:830} INFO - Processing file /Users/angel.georgiev/VsCodeProjects/PythonExamples/.venv/lib/python3.10/site-packages/airflow/example_dags/plugins/workday.py for tasks to queue
[2024-01-11T20:36:33.301+0200] {logging_mixin.py:188} INFO - [2024-01-11T20:36:33.300+0200] {dagbag.py:538} INFO - Filling up the DagBag from /Users/angel.georgiev/VsCodeProjects/PythonExamples/.venv/lib/python3.10/site-packages/airflow/example_dags/plugins/workday.py
[2024-01-11T20:36:33.304+0200] {logging_mixin.py:188} INFO - [2024-01-11T20:36:33.304+0200] {workday.py:40} WARNING - Could not import pandas. Holidays will not be considered.
[2024-01-11T20:36:33.305+0200] {processor.py:842} WARNING - No viable dags retrieved from /Users/angel.georgiev/VsCodeProjects/PythonExamples/.venv/lib/python3.10/site-packages/airflow/example_dags/plugins/workday.py
[2024-01-11T20:36:33.830+0200] {processor.py:183} INFO - Processing /Users/angel.georgiev/VsCodeProjects/PythonExamples/.venv/lib/python3.10/site-packages/airflow/example_dags/plugins/workday.py took 0.542 seconds
[2024-01-11T20:39:44.100+0200] {processor.py:161} INFO - Started process (PID=34972) to work on /Users/angel.georgiev/VsCodeProjects/PythonExamples/.venv/lib/python3.10/site-packages/airflow/example_dags/plugins/workday.py
[2024-01-11T20:39:44.104+0200] {processor.py:830} INFO - Processing file /Users/angel.georgiev/VsCodeProjects/PythonExamples/.venv/lib/python3.10/site-packages/airflow/example_dags/plugins/workday.py for tasks to queue
[2024-01-11T20:39:44.105+0200] {logging_mixin.py:188} INFO - [2024-01-11T20:39:44.105+0200] {dagbag.py:538} INFO - Filling up the DagBag from /Users/angel.georgiev/VsCodeProjects/PythonExamples/.venv/lib/python3.10/site-packages/airflow/example_dags/plugins/workday.py
[2024-01-11T20:39:44.108+0200] {logging_mixin.py:188} INFO - [2024-01-11T20:39:44.107+0200] {workday.py:40} WARNING - Could not import pandas. Holidays will not be considered.
[2024-01-11T20:39:44.108+0200] {processor.py:842} WARNING - No viable dags retrieved from /Users/angel.georgiev/VsCodeProjects/PythonExamples/.venv/lib/python3.10/site-packages/airflow/example_dags/plugins/workday.py
[2024-01-11T20:39:44.242+0200] {processor.py:183} INFO - Processing /Users/angel.georgiev/VsCodeProjects/PythonExamples/.venv/lib/python3.10/site-packages/airflow/example_dags/plugins/workday.py took 0.143 seconds
[2024-01-11T20:42:52.257+0200] {processor.py:161} INFO - Started process (PID=35265) to work on /Users/angel.georgiev/VsCodeProjects/PythonExamples/.venv/lib/python3.10/site-packages/airflow/example_dags/plugins/workday.py
[2024-01-11T20:42:52.263+0200] {processor.py:830} INFO - Processing file /Users/angel.georgiev/VsCodeProjects/PythonExamples/.venv/lib/python3.10/site-packages/airflow/example_dags/plugins/workday.py for tasks to queue
[2024-01-11T20:42:52.264+0200] {logging_mixin.py:188} INFO - [2024-01-11T20:42:52.263+0200] {dagbag.py:538} INFO - Filling up the DagBag from /Users/angel.georgiev/VsCodeProjects/PythonExamples/.venv/lib/python3.10/site-packages/airflow/example_dags/plugins/workday.py
[2024-01-11T20:42:52.266+0200] {logging_mixin.py:188} INFO - [2024-01-11T20:42:52.266+0200] {workday.py:40} WARNING - Could not import pandas. Holidays will not be considered.
[2024-01-11T20:42:52.266+0200] {processor.py:842} WARNING - No viable dags retrieved from /Users/angel.georgiev/VsCodeProjects/PythonExamples/.venv/lib/python3.10/site-packages/airflow/example_dags/plugins/workday.py
[2024-01-11T20:42:52.415+0200] {processor.py:183} INFO - Processing /Users/angel.georgiev/VsCodeProjects/PythonExamples/.venv/lib/python3.10/site-packages/airflow/example_dags/plugins/workday.py took 0.160 seconds
[2024-01-11T20:45:16.625+0200] {processor.py:161} INFO - Started process (PID=35373) to work on /Users/angel.georgiev/VsCodeProjects/PythonExamples/.venv/lib/python3.10/site-packages/airflow/example_dags/plugins/workday.py
[2024-01-11T20:45:16.629+0200] {processor.py:830} INFO - Processing file /Users/angel.georgiev/VsCodeProjects/PythonExamples/.venv/lib/python3.10/site-packages/airflow/example_dags/plugins/workday.py for tasks to queue
[2024-01-11T20:45:16.630+0200] {logging_mixin.py:188} INFO - [2024-01-11T20:45:16.629+0200] {dagbag.py:538} INFO - Filling up the DagBag from /Users/angel.georgiev/VsCodeProjects/PythonExamples/.venv/lib/python3.10/site-packages/airflow/example_dags/plugins/workday.py
[2024-01-11T20:45:16.632+0200] {logging_mixin.py:188} INFO - [2024-01-11T20:45:16.632+0200] {workday.py:40} WARNING - Could not import pandas. Holidays will not be considered.
[2024-01-11T20:45:16.632+0200] {processor.py:842} WARNING - No viable dags retrieved from /Users/angel.georgiev/VsCodeProjects/PythonExamples/.venv/lib/python3.10/site-packages/airflow/example_dags/plugins/workday.py
[2024-01-11T20:45:16.766+0200] {processor.py:183} INFO - Processing /Users/angel.georgiev/VsCodeProjects/PythonExamples/.venv/lib/python3.10/site-packages/airflow/example_dags/plugins/workday.py took 0.143 seconds
[2024-01-11T20:47:15.428+0200] {processor.py:161} INFO - Started process (PID=35448) to work on /Users/angel.georgiev/VsCodeProjects/PythonExamples/.venv/lib/python3.10/site-packages/airflow/example_dags/plugins/workday.py
[2024-01-11T20:47:15.433+0200] {processor.py:830} INFO - Processing file /Users/angel.georgiev/VsCodeProjects/PythonExamples/.venv/lib/python3.10/site-packages/airflow/example_dags/plugins/workday.py for tasks to queue
[2024-01-11T20:47:15.434+0200] {logging_mixin.py:188} INFO - [2024-01-11T20:47:15.434+0200] {dagbag.py:538} INFO - Filling up the DagBag from /Users/angel.georgiev/VsCodeProjects/PythonExamples/.venv/lib/python3.10/site-packages/airflow/example_dags/plugins/workday.py
[2024-01-11T20:47:15.435+0200] {logging_mixin.py:188} INFO - [2024-01-11T20:47:15.435+0200] {workday.py:40} WARNING - Could not import pandas. Holidays will not be considered.
[2024-01-11T20:47:15.436+0200] {processor.py:842} WARNING - No viable dags retrieved from /Users/angel.georgiev/VsCodeProjects/PythonExamples/.venv/lib/python3.10/site-packages/airflow/example_dags/plugins/workday.py
[2024-01-11T20:47:15.567+0200] {processor.py:183} INFO - Processing /Users/angel.georgiev/VsCodeProjects/PythonExamples/.venv/lib/python3.10/site-packages/airflow/example_dags/plugins/workday.py took 0.140 seconds
[2024-01-11T20:49:13.133+0200] {processor.py:161} INFO - Started process (PID=35617) to work on /Users/angel.georgiev/VsCodeProjects/PythonExamples/.venv/lib/python3.10/site-packages/airflow/example_dags/plugins/workday.py
[2024-01-11T20:49:13.137+0200] {processor.py:830} INFO - Processing file /Users/angel.georgiev/VsCodeProjects/PythonExamples/.venv/lib/python3.10/site-packages/airflow/example_dags/plugins/workday.py for tasks to queue
[2024-01-11T20:49:13.138+0200] {logging_mixin.py:188} INFO - [2024-01-11T20:49:13.138+0200] {dagbag.py:538} INFO - Filling up the DagBag from /Users/angel.georgiev/VsCodeProjects/PythonExamples/.venv/lib/python3.10/site-packages/airflow/example_dags/plugins/workday.py
[2024-01-11T20:49:13.140+0200] {logging_mixin.py:188} INFO - [2024-01-11T20:49:13.140+0200] {workday.py:40} WARNING - Could not import pandas. Holidays will not be considered.
[2024-01-11T20:49:13.140+0200] {processor.py:842} WARNING - No viable dags retrieved from /Users/angel.georgiev/VsCodeProjects/PythonExamples/.venv/lib/python3.10/site-packages/airflow/example_dags/plugins/workday.py
[2024-01-11T20:49:13.269+0200] {processor.py:183} INFO - Processing /Users/angel.georgiev/VsCodeProjects/PythonExamples/.venv/lib/python3.10/site-packages/airflow/example_dags/plugins/workday.py took 0.138 seconds
[2024-01-11T20:51:06.411+0200] {processor.py:161} INFO - Started process (PID=35724) to work on /Users/angel.georgiev/VsCodeProjects/PythonExamples/.venv/lib/python3.10/site-packages/airflow/example_dags/plugins/workday.py
[2024-01-11T20:51:06.416+0200] {processor.py:830} INFO - Processing file /Users/angel.georgiev/VsCodeProjects/PythonExamples/.venv/lib/python3.10/site-packages/airflow/example_dags/plugins/workday.py for tasks to queue
[2024-01-11T20:51:06.417+0200] {logging_mixin.py:188} INFO - [2024-01-11T20:51:06.417+0200] {dagbag.py:538} INFO - Filling up the DagBag from /Users/angel.georgiev/VsCodeProjects/PythonExamples/.venv/lib/python3.10/site-packages/airflow/example_dags/plugins/workday.py
[2024-01-11T20:51:06.419+0200] {logging_mixin.py:188} INFO - [2024-01-11T20:51:06.419+0200] {workday.py:40} WARNING - Could not import pandas. Holidays will not be considered.
[2024-01-11T20:51:06.419+0200] {processor.py:842} WARNING - No viable dags retrieved from /Users/angel.georgiev/VsCodeProjects/PythonExamples/.venv/lib/python3.10/site-packages/airflow/example_dags/plugins/workday.py
[2024-01-11T20:51:06.546+0200] {processor.py:183} INFO - Processing /Users/angel.georgiev/VsCodeProjects/PythonExamples/.venv/lib/python3.10/site-packages/airflow/example_dags/plugins/workday.py took 0.136 seconds
[2024-01-11T20:53:01.498+0200] {processor.py:161} INFO - Started process (PID=35823) to work on /Users/angel.georgiev/VsCodeProjects/PythonExamples/.venv/lib/python3.10/site-packages/airflow/example_dags/plugins/workday.py
[2024-01-11T20:53:01.502+0200] {processor.py:830} INFO - Processing file /Users/angel.georgiev/VsCodeProjects/PythonExamples/.venv/lib/python3.10/site-packages/airflow/example_dags/plugins/workday.py for tasks to queue
[2024-01-11T20:53:01.503+0200] {logging_mixin.py:188} INFO - [2024-01-11T20:53:01.503+0200] {dagbag.py:538} INFO - Filling up the DagBag from /Users/angel.georgiev/VsCodeProjects/PythonExamples/.venv/lib/python3.10/site-packages/airflow/example_dags/plugins/workday.py
[2024-01-11T20:53:01.505+0200] {logging_mixin.py:188} INFO - [2024-01-11T20:53:01.505+0200] {workday.py:40} WARNING - Could not import pandas. Holidays will not be considered.
[2024-01-11T20:53:01.505+0200] {processor.py:842} WARNING - No viable dags retrieved from /Users/angel.georgiev/VsCodeProjects/PythonExamples/.venv/lib/python3.10/site-packages/airflow/example_dags/plugins/workday.py
[2024-01-11T20:53:01.631+0200] {processor.py:183} INFO - Processing /Users/angel.georgiev/VsCodeProjects/PythonExamples/.venv/lib/python3.10/site-packages/airflow/example_dags/plugins/workday.py took 0.134 seconds
[2024-01-11T20:55:08.976+0200] {processor.py:161} INFO - Started process (PID=36033) to work on /Users/angel.georgiev/VsCodeProjects/PythonExamples/.venv/lib/python3.10/site-packages/airflow/example_dags/plugins/workday.py
[2024-01-11T20:55:08.980+0200] {processor.py:830} INFO - Processing file /Users/angel.georgiev/VsCodeProjects/PythonExamples/.venv/lib/python3.10/site-packages/airflow/example_dags/plugins/workday.py for tasks to queue
[2024-01-11T20:55:08.981+0200] {logging_mixin.py:188} INFO - [2024-01-11T20:55:08.981+0200] {dagbag.py:538} INFO - Filling up the DagBag from /Users/angel.georgiev/VsCodeProjects/PythonExamples/.venv/lib/python3.10/site-packages/airflow/example_dags/plugins/workday.py
[2024-01-11T20:55:08.982+0200] {logging_mixin.py:188} INFO - [2024-01-11T20:55:08.982+0200] {workday.py:40} WARNING - Could not import pandas. Holidays will not be considered.
[2024-01-11T20:55:08.983+0200] {processor.py:842} WARNING - No viable dags retrieved from /Users/angel.georgiev/VsCodeProjects/PythonExamples/.venv/lib/python3.10/site-packages/airflow/example_dags/plugins/workday.py
[2024-01-11T20:55:09.137+0200] {processor.py:183} INFO - Processing /Users/angel.georgiev/VsCodeProjects/PythonExamples/.venv/lib/python3.10/site-packages/airflow/example_dags/plugins/workday.py took 0.163 seconds
[2024-01-11T20:57:43.639+0200] {processor.py:161} INFO - Started process (PID=36145) to work on /Users/angel.georgiev/VsCodeProjects/PythonExamples/.venv/lib/python3.10/site-packages/airflow/example_dags/plugins/workday.py
[2024-01-11T20:57:43.645+0200] {processor.py:830} INFO - Processing file /Users/angel.georgiev/VsCodeProjects/PythonExamples/.venv/lib/python3.10/site-packages/airflow/example_dags/plugins/workday.py for tasks to queue
[2024-01-11T20:57:43.645+0200] {logging_mixin.py:188} INFO - [2024-01-11T20:57:43.645+0200] {dagbag.py:538} INFO - Filling up the DagBag from /Users/angel.georgiev/VsCodeProjects/PythonExamples/.venv/lib/python3.10/site-packages/airflow/example_dags/plugins/workday.py
[2024-01-11T20:57:43.647+0200] {logging_mixin.py:188} INFO - [2024-01-11T20:57:43.647+0200] {workday.py:40} WARNING - Could not import pandas. Holidays will not be considered.
[2024-01-11T20:57:43.648+0200] {processor.py:842} WARNING - No viable dags retrieved from /Users/angel.georgiev/VsCodeProjects/PythonExamples/.venv/lib/python3.10/site-packages/airflow/example_dags/plugins/workday.py
[2024-01-11T20:57:43.800+0200] {processor.py:183} INFO - Processing /Users/angel.georgiev/VsCodeProjects/PythonExamples/.venv/lib/python3.10/site-packages/airflow/example_dags/plugins/workday.py took 0.162 seconds
