[2024-01-11T20:10:56.969+0200] {processor.py:161} INFO - Started process (PID=32949) to work on /Users/angel.georgiev/VsCodeProjects/PythonExamples/.venv/lib/python3.10/site-packages/airflow/example_dags/subdags/subdag.py
[2024-01-11T20:10:56.974+0200] {processor.py:830} INFO - Processing file /Users/angel.georgiev/VsCodeProjects/PythonExamples/.venv/lib/python3.10/site-packages/airflow/example_dags/subdags/subdag.py for tasks to queue
[2024-01-11T20:10:56.975+0200] {logging_mixin.py:188} INFO - [2024-01-11T20:10:56.975+0200] {dagbag.py:538} INFO - Filling up the DagBag from /Users/angel.georgiev/VsCodeProjects/PythonExamples/.venv/lib/python3.10/site-packages/airflow/example_dags/subdags/subdag.py
[2024-01-11T20:10:56.980+0200] {processor.py:842} WARNING - No viable dags retrieved from /Users/angel.georgiev/VsCodeProjects/PythonExamples/.venv/lib/python3.10/site-packages/airflow/example_dags/subdags/subdag.py
[2024-01-11T20:10:57.127+0200] {processor.py:183} INFO - Processing /Users/angel.georgiev/VsCodeProjects/PythonExamples/.venv/lib/python3.10/site-packages/airflow/example_dags/subdags/subdag.py took 0.159 seconds
[2024-01-11T20:12:05.723+0200] {processor.py:161} INFO - Started process (PID=33065) to work on /Users/angel.georgiev/VsCodeProjects/PythonExamples/.venv/lib/python3.10/site-packages/airflow/example_dags/subdags/subdag.py
[2024-01-11T20:12:05.728+0200] {processor.py:830} INFO - Processing file /Users/angel.georgiev/VsCodeProjects/PythonExamples/.venv/lib/python3.10/site-packages/airflow/example_dags/subdags/subdag.py for tasks to queue
[2024-01-11T20:12:05.729+0200] {logging_mixin.py:188} INFO - [2024-01-11T20:12:05.728+0200] {dagbag.py:538} INFO - Filling up the DagBag from /Users/angel.georgiev/VsCodeProjects/PythonExamples/.venv/lib/python3.10/site-packages/airflow/example_dags/subdags/subdag.py
[2024-01-11T20:12:05.732+0200] {processor.py:842} WARNING - No viable dags retrieved from /Users/angel.georgiev/VsCodeProjects/PythonExamples/.venv/lib/python3.10/site-packages/airflow/example_dags/subdags/subdag.py
[2024-01-11T20:12:05.857+0200] {processor.py:183} INFO - Processing /Users/angel.georgiev/VsCodeProjects/PythonExamples/.venv/lib/python3.10/site-packages/airflow/example_dags/subdags/subdag.py took 0.135 seconds
[2024-01-11T20:13:09.057+0200] {processor.py:161} INFO - Started process (PID=33179) to work on /Users/angel.georgiev/VsCodeProjects/PythonExamples/.venv/lib/python3.10/site-packages/airflow/example_dags/subdags/subdag.py
[2024-01-11T20:13:09.061+0200] {processor.py:830} INFO - Processing file /Users/angel.georgiev/VsCodeProjects/PythonExamples/.venv/lib/python3.10/site-packages/airflow/example_dags/subdags/subdag.py for tasks to queue
[2024-01-11T20:13:09.062+0200] {logging_mixin.py:188} INFO - [2024-01-11T20:13:09.062+0200] {dagbag.py:538} INFO - Filling up the DagBag from /Users/angel.georgiev/VsCodeProjects/PythonExamples/.venv/lib/python3.10/site-packages/airflow/example_dags/subdags/subdag.py
[2024-01-11T20:13:09.065+0200] {processor.py:842} WARNING - No viable dags retrieved from /Users/angel.georgiev/VsCodeProjects/PythonExamples/.venv/lib/python3.10/site-packages/airflow/example_dags/subdags/subdag.py
[2024-01-11T20:13:09.196+0200] {processor.py:183} INFO - Processing /Users/angel.georgiev/VsCodeProjects/PythonExamples/.venv/lib/python3.10/site-packages/airflow/example_dags/subdags/subdag.py took 0.141 seconds
[2024-01-11T20:16:09.111+0200] {processor.py:161} INFO - Started process (PID=33341) to work on /Users/angel.georgiev/VsCodeProjects/PythonExamples/.venv/lib/python3.10/site-packages/airflow/example_dags/subdags/subdag.py
[2024-01-11T20:16:09.116+0200] {processor.py:830} INFO - Processing file /Users/angel.georgiev/VsCodeProjects/PythonExamples/.venv/lib/python3.10/site-packages/airflow/example_dags/subdags/subdag.py for tasks to queue
[2024-01-11T20:16:09.116+0200] {logging_mixin.py:188} INFO - [2024-01-11T20:16:09.116+0200] {dagbag.py:538} INFO - Filling up the DagBag from /Users/angel.georgiev/VsCodeProjects/PythonExamples/.venv/lib/python3.10/site-packages/airflow/example_dags/subdags/subdag.py
[2024-01-11T20:16:09.121+0200] {processor.py:842} WARNING - No viable dags retrieved from /Users/angel.georgiev/VsCodeProjects/PythonExamples/.venv/lib/python3.10/site-packages/airflow/example_dags/subdags/subdag.py
[2024-01-11T20:16:09.274+0200] {processor.py:183} INFO - Processing /Users/angel.georgiev/VsCodeProjects/PythonExamples/.venv/lib/python3.10/site-packages/airflow/example_dags/subdags/subdag.py took 0.164 seconds
[2024-01-11T20:18:33.418+0200] {processor.py:161} INFO - Started process (PID=33580) to work on /Users/angel.georgiev/VsCodeProjects/PythonExamples/.venv/lib/python3.10/site-packages/airflow/example_dags/subdags/subdag.py
[2024-01-11T20:18:33.422+0200] {processor.py:830} INFO - Processing file /Users/angel.georgiev/VsCodeProjects/PythonExamples/.venv/lib/python3.10/site-packages/airflow/example_dags/subdags/subdag.py for tasks to queue
[2024-01-11T20:18:33.423+0200] {logging_mixin.py:188} INFO - [2024-01-11T20:18:33.423+0200] {dagbag.py:538} INFO - Filling up the DagBag from /Users/angel.georgiev/VsCodeProjects/PythonExamples/.venv/lib/python3.10/site-packages/airflow/example_dags/subdags/subdag.py
[2024-01-11T20:18:33.426+0200] {processor.py:842} WARNING - No viable dags retrieved from /Users/angel.georgiev/VsCodeProjects/PythonExamples/.venv/lib/python3.10/site-packages/airflow/example_dags/subdags/subdag.py
[2024-01-11T20:18:33.580+0200] {processor.py:183} INFO - Processing /Users/angel.georgiev/VsCodeProjects/PythonExamples/.venv/lib/python3.10/site-packages/airflow/example_dags/subdags/subdag.py took 0.163 seconds
[2024-01-11T20:21:08.430+0200] {processor.py:161} INFO - Started process (PID=33751) to work on /Users/angel.georgiev/VsCodeProjects/PythonExamples/.venv/lib/python3.10/site-packages/airflow/example_dags/subdags/subdag.py
[2024-01-11T20:21:08.435+0200] {processor.py:830} INFO - Processing file /Users/angel.georgiev/VsCodeProjects/PythonExamples/.venv/lib/python3.10/site-packages/airflow/example_dags/subdags/subdag.py for tasks to queue
[2024-01-11T20:21:08.436+0200] {logging_mixin.py:188} INFO - [2024-01-11T20:21:08.436+0200] {dagbag.py:538} INFO - Filling up the DagBag from /Users/angel.georgiev/VsCodeProjects/PythonExamples/.venv/lib/python3.10/site-packages/airflow/example_dags/subdags/subdag.py
[2024-01-11T20:21:08.440+0200] {processor.py:842} WARNING - No viable dags retrieved from /Users/angel.georgiev/VsCodeProjects/PythonExamples/.venv/lib/python3.10/site-packages/airflow/example_dags/subdags/subdag.py
[2024-01-11T20:21:08.575+0200] {processor.py:183} INFO - Processing /Users/angel.georgiev/VsCodeProjects/PythonExamples/.venv/lib/python3.10/site-packages/airflow/example_dags/subdags/subdag.py took 0.146 seconds
[2024-01-11T20:23:17.316+0200] {processor.py:161} INFO - Started process (PID=33853) to work on /Users/angel.georgiev/VsCodeProjects/PythonExamples/.venv/lib/python3.10/site-packages/airflow/example_dags/subdags/subdag.py
[2024-01-11T20:23:17.320+0200] {processor.py:830} INFO - Processing file /Users/angel.georgiev/VsCodeProjects/PythonExamples/.venv/lib/python3.10/site-packages/airflow/example_dags/subdags/subdag.py for tasks to queue
[2024-01-11T20:23:17.320+0200] {logging_mixin.py:188} INFO - [2024-01-11T20:23:17.320+0200] {dagbag.py:538} INFO - Filling up the DagBag from /Users/angel.georgiev/VsCodeProjects/PythonExamples/.venv/lib/python3.10/site-packages/airflow/example_dags/subdags/subdag.py
[2024-01-11T20:23:17.323+0200] {processor.py:842} WARNING - No viable dags retrieved from /Users/angel.georgiev/VsCodeProjects/PythonExamples/.venv/lib/python3.10/site-packages/airflow/example_dags/subdags/subdag.py
[2024-01-11T20:23:17.457+0200] {processor.py:183} INFO - Processing /Users/angel.georgiev/VsCodeProjects/PythonExamples/.venv/lib/python3.10/site-packages/airflow/example_dags/subdags/subdag.py took 0.143 seconds
[2024-01-11T20:25:39.864+0200] {processor.py:161} INFO - Started process (PID=34088) to work on /Users/angel.georgiev/VsCodeProjects/PythonExamples/.venv/lib/python3.10/site-packages/airflow/example_dags/subdags/subdag.py
[2024-01-11T20:25:39.868+0200] {processor.py:830} INFO - Processing file /Users/angel.georgiev/VsCodeProjects/PythonExamples/.venv/lib/python3.10/site-packages/airflow/example_dags/subdags/subdag.py for tasks to queue
[2024-01-11T20:25:39.869+0200] {logging_mixin.py:188} INFO - [2024-01-11T20:25:39.868+0200] {dagbag.py:538} INFO - Filling up the DagBag from /Users/angel.georgiev/VsCodeProjects/PythonExamples/.venv/lib/python3.10/site-packages/airflow/example_dags/subdags/subdag.py
[2024-01-11T20:25:39.872+0200] {processor.py:842} WARNING - No viable dags retrieved from /Users/angel.georgiev/VsCodeProjects/PythonExamples/.venv/lib/python3.10/site-packages/airflow/example_dags/subdags/subdag.py
[2024-01-11T20:25:39.998+0200] {processor.py:183} INFO - Processing /Users/angel.georgiev/VsCodeProjects/PythonExamples/.venv/lib/python3.10/site-packages/airflow/example_dags/subdags/subdag.py took 0.135 seconds
[2024-01-11T20:28:15.520+0200] {processor.py:161} INFO - Started process (PID=34191) to work on /Users/angel.georgiev/VsCodeProjects/PythonExamples/.venv/lib/python3.10/site-packages/airflow/example_dags/subdags/subdag.py
[2024-01-11T20:28:15.525+0200] {processor.py:830} INFO - Processing file /Users/angel.georgiev/VsCodeProjects/PythonExamples/.venv/lib/python3.10/site-packages/airflow/example_dags/subdags/subdag.py for tasks to queue
[2024-01-11T20:28:15.525+0200] {logging_mixin.py:188} INFO - [2024-01-11T20:28:15.525+0200] {dagbag.py:538} INFO - Filling up the DagBag from /Users/angel.georgiev/VsCodeProjects/PythonExamples/.venv/lib/python3.10/site-packages/airflow/example_dags/subdags/subdag.py
[2024-01-11T20:28:15.529+0200] {processor.py:842} WARNING - No viable dags retrieved from /Users/angel.georgiev/VsCodeProjects/PythonExamples/.venv/lib/python3.10/site-packages/airflow/example_dags/subdags/subdag.py
[2024-01-11T20:28:15.668+0200] {processor.py:183} INFO - Processing /Users/angel.georgiev/VsCodeProjects/PythonExamples/.venv/lib/python3.10/site-packages/airflow/example_dags/subdags/subdag.py took 0.150 seconds
[2024-01-11T20:30:44.235+0200] {processor.py:161} INFO - Started process (PID=34397) to work on /Users/angel.georgiev/VsCodeProjects/PythonExamples/.venv/lib/python3.10/site-packages/airflow/example_dags/subdags/subdag.py
[2024-01-11T20:30:44.240+0200] {processor.py:830} INFO - Processing file /Users/angel.georgiev/VsCodeProjects/PythonExamples/.venv/lib/python3.10/site-packages/airflow/example_dags/subdags/subdag.py for tasks to queue
[2024-01-11T20:30:44.241+0200] {logging_mixin.py:188} INFO - [2024-01-11T20:30:44.241+0200] {dagbag.py:538} INFO - Filling up the DagBag from /Users/angel.georgiev/VsCodeProjects/PythonExamples/.venv/lib/python3.10/site-packages/airflow/example_dags/subdags/subdag.py
[2024-01-11T20:30:44.245+0200] {processor.py:842} WARNING - No viable dags retrieved from /Users/angel.georgiev/VsCodeProjects/PythonExamples/.venv/lib/python3.10/site-packages/airflow/example_dags/subdags/subdag.py
[2024-01-11T20:30:44.405+0200] {processor.py:183} INFO - Processing /Users/angel.georgiev/VsCodeProjects/PythonExamples/.venv/lib/python3.10/site-packages/airflow/example_dags/subdags/subdag.py took 0.172 seconds
[2024-01-11T20:33:36.628+0200] {processor.py:161} INFO - Started process (PID=34526) to work on /Users/angel.georgiev/VsCodeProjects/PythonExamples/.venv/lib/python3.10/site-packages/airflow/example_dags/subdags/subdag.py
[2024-01-11T20:33:36.633+0200] {processor.py:830} INFO - Processing file /Users/angel.georgiev/VsCodeProjects/PythonExamples/.venv/lib/python3.10/site-packages/airflow/example_dags/subdags/subdag.py for tasks to queue
[2024-01-11T20:33:36.633+0200] {logging_mixin.py:188} INFO - [2024-01-11T20:33:36.633+0200] {dagbag.py:538} INFO - Filling up the DagBag from /Users/angel.georgiev/VsCodeProjects/PythonExamples/.venv/lib/python3.10/site-packages/airflow/example_dags/subdags/subdag.py
[2024-01-11T20:33:36.637+0200] {processor.py:842} WARNING - No viable dags retrieved from /Users/angel.georgiev/VsCodeProjects/PythonExamples/.venv/lib/python3.10/site-packages/airflow/example_dags/subdags/subdag.py
[2024-01-11T20:33:36.787+0200] {processor.py:183} INFO - Processing /Users/angel.georgiev/VsCodeProjects/PythonExamples/.venv/lib/python3.10/site-packages/airflow/example_dags/subdags/subdag.py took 0.161 seconds
[2024-01-11T20:36:28.864+0200] {processor.py:161} INFO - Started process (PID=34773) to work on /Users/angel.georgiev/VsCodeProjects/PythonExamples/.venv/lib/python3.10/site-packages/airflow/example_dags/subdags/subdag.py
[2024-01-11T20:36:28.873+0200] {processor.py:830} INFO - Processing file /Users/angel.georgiev/VsCodeProjects/PythonExamples/.venv/lib/python3.10/site-packages/airflow/example_dags/subdags/subdag.py for tasks to queue
[2024-01-11T20:36:28.873+0200] {logging_mixin.py:188} INFO - [2024-01-11T20:36:28.873+0200] {dagbag.py:538} INFO - Filling up the DagBag from /Users/angel.georgiev/VsCodeProjects/PythonExamples/.venv/lib/python3.10/site-packages/airflow/example_dags/subdags/subdag.py
[2024-01-11T20:36:28.878+0200] {processor.py:842} WARNING - No viable dags retrieved from /Users/angel.georgiev/VsCodeProjects/PythonExamples/.venv/lib/python3.10/site-packages/airflow/example_dags/subdags/subdag.py
[2024-01-11T20:36:29.057+0200] {processor.py:183} INFO - Processing /Users/angel.georgiev/VsCodeProjects/PythonExamples/.venv/lib/python3.10/site-packages/airflow/example_dags/subdags/subdag.py took 0.195 seconds
[2024-01-11T20:39:41.027+0200] {processor.py:161} INFO - Started process (PID=34971) to work on /Users/angel.georgiev/VsCodeProjects/PythonExamples/.venv/lib/python3.10/site-packages/airflow/example_dags/subdags/subdag.py
[2024-01-11T20:39:41.031+0200] {processor.py:830} INFO - Processing file /Users/angel.georgiev/VsCodeProjects/PythonExamples/.venv/lib/python3.10/site-packages/airflow/example_dags/subdags/subdag.py for tasks to queue
[2024-01-11T20:39:41.032+0200] {logging_mixin.py:188} INFO - [2024-01-11T20:39:41.031+0200] {dagbag.py:538} INFO - Filling up the DagBag from /Users/angel.georgiev/VsCodeProjects/PythonExamples/.venv/lib/python3.10/site-packages/airflow/example_dags/subdags/subdag.py
[2024-01-11T20:39:41.035+0200] {processor.py:842} WARNING - No viable dags retrieved from /Users/angel.georgiev/VsCodeProjects/PythonExamples/.venv/lib/python3.10/site-packages/airflow/example_dags/subdags/subdag.py
[2024-01-11T20:39:41.168+0200] {processor.py:183} INFO - Processing /Users/angel.georgiev/VsCodeProjects/PythonExamples/.venv/lib/python3.10/site-packages/airflow/example_dags/subdags/subdag.py took 0.143 seconds
[2024-01-11T20:42:46.353+0200] {processor.py:161} INFO - Started process (PID=35262) to work on /Users/angel.georgiev/VsCodeProjects/PythonExamples/.venv/lib/python3.10/site-packages/airflow/example_dags/subdags/subdag.py
[2024-01-11T20:42:46.364+0200] {processor.py:830} INFO - Processing file /Users/angel.georgiev/VsCodeProjects/PythonExamples/.venv/lib/python3.10/site-packages/airflow/example_dags/subdags/subdag.py for tasks to queue
[2024-01-11T20:42:46.365+0200] {logging_mixin.py:188} INFO - [2024-01-11T20:42:46.364+0200] {dagbag.py:538} INFO - Filling up the DagBag from /Users/angel.georgiev/VsCodeProjects/PythonExamples/.venv/lib/python3.10/site-packages/airflow/example_dags/subdags/subdag.py
[2024-01-11T20:42:46.368+0200] {processor.py:842} WARNING - No viable dags retrieved from /Users/angel.georgiev/VsCodeProjects/PythonExamples/.venv/lib/python3.10/site-packages/airflow/example_dags/subdags/subdag.py
[2024-01-11T20:42:46.699+0200] {processor.py:183} INFO - Processing /Users/angel.georgiev/VsCodeProjects/PythonExamples/.venv/lib/python3.10/site-packages/airflow/example_dags/subdags/subdag.py took 0.348 seconds
[2024-01-11T20:45:14.308+0200] {processor.py:161} INFO - Started process (PID=35372) to work on /Users/angel.georgiev/VsCodeProjects/PythonExamples/.venv/lib/python3.10/site-packages/airflow/example_dags/subdags/subdag.py
[2024-01-11T20:45:14.313+0200] {processor.py:830} INFO - Processing file /Users/angel.georgiev/VsCodeProjects/PythonExamples/.venv/lib/python3.10/site-packages/airflow/example_dags/subdags/subdag.py for tasks to queue
[2024-01-11T20:45:14.314+0200] {logging_mixin.py:188} INFO - [2024-01-11T20:45:14.314+0200] {dagbag.py:538} INFO - Filling up the DagBag from /Users/angel.georgiev/VsCodeProjects/PythonExamples/.venv/lib/python3.10/site-packages/airflow/example_dags/subdags/subdag.py
[2024-01-11T20:45:14.317+0200] {processor.py:842} WARNING - No viable dags retrieved from /Users/angel.georgiev/VsCodeProjects/PythonExamples/.venv/lib/python3.10/site-packages/airflow/example_dags/subdags/subdag.py
[2024-01-11T20:45:14.448+0200] {processor.py:183} INFO - Processing /Users/angel.georgiev/VsCodeProjects/PythonExamples/.venv/lib/python3.10/site-packages/airflow/example_dags/subdags/subdag.py took 0.141 seconds
[2024-01-11T20:47:12.717+0200] {processor.py:161} INFO - Started process (PID=35438) to work on /Users/angel.georgiev/VsCodeProjects/PythonExamples/.venv/lib/python3.10/site-packages/airflow/example_dags/subdags/subdag.py
[2024-01-11T20:47:12.722+0200] {processor.py:830} INFO - Processing file /Users/angel.georgiev/VsCodeProjects/PythonExamples/.venv/lib/python3.10/site-packages/airflow/example_dags/subdags/subdag.py for tasks to queue
[2024-01-11T20:47:12.722+0200] {logging_mixin.py:188} INFO - [2024-01-11T20:47:12.722+0200] {dagbag.py:538} INFO - Filling up the DagBag from /Users/angel.georgiev/VsCodeProjects/PythonExamples/.venv/lib/python3.10/site-packages/airflow/example_dags/subdags/subdag.py
[2024-01-11T20:47:12.725+0200] {processor.py:842} WARNING - No viable dags retrieved from /Users/angel.georgiev/VsCodeProjects/PythonExamples/.venv/lib/python3.10/site-packages/airflow/example_dags/subdags/subdag.py
[2024-01-11T20:47:12.861+0200] {processor.py:183} INFO - Processing /Users/angel.georgiev/VsCodeProjects/PythonExamples/.venv/lib/python3.10/site-packages/airflow/example_dags/subdags/subdag.py took 0.145 seconds
[2024-01-11T20:49:10.130+0200] {processor.py:161} INFO - Started process (PID=35616) to work on /Users/angel.georgiev/VsCodeProjects/PythonExamples/.venv/lib/python3.10/site-packages/airflow/example_dags/subdags/subdag.py
[2024-01-11T20:49:10.135+0200] {processor.py:830} INFO - Processing file /Users/angel.georgiev/VsCodeProjects/PythonExamples/.venv/lib/python3.10/site-packages/airflow/example_dags/subdags/subdag.py for tasks to queue
[2024-01-11T20:49:10.135+0200] {logging_mixin.py:188} INFO - [2024-01-11T20:49:10.135+0200] {dagbag.py:538} INFO - Filling up the DagBag from /Users/angel.georgiev/VsCodeProjects/PythonExamples/.venv/lib/python3.10/site-packages/airflow/example_dags/subdags/subdag.py
[2024-01-11T20:49:10.139+0200] {processor.py:842} WARNING - No viable dags retrieved from /Users/angel.georgiev/VsCodeProjects/PythonExamples/.venv/lib/python3.10/site-packages/airflow/example_dags/subdags/subdag.py
[2024-01-11T20:49:10.317+0200] {processor.py:183} INFO - Processing /Users/angel.georgiev/VsCodeProjects/PythonExamples/.venv/lib/python3.10/site-packages/airflow/example_dags/subdags/subdag.py took 0.188 seconds
[2024-01-11T20:51:03.483+0200] {processor.py:161} INFO - Started process (PID=35723) to work on /Users/angel.georgiev/VsCodeProjects/PythonExamples/.venv/lib/python3.10/site-packages/airflow/example_dags/subdags/subdag.py
[2024-01-11T20:51:03.487+0200] {processor.py:830} INFO - Processing file /Users/angel.georgiev/VsCodeProjects/PythonExamples/.venv/lib/python3.10/site-packages/airflow/example_dags/subdags/subdag.py for tasks to queue
[2024-01-11T20:51:03.488+0200] {logging_mixin.py:188} INFO - [2024-01-11T20:51:03.488+0200] {dagbag.py:538} INFO - Filling up the DagBag from /Users/angel.georgiev/VsCodeProjects/PythonExamples/.venv/lib/python3.10/site-packages/airflow/example_dags/subdags/subdag.py
[2024-01-11T20:51:03.491+0200] {processor.py:842} WARNING - No viable dags retrieved from /Users/angel.georgiev/VsCodeProjects/PythonExamples/.venv/lib/python3.10/site-packages/airflow/example_dags/subdags/subdag.py
[2024-01-11T20:51:03.618+0200] {processor.py:183} INFO - Processing /Users/angel.georgiev/VsCodeProjects/PythonExamples/.venv/lib/python3.10/site-packages/airflow/example_dags/subdags/subdag.py took 0.137 seconds
[2024-01-11T20:52:58.569+0200] {processor.py:161} INFO - Started process (PID=35822) to work on /Users/angel.georgiev/VsCodeProjects/PythonExamples/.venv/lib/python3.10/site-packages/airflow/example_dags/subdags/subdag.py
[2024-01-11T20:52:58.573+0200] {processor.py:830} INFO - Processing file /Users/angel.georgiev/VsCodeProjects/PythonExamples/.venv/lib/python3.10/site-packages/airflow/example_dags/subdags/subdag.py for tasks to queue
[2024-01-11T20:52:58.574+0200] {logging_mixin.py:188} INFO - [2024-01-11T20:52:58.574+0200] {dagbag.py:538} INFO - Filling up the DagBag from /Users/angel.georgiev/VsCodeProjects/PythonExamples/.venv/lib/python3.10/site-packages/airflow/example_dags/subdags/subdag.py
[2024-01-11T20:52:58.578+0200] {processor.py:842} WARNING - No viable dags retrieved from /Users/angel.georgiev/VsCodeProjects/PythonExamples/.venv/lib/python3.10/site-packages/airflow/example_dags/subdags/subdag.py
[2024-01-11T20:52:58.703+0200] {processor.py:183} INFO - Processing /Users/angel.georgiev/VsCodeProjects/PythonExamples/.venv/lib/python3.10/site-packages/airflow/example_dags/subdags/subdag.py took 0.135 seconds
[2024-01-11T20:55:05.908+0200] {processor.py:161} INFO - Started process (PID=36032) to work on /Users/angel.georgiev/VsCodeProjects/PythonExamples/.venv/lib/python3.10/site-packages/airflow/example_dags/subdags/subdag.py
[2024-01-11T20:55:05.913+0200] {processor.py:830} INFO - Processing file /Users/angel.georgiev/VsCodeProjects/PythonExamples/.venv/lib/python3.10/site-packages/airflow/example_dags/subdags/subdag.py for tasks to queue
[2024-01-11T20:55:05.914+0200] {logging_mixin.py:188} INFO - [2024-01-11T20:55:05.914+0200] {dagbag.py:538} INFO - Filling up the DagBag from /Users/angel.georgiev/VsCodeProjects/PythonExamples/.venv/lib/python3.10/site-packages/airflow/example_dags/subdags/subdag.py
[2024-01-11T20:55:05.918+0200] {processor.py:842} WARNING - No viable dags retrieved from /Users/angel.georgiev/VsCodeProjects/PythonExamples/.venv/lib/python3.10/site-packages/airflow/example_dags/subdags/subdag.py
[2024-01-11T20:55:06.056+0200] {processor.py:183} INFO - Processing /Users/angel.georgiev/VsCodeProjects/PythonExamples/.venv/lib/python3.10/site-packages/airflow/example_dags/subdags/subdag.py took 0.149 seconds
[2024-01-11T20:57:39.655+0200] {processor.py:161} INFO - Started process (PID=36144) to work on /Users/angel.georgiev/VsCodeProjects/PythonExamples/.venv/lib/python3.10/site-packages/airflow/example_dags/subdags/subdag.py
[2024-01-11T20:57:39.661+0200] {processor.py:830} INFO - Processing file /Users/angel.georgiev/VsCodeProjects/PythonExamples/.venv/lib/python3.10/site-packages/airflow/example_dags/subdags/subdag.py for tasks to queue
[2024-01-11T20:57:39.662+0200] {logging_mixin.py:188} INFO - [2024-01-11T20:57:39.662+0200] {dagbag.py:538} INFO - Filling up the DagBag from /Users/angel.georgiev/VsCodeProjects/PythonExamples/.venv/lib/python3.10/site-packages/airflow/example_dags/subdags/subdag.py
[2024-01-11T20:57:39.665+0200] {processor.py:842} WARNING - No viable dags retrieved from /Users/angel.georgiev/VsCodeProjects/PythonExamples/.venv/lib/python3.10/site-packages/airflow/example_dags/subdags/subdag.py
[2024-01-11T20:57:39.844+0200] {processor.py:183} INFO - Processing /Users/angel.georgiev/VsCodeProjects/PythonExamples/.venv/lib/python3.10/site-packages/airflow/example_dags/subdags/subdag.py took 0.191 seconds
