[2024-01-14T09:51:35.756+0200] {processor.py:161} INFO - Started process (PID=48691) to work on /Library/Frameworks/Python.framework/Versions/3.10/lib/python3.10/site-packages/airflow/example_dags/plugins/listener_plugin.py
[2024-01-14T09:51:35.760+0200] {processor.py:830} INFO - Processing file /Library/Frameworks/Python.framework/Versions/3.10/lib/python3.10/site-packages/airflow/example_dags/plugins/listener_plugin.py for tasks to queue
[2024-01-14T09:51:35.761+0200] {logging_mixin.py:188} INFO - [2024-01-14T09:51:35.761+0200] {dagbag.py:538} INFO - Filling up the DagBag from /Library/Frameworks/Python.framework/Versions/3.10/lib/python3.10/site-packages/airflow/example_dags/plugins/listener_plugin.py
[2024-01-14T09:51:35.764+0200] {processor.py:842} WARNING - No viable dags retrieved from /Library/Frameworks/Python.framework/Versions/3.10/lib/python3.10/site-packages/airflow/example_dags/plugins/listener_plugin.py
[2024-01-14T09:51:35.881+0200] {processor.py:183} INFO - Processing /Library/Frameworks/Python.framework/Versions/3.10/lib/python3.10/site-packages/airflow/example_dags/plugins/listener_plugin.py took 0.127 seconds
[2024-01-14T17:59:46.369+0200] {processor.py:161} INFO - Started process (PID=49197) to work on /Library/Frameworks/Python.framework/Versions/3.10/lib/python3.10/site-packages/airflow/example_dags/plugins/listener_plugin.py
[2024-01-14T17:59:46.373+0200] {processor.py:830} INFO - Processing file /Library/Frameworks/Python.framework/Versions/3.10/lib/python3.10/site-packages/airflow/example_dags/plugins/listener_plugin.py for tasks to queue
[2024-01-14T17:59:46.373+0200] {logging_mixin.py:188} INFO - [2024-01-14T17:59:46.373+0200] {dagbag.py:538} INFO - Filling up the DagBag from /Library/Frameworks/Python.framework/Versions/3.10/lib/python3.10/site-packages/airflow/example_dags/plugins/listener_plugin.py
[2024-01-14T17:59:46.378+0200] {processor.py:842} WARNING - No viable dags retrieved from /Library/Frameworks/Python.framework/Versions/3.10/lib/python3.10/site-packages/airflow/example_dags/plugins/listener_plugin.py
[2024-01-14T17:59:46.509+0200] {processor.py:183} INFO - Processing /Library/Frameworks/Python.framework/Versions/3.10/lib/python3.10/site-packages/airflow/example_dags/plugins/listener_plugin.py took 0.142 seconds
[2024-01-15T00:19:34.926+0200] {processor.py:161} INFO - Started process (PID=49713) to work on /Library/Frameworks/Python.framework/Versions/3.10/lib/python3.10/site-packages/airflow/example_dags/plugins/listener_plugin.py
[2024-01-15T00:19:34.934+0200] {processor.py:830} INFO - Processing file /Library/Frameworks/Python.framework/Versions/3.10/lib/python3.10/site-packages/airflow/example_dags/plugins/listener_plugin.py for tasks to queue
[2024-01-15T00:19:34.935+0200] {logging_mixin.py:188} INFO - [2024-01-15T00:19:34.935+0200] {dagbag.py:538} INFO - Filling up the DagBag from /Library/Frameworks/Python.framework/Versions/3.10/lib/python3.10/site-packages/airflow/example_dags/plugins/listener_plugin.py
[2024-01-15T00:19:34.943+0200] {processor.py:842} WARNING - No viable dags retrieved from /Library/Frameworks/Python.framework/Versions/3.10/lib/python3.10/site-packages/airflow/example_dags/plugins/listener_plugin.py
[2024-01-15T00:19:35.100+0200] {processor.py:183} INFO - Processing /Library/Frameworks/Python.framework/Versions/3.10/lib/python3.10/site-packages/airflow/example_dags/plugins/listener_plugin.py took 0.176 seconds
[2024-01-15T00:22:15.113+0200] {processor.py:161} INFO - Started process (PID=50232) to work on /Library/Frameworks/Python.framework/Versions/3.10/lib/python3.10/site-packages/airflow/example_dags/plugins/listener_plugin.py
[2024-01-15T00:22:15.133+0200] {processor.py:830} INFO - Processing file /Library/Frameworks/Python.framework/Versions/3.10/lib/python3.10/site-packages/airflow/example_dags/plugins/listener_plugin.py for tasks to queue
[2024-01-15T00:22:15.152+0200] {logging_mixin.py:188} INFO - [2024-01-15T00:22:15.152+0200] {dagbag.py:538} INFO - Filling up the DagBag from /Library/Frameworks/Python.framework/Versions/3.10/lib/python3.10/site-packages/airflow/example_dags/plugins/listener_plugin.py
[2024-01-15T00:22:15.162+0200] {processor.py:842} WARNING - No viable dags retrieved from /Library/Frameworks/Python.framework/Versions/3.10/lib/python3.10/site-packages/airflow/example_dags/plugins/listener_plugin.py
[2024-01-15T00:22:15.500+0200] {processor.py:183} INFO - Processing /Library/Frameworks/Python.framework/Versions/3.10/lib/python3.10/site-packages/airflow/example_dags/plugins/listener_plugin.py took 0.389 seconds
[2024-01-15T00:24:46.595+0200] {processor.py:161} INFO - Started process (PID=50342) to work on /Library/Frameworks/Python.framework/Versions/3.10/lib/python3.10/site-packages/airflow/example_dags/plugins/listener_plugin.py
[2024-01-15T00:24:46.600+0200] {processor.py:830} INFO - Processing file /Library/Frameworks/Python.framework/Versions/3.10/lib/python3.10/site-packages/airflow/example_dags/plugins/listener_plugin.py for tasks to queue
[2024-01-15T00:24:46.600+0200] {logging_mixin.py:188} INFO - [2024-01-15T00:24:46.600+0200] {dagbag.py:538} INFO - Filling up the DagBag from /Library/Frameworks/Python.framework/Versions/3.10/lib/python3.10/site-packages/airflow/example_dags/plugins/listener_plugin.py
[2024-01-15T00:24:46.605+0200] {processor.py:842} WARNING - No viable dags retrieved from /Library/Frameworks/Python.framework/Versions/3.10/lib/python3.10/site-packages/airflow/example_dags/plugins/listener_plugin.py
[2024-01-15T00:24:46.742+0200] {processor.py:183} INFO - Processing /Library/Frameworks/Python.framework/Versions/3.10/lib/python3.10/site-packages/airflow/example_dags/plugins/listener_plugin.py took 0.149 seconds
[2024-01-15T00:27:06.786+0200] {processor.py:161} INFO - Started process (PID=50425) to work on /Library/Frameworks/Python.framework/Versions/3.10/lib/python3.10/site-packages/airflow/example_dags/plugins/listener_plugin.py
[2024-01-15T00:27:06.791+0200] {processor.py:830} INFO - Processing file /Library/Frameworks/Python.framework/Versions/3.10/lib/python3.10/site-packages/airflow/example_dags/plugins/listener_plugin.py for tasks to queue
[2024-01-15T00:27:06.792+0200] {logging_mixin.py:188} INFO - [2024-01-15T00:27:06.791+0200] {dagbag.py:538} INFO - Filling up the DagBag from /Library/Frameworks/Python.framework/Versions/3.10/lib/python3.10/site-packages/airflow/example_dags/plugins/listener_plugin.py
[2024-01-15T00:27:06.797+0200] {processor.py:842} WARNING - No viable dags retrieved from /Library/Frameworks/Python.framework/Versions/3.10/lib/python3.10/site-packages/airflow/example_dags/plugins/listener_plugin.py
[2024-01-15T00:27:06.936+0200] {processor.py:183} INFO - Processing /Library/Frameworks/Python.framework/Versions/3.10/lib/python3.10/site-packages/airflow/example_dags/plugins/listener_plugin.py took 0.152 seconds
[2024-01-15T00:29:44.773+0200] {processor.py:161} INFO - Started process (PID=50630) to work on /Library/Frameworks/Python.framework/Versions/3.10/lib/python3.10/site-packages/airflow/example_dags/plugins/listener_plugin.py
[2024-01-15T00:29:44.779+0200] {processor.py:830} INFO - Processing file /Library/Frameworks/Python.framework/Versions/3.10/lib/python3.10/site-packages/airflow/example_dags/plugins/listener_plugin.py for tasks to queue
[2024-01-15T00:29:44.779+0200] {logging_mixin.py:188} INFO - [2024-01-15T00:29:44.779+0200] {dagbag.py:538} INFO - Filling up the DagBag from /Library/Frameworks/Python.framework/Versions/3.10/lib/python3.10/site-packages/airflow/example_dags/plugins/listener_plugin.py
[2024-01-15T00:29:44.785+0200] {processor.py:842} WARNING - No viable dags retrieved from /Library/Frameworks/Python.framework/Versions/3.10/lib/python3.10/site-packages/airflow/example_dags/plugins/listener_plugin.py
[2024-01-15T00:29:44.936+0200] {processor.py:183} INFO - Processing /Library/Frameworks/Python.framework/Versions/3.10/lib/python3.10/site-packages/airflow/example_dags/plugins/listener_plugin.py took 0.165 seconds
