[2024-01-14T08:50:56.715+0200] {processor.py:161} INFO - Started process (PID=48259) to work on /Users/angel.georgiev/airflow/dags/ETLProcess/OracleClient/ucp.jar
[2024-01-14T08:50:56.733+0200] {processor.py:830} INFO - Processing file /Users/angel.georgiev/airflow/dags/ETLProcess/OracleClient/ucp.jar for tasks to queue
[2024-01-14T08:50:56.735+0200] {logging_mixin.py:188} INFO - [2024-01-14T08:50:56.735+0200] {dagbag.py:538} INFO - Filling up the DagBag from /Users/angel.georgiev/airflow/dags/ETLProcess/OracleClient/ucp.jar
[2024-01-14T08:50:56.772+0200] {processor.py:842} WARNING - No viable dags retrieved from /Users/angel.georgiev/airflow/dags/ETLProcess/OracleClient/ucp.jar
[2024-01-14T08:50:57.397+0200] {processor.py:183} INFO - Processing /Users/angel.georgiev/airflow/dags/ETLProcess/OracleClient/ucp.jar took 0.686 seconds
[2024-01-14T16:58:58.660+0200] {processor.py:161} INFO - Started process (PID=49146) to work on /Users/angel.georgiev/airflow/dags/ETLProcess/OracleClient/ucp.jar
[2024-01-14T16:58:58.671+0200] {processor.py:830} INFO - Processing file /Users/angel.georgiev/airflow/dags/ETLProcess/OracleClient/ucp.jar for tasks to queue
[2024-01-14T16:58:58.673+0200] {logging_mixin.py:188} INFO - [2024-01-14T16:58:58.672+0200] {dagbag.py:538} INFO - Filling up the DagBag from /Users/angel.georgiev/airflow/dags/ETLProcess/OracleClient/ucp.jar
[2024-01-14T16:58:58.693+0200] {processor.py:842} WARNING - No viable dags retrieved from /Users/angel.georgiev/airflow/dags/ETLProcess/OracleClient/ucp.jar
[2024-01-14T16:58:59.017+0200] {processor.py:183} INFO - Processing /Users/angel.georgiev/airflow/dags/ETLProcess/OracleClient/ucp.jar took 0.361 seconds
[2024-01-15T00:19:17.146+0200] {processor.py:161} INFO - Started process (PID=49633) to work on /Users/angel.georgiev/airflow/dags/ETLProcess/OracleClient/ucp.jar
[2024-01-15T00:19:17.152+0200] {processor.py:830} INFO - Processing file /Users/angel.georgiev/airflow/dags/ETLProcess/OracleClient/ucp.jar for tasks to queue
[2024-01-15T00:19:17.153+0200] {logging_mixin.py:188} INFO - [2024-01-15T00:19:17.153+0200] {dagbag.py:538} INFO - Filling up the DagBag from /Users/angel.georgiev/airflow/dags/ETLProcess/OracleClient/ucp.jar
[2024-01-15T00:19:17.162+0200] {processor.py:842} WARNING - No viable dags retrieved from /Users/angel.georgiev/airflow/dags/ETLProcess/OracleClient/ucp.jar
[2024-01-15T00:19:17.361+0200] {processor.py:183} INFO - Processing /Users/angel.georgiev/airflow/dags/ETLProcess/OracleClient/ucp.jar took 0.216 seconds
[2024-01-15T00:21:56.146+0200] {processor.py:161} INFO - Started process (PID=50223) to work on /Users/angel.georgiev/airflow/dags/ETLProcess/OracleClient/ucp.jar
[2024-01-15T00:21:56.150+0200] {processor.py:830} INFO - Processing file /Users/angel.georgiev/airflow/dags/ETLProcess/OracleClient/ucp.jar for tasks to queue
[2024-01-15T00:21:56.150+0200] {logging_mixin.py:188} INFO - [2024-01-15T00:21:56.150+0200] {dagbag.py:538} INFO - Filling up the DagBag from /Users/angel.georgiev/airflow/dags/ETLProcess/OracleClient/ucp.jar
[2024-01-15T00:21:56.158+0200] {processor.py:842} WARNING - No viable dags retrieved from /Users/angel.georgiev/airflow/dags/ETLProcess/OracleClient/ucp.jar
[2024-01-15T00:21:56.303+0200] {processor.py:183} INFO - Processing /Users/angel.georgiev/airflow/dags/ETLProcess/OracleClient/ucp.jar took 0.159 seconds
[2024-01-15T00:24:30.836+0200] {processor.py:161} INFO - Started process (PID=50335) to work on /Users/angel.georgiev/airflow/dags/ETLProcess/OracleClient/ucp.jar
[2024-01-15T00:24:30.841+0200] {processor.py:830} INFO - Processing file /Users/angel.georgiev/airflow/dags/ETLProcess/OracleClient/ucp.jar for tasks to queue
[2024-01-15T00:24:30.841+0200] {logging_mixin.py:188} INFO - [2024-01-15T00:24:30.841+0200] {dagbag.py:538} INFO - Filling up the DagBag from /Users/angel.georgiev/airflow/dags/ETLProcess/OracleClient/ucp.jar
[2024-01-15T00:24:30.848+0200] {processor.py:842} WARNING - No viable dags retrieved from /Users/angel.georgiev/airflow/dags/ETLProcess/OracleClient/ucp.jar
[2024-01-15T00:24:30.978+0200] {processor.py:183} INFO - Processing /Users/angel.georgiev/airflow/dags/ETLProcess/OracleClient/ucp.jar took 0.143 seconds
[2024-01-15T00:26:52.498+0200] {processor.py:161} INFO - Started process (PID=50420) to work on /Users/angel.georgiev/airflow/dags/ETLProcess/OracleClient/ucp.jar
[2024-01-15T00:26:52.502+0200] {processor.py:830} INFO - Processing file /Users/angel.georgiev/airflow/dags/ETLProcess/OracleClient/ucp.jar for tasks to queue
[2024-01-15T00:26:52.503+0200] {logging_mixin.py:188} INFO - [2024-01-15T00:26:52.503+0200] {dagbag.py:538} INFO - Filling up the DagBag from /Users/angel.georgiev/airflow/dags/ETLProcess/OracleClient/ucp.jar
[2024-01-15T00:26:52.511+0200] {processor.py:842} WARNING - No viable dags retrieved from /Users/angel.georgiev/airflow/dags/ETLProcess/OracleClient/ucp.jar
[2024-01-15T00:26:52.645+0200] {processor.py:183} INFO - Processing /Users/angel.georgiev/airflow/dags/ETLProcess/OracleClient/ucp.jar took 0.149 seconds
[2024-01-15T00:29:28.524+0200] {processor.py:161} INFO - Started process (PID=50610) to work on /Users/angel.georgiev/airflow/dags/ETLProcess/OracleClient/ucp.jar
[2024-01-15T00:29:28.529+0200] {processor.py:830} INFO - Processing file /Users/angel.georgiev/airflow/dags/ETLProcess/OracleClient/ucp.jar for tasks to queue
[2024-01-15T00:29:28.529+0200] {logging_mixin.py:188} INFO - [2024-01-15T00:29:28.529+0200] {dagbag.py:538} INFO - Filling up the DagBag from /Users/angel.georgiev/airflow/dags/ETLProcess/OracleClient/ucp.jar
[2024-01-15T00:29:28.537+0200] {processor.py:842} WARNING - No viable dags retrieved from /Users/angel.georgiev/airflow/dags/ETLProcess/OracleClient/ucp.jar
[2024-01-15T00:29:28.674+0200] {processor.py:183} INFO - Processing /Users/angel.georgiev/airflow/dags/ETLProcess/OracleClient/ucp.jar took 0.152 seconds
