[2024-01-14T11:03:28.867+0200] {processor.py:161} INFO - Started process (PID=48781) to work on /Library/Frameworks/Python.framework/Versions/3.10/lib/python3.10/site-packages/airflow/example_dags/example_xcom.py
[2024-01-14T11:03:28.871+0200] {processor.py:830} INFO - Processing file /Library/Frameworks/Python.framework/Versions/3.10/lib/python3.10/site-packages/airflow/example_dags/example_xcom.py for tasks to queue
[2024-01-14T11:03:28.872+0200] {logging_mixin.py:188} INFO - [2024-01-14T11:03:28.871+0200] {dagbag.py:538} INFO - Filling up the DagBag from /Library/Frameworks/Python.framework/Versions/3.10/lib/python3.10/site-packages/airflow/example_dags/example_xcom.py
[2024-01-14T11:03:28.955+0200] {processor.py:840} INFO - DAG(s) 'example_xcom' retrieved from /Library/Frameworks/Python.framework/Versions/3.10/lib/python3.10/site-packages/airflow/example_dags/example_xcom.py
[2024-01-14T11:03:29.046+0200] {logging_mixin.py:188} INFO - [2024-01-14T11:03:29.046+0200] {dag.py:3033} INFO - Sync 1 DAGs
[2024-01-14T11:03:29.059+0200] {logging_mixin.py:188} INFO - [2024-01-14T11:03:29.059+0200] {dag.py:3820} INFO - Setting next_dagrun for example_xcom to 2021-01-01T00:00:00+00:00, run_after=2021-01-01T00:00:00+00:00
[2024-01-14T11:03:29.075+0200] {processor.py:183} INFO - Processing /Library/Frameworks/Python.framework/Versions/3.10/lib/python3.10/site-packages/airflow/example_dags/example_xcom.py took 0.210 seconds
[2024-01-14T19:01:10.166+0200] {processor.py:161} INFO - Started process (PID=49243) to work on /Library/Frameworks/Python.framework/Versions/3.10/lib/python3.10/site-packages/airflow/example_dags/example_xcom.py
[2024-01-14T19:01:10.180+0200] {processor.py:830} INFO - Processing file /Library/Frameworks/Python.framework/Versions/3.10/lib/python3.10/site-packages/airflow/example_dags/example_xcom.py for tasks to queue
[2024-01-14T19:01:10.181+0200] {logging_mixin.py:188} INFO - [2024-01-14T19:01:10.181+0200] {dagbag.py:538} INFO - Filling up the DagBag from /Library/Frameworks/Python.framework/Versions/3.10/lib/python3.10/site-packages/airflow/example_dags/example_xcom.py
[2024-01-14T19:01:10.401+0200] {processor.py:840} INFO - DAG(s) 'example_xcom' retrieved from /Library/Frameworks/Python.framework/Versions/3.10/lib/python3.10/site-packages/airflow/example_dags/example_xcom.py
[2024-01-14T19:01:10.664+0200] {logging_mixin.py:188} INFO - [2024-01-14T19:01:10.663+0200] {dag.py:3033} INFO - Sync 1 DAGs
[2024-01-14T19:01:10.702+0200] {logging_mixin.py:188} INFO - [2024-01-14T19:01:10.702+0200] {dag.py:3820} INFO - Setting next_dagrun for example_xcom to 2021-01-01T00:00:00+00:00, run_after=2021-01-01T00:00:00+00:00
[2024-01-14T19:01:10.746+0200] {processor.py:183} INFO - Processing /Library/Frameworks/Python.framework/Versions/3.10/lib/python3.10/site-packages/airflow/example_dags/example_xcom.py took 0.584 seconds
[2024-01-15T00:20:08.107+0200] {processor.py:161} INFO - Started process (PID=50130) to work on /Library/Frameworks/Python.framework/Versions/3.10/lib/python3.10/site-packages/airflow/example_dags/example_xcom.py
[2024-01-15T00:20:08.111+0200] {processor.py:830} INFO - Processing file /Library/Frameworks/Python.framework/Versions/3.10/lib/python3.10/site-packages/airflow/example_dags/example_xcom.py for tasks to queue
[2024-01-15T00:20:08.112+0200] {logging_mixin.py:188} INFO - [2024-01-15T00:20:08.112+0200] {dagbag.py:538} INFO - Filling up the DagBag from /Library/Frameworks/Python.framework/Versions/3.10/lib/python3.10/site-packages/airflow/example_dags/example_xcom.py
[2024-01-15T00:20:08.207+0200] {processor.py:840} INFO - DAG(s) 'example_xcom' retrieved from /Library/Frameworks/Python.framework/Versions/3.10/lib/python3.10/site-packages/airflow/example_dags/example_xcom.py
[2024-01-15T00:20:08.305+0200] {logging_mixin.py:188} INFO - [2024-01-15T00:20:08.305+0200] {dag.py:3033} INFO - Sync 1 DAGs
[2024-01-15T00:20:08.317+0200] {logging_mixin.py:188} INFO - [2024-01-15T00:20:08.317+0200] {dag.py:3820} INFO - Setting next_dagrun for example_xcom to 2021-01-01T00:00:00+00:00, run_after=2021-01-01T00:00:00+00:00
[2024-01-15T00:20:08.335+0200] {processor.py:183} INFO - Processing /Library/Frameworks/Python.framework/Versions/3.10/lib/python3.10/site-packages/airflow/example_dags/example_xcom.py took 0.230 seconds
[2024-01-15T00:22:42.859+0200] {processor.py:161} INFO - Started process (PID=50266) to work on /Library/Frameworks/Python.framework/Versions/3.10/lib/python3.10/site-packages/airflow/example_dags/example_xcom.py
[2024-01-15T00:22:42.864+0200] {processor.py:830} INFO - Processing file /Library/Frameworks/Python.framework/Versions/3.10/lib/python3.10/site-packages/airflow/example_dags/example_xcom.py for tasks to queue
[2024-01-15T00:22:42.864+0200] {logging_mixin.py:188} INFO - [2024-01-15T00:22:42.864+0200] {dagbag.py:538} INFO - Filling up the DagBag from /Library/Frameworks/Python.framework/Versions/3.10/lib/python3.10/site-packages/airflow/example_dags/example_xcom.py
[2024-01-15T00:22:42.974+0200] {processor.py:840} INFO - DAG(s) 'example_xcom' retrieved from /Library/Frameworks/Python.framework/Versions/3.10/lib/python3.10/site-packages/airflow/example_dags/example_xcom.py
[2024-01-15T00:22:43.071+0200] {logging_mixin.py:188} INFO - [2024-01-15T00:22:43.071+0200] {dag.py:3033} INFO - Sync 1 DAGs
[2024-01-15T00:22:43.086+0200] {logging_mixin.py:188} INFO - [2024-01-15T00:22:43.086+0200] {dag.py:3820} INFO - Setting next_dagrun for example_xcom to 2021-01-01T00:00:00+00:00, run_after=2021-01-01T00:00:00+00:00
[2024-01-15T00:22:43.104+0200] {processor.py:183} INFO - Processing /Library/Frameworks/Python.framework/Versions/3.10/lib/python3.10/site-packages/airflow/example_dags/example_xcom.py took 0.246 seconds
[2024-01-15T00:25:12.499+0200] {processor.py:161} INFO - Started process (PID=50354) to work on /Library/Frameworks/Python.framework/Versions/3.10/lib/python3.10/site-packages/airflow/example_dags/example_xcom.py
[2024-01-15T00:25:12.504+0200] {processor.py:830} INFO - Processing file /Library/Frameworks/Python.framework/Versions/3.10/lib/python3.10/site-packages/airflow/example_dags/example_xcom.py for tasks to queue
[2024-01-15T00:25:12.504+0200] {logging_mixin.py:188} INFO - [2024-01-15T00:25:12.504+0200] {dagbag.py:538} INFO - Filling up the DagBag from /Library/Frameworks/Python.framework/Versions/3.10/lib/python3.10/site-packages/airflow/example_dags/example_xcom.py
[2024-01-15T00:25:12.601+0200] {processor.py:840} INFO - DAG(s) 'example_xcom' retrieved from /Library/Frameworks/Python.framework/Versions/3.10/lib/python3.10/site-packages/airflow/example_dags/example_xcom.py
[2024-01-15T00:25:12.696+0200] {logging_mixin.py:188} INFO - [2024-01-15T00:25:12.696+0200] {dag.py:3033} INFO - Sync 1 DAGs
[2024-01-15T00:25:12.709+0200] {logging_mixin.py:188} INFO - [2024-01-15T00:25:12.709+0200] {dag.py:3820} INFO - Setting next_dagrun for example_xcom to 2021-01-01T00:00:00+00:00, run_after=2021-01-01T00:00:00+00:00
[2024-01-15T00:25:12.731+0200] {processor.py:183} INFO - Processing /Library/Frameworks/Python.framework/Versions/3.10/lib/python3.10/site-packages/airflow/example_dags/example_xcom.py took 0.233 seconds
[2024-01-15T00:27:32.750+0200] {processor.py:161} INFO - Started process (PID=50459) to work on /Library/Frameworks/Python.framework/Versions/3.10/lib/python3.10/site-packages/airflow/example_dags/example_xcom.py
[2024-01-15T00:27:32.755+0200] {processor.py:830} INFO - Processing file /Library/Frameworks/Python.framework/Versions/3.10/lib/python3.10/site-packages/airflow/example_dags/example_xcom.py for tasks to queue
[2024-01-15T00:27:32.755+0200] {logging_mixin.py:188} INFO - [2024-01-15T00:27:32.755+0200] {dagbag.py:538} INFO - Filling up the DagBag from /Library/Frameworks/Python.framework/Versions/3.10/lib/python3.10/site-packages/airflow/example_dags/example_xcom.py
[2024-01-15T00:27:32.867+0200] {processor.py:840} INFO - DAG(s) 'example_xcom' retrieved from /Library/Frameworks/Python.framework/Versions/3.10/lib/python3.10/site-packages/airflow/example_dags/example_xcom.py
[2024-01-15T00:27:32.993+0200] {logging_mixin.py:188} INFO - [2024-01-15T00:27:32.993+0200] {dag.py:3033} INFO - Sync 1 DAGs
[2024-01-15T00:27:33.009+0200] {logging_mixin.py:188} INFO - [2024-01-15T00:27:33.009+0200] {dag.py:3820} INFO - Setting next_dagrun for example_xcom to 2021-01-01T00:00:00+00:00, run_after=2021-01-01T00:00:00+00:00
[2024-01-15T00:27:33.030+0200] {processor.py:183} INFO - Processing /Library/Frameworks/Python.framework/Versions/3.10/lib/python3.10/site-packages/airflow/example_dags/example_xcom.py took 0.282 seconds
[2024-01-15T00:30:11.822+0200] {processor.py:161} INFO - Started process (PID=50640) to work on /Library/Frameworks/Python.framework/Versions/3.10/lib/python3.10/site-packages/airflow/example_dags/example_xcom.py
[2024-01-15T00:30:11.828+0200] {processor.py:830} INFO - Processing file /Library/Frameworks/Python.framework/Versions/3.10/lib/python3.10/site-packages/airflow/example_dags/example_xcom.py for tasks to queue
[2024-01-15T00:30:11.829+0200] {logging_mixin.py:188} INFO - [2024-01-15T00:30:11.829+0200] {dagbag.py:538} INFO - Filling up the DagBag from /Library/Frameworks/Python.framework/Versions/3.10/lib/python3.10/site-packages/airflow/example_dags/example_xcom.py
[2024-01-15T00:30:11.969+0200] {processor.py:840} INFO - DAG(s) 'example_xcom' retrieved from /Library/Frameworks/Python.framework/Versions/3.10/lib/python3.10/site-packages/airflow/example_dags/example_xcom.py
[2024-01-15T00:30:12.112+0200] {logging_mixin.py:188} INFO - [2024-01-15T00:30:12.112+0200] {dag.py:3033} INFO - Sync 1 DAGs
[2024-01-15T00:30:12.133+0200] {logging_mixin.py:188} INFO - [2024-01-15T00:30:12.133+0200] {dag.py:3820} INFO - Setting next_dagrun for example_xcom to 2021-01-01T00:00:00+00:00, run_after=2021-01-01T00:00:00+00:00
[2024-01-15T00:30:12.160+0200] {processor.py:183} INFO - Processing /Library/Frameworks/Python.framework/Versions/3.10/lib/python3.10/site-packages/airflow/example_dags/example_xcom.py took 0.340 seconds
