[2024-01-14T11:03:31.963+0200] {processor.py:161} INFO - Started process (PID=48782) to work on /Library/Frameworks/Python.framework/Versions/3.10/lib/python3.10/site-packages/airflow/example_dags/example_trigger_target_dag.py
[2024-01-14T11:03:31.968+0200] {processor.py:830} INFO - Processing file /Library/Frameworks/Python.framework/Versions/3.10/lib/python3.10/site-packages/airflow/example_dags/example_trigger_target_dag.py for tasks to queue
[2024-01-14T11:03:31.968+0200] {logging_mixin.py:188} INFO - [2024-01-14T11:03:31.968+0200] {dagbag.py:538} INFO - Filling up the DagBag from /Library/Frameworks/Python.framework/Versions/3.10/lib/python3.10/site-packages/airflow/example_dags/example_trigger_target_dag.py
[2024-01-14T11:03:32.054+0200] {processor.py:840} INFO - DAG(s) 'example_trigger_target_dag' retrieved from /Library/Frameworks/Python.framework/Versions/3.10/lib/python3.10/site-packages/airflow/example_dags/example_trigger_target_dag.py
[2024-01-14T11:03:32.157+0200] {logging_mixin.py:188} INFO - [2024-01-14T11:03:32.157+0200] {dag.py:3033} INFO - Sync 1 DAGs
[2024-01-14T11:03:32.167+0200] {logging_mixin.py:188} INFO - [2024-01-14T11:03:32.167+0200] {dag.py:3820} INFO - Setting next_dagrun for example_trigger_target_dag to None, run_after=None
[2024-01-14T11:03:32.187+0200] {processor.py:183} INFO - Processing /Library/Frameworks/Python.framework/Versions/3.10/lib/python3.10/site-packages/airflow/example_dags/example_trigger_target_dag.py took 0.225 seconds
[2024-01-14T19:01:16.870+0200] {processor.py:161} INFO - Started process (PID=49248) to work on /Library/Frameworks/Python.framework/Versions/3.10/lib/python3.10/site-packages/airflow/example_dags/example_trigger_target_dag.py
[2024-01-14T19:01:16.887+0200] {processor.py:830} INFO - Processing file /Library/Frameworks/Python.framework/Versions/3.10/lib/python3.10/site-packages/airflow/example_dags/example_trigger_target_dag.py for tasks to queue
[2024-01-14T19:01:16.888+0200] {logging_mixin.py:188} INFO - [2024-01-14T19:01:16.888+0200] {dagbag.py:538} INFO - Filling up the DagBag from /Library/Frameworks/Python.framework/Versions/3.10/lib/python3.10/site-packages/airflow/example_dags/example_trigger_target_dag.py
[2024-01-14T19:01:17.067+0200] {processor.py:840} INFO - DAG(s) 'example_trigger_target_dag' retrieved from /Library/Frameworks/Python.framework/Versions/3.10/lib/python3.10/site-packages/airflow/example_dags/example_trigger_target_dag.py
[2024-01-14T19:01:17.342+0200] {logging_mixin.py:188} INFO - [2024-01-14T19:01:17.342+0200] {dag.py:3033} INFO - Sync 1 DAGs
[2024-01-14T19:01:17.375+0200] {logging_mixin.py:188} INFO - [2024-01-14T19:01:17.374+0200] {dag.py:3820} INFO - Setting next_dagrun for example_trigger_target_dag to None, run_after=None
[2024-01-14T19:01:17.446+0200] {processor.py:183} INFO - Processing /Library/Frameworks/Python.framework/Versions/3.10/lib/python3.10/site-packages/airflow/example_dags/example_trigger_target_dag.py took 0.580 seconds
[2024-01-15T00:20:10.932+0200] {processor.py:161} INFO - Started process (PID=50131) to work on /Library/Frameworks/Python.framework/Versions/3.10/lib/python3.10/site-packages/airflow/example_dags/example_trigger_target_dag.py
[2024-01-15T00:20:10.937+0200] {processor.py:830} INFO - Processing file /Library/Frameworks/Python.framework/Versions/3.10/lib/python3.10/site-packages/airflow/example_dags/example_trigger_target_dag.py for tasks to queue
[2024-01-15T00:20:10.938+0200] {logging_mixin.py:188} INFO - [2024-01-15T00:20:10.937+0200] {dagbag.py:538} INFO - Filling up the DagBag from /Library/Frameworks/Python.framework/Versions/3.10/lib/python3.10/site-packages/airflow/example_dags/example_trigger_target_dag.py
[2024-01-15T00:20:11.033+0200] {processor.py:840} INFO - DAG(s) 'example_trigger_target_dag' retrieved from /Library/Frameworks/Python.framework/Versions/3.10/lib/python3.10/site-packages/airflow/example_dags/example_trigger_target_dag.py
[2024-01-15T00:20:11.124+0200] {logging_mixin.py:188} INFO - [2024-01-15T00:20:11.124+0200] {dag.py:3033} INFO - Sync 1 DAGs
[2024-01-15T00:20:11.133+0200] {logging_mixin.py:188} INFO - [2024-01-15T00:20:11.133+0200] {dag.py:3820} INFO - Setting next_dagrun for example_trigger_target_dag to None, run_after=None
[2024-01-15T00:20:11.153+0200] {processor.py:183} INFO - Processing /Library/Frameworks/Python.framework/Versions/3.10/lib/python3.10/site-packages/airflow/example_dags/example_trigger_target_dag.py took 0.222 seconds
[2024-01-15T00:22:46.534+0200] {processor.py:161} INFO - Started process (PID=50267) to work on /Library/Frameworks/Python.framework/Versions/3.10/lib/python3.10/site-packages/airflow/example_dags/example_trigger_target_dag.py
[2024-01-15T00:22:46.556+0200] {processor.py:830} INFO - Processing file /Library/Frameworks/Python.framework/Versions/3.10/lib/python3.10/site-packages/airflow/example_dags/example_trigger_target_dag.py for tasks to queue
[2024-01-15T00:22:46.557+0200] {logging_mixin.py:188} INFO - [2024-01-15T00:22:46.557+0200] {dagbag.py:538} INFO - Filling up the DagBag from /Library/Frameworks/Python.framework/Versions/3.10/lib/python3.10/site-packages/airflow/example_dags/example_trigger_target_dag.py
[2024-01-15T00:22:46.666+0200] {processor.py:840} INFO - DAG(s) 'example_trigger_target_dag' retrieved from /Library/Frameworks/Python.framework/Versions/3.10/lib/python3.10/site-packages/airflow/example_dags/example_trigger_target_dag.py
[2024-01-15T00:22:46.829+0200] {logging_mixin.py:188} INFO - [2024-01-15T00:22:46.829+0200] {dag.py:3033} INFO - Sync 1 DAGs
[2024-01-15T00:22:46.837+0200] {logging_mixin.py:188} INFO - [2024-01-15T00:22:46.837+0200] {dag.py:3820} INFO - Setting next_dagrun for example_trigger_target_dag to None, run_after=None
[2024-01-15T00:22:46.860+0200] {processor.py:183} INFO - Processing /Library/Frameworks/Python.framework/Versions/3.10/lib/python3.10/site-packages/airflow/example_dags/example_trigger_target_dag.py took 0.391 seconds
[2024-01-15T00:25:15.708+0200] {processor.py:161} INFO - Started process (PID=50355) to work on /Library/Frameworks/Python.framework/Versions/3.10/lib/python3.10/site-packages/airflow/example_dags/example_trigger_target_dag.py
[2024-01-15T00:25:15.713+0200] {processor.py:830} INFO - Processing file /Library/Frameworks/Python.framework/Versions/3.10/lib/python3.10/site-packages/airflow/example_dags/example_trigger_target_dag.py for tasks to queue
[2024-01-15T00:25:15.714+0200] {logging_mixin.py:188} INFO - [2024-01-15T00:25:15.713+0200] {dagbag.py:538} INFO - Filling up the DagBag from /Library/Frameworks/Python.framework/Versions/3.10/lib/python3.10/site-packages/airflow/example_dags/example_trigger_target_dag.py
[2024-01-15T00:25:15.814+0200] {processor.py:840} INFO - DAG(s) 'example_trigger_target_dag' retrieved from /Library/Frameworks/Python.framework/Versions/3.10/lib/python3.10/site-packages/airflow/example_dags/example_trigger_target_dag.py
[2024-01-15T00:25:15.909+0200] {logging_mixin.py:188} INFO - [2024-01-15T00:25:15.909+0200] {dag.py:3033} INFO - Sync 1 DAGs
[2024-01-15T00:25:15.916+0200] {logging_mixin.py:188} INFO - [2024-01-15T00:25:15.916+0200] {dag.py:3820} INFO - Setting next_dagrun for example_trigger_target_dag to None, run_after=None
[2024-01-15T00:25:15.935+0200] {processor.py:183} INFO - Processing /Library/Frameworks/Python.framework/Versions/3.10/lib/python3.10/site-packages/airflow/example_dags/example_trigger_target_dag.py took 0.227 seconds
[2024-01-15T00:27:36.331+0200] {processor.py:161} INFO - Started process (PID=50460) to work on /Library/Frameworks/Python.framework/Versions/3.10/lib/python3.10/site-packages/airflow/example_dags/example_trigger_target_dag.py
[2024-01-15T00:27:36.337+0200] {processor.py:830} INFO - Processing file /Library/Frameworks/Python.framework/Versions/3.10/lib/python3.10/site-packages/airflow/example_dags/example_trigger_target_dag.py for tasks to queue
[2024-01-15T00:27:36.337+0200] {logging_mixin.py:188} INFO - [2024-01-15T00:27:36.337+0200] {dagbag.py:538} INFO - Filling up the DagBag from /Library/Frameworks/Python.framework/Versions/3.10/lib/python3.10/site-packages/airflow/example_dags/example_trigger_target_dag.py
[2024-01-15T00:27:36.431+0200] {processor.py:840} INFO - DAG(s) 'example_trigger_target_dag' retrieved from /Library/Frameworks/Python.framework/Versions/3.10/lib/python3.10/site-packages/airflow/example_dags/example_trigger_target_dag.py
[2024-01-15T00:27:36.531+0200] {logging_mixin.py:188} INFO - [2024-01-15T00:27:36.530+0200] {dag.py:3033} INFO - Sync 1 DAGs
[2024-01-15T00:27:36.539+0200] {logging_mixin.py:188} INFO - [2024-01-15T00:27:36.538+0200] {dag.py:3820} INFO - Setting next_dagrun for example_trigger_target_dag to None, run_after=None
[2024-01-15T00:27:36.561+0200] {processor.py:183} INFO - Processing /Library/Frameworks/Python.framework/Versions/3.10/lib/python3.10/site-packages/airflow/example_dags/example_trigger_target_dag.py took 0.231 seconds
[2024-01-15T00:30:15.215+0200] {processor.py:161} INFO - Started process (PID=50642) to work on /Library/Frameworks/Python.framework/Versions/3.10/lib/python3.10/site-packages/airflow/example_dags/example_trigger_target_dag.py
[2024-01-15T00:30:15.220+0200] {processor.py:830} INFO - Processing file /Library/Frameworks/Python.framework/Versions/3.10/lib/python3.10/site-packages/airflow/example_dags/example_trigger_target_dag.py for tasks to queue
[2024-01-15T00:30:15.220+0200] {logging_mixin.py:188} INFO - [2024-01-15T00:30:15.220+0200] {dagbag.py:538} INFO - Filling up the DagBag from /Library/Frameworks/Python.framework/Versions/3.10/lib/python3.10/site-packages/airflow/example_dags/example_trigger_target_dag.py
[2024-01-15T00:30:15.314+0200] {processor.py:840} INFO - DAG(s) 'example_trigger_target_dag' retrieved from /Library/Frameworks/Python.framework/Versions/3.10/lib/python3.10/site-packages/airflow/example_dags/example_trigger_target_dag.py
[2024-01-15T00:30:15.415+0200] {logging_mixin.py:188} INFO - [2024-01-15T00:30:15.414+0200] {dag.py:3033} INFO - Sync 1 DAGs
[2024-01-15T00:30:15.422+0200] {logging_mixin.py:188} INFO - [2024-01-15T00:30:15.422+0200] {dag.py:3820} INFO - Setting next_dagrun for example_trigger_target_dag to None, run_after=None
[2024-01-15T00:30:15.441+0200] {processor.py:183} INFO - Processing /Library/Frameworks/Python.framework/Versions/3.10/lib/python3.10/site-packages/airflow/example_dags/example_trigger_target_dag.py took 0.228 seconds
