[2024-01-14T07:01:26.015+0200] {processor.py:161} INFO - Started process (PID=48044) to work on /Library/Frameworks/Python.framework/Versions/3.10/lib/python3.10/site-packages/airflow/example_dags/example_datasets.py
[2024-01-14T07:01:26.026+0200] {processor.py:830} INFO - Processing file /Library/Frameworks/Python.framework/Versions/3.10/lib/python3.10/site-packages/airflow/example_dags/example_datasets.py for tasks to queue
[2024-01-14T07:01:26.026+0200] {logging_mixin.py:188} INFO - [2024-01-14T07:01:26.026+0200] {dagbag.py:538} INFO - Filling up the DagBag from /Library/Frameworks/Python.framework/Versions/3.10/lib/python3.10/site-packages/airflow/example_dags/example_datasets.py
[2024-01-14T07:01:26.132+0200] {processor.py:840} INFO - DAG(s) 'dataset_consumes_1_never_scheduled', 'dataset_produces_1', 'dataset_consumes_1_and_2', 'dataset_produces_2', 'dataset_consumes_1', 'dataset_consumes_unknown_never_scheduled' retrieved from /Library/Frameworks/Python.framework/Versions/3.10/lib/python3.10/site-packages/airflow/example_dags/example_datasets.py
[2024-01-14T07:01:26.235+0200] {logging_mixin.py:188} INFO - [2024-01-14T07:01:26.235+0200] {dag.py:3033} INFO - Sync 6 DAGs
[2024-01-14T07:01:26.251+0200] {logging_mixin.py:188} INFO - [2024-01-14T07:01:26.251+0200] {dag.py:3820} INFO - Setting next_dagrun for dataset_consumes_1 to None, run_after=None
[2024-01-14T07:01:26.253+0200] {logging_mixin.py:188} INFO - [2024-01-14T07:01:26.253+0200] {dag.py:3820} INFO - Setting next_dagrun for dataset_consumes_1_and_2 to None, run_after=None
[2024-01-14T07:01:26.254+0200] {logging_mixin.py:188} INFO - [2024-01-14T07:01:26.254+0200] {dag.py:3820} INFO - Setting next_dagrun for dataset_consumes_1_never_scheduled to None, run_after=None
[2024-01-14T07:01:26.255+0200] {logging_mixin.py:188} INFO - [2024-01-14T07:01:26.255+0200] {dag.py:3820} INFO - Setting next_dagrun for dataset_consumes_unknown_never_scheduled to None, run_after=None
[2024-01-14T07:01:26.257+0200] {logging_mixin.py:188} INFO - [2024-01-14T07:01:26.257+0200] {dag.py:3820} INFO - Setting next_dagrun for dataset_produces_1 to 2024-01-13T00:00:00+00:00, run_after=2024-01-14T00:00:00+00:00
[2024-01-14T07:01:26.258+0200] {logging_mixin.py:188} INFO - [2024-01-14T07:01:26.258+0200] {dag.py:3820} INFO - Setting next_dagrun for dataset_produces_2 to None, run_after=None
[2024-01-14T07:01:26.283+0200] {processor.py:183} INFO - Processing /Library/Frameworks/Python.framework/Versions/3.10/lib/python3.10/site-packages/airflow/example_dags/example_datasets.py took 0.269 seconds
[2024-01-14T14:56:56.288+0200] {processor.py:161} INFO - Started process (PID=49051) to work on /Library/Frameworks/Python.framework/Versions/3.10/lib/python3.10/site-packages/airflow/example_dags/example_datasets.py
[2024-01-14T14:56:56.302+0200] {processor.py:830} INFO - Processing file /Library/Frameworks/Python.framework/Versions/3.10/lib/python3.10/site-packages/airflow/example_dags/example_datasets.py for tasks to queue
[2024-01-14T14:56:56.304+0200] {logging_mixin.py:188} INFO - [2024-01-14T14:56:56.303+0200] {dagbag.py:538} INFO - Filling up the DagBag from /Library/Frameworks/Python.framework/Versions/3.10/lib/python3.10/site-packages/airflow/example_dags/example_datasets.py
[2024-01-14T14:56:56.411+0200] {processor.py:840} INFO - DAG(s) 'dataset_consumes_1_never_scheduled', 'dataset_produces_2', 'dataset_produces_1', 'dataset_consumes_unknown_never_scheduled', 'dataset_consumes_1', 'dataset_consumes_1_and_2' retrieved from /Library/Frameworks/Python.framework/Versions/3.10/lib/python3.10/site-packages/airflow/example_dags/example_datasets.py
[2024-01-14T14:56:56.664+0200] {logging_mixin.py:188} INFO - [2024-01-14T14:56:56.664+0200] {dag.py:3033} INFO - Sync 6 DAGs
[2024-01-14T14:56:56.699+0200] {logging_mixin.py:188} INFO - [2024-01-14T14:56:56.699+0200] {dag.py:3820} INFO - Setting next_dagrun for dataset_consumes_1 to None, run_after=None
[2024-01-14T14:56:56.705+0200] {logging_mixin.py:188} INFO - [2024-01-14T14:56:56.705+0200] {dag.py:3820} INFO - Setting next_dagrun for dataset_consumes_1_and_2 to None, run_after=None
[2024-01-14T14:56:56.707+0200] {logging_mixin.py:188} INFO - [2024-01-14T14:56:56.707+0200] {dag.py:3820} INFO - Setting next_dagrun for dataset_consumes_1_never_scheduled to None, run_after=None
[2024-01-14T14:56:56.709+0200] {logging_mixin.py:188} INFO - [2024-01-14T14:56:56.708+0200] {dag.py:3820} INFO - Setting next_dagrun for dataset_consumes_unknown_never_scheduled to None, run_after=None
[2024-01-14T14:56:56.713+0200] {logging_mixin.py:188} INFO - [2024-01-14T14:56:56.713+0200] {dag.py:3820} INFO - Setting next_dagrun for dataset_produces_1 to 2024-01-13T00:00:00+00:00, run_after=2024-01-14T00:00:00+00:00
[2024-01-14T14:56:56.715+0200] {logging_mixin.py:188} INFO - [2024-01-14T14:56:56.715+0200] {dag.py:3820} INFO - Setting next_dagrun for dataset_produces_2 to None, run_after=None
[2024-01-14T14:56:56.772+0200] {processor.py:183} INFO - Processing /Library/Frameworks/Python.framework/Versions/3.10/lib/python3.10/site-packages/airflow/example_dags/example_datasets.py took 0.488 seconds
[2024-01-15T00:18:30.278+0200] {processor.py:161} INFO - Started process (PID=49557) to work on /Library/Frameworks/Python.framework/Versions/3.10/lib/python3.10/site-packages/airflow/example_dags/example_datasets.py
[2024-01-15T00:18:30.288+0200] {processor.py:830} INFO - Processing file /Library/Frameworks/Python.framework/Versions/3.10/lib/python3.10/site-packages/airflow/example_dags/example_datasets.py for tasks to queue
[2024-01-15T00:18:30.289+0200] {logging_mixin.py:188} INFO - [2024-01-15T00:18:30.288+0200] {dagbag.py:538} INFO - Filling up the DagBag from /Library/Frameworks/Python.framework/Versions/3.10/lib/python3.10/site-packages/airflow/example_dags/example_datasets.py
[2024-01-15T00:18:30.388+0200] {processor.py:840} INFO - DAG(s) 'dataset_produces_2', 'dataset_consumes_1_never_scheduled', 'dataset_produces_1', 'dataset_consumes_unknown_never_scheduled', 'dataset_consumes_1', 'dataset_consumes_1_and_2' retrieved from /Library/Frameworks/Python.framework/Versions/3.10/lib/python3.10/site-packages/airflow/example_dags/example_datasets.py
[2024-01-15T00:18:30.644+0200] {logging_mixin.py:188} INFO - [2024-01-15T00:18:30.643+0200] {dag.py:3033} INFO - Sync 6 DAGs
[2024-01-15T00:18:30.672+0200] {logging_mixin.py:188} INFO - [2024-01-15T00:18:30.671+0200] {dag.py:3820} INFO - Setting next_dagrun for dataset_consumes_1 to None, run_after=None
[2024-01-15T00:18:30.676+0200] {logging_mixin.py:188} INFO - [2024-01-15T00:18:30.676+0200] {dag.py:3820} INFO - Setting next_dagrun for dataset_consumes_1_and_2 to None, run_after=None
[2024-01-15T00:18:30.678+0200] {logging_mixin.py:188} INFO - [2024-01-15T00:18:30.678+0200] {dag.py:3820} INFO - Setting next_dagrun for dataset_consumes_1_never_scheduled to None, run_after=None
[2024-01-15T00:18:30.679+0200] {logging_mixin.py:188} INFO - [2024-01-15T00:18:30.679+0200] {dag.py:3820} INFO - Setting next_dagrun for dataset_consumes_unknown_never_scheduled to None, run_after=None
[2024-01-15T00:18:30.684+0200] {logging_mixin.py:188} INFO - [2024-01-15T00:18:30.684+0200] {dag.py:3820} INFO - Setting next_dagrun for dataset_produces_1 to 2024-01-13T00:00:00+00:00, run_after=2024-01-14T00:00:00+00:00
[2024-01-15T00:18:30.686+0200] {logging_mixin.py:188} INFO - [2024-01-15T00:18:30.686+0200] {dag.py:3820} INFO - Setting next_dagrun for dataset_produces_2 to None, run_after=None
[2024-01-15T00:18:30.733+0200] {processor.py:183} INFO - Processing /Library/Frameworks/Python.framework/Versions/3.10/lib/python3.10/site-packages/airflow/example_dags/example_datasets.py took 0.457 seconds
[2024-01-15T00:21:37.579+0200] {processor.py:161} INFO - Started process (PID=50214) to work on /Library/Frameworks/Python.framework/Versions/3.10/lib/python3.10/site-packages/airflow/example_dags/example_datasets.py
[2024-01-15T00:21:37.585+0200] {processor.py:830} INFO - Processing file /Library/Frameworks/Python.framework/Versions/3.10/lib/python3.10/site-packages/airflow/example_dags/example_datasets.py for tasks to queue
[2024-01-15T00:21:37.586+0200] {logging_mixin.py:188} INFO - [2024-01-15T00:21:37.585+0200] {dagbag.py:538} INFO - Filling up the DagBag from /Library/Frameworks/Python.framework/Versions/3.10/lib/python3.10/site-packages/airflow/example_dags/example_datasets.py
[2024-01-15T00:21:37.662+0200] {processor.py:840} INFO - DAG(s) 'dataset_consumes_1_and_2', 'dataset_produces_1', 'dataset_produces_2', 'dataset_consumes_1_never_scheduled', 'dataset_consumes_1', 'dataset_consumes_unknown_never_scheduled' retrieved from /Library/Frameworks/Python.framework/Versions/3.10/lib/python3.10/site-packages/airflow/example_dags/example_datasets.py
[2024-01-15T00:21:37.834+0200] {logging_mixin.py:188} INFO - [2024-01-15T00:21:37.834+0200] {dag.py:3033} INFO - Sync 6 DAGs
[2024-01-15T00:21:37.863+0200] {logging_mixin.py:188} INFO - [2024-01-15T00:21:37.862+0200] {dag.py:3820} INFO - Setting next_dagrun for dataset_consumes_1 to None, run_after=None
[2024-01-15T00:21:37.866+0200] {logging_mixin.py:188} INFO - [2024-01-15T00:21:37.866+0200] {dag.py:3820} INFO - Setting next_dagrun for dataset_consumes_1_and_2 to None, run_after=None
[2024-01-15T00:21:37.868+0200] {logging_mixin.py:188} INFO - [2024-01-15T00:21:37.868+0200] {dag.py:3820} INFO - Setting next_dagrun for dataset_consumes_1_never_scheduled to None, run_after=None
[2024-01-15T00:21:37.869+0200] {logging_mixin.py:188} INFO - [2024-01-15T00:21:37.869+0200] {dag.py:3820} INFO - Setting next_dagrun for dataset_consumes_unknown_never_scheduled to None, run_after=None
[2024-01-15T00:21:37.872+0200] {logging_mixin.py:188} INFO - [2024-01-15T00:21:37.872+0200] {dag.py:3820} INFO - Setting next_dagrun for dataset_produces_1 to 2024-01-13T00:00:00+00:00, run_after=2024-01-14T00:00:00+00:00
[2024-01-15T00:21:37.873+0200] {logging_mixin.py:188} INFO - [2024-01-15T00:21:37.873+0200] {dag.py:3820} INFO - Setting next_dagrun for dataset_produces_2 to None, run_after=None
[2024-01-15T00:21:37.926+0200] {processor.py:183} INFO - Processing /Library/Frameworks/Python.framework/Versions/3.10/lib/python3.10/site-packages/airflow/example_dags/example_datasets.py took 0.349 seconds
[2024-01-15T00:26:36.863+0200] {processor.py:161} INFO - Started process (PID=50415) to work on /Library/Frameworks/Python.framework/Versions/3.10/lib/python3.10/site-packages/airflow/example_dags/example_datasets.py
[2024-01-15T00:26:36.868+0200] {processor.py:830} INFO - Processing file /Library/Frameworks/Python.framework/Versions/3.10/lib/python3.10/site-packages/airflow/example_dags/example_datasets.py for tasks to queue
[2024-01-15T00:26:36.869+0200] {logging_mixin.py:188} INFO - [2024-01-15T00:26:36.869+0200] {dagbag.py:538} INFO - Filling up the DagBag from /Library/Frameworks/Python.framework/Versions/3.10/lib/python3.10/site-packages/airflow/example_dags/example_datasets.py
[2024-01-15T00:26:36.932+0200] {processor.py:840} INFO - DAG(s) 'dataset_consumes_unknown_never_scheduled', 'dataset_consumes_1_never_scheduled', 'dataset_consumes_1_and_2', 'dataset_produces_2', 'dataset_produces_1', 'dataset_consumes_1' retrieved from /Library/Frameworks/Python.framework/Versions/3.10/lib/python3.10/site-packages/airflow/example_dags/example_datasets.py
[2024-01-15T00:26:37.078+0200] {logging_mixin.py:188} INFO - [2024-01-15T00:26:37.078+0200] {dag.py:3033} INFO - Sync 6 DAGs
[2024-01-15T00:26:37.092+0200] {logging_mixin.py:188} INFO - [2024-01-15T00:26:37.092+0200] {dag.py:3820} INFO - Setting next_dagrun for dataset_consumes_1 to None, run_after=None
[2024-01-15T00:26:37.095+0200] {logging_mixin.py:188} INFO - [2024-01-15T00:26:37.095+0200] {dag.py:3820} INFO - Setting next_dagrun for dataset_consumes_1_and_2 to None, run_after=None
[2024-01-15T00:26:37.096+0200] {logging_mixin.py:188} INFO - [2024-01-15T00:26:37.096+0200] {dag.py:3820} INFO - Setting next_dagrun for dataset_consumes_1_never_scheduled to None, run_after=None
[2024-01-15T00:26:37.096+0200] {logging_mixin.py:188} INFO - [2024-01-15T00:26:37.096+0200] {dag.py:3820} INFO - Setting next_dagrun for dataset_consumes_unknown_never_scheduled to None, run_after=None
[2024-01-15T00:26:37.098+0200] {logging_mixin.py:188} INFO - [2024-01-15T00:26:37.098+0200] {dag.py:3820} INFO - Setting next_dagrun for dataset_produces_1 to 2024-01-13T00:00:00+00:00, run_after=2024-01-14T00:00:00+00:00
[2024-01-15T00:26:37.099+0200] {logging_mixin.py:188} INFO - [2024-01-15T00:26:37.099+0200] {dag.py:3820} INFO - Setting next_dagrun for dataset_produces_2 to None, run_after=None
[2024-01-15T00:26:37.125+0200] {processor.py:183} INFO - Processing /Library/Frameworks/Python.framework/Versions/3.10/lib/python3.10/site-packages/airflow/example_dags/example_datasets.py took 0.264 seconds
