[2024-01-14T13:55:37.379+0200] {processor.py:161} INFO - Started process (PID=48997) to work on /Library/Frameworks/Python.framework/Versions/3.10/lib/python3.10/site-packages/airflow/example_dags/example_local_kubernetes_executor.py
[2024-01-14T13:55:37.385+0200] {processor.py:830} INFO - Processing file /Library/Frameworks/Python.framework/Versions/3.10/lib/python3.10/site-packages/airflow/example_dags/example_local_kubernetes_executor.py for tasks to queue
[2024-01-14T13:55:37.385+0200] {logging_mixin.py:188} INFO - [2024-01-14T13:55:37.385+0200] {dagbag.py:538} INFO - Filling up the DagBag from /Library/Frameworks/Python.framework/Versions/3.10/lib/python3.10/site-packages/airflow/example_dags/example_local_kubernetes_executor.py
[2024-01-14T13:55:37.467+0200] {logging_mixin.py:188} INFO - [2024-01-14T13:55:37.466+0200] {example_local_kubernetes_executor.py:39} WARNING - Could not import DAGs in example_local_kubernetes_executor.py
Traceback (most recent call last):
  File "/Library/Frameworks/Python.framework/Versions/3.10/lib/python3.10/site-packages/airflow/example_dags/example_local_kubernetes_executor.py", line 37, in <module>
    from kubernetes.client import models as k8s
ModuleNotFoundError: No module named 'kubernetes'
[2024-01-14T13:55:37.467+0200] {logging_mixin.py:188} INFO - [2024-01-14T13:55:37.467+0200] {example_local_kubernetes_executor.py:40} WARNING - Install Kubernetes dependencies with: pip install apache-airflow[cncf.kubernetes]
[2024-01-14T13:55:37.467+0200] {processor.py:842} WARNING - No viable dags retrieved from /Library/Frameworks/Python.framework/Versions/3.10/lib/python3.10/site-packages/airflow/example_dags/example_local_kubernetes_executor.py
[2024-01-14T13:55:37.547+0200] {processor.py:183} INFO - Processing /Library/Frameworks/Python.framework/Versions/3.10/lib/python3.10/site-packages/airflow/example_dags/example_local_kubernetes_executor.py took 0.170 seconds
[2024-01-15T00:05:53.732+0200] {processor.py:161} INFO - Started process (PID=49414) to work on /Library/Frameworks/Python.framework/Versions/3.10/lib/python3.10/site-packages/airflow/example_dags/example_local_kubernetes_executor.py
[2024-01-15T00:05:53.738+0200] {processor.py:830} INFO - Processing file /Library/Frameworks/Python.framework/Versions/3.10/lib/python3.10/site-packages/airflow/example_dags/example_local_kubernetes_executor.py for tasks to queue
[2024-01-15T00:05:53.738+0200] {logging_mixin.py:188} INFO - [2024-01-15T00:05:53.738+0200] {dagbag.py:538} INFO - Filling up the DagBag from /Library/Frameworks/Python.framework/Versions/3.10/lib/python3.10/site-packages/airflow/example_dags/example_local_kubernetes_executor.py
[2024-01-15T00:05:53.837+0200] {logging_mixin.py:188} INFO - [2024-01-15T00:05:53.836+0200] {example_local_kubernetes_executor.py:39} WARNING - Could not import DAGs in example_local_kubernetes_executor.py
Traceback (most recent call last):
  File "/Library/Frameworks/Python.framework/Versions/3.10/lib/python3.10/site-packages/airflow/example_dags/example_local_kubernetes_executor.py", line 37, in <module>
    from kubernetes.client import models as k8s
ModuleNotFoundError: No module named 'kubernetes'
[2024-01-15T00:05:53.837+0200] {logging_mixin.py:188} INFO - [2024-01-15T00:05:53.837+0200] {example_local_kubernetes_executor.py:40} WARNING - Install Kubernetes dependencies with: pip install apache-airflow[cncf.kubernetes]
[2024-01-15T00:05:53.837+0200] {processor.py:842} WARNING - No viable dags retrieved from /Library/Frameworks/Python.framework/Versions/3.10/lib/python3.10/site-packages/airflow/example_dags/example_local_kubernetes_executor.py
[2024-01-15T00:05:53.926+0200] {processor.py:183} INFO - Processing /Library/Frameworks/Python.framework/Versions/3.10/lib/python3.10/site-packages/airflow/example_dags/example_local_kubernetes_executor.py took 0.196 seconds
[2024-01-15T00:21:12.782+0200] {processor.py:161} INFO - Started process (PID=50189) to work on /Library/Frameworks/Python.framework/Versions/3.10/lib/python3.10/site-packages/airflow/example_dags/example_local_kubernetes_executor.py
[2024-01-15T00:21:12.786+0200] {processor.py:830} INFO - Processing file /Library/Frameworks/Python.framework/Versions/3.10/lib/python3.10/site-packages/airflow/example_dags/example_local_kubernetes_executor.py for tasks to queue
[2024-01-15T00:21:12.787+0200] {logging_mixin.py:188} INFO - [2024-01-15T00:21:12.786+0200] {dagbag.py:538} INFO - Filling up the DagBag from /Library/Frameworks/Python.framework/Versions/3.10/lib/python3.10/site-packages/airflow/example_dags/example_local_kubernetes_executor.py
[2024-01-15T00:21:12.870+0200] {logging_mixin.py:188} INFO - [2024-01-15T00:21:12.870+0200] {example_local_kubernetes_executor.py:39} WARNING - Could not import DAGs in example_local_kubernetes_executor.py
Traceback (most recent call last):
  File "/Library/Frameworks/Python.framework/Versions/3.10/lib/python3.10/site-packages/airflow/example_dags/example_local_kubernetes_executor.py", line 37, in <module>
    from kubernetes.client import models as k8s
ModuleNotFoundError: No module named 'kubernetes'
[2024-01-15T00:21:12.870+0200] {logging_mixin.py:188} INFO - [2024-01-15T00:21:12.870+0200] {example_local_kubernetes_executor.py:40} WARNING - Install Kubernetes dependencies with: pip install apache-airflow[cncf.kubernetes]
[2024-01-15T00:21:12.871+0200] {processor.py:842} WARNING - No viable dags retrieved from /Library/Frameworks/Python.framework/Versions/3.10/lib/python3.10/site-packages/airflow/example_dags/example_local_kubernetes_executor.py
[2024-01-15T00:21:12.958+0200] {processor.py:183} INFO - Processing /Library/Frameworks/Python.framework/Versions/3.10/lib/python3.10/site-packages/airflow/example_dags/example_local_kubernetes_executor.py took 0.178 seconds
[2024-01-15T00:23:51.659+0200] {processor.py:161} INFO - Started process (PID=50308) to work on /Library/Frameworks/Python.framework/Versions/3.10/lib/python3.10/site-packages/airflow/example_dags/example_local_kubernetes_executor.py
[2024-01-15T00:23:51.666+0200] {processor.py:830} INFO - Processing file /Library/Frameworks/Python.framework/Versions/3.10/lib/python3.10/site-packages/airflow/example_dags/example_local_kubernetes_executor.py for tasks to queue
[2024-01-15T00:23:51.666+0200] {logging_mixin.py:188} INFO - [2024-01-15T00:23:51.666+0200] {dagbag.py:538} INFO - Filling up the DagBag from /Library/Frameworks/Python.framework/Versions/3.10/lib/python3.10/site-packages/airflow/example_dags/example_local_kubernetes_executor.py
[2024-01-15T00:23:51.768+0200] {logging_mixin.py:188} INFO - [2024-01-15T00:23:51.767+0200] {example_local_kubernetes_executor.py:39} WARNING - Could not import DAGs in example_local_kubernetes_executor.py
Traceback (most recent call last):
  File "/Library/Frameworks/Python.framework/Versions/3.10/lib/python3.10/site-packages/airflow/example_dags/example_local_kubernetes_executor.py", line 37, in <module>
    from kubernetes.client import models as k8s
ModuleNotFoundError: No module named 'kubernetes'
[2024-01-15T00:23:51.768+0200] {logging_mixin.py:188} INFO - [2024-01-15T00:23:51.768+0200] {example_local_kubernetes_executor.py:40} WARNING - Install Kubernetes dependencies with: pip install apache-airflow[cncf.kubernetes]
[2024-01-15T00:23:51.768+0200] {processor.py:842} WARNING - No viable dags retrieved from /Library/Frameworks/Python.framework/Versions/3.10/lib/python3.10/site-packages/airflow/example_dags/example_local_kubernetes_executor.py
[2024-01-15T00:23:51.857+0200] {processor.py:183} INFO - Processing /Library/Frameworks/Python.framework/Versions/3.10/lib/python3.10/site-packages/airflow/example_dags/example_local_kubernetes_executor.py took 0.199 seconds
[2024-01-15T00:28:47.034+0200] {processor.py:161} INFO - Started process (PID=50588) to work on /Library/Frameworks/Python.framework/Versions/3.10/lib/python3.10/site-packages/airflow/example_dags/example_local_kubernetes_executor.py
[2024-01-15T00:28:47.042+0200] {processor.py:830} INFO - Processing file /Library/Frameworks/Python.framework/Versions/3.10/lib/python3.10/site-packages/airflow/example_dags/example_local_kubernetes_executor.py for tasks to queue
[2024-01-15T00:28:47.042+0200] {logging_mixin.py:188} INFO - [2024-01-15T00:28:47.042+0200] {dagbag.py:538} INFO - Filling up the DagBag from /Library/Frameworks/Python.framework/Versions/3.10/lib/python3.10/site-packages/airflow/example_dags/example_local_kubernetes_executor.py
[2024-01-15T00:28:47.142+0200] {logging_mixin.py:188} INFO - [2024-01-15T00:28:47.141+0200] {example_local_kubernetes_executor.py:39} WARNING - Could not import DAGs in example_local_kubernetes_executor.py
Traceback (most recent call last):
  File "/Library/Frameworks/Python.framework/Versions/3.10/lib/python3.10/site-packages/airflow/example_dags/example_local_kubernetes_executor.py", line 37, in <module>
    from kubernetes.client import models as k8s
ModuleNotFoundError: No module named 'kubernetes'
[2024-01-15T00:28:47.142+0200] {logging_mixin.py:188} INFO - [2024-01-15T00:28:47.142+0200] {example_local_kubernetes_executor.py:40} WARNING - Install Kubernetes dependencies with: pip install apache-airflow[cncf.kubernetes]
[2024-01-15T00:28:47.142+0200] {processor.py:842} WARNING - No viable dags retrieved from /Library/Frameworks/Python.framework/Versions/3.10/lib/python3.10/site-packages/airflow/example_dags/example_local_kubernetes_executor.py
[2024-01-15T00:28:47.242+0200] {processor.py:183} INFO - Processing /Library/Frameworks/Python.framework/Versions/3.10/lib/python3.10/site-packages/airflow/example_dags/example_local_kubernetes_executor.py took 0.209 seconds
[2024-01-15T00:31:17.142+0200] {processor.py:161} INFO - Started process (PID=50694) to work on /Library/Frameworks/Python.framework/Versions/3.10/lib/python3.10/site-packages/airflow/example_dags/example_local_kubernetes_executor.py
[2024-01-15T00:31:17.147+0200] {processor.py:830} INFO - Processing file /Library/Frameworks/Python.framework/Versions/3.10/lib/python3.10/site-packages/airflow/example_dags/example_local_kubernetes_executor.py for tasks to queue
[2024-01-15T00:31:17.147+0200] {logging_mixin.py:188} INFO - [2024-01-15T00:31:17.147+0200] {dagbag.py:538} INFO - Filling up the DagBag from /Library/Frameworks/Python.framework/Versions/3.10/lib/python3.10/site-packages/airflow/example_dags/example_local_kubernetes_executor.py
[2024-01-15T00:31:17.238+0200] {logging_mixin.py:188} INFO - [2024-01-15T00:31:17.237+0200] {example_local_kubernetes_executor.py:39} WARNING - Could not import DAGs in example_local_kubernetes_executor.py
Traceback (most recent call last):
  File "/Library/Frameworks/Python.framework/Versions/3.10/lib/python3.10/site-packages/airflow/example_dags/example_local_kubernetes_executor.py", line 37, in <module>
    from kubernetes.client import models as k8s
ModuleNotFoundError: No module named 'kubernetes'
[2024-01-15T00:31:17.239+0200] {logging_mixin.py:188} INFO - [2024-01-15T00:31:17.239+0200] {example_local_kubernetes_executor.py:40} WARNING - Install Kubernetes dependencies with: pip install apache-airflow[cncf.kubernetes]
[2024-01-15T00:31:17.239+0200] {processor.py:842} WARNING - No viable dags retrieved from /Library/Frameworks/Python.framework/Versions/3.10/lib/python3.10/site-packages/airflow/example_dags/example_local_kubernetes_executor.py
[2024-01-15T00:31:17.362+0200] {processor.py:183} INFO - Processing /Library/Frameworks/Python.framework/Versions/3.10/lib/python3.10/site-packages/airflow/example_dags/example_local_kubernetes_executor.py took 0.222 seconds
