[2024-01-14T07:01:45.307+0200] {processor.py:161} INFO - Started process (PID=48061) to work on /Library/Frameworks/Python.framework/Versions/3.10/lib/python3.10/site-packages/airflow/example_dags/example_branch_python_dop_operator_3.py
[2024-01-14T07:01:45.318+0200] {processor.py:830} INFO - Processing file /Library/Frameworks/Python.framework/Versions/3.10/lib/python3.10/site-packages/airflow/example_dags/example_branch_python_dop_operator_3.py for tasks to queue
[2024-01-14T07:01:45.319+0200] {logging_mixin.py:188} INFO - [2024-01-14T07:01:45.319+0200] {dagbag.py:538} INFO - Filling up the DagBag from /Library/Frameworks/Python.framework/Versions/3.10/lib/python3.10/site-packages/airflow/example_dags/example_branch_python_dop_operator_3.py
[2024-01-14T07:01:45.503+0200] {processor.py:840} INFO - DAG(s) 'example_branch_dop_operator_v3' retrieved from /Library/Frameworks/Python.framework/Versions/3.10/lib/python3.10/site-packages/airflow/example_dags/example_branch_python_dop_operator_3.py
[2024-01-14T07:01:45.733+0200] {logging_mixin.py:188} INFO - [2024-01-14T07:01:45.732+0200] {dag.py:3033} INFO - Sync 1 DAGs
[2024-01-14T08:50:25.561+0200] {logging_mixin.py:188} INFO - [2024-01-14T08:50:25.561+0200] {dag.py:3820} INFO - Setting next_dagrun for example_branch_dop_operator_v3 to 2024-01-14T06:49:00+00:00, run_after=2024-01-14T06:50:00+00:00
[2024-01-14T08:50:26.456+0200] {processor.py:183} INFO - Processing /Library/Frameworks/Python.framework/Versions/3.10/lib/python3.10/site-packages/airflow/example_dags/example_branch_python_dop_operator_3.py took 2.782 seconds
[2024-01-15T00:18:48.020+0200] {processor.py:161} INFO - Started process (PID=49612) to work on /Library/Frameworks/Python.framework/Versions/3.10/lib/python3.10/site-packages/airflow/example_dags/example_branch_python_dop_operator_3.py
[2024-01-15T00:18:48.030+0200] {processor.py:830} INFO - Processing file /Library/Frameworks/Python.framework/Versions/3.10/lib/python3.10/site-packages/airflow/example_dags/example_branch_python_dop_operator_3.py for tasks to queue
[2024-01-15T00:18:48.031+0200] {logging_mixin.py:188} INFO - [2024-01-15T00:18:48.030+0200] {dagbag.py:538} INFO - Filling up the DagBag from /Library/Frameworks/Python.framework/Versions/3.10/lib/python3.10/site-packages/airflow/example_dags/example_branch_python_dop_operator_3.py
[2024-01-15T00:18:48.203+0200] {processor.py:840} INFO - DAG(s) 'example_branch_dop_operator_v3' retrieved from /Library/Frameworks/Python.framework/Versions/3.10/lib/python3.10/site-packages/airflow/example_dags/example_branch_python_dop_operator_3.py
[2024-01-15T00:18:48.392+0200] {logging_mixin.py:188} INFO - [2024-01-15T00:18:48.391+0200] {dag.py:3033} INFO - Sync 1 DAGs
[2024-01-15T00:18:48.420+0200] {logging_mixin.py:188} INFO - [2024-01-15T00:18:48.420+0200] {dag.py:3820} INFO - Setting next_dagrun for example_branch_dop_operator_v3 to 2024-01-14T22:17:00+00:00, run_after=2024-01-14T22:18:00+00:00
[2024-01-15T00:18:48.448+0200] {processor.py:183} INFO - Processing /Library/Frameworks/Python.framework/Versions/3.10/lib/python3.10/site-packages/airflow/example_dags/example_branch_python_dop_operator_3.py took 0.430 seconds
[2024-01-15T00:24:05.733+0200] {processor.py:161} INFO - Started process (PID=50312) to work on /Library/Frameworks/Python.framework/Versions/3.10/lib/python3.10/site-packages/airflow/example_dags/example_branch_python_dop_operator_3.py
[2024-01-15T00:24:05.747+0200] {processor.py:830} INFO - Processing file /Library/Frameworks/Python.framework/Versions/3.10/lib/python3.10/site-packages/airflow/example_dags/example_branch_python_dop_operator_3.py for tasks to queue
[2024-01-15T00:24:05.748+0200] {logging_mixin.py:188} INFO - [2024-01-15T00:24:05.748+0200] {dagbag.py:538} INFO - Filling up the DagBag from /Library/Frameworks/Python.framework/Versions/3.10/lib/python3.10/site-packages/airflow/example_dags/example_branch_python_dop_operator_3.py
[2024-01-15T00:24:06.051+0200] {processor.py:840} INFO - DAG(s) 'example_branch_dop_operator_v3' retrieved from /Library/Frameworks/Python.framework/Versions/3.10/lib/python3.10/site-packages/airflow/example_dags/example_branch_python_dop_operator_3.py
[2024-01-15T00:24:06.396+0200] {logging_mixin.py:188} INFO - [2024-01-15T00:24:06.396+0200] {dag.py:3033} INFO - Sync 1 DAGs
[2024-01-15T00:24:06.447+0200] {logging_mixin.py:188} INFO - [2024-01-15T00:24:06.447+0200] {dag.py:3820} INFO - Setting next_dagrun for example_branch_dop_operator_v3 to 2024-01-14T22:23:00+00:00, run_after=2024-01-14T22:24:00+00:00
[2024-01-15T00:24:06.488+0200] {processor.py:183} INFO - Processing /Library/Frameworks/Python.framework/Versions/3.10/lib/python3.10/site-packages/airflow/example_dags/example_branch_python_dop_operator_3.py took 0.757 seconds
[2024-01-15T00:29:02.143+0200] {processor.py:161} INFO - Started process (PID=50592) to work on /Library/Frameworks/Python.framework/Versions/3.10/lib/python3.10/site-packages/airflow/example_dags/example_branch_python_dop_operator_3.py
[2024-01-15T00:29:02.149+0200] {processor.py:830} INFO - Processing file /Library/Frameworks/Python.framework/Versions/3.10/lib/python3.10/site-packages/airflow/example_dags/example_branch_python_dop_operator_3.py for tasks to queue
[2024-01-15T00:29:02.149+0200] {logging_mixin.py:188} INFO - [2024-01-15T00:29:02.149+0200] {dagbag.py:538} INFO - Filling up the DagBag from /Library/Frameworks/Python.framework/Versions/3.10/lib/python3.10/site-packages/airflow/example_dags/example_branch_python_dop_operator_3.py
[2024-01-15T00:29:02.264+0200] {processor.py:840} INFO - DAG(s) 'example_branch_dop_operator_v3' retrieved from /Library/Frameworks/Python.framework/Versions/3.10/lib/python3.10/site-packages/airflow/example_dags/example_branch_python_dop_operator_3.py
[2024-01-15T00:29:02.403+0200] {logging_mixin.py:188} INFO - [2024-01-15T00:29:02.402+0200] {dag.py:3033} INFO - Sync 1 DAGs
[2024-01-15T00:29:02.427+0200] {logging_mixin.py:188} INFO - [2024-01-15T00:29:02.426+0200] {dag.py:3820} INFO - Setting next_dagrun for example_branch_dop_operator_v3 to 2024-01-14T22:28:00+00:00, run_after=2024-01-14T22:29:00+00:00
[2024-01-15T00:29:02.453+0200] {processor.py:183} INFO - Processing /Library/Frameworks/Python.framework/Versions/3.10/lib/python3.10/site-packages/airflow/example_dags/example_branch_python_dop_operator_3.py took 0.313 seconds
