[2024-01-14T14:56:39.404+0200] {processor.py:161} INFO - Started process (PID=49030) to work on /Library/Frameworks/Python.framework/Versions/3.10/lib/python3.10/site-packages/airflow/example_dags/example_kubernetes_executor.py
[2024-01-14T14:56:39.408+0200] {processor.py:830} INFO - Processing file /Library/Frameworks/Python.framework/Versions/3.10/lib/python3.10/site-packages/airflow/example_dags/example_kubernetes_executor.py for tasks to queue
[2024-01-14T14:56:39.408+0200] {logging_mixin.py:188} INFO - [2024-01-14T14:56:39.408+0200] {dagbag.py:538} INFO - Filling up the DagBag from /Library/Frameworks/Python.framework/Versions/3.10/lib/python3.10/site-packages/airflow/example_dags/example_kubernetes_executor.py
[2024-01-14T14:56:39.507+0200] {logging_mixin.py:188} INFO - [2024-01-14T14:56:39.507+0200] {example_kubernetes_executor.py:38} WARNING - The example_kubernetes_executor example DAG requires the kubernetes provider. Please install it with: pip install apache-airflow[cncf.kubernetes]
[2024-01-14T14:56:39.508+0200] {processor.py:842} WARNING - No viable dags retrieved from /Library/Frameworks/Python.framework/Versions/3.10/lib/python3.10/site-packages/airflow/example_dags/example_kubernetes_executor.py
[2024-01-14T14:56:39.592+0200] {processor.py:183} INFO - Processing /Library/Frameworks/Python.framework/Versions/3.10/lib/python3.10/site-packages/airflow/example_dags/example_kubernetes_executor.py took 0.190 seconds
[2024-01-15T00:06:04.497+0200] {processor.py:161} INFO - Started process (PID=49464) to work on /Library/Frameworks/Python.framework/Versions/3.10/lib/python3.10/site-packages/airflow/example_dags/example_kubernetes_executor.py
[2024-01-15T00:06:04.507+0200] {processor.py:830} INFO - Processing file /Library/Frameworks/Python.framework/Versions/3.10/lib/python3.10/site-packages/airflow/example_dags/example_kubernetes_executor.py for tasks to queue
[2024-01-15T00:06:04.508+0200] {logging_mixin.py:188} INFO - [2024-01-15T00:06:04.508+0200] {dagbag.py:538} INFO - Filling up the DagBag from /Library/Frameworks/Python.framework/Versions/3.10/lib/python3.10/site-packages/airflow/example_dags/example_kubernetes_executor.py
[2024-01-15T00:06:04.717+0200] {logging_mixin.py:188} INFO - [2024-01-15T00:06:04.717+0200] {example_kubernetes_executor.py:38} WARNING - The example_kubernetes_executor example DAG requires the kubernetes provider. Please install it with: pip install apache-airflow[cncf.kubernetes]
[2024-01-15T00:06:04.718+0200] {processor.py:842} WARNING - No viable dags retrieved from /Library/Frameworks/Python.framework/Versions/3.10/lib/python3.10/site-packages/airflow/example_dags/example_kubernetes_executor.py
[2024-01-15T00:18:02.630+0200] {processor.py:183} INFO - Processing /Library/Frameworks/Python.framework/Versions/3.10/lib/python3.10/site-packages/airflow/example_dags/example_kubernetes_executor.py took 2.777 seconds
[2024-01-15T00:21:22.437+0200] {processor.py:161} INFO - Started process (PID=50205) to work on /Library/Frameworks/Python.framework/Versions/3.10/lib/python3.10/site-packages/airflow/example_dags/example_kubernetes_executor.py
[2024-01-15T00:21:22.441+0200] {processor.py:830} INFO - Processing file /Library/Frameworks/Python.framework/Versions/3.10/lib/python3.10/site-packages/airflow/example_dags/example_kubernetes_executor.py for tasks to queue
[2024-01-15T00:21:22.442+0200] {logging_mixin.py:188} INFO - [2024-01-15T00:21:22.442+0200] {dagbag.py:538} INFO - Filling up the DagBag from /Library/Frameworks/Python.framework/Versions/3.10/lib/python3.10/site-packages/airflow/example_dags/example_kubernetes_executor.py
[2024-01-15T00:21:22.526+0200] {logging_mixin.py:188} INFO - [2024-01-15T00:21:22.526+0200] {example_kubernetes_executor.py:38} WARNING - The example_kubernetes_executor example DAG requires the kubernetes provider. Please install it with: pip install apache-airflow[cncf.kubernetes]
[2024-01-15T00:21:22.526+0200] {processor.py:842} WARNING - No viable dags retrieved from /Library/Frameworks/Python.framework/Versions/3.10/lib/python3.10/site-packages/airflow/example_dags/example_kubernetes_executor.py
[2024-01-15T00:21:22.609+0200] {processor.py:183} INFO - Processing /Library/Frameworks/Python.framework/Versions/3.10/lib/python3.10/site-packages/airflow/example_dags/example_kubernetes_executor.py took 0.173 seconds
[2024-01-15T00:26:24.790+0200] {processor.py:161} INFO - Started process (PID=50396) to work on /Library/Frameworks/Python.framework/Versions/3.10/lib/python3.10/site-packages/airflow/example_dags/example_kubernetes_executor.py
[2024-01-15T00:26:24.795+0200] {processor.py:830} INFO - Processing file /Library/Frameworks/Python.framework/Versions/3.10/lib/python3.10/site-packages/airflow/example_dags/example_kubernetes_executor.py for tasks to queue
[2024-01-15T00:26:24.796+0200] {logging_mixin.py:188} INFO - [2024-01-15T00:26:24.796+0200] {dagbag.py:538} INFO - Filling up the DagBag from /Library/Frameworks/Python.framework/Versions/3.10/lib/python3.10/site-packages/airflow/example_dags/example_kubernetes_executor.py
[2024-01-15T00:26:24.891+0200] {logging_mixin.py:188} INFO - [2024-01-15T00:26:24.891+0200] {example_kubernetes_executor.py:38} WARNING - The example_kubernetes_executor example DAG requires the kubernetes provider. Please install it with: pip install apache-airflow[cncf.kubernetes]
[2024-01-15T00:26:24.892+0200] {processor.py:842} WARNING - No viable dags retrieved from /Library/Frameworks/Python.framework/Versions/3.10/lib/python3.10/site-packages/airflow/example_dags/example_kubernetes_executor.py
[2024-01-15T00:26:24.982+0200] {processor.py:183} INFO - Processing /Library/Frameworks/Python.framework/Versions/3.10/lib/python3.10/site-packages/airflow/example_dags/example_kubernetes_executor.py took 0.194 seconds
