[2024-01-14T07:01:22.825+0200] {processor.py:161} INFO - Started process (PID=48041) to work on /Library/Frameworks/Python.framework/Versions/3.10/lib/python3.10/site-packages/airflow/example_dags/example_dynamic_task_mapping.py
[2024-01-14T07:01:22.829+0200] {processor.py:830} INFO - Processing file /Library/Frameworks/Python.framework/Versions/3.10/lib/python3.10/site-packages/airflow/example_dags/example_dynamic_task_mapping.py for tasks to queue
[2024-01-14T07:01:22.829+0200] {logging_mixin.py:188} INFO - [2024-01-14T07:01:22.829+0200] {dagbag.py:538} INFO - Filling up the DagBag from /Library/Frameworks/Python.framework/Versions/3.10/lib/python3.10/site-packages/airflow/example_dags/example_dynamic_task_mapping.py
[2024-01-14T07:01:22.919+0200] {processor.py:840} INFO - DAG(s) 'example_dynamic_task_mapping' retrieved from /Library/Frameworks/Python.framework/Versions/3.10/lib/python3.10/site-packages/airflow/example_dags/example_dynamic_task_mapping.py
[2024-01-14T07:01:23.009+0200] {logging_mixin.py:188} INFO - [2024-01-14T07:01:23.009+0200] {dag.py:3033} INFO - Sync 1 DAGs
[2024-01-14T07:01:23.023+0200] {logging_mixin.py:188} INFO - [2024-01-14T07:01:23.022+0200] {dag.py:3820} INFO - Setting next_dagrun for example_dynamic_task_mapping to 2022-03-04T00:00:00+00:00, run_after=2022-03-05T00:00:00+00:00
[2024-01-14T07:01:23.042+0200] {processor.py:183} INFO - Processing /Library/Frameworks/Python.framework/Versions/3.10/lib/python3.10/site-packages/airflow/example_dags/example_dynamic_task_mapping.py took 0.219 seconds
[2024-01-14T14:56:50.290+0200] {processor.py:161} INFO - Started process (PID=49045) to work on /Library/Frameworks/Python.framework/Versions/3.10/lib/python3.10/site-packages/airflow/example_dags/example_dynamic_task_mapping.py
[2024-01-14T14:56:50.300+0200] {processor.py:830} INFO - Processing file /Library/Frameworks/Python.framework/Versions/3.10/lib/python3.10/site-packages/airflow/example_dags/example_dynamic_task_mapping.py for tasks to queue
[2024-01-14T14:56:50.302+0200] {logging_mixin.py:188} INFO - [2024-01-14T14:56:50.301+0200] {dagbag.py:538} INFO - Filling up the DagBag from /Library/Frameworks/Python.framework/Versions/3.10/lib/python3.10/site-packages/airflow/example_dags/example_dynamic_task_mapping.py
[2024-01-14T14:56:50.477+0200] {processor.py:840} INFO - DAG(s) 'example_dynamic_task_mapping' retrieved from /Library/Frameworks/Python.framework/Versions/3.10/lib/python3.10/site-packages/airflow/example_dags/example_dynamic_task_mapping.py
[2024-01-14T14:56:50.697+0200] {logging_mixin.py:188} INFO - [2024-01-14T14:56:50.697+0200] {dag.py:3033} INFO - Sync 1 DAGs
[2024-01-14T14:56:50.735+0200] {logging_mixin.py:188} INFO - [2024-01-14T14:56:50.735+0200] {dag.py:3820} INFO - Setting next_dagrun for example_dynamic_task_mapping to 2022-03-04T00:00:00+00:00, run_after=2022-03-05T00:00:00+00:00
[2024-01-14T14:56:50.782+0200] {processor.py:183} INFO - Processing /Library/Frameworks/Python.framework/Versions/3.10/lib/python3.10/site-packages/airflow/example_dags/example_dynamic_task_mapping.py took 0.496 seconds
[2024-01-15T00:18:23.627+0200] {processor.py:161} INFO - Started process (PID=49544) to work on /Library/Frameworks/Python.framework/Versions/3.10/lib/python3.10/site-packages/airflow/example_dags/example_dynamic_task_mapping.py
[2024-01-15T00:18:23.632+0200] {processor.py:830} INFO - Processing file /Library/Frameworks/Python.framework/Versions/3.10/lib/python3.10/site-packages/airflow/example_dags/example_dynamic_task_mapping.py for tasks to queue
[2024-01-15T00:18:23.632+0200] {logging_mixin.py:188} INFO - [2024-01-15T00:18:23.632+0200] {dagbag.py:538} INFO - Filling up the DagBag from /Library/Frameworks/Python.framework/Versions/3.10/lib/python3.10/site-packages/airflow/example_dags/example_dynamic_task_mapping.py
[2024-01-15T00:18:23.728+0200] {processor.py:840} INFO - DAG(s) 'example_dynamic_task_mapping' retrieved from /Library/Frameworks/Python.framework/Versions/3.10/lib/python3.10/site-packages/airflow/example_dags/example_dynamic_task_mapping.py
[2024-01-15T00:18:24.163+0200] {logging_mixin.py:188} INFO - [2024-01-15T00:18:24.162+0200] {dag.py:3033} INFO - Sync 1 DAGs
[2024-01-15T00:18:24.206+0200] {logging_mixin.py:188} INFO - [2024-01-15T00:18:24.205+0200] {dag.py:3820} INFO - Setting next_dagrun for example_dynamic_task_mapping to 2022-03-04T00:00:00+00:00, run_after=2022-03-05T00:00:00+00:00
[2024-01-15T00:18:24.413+0200] {processor.py:183} INFO - Processing /Library/Frameworks/Python.framework/Versions/3.10/lib/python3.10/site-packages/airflow/example_dags/example_dynamic_task_mapping.py took 0.788 seconds
[2024-01-15T00:21:33.667+0200] {processor.py:161} INFO - Started process (PID=50213) to work on /Library/Frameworks/Python.framework/Versions/3.10/lib/python3.10/site-packages/airflow/example_dags/example_dynamic_task_mapping.py
[2024-01-15T00:21:33.671+0200] {processor.py:830} INFO - Processing file /Library/Frameworks/Python.framework/Versions/3.10/lib/python3.10/site-packages/airflow/example_dags/example_dynamic_task_mapping.py for tasks to queue
[2024-01-15T00:21:33.671+0200] {logging_mixin.py:188} INFO - [2024-01-15T00:21:33.671+0200] {dagbag.py:538} INFO - Filling up the DagBag from /Library/Frameworks/Python.framework/Versions/3.10/lib/python3.10/site-packages/airflow/example_dags/example_dynamic_task_mapping.py
[2024-01-15T00:21:33.776+0200] {processor.py:840} INFO - DAG(s) 'example_dynamic_task_mapping' retrieved from /Library/Frameworks/Python.framework/Versions/3.10/lib/python3.10/site-packages/airflow/example_dags/example_dynamic_task_mapping.py
[2024-01-15T00:21:33.877+0200] {logging_mixin.py:188} INFO - [2024-01-15T00:21:33.877+0200] {dag.py:3033} INFO - Sync 1 DAGs
[2024-01-15T00:21:33.892+0200] {logging_mixin.py:188} INFO - [2024-01-15T00:21:33.891+0200] {dag.py:3820} INFO - Setting next_dagrun for example_dynamic_task_mapping to 2022-03-04T00:00:00+00:00, run_after=2022-03-05T00:00:00+00:00
[2024-01-15T00:21:33.912+0200] {processor.py:183} INFO - Processing /Library/Frameworks/Python.framework/Versions/3.10/lib/python3.10/site-packages/airflow/example_dags/example_dynamic_task_mapping.py took 0.246 seconds
[2024-01-15T00:26:33.751+0200] {processor.py:161} INFO - Started process (PID=50414) to work on /Library/Frameworks/Python.framework/Versions/3.10/lib/python3.10/site-packages/airflow/example_dags/example_dynamic_task_mapping.py
[2024-01-15T00:26:33.756+0200] {processor.py:830} INFO - Processing file /Library/Frameworks/Python.framework/Versions/3.10/lib/python3.10/site-packages/airflow/example_dags/example_dynamic_task_mapping.py for tasks to queue
[2024-01-15T00:26:33.756+0200] {logging_mixin.py:188} INFO - [2024-01-15T00:26:33.756+0200] {dagbag.py:538} INFO - Filling up the DagBag from /Library/Frameworks/Python.framework/Versions/3.10/lib/python3.10/site-packages/airflow/example_dags/example_dynamic_task_mapping.py
[2024-01-15T00:26:33.848+0200] {processor.py:840} INFO - DAG(s) 'example_dynamic_task_mapping' retrieved from /Library/Frameworks/Python.framework/Versions/3.10/lib/python3.10/site-packages/airflow/example_dags/example_dynamic_task_mapping.py
[2024-01-15T00:26:33.940+0200] {logging_mixin.py:188} INFO - [2024-01-15T00:26:33.940+0200] {dag.py:3033} INFO - Sync 1 DAGs
[2024-01-15T00:26:33.954+0200] {logging_mixin.py:188} INFO - [2024-01-15T00:26:33.954+0200] {dag.py:3820} INFO - Setting next_dagrun for example_dynamic_task_mapping to 2022-03-04T00:00:00+00:00, run_after=2022-03-05T00:00:00+00:00
[2024-01-15T00:26:33.971+0200] {processor.py:183} INFO - Processing /Library/Frameworks/Python.framework/Versions/3.10/lib/python3.10/site-packages/airflow/example_dags/example_dynamic_task_mapping.py took 0.221 seconds
