[2024-01-14T13:55:43.308+0200] {processor.py:161} INFO - Started process (PID=49012) to work on /Library/Frameworks/Python.framework/Versions/3.10/lib/python3.10/site-packages/airflow/example_dags/example_latest_only.py
[2024-01-14T13:55:43.312+0200] {processor.py:830} INFO - Processing file /Library/Frameworks/Python.framework/Versions/3.10/lib/python3.10/site-packages/airflow/example_dags/example_latest_only.py for tasks to queue
[2024-01-14T13:55:43.313+0200] {logging_mixin.py:188} INFO - [2024-01-14T13:55:43.312+0200] {dagbag.py:538} INFO - Filling up the DagBag from /Library/Frameworks/Python.framework/Versions/3.10/lib/python3.10/site-packages/airflow/example_dags/example_latest_only.py
[2024-01-14T13:55:43.323+0200] {processor.py:840} INFO - DAG(s) 'latest_only' retrieved from /Library/Frameworks/Python.framework/Versions/3.10/lib/python3.10/site-packages/airflow/example_dags/example_latest_only.py
[2024-01-14T13:55:43.476+0200] {logging_mixin.py:188} INFO - [2024-01-14T13:55:43.476+0200] {dag.py:3033} INFO - Sync 1 DAGs
[2024-01-14T13:55:43.493+0200] {logging_mixin.py:188} INFO - [2024-01-14T13:55:43.493+0200] {dag.py:3820} INFO - Setting next_dagrun for latest_only to 2024-01-14T04:00:00+00:00, run_after=2024-01-14T08:00:00+00:00
[2024-01-14T13:55:43.510+0200] {processor.py:183} INFO - Processing /Library/Frameworks/Python.framework/Versions/3.10/lib/python3.10/site-packages/airflow/example_dags/example_latest_only.py took 0.204 seconds
[2024-01-15T00:06:00.300+0200] {processor.py:161} INFO - Started process (PID=49463) to work on /Library/Frameworks/Python.framework/Versions/3.10/lib/python3.10/site-packages/airflow/example_dags/example_latest_only.py
[2024-01-15T00:06:00.304+0200] {processor.py:830} INFO - Processing file /Library/Frameworks/Python.framework/Versions/3.10/lib/python3.10/site-packages/airflow/example_dags/example_latest_only.py for tasks to queue
[2024-01-15T00:06:00.304+0200] {logging_mixin.py:188} INFO - [2024-01-15T00:06:00.304+0200] {dagbag.py:538} INFO - Filling up the DagBag from /Library/Frameworks/Python.framework/Versions/3.10/lib/python3.10/site-packages/airflow/example_dags/example_latest_only.py
[2024-01-15T00:06:00.313+0200] {processor.py:840} INFO - DAG(s) 'latest_only' retrieved from /Library/Frameworks/Python.framework/Versions/3.10/lib/python3.10/site-packages/airflow/example_dags/example_latest_only.py
[2024-01-15T00:06:00.603+0200] {logging_mixin.py:188} INFO - [2024-01-15T00:06:00.602+0200] {dag.py:3033} INFO - Sync 1 DAGs
[2024-01-15T00:06:00.622+0200] {logging_mixin.py:188} INFO - [2024-01-15T00:06:00.622+0200] {dag.py:3820} INFO - Setting next_dagrun for latest_only to 2024-01-14T16:00:00+00:00, run_after=2024-01-14T20:00:00+00:00
[2024-01-15T00:06:00.641+0200] {processor.py:183} INFO - Processing /Library/Frameworks/Python.framework/Versions/3.10/lib/python3.10/site-packages/airflow/example_dags/example_latest_only.py took 0.344 seconds
[2024-01-15T00:21:19.274+0200] {processor.py:161} INFO - Started process (PID=50193) to work on /Library/Frameworks/Python.framework/Versions/3.10/lib/python3.10/site-packages/airflow/example_dags/example_latest_only.py
[2024-01-15T00:21:19.278+0200] {processor.py:830} INFO - Processing file /Library/Frameworks/Python.framework/Versions/3.10/lib/python3.10/site-packages/airflow/example_dags/example_latest_only.py for tasks to queue
[2024-01-15T00:21:19.279+0200] {logging_mixin.py:188} INFO - [2024-01-15T00:21:19.279+0200] {dagbag.py:538} INFO - Filling up the DagBag from /Library/Frameworks/Python.framework/Versions/3.10/lib/python3.10/site-packages/airflow/example_dags/example_latest_only.py
[2024-01-15T00:21:19.290+0200] {processor.py:840} INFO - DAG(s) 'latest_only' retrieved from /Library/Frameworks/Python.framework/Versions/3.10/lib/python3.10/site-packages/airflow/example_dags/example_latest_only.py
[2024-01-15T00:21:19.438+0200] {logging_mixin.py:188} INFO - [2024-01-15T00:21:19.438+0200] {dag.py:3033} INFO - Sync 1 DAGs
[2024-01-15T00:21:19.454+0200] {logging_mixin.py:188} INFO - [2024-01-15T00:21:19.454+0200] {dag.py:3820} INFO - Setting next_dagrun for latest_only to 2024-01-14T16:00:00+00:00, run_after=2024-01-14T20:00:00+00:00
[2024-01-15T00:21:19.471+0200] {processor.py:183} INFO - Processing /Library/Frameworks/Python.framework/Versions/3.10/lib/python3.10/site-packages/airflow/example_dags/example_latest_only.py took 0.198 seconds
[2024-01-15T00:26:21.526+0200] {processor.py:161} INFO - Started process (PID=50395) to work on /Library/Frameworks/Python.framework/Versions/3.10/lib/python3.10/site-packages/airflow/example_dags/example_latest_only.py
[2024-01-15T00:26:21.531+0200] {processor.py:830} INFO - Processing file /Library/Frameworks/Python.framework/Versions/3.10/lib/python3.10/site-packages/airflow/example_dags/example_latest_only.py for tasks to queue
[2024-01-15T00:26:21.532+0200] {logging_mixin.py:188} INFO - [2024-01-15T00:26:21.532+0200] {dagbag.py:538} INFO - Filling up the DagBag from /Library/Frameworks/Python.framework/Versions/3.10/lib/python3.10/site-packages/airflow/example_dags/example_latest_only.py
[2024-01-15T00:26:21.544+0200] {processor.py:840} INFO - DAG(s) 'latest_only' retrieved from /Library/Frameworks/Python.framework/Versions/3.10/lib/python3.10/site-packages/airflow/example_dags/example_latest_only.py
[2024-01-15T00:26:21.698+0200] {logging_mixin.py:188} INFO - [2024-01-15T00:26:21.698+0200] {dag.py:3033} INFO - Sync 1 DAGs
[2024-01-15T00:26:21.713+0200] {logging_mixin.py:188} INFO - [2024-01-15T00:26:21.713+0200] {dag.py:3820} INFO - Setting next_dagrun for latest_only to 2024-01-14T16:00:00+00:00, run_after=2024-01-14T20:00:00+00:00
[2024-01-15T00:26:21.731+0200] {processor.py:183} INFO - Processing /Library/Frameworks/Python.framework/Versions/3.10/lib/python3.10/site-packages/airflow/example_dags/example_latest_only.py took 0.205 seconds
