[2024-01-14T15:57:47.713+0200] {processor.py:161} INFO - Started process (PID=49097) to work on /Library/Frameworks/Python.framework/Versions/3.10/lib/python3.10/site-packages/airflow/example_dags/example_branch_day_of_week_operator.py
[2024-01-14T15:57:47.724+0200] {processor.py:830} INFO - Processing file /Library/Frameworks/Python.framework/Versions/3.10/lib/python3.10/site-packages/airflow/example_dags/example_branch_day_of_week_operator.py for tasks to queue
[2024-01-14T15:57:47.726+0200] {logging_mixin.py:188} INFO - [2024-01-14T15:57:47.725+0200] {dagbag.py:538} INFO - Filling up the DagBag from /Library/Frameworks/Python.framework/Versions/3.10/lib/python3.10/site-packages/airflow/example_dags/example_branch_day_of_week_operator.py
[2024-01-14T15:57:47.761+0200] {processor.py:840} INFO - DAG(s) 'example_weekday_branch_operator' retrieved from /Library/Frameworks/Python.framework/Versions/3.10/lib/python3.10/site-packages/airflow/example_dags/example_branch_day_of_week_operator.py
[2024-01-14T15:57:48.093+0200] {logging_mixin.py:188} INFO - [2024-01-14T15:57:48.092+0200] {dag.py:3033} INFO - Sync 1 DAGs
[2024-01-14T15:57:48.134+0200] {logging_mixin.py:188} INFO - [2024-01-14T15:57:48.134+0200] {dag.py:3820} INFO - Setting next_dagrun for example_weekday_branch_operator to 2024-01-13T00:00:00+00:00, run_after=2024-01-14T00:00:00+00:00
[2024-01-14T15:57:48.178+0200] {processor.py:183} INFO - Processing /Library/Frameworks/Python.framework/Versions/3.10/lib/python3.10/site-packages/airflow/example_dags/example_branch_day_of_week_operator.py took 0.469 seconds
[2024-01-15T00:19:02.960+0200] {processor.py:161} INFO - Started process (PID=49625) to work on /Library/Frameworks/Python.framework/Versions/3.10/lib/python3.10/site-packages/airflow/example_dags/example_branch_day_of_week_operator.py
[2024-01-15T00:19:02.965+0200] {processor.py:830} INFO - Processing file /Library/Frameworks/Python.framework/Versions/3.10/lib/python3.10/site-packages/airflow/example_dags/example_branch_day_of_week_operator.py for tasks to queue
[2024-01-15T00:19:02.966+0200] {logging_mixin.py:188} INFO - [2024-01-15T00:19:02.966+0200] {dagbag.py:538} INFO - Filling up the DagBag from /Library/Frameworks/Python.framework/Versions/3.10/lib/python3.10/site-packages/airflow/example_dags/example_branch_day_of_week_operator.py
[2024-01-15T00:19:02.985+0200] {processor.py:840} INFO - DAG(s) 'example_weekday_branch_operator' retrieved from /Library/Frameworks/Python.framework/Versions/3.10/lib/python3.10/site-packages/airflow/example_dags/example_branch_day_of_week_operator.py
[2024-01-15T00:19:03.150+0200] {logging_mixin.py:188} INFO - [2024-01-15T00:19:03.150+0200] {dag.py:3033} INFO - Sync 1 DAGs
[2024-01-15T00:19:03.169+0200] {logging_mixin.py:188} INFO - [2024-01-15T00:19:03.169+0200] {dag.py:3820} INFO - Setting next_dagrun for example_weekday_branch_operator to 2024-01-13T00:00:00+00:00, run_after=2024-01-14T00:00:00+00:00
[2024-01-15T00:19:03.190+0200] {processor.py:183} INFO - Processing /Library/Frameworks/Python.framework/Versions/3.10/lib/python3.10/site-packages/airflow/example_dags/example_branch_day_of_week_operator.py took 0.231 seconds
[2024-01-15T00:24:20.423+0200] {processor.py:161} INFO - Started process (PID=50316) to work on /Library/Frameworks/Python.framework/Versions/3.10/lib/python3.10/site-packages/airflow/example_dags/example_branch_day_of_week_operator.py
[2024-01-15T00:24:20.428+0200] {processor.py:830} INFO - Processing file /Library/Frameworks/Python.framework/Versions/3.10/lib/python3.10/site-packages/airflow/example_dags/example_branch_day_of_week_operator.py for tasks to queue
[2024-01-15T00:24:20.429+0200] {logging_mixin.py:188} INFO - [2024-01-15T00:24:20.429+0200] {dagbag.py:538} INFO - Filling up the DagBag from /Library/Frameworks/Python.framework/Versions/3.10/lib/python3.10/site-packages/airflow/example_dags/example_branch_day_of_week_operator.py
[2024-01-15T00:24:20.447+0200] {processor.py:840} INFO - DAG(s) 'example_weekday_branch_operator' retrieved from /Library/Frameworks/Python.framework/Versions/3.10/lib/python3.10/site-packages/airflow/example_dags/example_branch_day_of_week_operator.py
[2024-01-15T00:24:20.609+0200] {logging_mixin.py:188} INFO - [2024-01-15T00:24:20.609+0200] {dag.py:3033} INFO - Sync 1 DAGs
[2024-01-15T00:24:20.624+0200] {logging_mixin.py:188} INFO - [2024-01-15T00:24:20.624+0200] {dag.py:3820} INFO - Setting next_dagrun for example_weekday_branch_operator to 2024-01-13T00:00:00+00:00, run_after=2024-01-14T00:00:00+00:00
[2024-01-15T00:24:20.641+0200] {processor.py:183} INFO - Processing /Library/Frameworks/Python.framework/Versions/3.10/lib/python3.10/site-packages/airflow/example_dags/example_branch_day_of_week_operator.py took 0.220 seconds
[2024-01-15T00:29:17.005+0200] {processor.py:161} INFO - Started process (PID=50599) to work on /Library/Frameworks/Python.framework/Versions/3.10/lib/python3.10/site-packages/airflow/example_dags/example_branch_day_of_week_operator.py
[2024-01-15T00:29:17.011+0200] {processor.py:830} INFO - Processing file /Library/Frameworks/Python.framework/Versions/3.10/lib/python3.10/site-packages/airflow/example_dags/example_branch_day_of_week_operator.py for tasks to queue
[2024-01-15T00:29:17.011+0200] {logging_mixin.py:188} INFO - [2024-01-15T00:29:17.011+0200] {dagbag.py:538} INFO - Filling up the DagBag from /Library/Frameworks/Python.framework/Versions/3.10/lib/python3.10/site-packages/airflow/example_dags/example_branch_day_of_week_operator.py
[2024-01-15T00:29:17.031+0200] {processor.py:840} INFO - DAG(s) 'example_weekday_branch_operator' retrieved from /Library/Frameworks/Python.framework/Versions/3.10/lib/python3.10/site-packages/airflow/example_dags/example_branch_day_of_week_operator.py
[2024-01-15T00:29:17.215+0200] {logging_mixin.py:188} INFO - [2024-01-15T00:29:17.215+0200] {dag.py:3033} INFO - Sync 1 DAGs
[2024-01-15T00:29:17.238+0200] {logging_mixin.py:188} INFO - [2024-01-15T00:29:17.238+0200] {dag.py:3820} INFO - Setting next_dagrun for example_weekday_branch_operator to 2024-01-13T00:00:00+00:00, run_after=2024-01-14T00:00:00+00:00
[2024-01-15T00:29:17.263+0200] {processor.py:183} INFO - Processing /Library/Frameworks/Python.framework/Versions/3.10/lib/python3.10/site-packages/airflow/example_dags/example_branch_day_of_week_operator.py took 0.260 seconds
