[2024-01-14T02:52:46.006+0200] {processor.py:161} INFO - Started process (PID=47534) to work on /Library/Frameworks/Python.framework/Versions/3.10/lib/python3.10/site-packages/airflow/example_dags/example_python_decorator.py
[2024-01-14T02:52:46.019+0200] {processor.py:830} INFO - Processing file /Library/Frameworks/Python.framework/Versions/3.10/lib/python3.10/site-packages/airflow/example_dags/example_python_decorator.py for tasks to queue
[2024-01-14T02:52:46.020+0200] {logging_mixin.py:188} INFO - [2024-01-14T02:52:46.020+0200] {dagbag.py:538} INFO - Filling up the DagBag from /Library/Frameworks/Python.framework/Versions/3.10/lib/python3.10/site-packages/airflow/example_dags/example_python_decorator.py
[2024-01-14T02:52:46.257+0200] {logging_mixin.py:188} INFO - [2024-01-14T02:52:46.256+0200] {example_python_decorator.py:79} WARNING - The virtalenv_python example task requires virtualenv, please install it.
[2024-01-14T02:52:46.267+0200] {processor.py:840} INFO - DAG(s) 'example_python_decorator' retrieved from /Library/Frameworks/Python.framework/Versions/3.10/lib/python3.10/site-packages/airflow/example_dags/example_python_decorator.py
[2024-01-14T02:52:46.570+0200] {logging_mixin.py:188} INFO - [2024-01-14T02:52:46.569+0200] {dag.py:3033} INFO - Sync 1 DAGs
[2024-01-14T02:52:46.593+0200] {logging_mixin.py:188} INFO - [2024-01-14T02:52:46.592+0200] {dag.py:3820} INFO - Setting next_dagrun for example_python_decorator to None, run_after=None
[2024-01-14T02:52:46.659+0200] {processor.py:183} INFO - Processing /Library/Frameworks/Python.framework/Versions/3.10/lib/python3.10/site-packages/airflow/example_dags/example_python_decorator.py took 0.659 seconds
[2024-01-14T12:54:34.906+0200] {processor.py:161} INFO - Started process (PID=48872) to work on /Library/Frameworks/Python.framework/Versions/3.10/lib/python3.10/site-packages/airflow/example_dags/example_python_decorator.py
[2024-01-14T12:54:34.911+0200] {processor.py:830} INFO - Processing file /Library/Frameworks/Python.framework/Versions/3.10/lib/python3.10/site-packages/airflow/example_dags/example_python_decorator.py for tasks to queue
[2024-01-14T12:54:34.912+0200] {logging_mixin.py:188} INFO - [2024-01-14T12:54:34.911+0200] {dagbag.py:538} INFO - Filling up the DagBag from /Library/Frameworks/Python.framework/Versions/3.10/lib/python3.10/site-packages/airflow/example_dags/example_python_decorator.py
[2024-01-14T12:54:35.003+0200] {logging_mixin.py:188} INFO - [2024-01-14T12:54:35.003+0200] {example_python_decorator.py:79} WARNING - The virtalenv_python example task requires virtualenv, please install it.
[2024-01-14T12:54:35.007+0200] {processor.py:840} INFO - DAG(s) 'example_python_decorator' retrieved from /Library/Frameworks/Python.framework/Versions/3.10/lib/python3.10/site-packages/airflow/example_dags/example_python_decorator.py
[2024-01-14T12:54:35.100+0200] {logging_mixin.py:188} INFO - [2024-01-14T12:54:35.099+0200] {dag.py:3033} INFO - Sync 1 DAGs
[2024-01-14T12:54:35.107+0200] {logging_mixin.py:188} INFO - [2024-01-14T12:54:35.107+0200] {dag.py:3820} INFO - Setting next_dagrun for example_python_decorator to None, run_after=None
[2024-01-14T12:54:35.128+0200] {processor.py:183} INFO - Processing /Library/Frameworks/Python.framework/Versions/3.10/lib/python3.10/site-packages/airflow/example_dags/example_python_decorator.py took 0.224 seconds
[2024-01-14T23:04:52.507+0200] {processor.py:161} INFO - Started process (PID=49369) to work on /Library/Frameworks/Python.framework/Versions/3.10/lib/python3.10/site-packages/airflow/example_dags/example_python_decorator.py
[2024-01-14T23:04:52.514+0200] {processor.py:830} INFO - Processing file /Library/Frameworks/Python.framework/Versions/3.10/lib/python3.10/site-packages/airflow/example_dags/example_python_decorator.py for tasks to queue
[2024-01-14T23:04:52.515+0200] {logging_mixin.py:188} INFO - [2024-01-14T23:04:52.515+0200] {dagbag.py:538} INFO - Filling up the DagBag from /Library/Frameworks/Python.framework/Versions/3.10/lib/python3.10/site-packages/airflow/example_dags/example_python_decorator.py
[2024-01-14T23:04:52.613+0200] {logging_mixin.py:188} INFO - [2024-01-14T23:04:52.613+0200] {example_python_decorator.py:79} WARNING - The virtalenv_python example task requires virtualenv, please install it.
[2024-01-14T23:04:52.617+0200] {processor.py:840} INFO - DAG(s) 'example_python_decorator' retrieved from /Library/Frameworks/Python.framework/Versions/3.10/lib/python3.10/site-packages/airflow/example_dags/example_python_decorator.py
[2024-01-14T23:04:52.725+0200] {logging_mixin.py:188} INFO - [2024-01-14T23:04:52.725+0200] {dag.py:3033} INFO - Sync 1 DAGs
[2024-01-14T23:04:52.735+0200] {logging_mixin.py:188} INFO - [2024-01-14T23:04:52.735+0200] {dag.py:3820} INFO - Setting next_dagrun for example_python_decorator to None, run_after=None
[2024-01-14T23:04:52.760+0200] {processor.py:183} INFO - Processing /Library/Frameworks/Python.framework/Versions/3.10/lib/python3.10/site-packages/airflow/example_dags/example_python_decorator.py took 0.255 seconds
[2024-01-15T00:20:56.058+0200] {processor.py:161} INFO - Started process (PID=50170) to work on /Library/Frameworks/Python.framework/Versions/3.10/lib/python3.10/site-packages/airflow/example_dags/example_python_decorator.py
[2024-01-15T00:20:56.063+0200] {processor.py:830} INFO - Processing file /Library/Frameworks/Python.framework/Versions/3.10/lib/python3.10/site-packages/airflow/example_dags/example_python_decorator.py for tasks to queue
[2024-01-15T00:20:56.064+0200] {logging_mixin.py:188} INFO - [2024-01-15T00:20:56.064+0200] {dagbag.py:538} INFO - Filling up the DagBag from /Library/Frameworks/Python.framework/Versions/3.10/lib/python3.10/site-packages/airflow/example_dags/example_python_decorator.py
[2024-01-15T00:20:56.149+0200] {logging_mixin.py:188} INFO - [2024-01-15T00:20:56.149+0200] {example_python_decorator.py:79} WARNING - The virtalenv_python example task requires virtualenv, please install it.
[2024-01-15T00:20:56.153+0200] {processor.py:840} INFO - DAG(s) 'example_python_decorator' retrieved from /Library/Frameworks/Python.framework/Versions/3.10/lib/python3.10/site-packages/airflow/example_dags/example_python_decorator.py
[2024-01-15T00:20:56.248+0200] {logging_mixin.py:188} INFO - [2024-01-15T00:20:56.248+0200] {dag.py:3033} INFO - Sync 1 DAGs
[2024-01-15T00:20:56.256+0200] {logging_mixin.py:188} INFO - [2024-01-15T00:20:56.255+0200] {dag.py:3820} INFO - Setting next_dagrun for example_python_decorator to None, run_after=None
[2024-01-15T00:20:56.275+0200] {processor.py:183} INFO - Processing /Library/Frameworks/Python.framework/Versions/3.10/lib/python3.10/site-packages/airflow/example_dags/example_python_decorator.py took 0.218 seconds
[2024-01-15T00:23:34.386+0200] {processor.py:161} INFO - Started process (PID=50300) to work on /Library/Frameworks/Python.framework/Versions/3.10/lib/python3.10/site-packages/airflow/example_dags/example_python_decorator.py
[2024-01-15T00:23:34.391+0200] {processor.py:830} INFO - Processing file /Library/Frameworks/Python.framework/Versions/3.10/lib/python3.10/site-packages/airflow/example_dags/example_python_decorator.py for tasks to queue
[2024-01-15T00:23:34.392+0200] {logging_mixin.py:188} INFO - [2024-01-15T00:23:34.392+0200] {dagbag.py:538} INFO - Filling up the DagBag from /Library/Frameworks/Python.framework/Versions/3.10/lib/python3.10/site-packages/airflow/example_dags/example_python_decorator.py
[2024-01-15T00:23:34.481+0200] {logging_mixin.py:188} INFO - [2024-01-15T00:23:34.481+0200] {example_python_decorator.py:79} WARNING - The virtalenv_python example task requires virtualenv, please install it.
[2024-01-15T00:23:34.485+0200] {processor.py:840} INFO - DAG(s) 'example_python_decorator' retrieved from /Library/Frameworks/Python.framework/Versions/3.10/lib/python3.10/site-packages/airflow/example_dags/example_python_decorator.py
[2024-01-15T00:23:34.579+0200] {logging_mixin.py:188} INFO - [2024-01-15T00:23:34.579+0200] {dag.py:3033} INFO - Sync 1 DAGs
[2024-01-15T00:23:34.586+0200] {logging_mixin.py:188} INFO - [2024-01-15T00:23:34.586+0200] {dag.py:3820} INFO - Setting next_dagrun for example_python_decorator to None, run_after=None
[2024-01-15T00:23:34.609+0200] {processor.py:183} INFO - Processing /Library/Frameworks/Python.framework/Versions/3.10/lib/python3.10/site-packages/airflow/example_dags/example_python_decorator.py took 0.224 seconds
[2024-01-15T00:26:05.973+0200] {processor.py:161} INFO - Started process (PID=50389) to work on /Library/Frameworks/Python.framework/Versions/3.10/lib/python3.10/site-packages/airflow/example_dags/example_python_decorator.py
[2024-01-15T00:26:05.979+0200] {processor.py:830} INFO - Processing file /Library/Frameworks/Python.framework/Versions/3.10/lib/python3.10/site-packages/airflow/example_dags/example_python_decorator.py for tasks to queue
[2024-01-15T00:26:05.979+0200] {logging_mixin.py:188} INFO - [2024-01-15T00:26:05.979+0200] {dagbag.py:538} INFO - Filling up the DagBag from /Library/Frameworks/Python.framework/Versions/3.10/lib/python3.10/site-packages/airflow/example_dags/example_python_decorator.py
[2024-01-15T00:26:06.084+0200] {logging_mixin.py:188} INFO - [2024-01-15T00:26:06.083+0200] {example_python_decorator.py:79} WARNING - The virtalenv_python example task requires virtualenv, please install it.
[2024-01-15T00:26:06.087+0200] {processor.py:840} INFO - DAG(s) 'example_python_decorator' retrieved from /Library/Frameworks/Python.framework/Versions/3.10/lib/python3.10/site-packages/airflow/example_dags/example_python_decorator.py
[2024-01-15T00:26:06.198+0200] {logging_mixin.py:188} INFO - [2024-01-15T00:26:06.198+0200] {dag.py:3033} INFO - Sync 1 DAGs
[2024-01-15T00:26:06.207+0200] {logging_mixin.py:188} INFO - [2024-01-15T00:26:06.207+0200] {dag.py:3820} INFO - Setting next_dagrun for example_python_decorator to None, run_after=None
[2024-01-15T00:26:06.229+0200] {processor.py:183} INFO - Processing /Library/Frameworks/Python.framework/Versions/3.10/lib/python3.10/site-packages/airflow/example_dags/example_python_decorator.py took 0.258 seconds
[2024-01-15T00:28:35.769+0200] {processor.py:161} INFO - Started process (PID=50585) to work on /Library/Frameworks/Python.framework/Versions/3.10/lib/python3.10/site-packages/airflow/example_dags/example_python_decorator.py
[2024-01-15T00:28:35.776+0200] {processor.py:830} INFO - Processing file /Library/Frameworks/Python.framework/Versions/3.10/lib/python3.10/site-packages/airflow/example_dags/example_python_decorator.py for tasks to queue
[2024-01-15T00:28:35.776+0200] {logging_mixin.py:188} INFO - [2024-01-15T00:28:35.776+0200] {dagbag.py:538} INFO - Filling up the DagBag from /Library/Frameworks/Python.framework/Versions/3.10/lib/python3.10/site-packages/airflow/example_dags/example_python_decorator.py
[2024-01-15T00:28:35.922+0200] {logging_mixin.py:188} INFO - [2024-01-15T00:28:35.922+0200] {example_python_decorator.py:79} WARNING - The virtalenv_python example task requires virtualenv, please install it.
[2024-01-15T00:28:35.926+0200] {processor.py:840} INFO - DAG(s) 'example_python_decorator' retrieved from /Library/Frameworks/Python.framework/Versions/3.10/lib/python3.10/site-packages/airflow/example_dags/example_python_decorator.py
[2024-01-15T00:28:36.049+0200] {logging_mixin.py:188} INFO - [2024-01-15T00:28:36.049+0200] {dag.py:3033} INFO - Sync 1 DAGs
[2024-01-15T00:28:36.062+0200] {logging_mixin.py:188} INFO - [2024-01-15T00:28:36.062+0200] {dag.py:3820} INFO - Setting next_dagrun for example_python_decorator to None, run_after=None
[2024-01-15T00:28:36.092+0200] {processor.py:183} INFO - Processing /Library/Frameworks/Python.framework/Versions/3.10/lib/python3.10/site-packages/airflow/example_dags/example_python_decorator.py took 0.325 seconds
[2024-01-15T00:31:02.032+0200] {processor.py:161} INFO - Started process (PID=50687) to work on /Library/Frameworks/Python.framework/Versions/3.10/lib/python3.10/site-packages/airflow/example_dags/example_python_decorator.py
[2024-01-15T00:31:02.036+0200] {processor.py:830} INFO - Processing file /Library/Frameworks/Python.framework/Versions/3.10/lib/python3.10/site-packages/airflow/example_dags/example_python_decorator.py for tasks to queue
[2024-01-15T00:31:02.037+0200] {logging_mixin.py:188} INFO - [2024-01-15T00:31:02.037+0200] {dagbag.py:538} INFO - Filling up the DagBag from /Library/Frameworks/Python.framework/Versions/3.10/lib/python3.10/site-packages/airflow/example_dags/example_python_decorator.py
[2024-01-15T00:31:02.133+0200] {logging_mixin.py:188} INFO - [2024-01-15T00:31:02.133+0200] {example_python_decorator.py:79} WARNING - The virtalenv_python example task requires virtualenv, please install it.
[2024-01-15T00:31:02.137+0200] {processor.py:840} INFO - DAG(s) 'example_python_decorator' retrieved from /Library/Frameworks/Python.framework/Versions/3.10/lib/python3.10/site-packages/airflow/example_dags/example_python_decorator.py
[2024-01-15T00:31:02.228+0200] {logging_mixin.py:188} INFO - [2024-01-15T00:31:02.227+0200] {dag.py:3033} INFO - Sync 1 DAGs
[2024-01-15T00:31:02.235+0200] {logging_mixin.py:188} INFO - [2024-01-15T00:31:02.235+0200] {dag.py:3820} INFO - Setting next_dagrun for example_python_decorator to None, run_after=None
[2024-01-15T00:31:02.253+0200] {processor.py:183} INFO - Processing /Library/Frameworks/Python.framework/Versions/3.10/lib/python3.10/site-packages/airflow/example_dags/example_python_decorator.py took 0.224 seconds
