[2024-01-14T02:52:36.276+0200] {processor.py:161} INFO - Started process (PID=47399) to work on /Library/Frameworks/Python.framework/Versions/3.10/lib/python3.10/site-packages/airflow/example_dags/example_sensor_decorator.py
[2024-01-14T02:52:36.280+0200] {processor.py:830} INFO - Processing file /Library/Frameworks/Python.framework/Versions/3.10/lib/python3.10/site-packages/airflow/example_dags/example_sensor_decorator.py for tasks to queue
[2024-01-14T02:52:36.281+0200] {logging_mixin.py:188} INFO - [2024-01-14T02:52:36.281+0200] {dagbag.py:538} INFO - Filling up the DagBag from /Library/Frameworks/Python.framework/Versions/3.10/lib/python3.10/site-packages/airflow/example_dags/example_sensor_decorator.py
[2024-01-14T02:52:36.366+0200] {processor.py:840} INFO - DAG(s) 'example_sensor_decorator' retrieved from /Library/Frameworks/Python.framework/Versions/3.10/lib/python3.10/site-packages/airflow/example_dags/example_sensor_decorator.py
[2024-01-14T02:52:36.501+0200] {logging_mixin.py:188} INFO - [2024-01-14T02:52:36.501+0200] {dag.py:3033} INFO - Sync 1 DAGs
[2024-01-14T02:52:36.509+0200] {logging_mixin.py:188} INFO - [2024-01-14T02:52:36.509+0200] {dag.py:3820} INFO - Setting next_dagrun for example_sensor_decorator to None, run_after=None
[2024-01-14T02:52:36.527+0200] {processor.py:183} INFO - Processing /Library/Frameworks/Python.framework/Versions/3.10/lib/python3.10/site-packages/airflow/example_dags/example_sensor_decorator.py took 0.254 seconds
[2024-01-14T12:52:55.350+0200] {processor.py:161} INFO - Started process (PID=48868) to work on /Library/Frameworks/Python.framework/Versions/3.10/lib/python3.10/site-packages/airflow/example_dags/example_sensor_decorator.py
[2024-01-14T12:52:55.354+0200] {processor.py:830} INFO - Processing file /Library/Frameworks/Python.framework/Versions/3.10/lib/python3.10/site-packages/airflow/example_dags/example_sensor_decorator.py for tasks to queue
[2024-01-14T12:52:55.355+0200] {logging_mixin.py:188} INFO - [2024-01-14T12:52:55.355+0200] {dagbag.py:538} INFO - Filling up the DagBag from /Library/Frameworks/Python.framework/Versions/3.10/lib/python3.10/site-packages/airflow/example_dags/example_sensor_decorator.py
[2024-01-14T12:52:55.455+0200] {processor.py:840} INFO - DAG(s) 'example_sensor_decorator' retrieved from /Library/Frameworks/Python.framework/Versions/3.10/lib/python3.10/site-packages/airflow/example_dags/example_sensor_decorator.py
[2024-01-14T12:52:55.560+0200] {logging_mixin.py:188} INFO - [2024-01-14T12:52:55.560+0200] {dag.py:3033} INFO - Sync 1 DAGs
[2024-01-14T12:52:55.567+0200] {logging_mixin.py:188} INFO - [2024-01-14T12:52:55.567+0200] {dag.py:3820} INFO - Setting next_dagrun for example_sensor_decorator to None, run_after=None
[2024-01-14T12:52:55.584+0200] {processor.py:183} INFO - Processing /Library/Frameworks/Python.framework/Versions/3.10/lib/python3.10/site-packages/airflow/example_dags/example_sensor_decorator.py took 0.236 seconds
[2024-01-14T22:03:57.664+0200] {processor.py:161} INFO - Started process (PID=49352) to work on /Library/Frameworks/Python.framework/Versions/3.10/lib/python3.10/site-packages/airflow/example_dags/example_sensor_decorator.py
[2024-01-14T22:03:57.670+0200] {processor.py:830} INFO - Processing file /Library/Frameworks/Python.framework/Versions/3.10/lib/python3.10/site-packages/airflow/example_dags/example_sensor_decorator.py for tasks to queue
[2024-01-14T22:03:57.671+0200] {logging_mixin.py:188} INFO - [2024-01-14T22:03:57.671+0200] {dagbag.py:538} INFO - Filling up the DagBag from /Library/Frameworks/Python.framework/Versions/3.10/lib/python3.10/site-packages/airflow/example_dags/example_sensor_decorator.py
[2024-01-14T22:03:57.769+0200] {processor.py:840} INFO - DAG(s) 'example_sensor_decorator' retrieved from /Library/Frameworks/Python.framework/Versions/3.10/lib/python3.10/site-packages/airflow/example_dags/example_sensor_decorator.py
[2024-01-14T22:03:57.873+0200] {logging_mixin.py:188} INFO - [2024-01-14T22:03:57.873+0200] {dag.py:3033} INFO - Sync 1 DAGs
[2024-01-14T22:03:57.880+0200] {logging_mixin.py:188} INFO - [2024-01-14T22:03:57.880+0200] {dag.py:3820} INFO - Setting next_dagrun for example_sensor_decorator to None, run_after=None
[2024-01-14T22:03:57.900+0200] {processor.py:183} INFO - Processing /Library/Frameworks/Python.framework/Versions/3.10/lib/python3.10/site-packages/airflow/example_dags/example_sensor_decorator.py took 0.237 seconds
[2024-01-15T00:20:49.560+0200] {processor.py:161} INFO - Started process (PID=50167) to work on /Library/Frameworks/Python.framework/Versions/3.10/lib/python3.10/site-packages/airflow/example_dags/example_sensor_decorator.py
[2024-01-15T00:20:49.565+0200] {processor.py:830} INFO - Processing file /Library/Frameworks/Python.framework/Versions/3.10/lib/python3.10/site-packages/airflow/example_dags/example_sensor_decorator.py for tasks to queue
[2024-01-15T00:20:49.565+0200] {logging_mixin.py:188} INFO - [2024-01-15T00:20:49.565+0200] {dagbag.py:538} INFO - Filling up the DagBag from /Library/Frameworks/Python.framework/Versions/3.10/lib/python3.10/site-packages/airflow/example_dags/example_sensor_decorator.py
[2024-01-15T00:20:49.650+0200] {processor.py:840} INFO - DAG(s) 'example_sensor_decorator' retrieved from /Library/Frameworks/Python.framework/Versions/3.10/lib/python3.10/site-packages/airflow/example_dags/example_sensor_decorator.py
[2024-01-15T00:20:49.818+0200] {logging_mixin.py:188} INFO - [2024-01-15T00:20:49.817+0200] {dag.py:3033} INFO - Sync 1 DAGs
[2024-01-15T00:20:49.829+0200] {logging_mixin.py:188} INFO - [2024-01-15T00:20:49.829+0200] {dag.py:3820} INFO - Setting next_dagrun for example_sensor_decorator to None, run_after=None
[2024-01-15T00:20:49.850+0200] {processor.py:183} INFO - Processing /Library/Frameworks/Python.framework/Versions/3.10/lib/python3.10/site-packages/airflow/example_dags/example_sensor_decorator.py took 0.292 seconds
[2024-01-15T00:23:28.667+0200] {processor.py:161} INFO - Started process (PID=50297) to work on /Library/Frameworks/Python.framework/Versions/3.10/lib/python3.10/site-packages/airflow/example_dags/example_sensor_decorator.py
[2024-01-15T00:23:28.672+0200] {processor.py:830} INFO - Processing file /Library/Frameworks/Python.framework/Versions/3.10/lib/python3.10/site-packages/airflow/example_dags/example_sensor_decorator.py for tasks to queue
[2024-01-15T00:23:28.673+0200] {logging_mixin.py:188} INFO - [2024-01-15T00:23:28.672+0200] {dagbag.py:538} INFO - Filling up the DagBag from /Library/Frameworks/Python.framework/Versions/3.10/lib/python3.10/site-packages/airflow/example_dags/example_sensor_decorator.py
[2024-01-15T00:23:28.764+0200] {processor.py:840} INFO - DAG(s) 'example_sensor_decorator' retrieved from /Library/Frameworks/Python.framework/Versions/3.10/lib/python3.10/site-packages/airflow/example_dags/example_sensor_decorator.py
[2024-01-15T00:23:28.877+0200] {logging_mixin.py:188} INFO - [2024-01-15T00:23:28.877+0200] {dag.py:3033} INFO - Sync 1 DAGs
[2024-01-15T00:23:28.885+0200] {logging_mixin.py:188} INFO - [2024-01-15T00:23:28.885+0200] {dag.py:3820} INFO - Setting next_dagrun for example_sensor_decorator to None, run_after=None
[2024-01-15T00:23:28.904+0200] {processor.py:183} INFO - Processing /Library/Frameworks/Python.framework/Versions/3.10/lib/python3.10/site-packages/airflow/example_dags/example_sensor_decorator.py took 0.239 seconds
[2024-01-15T00:25:59.420+0200] {processor.py:161} INFO - Started process (PID=50387) to work on /Library/Frameworks/Python.framework/Versions/3.10/lib/python3.10/site-packages/airflow/example_dags/example_sensor_decorator.py
[2024-01-15T00:25:59.424+0200] {processor.py:830} INFO - Processing file /Library/Frameworks/Python.framework/Versions/3.10/lib/python3.10/site-packages/airflow/example_dags/example_sensor_decorator.py for tasks to queue
[2024-01-15T00:25:59.425+0200] {logging_mixin.py:188} INFO - [2024-01-15T00:25:59.425+0200] {dagbag.py:538} INFO - Filling up the DagBag from /Library/Frameworks/Python.framework/Versions/3.10/lib/python3.10/site-packages/airflow/example_dags/example_sensor_decorator.py
[2024-01-15T00:25:59.524+0200] {processor.py:840} INFO - DAG(s) 'example_sensor_decorator' retrieved from /Library/Frameworks/Python.framework/Versions/3.10/lib/python3.10/site-packages/airflow/example_dags/example_sensor_decorator.py
[2024-01-15T00:25:59.631+0200] {logging_mixin.py:188} INFO - [2024-01-15T00:25:59.631+0200] {dag.py:3033} INFO - Sync 1 DAGs
[2024-01-15T00:25:59.638+0200] {logging_mixin.py:188} INFO - [2024-01-15T00:25:59.638+0200] {dag.py:3820} INFO - Setting next_dagrun for example_sensor_decorator to None, run_after=None
[2024-01-15T00:25:59.656+0200] {processor.py:183} INFO - Processing /Library/Frameworks/Python.framework/Versions/3.10/lib/python3.10/site-packages/airflow/example_dags/example_sensor_decorator.py took 0.239 seconds
[2024-01-15T00:28:27.673+0200] {processor.py:161} INFO - Started process (PID=50567) to work on /Library/Frameworks/Python.framework/Versions/3.10/lib/python3.10/site-packages/airflow/example_dags/example_sensor_decorator.py
[2024-01-15T00:28:27.679+0200] {processor.py:830} INFO - Processing file /Library/Frameworks/Python.framework/Versions/3.10/lib/python3.10/site-packages/airflow/example_dags/example_sensor_decorator.py for tasks to queue
[2024-01-15T00:28:27.680+0200] {logging_mixin.py:188} INFO - [2024-01-15T00:28:27.680+0200] {dagbag.py:538} INFO - Filling up the DagBag from /Library/Frameworks/Python.framework/Versions/3.10/lib/python3.10/site-packages/airflow/example_dags/example_sensor_decorator.py
[2024-01-15T00:28:27.792+0200] {processor.py:840} INFO - DAG(s) 'example_sensor_decorator' retrieved from /Library/Frameworks/Python.framework/Versions/3.10/lib/python3.10/site-packages/airflow/example_dags/example_sensor_decorator.py
[2024-01-15T00:28:27.994+0200] {logging_mixin.py:188} INFO - [2024-01-15T00:28:27.993+0200] {dag.py:3033} INFO - Sync 1 DAGs
[2024-01-15T00:28:28.008+0200] {logging_mixin.py:188} INFO - [2024-01-15T00:28:28.008+0200] {dag.py:3820} INFO - Setting next_dagrun for example_sensor_decorator to None, run_after=None
[2024-01-15T00:28:28.047+0200] {processor.py:183} INFO - Processing /Library/Frameworks/Python.framework/Versions/3.10/lib/python3.10/site-packages/airflow/example_dags/example_sensor_decorator.py took 0.376 seconds
[2024-01-15T00:30:56.062+0200] {processor.py:161} INFO - Started process (PID=50682) to work on /Library/Frameworks/Python.framework/Versions/3.10/lib/python3.10/site-packages/airflow/example_dags/example_sensor_decorator.py
[2024-01-15T00:30:56.066+0200] {processor.py:830} INFO - Processing file /Library/Frameworks/Python.framework/Versions/3.10/lib/python3.10/site-packages/airflow/example_dags/example_sensor_decorator.py for tasks to queue
[2024-01-15T00:30:56.067+0200] {logging_mixin.py:188} INFO - [2024-01-15T00:30:56.067+0200] {dagbag.py:538} INFO - Filling up the DagBag from /Library/Frameworks/Python.framework/Versions/3.10/lib/python3.10/site-packages/airflow/example_dags/example_sensor_decorator.py
[2024-01-15T00:30:56.141+0200] {processor.py:840} INFO - DAG(s) 'example_sensor_decorator' retrieved from /Library/Frameworks/Python.framework/Versions/3.10/lib/python3.10/site-packages/airflow/example_dags/example_sensor_decorator.py
[2024-01-15T00:30:56.244+0200] {logging_mixin.py:188} INFO - [2024-01-15T00:30:56.244+0200] {dag.py:3033} INFO - Sync 1 DAGs
[2024-01-15T00:30:56.252+0200] {logging_mixin.py:188} INFO - [2024-01-15T00:30:56.251+0200] {dag.py:3820} INFO - Setting next_dagrun for example_sensor_decorator to None, run_after=None
[2024-01-15T00:30:56.271+0200] {processor.py:183} INFO - Processing /Library/Frameworks/Python.framework/Versions/3.10/lib/python3.10/site-packages/airflow/example_dags/example_sensor_decorator.py took 0.211 seconds
