[2024-01-14T11:54:15.766+0200] {processor.py:161} INFO - Started process (PID=48841) to work on /Library/Frameworks/Python.framework/Versions/3.10/lib/python3.10/site-packages/airflow/example_dags/example_short_circuit_decorator.py
[2024-01-14T11:54:15.770+0200] {processor.py:830} INFO - Processing file /Library/Frameworks/Python.framework/Versions/3.10/lib/python3.10/site-packages/airflow/example_dags/example_short_circuit_decorator.py for tasks to queue
[2024-01-14T11:54:15.771+0200] {logging_mixin.py:188} INFO - [2024-01-14T11:54:15.770+0200] {dagbag.py:538} INFO - Filling up the DagBag from /Library/Frameworks/Python.framework/Versions/3.10/lib/python3.10/site-packages/airflow/example_dags/example_short_circuit_decorator.py
[2024-01-14T11:54:15.860+0200] {processor.py:840} INFO - DAG(s) 'example_short_circuit_decorator' retrieved from /Library/Frameworks/Python.framework/Versions/3.10/lib/python3.10/site-packages/airflow/example_dags/example_short_circuit_decorator.py
[2024-01-14T11:54:15.952+0200] {logging_mixin.py:188} INFO - [2024-01-14T11:54:15.952+0200] {dag.py:3033} INFO - Sync 1 DAGs
[2024-01-14T11:54:15.966+0200] {logging_mixin.py:188} INFO - [2024-01-14T11:54:15.965+0200] {dag.py:3820} INFO - Setting next_dagrun for example_short_circuit_decorator to 2024-01-13T00:00:00+00:00, run_after=2024-01-14T00:00:00+00:00
[2024-01-14T11:54:15.983+0200] {processor.py:183} INFO - Processing /Library/Frameworks/Python.framework/Versions/3.10/lib/python3.10/site-packages/airflow/example_dags/example_short_circuit_decorator.py took 0.218 seconds
[2024-01-14T21:03:13.471+0200] {processor.py:161} INFO - Started process (PID=49322) to work on /Library/Frameworks/Python.framework/Versions/3.10/lib/python3.10/site-packages/airflow/example_dags/example_short_circuit_decorator.py
[2024-01-14T21:03:13.482+0200] {processor.py:830} INFO - Processing file /Library/Frameworks/Python.framework/Versions/3.10/lib/python3.10/site-packages/airflow/example_dags/example_short_circuit_decorator.py for tasks to queue
[2024-01-14T21:03:13.483+0200] {logging_mixin.py:188} INFO - [2024-01-14T21:03:13.483+0200] {dagbag.py:538} INFO - Filling up the DagBag from /Library/Frameworks/Python.framework/Versions/3.10/lib/python3.10/site-packages/airflow/example_dags/example_short_circuit_decorator.py
[2024-01-14T21:03:13.670+0200] {processor.py:840} INFO - DAG(s) 'example_short_circuit_decorator' retrieved from /Library/Frameworks/Python.framework/Versions/3.10/lib/python3.10/site-packages/airflow/example_dags/example_short_circuit_decorator.py
[2024-01-14T21:03:13.906+0200] {logging_mixin.py:188} INFO - [2024-01-14T21:03:13.906+0200] {dag.py:3033} INFO - Sync 1 DAGs
[2024-01-14T21:03:13.956+0200] {logging_mixin.py:188} INFO - [2024-01-14T21:03:13.956+0200] {dag.py:3820} INFO - Setting next_dagrun for example_short_circuit_decorator to 2024-01-13T00:00:00+00:00, run_after=2024-01-14T00:00:00+00:00
[2024-01-14T21:03:13.999+0200] {processor.py:183} INFO - Processing /Library/Frameworks/Python.framework/Versions/3.10/lib/python3.10/site-packages/airflow/example_dags/example_short_circuit_decorator.py took 0.532 seconds
[2024-01-15T00:20:37.286+0200] {processor.py:161} INFO - Started process (PID=50163) to work on /Library/Frameworks/Python.framework/Versions/3.10/lib/python3.10/site-packages/airflow/example_dags/example_short_circuit_decorator.py
[2024-01-15T00:20:37.292+0200] {processor.py:830} INFO - Processing file /Library/Frameworks/Python.framework/Versions/3.10/lib/python3.10/site-packages/airflow/example_dags/example_short_circuit_decorator.py for tasks to queue
[2024-01-15T00:20:37.293+0200] {logging_mixin.py:188} INFO - [2024-01-15T00:20:37.293+0200] {dagbag.py:538} INFO - Filling up the DagBag from /Library/Frameworks/Python.framework/Versions/3.10/lib/python3.10/site-packages/airflow/example_dags/example_short_circuit_decorator.py
[2024-01-15T00:20:37.385+0200] {processor.py:840} INFO - DAG(s) 'example_short_circuit_decorator' retrieved from /Library/Frameworks/Python.framework/Versions/3.10/lib/python3.10/site-packages/airflow/example_dags/example_short_circuit_decorator.py
[2024-01-15T00:20:37.481+0200] {logging_mixin.py:188} INFO - [2024-01-15T00:20:37.481+0200] {dag.py:3033} INFO - Sync 1 DAGs
[2024-01-15T00:20:37.494+0200] {logging_mixin.py:188} INFO - [2024-01-15T00:20:37.494+0200] {dag.py:3820} INFO - Setting next_dagrun for example_short_circuit_decorator to 2024-01-13T00:00:00+00:00, run_after=2024-01-14T00:00:00+00:00
[2024-01-15T00:20:37.513+0200] {processor.py:183} INFO - Processing /Library/Frameworks/Python.framework/Versions/3.10/lib/python3.10/site-packages/airflow/example_dags/example_short_circuit_decorator.py took 0.229 seconds
[2024-01-15T00:23:15.335+0200] {processor.py:161} INFO - Started process (PID=50276) to work on /Library/Frameworks/Python.framework/Versions/3.10/lib/python3.10/site-packages/airflow/example_dags/example_short_circuit_decorator.py
[2024-01-15T00:23:15.341+0200] {processor.py:830} INFO - Processing file /Library/Frameworks/Python.framework/Versions/3.10/lib/python3.10/site-packages/airflow/example_dags/example_short_circuit_decorator.py for tasks to queue
[2024-01-15T00:23:15.341+0200] {logging_mixin.py:188} INFO - [2024-01-15T00:23:15.341+0200] {dagbag.py:538} INFO - Filling up the DagBag from /Library/Frameworks/Python.framework/Versions/3.10/lib/python3.10/site-packages/airflow/example_dags/example_short_circuit_decorator.py
[2024-01-15T00:23:15.448+0200] {processor.py:840} INFO - DAG(s) 'example_short_circuit_decorator' retrieved from /Library/Frameworks/Python.framework/Versions/3.10/lib/python3.10/site-packages/airflow/example_dags/example_short_circuit_decorator.py
[2024-01-15T00:23:15.565+0200] {logging_mixin.py:188} INFO - [2024-01-15T00:23:15.565+0200] {dag.py:3033} INFO - Sync 1 DAGs
[2024-01-15T00:23:15.580+0200] {logging_mixin.py:188} INFO - [2024-01-15T00:23:15.580+0200] {dag.py:3820} INFO - Setting next_dagrun for example_short_circuit_decorator to 2024-01-13T00:00:00+00:00, run_after=2024-01-14T00:00:00+00:00
[2024-01-15T00:23:15.603+0200] {processor.py:183} INFO - Processing /Library/Frameworks/Python.framework/Versions/3.10/lib/python3.10/site-packages/airflow/example_dags/example_short_circuit_decorator.py took 0.270 seconds
[2024-01-15T00:25:45.495+0200] {processor.py:161} INFO - Started process (PID=50379) to work on /Library/Frameworks/Python.framework/Versions/3.10/lib/python3.10/site-packages/airflow/example_dags/example_short_circuit_decorator.py
[2024-01-15T00:25:45.499+0200] {processor.py:830} INFO - Processing file /Library/Frameworks/Python.framework/Versions/3.10/lib/python3.10/site-packages/airflow/example_dags/example_short_circuit_decorator.py for tasks to queue
[2024-01-15T00:25:45.500+0200] {logging_mixin.py:188} INFO - [2024-01-15T00:25:45.500+0200] {dagbag.py:538} INFO - Filling up the DagBag from /Library/Frameworks/Python.framework/Versions/3.10/lib/python3.10/site-packages/airflow/example_dags/example_short_circuit_decorator.py
[2024-01-15T00:25:45.671+0200] {processor.py:840} INFO - DAG(s) 'example_short_circuit_decorator' retrieved from /Library/Frameworks/Python.framework/Versions/3.10/lib/python3.10/site-packages/airflow/example_dags/example_short_circuit_decorator.py
[2024-01-15T00:25:45.766+0200] {logging_mixin.py:188} INFO - [2024-01-15T00:25:45.766+0200] {dag.py:3033} INFO - Sync 1 DAGs
[2024-01-15T00:25:45.782+0200] {logging_mixin.py:188} INFO - [2024-01-15T00:25:45.782+0200] {dag.py:3820} INFO - Setting next_dagrun for example_short_circuit_decorator to 2024-01-13T00:00:00+00:00, run_after=2024-01-14T00:00:00+00:00
[2024-01-15T00:25:45.800+0200] {processor.py:183} INFO - Processing /Library/Frameworks/Python.framework/Versions/3.10/lib/python3.10/site-packages/airflow/example_dags/example_short_circuit_decorator.py took 0.307 seconds
[2024-01-15T00:28:11.340+0200] {processor.py:161} INFO - Started process (PID=50471) to work on /Library/Frameworks/Python.framework/Versions/3.10/lib/python3.10/site-packages/airflow/example_dags/example_short_circuit_decorator.py
[2024-01-15T00:28:11.345+0200] {processor.py:830} INFO - Processing file /Library/Frameworks/Python.framework/Versions/3.10/lib/python3.10/site-packages/airflow/example_dags/example_short_circuit_decorator.py for tasks to queue
[2024-01-15T00:28:11.346+0200] {logging_mixin.py:188} INFO - [2024-01-15T00:28:11.346+0200] {dagbag.py:538} INFO - Filling up the DagBag from /Library/Frameworks/Python.framework/Versions/3.10/lib/python3.10/site-packages/airflow/example_dags/example_short_circuit_decorator.py
[2024-01-15T00:28:11.506+0200] {processor.py:840} INFO - DAG(s) 'example_short_circuit_decorator' retrieved from /Library/Frameworks/Python.framework/Versions/3.10/lib/python3.10/site-packages/airflow/example_dags/example_short_circuit_decorator.py
[2024-01-15T00:28:11.644+0200] {logging_mixin.py:188} INFO - [2024-01-15T00:28:11.644+0200] {dag.py:3033} INFO - Sync 1 DAGs
[2024-01-15T00:28:11.663+0200] {logging_mixin.py:188} INFO - [2024-01-15T00:28:11.662+0200] {dag.py:3820} INFO - Setting next_dagrun for example_short_circuit_decorator to 2024-01-13T00:00:00+00:00, run_after=2024-01-14T00:00:00+00:00
[2024-01-15T00:28:11.691+0200] {processor.py:183} INFO - Processing /Library/Frameworks/Python.framework/Versions/3.10/lib/python3.10/site-packages/airflow/example_dags/example_short_circuit_decorator.py took 0.353 seconds
[2024-01-15T00:30:42.433+0200] {processor.py:161} INFO - Started process (PID=50672) to work on /Library/Frameworks/Python.framework/Versions/3.10/lib/python3.10/site-packages/airflow/example_dags/example_short_circuit_decorator.py
[2024-01-15T00:30:42.439+0200] {processor.py:830} INFO - Processing file /Library/Frameworks/Python.framework/Versions/3.10/lib/python3.10/site-packages/airflow/example_dags/example_short_circuit_decorator.py for tasks to queue
[2024-01-15T00:30:42.439+0200] {logging_mixin.py:188} INFO - [2024-01-15T00:30:42.439+0200] {dagbag.py:538} INFO - Filling up the DagBag from /Library/Frameworks/Python.framework/Versions/3.10/lib/python3.10/site-packages/airflow/example_dags/example_short_circuit_decorator.py
[2024-01-15T00:30:42.535+0200] {processor.py:840} INFO - DAG(s) 'example_short_circuit_decorator' retrieved from /Library/Frameworks/Python.framework/Versions/3.10/lib/python3.10/site-packages/airflow/example_dags/example_short_circuit_decorator.py
[2024-01-15T00:30:42.637+0200] {logging_mixin.py:188} INFO - [2024-01-15T00:30:42.637+0200] {dag.py:3033} INFO - Sync 1 DAGs
[2024-01-15T00:30:42.652+0200] {logging_mixin.py:188} INFO - [2024-01-15T00:30:42.652+0200] {dag.py:3820} INFO - Setting next_dagrun for example_short_circuit_decorator to 2024-01-13T00:00:00+00:00, run_after=2024-01-14T00:00:00+00:00
[2024-01-15T00:30:42.671+0200] {processor.py:183} INFO - Processing /Library/Frameworks/Python.framework/Versions/3.10/lib/python3.10/site-packages/airflow/example_dags/example_short_circuit_decorator.py took 0.239 seconds
