[2024-01-14T11:03:24.670+0200] {processor.py:161} INFO - Started process (PID=48750) to work on /Library/Frameworks/Python.framework/Versions/3.10/lib/python3.10/site-packages/airflow/example_dags/example_xcomargs.py
[2024-01-14T11:03:24.680+0200] {processor.py:830} INFO - Processing file /Library/Frameworks/Python.framework/Versions/3.10/lib/python3.10/site-packages/airflow/example_dags/example_xcomargs.py for tasks to queue
[2024-01-14T11:03:24.681+0200] {logging_mixin.py:188} INFO - [2024-01-14T11:03:24.681+0200] {dagbag.py:538} INFO - Filling up the DagBag from /Library/Frameworks/Python.framework/Versions/3.10/lib/python3.10/site-packages/airflow/example_dags/example_xcomargs.py
[2024-01-14T11:03:25.104+0200] {processor.py:840} INFO - DAG(s) 'example_xcom_args', 'example_xcom_args_with_operators' retrieved from /Library/Frameworks/Python.framework/Versions/3.10/lib/python3.10/site-packages/airflow/example_dags/example_xcomargs.py
[2024-01-14T11:03:25.268+0200] {logging_mixin.py:188} INFO - [2024-01-14T11:03:25.268+0200] {dag.py:3033} INFO - Sync 2 DAGs
[2024-01-14T11:03:25.277+0200] {logging_mixin.py:188} INFO - [2024-01-14T11:03:25.277+0200] {dag.py:3820} INFO - Setting next_dagrun for example_xcom_args to None, run_after=None
[2024-01-14T11:03:25.280+0200] {logging_mixin.py:188} INFO - [2024-01-14T11:03:25.280+0200] {dag.py:3820} INFO - Setting next_dagrun for example_xcom_args_with_operators to None, run_after=None
[2024-01-14T11:03:25.299+0200] {processor.py:183} INFO - Processing /Library/Frameworks/Python.framework/Versions/3.10/lib/python3.10/site-packages/airflow/example_dags/example_xcomargs.py took 0.631 seconds
[2024-01-14T19:01:03.460+0200] {processor.py:161} INFO - Started process (PID=49232) to work on /Library/Frameworks/Python.framework/Versions/3.10/lib/python3.10/site-packages/airflow/example_dags/example_xcomargs.py
[2024-01-14T19:01:03.470+0200] {processor.py:830} INFO - Processing file /Library/Frameworks/Python.framework/Versions/3.10/lib/python3.10/site-packages/airflow/example_dags/example_xcomargs.py for tasks to queue
[2024-01-14T19:01:03.471+0200] {logging_mixin.py:188} INFO - [2024-01-14T19:01:03.471+0200] {dagbag.py:538} INFO - Filling up the DagBag from /Library/Frameworks/Python.framework/Versions/3.10/lib/python3.10/site-packages/airflow/example_dags/example_xcomargs.py
[2024-01-14T19:01:03.653+0200] {processor.py:840} INFO - DAG(s) 'example_xcom_args', 'example_xcom_args_with_operators' retrieved from /Library/Frameworks/Python.framework/Versions/3.10/lib/python3.10/site-packages/airflow/example_dags/example_xcomargs.py
[2024-01-14T19:01:03.877+0200] {logging_mixin.py:188} INFO - [2024-01-14T19:01:03.877+0200] {dag.py:3033} INFO - Sync 2 DAGs
[2024-01-14T19:01:03.896+0200] {logging_mixin.py:188} INFO - [2024-01-14T19:01:03.896+0200] {dag.py:3820} INFO - Setting next_dagrun for example_xcom_args to None, run_after=None
[2024-01-14T19:01:03.902+0200] {logging_mixin.py:188} INFO - [2024-01-14T19:01:03.902+0200] {dag.py:3820} INFO - Setting next_dagrun for example_xcom_args_with_operators to None, run_after=None
[2024-01-14T19:01:03.951+0200] {processor.py:183} INFO - Processing /Library/Frameworks/Python.framework/Versions/3.10/lib/python3.10/site-packages/airflow/example_dags/example_xcomargs.py took 0.496 seconds
[2024-01-15T00:20:05.135+0200] {processor.py:161} INFO - Started process (PID=50129) to work on /Library/Frameworks/Python.framework/Versions/3.10/lib/python3.10/site-packages/airflow/example_dags/example_xcomargs.py
[2024-01-15T00:20:05.139+0200] {processor.py:830} INFO - Processing file /Library/Frameworks/Python.framework/Versions/3.10/lib/python3.10/site-packages/airflow/example_dags/example_xcomargs.py for tasks to queue
[2024-01-15T00:20:05.140+0200] {logging_mixin.py:188} INFO - [2024-01-15T00:20:05.140+0200] {dagbag.py:538} INFO - Filling up the DagBag from /Library/Frameworks/Python.framework/Versions/3.10/lib/python3.10/site-packages/airflow/example_dags/example_xcomargs.py
[2024-01-15T00:20:05.238+0200] {processor.py:840} INFO - DAG(s) 'example_xcom_args_with_operators', 'example_xcom_args' retrieved from /Library/Frameworks/Python.framework/Versions/3.10/lib/python3.10/site-packages/airflow/example_dags/example_xcomargs.py
[2024-01-15T00:20:05.335+0200] {logging_mixin.py:188} INFO - [2024-01-15T00:20:05.335+0200] {dag.py:3033} INFO - Sync 2 DAGs
[2024-01-15T00:20:05.342+0200] {logging_mixin.py:188} INFO - [2024-01-15T00:20:05.342+0200] {dag.py:3820} INFO - Setting next_dagrun for example_xcom_args to None, run_after=None
[2024-01-15T00:20:05.345+0200] {logging_mixin.py:188} INFO - [2024-01-15T00:20:05.345+0200] {dag.py:3820} INFO - Setting next_dagrun for example_xcom_args_with_operators to None, run_after=None
[2024-01-15T00:20:05.362+0200] {processor.py:183} INFO - Processing /Library/Frameworks/Python.framework/Versions/3.10/lib/python3.10/site-packages/airflow/example_dags/example_xcomargs.py took 0.229 seconds
[2024-01-15T00:22:39.721+0200] {processor.py:161} INFO - Started process (PID=50264) to work on /Library/Frameworks/Python.framework/Versions/3.10/lib/python3.10/site-packages/airflow/example_dags/example_xcomargs.py
[2024-01-15T00:22:39.725+0200] {processor.py:830} INFO - Processing file /Library/Frameworks/Python.framework/Versions/3.10/lib/python3.10/site-packages/airflow/example_dags/example_xcomargs.py for tasks to queue
[2024-01-15T00:22:39.726+0200] {logging_mixin.py:188} INFO - [2024-01-15T00:22:39.726+0200] {dagbag.py:538} INFO - Filling up the DagBag from /Library/Frameworks/Python.framework/Versions/3.10/lib/python3.10/site-packages/airflow/example_dags/example_xcomargs.py
[2024-01-15T00:22:39.825+0200] {processor.py:840} INFO - DAG(s) 'example_xcom_args_with_operators', 'example_xcom_args' retrieved from /Library/Frameworks/Python.framework/Versions/3.10/lib/python3.10/site-packages/airflow/example_dags/example_xcomargs.py
[2024-01-15T00:22:39.921+0200] {logging_mixin.py:188} INFO - [2024-01-15T00:22:39.921+0200] {dag.py:3033} INFO - Sync 2 DAGs
[2024-01-15T00:22:39.929+0200] {logging_mixin.py:188} INFO - [2024-01-15T00:22:39.929+0200] {dag.py:3820} INFO - Setting next_dagrun for example_xcom_args to None, run_after=None
[2024-01-15T00:22:39.932+0200] {logging_mixin.py:188} INFO - [2024-01-15T00:22:39.931+0200] {dag.py:3820} INFO - Setting next_dagrun for example_xcom_args_with_operators to None, run_after=None
[2024-01-15T00:22:39.948+0200] {processor.py:183} INFO - Processing /Library/Frameworks/Python.framework/Versions/3.10/lib/python3.10/site-packages/airflow/example_dags/example_xcomargs.py took 0.228 seconds
[2024-01-15T00:25:09.288+0200] {processor.py:161} INFO - Started process (PID=50353) to work on /Library/Frameworks/Python.framework/Versions/3.10/lib/python3.10/site-packages/airflow/example_dags/example_xcomargs.py
[2024-01-15T00:25:09.293+0200] {processor.py:830} INFO - Processing file /Library/Frameworks/Python.framework/Versions/3.10/lib/python3.10/site-packages/airflow/example_dags/example_xcomargs.py for tasks to queue
[2024-01-15T00:25:09.293+0200] {logging_mixin.py:188} INFO - [2024-01-15T00:25:09.293+0200] {dagbag.py:538} INFO - Filling up the DagBag from /Library/Frameworks/Python.framework/Versions/3.10/lib/python3.10/site-packages/airflow/example_dags/example_xcomargs.py
[2024-01-15T00:25:09.390+0200] {processor.py:840} INFO - DAG(s) 'example_xcom_args_with_operators', 'example_xcom_args' retrieved from /Library/Frameworks/Python.framework/Versions/3.10/lib/python3.10/site-packages/airflow/example_dags/example_xcomargs.py
[2024-01-15T00:25:09.487+0200] {logging_mixin.py:188} INFO - [2024-01-15T00:25:09.487+0200] {dag.py:3033} INFO - Sync 2 DAGs
[2024-01-15T00:25:09.496+0200] {logging_mixin.py:188} INFO - [2024-01-15T00:25:09.496+0200] {dag.py:3820} INFO - Setting next_dagrun for example_xcom_args to None, run_after=None
[2024-01-15T00:25:09.499+0200] {logging_mixin.py:188} INFO - [2024-01-15T00:25:09.499+0200] {dag.py:3820} INFO - Setting next_dagrun for example_xcom_args_with_operators to None, run_after=None
[2024-01-15T00:25:09.516+0200] {processor.py:183} INFO - Processing /Library/Frameworks/Python.framework/Versions/3.10/lib/python3.10/site-packages/airflow/example_dags/example_xcomargs.py took 0.230 seconds
[2024-01-15T00:27:29.555+0200] {processor.py:161} INFO - Started process (PID=50435) to work on /Library/Frameworks/Python.framework/Versions/3.10/lib/python3.10/site-packages/airflow/example_dags/example_xcomargs.py
[2024-01-15T00:27:29.569+0200] {processor.py:830} INFO - Processing file /Library/Frameworks/Python.framework/Versions/3.10/lib/python3.10/site-packages/airflow/example_dags/example_xcomargs.py for tasks to queue
[2024-01-15T00:27:29.570+0200] {logging_mixin.py:188} INFO - [2024-01-15T00:27:29.570+0200] {dagbag.py:538} INFO - Filling up the DagBag from /Library/Frameworks/Python.framework/Versions/3.10/lib/python3.10/site-packages/airflow/example_dags/example_xcomargs.py
[2024-01-15T00:27:29.721+0200] {processor.py:840} INFO - DAG(s) 'example_xcom_args_with_operators', 'example_xcom_args' retrieved from /Library/Frameworks/Python.framework/Versions/3.10/lib/python3.10/site-packages/airflow/example_dags/example_xcomargs.py
[2024-01-15T00:27:29.854+0200] {logging_mixin.py:188} INFO - [2024-01-15T00:27:29.854+0200] {dag.py:3033} INFO - Sync 2 DAGs
[2024-01-15T00:27:29.862+0200] {logging_mixin.py:188} INFO - [2024-01-15T00:27:29.862+0200] {dag.py:3820} INFO - Setting next_dagrun for example_xcom_args to None, run_after=None
[2024-01-15T00:27:29.865+0200] {logging_mixin.py:188} INFO - [2024-01-15T00:27:29.865+0200] {dag.py:3820} INFO - Setting next_dagrun for example_xcom_args_with_operators to None, run_after=None
[2024-01-15T00:27:29.886+0200] {processor.py:183} INFO - Processing /Library/Frameworks/Python.framework/Versions/3.10/lib/python3.10/site-packages/airflow/example_dags/example_xcomargs.py took 0.332 seconds
[2024-01-15T00:30:08.101+0200] {processor.py:161} INFO - Started process (PID=50639) to work on /Library/Frameworks/Python.framework/Versions/3.10/lib/python3.10/site-packages/airflow/example_dags/example_xcomargs.py
[2024-01-15T00:30:08.109+0200] {processor.py:830} INFO - Processing file /Library/Frameworks/Python.framework/Versions/3.10/lib/python3.10/site-packages/airflow/example_dags/example_xcomargs.py for tasks to queue
[2024-01-15T00:30:08.109+0200] {logging_mixin.py:188} INFO - [2024-01-15T00:30:08.109+0200] {dagbag.py:538} INFO - Filling up the DagBag from /Library/Frameworks/Python.framework/Versions/3.10/lib/python3.10/site-packages/airflow/example_dags/example_xcomargs.py
[2024-01-15T00:30:08.228+0200] {processor.py:840} INFO - DAG(s) 'example_xcom_args_with_operators', 'example_xcom_args' retrieved from /Library/Frameworks/Python.framework/Versions/3.10/lib/python3.10/site-packages/airflow/example_dags/example_xcomargs.py
[2024-01-15T00:30:08.344+0200] {logging_mixin.py:188} INFO - [2024-01-15T00:30:08.344+0200] {dag.py:3033} INFO - Sync 2 DAGs
[2024-01-15T00:30:08.353+0200] {logging_mixin.py:188} INFO - [2024-01-15T00:30:08.353+0200] {dag.py:3820} INFO - Setting next_dagrun for example_xcom_args to None, run_after=None
[2024-01-15T00:30:08.355+0200] {logging_mixin.py:188} INFO - [2024-01-15T00:30:08.355+0200] {dag.py:3820} INFO - Setting next_dagrun for example_xcom_args_with_operators to None, run_after=None
[2024-01-15T00:30:08.376+0200] {processor.py:183} INFO - Processing /Library/Frameworks/Python.framework/Versions/3.10/lib/python3.10/site-packages/airflow/example_dags/example_xcomargs.py took 0.277 seconds
