[2024-01-14T02:52:40.253+0200] {processor.py:161} INFO - Started process (PID=47464) to work on /Library/Frameworks/Python.framework/Versions/3.10/lib/python3.10/site-packages/airflow/example_dags/example_python_operator.py
[2024-01-14T02:52:40.257+0200] {processor.py:830} INFO - Processing file /Library/Frameworks/Python.framework/Versions/3.10/lib/python3.10/site-packages/airflow/example_dags/example_python_operator.py for tasks to queue
[2024-01-14T02:52:40.258+0200] {logging_mixin.py:188} INFO - [2024-01-14T02:52:40.258+0200] {dagbag.py:538} INFO - Filling up the DagBag from /Library/Frameworks/Python.framework/Versions/3.10/lib/python3.10/site-packages/airflow/example_dags/example_python_operator.py
[2024-01-14T02:52:40.333+0200] {logging_mixin.py:188} INFO - [2024-01-14T02:52:40.333+0200] {example_python_operator.py:88} WARNING - The virtalenv_python example task requires virtualenv, please install it.
[2024-01-14T02:52:40.339+0200] {processor.py:840} INFO - DAG(s) 'example_python_operator' retrieved from /Library/Frameworks/Python.framework/Versions/3.10/lib/python3.10/site-packages/airflow/example_dags/example_python_operator.py
[2024-01-14T02:52:40.441+0200] {logging_mixin.py:188} INFO - [2024-01-14T02:52:40.441+0200] {dag.py:3033} INFO - Sync 1 DAGs
[2024-01-14T02:52:40.450+0200] {logging_mixin.py:188} INFO - [2024-01-14T02:52:40.449+0200] {dag.py:3820} INFO - Setting next_dagrun for example_python_operator to None, run_after=None
[2024-01-14T02:52:40.470+0200] {processor.py:183} INFO - Processing /Library/Frameworks/Python.framework/Versions/3.10/lib/python3.10/site-packages/airflow/example_dags/example_python_operator.py took 0.220 seconds
[2024-01-14T12:53:00.801+0200] {processor.py:161} INFO - Started process (PID=48869) to work on /Library/Frameworks/Python.framework/Versions/3.10/lib/python3.10/site-packages/airflow/example_dags/example_python_operator.py
[2024-01-14T12:53:00.813+0200] {processor.py:830} INFO - Processing file /Library/Frameworks/Python.framework/Versions/3.10/lib/python3.10/site-packages/airflow/example_dags/example_python_operator.py for tasks to queue
[2024-01-14T12:53:00.814+0200] {logging_mixin.py:188} INFO - [2024-01-14T12:53:00.814+0200] {dagbag.py:538} INFO - Filling up the DagBag from /Library/Frameworks/Python.framework/Versions/3.10/lib/python3.10/site-packages/airflow/example_dags/example_python_operator.py
[2024-01-14T12:53:00.944+0200] {logging_mixin.py:188} INFO - [2024-01-14T12:53:00.944+0200] {example_python_operator.py:88} WARNING - The virtalenv_python example task requires virtualenv, please install it.
[2024-01-14T12:53:00.956+0200] {processor.py:840} INFO - DAG(s) 'example_python_operator' retrieved from /Library/Frameworks/Python.framework/Versions/3.10/lib/python3.10/site-packages/airflow/example_dags/example_python_operator.py
[2024-01-14T12:53:01.209+0200] {logging_mixin.py:188} INFO - [2024-01-14T12:53:01.209+0200] {dag.py:3033} INFO - Sync 1 DAGs
[2024-01-14T12:53:01.237+0200] {logging_mixin.py:188} INFO - [2024-01-14T12:53:01.236+0200] {dag.py:3820} INFO - Setting next_dagrun for example_python_operator to None, run_after=None
[2024-01-14T12:53:01.290+0200] {processor.py:183} INFO - Processing /Library/Frameworks/Python.framework/Versions/3.10/lib/python3.10/site-packages/airflow/example_dags/example_python_operator.py took 0.493 seconds
[2024-01-14T22:04:04.514+0200] {processor.py:161} INFO - Started process (PID=49353) to work on /Library/Frameworks/Python.framework/Versions/3.10/lib/python3.10/site-packages/airflow/example_dags/example_python_operator.py
[2024-01-14T22:04:04.528+0200] {processor.py:830} INFO - Processing file /Library/Frameworks/Python.framework/Versions/3.10/lib/python3.10/site-packages/airflow/example_dags/example_python_operator.py for tasks to queue
[2024-01-14T22:04:04.529+0200] {logging_mixin.py:188} INFO - [2024-01-14T22:04:04.529+0200] {dagbag.py:538} INFO - Filling up the DagBag from /Library/Frameworks/Python.framework/Versions/3.10/lib/python3.10/site-packages/airflow/example_dags/example_python_operator.py
[2024-01-14T22:04:04.699+0200] {logging_mixin.py:188} INFO - [2024-01-14T22:04:04.698+0200] {example_python_operator.py:88} WARNING - The virtalenv_python example task requires virtualenv, please install it.
[2024-01-14T22:04:04.714+0200] {processor.py:840} INFO - DAG(s) 'example_python_operator' retrieved from /Library/Frameworks/Python.framework/Versions/3.10/lib/python3.10/site-packages/airflow/example_dags/example_python_operator.py
[2024-01-14T22:04:05.035+0200] {logging_mixin.py:188} INFO - [2024-01-14T22:04:05.034+0200] {dag.py:3033} INFO - Sync 1 DAGs
[2024-01-14T22:04:05.084+0200] {logging_mixin.py:188} INFO - [2024-01-14T22:04:05.083+0200] {dag.py:3820} INFO - Setting next_dagrun for example_python_operator to None, run_after=None
[2024-01-14T22:04:05.136+0200] {processor.py:183} INFO - Processing /Library/Frameworks/Python.framework/Versions/3.10/lib/python3.10/site-packages/airflow/example_dags/example_python_operator.py took 0.626 seconds
[2024-01-15T00:20:52.721+0200] {processor.py:161} INFO - Started process (PID=50169) to work on /Library/Frameworks/Python.framework/Versions/3.10/lib/python3.10/site-packages/airflow/example_dags/example_python_operator.py
[2024-01-15T00:20:52.725+0200] {processor.py:830} INFO - Processing file /Library/Frameworks/Python.framework/Versions/3.10/lib/python3.10/site-packages/airflow/example_dags/example_python_operator.py for tasks to queue
[2024-01-15T00:20:52.726+0200] {logging_mixin.py:188} INFO - [2024-01-15T00:20:52.726+0200] {dagbag.py:538} INFO - Filling up the DagBag from /Library/Frameworks/Python.framework/Versions/3.10/lib/python3.10/site-packages/airflow/example_dags/example_python_operator.py
[2024-01-15T00:20:52.804+0200] {logging_mixin.py:188} INFO - [2024-01-15T00:20:52.804+0200] {example_python_operator.py:88} WARNING - The virtalenv_python example task requires virtualenv, please install it.
[2024-01-15T00:20:52.811+0200] {processor.py:840} INFO - DAG(s) 'example_python_operator' retrieved from /Library/Frameworks/Python.framework/Versions/3.10/lib/python3.10/site-packages/airflow/example_dags/example_python_operator.py
[2024-01-15T00:20:52.909+0200] {logging_mixin.py:188} INFO - [2024-01-15T00:20:52.908+0200] {dag.py:3033} INFO - Sync 1 DAGs
[2024-01-15T00:20:52.916+0200] {logging_mixin.py:188} INFO - [2024-01-15T00:20:52.916+0200] {dag.py:3820} INFO - Setting next_dagrun for example_python_operator to None, run_after=None
[2024-01-15T00:20:52.939+0200] {processor.py:183} INFO - Processing /Library/Frameworks/Python.framework/Versions/3.10/lib/python3.10/site-packages/airflow/example_dags/example_python_operator.py took 0.220 seconds
[2024-01-15T00:23:31.978+0200] {processor.py:161} INFO - Started process (PID=50298) to work on /Library/Frameworks/Python.framework/Versions/3.10/lib/python3.10/site-packages/airflow/example_dags/example_python_operator.py
[2024-01-15T00:23:31.983+0200] {processor.py:830} INFO - Processing file /Library/Frameworks/Python.framework/Versions/3.10/lib/python3.10/site-packages/airflow/example_dags/example_python_operator.py for tasks to queue
[2024-01-15T00:23:31.983+0200] {logging_mixin.py:188} INFO - [2024-01-15T00:23:31.983+0200] {dagbag.py:538} INFO - Filling up the DagBag from /Library/Frameworks/Python.framework/Versions/3.10/lib/python3.10/site-packages/airflow/example_dags/example_python_operator.py
[2024-01-15T00:23:32.052+0200] {logging_mixin.py:188} INFO - [2024-01-15T00:23:32.051+0200] {example_python_operator.py:88} WARNING - The virtalenv_python example task requires virtualenv, please install it.
[2024-01-15T00:23:32.058+0200] {processor.py:840} INFO - DAG(s) 'example_python_operator' retrieved from /Library/Frameworks/Python.framework/Versions/3.10/lib/python3.10/site-packages/airflow/example_dags/example_python_operator.py
[2024-01-15T00:23:32.153+0200] {logging_mixin.py:188} INFO - [2024-01-15T00:23:32.153+0200] {dag.py:3033} INFO - Sync 1 DAGs
[2024-01-15T00:23:32.160+0200] {logging_mixin.py:188} INFO - [2024-01-15T00:23:32.160+0200] {dag.py:3820} INFO - Setting next_dagrun for example_python_operator to None, run_after=None
[2024-01-15T00:23:32.178+0200] {processor.py:183} INFO - Processing /Library/Frameworks/Python.framework/Versions/3.10/lib/python3.10/site-packages/airflow/example_dags/example_python_operator.py took 0.201 seconds
[2024-01-15T00:26:02.675+0200] {processor.py:161} INFO - Started process (PID=50388) to work on /Library/Frameworks/Python.framework/Versions/3.10/lib/python3.10/site-packages/airflow/example_dags/example_python_operator.py
[2024-01-15T00:26:02.679+0200] {processor.py:830} INFO - Processing file /Library/Frameworks/Python.framework/Versions/3.10/lib/python3.10/site-packages/airflow/example_dags/example_python_operator.py for tasks to queue
[2024-01-15T00:26:02.680+0200] {logging_mixin.py:188} INFO - [2024-01-15T00:26:02.680+0200] {dagbag.py:538} INFO - Filling up the DagBag from /Library/Frameworks/Python.framework/Versions/3.10/lib/python3.10/site-packages/airflow/example_dags/example_python_operator.py
[2024-01-15T00:26:02.760+0200] {logging_mixin.py:188} INFO - [2024-01-15T00:26:02.760+0200] {example_python_operator.py:88} WARNING - The virtalenv_python example task requires virtualenv, please install it.
[2024-01-15T00:26:02.767+0200] {processor.py:840} INFO - DAG(s) 'example_python_operator' retrieved from /Library/Frameworks/Python.framework/Versions/3.10/lib/python3.10/site-packages/airflow/example_dags/example_python_operator.py
[2024-01-15T00:26:02.873+0200] {logging_mixin.py:188} INFO - [2024-01-15T00:26:02.873+0200] {dag.py:3033} INFO - Sync 1 DAGs
[2024-01-15T00:26:02.881+0200] {logging_mixin.py:188} INFO - [2024-01-15T00:26:02.881+0200] {dag.py:3820} INFO - Setting next_dagrun for example_python_operator to None, run_after=None
[2024-01-15T00:26:02.899+0200] {processor.py:183} INFO - Processing /Library/Frameworks/Python.framework/Versions/3.10/lib/python3.10/site-packages/airflow/example_dags/example_python_operator.py took 0.227 seconds
[2024-01-15T00:28:31.866+0200] {processor.py:161} INFO - Started process (PID=50568) to work on /Library/Frameworks/Python.framework/Versions/3.10/lib/python3.10/site-packages/airflow/example_dags/example_python_operator.py
[2024-01-15T00:28:31.874+0200] {processor.py:830} INFO - Processing file /Library/Frameworks/Python.framework/Versions/3.10/lib/python3.10/site-packages/airflow/example_dags/example_python_operator.py for tasks to queue
[2024-01-15T00:28:31.876+0200] {logging_mixin.py:188} INFO - [2024-01-15T00:28:31.875+0200] {dagbag.py:538} INFO - Filling up the DagBag from /Library/Frameworks/Python.framework/Versions/3.10/lib/python3.10/site-packages/airflow/example_dags/example_python_operator.py
[2024-01-15T00:28:31.960+0200] {logging_mixin.py:188} INFO - [2024-01-15T00:28:31.960+0200] {example_python_operator.py:88} WARNING - The virtalenv_python example task requires virtualenv, please install it.
[2024-01-15T00:28:31.967+0200] {processor.py:840} INFO - DAG(s) 'example_python_operator' retrieved from /Library/Frameworks/Python.framework/Versions/3.10/lib/python3.10/site-packages/airflow/example_dags/example_python_operator.py
[2024-01-15T00:28:32.092+0200] {logging_mixin.py:188} INFO - [2024-01-15T00:28:32.091+0200] {dag.py:3033} INFO - Sync 1 DAGs
[2024-01-15T00:28:32.101+0200] {logging_mixin.py:188} INFO - [2024-01-15T00:28:32.101+0200] {dag.py:3820} INFO - Setting next_dagrun for example_python_operator to None, run_after=None
[2024-01-15T00:28:32.124+0200] {processor.py:183} INFO - Processing /Library/Frameworks/Python.framework/Versions/3.10/lib/python3.10/site-packages/airflow/example_dags/example_python_operator.py took 0.260 seconds
[2024-01-15T00:30:58.881+0200] {processor.py:161} INFO - Started process (PID=50684) to work on /Library/Frameworks/Python.framework/Versions/3.10/lib/python3.10/site-packages/airflow/example_dags/example_python_operator.py
[2024-01-15T00:30:58.885+0200] {processor.py:830} INFO - Processing file /Library/Frameworks/Python.framework/Versions/3.10/lib/python3.10/site-packages/airflow/example_dags/example_python_operator.py for tasks to queue
[2024-01-15T00:30:58.886+0200] {logging_mixin.py:188} INFO - [2024-01-15T00:30:58.885+0200] {dagbag.py:538} INFO - Filling up the DagBag from /Library/Frameworks/Python.framework/Versions/3.10/lib/python3.10/site-packages/airflow/example_dags/example_python_operator.py
[2024-01-15T00:30:58.958+0200] {logging_mixin.py:188} INFO - [2024-01-15T00:30:58.958+0200] {example_python_operator.py:88} WARNING - The virtalenv_python example task requires virtualenv, please install it.
[2024-01-15T00:30:58.964+0200] {processor.py:840} INFO - DAG(s) 'example_python_operator' retrieved from /Library/Frameworks/Python.framework/Versions/3.10/lib/python3.10/site-packages/airflow/example_dags/example_python_operator.py
[2024-01-15T00:30:59.063+0200] {logging_mixin.py:188} INFO - [2024-01-15T00:30:59.062+0200] {dag.py:3033} INFO - Sync 1 DAGs
[2024-01-15T00:30:59.070+0200] {logging_mixin.py:188} INFO - [2024-01-15T00:30:59.070+0200] {dag.py:3820} INFO - Setting next_dagrun for example_python_operator to None, run_after=None
[2024-01-15T00:30:59.087+0200] {processor.py:183} INFO - Processing /Library/Frameworks/Python.framework/Versions/3.10/lib/python3.10/site-packages/airflow/example_dags/example_python_operator.py took 0.208 seconds
