[2024-01-14T06:49:34.933+0200] {processor.py:161} INFO - Started process (PID=47911) to work on /Library/Frameworks/Python.framework/Versions/3.10/lib/python3.10/site-packages/airflow/example_dags/example_params_trigger_ui.py
[2024-01-14T06:49:34.941+0200] {processor.py:830} INFO - Processing file /Library/Frameworks/Python.framework/Versions/3.10/lib/python3.10/site-packages/airflow/example_dags/example_params_trigger_ui.py for tasks to queue
[2024-01-14T06:49:34.942+0200] {logging_mixin.py:188} INFO - [2024-01-14T06:49:34.942+0200] {dagbag.py:538} INFO - Filling up the DagBag from /Library/Frameworks/Python.framework/Versions/3.10/lib/python3.10/site-packages/airflow/example_dags/example_params_trigger_ui.py
[2024-01-14T06:49:35.179+0200] {processor.py:840} INFO - DAG(s) 'example_params_trigger_ui' retrieved from /Library/Frameworks/Python.framework/Versions/3.10/lib/python3.10/site-packages/airflow/example_dags/example_params_trigger_ui.py
[2024-01-14T06:49:37.160+0200] {logging_mixin.py:188} INFO - [2024-01-14T06:49:37.159+0200] {dag.py:3033} INFO - Sync 1 DAGs
[2024-01-14T06:49:37.321+0200] {logging_mixin.py:188} INFO - [2024-01-14T06:49:37.320+0200] {dag.py:3820} INFO - Setting next_dagrun for example_params_trigger_ui to None, run_after=None
[2024-01-14T06:49:37.457+0200] {processor.py:183} INFO - Processing /Library/Frameworks/Python.framework/Versions/3.10/lib/python3.10/site-packages/airflow/example_dags/example_params_trigger_ui.py took 2.522 seconds
[2024-01-14T12:54:45.488+0200] {processor.py:161} INFO - Started process (PID=48930) to work on /Library/Frameworks/Python.framework/Versions/3.10/lib/python3.10/site-packages/airflow/example_dags/example_params_trigger_ui.py
[2024-01-14T12:54:45.499+0200] {processor.py:830} INFO - Processing file /Library/Frameworks/Python.framework/Versions/3.10/lib/python3.10/site-packages/airflow/example_dags/example_params_trigger_ui.py for tasks to queue
[2024-01-14T12:54:45.500+0200] {logging_mixin.py:188} INFO - [2024-01-14T12:54:45.500+0200] {dagbag.py:538} INFO - Filling up the DagBag from /Library/Frameworks/Python.framework/Versions/3.10/lib/python3.10/site-packages/airflow/example_dags/example_params_trigger_ui.py
[2024-01-14T12:54:45.681+0200] {processor.py:840} INFO - DAG(s) 'example_params_trigger_ui' retrieved from /Library/Frameworks/Python.framework/Versions/3.10/lib/python3.10/site-packages/airflow/example_dags/example_params_trigger_ui.py
[2024-01-14T12:54:46.000+0200] {logging_mixin.py:188} INFO - [2024-01-14T12:54:46.000+0200] {dag.py:3033} INFO - Sync 1 DAGs
[2024-01-14T12:54:46.020+0200] {logging_mixin.py:188} INFO - [2024-01-14T12:54:46.020+0200] {dag.py:3820} INFO - Setting next_dagrun for example_params_trigger_ui to None, run_after=None
[2024-01-14T12:54:46.064+0200] {processor.py:183} INFO - Processing /Library/Frameworks/Python.framework/Versions/3.10/lib/python3.10/site-packages/airflow/example_dags/example_params_trigger_ui.py took 0.579 seconds
[2024-01-14T23:05:05.256+0200] {processor.py:161} INFO - Started process (PID=49406) to work on /Library/Frameworks/Python.framework/Versions/3.10/lib/python3.10/site-packages/airflow/example_dags/example_params_trigger_ui.py
[2024-01-14T23:05:05.267+0200] {processor.py:830} INFO - Processing file /Library/Frameworks/Python.framework/Versions/3.10/lib/python3.10/site-packages/airflow/example_dags/example_params_trigger_ui.py for tasks to queue
[2024-01-14T23:05:05.269+0200] {logging_mixin.py:188} INFO - [2024-01-14T23:05:05.268+0200] {dagbag.py:538} INFO - Filling up the DagBag from /Library/Frameworks/Python.framework/Versions/3.10/lib/python3.10/site-packages/airflow/example_dags/example_params_trigger_ui.py
[2024-01-14T23:05:05.442+0200] {processor.py:840} INFO - DAG(s) 'example_params_trigger_ui' retrieved from /Library/Frameworks/Python.framework/Versions/3.10/lib/python3.10/site-packages/airflow/example_dags/example_params_trigger_ui.py
[2024-01-14T23:05:05.745+0200] {logging_mixin.py:188} INFO - [2024-01-14T23:05:05.744+0200] {dag.py:3033} INFO - Sync 1 DAGs
[2024-01-14T23:05:05.788+0200] {logging_mixin.py:188} INFO - [2024-01-14T23:05:05.788+0200] {dag.py:3820} INFO - Setting next_dagrun for example_params_trigger_ui to None, run_after=None
[2024-01-14T23:05:05.853+0200] {processor.py:183} INFO - Processing /Library/Frameworks/Python.framework/Versions/3.10/lib/python3.10/site-packages/airflow/example_dags/example_params_trigger_ui.py took 0.601 seconds
[2024-01-15T00:21:05.181+0200] {processor.py:161} INFO - Started process (PID=50183) to work on /Library/Frameworks/Python.framework/Versions/3.10/lib/python3.10/site-packages/airflow/example_dags/example_params_trigger_ui.py
[2024-01-15T00:21:05.186+0200] {processor.py:830} INFO - Processing file /Library/Frameworks/Python.framework/Versions/3.10/lib/python3.10/site-packages/airflow/example_dags/example_params_trigger_ui.py for tasks to queue
[2024-01-15T00:21:05.186+0200] {logging_mixin.py:188} INFO - [2024-01-15T00:21:05.186+0200] {dagbag.py:538} INFO - Filling up the DagBag from /Library/Frameworks/Python.framework/Versions/3.10/lib/python3.10/site-packages/airflow/example_dags/example_params_trigger_ui.py
[2024-01-15T00:21:05.285+0200] {processor.py:840} INFO - DAG(s) 'example_params_trigger_ui' retrieved from /Library/Frameworks/Python.framework/Versions/3.10/lib/python3.10/site-packages/airflow/example_dags/example_params_trigger_ui.py
[2024-01-15T00:21:05.404+0200] {logging_mixin.py:188} INFO - [2024-01-15T00:21:05.404+0200] {dag.py:3033} INFO - Sync 1 DAGs
[2024-01-15T00:21:05.411+0200] {logging_mixin.py:188} INFO - [2024-01-15T00:21:05.411+0200] {dag.py:3820} INFO - Setting next_dagrun for example_params_trigger_ui to None, run_after=None
[2024-01-15T00:21:05.433+0200] {processor.py:183} INFO - Processing /Library/Frameworks/Python.framework/Versions/3.10/lib/python3.10/site-packages/airflow/example_dags/example_params_trigger_ui.py took 0.253 seconds
[2024-01-15T00:23:44.448+0200] {processor.py:161} INFO - Started process (PID=50306) to work on /Library/Frameworks/Python.framework/Versions/3.10/lib/python3.10/site-packages/airflow/example_dags/example_params_trigger_ui.py
[2024-01-15T00:23:44.453+0200] {processor.py:830} INFO - Processing file /Library/Frameworks/Python.framework/Versions/3.10/lib/python3.10/site-packages/airflow/example_dags/example_params_trigger_ui.py for tasks to queue
[2024-01-15T00:23:44.453+0200] {logging_mixin.py:188} INFO - [2024-01-15T00:23:44.453+0200] {dagbag.py:538} INFO - Filling up the DagBag from /Library/Frameworks/Python.framework/Versions/3.10/lib/python3.10/site-packages/airflow/example_dags/example_params_trigger_ui.py
[2024-01-15T00:23:44.553+0200] {processor.py:840} INFO - DAG(s) 'example_params_trigger_ui' retrieved from /Library/Frameworks/Python.framework/Versions/3.10/lib/python3.10/site-packages/airflow/example_dags/example_params_trigger_ui.py
[2024-01-15T00:23:44.681+0200] {logging_mixin.py:188} INFO - [2024-01-15T00:23:44.681+0200] {dag.py:3033} INFO - Sync 1 DAGs
[2024-01-15T00:23:44.689+0200] {logging_mixin.py:188} INFO - [2024-01-15T00:23:44.689+0200] {dag.py:3820} INFO - Setting next_dagrun for example_params_trigger_ui to None, run_after=None
[2024-01-15T00:23:44.711+0200] {processor.py:183} INFO - Processing /Library/Frameworks/Python.framework/Versions/3.10/lib/python3.10/site-packages/airflow/example_dags/example_params_trigger_ui.py took 0.265 seconds
[2024-01-15T00:26:15.743+0200] {processor.py:161} INFO - Started process (PID=50393) to work on /Library/Frameworks/Python.framework/Versions/3.10/lib/python3.10/site-packages/airflow/example_dags/example_params_trigger_ui.py
[2024-01-15T00:26:15.748+0200] {processor.py:830} INFO - Processing file /Library/Frameworks/Python.framework/Versions/3.10/lib/python3.10/site-packages/airflow/example_dags/example_params_trigger_ui.py for tasks to queue
[2024-01-15T00:26:15.748+0200] {logging_mixin.py:188} INFO - [2024-01-15T00:26:15.748+0200] {dagbag.py:538} INFO - Filling up the DagBag from /Library/Frameworks/Python.framework/Versions/3.10/lib/python3.10/site-packages/airflow/example_dags/example_params_trigger_ui.py
[2024-01-15T00:26:15.852+0200] {processor.py:840} INFO - DAG(s) 'example_params_trigger_ui' retrieved from /Library/Frameworks/Python.framework/Versions/3.10/lib/python3.10/site-packages/airflow/example_dags/example_params_trigger_ui.py
[2024-01-15T00:26:15.975+0200] {logging_mixin.py:188} INFO - [2024-01-15T00:26:15.975+0200] {dag.py:3033} INFO - Sync 1 DAGs
[2024-01-15T00:26:15.983+0200] {logging_mixin.py:188} INFO - [2024-01-15T00:26:15.983+0200] {dag.py:3820} INFO - Setting next_dagrun for example_params_trigger_ui to None, run_after=None
[2024-01-15T00:26:16.001+0200] {processor.py:183} INFO - Processing /Library/Frameworks/Python.framework/Versions/3.10/lib/python3.10/site-packages/airflow/example_dags/example_params_trigger_ui.py took 0.260 seconds
[2024-01-15T00:31:10.980+0200] {processor.py:161} INFO - Started process (PID=50692) to work on /Library/Frameworks/Python.framework/Versions/3.10/lib/python3.10/site-packages/airflow/example_dags/example_params_trigger_ui.py
[2024-01-15T00:31:10.984+0200] {processor.py:830} INFO - Processing file /Library/Frameworks/Python.framework/Versions/3.10/lib/python3.10/site-packages/airflow/example_dags/example_params_trigger_ui.py for tasks to queue
[2024-01-15T00:31:10.985+0200] {logging_mixin.py:188} INFO - [2024-01-15T00:31:10.985+0200] {dagbag.py:538} INFO - Filling up the DagBag from /Library/Frameworks/Python.framework/Versions/3.10/lib/python3.10/site-packages/airflow/example_dags/example_params_trigger_ui.py
[2024-01-15T00:31:11.080+0200] {processor.py:840} INFO - DAG(s) 'example_params_trigger_ui' retrieved from /Library/Frameworks/Python.framework/Versions/3.10/lib/python3.10/site-packages/airflow/example_dags/example_params_trigger_ui.py
[2024-01-15T00:31:11.191+0200] {logging_mixin.py:188} INFO - [2024-01-15T00:31:11.191+0200] {dag.py:3033} INFO - Sync 1 DAGs
[2024-01-15T00:31:11.199+0200] {logging_mixin.py:188} INFO - [2024-01-15T00:31:11.199+0200] {dag.py:3820} INFO - Setting next_dagrun for example_params_trigger_ui to None, run_after=None
[2024-01-15T00:31:11.222+0200] {processor.py:183} INFO - Processing /Library/Frameworks/Python.framework/Versions/3.10/lib/python3.10/site-packages/airflow/example_dags/example_params_trigger_ui.py took 0.244 seconds
