[2024-01-14T06:49:27.921+0200] {processor.py:161} INFO - Started process (PID=47769) to work on /Library/Frameworks/Python.framework/Versions/3.10/lib/python3.10/site-packages/airflow/example_dags/example_params_ui_tutorial.py
[2024-01-14T06:49:27.932+0200] {processor.py:830} INFO - Processing file /Library/Frameworks/Python.framework/Versions/3.10/lib/python3.10/site-packages/airflow/example_dags/example_params_ui_tutorial.py for tasks to queue
[2024-01-14T06:49:27.933+0200] {logging_mixin.py:188} INFO - [2024-01-14T06:49:27.933+0200] {dagbag.py:538} INFO - Filling up the DagBag from /Library/Frameworks/Python.framework/Versions/3.10/lib/python3.10/site-packages/airflow/example_dags/example_params_ui_tutorial.py
[2024-01-14T06:49:28.224+0200] {processor.py:840} INFO - DAG(s) 'example_params_ui_tutorial' retrieved from /Library/Frameworks/Python.framework/Versions/3.10/lib/python3.10/site-packages/airflow/example_dags/example_params_ui_tutorial.py
[2024-01-14T06:49:28.611+0200] {logging_mixin.py:188} INFO - [2024-01-14T06:49:28.610+0200] {dag.py:3033} INFO - Sync 1 DAGs
[2024-01-14T06:49:28.627+0200] {logging_mixin.py:188} INFO - [2024-01-14T06:49:28.627+0200] {dag.py:3820} INFO - Setting next_dagrun for example_params_ui_tutorial to None, run_after=None
[2024-01-14T06:49:28.664+0200] {processor.py:183} INFO - Processing /Library/Frameworks/Python.framework/Versions/3.10/lib/python3.10/site-packages/airflow/example_dags/example_params_ui_tutorial.py took 0.745 seconds
[2024-01-14T12:54:40.928+0200] {processor.py:161} INFO - Started process (PID=48886) to work on /Library/Frameworks/Python.framework/Versions/3.10/lib/python3.10/site-packages/airflow/example_dags/example_params_ui_tutorial.py
[2024-01-14T12:54:40.952+0200] {processor.py:830} INFO - Processing file /Library/Frameworks/Python.framework/Versions/3.10/lib/python3.10/site-packages/airflow/example_dags/example_params_ui_tutorial.py for tasks to queue
[2024-01-14T12:54:40.953+0200] {logging_mixin.py:188} INFO - [2024-01-14T12:54:40.953+0200] {dagbag.py:538} INFO - Filling up the DagBag from /Library/Frameworks/Python.framework/Versions/3.10/lib/python3.10/site-packages/airflow/example_dags/example_params_ui_tutorial.py
[2024-01-14T12:54:41.058+0200] {processor.py:840} INFO - DAG(s) 'example_params_ui_tutorial' retrieved from /Library/Frameworks/Python.framework/Versions/3.10/lib/python3.10/site-packages/airflow/example_dags/example_params_ui_tutorial.py
[2024-01-14T12:54:41.203+0200] {logging_mixin.py:188} INFO - [2024-01-14T12:54:41.203+0200] {dag.py:3033} INFO - Sync 1 DAGs
[2024-01-14T12:54:41.210+0200] {logging_mixin.py:188} INFO - [2024-01-14T12:54:41.210+0200] {dag.py:3820} INFO - Setting next_dagrun for example_params_ui_tutorial to None, run_after=None
[2024-01-14T12:54:41.234+0200] {processor.py:183} INFO - Processing /Library/Frameworks/Python.framework/Versions/3.10/lib/python3.10/site-packages/airflow/example_dags/example_params_ui_tutorial.py took 0.307 seconds
[2024-01-14T23:04:59.115+0200] {processor.py:161} INFO - Started process (PID=49404) to work on /Library/Frameworks/Python.framework/Versions/3.10/lib/python3.10/site-packages/airflow/example_dags/example_params_ui_tutorial.py
[2024-01-14T23:04:59.119+0200] {processor.py:830} INFO - Processing file /Library/Frameworks/Python.framework/Versions/3.10/lib/python3.10/site-packages/airflow/example_dags/example_params_ui_tutorial.py for tasks to queue
[2024-01-14T23:04:59.120+0200] {logging_mixin.py:188} INFO - [2024-01-14T23:04:59.120+0200] {dagbag.py:538} INFO - Filling up the DagBag from /Library/Frameworks/Python.framework/Versions/3.10/lib/python3.10/site-packages/airflow/example_dags/example_params_ui_tutorial.py
[2024-01-14T23:04:59.212+0200] {processor.py:840} INFO - DAG(s) 'example_params_ui_tutorial' retrieved from /Library/Frameworks/Python.framework/Versions/3.10/lib/python3.10/site-packages/airflow/example_dags/example_params_ui_tutorial.py
[2024-01-14T23:04:59.328+0200] {logging_mixin.py:188} INFO - [2024-01-14T23:04:59.328+0200] {dag.py:3033} INFO - Sync 1 DAGs
[2024-01-14T23:04:59.336+0200] {logging_mixin.py:188} INFO - [2024-01-14T23:04:59.335+0200] {dag.py:3820} INFO - Setting next_dagrun for example_params_ui_tutorial to None, run_after=None
[2024-01-14T23:04:59.352+0200] {processor.py:183} INFO - Processing /Library/Frameworks/Python.framework/Versions/3.10/lib/python3.10/site-packages/airflow/example_dags/example_params_ui_tutorial.py took 0.239 seconds
[2024-01-15T00:21:01.314+0200] {processor.py:161} INFO - Started process (PID=50176) to work on /Library/Frameworks/Python.framework/Versions/3.10/lib/python3.10/site-packages/airflow/example_dags/example_params_ui_tutorial.py
[2024-01-15T00:21:01.319+0200] {processor.py:830} INFO - Processing file /Library/Frameworks/Python.framework/Versions/3.10/lib/python3.10/site-packages/airflow/example_dags/example_params_ui_tutorial.py for tasks to queue
[2024-01-15T00:21:01.320+0200] {logging_mixin.py:188} INFO - [2024-01-15T00:21:01.319+0200] {dagbag.py:538} INFO - Filling up the DagBag from /Library/Frameworks/Python.framework/Versions/3.10/lib/python3.10/site-packages/airflow/example_dags/example_params_ui_tutorial.py
[2024-01-15T00:21:01.423+0200] {processor.py:840} INFO - DAG(s) 'example_params_ui_tutorial' retrieved from /Library/Frameworks/Python.framework/Versions/3.10/lib/python3.10/site-packages/airflow/example_dags/example_params_ui_tutorial.py
[2024-01-15T00:21:01.838+0200] {logging_mixin.py:188} INFO - [2024-01-15T00:21:01.838+0200] {dag.py:3033} INFO - Sync 1 DAGs
[2024-01-15T00:21:01.858+0200] {logging_mixin.py:188} INFO - [2024-01-15T00:21:01.858+0200] {dag.py:3820} INFO - Setting next_dagrun for example_params_ui_tutorial to None, run_after=None
[2024-01-15T00:21:01.897+0200] {processor.py:183} INFO - Processing /Library/Frameworks/Python.framework/Versions/3.10/lib/python3.10/site-packages/airflow/example_dags/example_params_ui_tutorial.py took 0.585 seconds
[2024-01-15T00:23:40.916+0200] {processor.py:161} INFO - Started process (PID=50303) to work on /Library/Frameworks/Python.framework/Versions/3.10/lib/python3.10/site-packages/airflow/example_dags/example_params_ui_tutorial.py
[2024-01-15T00:23:40.920+0200] {processor.py:830} INFO - Processing file /Library/Frameworks/Python.framework/Versions/3.10/lib/python3.10/site-packages/airflow/example_dags/example_params_ui_tutorial.py for tasks to queue
[2024-01-15T00:23:40.921+0200] {logging_mixin.py:188} INFO - [2024-01-15T00:23:40.921+0200] {dagbag.py:538} INFO - Filling up the DagBag from /Library/Frameworks/Python.framework/Versions/3.10/lib/python3.10/site-packages/airflow/example_dags/example_params_ui_tutorial.py
[2024-01-15T00:23:41.029+0200] {processor.py:840} INFO - DAG(s) 'example_params_ui_tutorial' retrieved from /Library/Frameworks/Python.framework/Versions/3.10/lib/python3.10/site-packages/airflow/example_dags/example_params_ui_tutorial.py
[2024-01-15T00:23:41.159+0200] {logging_mixin.py:188} INFO - [2024-01-15T00:23:41.158+0200] {dag.py:3033} INFO - Sync 1 DAGs
[2024-01-15T00:23:41.166+0200] {logging_mixin.py:188} INFO - [2024-01-15T00:23:41.166+0200] {dag.py:3820} INFO - Setting next_dagrun for example_params_ui_tutorial to None, run_after=None
[2024-01-15T00:23:41.221+0200] {processor.py:183} INFO - Processing /Library/Frameworks/Python.framework/Versions/3.10/lib/python3.10/site-packages/airflow/example_dags/example_params_ui_tutorial.py took 0.307 seconds
[2024-01-15T00:26:12.639+0200] {processor.py:161} INFO - Started process (PID=50392) to work on /Library/Frameworks/Python.framework/Versions/3.10/lib/python3.10/site-packages/airflow/example_dags/example_params_ui_tutorial.py
[2024-01-15T00:26:12.643+0200] {processor.py:830} INFO - Processing file /Library/Frameworks/Python.framework/Versions/3.10/lib/python3.10/site-packages/airflow/example_dags/example_params_ui_tutorial.py for tasks to queue
[2024-01-15T00:26:12.644+0200] {logging_mixin.py:188} INFO - [2024-01-15T00:26:12.644+0200] {dagbag.py:538} INFO - Filling up the DagBag from /Library/Frameworks/Python.framework/Versions/3.10/lib/python3.10/site-packages/airflow/example_dags/example_params_ui_tutorial.py
[2024-01-15T00:26:12.735+0200] {processor.py:840} INFO - DAG(s) 'example_params_ui_tutorial' retrieved from /Library/Frameworks/Python.framework/Versions/3.10/lib/python3.10/site-packages/airflow/example_dags/example_params_ui_tutorial.py
[2024-01-15T00:26:12.859+0200] {logging_mixin.py:188} INFO - [2024-01-15T00:26:12.859+0200] {dag.py:3033} INFO - Sync 1 DAGs
[2024-01-15T00:26:12.867+0200] {logging_mixin.py:188} INFO - [2024-01-15T00:26:12.867+0200] {dag.py:3820} INFO - Setting next_dagrun for example_params_ui_tutorial to None, run_after=None
[2024-01-15T00:26:12.885+0200] {processor.py:183} INFO - Processing /Library/Frameworks/Python.framework/Versions/3.10/lib/python3.10/site-packages/airflow/example_dags/example_params_ui_tutorial.py took 0.248 seconds
[2024-01-15T00:28:43.256+0200] {processor.py:161} INFO - Started process (PID=50587) to work on /Library/Frameworks/Python.framework/Versions/3.10/lib/python3.10/site-packages/airflow/example_dags/example_params_ui_tutorial.py
[2024-01-15T00:28:43.261+0200] {processor.py:830} INFO - Processing file /Library/Frameworks/Python.framework/Versions/3.10/lib/python3.10/site-packages/airflow/example_dags/example_params_ui_tutorial.py for tasks to queue
[2024-01-15T00:28:43.262+0200] {logging_mixin.py:188} INFO - [2024-01-15T00:28:43.262+0200] {dagbag.py:538} INFO - Filling up the DagBag from /Library/Frameworks/Python.framework/Versions/3.10/lib/python3.10/site-packages/airflow/example_dags/example_params_ui_tutorial.py
[2024-01-15T00:28:43.367+0200] {processor.py:840} INFO - DAG(s) 'example_params_ui_tutorial' retrieved from /Library/Frameworks/Python.framework/Versions/3.10/lib/python3.10/site-packages/airflow/example_dags/example_params_ui_tutorial.py
[2024-01-15T00:28:43.520+0200] {logging_mixin.py:188} INFO - [2024-01-15T00:28:43.520+0200] {dag.py:3033} INFO - Sync 1 DAGs
[2024-01-15T00:28:43.530+0200] {logging_mixin.py:188} INFO - [2024-01-15T00:28:43.529+0200] {dag.py:3820} INFO - Setting next_dagrun for example_params_ui_tutorial to None, run_after=None
[2024-01-15T00:28:43.555+0200] {processor.py:183} INFO - Processing /Library/Frameworks/Python.framework/Versions/3.10/lib/python3.10/site-packages/airflow/example_dags/example_params_ui_tutorial.py took 0.301 seconds
[2024-01-15T00:31:08.205+0200] {processor.py:161} INFO - Started process (PID=50691) to work on /Library/Frameworks/Python.framework/Versions/3.10/lib/python3.10/site-packages/airflow/example_dags/example_params_ui_tutorial.py
[2024-01-15T00:31:08.211+0200] {processor.py:830} INFO - Processing file /Library/Frameworks/Python.framework/Versions/3.10/lib/python3.10/site-packages/airflow/example_dags/example_params_ui_tutorial.py for tasks to queue
[2024-01-15T00:31:08.212+0200] {logging_mixin.py:188} INFO - [2024-01-15T00:31:08.212+0200] {dagbag.py:538} INFO - Filling up the DagBag from /Library/Frameworks/Python.framework/Versions/3.10/lib/python3.10/site-packages/airflow/example_dags/example_params_ui_tutorial.py
[2024-01-15T00:31:08.304+0200] {processor.py:840} INFO - DAG(s) 'example_params_ui_tutorial' retrieved from /Library/Frameworks/Python.framework/Versions/3.10/lib/python3.10/site-packages/airflow/example_dags/example_params_ui_tutorial.py
[2024-01-15T00:31:08.421+0200] {logging_mixin.py:188} INFO - [2024-01-15T00:31:08.421+0200] {dag.py:3033} INFO - Sync 1 DAGs
[2024-01-15T00:31:08.429+0200] {logging_mixin.py:188} INFO - [2024-01-15T00:31:08.429+0200] {dag.py:3820} INFO - Setting next_dagrun for example_params_ui_tutorial to None, run_after=None
[2024-01-15T00:31:08.446+0200] {processor.py:183} INFO - Processing /Library/Frameworks/Python.framework/Versions/3.10/lib/python3.10/site-packages/airflow/example_dags/example_params_ui_tutorial.py took 0.243 seconds
