[2024-01-14T11:54:09.728+0200] {processor.py:161} INFO - Started process (PID=48828) to work on /Library/Frameworks/Python.framework/Versions/3.10/lib/python3.10/site-packages/airflow/example_dags/example_skip_dag.py
[2024-01-14T11:54:09.733+0200] {processor.py:830} INFO - Processing file /Library/Frameworks/Python.framework/Versions/3.10/lib/python3.10/site-packages/airflow/example_dags/example_skip_dag.py for tasks to queue
[2024-01-14T11:54:09.733+0200] {logging_mixin.py:188} INFO - [2024-01-14T11:54:09.733+0200] {dagbag.py:538} INFO - Filling up the DagBag from /Library/Frameworks/Python.framework/Versions/3.10/lib/python3.10/site-packages/airflow/example_dags/example_skip_dag.py
[2024-01-14T11:54:09.743+0200] {processor.py:840} INFO - DAG(s) 'example_skip_dag' retrieved from /Library/Frameworks/Python.framework/Versions/3.10/lib/python3.10/site-packages/airflow/example_dags/example_skip_dag.py
[2024-01-14T11:54:09.898+0200] {logging_mixin.py:188} INFO - [2024-01-14T11:54:09.897+0200] {dag.py:3033} INFO - Sync 1 DAGs
[2024-01-14T11:54:09.912+0200] {logging_mixin.py:188} INFO - [2024-01-14T11:54:09.912+0200] {dag.py:3820} INFO - Setting next_dagrun for example_skip_dag to 2024-01-13T00:00:00+00:00, run_after=2024-01-14T00:00:00+00:00
[2024-01-14T11:54:09.928+0200] {processor.py:183} INFO - Processing /Library/Frameworks/Python.framework/Versions/3.10/lib/python3.10/site-packages/airflow/example_dags/example_skip_dag.py took 0.202 seconds
[2024-01-14T21:02:59.938+0200] {processor.py:161} INFO - Started process (PID=49316) to work on /Library/Frameworks/Python.framework/Versions/3.10/lib/python3.10/site-packages/airflow/example_dags/example_skip_dag.py
[2024-01-14T21:02:59.950+0200] {processor.py:830} INFO - Processing file /Library/Frameworks/Python.framework/Versions/3.10/lib/python3.10/site-packages/airflow/example_dags/example_skip_dag.py for tasks to queue
[2024-01-14T21:02:59.951+0200] {logging_mixin.py:188} INFO - [2024-01-14T21:02:59.951+0200] {dagbag.py:538} INFO - Filling up the DagBag from /Library/Frameworks/Python.framework/Versions/3.10/lib/python3.10/site-packages/airflow/example_dags/example_skip_dag.py
[2024-01-14T21:02:59.989+0200] {processor.py:840} INFO - DAG(s) 'example_skip_dag' retrieved from /Library/Frameworks/Python.framework/Versions/3.10/lib/python3.10/site-packages/airflow/example_dags/example_skip_dag.py
[2024-01-14T21:03:00.368+0200] {logging_mixin.py:188} INFO - [2024-01-14T21:03:00.368+0200] {dag.py:3033} INFO - Sync 1 DAGs
[2024-01-14T21:03:00.403+0200] {logging_mixin.py:188} INFO - [2024-01-14T21:03:00.403+0200] {dag.py:3820} INFO - Setting next_dagrun for example_skip_dag to 2024-01-13T00:00:00+00:00, run_after=2024-01-14T00:00:00+00:00
[2024-01-14T21:03:00.442+0200] {processor.py:183} INFO - Processing /Library/Frameworks/Python.framework/Versions/3.10/lib/python3.10/site-packages/airflow/example_dags/example_skip_dag.py took 0.508 seconds
[2024-01-15T00:20:30.921+0200] {processor.py:161} INFO - Started process (PID=50161) to work on /Library/Frameworks/Python.framework/Versions/3.10/lib/python3.10/site-packages/airflow/example_dags/example_skip_dag.py
[2024-01-15T00:20:30.926+0200] {processor.py:830} INFO - Processing file /Library/Frameworks/Python.framework/Versions/3.10/lib/python3.10/site-packages/airflow/example_dags/example_skip_dag.py for tasks to queue
[2024-01-15T00:20:30.926+0200] {logging_mixin.py:188} INFO - [2024-01-15T00:20:30.926+0200] {dagbag.py:538} INFO - Filling up the DagBag from /Library/Frameworks/Python.framework/Versions/3.10/lib/python3.10/site-packages/airflow/example_dags/example_skip_dag.py
[2024-01-15T00:20:30.936+0200] {processor.py:840} INFO - DAG(s) 'example_skip_dag' retrieved from /Library/Frameworks/Python.framework/Versions/3.10/lib/python3.10/site-packages/airflow/example_dags/example_skip_dag.py
[2024-01-15T00:20:31.093+0200] {logging_mixin.py:188} INFO - [2024-01-15T00:20:31.093+0200] {dag.py:3033} INFO - Sync 1 DAGs
[2024-01-15T00:20:31.108+0200] {logging_mixin.py:188} INFO - [2024-01-15T00:20:31.108+0200] {dag.py:3820} INFO - Setting next_dagrun for example_skip_dag to 2024-01-13T00:00:00+00:00, run_after=2024-01-14T00:00:00+00:00
[2024-01-15T00:20:31.126+0200] {processor.py:183} INFO - Processing /Library/Frameworks/Python.framework/Versions/3.10/lib/python3.10/site-packages/airflow/example_dags/example_skip_dag.py took 0.207 seconds
[2024-01-15T00:23:09.110+0200] {processor.py:161} INFO - Started process (PID=50274) to work on /Library/Frameworks/Python.framework/Versions/3.10/lib/python3.10/site-packages/airflow/example_dags/example_skip_dag.py
[2024-01-15T00:23:09.115+0200] {processor.py:830} INFO - Processing file /Library/Frameworks/Python.framework/Versions/3.10/lib/python3.10/site-packages/airflow/example_dags/example_skip_dag.py for tasks to queue
[2024-01-15T00:23:09.115+0200] {logging_mixin.py:188} INFO - [2024-01-15T00:23:09.115+0200] {dagbag.py:538} INFO - Filling up the DagBag from /Library/Frameworks/Python.framework/Versions/3.10/lib/python3.10/site-packages/airflow/example_dags/example_skip_dag.py
[2024-01-15T00:23:09.126+0200] {processor.py:840} INFO - DAG(s) 'example_skip_dag' retrieved from /Library/Frameworks/Python.framework/Versions/3.10/lib/python3.10/site-packages/airflow/example_dags/example_skip_dag.py
[2024-01-15T00:23:09.285+0200] {logging_mixin.py:188} INFO - [2024-01-15T00:23:09.284+0200] {dag.py:3033} INFO - Sync 1 DAGs
[2024-01-15T00:23:09.300+0200] {logging_mixin.py:188} INFO - [2024-01-15T00:23:09.299+0200] {dag.py:3820} INFO - Setting next_dagrun for example_skip_dag to 2024-01-13T00:00:00+00:00, run_after=2024-01-14T00:00:00+00:00
[2024-01-15T00:23:09.316+0200] {processor.py:183} INFO - Processing /Library/Frameworks/Python.framework/Versions/3.10/lib/python3.10/site-packages/airflow/example_dags/example_skip_dag.py took 0.207 seconds
[2024-01-15T00:25:39.394+0200] {processor.py:161} INFO - Started process (PID=50377) to work on /Library/Frameworks/Python.framework/Versions/3.10/lib/python3.10/site-packages/airflow/example_dags/example_skip_dag.py
[2024-01-15T00:25:39.399+0200] {processor.py:830} INFO - Processing file /Library/Frameworks/Python.framework/Versions/3.10/lib/python3.10/site-packages/airflow/example_dags/example_skip_dag.py for tasks to queue
[2024-01-15T00:25:39.400+0200] {logging_mixin.py:188} INFO - [2024-01-15T00:25:39.400+0200] {dagbag.py:538} INFO - Filling up the DagBag from /Library/Frameworks/Python.framework/Versions/3.10/lib/python3.10/site-packages/airflow/example_dags/example_skip_dag.py
[2024-01-15T00:25:39.412+0200] {processor.py:840} INFO - DAG(s) 'example_skip_dag' retrieved from /Library/Frameworks/Python.framework/Versions/3.10/lib/python3.10/site-packages/airflow/example_dags/example_skip_dag.py
[2024-01-15T00:25:39.623+0200] {logging_mixin.py:188} INFO - [2024-01-15T00:25:39.623+0200] {dag.py:3033} INFO - Sync 1 DAGs
[2024-01-15T00:25:39.648+0200] {logging_mixin.py:188} INFO - [2024-01-15T00:25:39.648+0200] {dag.py:3820} INFO - Setting next_dagrun for example_skip_dag to 2024-01-13T00:00:00+00:00, run_after=2024-01-14T00:00:00+00:00
[2024-01-15T00:25:39.692+0200] {processor.py:183} INFO - Processing /Library/Frameworks/Python.framework/Versions/3.10/lib/python3.10/site-packages/airflow/example_dags/example_skip_dag.py took 0.299 seconds
[2024-01-15T00:28:03.382+0200] {processor.py:161} INFO - Started process (PID=50469) to work on /Library/Frameworks/Python.framework/Versions/3.10/lib/python3.10/site-packages/airflow/example_dags/example_skip_dag.py
[2024-01-15T00:28:03.389+0200] {processor.py:830} INFO - Processing file /Library/Frameworks/Python.framework/Versions/3.10/lib/python3.10/site-packages/airflow/example_dags/example_skip_dag.py for tasks to queue
[2024-01-15T00:28:03.390+0200] {logging_mixin.py:188} INFO - [2024-01-15T00:28:03.390+0200] {dagbag.py:538} INFO - Filling up the DagBag from /Library/Frameworks/Python.framework/Versions/3.10/lib/python3.10/site-packages/airflow/example_dags/example_skip_dag.py
[2024-01-15T00:28:03.405+0200] {processor.py:840} INFO - DAG(s) 'example_skip_dag' retrieved from /Library/Frameworks/Python.framework/Versions/3.10/lib/python3.10/site-packages/airflow/example_dags/example_skip_dag.py
[2024-01-15T00:28:03.652+0200] {logging_mixin.py:188} INFO - [2024-01-15T00:28:03.651+0200] {dag.py:3033} INFO - Sync 1 DAGs
[2024-01-15T00:28:03.678+0200] {logging_mixin.py:188} INFO - [2024-01-15T00:28:03.678+0200] {dag.py:3820} INFO - Setting next_dagrun for example_skip_dag to 2024-01-13T00:00:00+00:00, run_after=2024-01-14T00:00:00+00:00
[2024-01-15T00:28:03.704+0200] {processor.py:183} INFO - Processing /Library/Frameworks/Python.framework/Versions/3.10/lib/python3.10/site-packages/airflow/example_dags/example_skip_dag.py took 0.323 seconds
[2024-01-15T00:30:36.229+0200] {processor.py:161} INFO - Started process (PID=50670) to work on /Library/Frameworks/Python.framework/Versions/3.10/lib/python3.10/site-packages/airflow/example_dags/example_skip_dag.py
[2024-01-15T00:30:36.234+0200] {processor.py:830} INFO - Processing file /Library/Frameworks/Python.framework/Versions/3.10/lib/python3.10/site-packages/airflow/example_dags/example_skip_dag.py for tasks to queue
[2024-01-15T00:30:36.234+0200] {logging_mixin.py:188} INFO - [2024-01-15T00:30:36.234+0200] {dagbag.py:538} INFO - Filling up the DagBag from /Library/Frameworks/Python.framework/Versions/3.10/lib/python3.10/site-packages/airflow/example_dags/example_skip_dag.py
[2024-01-15T00:30:36.245+0200] {processor.py:840} INFO - DAG(s) 'example_skip_dag' retrieved from /Library/Frameworks/Python.framework/Versions/3.10/lib/python3.10/site-packages/airflow/example_dags/example_skip_dag.py
[2024-01-15T00:30:36.391+0200] {logging_mixin.py:188} INFO - [2024-01-15T00:30:36.391+0200] {dag.py:3033} INFO - Sync 1 DAGs
[2024-01-15T00:30:36.409+0200] {logging_mixin.py:188} INFO - [2024-01-15T00:30:36.409+0200] {dag.py:3820} INFO - Setting next_dagrun for example_skip_dag to 2024-01-13T00:00:00+00:00, run_after=2024-01-14T00:00:00+00:00
[2024-01-15T00:30:36.427+0200] {processor.py:183} INFO - Processing /Library/Frameworks/Python.framework/Versions/3.10/lib/python3.10/site-packages/airflow/example_dags/example_skip_dag.py took 0.200 seconds
