[2024-01-14T11:54:12.737+0200] {processor.py:161} INFO - Started process (PID=48836) to work on /Library/Frameworks/Python.framework/Versions/3.10/lib/python3.10/site-packages/airflow/example_dags/example_short_circuit_operator.py
[2024-01-14T11:54:12.742+0200] {processor.py:830} INFO - Processing file /Library/Frameworks/Python.framework/Versions/3.10/lib/python3.10/site-packages/airflow/example_dags/example_short_circuit_operator.py for tasks to queue
[2024-01-14T11:54:12.743+0200] {logging_mixin.py:188} INFO - [2024-01-14T11:54:12.743+0200] {dagbag.py:538} INFO - Filling up the DagBag from /Library/Frameworks/Python.framework/Versions/3.10/lib/python3.10/site-packages/airflow/example_dags/example_short_circuit_operator.py
[2024-01-14T11:54:12.822+0200] {processor.py:840} INFO - DAG(s) 'example_short_circuit_operator' retrieved from /Library/Frameworks/Python.framework/Versions/3.10/lib/python3.10/site-packages/airflow/example_dags/example_short_circuit_operator.py
[2024-01-14T11:54:12.920+0200] {logging_mixin.py:188} INFO - [2024-01-14T11:54:12.920+0200] {dag.py:3033} INFO - Sync 1 DAGs
[2024-01-14T11:54:12.934+0200] {logging_mixin.py:188} INFO - [2024-01-14T11:54:12.933+0200] {dag.py:3820} INFO - Setting next_dagrun for example_short_circuit_operator to 2024-01-13T00:00:00+00:00, run_after=2024-01-14T00:00:00+00:00
[2024-01-14T11:54:12.950+0200] {processor.py:183} INFO - Processing /Library/Frameworks/Python.framework/Versions/3.10/lib/python3.10/site-packages/airflow/example_dags/example_short_circuit_operator.py took 0.214 seconds
[2024-01-14T21:03:07.000+0200] {processor.py:161} INFO - Started process (PID=49321) to work on /Library/Frameworks/Python.framework/Versions/3.10/lib/python3.10/site-packages/airflow/example_dags/example_short_circuit_operator.py
[2024-01-14T21:03:07.019+0200] {processor.py:830} INFO - Processing file /Library/Frameworks/Python.framework/Versions/3.10/lib/python3.10/site-packages/airflow/example_dags/example_short_circuit_operator.py for tasks to queue
[2024-01-14T21:03:07.021+0200] {logging_mixin.py:188} INFO - [2024-01-14T21:03:07.020+0200] {dagbag.py:538} INFO - Filling up the DagBag from /Library/Frameworks/Python.framework/Versions/3.10/lib/python3.10/site-packages/airflow/example_dags/example_short_circuit_operator.py
[2024-01-14T21:03:07.179+0200] {processor.py:840} INFO - DAG(s) 'example_short_circuit_operator' retrieved from /Library/Frameworks/Python.framework/Versions/3.10/lib/python3.10/site-packages/airflow/example_dags/example_short_circuit_operator.py
[2024-01-14T21:03:07.412+0200] {logging_mixin.py:188} INFO - [2024-01-14T21:03:07.411+0200] {dag.py:3033} INFO - Sync 1 DAGs
[2024-01-14T21:03:07.445+0200] {logging_mixin.py:188} INFO - [2024-01-14T21:03:07.444+0200] {dag.py:3820} INFO - Setting next_dagrun for example_short_circuit_operator to 2024-01-13T00:00:00+00:00, run_after=2024-01-14T00:00:00+00:00
[2024-01-14T21:03:07.485+0200] {processor.py:183} INFO - Processing /Library/Frameworks/Python.framework/Versions/3.10/lib/python3.10/site-packages/airflow/example_dags/example_short_circuit_operator.py took 0.489 seconds
[2024-01-15T00:20:34.031+0200] {processor.py:161} INFO - Started process (PID=50162) to work on /Library/Frameworks/Python.framework/Versions/3.10/lib/python3.10/site-packages/airflow/example_dags/example_short_circuit_operator.py
[2024-01-15T00:20:34.036+0200] {processor.py:830} INFO - Processing file /Library/Frameworks/Python.framework/Versions/3.10/lib/python3.10/site-packages/airflow/example_dags/example_short_circuit_operator.py for tasks to queue
[2024-01-15T00:20:34.036+0200] {logging_mixin.py:188} INFO - [2024-01-15T00:20:34.036+0200] {dagbag.py:538} INFO - Filling up the DagBag from /Library/Frameworks/Python.framework/Versions/3.10/lib/python3.10/site-packages/airflow/example_dags/example_short_circuit_operator.py
[2024-01-15T00:20:34.118+0200] {processor.py:840} INFO - DAG(s) 'example_short_circuit_operator' retrieved from /Library/Frameworks/Python.framework/Versions/3.10/lib/python3.10/site-packages/airflow/example_dags/example_short_circuit_operator.py
[2024-01-15T00:20:34.218+0200] {logging_mixin.py:188} INFO - [2024-01-15T00:20:34.218+0200] {dag.py:3033} INFO - Sync 1 DAGs
[2024-01-15T00:20:34.231+0200] {logging_mixin.py:188} INFO - [2024-01-15T00:20:34.231+0200] {dag.py:3820} INFO - Setting next_dagrun for example_short_circuit_operator to 2024-01-13T00:00:00+00:00, run_after=2024-01-14T00:00:00+00:00
[2024-01-15T00:20:34.250+0200] {processor.py:183} INFO - Processing /Library/Frameworks/Python.framework/Versions/3.10/lib/python3.10/site-packages/airflow/example_dags/example_short_circuit_operator.py took 0.220 seconds
[2024-01-15T00:23:11.886+0200] {processor.py:161} INFO - Started process (PID=50275) to work on /Library/Frameworks/Python.framework/Versions/3.10/lib/python3.10/site-packages/airflow/example_dags/example_short_circuit_operator.py
[2024-01-15T00:23:11.890+0200] {processor.py:830} INFO - Processing file /Library/Frameworks/Python.framework/Versions/3.10/lib/python3.10/site-packages/airflow/example_dags/example_short_circuit_operator.py for tasks to queue
[2024-01-15T00:23:11.891+0200] {logging_mixin.py:188} INFO - [2024-01-15T00:23:11.891+0200] {dagbag.py:538} INFO - Filling up the DagBag from /Library/Frameworks/Python.framework/Versions/3.10/lib/python3.10/site-packages/airflow/example_dags/example_short_circuit_operator.py
[2024-01-15T00:23:11.969+0200] {processor.py:840} INFO - DAG(s) 'example_short_circuit_operator' retrieved from /Library/Frameworks/Python.framework/Versions/3.10/lib/python3.10/site-packages/airflow/example_dags/example_short_circuit_operator.py
[2024-01-15T00:23:12.075+0200] {logging_mixin.py:188} INFO - [2024-01-15T00:23:12.074+0200] {dag.py:3033} INFO - Sync 1 DAGs
[2024-01-15T00:23:12.089+0200] {logging_mixin.py:188} INFO - [2024-01-15T00:23:12.089+0200] {dag.py:3820} INFO - Setting next_dagrun for example_short_circuit_operator to 2024-01-13T00:00:00+00:00, run_after=2024-01-14T00:00:00+00:00
[2024-01-15T00:23:12.105+0200] {processor.py:183} INFO - Processing /Library/Frameworks/Python.framework/Versions/3.10/lib/python3.10/site-packages/airflow/example_dags/example_short_circuit_operator.py took 0.221 seconds
[2024-01-15T00:25:42.586+0200] {processor.py:161} INFO - Started process (PID=50378) to work on /Library/Frameworks/Python.framework/Versions/3.10/lib/python3.10/site-packages/airflow/example_dags/example_short_circuit_operator.py
[2024-01-15T00:25:42.590+0200] {processor.py:830} INFO - Processing file /Library/Frameworks/Python.framework/Versions/3.10/lib/python3.10/site-packages/airflow/example_dags/example_short_circuit_operator.py for tasks to queue
[2024-01-15T00:25:42.591+0200] {logging_mixin.py:188} INFO - [2024-01-15T00:25:42.591+0200] {dagbag.py:538} INFO - Filling up the DagBag from /Library/Frameworks/Python.framework/Versions/3.10/lib/python3.10/site-packages/airflow/example_dags/example_short_circuit_operator.py
[2024-01-15T00:25:42.674+0200] {processor.py:840} INFO - DAG(s) 'example_short_circuit_operator' retrieved from /Library/Frameworks/Python.framework/Versions/3.10/lib/python3.10/site-packages/airflow/example_dags/example_short_circuit_operator.py
[2024-01-15T00:25:42.780+0200] {logging_mixin.py:188} INFO - [2024-01-15T00:25:42.780+0200] {dag.py:3033} INFO - Sync 1 DAGs
[2024-01-15T00:25:42.794+0200] {logging_mixin.py:188} INFO - [2024-01-15T00:25:42.794+0200] {dag.py:3820} INFO - Setting next_dagrun for example_short_circuit_operator to 2024-01-13T00:00:00+00:00, run_after=2024-01-14T00:00:00+00:00
[2024-01-15T00:25:42.811+0200] {processor.py:183} INFO - Processing /Library/Frameworks/Python.framework/Versions/3.10/lib/python3.10/site-packages/airflow/example_dags/example_short_circuit_operator.py took 0.227 seconds
[2024-01-15T00:28:07.549+0200] {processor.py:161} INFO - Started process (PID=50470) to work on /Library/Frameworks/Python.framework/Versions/3.10/lib/python3.10/site-packages/airflow/example_dags/example_short_circuit_operator.py
[2024-01-15T00:28:07.555+0200] {processor.py:830} INFO - Processing file /Library/Frameworks/Python.framework/Versions/3.10/lib/python3.10/site-packages/airflow/example_dags/example_short_circuit_operator.py for tasks to queue
[2024-01-15T00:28:07.556+0200] {logging_mixin.py:188} INFO - [2024-01-15T00:28:07.556+0200] {dagbag.py:538} INFO - Filling up the DagBag from /Library/Frameworks/Python.framework/Versions/3.10/lib/python3.10/site-packages/airflow/example_dags/example_short_circuit_operator.py
[2024-01-15T00:28:07.707+0200] {processor.py:840} INFO - DAG(s) 'example_short_circuit_operator' retrieved from /Library/Frameworks/Python.framework/Versions/3.10/lib/python3.10/site-packages/airflow/example_dags/example_short_circuit_operator.py
[2024-01-15T00:28:07.830+0200] {logging_mixin.py:188} INFO - [2024-01-15T00:28:07.830+0200] {dag.py:3033} INFO - Sync 1 DAGs
[2024-01-15T00:28:07.848+0200] {logging_mixin.py:188} INFO - [2024-01-15T00:28:07.847+0200] {dag.py:3820} INFO - Setting next_dagrun for example_short_circuit_operator to 2024-01-13T00:00:00+00:00, run_after=2024-01-14T00:00:00+00:00
[2024-01-15T00:28:07.872+0200] {processor.py:183} INFO - Processing /Library/Frameworks/Python.framework/Versions/3.10/lib/python3.10/site-packages/airflow/example_dags/example_short_circuit_operator.py took 0.326 seconds
[2024-01-15T00:30:39.318+0200] {processor.py:161} INFO - Started process (PID=50671) to work on /Library/Frameworks/Python.framework/Versions/3.10/lib/python3.10/site-packages/airflow/example_dags/example_short_circuit_operator.py
[2024-01-15T00:30:39.322+0200] {processor.py:830} INFO - Processing file /Library/Frameworks/Python.framework/Versions/3.10/lib/python3.10/site-packages/airflow/example_dags/example_short_circuit_operator.py for tasks to queue
[2024-01-15T00:30:39.323+0200] {logging_mixin.py:188} INFO - [2024-01-15T00:30:39.323+0200] {dagbag.py:538} INFO - Filling up the DagBag from /Library/Frameworks/Python.framework/Versions/3.10/lib/python3.10/site-packages/airflow/example_dags/example_short_circuit_operator.py
[2024-01-15T00:30:39.408+0200] {processor.py:840} INFO - DAG(s) 'example_short_circuit_operator' retrieved from /Library/Frameworks/Python.framework/Versions/3.10/lib/python3.10/site-packages/airflow/example_dags/example_short_circuit_operator.py
[2024-01-15T00:30:39.509+0200] {logging_mixin.py:188} INFO - [2024-01-15T00:30:39.509+0200] {dag.py:3033} INFO - Sync 1 DAGs
[2024-01-15T00:30:39.522+0200] {logging_mixin.py:188} INFO - [2024-01-15T00:30:39.522+0200] {dag.py:3820} INFO - Setting next_dagrun for example_short_circuit_operator to 2024-01-13T00:00:00+00:00, run_after=2024-01-14T00:00:00+00:00
[2024-01-15T00:30:39.538+0200] {processor.py:183} INFO - Processing /Library/Frameworks/Python.framework/Versions/3.10/lib/python3.10/site-packages/airflow/example_dags/example_short_circuit_operator.py took 0.222 seconds
