[2024-01-14T13:55:40.309+0200] {processor.py:161} INFO - Started process (PID=49009) to work on /Library/Frameworks/Python.framework/Versions/3.10/lib/python3.10/site-packages/airflow/example_dags/example_latest_only_with_trigger.py
[2024-01-14T13:55:40.313+0200] {processor.py:830} INFO - Processing file /Library/Frameworks/Python.framework/Versions/3.10/lib/python3.10/site-packages/airflow/example_dags/example_latest_only_with_trigger.py for tasks to queue
[2024-01-14T13:55:40.314+0200] {logging_mixin.py:188} INFO - [2024-01-14T13:55:40.313+0200] {dagbag.py:538} INFO - Filling up the DagBag from /Library/Frameworks/Python.framework/Versions/3.10/lib/python3.10/site-packages/airflow/example_dags/example_latest_only_with_trigger.py
[2024-01-14T13:55:40.324+0200] {processor.py:840} INFO - DAG(s) 'latest_only_with_trigger' retrieved from /Library/Frameworks/Python.framework/Versions/3.10/lib/python3.10/site-packages/airflow/example_dags/example_latest_only_with_trigger.py
[2024-01-14T13:55:40.471+0200] {logging_mixin.py:188} INFO - [2024-01-14T13:55:40.471+0200] {dag.py:3033} INFO - Sync 1 DAGs
[2024-01-14T13:55:40.485+0200] {logging_mixin.py:188} INFO - [2024-01-14T13:55:40.485+0200] {dag.py:3820} INFO - Setting next_dagrun for latest_only_with_trigger to 2024-01-14T04:00:00+00:00, run_after=2024-01-14T08:00:00+00:00
[2024-01-14T13:55:40.501+0200] {processor.py:183} INFO - Processing /Library/Frameworks/Python.framework/Versions/3.10/lib/python3.10/site-packages/airflow/example_dags/example_latest_only_with_trigger.py took 0.194 seconds
[2024-01-15T00:05:57.242+0200] {processor.py:161} INFO - Started process (PID=49461) to work on /Library/Frameworks/Python.framework/Versions/3.10/lib/python3.10/site-packages/airflow/example_dags/example_latest_only_with_trigger.py
[2024-01-15T00:05:57.247+0200] {processor.py:830} INFO - Processing file /Library/Frameworks/Python.framework/Versions/3.10/lib/python3.10/site-packages/airflow/example_dags/example_latest_only_with_trigger.py for tasks to queue
[2024-01-15T00:05:57.247+0200] {logging_mixin.py:188} INFO - [2024-01-15T00:05:57.247+0200] {dagbag.py:538} INFO - Filling up the DagBag from /Library/Frameworks/Python.framework/Versions/3.10/lib/python3.10/site-packages/airflow/example_dags/example_latest_only_with_trigger.py
[2024-01-15T00:05:57.261+0200] {processor.py:840} INFO - DAG(s) 'latest_only_with_trigger' retrieved from /Library/Frameworks/Python.framework/Versions/3.10/lib/python3.10/site-packages/airflow/example_dags/example_latest_only_with_trigger.py
[2024-01-15T00:05:57.415+0200] {logging_mixin.py:188} INFO - [2024-01-15T00:05:57.415+0200] {dag.py:3033} INFO - Sync 1 DAGs
[2024-01-15T00:05:57.430+0200] {logging_mixin.py:188} INFO - [2024-01-15T00:05:57.429+0200] {dag.py:3820} INFO - Setting next_dagrun for latest_only_with_trigger to 2024-01-14T16:00:00+00:00, run_after=2024-01-14T20:00:00+00:00
[2024-01-15T00:05:57.451+0200] {processor.py:183} INFO - Processing /Library/Frameworks/Python.framework/Versions/3.10/lib/python3.10/site-packages/airflow/example_dags/example_latest_only_with_trigger.py took 0.211 seconds
[2024-01-15T00:21:15.949+0200] {processor.py:161} INFO - Started process (PID=50192) to work on /Library/Frameworks/Python.framework/Versions/3.10/lib/python3.10/site-packages/airflow/example_dags/example_latest_only_with_trigger.py
[2024-01-15T00:21:15.954+0200] {processor.py:830} INFO - Processing file /Library/Frameworks/Python.framework/Versions/3.10/lib/python3.10/site-packages/airflow/example_dags/example_latest_only_with_trigger.py for tasks to queue
[2024-01-15T00:21:15.954+0200] {logging_mixin.py:188} INFO - [2024-01-15T00:21:15.954+0200] {dagbag.py:538} INFO - Filling up the DagBag from /Library/Frameworks/Python.framework/Versions/3.10/lib/python3.10/site-packages/airflow/example_dags/example_latest_only_with_trigger.py
[2024-01-15T00:21:15.967+0200] {processor.py:840} INFO - DAG(s) 'latest_only_with_trigger' retrieved from /Library/Frameworks/Python.framework/Versions/3.10/lib/python3.10/site-packages/airflow/example_dags/example_latest_only_with_trigger.py
[2024-01-15T00:21:16.106+0200] {logging_mixin.py:188} INFO - [2024-01-15T00:21:16.106+0200] {dag.py:3033} INFO - Sync 1 DAGs
[2024-01-15T00:21:16.120+0200] {logging_mixin.py:188} INFO - [2024-01-15T00:21:16.120+0200] {dag.py:3820} INFO - Setting next_dagrun for latest_only_with_trigger to 2024-01-14T16:00:00+00:00, run_after=2024-01-14T20:00:00+00:00
[2024-01-15T00:21:16.136+0200] {processor.py:183} INFO - Processing /Library/Frameworks/Python.framework/Versions/3.10/lib/python3.10/site-packages/airflow/example_dags/example_latest_only_with_trigger.py took 0.189 seconds
[2024-01-15T00:23:55.047+0200] {processor.py:161} INFO - Started process (PID=50309) to work on /Library/Frameworks/Python.framework/Versions/3.10/lib/python3.10/site-packages/airflow/example_dags/example_latest_only_with_trigger.py
[2024-01-15T00:23:55.052+0200] {processor.py:830} INFO - Processing file /Library/Frameworks/Python.framework/Versions/3.10/lib/python3.10/site-packages/airflow/example_dags/example_latest_only_with_trigger.py for tasks to queue
[2024-01-15T00:23:55.052+0200] {logging_mixin.py:188} INFO - [2024-01-15T00:23:55.052+0200] {dagbag.py:538} INFO - Filling up the DagBag from /Library/Frameworks/Python.framework/Versions/3.10/lib/python3.10/site-packages/airflow/example_dags/example_latest_only_with_trigger.py
[2024-01-15T00:23:55.067+0200] {processor.py:840} INFO - DAG(s) 'latest_only_with_trigger' retrieved from /Library/Frameworks/Python.framework/Versions/3.10/lib/python3.10/site-packages/airflow/example_dags/example_latest_only_with_trigger.py
[2024-01-15T00:23:55.219+0200] {logging_mixin.py:188} INFO - [2024-01-15T00:23:55.219+0200] {dag.py:3033} INFO - Sync 1 DAGs
[2024-01-15T00:23:55.235+0200] {logging_mixin.py:188} INFO - [2024-01-15T00:23:55.235+0200] {dag.py:3820} INFO - Setting next_dagrun for latest_only_with_trigger to 2024-01-14T16:00:00+00:00, run_after=2024-01-14T20:00:00+00:00
[2024-01-15T00:23:55.253+0200] {processor.py:183} INFO - Processing /Library/Frameworks/Python.framework/Versions/3.10/lib/python3.10/site-packages/airflow/example_dags/example_latest_only_with_trigger.py took 0.207 seconds
[2024-01-15T00:28:50.698+0200] {processor.py:161} INFO - Started process (PID=50589) to work on /Library/Frameworks/Python.framework/Versions/3.10/lib/python3.10/site-packages/airflow/example_dags/example_latest_only_with_trigger.py
[2024-01-15T00:28:50.703+0200] {processor.py:830} INFO - Processing file /Library/Frameworks/Python.framework/Versions/3.10/lib/python3.10/site-packages/airflow/example_dags/example_latest_only_with_trigger.py for tasks to queue
[2024-01-15T00:28:50.704+0200] {logging_mixin.py:188} INFO - [2024-01-15T00:28:50.704+0200] {dagbag.py:538} INFO - Filling up the DagBag from /Library/Frameworks/Python.framework/Versions/3.10/lib/python3.10/site-packages/airflow/example_dags/example_latest_only_with_trigger.py
[2024-01-15T00:28:50.717+0200] {processor.py:840} INFO - DAG(s) 'latest_only_with_trigger' retrieved from /Library/Frameworks/Python.framework/Versions/3.10/lib/python3.10/site-packages/airflow/example_dags/example_latest_only_with_trigger.py
[2024-01-15T00:28:50.889+0200] {logging_mixin.py:188} INFO - [2024-01-15T00:28:50.889+0200] {dag.py:3033} INFO - Sync 1 DAGs
[2024-01-15T00:28:50.907+0200] {logging_mixin.py:188} INFO - [2024-01-15T00:28:50.907+0200] {dag.py:3820} INFO - Setting next_dagrun for latest_only_with_trigger to 2024-01-14T16:00:00+00:00, run_after=2024-01-14T20:00:00+00:00
[2024-01-15T00:28:50.928+0200] {processor.py:183} INFO - Processing /Library/Frameworks/Python.framework/Versions/3.10/lib/python3.10/site-packages/airflow/example_dags/example_latest_only_with_trigger.py took 0.232 seconds
