[2024-01-14T11:03:49.345+0200] {processor.py:161} INFO - Started process (PID=48793) to work on /Library/Frameworks/Python.framework/Versions/3.10/lib/python3.10/site-packages/airflow/example_dags/example_task_group_decorator.py
[2024-01-14T11:03:49.356+0200] {processor.py:830} INFO - Processing file /Library/Frameworks/Python.framework/Versions/3.10/lib/python3.10/site-packages/airflow/example_dags/example_task_group_decorator.py for tasks to queue
[2024-01-14T11:03:49.357+0200] {logging_mixin.py:188} INFO - [2024-01-14T11:03:49.357+0200] {dagbag.py:538} INFO - Filling up the DagBag from /Library/Frameworks/Python.framework/Versions/3.10/lib/python3.10/site-packages/airflow/example_dags/example_task_group_decorator.py
[2024-01-14T11:03:49.557+0200] {processor.py:840} INFO - DAG(s) 'example_task_group_decorator' retrieved from /Library/Frameworks/Python.framework/Versions/3.10/lib/python3.10/site-packages/airflow/example_dags/example_task_group_decorator.py
[2024-01-14T11:03:49.800+0200] {logging_mixin.py:188} INFO - [2024-01-14T11:03:49.799+0200] {dag.py:3033} INFO - Sync 1 DAGs
[2024-01-14T11:03:49.834+0200] {logging_mixin.py:188} INFO - [2024-01-14T11:03:49.834+0200] {dag.py:3820} INFO - Setting next_dagrun for example_task_group_decorator to 2024-01-13T00:00:00+00:00, run_after=2024-01-14T00:00:00+00:00
[2024-01-14T11:03:49.878+0200] {processor.py:183} INFO - Processing /Library/Frameworks/Python.framework/Versions/3.10/lib/python3.10/site-packages/airflow/example_dags/example_task_group_decorator.py took 0.539 seconds
[2024-01-14T20:01:52.873+0200] {processor.py:161} INFO - Started process (PID=49287) to work on /Library/Frameworks/Python.framework/Versions/3.10/lib/python3.10/site-packages/airflow/example_dags/example_task_group_decorator.py
[2024-01-14T20:01:52.877+0200] {processor.py:830} INFO - Processing file /Library/Frameworks/Python.framework/Versions/3.10/lib/python3.10/site-packages/airflow/example_dags/example_task_group_decorator.py for tasks to queue
[2024-01-14T20:01:52.877+0200] {logging_mixin.py:188} INFO - [2024-01-14T20:01:52.877+0200] {dagbag.py:538} INFO - Filling up the DagBag from /Library/Frameworks/Python.framework/Versions/3.10/lib/python3.10/site-packages/airflow/example_dags/example_task_group_decorator.py
[2024-01-14T20:01:52.987+0200] {processor.py:840} INFO - DAG(s) 'example_task_group_decorator' retrieved from /Library/Frameworks/Python.framework/Versions/3.10/lib/python3.10/site-packages/airflow/example_dags/example_task_group_decorator.py
[2024-01-14T20:01:53.079+0200] {logging_mixin.py:188} INFO - [2024-01-14T20:01:53.079+0200] {dag.py:3033} INFO - Sync 1 DAGs
[2024-01-14T20:01:53.093+0200] {logging_mixin.py:188} INFO - [2024-01-14T20:01:53.092+0200] {dag.py:3820} INFO - Setting next_dagrun for example_task_group_decorator to 2024-01-13T00:00:00+00:00, run_after=2024-01-14T00:00:00+00:00
[2024-01-14T20:01:53.109+0200] {processor.py:183} INFO - Processing /Library/Frameworks/Python.framework/Versions/3.10/lib/python3.10/site-packages/airflow/example_dags/example_task_group_decorator.py took 0.238 seconds
[2024-01-15T00:20:20.591+0200] {processor.py:161} INFO - Started process (PID=50149) to work on /Library/Frameworks/Python.framework/Versions/3.10/lib/python3.10/site-packages/airflow/example_dags/example_task_group_decorator.py
[2024-01-15T00:20:20.595+0200] {processor.py:830} INFO - Processing file /Library/Frameworks/Python.framework/Versions/3.10/lib/python3.10/site-packages/airflow/example_dags/example_task_group_decorator.py for tasks to queue
[2024-01-15T00:20:20.596+0200] {logging_mixin.py:188} INFO - [2024-01-15T00:20:20.596+0200] {dagbag.py:538} INFO - Filling up the DagBag from /Library/Frameworks/Python.framework/Versions/3.10/lib/python3.10/site-packages/airflow/example_dags/example_task_group_decorator.py
[2024-01-15T00:20:20.683+0200] {processor.py:840} INFO - DAG(s) 'example_task_group_decorator' retrieved from /Library/Frameworks/Python.framework/Versions/3.10/lib/python3.10/site-packages/airflow/example_dags/example_task_group_decorator.py
[2024-01-15T00:20:20.781+0200] {logging_mixin.py:188} INFO - [2024-01-15T00:20:20.781+0200] {dag.py:3033} INFO - Sync 1 DAGs
[2024-01-15T00:20:20.795+0200] {logging_mixin.py:188} INFO - [2024-01-15T00:20:20.795+0200] {dag.py:3820} INFO - Setting next_dagrun for example_task_group_decorator to 2024-01-13T00:00:00+00:00, run_after=2024-01-14T00:00:00+00:00
[2024-01-15T00:20:20.813+0200] {processor.py:183} INFO - Processing /Library/Frameworks/Python.framework/Versions/3.10/lib/python3.10/site-packages/airflow/example_dags/example_task_group_decorator.py took 0.224 seconds
[2024-01-15T00:22:56.394+0200] {processor.py:161} INFO - Started process (PID=50270) to work on /Library/Frameworks/Python.framework/Versions/3.10/lib/python3.10/site-packages/airflow/example_dags/example_task_group_decorator.py
[2024-01-15T00:22:56.398+0200] {processor.py:830} INFO - Processing file /Library/Frameworks/Python.framework/Versions/3.10/lib/python3.10/site-packages/airflow/example_dags/example_task_group_decorator.py for tasks to queue
[2024-01-15T00:22:56.399+0200] {logging_mixin.py:188} INFO - [2024-01-15T00:22:56.398+0200] {dagbag.py:538} INFO - Filling up the DagBag from /Library/Frameworks/Python.framework/Versions/3.10/lib/python3.10/site-packages/airflow/example_dags/example_task_group_decorator.py
[2024-01-15T00:22:56.501+0200] {processor.py:840} INFO - DAG(s) 'example_task_group_decorator' retrieved from /Library/Frameworks/Python.framework/Versions/3.10/lib/python3.10/site-packages/airflow/example_dags/example_task_group_decorator.py
[2024-01-15T00:22:56.598+0200] {logging_mixin.py:188} INFO - [2024-01-15T00:22:56.598+0200] {dag.py:3033} INFO - Sync 1 DAGs
[2024-01-15T00:22:56.613+0200] {logging_mixin.py:188} INFO - [2024-01-15T00:22:56.613+0200] {dag.py:3820} INFO - Setting next_dagrun for example_task_group_decorator to 2024-01-13T00:00:00+00:00, run_after=2024-01-14T00:00:00+00:00
[2024-01-15T00:22:56.631+0200] {processor.py:183} INFO - Processing /Library/Frameworks/Python.framework/Versions/3.10/lib/python3.10/site-packages/airflow/example_dags/example_task_group_decorator.py took 0.239 seconds
[2024-01-15T00:25:26.640+0200] {processor.py:161} INFO - Started process (PID=50358) to work on /Library/Frameworks/Python.framework/Versions/3.10/lib/python3.10/site-packages/airflow/example_dags/example_task_group_decorator.py
[2024-01-15T00:25:26.645+0200] {processor.py:830} INFO - Processing file /Library/Frameworks/Python.framework/Versions/3.10/lib/python3.10/site-packages/airflow/example_dags/example_task_group_decorator.py for tasks to queue
[2024-01-15T00:25:26.646+0200] {logging_mixin.py:188} INFO - [2024-01-15T00:25:26.646+0200] {dagbag.py:538} INFO - Filling up the DagBag from /Library/Frameworks/Python.framework/Versions/3.10/lib/python3.10/site-packages/airflow/example_dags/example_task_group_decorator.py
[2024-01-15T00:25:26.743+0200] {processor.py:840} INFO - DAG(s) 'example_task_group_decorator' retrieved from /Library/Frameworks/Python.framework/Versions/3.10/lib/python3.10/site-packages/airflow/example_dags/example_task_group_decorator.py
[2024-01-15T00:25:26.839+0200] {logging_mixin.py:188} INFO - [2024-01-15T00:25:26.839+0200] {dag.py:3033} INFO - Sync 1 DAGs
[2024-01-15T00:25:26.853+0200] {logging_mixin.py:188} INFO - [2024-01-15T00:25:26.853+0200] {dag.py:3820} INFO - Setting next_dagrun for example_task_group_decorator to 2024-01-13T00:00:00+00:00, run_after=2024-01-14T00:00:00+00:00
[2024-01-15T00:25:26.900+0200] {processor.py:183} INFO - Processing /Library/Frameworks/Python.framework/Versions/3.10/lib/python3.10/site-packages/airflow/example_dags/example_task_group_decorator.py took 0.262 seconds
[2024-01-15T00:27:47.552+0200] {processor.py:161} INFO - Started process (PID=50463) to work on /Library/Frameworks/Python.framework/Versions/3.10/lib/python3.10/site-packages/airflow/example_dags/example_task_group_decorator.py
[2024-01-15T00:27:47.558+0200] {processor.py:830} INFO - Processing file /Library/Frameworks/Python.framework/Versions/3.10/lib/python3.10/site-packages/airflow/example_dags/example_task_group_decorator.py for tasks to queue
[2024-01-15T00:27:47.559+0200] {logging_mixin.py:188} INFO - [2024-01-15T00:27:47.559+0200] {dagbag.py:538} INFO - Filling up the DagBag from /Library/Frameworks/Python.framework/Versions/3.10/lib/python3.10/site-packages/airflow/example_dags/example_task_group_decorator.py
[2024-01-15T00:27:47.684+0200] {processor.py:840} INFO - DAG(s) 'example_task_group_decorator' retrieved from /Library/Frameworks/Python.framework/Versions/3.10/lib/python3.10/site-packages/airflow/example_dags/example_task_group_decorator.py
[2024-01-15T00:27:47.856+0200] {logging_mixin.py:188} INFO - [2024-01-15T00:27:47.856+0200] {dag.py:3033} INFO - Sync 1 DAGs
[2024-01-15T00:27:47.877+0200] {logging_mixin.py:188} INFO - [2024-01-15T00:27:47.877+0200] {dag.py:3820} INFO - Setting next_dagrun for example_task_group_decorator to 2024-01-13T00:00:00+00:00, run_after=2024-01-14T00:00:00+00:00
[2024-01-15T00:27:47.905+0200] {processor.py:183} INFO - Processing /Library/Frameworks/Python.framework/Versions/3.10/lib/python3.10/site-packages/airflow/example_dags/example_task_group_decorator.py took 0.355 seconds
[2024-01-15T00:30:24.180+0200] {processor.py:161} INFO - Started process (PID=50647) to work on /Library/Frameworks/Python.framework/Versions/3.10/lib/python3.10/site-packages/airflow/example_dags/example_task_group_decorator.py
[2024-01-15T00:30:24.184+0200] {processor.py:830} INFO - Processing file /Library/Frameworks/Python.framework/Versions/3.10/lib/python3.10/site-packages/airflow/example_dags/example_task_group_decorator.py for tasks to queue
[2024-01-15T00:30:24.185+0200] {logging_mixin.py:188} INFO - [2024-01-15T00:30:24.185+0200] {dagbag.py:538} INFO - Filling up the DagBag from /Library/Frameworks/Python.framework/Versions/3.10/lib/python3.10/site-packages/airflow/example_dags/example_task_group_decorator.py
[2024-01-15T00:30:24.274+0200] {processor.py:840} INFO - DAG(s) 'example_task_group_decorator' retrieved from /Library/Frameworks/Python.framework/Versions/3.10/lib/python3.10/site-packages/airflow/example_dags/example_task_group_decorator.py
[2024-01-15T00:30:24.369+0200] {logging_mixin.py:188} INFO - [2024-01-15T00:30:24.368+0200] {dag.py:3033} INFO - Sync 1 DAGs
[2024-01-15T00:30:24.382+0200] {logging_mixin.py:188} INFO - [2024-01-15T00:30:24.381+0200] {dag.py:3820} INFO - Setting next_dagrun for example_task_group_decorator to 2024-01-13T00:00:00+00:00, run_after=2024-01-14T00:00:00+00:00
[2024-01-15T00:30:24.400+0200] {processor.py:183} INFO - Processing /Library/Frameworks/Python.framework/Versions/3.10/lib/python3.10/site-packages/airflow/example_dags/example_task_group_decorator.py took 0.221 seconds
