[2024-01-14T11:53:40.384+0200] {processor.py:161} INFO - Started process (PID=48822) to work on /Library/Frameworks/Python.framework/Versions/3.10/lib/python3.10/site-packages/airflow/example_dags/example_sla_dag.py
[2024-01-14T11:53:40.388+0200] {processor.py:830} INFO - Processing file /Library/Frameworks/Python.framework/Versions/3.10/lib/python3.10/site-packages/airflow/example_dags/example_sla_dag.py for tasks to queue
[2024-01-14T11:53:40.389+0200] {logging_mixin.py:188} INFO - [2024-01-14T11:53:40.388+0200] {dagbag.py:538} INFO - Filling up the DagBag from /Library/Frameworks/Python.framework/Versions/3.10/lib/python3.10/site-packages/airflow/example_dags/example_sla_dag.py
[2024-01-14T11:53:40.499+0200] {processor.py:840} INFO - DAG(s) 'example_sla_dag' retrieved from /Library/Frameworks/Python.framework/Versions/3.10/lib/python3.10/site-packages/airflow/example_dags/example_sla_dag.py
[2024-01-14T11:54:05.760+0200] {logging_mixin.py:188} INFO - [2024-01-14T11:54:05.760+0200] {dag.py:3033} INFO - Sync 1 DAGs
[2024-01-14T11:54:06.616+0200] {logging_mixin.py:188} INFO - [2024-01-14T11:54:06.615+0200] {dag.py:3820} INFO - Setting next_dagrun for example_sla_dag to 2024-01-14T09:52:00+00:00, run_after=2024-01-14T09:54:00+00:00
[2024-01-14T11:54:06.692+0200] {processor.py:183} INFO - Processing /Library/Frameworks/Python.framework/Versions/3.10/lib/python3.10/site-packages/airflow/example_dags/example_sla_dag.py took 2.579 seconds
[2024-01-14T21:02:54.923+0200] {processor.py:161} INFO - Started process (PID=49312) to work on /Library/Frameworks/Python.framework/Versions/3.10/lib/python3.10/site-packages/airflow/example_dags/example_sla_dag.py
[2024-01-14T21:02:54.927+0200] {processor.py:830} INFO - Processing file /Library/Frameworks/Python.framework/Versions/3.10/lib/python3.10/site-packages/airflow/example_dags/example_sla_dag.py for tasks to queue
[2024-01-14T21:02:54.928+0200] {logging_mixin.py:188} INFO - [2024-01-14T21:02:54.928+0200] {dagbag.py:538} INFO - Filling up the DagBag from /Library/Frameworks/Python.framework/Versions/3.10/lib/python3.10/site-packages/airflow/example_dags/example_sla_dag.py
[2024-01-14T21:02:55.031+0200] {processor.py:840} INFO - DAG(s) 'example_sla_dag' retrieved from /Library/Frameworks/Python.framework/Versions/3.10/lib/python3.10/site-packages/airflow/example_dags/example_sla_dag.py
[2024-01-14T21:02:55.120+0200] {logging_mixin.py:188} INFO - [2024-01-14T21:02:55.119+0200] {dag.py:3033} INFO - Sync 1 DAGs
[2024-01-14T21:02:55.134+0200] {logging_mixin.py:188} INFO - [2024-01-14T21:02:55.134+0200] {dag.py:3820} INFO - Setting next_dagrun for example_sla_dag to 2024-01-14T19:00:00+00:00, run_after=2024-01-14T19:02:00+00:00
[2024-01-14T21:02:55.154+0200] {processor.py:183} INFO - Processing /Library/Frameworks/Python.framework/Versions/3.10/lib/python3.10/site-packages/airflow/example_dags/example_sla_dag.py took 0.232 seconds
[2024-01-15T00:20:27.663+0200] {processor.py:161} INFO - Started process (PID=50160) to work on /Library/Frameworks/Python.framework/Versions/3.10/lib/python3.10/site-packages/airflow/example_dags/example_sla_dag.py
[2024-01-15T00:20:27.667+0200] {processor.py:830} INFO - Processing file /Library/Frameworks/Python.framework/Versions/3.10/lib/python3.10/site-packages/airflow/example_dags/example_sla_dag.py for tasks to queue
[2024-01-15T00:20:27.668+0200] {logging_mixin.py:188} INFO - [2024-01-15T00:20:27.668+0200] {dagbag.py:538} INFO - Filling up the DagBag from /Library/Frameworks/Python.framework/Versions/3.10/lib/python3.10/site-packages/airflow/example_dags/example_sla_dag.py
[2024-01-15T00:20:27.767+0200] {processor.py:840} INFO - DAG(s) 'example_sla_dag' retrieved from /Library/Frameworks/Python.framework/Versions/3.10/lib/python3.10/site-packages/airflow/example_dags/example_sla_dag.py
[2024-01-15T00:20:27.866+0200] {logging_mixin.py:188} INFO - [2024-01-15T00:20:27.864+0200] {dag.py:3033} INFO - Sync 1 DAGs
[2024-01-15T00:20:27.882+0200] {logging_mixin.py:188} INFO - [2024-01-15T00:20:27.882+0200] {dag.py:3820} INFO - Setting next_dagrun for example_sla_dag to 2024-01-14T22:18:00+00:00, run_after=2024-01-14T22:20:00+00:00
[2024-01-15T00:20:27.903+0200] {processor.py:183} INFO - Processing /Library/Frameworks/Python.framework/Versions/3.10/lib/python3.10/site-packages/airflow/example_dags/example_sla_dag.py took 0.244 seconds
[2024-01-15T00:23:05.639+0200] {processor.py:161} INFO - Started process (PID=50273) to work on /Library/Frameworks/Python.framework/Versions/3.10/lib/python3.10/site-packages/airflow/example_dags/example_sla_dag.py
[2024-01-15T00:23:05.645+0200] {processor.py:830} INFO - Processing file /Library/Frameworks/Python.framework/Versions/3.10/lib/python3.10/site-packages/airflow/example_dags/example_sla_dag.py for tasks to queue
[2024-01-15T00:23:05.646+0200] {logging_mixin.py:188} INFO - [2024-01-15T00:23:05.646+0200] {dagbag.py:538} INFO - Filling up the DagBag from /Library/Frameworks/Python.framework/Versions/3.10/lib/python3.10/site-packages/airflow/example_dags/example_sla_dag.py
[2024-01-15T00:23:05.839+0200] {processor.py:840} INFO - DAG(s) 'example_sla_dag' retrieved from /Library/Frameworks/Python.framework/Versions/3.10/lib/python3.10/site-packages/airflow/example_dags/example_sla_dag.py
[2024-01-15T00:23:05.960+0200] {logging_mixin.py:188} INFO - [2024-01-15T00:23:05.959+0200] {dag.py:3033} INFO - Sync 1 DAGs
[2024-01-15T00:23:05.976+0200] {logging_mixin.py:188} INFO - [2024-01-15T00:23:05.976+0200] {dag.py:3820} INFO - Setting next_dagrun for example_sla_dag to 2024-01-14T22:20:00+00:00, run_after=2024-01-14T22:22:00+00:00
[2024-01-15T00:23:05.996+0200] {processor.py:183} INFO - Processing /Library/Frameworks/Python.framework/Versions/3.10/lib/python3.10/site-packages/airflow/example_dags/example_sla_dag.py took 0.360 seconds
[2024-01-15T00:25:36.198+0200] {processor.py:161} INFO - Started process (PID=50376) to work on /Library/Frameworks/Python.framework/Versions/3.10/lib/python3.10/site-packages/airflow/example_dags/example_sla_dag.py
[2024-01-15T00:25:36.203+0200] {processor.py:830} INFO - Processing file /Library/Frameworks/Python.framework/Versions/3.10/lib/python3.10/site-packages/airflow/example_dags/example_sla_dag.py for tasks to queue
[2024-01-15T00:25:36.204+0200] {logging_mixin.py:188} INFO - [2024-01-15T00:25:36.204+0200] {dagbag.py:538} INFO - Filling up the DagBag from /Library/Frameworks/Python.framework/Versions/3.10/lib/python3.10/site-packages/airflow/example_dags/example_sla_dag.py
[2024-01-15T00:25:36.313+0200] {processor.py:840} INFO - DAG(s) 'example_sla_dag' retrieved from /Library/Frameworks/Python.framework/Versions/3.10/lib/python3.10/site-packages/airflow/example_dags/example_sla_dag.py
[2024-01-15T00:25:36.404+0200] {logging_mixin.py:188} INFO - [2024-01-15T00:25:36.404+0200] {dag.py:3033} INFO - Sync 1 DAGs
[2024-01-15T00:25:36.419+0200] {logging_mixin.py:188} INFO - [2024-01-15T00:25:36.419+0200] {dag.py:3820} INFO - Setting next_dagrun for example_sla_dag to 2024-01-14T22:22:00+00:00, run_after=2024-01-14T22:24:00+00:00
[2024-01-15T00:25:36.438+0200] {processor.py:183} INFO - Processing /Library/Frameworks/Python.framework/Versions/3.10/lib/python3.10/site-packages/airflow/example_dags/example_sla_dag.py took 0.241 seconds
[2024-01-15T00:27:59.499+0200] {processor.py:161} INFO - Started process (PID=50468) to work on /Library/Frameworks/Python.framework/Versions/3.10/lib/python3.10/site-packages/airflow/example_dags/example_sla_dag.py
[2024-01-15T00:27:59.505+0200] {processor.py:830} INFO - Processing file /Library/Frameworks/Python.framework/Versions/3.10/lib/python3.10/site-packages/airflow/example_dags/example_sla_dag.py for tasks to queue
[2024-01-15T00:27:59.505+0200] {logging_mixin.py:188} INFO - [2024-01-15T00:27:59.505+0200] {dagbag.py:538} INFO - Filling up the DagBag from /Library/Frameworks/Python.framework/Versions/3.10/lib/python3.10/site-packages/airflow/example_dags/example_sla_dag.py
[2024-01-15T00:27:59.618+0200] {processor.py:840} INFO - DAG(s) 'example_sla_dag' retrieved from /Library/Frameworks/Python.framework/Versions/3.10/lib/python3.10/site-packages/airflow/example_dags/example_sla_dag.py
[2024-01-15T00:27:59.741+0200] {logging_mixin.py:188} INFO - [2024-01-15T00:27:59.740+0200] {dag.py:3033} INFO - Sync 1 DAGs
[2024-01-15T00:27:59.761+0200] {logging_mixin.py:188} INFO - [2024-01-15T00:27:59.761+0200] {dag.py:3820} INFO - Setting next_dagrun for example_sla_dag to 2024-01-14T22:24:00+00:00, run_after=2024-01-14T22:26:00+00:00
[2024-01-15T00:27:59.786+0200] {processor.py:183} INFO - Processing /Library/Frameworks/Python.framework/Versions/3.10/lib/python3.10/site-packages/airflow/example_dags/example_sla_dag.py took 0.289 seconds
[2024-01-15T00:30:33.544+0200] {processor.py:161} INFO - Started process (PID=50654) to work on /Library/Frameworks/Python.framework/Versions/3.10/lib/python3.10/site-packages/airflow/example_dags/example_sla_dag.py
[2024-01-15T00:30:33.549+0200] {processor.py:830} INFO - Processing file /Library/Frameworks/Python.framework/Versions/3.10/lib/python3.10/site-packages/airflow/example_dags/example_sla_dag.py for tasks to queue
[2024-01-15T00:30:33.550+0200] {logging_mixin.py:188} INFO - [2024-01-15T00:30:33.550+0200] {dagbag.py:538} INFO - Filling up the DagBag from /Library/Frameworks/Python.framework/Versions/3.10/lib/python3.10/site-packages/airflow/example_dags/example_sla_dag.py
[2024-01-15T00:30:33.634+0200] {processor.py:840} INFO - DAG(s) 'example_sla_dag' retrieved from /Library/Frameworks/Python.framework/Versions/3.10/lib/python3.10/site-packages/airflow/example_dags/example_sla_dag.py
[2024-01-15T00:30:33.722+0200] {logging_mixin.py:188} INFO - [2024-01-15T00:30:33.722+0200] {dag.py:3033} INFO - Sync 1 DAGs
[2024-01-15T00:30:33.741+0200] {logging_mixin.py:188} INFO - [2024-01-15T00:30:33.740+0200] {dag.py:3820} INFO - Setting next_dagrun for example_sla_dag to 2024-01-14T22:28:00+00:00, run_after=2024-01-14T22:30:00+00:00
[2024-01-15T00:30:33.761+0200] {processor.py:183} INFO - Processing /Library/Frameworks/Python.framework/Versions/3.10/lib/python3.10/site-packages/airflow/example_dags/example_sla_dag.py took 0.219 seconds
