[2024-01-14T15:57:56.212+0200] {processor.py:161} INFO - Started process (PID=49099) to work on /Library/Frameworks/Python.framework/Versions/3.10/lib/python3.10/site-packages/airflow/example_dags/example_branch_datetime_operator.py
[2024-01-14T15:57:56.230+0200] {processor.py:830} INFO - Processing file /Library/Frameworks/Python.framework/Versions/3.10/lib/python3.10/site-packages/airflow/example_dags/example_branch_datetime_operator.py for tasks to queue
[2024-01-14T15:57:56.232+0200] {logging_mixin.py:188} INFO - [2024-01-14T15:57:56.231+0200] {dagbag.py:538} INFO - Filling up the DagBag from /Library/Frameworks/Python.framework/Versions/3.10/lib/python3.10/site-packages/airflow/example_dags/example_branch_datetime_operator.py
[2024-01-14T15:57:56.284+0200] {processor.py:840} INFO - DAG(s) 'example_branch_datetime_operator', 'example_branch_datetime_operator_3', 'example_branch_datetime_operator_2' retrieved from /Library/Frameworks/Python.framework/Versions/3.10/lib/python3.10/site-packages/airflow/example_dags/example_branch_datetime_operator.py
[2024-01-14T15:57:56.657+0200] {logging_mixin.py:188} INFO - [2024-01-14T15:57:56.656+0200] {dag.py:3033} INFO - Sync 3 DAGs
[2024-01-14T15:57:56.701+0200] {logging_mixin.py:188} INFO - [2024-01-14T15:57:56.700+0200] {dag.py:3820} INFO - Setting next_dagrun for example_branch_datetime_operator to 2024-01-13T00:00:00+00:00, run_after=2024-01-14T00:00:00+00:00
[2024-01-14T15:57:56.712+0200] {logging_mixin.py:188} INFO - [2024-01-14T15:57:56.712+0200] {dag.py:3820} INFO - Setting next_dagrun for example_branch_datetime_operator_2 to 2024-01-13T00:00:00+00:00, run_after=2024-01-14T00:00:00+00:00
[2024-01-14T15:57:56.718+0200] {logging_mixin.py:188} INFO - [2024-01-14T15:57:56.717+0200] {dag.py:3820} INFO - Setting next_dagrun for example_branch_datetime_operator_3 to 2024-01-13T00:00:00+00:00, run_after=2024-01-14T00:00:00+00:00
[2024-01-14T15:57:56.773+0200] {processor.py:183} INFO - Processing /Library/Frameworks/Python.framework/Versions/3.10/lib/python3.10/site-packages/airflow/example_dags/example_branch_datetime_operator.py took 0.565 seconds
[2024-01-15T00:21:41.342+0200] {processor.py:161} INFO - Started process (PID=50216) to work on /Library/Frameworks/Python.framework/Versions/3.10/lib/python3.10/site-packages/airflow/example_dags/example_branch_datetime_operator.py
[2024-01-15T00:21:41.355+0200] {processor.py:830} INFO - Processing file /Library/Frameworks/Python.framework/Versions/3.10/lib/python3.10/site-packages/airflow/example_dags/example_branch_datetime_operator.py for tasks to queue
[2024-01-15T00:21:41.356+0200] {logging_mixin.py:188} INFO - [2024-01-15T00:21:41.356+0200] {dagbag.py:538} INFO - Filling up the DagBag from /Library/Frameworks/Python.framework/Versions/3.10/lib/python3.10/site-packages/airflow/example_dags/example_branch_datetime_operator.py
[2024-01-15T00:21:41.578+0200] {processor.py:840} INFO - DAG(s) 'example_branch_datetime_operator_3', 'example_branch_datetime_operator', 'example_branch_datetime_operator_2' retrieved from /Library/Frameworks/Python.framework/Versions/3.10/lib/python3.10/site-packages/airflow/example_dags/example_branch_datetime_operator.py
[2024-01-15T00:21:42.118+0200] {logging_mixin.py:188} INFO - [2024-01-15T00:21:42.117+0200] {dag.py:3033} INFO - Sync 3 DAGs
[2024-01-15T00:21:42.147+0200] {logging_mixin.py:188} INFO - [2024-01-15T00:21:42.147+0200] {dag.py:3820} INFO - Setting next_dagrun for example_branch_datetime_operator to 2024-01-13T00:00:00+00:00, run_after=2024-01-14T00:00:00+00:00
[2024-01-15T00:21:42.151+0200] {logging_mixin.py:188} INFO - [2024-01-15T00:21:42.151+0200] {dag.py:3820} INFO - Setting next_dagrun for example_branch_datetime_operator_2 to 2024-01-13T00:00:00+00:00, run_after=2024-01-14T00:00:00+00:00
[2024-01-15T00:21:42.153+0200] {logging_mixin.py:188} INFO - [2024-01-15T00:21:42.153+0200] {dag.py:3820} INFO - Setting next_dagrun for example_branch_datetime_operator_3 to 2024-01-13T00:00:00+00:00, run_after=2024-01-14T00:00:00+00:00
[2024-01-15T00:21:42.174+0200] {processor.py:183} INFO - Processing /Library/Frameworks/Python.framework/Versions/3.10/lib/python3.10/site-packages/airflow/example_dags/example_branch_datetime_operator.py took 0.834 seconds
[2024-01-15T00:26:40.252+0200] {processor.py:161} INFO - Started process (PID=50416) to work on /Library/Frameworks/Python.framework/Versions/3.10/lib/python3.10/site-packages/airflow/example_dags/example_branch_datetime_operator.py
[2024-01-15T00:26:40.257+0200] {processor.py:830} INFO - Processing file /Library/Frameworks/Python.framework/Versions/3.10/lib/python3.10/site-packages/airflow/example_dags/example_branch_datetime_operator.py for tasks to queue
[2024-01-15T00:26:40.259+0200] {logging_mixin.py:188} INFO - [2024-01-15T00:26:40.258+0200] {dagbag.py:538} INFO - Filling up the DagBag from /Library/Frameworks/Python.framework/Versions/3.10/lib/python3.10/site-packages/airflow/example_dags/example_branch_datetime_operator.py
[2024-01-15T00:26:40.275+0200] {processor.py:840} INFO - DAG(s) 'example_branch_datetime_operator_3', 'example_branch_datetime_operator_2', 'example_branch_datetime_operator' retrieved from /Library/Frameworks/Python.framework/Versions/3.10/lib/python3.10/site-packages/airflow/example_dags/example_branch_datetime_operator.py
[2024-01-15T00:26:40.431+0200] {logging_mixin.py:188} INFO - [2024-01-15T00:26:40.430+0200] {dag.py:3033} INFO - Sync 3 DAGs
[2024-01-15T00:26:40.447+0200] {logging_mixin.py:188} INFO - [2024-01-15T00:26:40.447+0200] {dag.py:3820} INFO - Setting next_dagrun for example_branch_datetime_operator to 2024-01-13T00:00:00+00:00, run_after=2024-01-14T00:00:00+00:00
[2024-01-15T00:26:40.451+0200] {logging_mixin.py:188} INFO - [2024-01-15T00:26:40.451+0200] {dag.py:3820} INFO - Setting next_dagrun for example_branch_datetime_operator_2 to 2024-01-13T00:00:00+00:00, run_after=2024-01-14T00:00:00+00:00
[2024-01-15T00:26:40.452+0200] {logging_mixin.py:188} INFO - [2024-01-15T00:26:40.452+0200] {dag.py:3820} INFO - Setting next_dagrun for example_branch_datetime_operator_3 to 2024-01-13T00:00:00+00:00, run_after=2024-01-14T00:00:00+00:00
[2024-01-15T00:26:40.467+0200] {processor.py:183} INFO - Processing /Library/Frameworks/Python.framework/Versions/3.10/lib/python3.10/site-packages/airflow/example_dags/example_branch_datetime_operator.py took 0.216 seconds
