[2024-01-14T11:53:33.906+0200] {processor.py:161} INFO - Started process (PID=48798) to work on /Library/Frameworks/Python.framework/Versions/3.10/lib/python3.10/site-packages/airflow/example_dags/example_task_group.py
[2024-01-14T11:53:33.911+0200] {processor.py:830} INFO - Processing file /Library/Frameworks/Python.framework/Versions/3.10/lib/python3.10/site-packages/airflow/example_dags/example_task_group.py for tasks to queue
[2024-01-14T11:53:33.912+0200] {logging_mixin.py:188} INFO - [2024-01-14T11:53:33.912+0200] {dagbag.py:538} INFO - Filling up the DagBag from /Library/Frameworks/Python.framework/Versions/3.10/lib/python3.10/site-packages/airflow/example_dags/example_task_group.py
[2024-01-14T11:53:33.969+0200] {processor.py:840} INFO - DAG(s) 'example_task_group' retrieved from /Library/Frameworks/Python.framework/Versions/3.10/lib/python3.10/site-packages/airflow/example_dags/example_task_group.py
[2024-01-14T11:53:34.071+0200] {logging_mixin.py:188} INFO - [2024-01-14T11:53:34.071+0200] {dag.py:3033} INFO - Sync 1 DAGs
[2024-01-14T11:53:34.085+0200] {logging_mixin.py:188} INFO - [2024-01-14T11:53:34.085+0200] {dag.py:3820} INFO - Setting next_dagrun for example_task_group to 2024-01-13T00:00:00+00:00, run_after=2024-01-14T00:00:00+00:00
[2024-01-14T11:53:34.105+0200] {processor.py:183} INFO - Processing /Library/Frameworks/Python.framework/Versions/3.10/lib/python3.10/site-packages/airflow/example_dags/example_task_group.py took 0.199 seconds
[2024-01-14T21:02:48.901+0200] {processor.py:161} INFO - Started process (PID=49301) to work on /Library/Frameworks/Python.framework/Versions/3.10/lib/python3.10/site-packages/airflow/example_dags/example_task_group.py
[2024-01-14T21:02:48.912+0200] {processor.py:830} INFO - Processing file /Library/Frameworks/Python.framework/Versions/3.10/lib/python3.10/site-packages/airflow/example_dags/example_task_group.py for tasks to queue
[2024-01-14T21:02:48.913+0200] {logging_mixin.py:188} INFO - [2024-01-14T21:02:48.913+0200] {dagbag.py:538} INFO - Filling up the DagBag from /Library/Frameworks/Python.framework/Versions/3.10/lib/python3.10/site-packages/airflow/example_dags/example_task_group.py
[2024-01-14T21:02:48.996+0200] {processor.py:840} INFO - DAG(s) 'example_task_group' retrieved from /Library/Frameworks/Python.framework/Versions/3.10/lib/python3.10/site-packages/airflow/example_dags/example_task_group.py
[2024-01-14T21:02:49.117+0200] {logging_mixin.py:188} INFO - [2024-01-14T21:02:49.117+0200] {dag.py:3033} INFO - Sync 1 DAGs
[2024-01-14T21:02:49.079+0200] {logging_mixin.py:188} INFO - [2024-01-14T21:02:49.078+0200] {dag.py:3820} INFO - Setting next_dagrun for example_task_group to 2024-01-13T00:00:00+00:00, run_after=2024-01-14T00:00:00+00:00
[2024-01-14T21:02:49.103+0200] {processor.py:183} INFO - Processing /Library/Frameworks/Python.framework/Versions/3.10/lib/python3.10/site-packages/airflow/example_dags/example_task_group.py took 0.259 seconds
[2024-01-15T00:20:23.122+0200] {processor.py:161} INFO - Started process (PID=50154) to work on /Library/Frameworks/Python.framework/Versions/3.10/lib/python3.10/site-packages/airflow/example_dags/example_task_group.py
[2024-01-15T00:20:23.127+0200] {processor.py:830} INFO - Processing file /Library/Frameworks/Python.framework/Versions/3.10/lib/python3.10/site-packages/airflow/example_dags/example_task_group.py for tasks to queue
[2024-01-15T00:20:23.128+0200] {logging_mixin.py:188} INFO - [2024-01-15T00:20:23.127+0200] {dagbag.py:538} INFO - Filling up the DagBag from /Library/Frameworks/Python.framework/Versions/3.10/lib/python3.10/site-packages/airflow/example_dags/example_task_group.py
[2024-01-15T00:20:23.178+0200] {processor.py:840} INFO - DAG(s) 'example_task_group' retrieved from /Library/Frameworks/Python.framework/Versions/3.10/lib/python3.10/site-packages/airflow/example_dags/example_task_group.py
[2024-01-15T00:20:23.278+0200] {logging_mixin.py:188} INFO - [2024-01-15T00:20:23.277+0200] {dag.py:3033} INFO - Sync 1 DAGs
[2024-01-15T00:20:23.291+0200] {logging_mixin.py:188} INFO - [2024-01-15T00:20:23.291+0200] {dag.py:3820} INFO - Setting next_dagrun for example_task_group to 2024-01-13T00:00:00+00:00, run_after=2024-01-14T00:00:00+00:00
[2024-01-15T00:20:23.309+0200] {processor.py:183} INFO - Processing /Library/Frameworks/Python.framework/Versions/3.10/lib/python3.10/site-packages/airflow/example_dags/example_task_group.py took 0.188 seconds
[2024-01-15T00:22:59.076+0200] {processor.py:161} INFO - Started process (PID=50271) to work on /Library/Frameworks/Python.framework/Versions/3.10/lib/python3.10/site-packages/airflow/example_dags/example_task_group.py
[2024-01-15T00:22:59.081+0200] {processor.py:830} INFO - Processing file /Library/Frameworks/Python.framework/Versions/3.10/lib/python3.10/site-packages/airflow/example_dags/example_task_group.py for tasks to queue
[2024-01-15T00:22:59.081+0200] {logging_mixin.py:188} INFO - [2024-01-15T00:22:59.081+0200] {dagbag.py:538} INFO - Filling up the DagBag from /Library/Frameworks/Python.framework/Versions/3.10/lib/python3.10/site-packages/airflow/example_dags/example_task_group.py
[2024-01-15T00:22:59.142+0200] {processor.py:840} INFO - DAG(s) 'example_task_group' retrieved from /Library/Frameworks/Python.framework/Versions/3.10/lib/python3.10/site-packages/airflow/example_dags/example_task_group.py
[2024-01-15T00:22:59.246+0200] {logging_mixin.py:188} INFO - [2024-01-15T00:22:59.246+0200] {dag.py:3033} INFO - Sync 1 DAGs
[2024-01-15T00:22:59.262+0200] {logging_mixin.py:188} INFO - [2024-01-15T00:22:59.262+0200] {dag.py:3820} INFO - Setting next_dagrun for example_task_group to 2024-01-13T00:00:00+00:00, run_after=2024-01-14T00:00:00+00:00
[2024-01-15T00:22:59.280+0200] {processor.py:183} INFO - Processing /Library/Frameworks/Python.framework/Versions/3.10/lib/python3.10/site-packages/airflow/example_dags/example_task_group.py took 0.206 seconds
[2024-01-15T00:25:29.853+0200] {processor.py:161} INFO - Started process (PID=50374) to work on /Library/Frameworks/Python.framework/Versions/3.10/lib/python3.10/site-packages/airflow/example_dags/example_task_group.py
[2024-01-15T00:25:29.857+0200] {processor.py:830} INFO - Processing file /Library/Frameworks/Python.framework/Versions/3.10/lib/python3.10/site-packages/airflow/example_dags/example_task_group.py for tasks to queue
[2024-01-15T00:25:29.858+0200] {logging_mixin.py:188} INFO - [2024-01-15T00:25:29.858+0200] {dagbag.py:538} INFO - Filling up the DagBag from /Library/Frameworks/Python.framework/Versions/3.10/lib/python3.10/site-packages/airflow/example_dags/example_task_group.py
[2024-01-15T00:25:29.932+0200] {processor.py:840} INFO - DAG(s) 'example_task_group' retrieved from /Library/Frameworks/Python.framework/Versions/3.10/lib/python3.10/site-packages/airflow/example_dags/example_task_group.py
[2024-01-15T00:25:30.037+0200] {logging_mixin.py:188} INFO - [2024-01-15T00:25:30.037+0200] {dag.py:3033} INFO - Sync 1 DAGs
[2024-01-15T00:25:30.052+0200] {logging_mixin.py:188} INFO - [2024-01-15T00:25:30.052+0200] {dag.py:3820} INFO - Setting next_dagrun for example_task_group to 2024-01-13T00:00:00+00:00, run_after=2024-01-14T00:00:00+00:00
[2024-01-15T00:25:30.068+0200] {processor.py:183} INFO - Processing /Library/Frameworks/Python.framework/Versions/3.10/lib/python3.10/site-packages/airflow/example_dags/example_task_group.py took 0.217 seconds
[2024-01-15T00:27:51.723+0200] {processor.py:161} INFO - Started process (PID=50466) to work on /Library/Frameworks/Python.framework/Versions/3.10/lib/python3.10/site-packages/airflow/example_dags/example_task_group.py
[2024-01-15T00:27:51.730+0200] {processor.py:830} INFO - Processing file /Library/Frameworks/Python.framework/Versions/3.10/lib/python3.10/site-packages/airflow/example_dags/example_task_group.py for tasks to queue
[2024-01-15T00:27:51.731+0200] {logging_mixin.py:188} INFO - [2024-01-15T00:27:51.731+0200] {dagbag.py:538} INFO - Filling up the DagBag from /Library/Frameworks/Python.framework/Versions/3.10/lib/python3.10/site-packages/airflow/example_dags/example_task_group.py
[2024-01-15T00:27:51.796+0200] {processor.py:840} INFO - DAG(s) 'example_task_group' retrieved from /Library/Frameworks/Python.framework/Versions/3.10/lib/python3.10/site-packages/airflow/example_dags/example_task_group.py
[2024-01-15T00:27:51.929+0200] {logging_mixin.py:188} INFO - [2024-01-15T00:27:51.929+0200] {dag.py:3033} INFO - Sync 1 DAGs
[2024-01-15T00:27:51.953+0200] {logging_mixin.py:188} INFO - [2024-01-15T00:27:51.952+0200] {dag.py:3820} INFO - Setting next_dagrun for example_task_group to 2024-01-13T00:00:00+00:00, run_after=2024-01-14T00:00:00+00:00
[2024-01-15T00:27:51.999+0200] {processor.py:183} INFO - Processing /Library/Frameworks/Python.framework/Versions/3.10/lib/python3.10/site-packages/airflow/example_dags/example_task_group.py took 0.278 seconds
[2024-01-15T00:30:27.265+0200] {processor.py:161} INFO - Started process (PID=50649) to work on /Library/Frameworks/Python.framework/Versions/3.10/lib/python3.10/site-packages/airflow/example_dags/example_task_group.py
[2024-01-15T00:30:27.269+0200] {processor.py:830} INFO - Processing file /Library/Frameworks/Python.framework/Versions/3.10/lib/python3.10/site-packages/airflow/example_dags/example_task_group.py for tasks to queue
[2024-01-15T00:30:27.270+0200] {logging_mixin.py:188} INFO - [2024-01-15T00:30:27.270+0200] {dagbag.py:538} INFO - Filling up the DagBag from /Library/Frameworks/Python.framework/Versions/3.10/lib/python3.10/site-packages/airflow/example_dags/example_task_group.py
[2024-01-15T00:30:27.331+0200] {processor.py:840} INFO - DAG(s) 'example_task_group' retrieved from /Library/Frameworks/Python.framework/Versions/3.10/lib/python3.10/site-packages/airflow/example_dags/example_task_group.py
[2024-01-15T00:30:27.432+0200] {logging_mixin.py:188} INFO - [2024-01-15T00:30:27.432+0200] {dag.py:3033} INFO - Sync 1 DAGs
[2024-01-15T00:30:27.446+0200] {logging_mixin.py:188} INFO - [2024-01-15T00:30:27.446+0200] {dag.py:3820} INFO - Setting next_dagrun for example_task_group to 2024-01-13T00:00:00+00:00, run_after=2024-01-14T00:00:00+00:00
[2024-01-15T00:30:27.462+0200] {processor.py:183} INFO - Processing /Library/Frameworks/Python.framework/Versions/3.10/lib/python3.10/site-packages/airflow/example_dags/example_task_group.py took 0.199 seconds
