[2024-01-14T11:03:36.936+0200] {processor.py:161} INFO - Started process (PID=48787) to work on /Library/Frameworks/Python.framework/Versions/3.10/lib/python3.10/site-packages/airflow/example_dags/example_trigger_controller_dag.py
[2024-01-14T11:03:36.949+0200] {processor.py:830} INFO - Processing file /Library/Frameworks/Python.framework/Versions/3.10/lib/python3.10/site-packages/airflow/example_dags/example_trigger_controller_dag.py for tasks to queue
[2024-01-14T11:03:36.950+0200] {logging_mixin.py:188} INFO - [2024-01-14T11:03:36.950+0200] {dagbag.py:538} INFO - Filling up the DagBag from /Library/Frameworks/Python.framework/Versions/3.10/lib/python3.10/site-packages/airflow/example_dags/example_trigger_controller_dag.py
[2024-01-14T11:03:37.060+0200] {processor.py:840} INFO - DAG(s) 'example_trigger_controller_dag' retrieved from /Library/Frameworks/Python.framework/Versions/3.10/lib/python3.10/site-packages/airflow/example_dags/example_trigger_controller_dag.py
[2024-01-14T11:03:37.267+0200] {logging_mixin.py:188} INFO - [2024-01-14T11:03:37.266+0200] {dag.py:3033} INFO - Sync 1 DAGs
[2024-01-14T11:03:37.301+0200] {logging_mixin.py:188} INFO - [2024-01-14T11:03:37.301+0200] {dag.py:3820} INFO - Setting next_dagrun for example_trigger_controller_dag to 2021-01-01T00:00:00+00:00, run_after=2021-01-01T00:00:00+00:00
[2024-01-14T11:03:37.341+0200] {processor.py:183} INFO - Processing /Library/Frameworks/Python.framework/Versions/3.10/lib/python3.10/site-packages/airflow/example_dags/example_trigger_controller_dag.py took 0.409 seconds
[2024-01-14T20:01:47.310+0200] {processor.py:161} INFO - Started process (PID=49266) to work on /Library/Frameworks/Python.framework/Versions/3.10/lib/python3.10/site-packages/airflow/example_dags/example_trigger_controller_dag.py
[2024-01-14T20:01:47.314+0200] {processor.py:830} INFO - Processing file /Library/Frameworks/Python.framework/Versions/3.10/lib/python3.10/site-packages/airflow/example_dags/example_trigger_controller_dag.py for tasks to queue
[2024-01-14T20:01:47.315+0200] {logging_mixin.py:188} INFO - [2024-01-14T20:01:47.315+0200] {dagbag.py:538} INFO - Filling up the DagBag from /Library/Frameworks/Python.framework/Versions/3.10/lib/python3.10/site-packages/airflow/example_dags/example_trigger_controller_dag.py
[2024-01-14T20:01:47.373+0200] {processor.py:840} INFO - DAG(s) 'example_trigger_controller_dag' retrieved from /Library/Frameworks/Python.framework/Versions/3.10/lib/python3.10/site-packages/airflow/example_dags/example_trigger_controller_dag.py
[2024-01-14T20:01:47.499+0200] {logging_mixin.py:188} INFO - [2024-01-14T20:01:47.499+0200] {dag.py:3033} INFO - Sync 1 DAGs
[2024-01-14T20:01:47.514+0200] {logging_mixin.py:188} INFO - [2024-01-14T20:01:47.514+0200] {dag.py:3820} INFO - Setting next_dagrun for example_trigger_controller_dag to 2021-01-01T00:00:00+00:00, run_after=2021-01-01T00:00:00+00:00
[2024-01-14T20:01:47.534+0200] {processor.py:183} INFO - Processing /Library/Frameworks/Python.framework/Versions/3.10/lib/python3.10/site-packages/airflow/example_dags/example_trigger_controller_dag.py took 0.226 seconds
[2024-01-15T00:20:14.116+0200] {processor.py:161} INFO - Started process (PID=50139) to work on /Library/Frameworks/Python.framework/Versions/3.10/lib/python3.10/site-packages/airflow/example_dags/example_trigger_controller_dag.py
[2024-01-15T00:20:14.120+0200] {processor.py:830} INFO - Processing file /Library/Frameworks/Python.framework/Versions/3.10/lib/python3.10/site-packages/airflow/example_dags/example_trigger_controller_dag.py for tasks to queue
[2024-01-15T00:20:14.121+0200] {logging_mixin.py:188} INFO - [2024-01-15T00:20:14.120+0200] {dagbag.py:538} INFO - Filling up the DagBag from /Library/Frameworks/Python.framework/Versions/3.10/lib/python3.10/site-packages/airflow/example_dags/example_trigger_controller_dag.py
[2024-01-15T00:20:14.184+0200] {processor.py:840} INFO - DAG(s) 'example_trigger_controller_dag' retrieved from /Library/Frameworks/Python.framework/Versions/3.10/lib/python3.10/site-packages/airflow/example_dags/example_trigger_controller_dag.py
[2024-01-15T00:20:14.279+0200] {logging_mixin.py:188} INFO - [2024-01-15T00:20:14.279+0200] {dag.py:3033} INFO - Sync 1 DAGs
[2024-01-15T00:20:14.295+0200] {logging_mixin.py:188} INFO - [2024-01-15T00:20:14.295+0200] {dag.py:3820} INFO - Setting next_dagrun for example_trigger_controller_dag to 2021-01-01T00:00:00+00:00, run_after=2021-01-01T00:00:00+00:00
[2024-01-15T00:20:14.312+0200] {processor.py:183} INFO - Processing /Library/Frameworks/Python.framework/Versions/3.10/lib/python3.10/site-packages/airflow/example_dags/example_trigger_controller_dag.py took 0.198 seconds
[2024-01-15T00:22:50.055+0200] {processor.py:161} INFO - Started process (PID=50268) to work on /Library/Frameworks/Python.framework/Versions/3.10/lib/python3.10/site-packages/airflow/example_dags/example_trigger_controller_dag.py
[2024-01-15T00:22:50.060+0200] {processor.py:830} INFO - Processing file /Library/Frameworks/Python.framework/Versions/3.10/lib/python3.10/site-packages/airflow/example_dags/example_trigger_controller_dag.py for tasks to queue
[2024-01-15T00:22:50.060+0200] {logging_mixin.py:188} INFO - [2024-01-15T00:22:50.060+0200] {dagbag.py:538} INFO - Filling up the DagBag from /Library/Frameworks/Python.framework/Versions/3.10/lib/python3.10/site-packages/airflow/example_dags/example_trigger_controller_dag.py
[2024-01-15T00:22:50.123+0200] {processor.py:840} INFO - DAG(s) 'example_trigger_controller_dag' retrieved from /Library/Frameworks/Python.framework/Versions/3.10/lib/python3.10/site-packages/airflow/example_dags/example_trigger_controller_dag.py
[2024-01-15T00:22:50.222+0200] {logging_mixin.py:188} INFO - [2024-01-15T00:22:50.222+0200] {dag.py:3033} INFO - Sync 1 DAGs
[2024-01-15T00:22:50.238+0200] {logging_mixin.py:188} INFO - [2024-01-15T00:22:50.238+0200] {dag.py:3820} INFO - Setting next_dagrun for example_trigger_controller_dag to 2021-01-01T00:00:00+00:00, run_after=2021-01-01T00:00:00+00:00
[2024-01-15T00:22:50.254+0200] {processor.py:183} INFO - Processing /Library/Frameworks/Python.framework/Versions/3.10/lib/python3.10/site-packages/airflow/example_dags/example_trigger_controller_dag.py took 0.200 seconds
[2024-01-15T00:25:19.343+0200] {processor.py:161} INFO - Started process (PID=50356) to work on /Library/Frameworks/Python.framework/Versions/3.10/lib/python3.10/site-packages/airflow/example_dags/example_trigger_controller_dag.py
[2024-01-15T00:25:19.347+0200] {processor.py:830} INFO - Processing file /Library/Frameworks/Python.framework/Versions/3.10/lib/python3.10/site-packages/airflow/example_dags/example_trigger_controller_dag.py for tasks to queue
[2024-01-15T00:25:19.348+0200] {logging_mixin.py:188} INFO - [2024-01-15T00:25:19.348+0200] {dagbag.py:538} INFO - Filling up the DagBag from /Library/Frameworks/Python.framework/Versions/3.10/lib/python3.10/site-packages/airflow/example_dags/example_trigger_controller_dag.py
[2024-01-15T00:25:19.408+0200] {processor.py:840} INFO - DAG(s) 'example_trigger_controller_dag' retrieved from /Library/Frameworks/Python.framework/Versions/3.10/lib/python3.10/site-packages/airflow/example_dags/example_trigger_controller_dag.py
[2024-01-15T00:25:19.502+0200] {logging_mixin.py:188} INFO - [2024-01-15T00:25:19.502+0200] {dag.py:3033} INFO - Sync 1 DAGs
[2024-01-15T00:25:19.516+0200] {logging_mixin.py:188} INFO - [2024-01-15T00:25:19.516+0200] {dag.py:3820} INFO - Setting next_dagrun for example_trigger_controller_dag to 2021-01-01T00:00:00+00:00, run_after=2021-01-01T00:00:00+00:00
[2024-01-15T00:25:19.537+0200] {processor.py:183} INFO - Processing /Library/Frameworks/Python.framework/Versions/3.10/lib/python3.10/site-packages/airflow/example_dags/example_trigger_controller_dag.py took 0.195 seconds
[2024-01-15T00:27:40.072+0200] {processor.py:161} INFO - Started process (PID=50461) to work on /Library/Frameworks/Python.framework/Versions/3.10/lib/python3.10/site-packages/airflow/example_dags/example_trigger_controller_dag.py
[2024-01-15T00:27:40.078+0200] {processor.py:830} INFO - Processing file /Library/Frameworks/Python.framework/Versions/3.10/lib/python3.10/site-packages/airflow/example_dags/example_trigger_controller_dag.py for tasks to queue
[2024-01-15T00:27:40.078+0200] {logging_mixin.py:188} INFO - [2024-01-15T00:27:40.078+0200] {dagbag.py:538} INFO - Filling up the DagBag from /Library/Frameworks/Python.framework/Versions/3.10/lib/python3.10/site-packages/airflow/example_dags/example_trigger_controller_dag.py
[2024-01-15T00:27:40.144+0200] {processor.py:840} INFO - DAG(s) 'example_trigger_controller_dag' retrieved from /Library/Frameworks/Python.framework/Versions/3.10/lib/python3.10/site-packages/airflow/example_dags/example_trigger_controller_dag.py
[2024-01-15T00:27:40.265+0200] {logging_mixin.py:188} INFO - [2024-01-15T00:27:40.264+0200] {dag.py:3033} INFO - Sync 1 DAGs
[2024-01-15T00:27:40.281+0200] {logging_mixin.py:188} INFO - [2024-01-15T00:27:40.281+0200] {dag.py:3820} INFO - Setting next_dagrun for example_trigger_controller_dag to 2021-01-01T00:00:00+00:00, run_after=2021-01-01T00:00:00+00:00
[2024-01-15T00:27:40.301+0200] {processor.py:183} INFO - Processing /Library/Frameworks/Python.framework/Versions/3.10/lib/python3.10/site-packages/airflow/example_dags/example_trigger_controller_dag.py took 0.231 seconds
[2024-01-15T00:30:18.231+0200] {processor.py:161} INFO - Started process (PID=50643) to work on /Library/Frameworks/Python.framework/Versions/3.10/lib/python3.10/site-packages/airflow/example_dags/example_trigger_controller_dag.py
[2024-01-15T00:30:18.236+0200] {processor.py:830} INFO - Processing file /Library/Frameworks/Python.framework/Versions/3.10/lib/python3.10/site-packages/airflow/example_dags/example_trigger_controller_dag.py for tasks to queue
[2024-01-15T00:30:18.236+0200] {logging_mixin.py:188} INFO - [2024-01-15T00:30:18.236+0200] {dagbag.py:538} INFO - Filling up the DagBag from /Library/Frameworks/Python.framework/Versions/3.10/lib/python3.10/site-packages/airflow/example_dags/example_trigger_controller_dag.py
[2024-01-15T00:30:18.293+0200] {processor.py:840} INFO - DAG(s) 'example_trigger_controller_dag' retrieved from /Library/Frameworks/Python.framework/Versions/3.10/lib/python3.10/site-packages/airflow/example_dags/example_trigger_controller_dag.py
[2024-01-15T00:30:18.383+0200] {logging_mixin.py:188} INFO - [2024-01-15T00:30:18.383+0200] {dag.py:3033} INFO - Sync 1 DAGs
[2024-01-15T00:30:18.399+0200] {logging_mixin.py:188} INFO - [2024-01-15T00:30:18.399+0200] {dag.py:3820} INFO - Setting next_dagrun for example_trigger_controller_dag to 2021-01-01T00:00:00+00:00, run_after=2021-01-01T00:00:00+00:00
[2024-01-15T00:30:18.416+0200] {processor.py:183} INFO - Processing /Library/Frameworks/Python.framework/Versions/3.10/lib/python3.10/site-packages/airflow/example_dags/example_trigger_controller_dag.py took 0.187 seconds
