[2024-01-14T11:54:20.593+0200] {processor.py:161} INFO - Started process (PID=48842) to work on /Library/Frameworks/Python.framework/Versions/3.10/lib/python3.10/site-packages/airflow/example_dags/example_setup_teardown_taskflow.py
[2024-01-14T11:54:20.603+0200] {processor.py:830} INFO - Processing file /Library/Frameworks/Python.framework/Versions/3.10/lib/python3.10/site-packages/airflow/example_dags/example_setup_teardown_taskflow.py for tasks to queue
[2024-01-14T11:54:20.604+0200] {logging_mixin.py:188} INFO - [2024-01-14T11:54:20.604+0200] {dagbag.py:538} INFO - Filling up the DagBag from /Library/Frameworks/Python.framework/Versions/3.10/lib/python3.10/site-packages/airflow/example_dags/example_setup_teardown_taskflow.py
[2024-01-14T11:54:20.769+0200] {processor.py:840} INFO - DAG(s) 'example_setup_teardown_taskflow' retrieved from /Library/Frameworks/Python.framework/Versions/3.10/lib/python3.10/site-packages/airflow/example_dags/example_setup_teardown_taskflow.py
[2024-01-14T11:54:21.001+0200] {logging_mixin.py:188} INFO - [2024-01-14T11:54:21.000+0200] {dag.py:3033} INFO - Sync 1 DAGs
[2024-01-14T11:54:21.034+0200] {logging_mixin.py:188} INFO - [2024-01-14T11:54:21.033+0200] {dag.py:3820} INFO - Setting next_dagrun for example_setup_teardown_taskflow to 2024-01-13T00:00:00+00:00, run_after=2024-01-14T00:00:00+00:00
[2024-01-14T11:54:21.077+0200] {processor.py:183} INFO - Processing /Library/Frameworks/Python.framework/Versions/3.10/lib/python3.10/site-packages/airflow/example_dags/example_setup_teardown_taskflow.py took 0.488 seconds
[2024-01-14T21:03:19.860+0200] {processor.py:161} INFO - Started process (PID=49324) to work on /Library/Frameworks/Python.framework/Versions/3.10/lib/python3.10/site-packages/airflow/example_dags/example_setup_teardown_taskflow.py
[2024-01-14T21:03:19.871+0200] {processor.py:830} INFO - Processing file /Library/Frameworks/Python.framework/Versions/3.10/lib/python3.10/site-packages/airflow/example_dags/example_setup_teardown_taskflow.py for tasks to queue
[2024-01-14T21:03:19.872+0200] {logging_mixin.py:188} INFO - [2024-01-14T21:03:19.872+0200] {dagbag.py:538} INFO - Filling up the DagBag from /Library/Frameworks/Python.framework/Versions/3.10/lib/python3.10/site-packages/airflow/example_dags/example_setup_teardown_taskflow.py
[2024-01-14T21:03:20.054+0200] {processor.py:840} INFO - DAG(s) 'example_setup_teardown_taskflow' retrieved from /Library/Frameworks/Python.framework/Versions/3.10/lib/python3.10/site-packages/airflow/example_dags/example_setup_teardown_taskflow.py
[2024-01-14T21:03:20.286+0200] {logging_mixin.py:188} INFO - [2024-01-14T21:03:20.285+0200] {dag.py:3033} INFO - Sync 1 DAGs
[2024-01-14T21:03:20.319+0200] {logging_mixin.py:188} INFO - [2024-01-14T21:03:20.319+0200] {dag.py:3820} INFO - Setting next_dagrun for example_setup_teardown_taskflow to 2024-01-13T00:00:00+00:00, run_after=2024-01-14T00:00:00+00:00
[2024-01-14T21:03:20.361+0200] {processor.py:183} INFO - Processing /Library/Frameworks/Python.framework/Versions/3.10/lib/python3.10/site-packages/airflow/example_dags/example_setup_teardown_taskflow.py took 0.506 seconds
[2024-01-15T00:20:40.404+0200] {processor.py:161} INFO - Started process (PID=50164) to work on /Library/Frameworks/Python.framework/Versions/3.10/lib/python3.10/site-packages/airflow/example_dags/example_setup_teardown_taskflow.py
[2024-01-15T00:20:40.408+0200] {processor.py:830} INFO - Processing file /Library/Frameworks/Python.framework/Versions/3.10/lib/python3.10/site-packages/airflow/example_dags/example_setup_teardown_taskflow.py for tasks to queue
[2024-01-15T00:20:40.409+0200] {logging_mixin.py:188} INFO - [2024-01-15T00:20:40.409+0200] {dagbag.py:538} INFO - Filling up the DagBag from /Library/Frameworks/Python.framework/Versions/3.10/lib/python3.10/site-packages/airflow/example_dags/example_setup_teardown_taskflow.py
[2024-01-15T00:20:40.503+0200] {processor.py:840} INFO - DAG(s) 'example_setup_teardown_taskflow' retrieved from /Library/Frameworks/Python.framework/Versions/3.10/lib/python3.10/site-packages/airflow/example_dags/example_setup_teardown_taskflow.py
[2024-01-15T00:20:40.598+0200] {logging_mixin.py:188} INFO - [2024-01-15T00:20:40.598+0200] {dag.py:3033} INFO - Sync 1 DAGs
[2024-01-15T00:20:40.611+0200] {logging_mixin.py:188} INFO - [2024-01-15T00:20:40.611+0200] {dag.py:3820} INFO - Setting next_dagrun for example_setup_teardown_taskflow to 2024-01-13T00:00:00+00:00, run_after=2024-01-14T00:00:00+00:00
[2024-01-15T00:20:40.629+0200] {processor.py:183} INFO - Processing /Library/Frameworks/Python.framework/Versions/3.10/lib/python3.10/site-packages/airflow/example_dags/example_setup_teardown_taskflow.py took 0.227 seconds
[2024-01-15T00:23:19.002+0200] {processor.py:161} INFO - Started process (PID=50277) to work on /Library/Frameworks/Python.framework/Versions/3.10/lib/python3.10/site-packages/airflow/example_dags/example_setup_teardown_taskflow.py
[2024-01-15T00:23:19.012+0200] {processor.py:830} INFO - Processing file /Library/Frameworks/Python.framework/Versions/3.10/lib/python3.10/site-packages/airflow/example_dags/example_setup_teardown_taskflow.py for tasks to queue
[2024-01-15T00:23:19.013+0200] {logging_mixin.py:188} INFO - [2024-01-15T00:23:19.012+0200] {dagbag.py:538} INFO - Filling up the DagBag from /Library/Frameworks/Python.framework/Versions/3.10/lib/python3.10/site-packages/airflow/example_dags/example_setup_teardown_taskflow.py
[2024-01-15T00:23:19.117+0200] {processor.py:840} INFO - DAG(s) 'example_setup_teardown_taskflow' retrieved from /Library/Frameworks/Python.framework/Versions/3.10/lib/python3.10/site-packages/airflow/example_dags/example_setup_teardown_taskflow.py
[2024-01-15T00:23:19.224+0200] {logging_mixin.py:188} INFO - [2024-01-15T00:23:19.223+0200] {dag.py:3033} INFO - Sync 1 DAGs
[2024-01-15T00:23:19.239+0200] {logging_mixin.py:188} INFO - [2024-01-15T00:23:19.238+0200] {dag.py:3820} INFO - Setting next_dagrun for example_setup_teardown_taskflow to 2024-01-13T00:00:00+00:00, run_after=2024-01-14T00:00:00+00:00
[2024-01-15T00:23:19.260+0200] {processor.py:183} INFO - Processing /Library/Frameworks/Python.framework/Versions/3.10/lib/python3.10/site-packages/airflow/example_dags/example_setup_teardown_taskflow.py took 0.259 seconds
[2024-01-15T00:25:48.817+0200] {processor.py:161} INFO - Started process (PID=50381) to work on /Library/Frameworks/Python.framework/Versions/3.10/lib/python3.10/site-packages/airflow/example_dags/example_setup_teardown_taskflow.py
[2024-01-15T00:25:48.823+0200] {processor.py:830} INFO - Processing file /Library/Frameworks/Python.framework/Versions/3.10/lib/python3.10/site-packages/airflow/example_dags/example_setup_teardown_taskflow.py for tasks to queue
[2024-01-15T00:25:48.823+0200] {logging_mixin.py:188} INFO - [2024-01-15T00:25:48.823+0200] {dagbag.py:538} INFO - Filling up the DagBag from /Library/Frameworks/Python.framework/Versions/3.10/lib/python3.10/site-packages/airflow/example_dags/example_setup_teardown_taskflow.py
[2024-01-15T00:25:48.919+0200] {processor.py:840} INFO - DAG(s) 'example_setup_teardown_taskflow' retrieved from /Library/Frameworks/Python.framework/Versions/3.10/lib/python3.10/site-packages/airflow/example_dags/example_setup_teardown_taskflow.py
[2024-01-15T00:25:49.019+0200] {logging_mixin.py:188} INFO - [2024-01-15T00:25:49.019+0200] {dag.py:3033} INFO - Sync 1 DAGs
[2024-01-15T00:25:49.034+0200] {logging_mixin.py:188} INFO - [2024-01-15T00:25:49.033+0200] {dag.py:3820} INFO - Setting next_dagrun for example_setup_teardown_taskflow to 2024-01-13T00:00:00+00:00, run_after=2024-01-14T00:00:00+00:00
[2024-01-15T00:25:49.052+0200] {processor.py:183} INFO - Processing /Library/Frameworks/Python.framework/Versions/3.10/lib/python3.10/site-packages/airflow/example_dags/example_setup_teardown_taskflow.py took 0.237 seconds
[2024-01-15T00:28:15.996+0200] {processor.py:161} INFO - Started process (PID=50472) to work on /Library/Frameworks/Python.framework/Versions/3.10/lib/python3.10/site-packages/airflow/example_dags/example_setup_teardown_taskflow.py
[2024-01-15T00:28:16.002+0200] {processor.py:830} INFO - Processing file /Library/Frameworks/Python.framework/Versions/3.10/lib/python3.10/site-packages/airflow/example_dags/example_setup_teardown_taskflow.py for tasks to queue
[2024-01-15T00:28:16.003+0200] {logging_mixin.py:188} INFO - [2024-01-15T00:28:16.003+0200] {dagbag.py:538} INFO - Filling up the DagBag from /Library/Frameworks/Python.framework/Versions/3.10/lib/python3.10/site-packages/airflow/example_dags/example_setup_teardown_taskflow.py
[2024-01-15T00:28:16.134+0200] {processor.py:840} INFO - DAG(s) 'example_setup_teardown_taskflow' retrieved from /Library/Frameworks/Python.framework/Versions/3.10/lib/python3.10/site-packages/airflow/example_dags/example_setup_teardown_taskflow.py
[2024-01-15T00:28:16.280+0200] {logging_mixin.py:188} INFO - [2024-01-15T00:28:16.279+0200] {dag.py:3033} INFO - Sync 1 DAGs
[2024-01-15T00:28:16.299+0200] {logging_mixin.py:188} INFO - [2024-01-15T00:28:16.299+0200] {dag.py:3820} INFO - Setting next_dagrun for example_setup_teardown_taskflow to 2024-01-13T00:00:00+00:00, run_after=2024-01-14T00:00:00+00:00
[2024-01-15T00:28:16.325+0200] {processor.py:183} INFO - Processing /Library/Frameworks/Python.framework/Versions/3.10/lib/python3.10/site-packages/airflow/example_dags/example_setup_teardown_taskflow.py took 0.331 seconds
[2024-01-15T00:30:46.870+0200] {processor.py:161} INFO - Started process (PID=50673) to work on /Library/Frameworks/Python.framework/Versions/3.10/lib/python3.10/site-packages/airflow/example_dags/example_setup_teardown_taskflow.py
[2024-01-15T00:30:46.875+0200] {processor.py:830} INFO - Processing file /Library/Frameworks/Python.framework/Versions/3.10/lib/python3.10/site-packages/airflow/example_dags/example_setup_teardown_taskflow.py for tasks to queue
[2024-01-15T00:30:46.876+0200] {logging_mixin.py:188} INFO - [2024-01-15T00:30:46.876+0200] {dagbag.py:538} INFO - Filling up the DagBag from /Library/Frameworks/Python.framework/Versions/3.10/lib/python3.10/site-packages/airflow/example_dags/example_setup_teardown_taskflow.py
[2024-01-15T00:30:46.959+0200] {processor.py:840} INFO - DAG(s) 'example_setup_teardown_taskflow' retrieved from /Library/Frameworks/Python.framework/Versions/3.10/lib/python3.10/site-packages/airflow/example_dags/example_setup_teardown_taskflow.py
[2024-01-15T00:30:47.046+0200] {logging_mixin.py:188} INFO - [2024-01-15T00:30:47.046+0200] {dag.py:3033} INFO - Sync 1 DAGs
[2024-01-15T00:30:47.059+0200] {logging_mixin.py:188} INFO - [2024-01-15T00:30:47.059+0200] {dag.py:3820} INFO - Setting next_dagrun for example_setup_teardown_taskflow to 2024-01-13T00:00:00+00:00, run_after=2024-01-14T00:00:00+00:00
[2024-01-15T00:30:47.075+0200] {processor.py:183} INFO - Processing /Library/Frameworks/Python.framework/Versions/3.10/lib/python3.10/site-packages/airflow/example_dags/example_setup_teardown_taskflow.py took 0.207 seconds
