[2024-01-14T11:03:42.937+0200] {processor.py:161} INFO - Started process (PID=48789) to work on /Library/Frameworks/Python.framework/Versions/3.10/lib/python3.10/site-packages/airflow/example_dags/example_time_delta_sensor_async.py
[2024-01-14T11:03:42.949+0200] {processor.py:830} INFO - Processing file /Library/Frameworks/Python.framework/Versions/3.10/lib/python3.10/site-packages/airflow/example_dags/example_time_delta_sensor_async.py for tasks to queue
[2024-01-14T11:03:42.951+0200] {logging_mixin.py:188} INFO - [2024-01-14T11:03:42.950+0200] {dagbag.py:538} INFO - Filling up the DagBag from /Library/Frameworks/Python.framework/Versions/3.10/lib/python3.10/site-packages/airflow/example_dags/example_time_delta_sensor_async.py
[2024-01-14T11:03:42.981+0200] {processor.py:840} INFO - DAG(s) 'example_time_delta_sensor_async' retrieved from /Library/Frameworks/Python.framework/Versions/3.10/lib/python3.10/site-packages/airflow/example_dags/example_time_delta_sensor_async.py
[2024-01-14T11:03:43.380+0200] {logging_mixin.py:188} INFO - [2024-01-14T11:03:43.380+0200] {dag.py:3033} INFO - Sync 1 DAGs
[2024-01-14T11:03:43.400+0200] {logging_mixin.py:188} INFO - [2024-01-14T11:03:43.400+0200] {dag.py:3820} INFO - Setting next_dagrun for example_time_delta_sensor_async to None, run_after=None
[2024-01-14T11:03:43.442+0200] {processor.py:183} INFO - Processing /Library/Frameworks/Python.framework/Versions/3.10/lib/python3.10/site-packages/airflow/example_dags/example_time_delta_sensor_async.py took 0.509 seconds
[2024-01-14T20:01:50.362+0200] {processor.py:161} INFO - Started process (PID=49279) to work on /Library/Frameworks/Python.framework/Versions/3.10/lib/python3.10/site-packages/airflow/example_dags/example_time_delta_sensor_async.py
[2024-01-14T20:01:50.367+0200] {processor.py:830} INFO - Processing file /Library/Frameworks/Python.framework/Versions/3.10/lib/python3.10/site-packages/airflow/example_dags/example_time_delta_sensor_async.py for tasks to queue
[2024-01-14T20:01:50.368+0200] {logging_mixin.py:188} INFO - [2024-01-14T20:01:50.368+0200] {dagbag.py:538} INFO - Filling up the DagBag from /Library/Frameworks/Python.framework/Versions/3.10/lib/python3.10/site-packages/airflow/example_dags/example_time_delta_sensor_async.py
[2024-01-14T20:01:50.378+0200] {processor.py:840} INFO - DAG(s) 'example_time_delta_sensor_async' retrieved from /Library/Frameworks/Python.framework/Versions/3.10/lib/python3.10/site-packages/airflow/example_dags/example_time_delta_sensor_async.py
[2024-01-14T20:01:50.527+0200] {logging_mixin.py:188} INFO - [2024-01-14T20:01:50.527+0200] {dag.py:3033} INFO - Sync 1 DAGs
[2024-01-14T20:01:50.535+0200] {logging_mixin.py:188} INFO - [2024-01-14T20:01:50.534+0200] {dag.py:3820} INFO - Setting next_dagrun for example_time_delta_sensor_async to None, run_after=None
[2024-01-14T20:01:50.551+0200] {processor.py:183} INFO - Processing /Library/Frameworks/Python.framework/Versions/3.10/lib/python3.10/site-packages/airflow/example_dags/example_time_delta_sensor_async.py took 0.191 seconds
[2024-01-15T00:20:17.359+0200] {processor.py:161} INFO - Started process (PID=50141) to work on /Library/Frameworks/Python.framework/Versions/3.10/lib/python3.10/site-packages/airflow/example_dags/example_time_delta_sensor_async.py
[2024-01-15T00:20:17.366+0200] {processor.py:830} INFO - Processing file /Library/Frameworks/Python.framework/Versions/3.10/lib/python3.10/site-packages/airflow/example_dags/example_time_delta_sensor_async.py for tasks to queue
[2024-01-15T00:20:17.367+0200] {logging_mixin.py:188} INFO - [2024-01-15T00:20:17.367+0200] {dagbag.py:538} INFO - Filling up the DagBag from /Library/Frameworks/Python.framework/Versions/3.10/lib/python3.10/site-packages/airflow/example_dags/example_time_delta_sensor_async.py
[2024-01-15T00:20:17.381+0200] {processor.py:840} INFO - DAG(s) 'example_time_delta_sensor_async' retrieved from /Library/Frameworks/Python.framework/Versions/3.10/lib/python3.10/site-packages/airflow/example_dags/example_time_delta_sensor_async.py
[2024-01-15T00:20:17.571+0200] {logging_mixin.py:188} INFO - [2024-01-15T00:20:17.571+0200] {dag.py:3033} INFO - Sync 1 DAGs
[2024-01-15T00:20:17.580+0200] {logging_mixin.py:188} INFO - [2024-01-15T00:20:17.580+0200] {dag.py:3820} INFO - Setting next_dagrun for example_time_delta_sensor_async to None, run_after=None
[2024-01-15T00:20:17.599+0200] {processor.py:183} INFO - Processing /Library/Frameworks/Python.framework/Versions/3.10/lib/python3.10/site-packages/airflow/example_dags/example_time_delta_sensor_async.py took 0.241 seconds
[2024-01-15T00:22:53.225+0200] {processor.py:161} INFO - Started process (PID=50269) to work on /Library/Frameworks/Python.framework/Versions/3.10/lib/python3.10/site-packages/airflow/example_dags/example_time_delta_sensor_async.py
[2024-01-15T00:22:53.231+0200] {processor.py:830} INFO - Processing file /Library/Frameworks/Python.framework/Versions/3.10/lib/python3.10/site-packages/airflow/example_dags/example_time_delta_sensor_async.py for tasks to queue
[2024-01-15T00:22:53.231+0200] {logging_mixin.py:188} INFO - [2024-01-15T00:22:53.231+0200] {dagbag.py:538} INFO - Filling up the DagBag from /Library/Frameworks/Python.framework/Versions/3.10/lib/python3.10/site-packages/airflow/example_dags/example_time_delta_sensor_async.py
[2024-01-15T00:22:53.242+0200] {processor.py:840} INFO - DAG(s) 'example_time_delta_sensor_async' retrieved from /Library/Frameworks/Python.framework/Versions/3.10/lib/python3.10/site-packages/airflow/example_dags/example_time_delta_sensor_async.py
[2024-01-15T00:22:53.409+0200] {logging_mixin.py:188} INFO - [2024-01-15T00:22:53.408+0200] {dag.py:3033} INFO - Sync 1 DAGs
[2024-01-15T00:22:53.417+0200] {logging_mixin.py:188} INFO - [2024-01-15T00:22:53.416+0200] {dag.py:3820} INFO - Setting next_dagrun for example_time_delta_sensor_async to None, run_after=None
[2024-01-15T00:22:53.434+0200] {processor.py:183} INFO - Processing /Library/Frameworks/Python.framework/Versions/3.10/lib/python3.10/site-packages/airflow/example_dags/example_time_delta_sensor_async.py took 0.210 seconds
[2024-01-15T00:25:22.733+0200] {processor.py:161} INFO - Started process (PID=50357) to work on /Library/Frameworks/Python.framework/Versions/3.10/lib/python3.10/site-packages/airflow/example_dags/example_time_delta_sensor_async.py
[2024-01-15T00:25:22.737+0200] {processor.py:830} INFO - Processing file /Library/Frameworks/Python.framework/Versions/3.10/lib/python3.10/site-packages/airflow/example_dags/example_time_delta_sensor_async.py for tasks to queue
[2024-01-15T00:25:22.738+0200] {logging_mixin.py:188} INFO - [2024-01-15T00:25:22.738+0200] {dagbag.py:538} INFO - Filling up the DagBag from /Library/Frameworks/Python.framework/Versions/3.10/lib/python3.10/site-packages/airflow/example_dags/example_time_delta_sensor_async.py
[2024-01-15T00:25:22.750+0200] {processor.py:840} INFO - DAG(s) 'example_time_delta_sensor_async' retrieved from /Library/Frameworks/Python.framework/Versions/3.10/lib/python3.10/site-packages/airflow/example_dags/example_time_delta_sensor_async.py
[2024-01-15T00:25:22.906+0200] {logging_mixin.py:188} INFO - [2024-01-15T00:25:22.905+0200] {dag.py:3033} INFO - Sync 1 DAGs
[2024-01-15T00:25:22.914+0200] {logging_mixin.py:188} INFO - [2024-01-15T00:25:22.914+0200] {dag.py:3820} INFO - Setting next_dagrun for example_time_delta_sensor_async to None, run_after=None
[2024-01-15T00:25:22.931+0200] {processor.py:183} INFO - Processing /Library/Frameworks/Python.framework/Versions/3.10/lib/python3.10/site-packages/airflow/example_dags/example_time_delta_sensor_async.py took 0.200 seconds
[2024-01-15T00:27:43.503+0200] {processor.py:161} INFO - Started process (PID=50462) to work on /Library/Frameworks/Python.framework/Versions/3.10/lib/python3.10/site-packages/airflow/example_dags/example_time_delta_sensor_async.py
[2024-01-15T00:27:43.507+0200] {processor.py:830} INFO - Processing file /Library/Frameworks/Python.framework/Versions/3.10/lib/python3.10/site-packages/airflow/example_dags/example_time_delta_sensor_async.py for tasks to queue
[2024-01-15T00:27:43.508+0200] {logging_mixin.py:188} INFO - [2024-01-15T00:27:43.508+0200] {dagbag.py:538} INFO - Filling up the DagBag from /Library/Frameworks/Python.framework/Versions/3.10/lib/python3.10/site-packages/airflow/example_dags/example_time_delta_sensor_async.py
[2024-01-15T00:27:43.521+0200] {processor.py:840} INFO - DAG(s) 'example_time_delta_sensor_async' retrieved from /Library/Frameworks/Python.framework/Versions/3.10/lib/python3.10/site-packages/airflow/example_dags/example_time_delta_sensor_async.py
[2024-01-15T00:27:43.684+0200] {logging_mixin.py:188} INFO - [2024-01-15T00:27:43.684+0200] {dag.py:3033} INFO - Sync 1 DAGs
[2024-01-15T00:27:43.693+0200] {logging_mixin.py:188} INFO - [2024-01-15T00:27:43.692+0200] {dag.py:3820} INFO - Setting next_dagrun for example_time_delta_sensor_async to None, run_after=None
[2024-01-15T00:27:43.710+0200] {processor.py:183} INFO - Processing /Library/Frameworks/Python.framework/Versions/3.10/lib/python3.10/site-packages/airflow/example_dags/example_time_delta_sensor_async.py took 0.209 seconds
[2024-01-15T00:30:21.256+0200] {processor.py:161} INFO - Started process (PID=50644) to work on /Library/Frameworks/Python.framework/Versions/3.10/lib/python3.10/site-packages/airflow/example_dags/example_time_delta_sensor_async.py
[2024-01-15T00:30:21.261+0200] {processor.py:830} INFO - Processing file /Library/Frameworks/Python.framework/Versions/3.10/lib/python3.10/site-packages/airflow/example_dags/example_time_delta_sensor_async.py for tasks to queue
[2024-01-15T00:30:21.262+0200] {logging_mixin.py:188} INFO - [2024-01-15T00:30:21.261+0200] {dagbag.py:538} INFO - Filling up the DagBag from /Library/Frameworks/Python.framework/Versions/3.10/lib/python3.10/site-packages/airflow/example_dags/example_time_delta_sensor_async.py
[2024-01-15T00:30:21.278+0200] {processor.py:840} INFO - DAG(s) 'example_time_delta_sensor_async' retrieved from /Library/Frameworks/Python.framework/Versions/3.10/lib/python3.10/site-packages/airflow/example_dags/example_time_delta_sensor_async.py
[2024-01-15T00:30:21.440+0200] {logging_mixin.py:188} INFO - [2024-01-15T00:30:21.440+0200] {dag.py:3033} INFO - Sync 1 DAGs
[2024-01-15T00:30:21.447+0200] {logging_mixin.py:188} INFO - [2024-01-15T00:30:21.447+0200] {dag.py:3820} INFO - Setting next_dagrun for example_time_delta_sensor_async to None, run_after=None
[2024-01-15T00:30:21.465+0200] {processor.py:183} INFO - Processing /Library/Frameworks/Python.framework/Versions/3.10/lib/python3.10/site-packages/airflow/example_dags/example_time_delta_sensor_async.py took 0.211 seconds
