[2024-01-14T06:49:59.383+0200] {processor.py:161} INFO - Started process (PID=48008) to work on /Library/Frameworks/Python.framework/Versions/3.10/lib/python3.10/site-packages/airflow/example_dags/example_external_task_marker_dag.py
[2024-01-14T06:49:59.399+0200] {processor.py:830} INFO - Processing file /Library/Frameworks/Python.framework/Versions/3.10/lib/python3.10/site-packages/airflow/example_dags/example_external_task_marker_dag.py for tasks to queue
[2024-01-14T06:49:59.401+0200] {logging_mixin.py:188} INFO - [2024-01-14T06:49:59.400+0200] {dagbag.py:538} INFO - Filling up the DagBag from /Library/Frameworks/Python.framework/Versions/3.10/lib/python3.10/site-packages/airflow/example_dags/example_external_task_marker_dag.py
[2024-01-14T06:49:59.546+0200] {processor.py:840} INFO - DAG(s) 'example_external_task_marker_child', 'example_external_task_marker_parent' retrieved from /Library/Frameworks/Python.framework/Versions/3.10/lib/python3.10/site-packages/airflow/example_dags/example_external_task_marker_dag.py
[2024-01-14T06:49:59.845+0200] {logging_mixin.py:188} INFO - [2024-01-14T06:49:59.844+0200] {dag.py:3033} INFO - Sync 2 DAGs
[2024-01-14T06:49:59.867+0200] {logging_mixin.py:188} INFO - [2024-01-14T06:49:59.866+0200] {dag.py:3820} INFO - Setting next_dagrun for example_external_task_marker_child to None, run_after=None
[2024-01-14T06:49:59.874+0200] {logging_mixin.py:188} INFO - [2024-01-14T06:49:59.873+0200] {dag.py:3820} INFO - Setting next_dagrun for example_external_task_marker_parent to None, run_after=None
[2024-01-14T06:49:59.916+0200] {processor.py:183} INFO - Processing /Library/Frameworks/Python.framework/Versions/3.10/lib/python3.10/site-packages/airflow/example_dags/example_external_task_marker_dag.py took 0.538 seconds
[2024-01-14T14:56:42.533+0200] {processor.py:161} INFO - Started process (PID=49039) to work on /Library/Frameworks/Python.framework/Versions/3.10/lib/python3.10/site-packages/airflow/example_dags/example_external_task_marker_dag.py
[2024-01-14T14:56:42.545+0200] {processor.py:830} INFO - Processing file /Library/Frameworks/Python.framework/Versions/3.10/lib/python3.10/site-packages/airflow/example_dags/example_external_task_marker_dag.py for tasks to queue
[2024-01-14T14:56:42.546+0200] {logging_mixin.py:188} INFO - [2024-01-14T14:56:42.546+0200] {dagbag.py:538} INFO - Filling up the DagBag from /Library/Frameworks/Python.framework/Versions/3.10/lib/python3.10/site-packages/airflow/example_dags/example_external_task_marker_dag.py
[2024-01-14T14:56:42.603+0200] {processor.py:840} INFO - DAG(s) 'example_external_task_marker_child', 'example_external_task_marker_parent' retrieved from /Library/Frameworks/Python.framework/Versions/3.10/lib/python3.10/site-packages/airflow/example_dags/example_external_task_marker_dag.py
[2024-01-14T14:56:42.708+0200] {logging_mixin.py:188} INFO - [2024-01-14T14:56:42.708+0200] {dag.py:3033} INFO - Sync 2 DAGs
[2024-01-14T14:56:42.716+0200] {logging_mixin.py:188} INFO - [2024-01-14T14:56:42.715+0200] {dag.py:3820} INFO - Setting next_dagrun for example_external_task_marker_child to None, run_after=None
[2024-01-14T14:56:42.718+0200] {logging_mixin.py:188} INFO - [2024-01-14T14:56:42.718+0200] {dag.py:3820} INFO - Setting next_dagrun for example_external_task_marker_parent to None, run_after=None
[2024-01-14T14:56:42.735+0200] {processor.py:183} INFO - Processing /Library/Frameworks/Python.framework/Versions/3.10/lib/python3.10/site-packages/airflow/example_dags/example_external_task_marker_dag.py took 0.203 seconds
[2024-01-15T00:18:16.361+0200] {processor.py:161} INFO - Started process (PID=49502) to work on /Library/Frameworks/Python.framework/Versions/3.10/lib/python3.10/site-packages/airflow/example_dags/example_external_task_marker_dag.py
[2024-01-15T00:18:16.376+0200] {processor.py:830} INFO - Processing file /Library/Frameworks/Python.framework/Versions/3.10/lib/python3.10/site-packages/airflow/example_dags/example_external_task_marker_dag.py for tasks to queue
[2024-01-15T00:18:16.380+0200] {logging_mixin.py:188} INFO - [2024-01-15T00:18:16.380+0200] {dagbag.py:538} INFO - Filling up the DagBag from /Library/Frameworks/Python.framework/Versions/3.10/lib/python3.10/site-packages/airflow/example_dags/example_external_task_marker_dag.py
[2024-01-15T00:18:16.660+0200] {processor.py:840} INFO - DAG(s) 'example_external_task_marker_parent', 'example_external_task_marker_child' retrieved from /Library/Frameworks/Python.framework/Versions/3.10/lib/python3.10/site-packages/airflow/example_dags/example_external_task_marker_dag.py
[2024-01-15T00:18:17.012+0200] {logging_mixin.py:188} INFO - [2024-01-15T00:18:17.012+0200] {dag.py:3033} INFO - Sync 2 DAGs
[2024-01-15T00:18:17.028+0200] {logging_mixin.py:188} INFO - [2024-01-15T00:18:17.028+0200] {dag.py:3820} INFO - Setting next_dagrun for example_external_task_marker_child to None, run_after=None
[2024-01-15T00:18:17.033+0200] {logging_mixin.py:188} INFO - [2024-01-15T00:18:17.033+0200] {dag.py:3820} INFO - Setting next_dagrun for example_external_task_marker_parent to None, run_after=None
[2024-01-15T00:18:17.066+0200] {processor.py:183} INFO - Processing /Library/Frameworks/Python.framework/Versions/3.10/lib/python3.10/site-packages/airflow/example_dags/example_external_task_marker_dag.py took 0.708 seconds
[2024-01-15T00:21:25.639+0200] {processor.py:161} INFO - Started process (PID=50210) to work on /Library/Frameworks/Python.framework/Versions/3.10/lib/python3.10/site-packages/airflow/example_dags/example_external_task_marker_dag.py
[2024-01-15T00:21:25.644+0200] {processor.py:830} INFO - Processing file /Library/Frameworks/Python.framework/Versions/3.10/lib/python3.10/site-packages/airflow/example_dags/example_external_task_marker_dag.py for tasks to queue
[2024-01-15T00:21:25.645+0200] {logging_mixin.py:188} INFO - [2024-01-15T00:21:25.644+0200] {dagbag.py:538} INFO - Filling up the DagBag from /Library/Frameworks/Python.framework/Versions/3.10/lib/python3.10/site-packages/airflow/example_dags/example_external_task_marker_dag.py
[2024-01-15T00:21:25.710+0200] {processor.py:840} INFO - DAG(s) 'example_external_task_marker_child', 'example_external_task_marker_parent' retrieved from /Library/Frameworks/Python.framework/Versions/3.10/lib/python3.10/site-packages/airflow/example_dags/example_external_task_marker_dag.py
[2024-01-15T00:21:25.824+0200] {logging_mixin.py:188} INFO - [2024-01-15T00:21:25.824+0200] {dag.py:3033} INFO - Sync 2 DAGs
[2024-01-15T00:21:25.838+0200] {logging_mixin.py:188} INFO - [2024-01-15T00:21:25.838+0200] {dag.py:3820} INFO - Setting next_dagrun for example_external_task_marker_child to None, run_after=None
[2024-01-15T00:21:25.841+0200] {logging_mixin.py:188} INFO - [2024-01-15T00:21:25.841+0200] {dag.py:3820} INFO - Setting next_dagrun for example_external_task_marker_parent to None, run_after=None
[2024-01-15T00:21:25.858+0200] {processor.py:183} INFO - Processing /Library/Frameworks/Python.framework/Versions/3.10/lib/python3.10/site-packages/airflow/example_dags/example_external_task_marker_dag.py took 0.220 seconds
[2024-01-15T00:26:28.196+0200] {processor.py:161} INFO - Started process (PID=50397) to work on /Library/Frameworks/Python.framework/Versions/3.10/lib/python3.10/site-packages/airflow/example_dags/example_external_task_marker_dag.py
[2024-01-15T00:26:28.200+0200] {processor.py:830} INFO - Processing file /Library/Frameworks/Python.framework/Versions/3.10/lib/python3.10/site-packages/airflow/example_dags/example_external_task_marker_dag.py for tasks to queue
[2024-01-15T00:26:28.200+0200] {logging_mixin.py:188} INFO - [2024-01-15T00:26:28.200+0200] {dagbag.py:538} INFO - Filling up the DagBag from /Library/Frameworks/Python.framework/Versions/3.10/lib/python3.10/site-packages/airflow/example_dags/example_external_task_marker_dag.py
[2024-01-15T00:26:28.266+0200] {processor.py:840} INFO - DAG(s) 'example_external_task_marker_parent', 'example_external_task_marker_child' retrieved from /Library/Frameworks/Python.framework/Versions/3.10/lib/python3.10/site-packages/airflow/example_dags/example_external_task_marker_dag.py
[2024-01-15T00:26:28.383+0200] {logging_mixin.py:188} INFO - [2024-01-15T00:26:28.383+0200] {dag.py:3033} INFO - Sync 2 DAGs
[2024-01-15T00:26:28.391+0200] {logging_mixin.py:188} INFO - [2024-01-15T00:26:28.391+0200] {dag.py:3820} INFO - Setting next_dagrun for example_external_task_marker_child to None, run_after=None
[2024-01-15T00:26:28.393+0200] {logging_mixin.py:188} INFO - [2024-01-15T00:26:28.393+0200] {dag.py:3820} INFO - Setting next_dagrun for example_external_task_marker_parent to None, run_after=None
[2024-01-15T00:26:28.410+0200] {processor.py:183} INFO - Processing /Library/Frameworks/Python.framework/Versions/3.10/lib/python3.10/site-packages/airflow/example_dags/example_external_task_marker_dag.py took 0.217 seconds
