[2024-01-14T07:01:31.619+0200] {processor.py:161} INFO - Started process (PID=48045) to work on /Library/Frameworks/Python.framework/Versions/3.10/lib/python3.10/site-packages/airflow/example_dags/example_dag_decorator.py
[2024-01-14T07:01:31.629+0200] {processor.py:830} INFO - Processing file /Library/Frameworks/Python.framework/Versions/3.10/lib/python3.10/site-packages/airflow/example_dags/example_dag_decorator.py for tasks to queue
[2024-01-14T07:01:31.630+0200] {logging_mixin.py:188} INFO - [2024-01-14T07:01:31.630+0200] {dagbag.py:538} INFO - Filling up the DagBag from /Library/Frameworks/Python.framework/Versions/3.10/lib/python3.10/site-packages/airflow/example_dags/example_dag_decorator.py
[2024-01-14T07:01:32.493+0200] {processor.py:840} INFO - DAG(s) 'example_dag_decorator' retrieved from /Library/Frameworks/Python.framework/Versions/3.10/lib/python3.10/site-packages/airflow/example_dags/example_dag_decorator.py
[2024-01-14T07:01:33.156+0200] {logging_mixin.py:188} INFO - [2024-01-14T07:01:33.154+0200] {dag.py:3033} INFO - Sync 1 DAGs
[2024-01-14T07:01:33.198+0200] {logging_mixin.py:188} INFO - [2024-01-14T07:01:33.198+0200] {dag.py:3820} INFO - Setting next_dagrun for example_dag_decorator to None, run_after=None
[2024-01-14T07:01:33.280+0200] {processor.py:183} INFO - Processing /Library/Frameworks/Python.framework/Versions/3.10/lib/python3.10/site-packages/airflow/example_dags/example_dag_decorator.py took 1.665 seconds
[2024-01-14T14:57:02.620+0200] {processor.py:161} INFO - Started process (PID=49052) to work on /Library/Frameworks/Python.framework/Versions/3.10/lib/python3.10/site-packages/airflow/example_dags/example_dag_decorator.py
[2024-01-14T14:57:02.631+0200] {processor.py:830} INFO - Processing file /Library/Frameworks/Python.framework/Versions/3.10/lib/python3.10/site-packages/airflow/example_dags/example_dag_decorator.py for tasks to queue
[2024-01-14T14:57:02.632+0200] {logging_mixin.py:188} INFO - [2024-01-14T14:57:02.632+0200] {dagbag.py:538} INFO - Filling up the DagBag from /Library/Frameworks/Python.framework/Versions/3.10/lib/python3.10/site-packages/airflow/example_dags/example_dag_decorator.py
[2024-01-14T14:57:03.380+0200] {processor.py:840} INFO - DAG(s) 'example_dag_decorator' retrieved from /Library/Frameworks/Python.framework/Versions/3.10/lib/python3.10/site-packages/airflow/example_dags/example_dag_decorator.py
[2024-01-14T14:57:03.906+0200] {logging_mixin.py:188} INFO - [2024-01-14T14:57:03.905+0200] {dag.py:3033} INFO - Sync 1 DAGs
[2024-01-14T14:57:03.925+0200] {logging_mixin.py:188} INFO - [2024-01-14T14:57:03.924+0200] {dag.py:3820} INFO - Setting next_dagrun for example_dag_decorator to None, run_after=None
[2024-01-14T14:57:03.970+0200] {processor.py:183} INFO - Processing /Library/Frameworks/Python.framework/Versions/3.10/lib/python3.10/site-packages/airflow/example_dags/example_dag_decorator.py took 1.354 seconds
[2024-01-15T00:18:36.367+0200] {processor.py:161} INFO - Started process (PID=49589) to work on /Library/Frameworks/Python.framework/Versions/3.10/lib/python3.10/site-packages/airflow/example_dags/example_dag_decorator.py
[2024-01-15T00:18:36.378+0200] {processor.py:830} INFO - Processing file /Library/Frameworks/Python.framework/Versions/3.10/lib/python3.10/site-packages/airflow/example_dags/example_dag_decorator.py for tasks to queue
[2024-01-15T00:18:36.379+0200] {logging_mixin.py:188} INFO - [2024-01-15T00:18:36.378+0200] {dagbag.py:538} INFO - Filling up the DagBag from /Library/Frameworks/Python.framework/Versions/3.10/lib/python3.10/site-packages/airflow/example_dags/example_dag_decorator.py
[2024-01-15T00:18:37.051+0200] {processor.py:840} INFO - DAG(s) 'example_dag_decorator' retrieved from /Library/Frameworks/Python.framework/Versions/3.10/lib/python3.10/site-packages/airflow/example_dags/example_dag_decorator.py
[2024-01-15T00:18:37.423+0200] {logging_mixin.py:188} INFO - [2024-01-15T00:18:37.422+0200] {dag.py:3033} INFO - Sync 1 DAGs
[2024-01-15T00:18:37.439+0200] {logging_mixin.py:188} INFO - [2024-01-15T00:18:37.439+0200] {dag.py:3820} INFO - Setting next_dagrun for example_dag_decorator to None, run_after=None
[2024-01-15T00:18:37.471+0200] {processor.py:183} INFO - Processing /Library/Frameworks/Python.framework/Versions/3.10/lib/python3.10/site-packages/airflow/example_dags/example_dag_decorator.py took 1.106 seconds
[2024-01-15T00:23:58.307+0200] {processor.py:161} INFO - Started process (PID=50310) to work on /Library/Frameworks/Python.framework/Versions/3.10/lib/python3.10/site-packages/airflow/example_dags/example_dag_decorator.py
[2024-01-15T00:23:58.312+0200] {processor.py:830} INFO - Processing file /Library/Frameworks/Python.framework/Versions/3.10/lib/python3.10/site-packages/airflow/example_dags/example_dag_decorator.py for tasks to queue
[2024-01-15T00:23:58.312+0200] {logging_mixin.py:188} INFO - [2024-01-15T00:23:58.312+0200] {dagbag.py:538} INFO - Filling up the DagBag from /Library/Frameworks/Python.framework/Versions/3.10/lib/python3.10/site-packages/airflow/example_dags/example_dag_decorator.py
[2024-01-15T00:23:58.648+0200] {processor.py:840} INFO - DAG(s) 'example_dag_decorator' retrieved from /Library/Frameworks/Python.framework/Versions/3.10/lib/python3.10/site-packages/airflow/example_dags/example_dag_decorator.py
[2024-01-15T00:23:58.882+0200] {logging_mixin.py:188} INFO - [2024-01-15T00:23:58.881+0200] {dag.py:3033} INFO - Sync 1 DAGs
[2024-01-15T00:23:58.889+0200] {logging_mixin.py:188} INFO - [2024-01-15T00:23:58.889+0200] {dag.py:3820} INFO - Setting next_dagrun for example_dag_decorator to None, run_after=None
[2024-01-15T00:23:58.914+0200] {processor.py:183} INFO - Processing /Library/Frameworks/Python.framework/Versions/3.10/lib/python3.10/site-packages/airflow/example_dags/example_dag_decorator.py took 0.609 seconds
[2024-01-15T00:28:54.486+0200] {processor.py:161} INFO - Started process (PID=50590) to work on /Library/Frameworks/Python.framework/Versions/3.10/lib/python3.10/site-packages/airflow/example_dags/example_dag_decorator.py
[2024-01-15T00:28:54.494+0200] {processor.py:830} INFO - Processing file /Library/Frameworks/Python.framework/Versions/3.10/lib/python3.10/site-packages/airflow/example_dags/example_dag_decorator.py for tasks to queue
[2024-01-15T00:28:54.494+0200] {logging_mixin.py:188} INFO - [2024-01-15T00:28:54.494+0200] {dagbag.py:538} INFO - Filling up the DagBag from /Library/Frameworks/Python.framework/Versions/3.10/lib/python3.10/site-packages/airflow/example_dags/example_dag_decorator.py
[2024-01-15T00:28:54.885+0200] {processor.py:840} INFO - DAG(s) 'example_dag_decorator' retrieved from /Library/Frameworks/Python.framework/Versions/3.10/lib/python3.10/site-packages/airflow/example_dags/example_dag_decorator.py
[2024-01-15T00:28:55.160+0200] {logging_mixin.py:188} INFO - [2024-01-15T00:28:55.159+0200] {dag.py:3033} INFO - Sync 1 DAGs
[2024-01-15T00:28:55.173+0200] {logging_mixin.py:188} INFO - [2024-01-15T00:28:55.172+0200] {dag.py:3820} INFO - Setting next_dagrun for example_dag_decorator to None, run_after=None
[2024-01-15T00:28:55.211+0200] {processor.py:183} INFO - Processing /Library/Frameworks/Python.framework/Versions/3.10/lib/python3.10/site-packages/airflow/example_dags/example_dag_decorator.py took 0.727 seconds
