[2024-01-14T06:49:49.408+0200] {processor.py:161} INFO - Started process (PID=47961) to work on /Library/Frameworks/Python.framework/Versions/3.10/lib/python3.10/site-packages/airflow/example_dags/example_nested_branch_dag.py
[2024-01-14T06:49:49.431+0200] {processor.py:830} INFO - Processing file /Library/Frameworks/Python.framework/Versions/3.10/lib/python3.10/site-packages/airflow/example_dags/example_nested_branch_dag.py for tasks to queue
[2024-01-14T06:49:49.433+0200] {logging_mixin.py:188} INFO - [2024-01-14T06:49:49.433+0200] {dagbag.py:538} INFO - Filling up the DagBag from /Library/Frameworks/Python.framework/Versions/3.10/lib/python3.10/site-packages/airflow/example_dags/example_nested_branch_dag.py
[2024-01-14T06:49:49.803+0200] {processor.py:840} INFO - DAG(s) 'example_nested_branch_dag' retrieved from /Library/Frameworks/Python.framework/Versions/3.10/lib/python3.10/site-packages/airflow/example_dags/example_nested_branch_dag.py
[2024-01-14T06:49:50.292+0200] {logging_mixin.py:188} INFO - [2024-01-14T06:49:50.291+0200] {dag.py:3033} INFO - Sync 1 DAGs
[2024-01-14T06:49:50.355+0200] {logging_mixin.py:188} INFO - [2024-01-14T06:49:50.354+0200] {dag.py:3820} INFO - Setting next_dagrun for example_nested_branch_dag to 2024-01-13T00:00:00+00:00, run_after=2024-01-14T00:00:00+00:00
[2024-01-14T06:49:50.428+0200] {processor.py:183} INFO - Processing /Library/Frameworks/Python.framework/Versions/3.10/lib/python3.10/site-packages/airflow/example_dags/example_nested_branch_dag.py took 1.023 seconds
[2024-01-14T12:54:52.643+0200] {processor.py:161} INFO - Started process (PID=48934) to work on /Library/Frameworks/Python.framework/Versions/3.10/lib/python3.10/site-packages/airflow/example_dags/example_nested_branch_dag.py
[2024-01-14T12:54:52.658+0200] {processor.py:830} INFO - Processing file /Library/Frameworks/Python.framework/Versions/3.10/lib/python3.10/site-packages/airflow/example_dags/example_nested_branch_dag.py for tasks to queue
[2024-01-14T12:54:52.659+0200] {logging_mixin.py:188} INFO - [2024-01-14T12:54:52.659+0200] {dagbag.py:538} INFO - Filling up the DagBag from /Library/Frameworks/Python.framework/Versions/3.10/lib/python3.10/site-packages/airflow/example_dags/example_nested_branch_dag.py
[2024-01-14T12:54:52.877+0200] {processor.py:840} INFO - DAG(s) 'example_nested_branch_dag' retrieved from /Library/Frameworks/Python.framework/Versions/3.10/lib/python3.10/site-packages/airflow/example_dags/example_nested_branch_dag.py
[2024-01-14T12:54:53.137+0200] {logging_mixin.py:188} INFO - [2024-01-14T12:54:53.136+0200] {dag.py:3033} INFO - Sync 1 DAGs
[2024-01-14T12:54:53.174+0200] {logging_mixin.py:188} INFO - [2024-01-14T12:54:53.173+0200] {dag.py:3820} INFO - Setting next_dagrun for example_nested_branch_dag to 2024-01-13T00:00:00+00:00, run_after=2024-01-14T00:00:00+00:00
[2024-01-14T12:54:53.221+0200] {processor.py:183} INFO - Processing /Library/Frameworks/Python.framework/Versions/3.10/lib/python3.10/site-packages/airflow/example_dags/example_nested_branch_dag.py took 0.581 seconds
[2024-01-14T23:05:10.762+0200] {processor.py:161} INFO - Started process (PID=49412) to work on /Library/Frameworks/Python.framework/Versions/3.10/lib/python3.10/site-packages/airflow/example_dags/example_nested_branch_dag.py
[2024-01-14T23:05:10.782+0200] {processor.py:830} INFO - Processing file /Library/Frameworks/Python.framework/Versions/3.10/lib/python3.10/site-packages/airflow/example_dags/example_nested_branch_dag.py for tasks to queue
[2024-01-14T23:05:10.784+0200] {logging_mixin.py:188} INFO - [2024-01-14T23:05:10.784+0200] {dagbag.py:538} INFO - Filling up the DagBag from /Library/Frameworks/Python.framework/Versions/3.10/lib/python3.10/site-packages/airflow/example_dags/example_nested_branch_dag.py
[2024-01-14T23:05:11.002+0200] {processor.py:840} INFO - DAG(s) 'example_nested_branch_dag' retrieved from /Library/Frameworks/Python.framework/Versions/3.10/lib/python3.10/site-packages/airflow/example_dags/example_nested_branch_dag.py
[2024-01-14T23:05:11.248+0200] {logging_mixin.py:188} INFO - [2024-01-14T23:05:11.248+0200] {dag.py:3033} INFO - Sync 1 DAGs
[2024-01-14T23:05:11.285+0200] {logging_mixin.py:188} INFO - [2024-01-14T23:05:11.284+0200] {dag.py:3820} INFO - Setting next_dagrun for example_nested_branch_dag to 2024-01-13T00:00:00+00:00, run_after=2024-01-14T00:00:00+00:00
[2024-01-14T23:05:11.332+0200] {processor.py:183} INFO - Processing /Library/Frameworks/Python.framework/Versions/3.10/lib/python3.10/site-packages/airflow/example_dags/example_nested_branch_dag.py took 0.573 seconds
[2024-01-15T00:21:08.638+0200] {processor.py:161} INFO - Started process (PID=50186) to work on /Library/Frameworks/Python.framework/Versions/3.10/lib/python3.10/site-packages/airflow/example_dags/example_nested_branch_dag.py
[2024-01-15T00:21:08.643+0200] {processor.py:830} INFO - Processing file /Library/Frameworks/Python.framework/Versions/3.10/lib/python3.10/site-packages/airflow/example_dags/example_nested_branch_dag.py for tasks to queue
[2024-01-15T00:21:08.643+0200] {logging_mixin.py:188} INFO - [2024-01-15T00:21:08.643+0200] {dagbag.py:538} INFO - Filling up the DagBag from /Library/Frameworks/Python.framework/Versions/3.10/lib/python3.10/site-packages/airflow/example_dags/example_nested_branch_dag.py
[2024-01-15T00:21:08.733+0200] {processor.py:840} INFO - DAG(s) 'example_nested_branch_dag' retrieved from /Library/Frameworks/Python.framework/Versions/3.10/lib/python3.10/site-packages/airflow/example_dags/example_nested_branch_dag.py
[2024-01-15T00:21:08.827+0200] {logging_mixin.py:188} INFO - [2024-01-15T00:21:08.827+0200] {dag.py:3033} INFO - Sync 1 DAGs
[2024-01-15T00:21:08.842+0200] {logging_mixin.py:188} INFO - [2024-01-15T00:21:08.842+0200] {dag.py:3820} INFO - Setting next_dagrun for example_nested_branch_dag to 2024-01-13T00:00:00+00:00, run_after=2024-01-14T00:00:00+00:00
[2024-01-15T00:21:08.861+0200] {processor.py:183} INFO - Processing /Library/Frameworks/Python.framework/Versions/3.10/lib/python3.10/site-packages/airflow/example_dags/example_nested_branch_dag.py took 0.224 seconds
[2024-01-15T00:23:48.317+0200] {processor.py:161} INFO - Started process (PID=50307) to work on /Library/Frameworks/Python.framework/Versions/3.10/lib/python3.10/site-packages/airflow/example_dags/example_nested_branch_dag.py
[2024-01-15T00:23:48.321+0200] {processor.py:830} INFO - Processing file /Library/Frameworks/Python.framework/Versions/3.10/lib/python3.10/site-packages/airflow/example_dags/example_nested_branch_dag.py for tasks to queue
[2024-01-15T00:23:48.322+0200] {logging_mixin.py:188} INFO - [2024-01-15T00:23:48.321+0200] {dagbag.py:538} INFO - Filling up the DagBag from /Library/Frameworks/Python.framework/Versions/3.10/lib/python3.10/site-packages/airflow/example_dags/example_nested_branch_dag.py
[2024-01-15T00:23:48.412+0200] {processor.py:840} INFO - DAG(s) 'example_nested_branch_dag' retrieved from /Library/Frameworks/Python.framework/Versions/3.10/lib/python3.10/site-packages/airflow/example_dags/example_nested_branch_dag.py
[2024-01-15T00:23:48.505+0200] {logging_mixin.py:188} INFO - [2024-01-15T00:23:48.504+0200] {dag.py:3033} INFO - Sync 1 DAGs
[2024-01-15T00:23:48.519+0200] {logging_mixin.py:188} INFO - [2024-01-15T00:23:48.519+0200] {dag.py:3820} INFO - Setting next_dagrun for example_nested_branch_dag to 2024-01-13T00:00:00+00:00, run_after=2024-01-14T00:00:00+00:00
[2024-01-15T00:23:48.537+0200] {processor.py:183} INFO - Processing /Library/Frameworks/Python.framework/Versions/3.10/lib/python3.10/site-packages/airflow/example_dags/example_nested_branch_dag.py took 0.222 seconds
[2024-01-15T00:26:18.366+0200] {processor.py:161} INFO - Started process (PID=50394) to work on /Library/Frameworks/Python.framework/Versions/3.10/lib/python3.10/site-packages/airflow/example_dags/example_nested_branch_dag.py
[2024-01-15T00:26:18.371+0200] {processor.py:830} INFO - Processing file /Library/Frameworks/Python.framework/Versions/3.10/lib/python3.10/site-packages/airflow/example_dags/example_nested_branch_dag.py for tasks to queue
[2024-01-15T00:26:18.371+0200] {logging_mixin.py:188} INFO - [2024-01-15T00:26:18.371+0200] {dagbag.py:538} INFO - Filling up the DagBag from /Library/Frameworks/Python.framework/Versions/3.10/lib/python3.10/site-packages/airflow/example_dags/example_nested_branch_dag.py
[2024-01-15T00:26:18.470+0200] {processor.py:840} INFO - DAG(s) 'example_nested_branch_dag' retrieved from /Library/Frameworks/Python.framework/Versions/3.10/lib/python3.10/site-packages/airflow/example_dags/example_nested_branch_dag.py
[2024-01-15T00:26:18.580+0200] {logging_mixin.py:188} INFO - [2024-01-15T00:26:18.580+0200] {dag.py:3033} INFO - Sync 1 DAGs
[2024-01-15T00:26:18.597+0200] {logging_mixin.py:188} INFO - [2024-01-15T00:26:18.597+0200] {dag.py:3820} INFO - Setting next_dagrun for example_nested_branch_dag to 2024-01-13T00:00:00+00:00, run_after=2024-01-14T00:00:00+00:00
[2024-01-15T00:26:18.615+0200] {processor.py:183} INFO - Processing /Library/Frameworks/Python.framework/Versions/3.10/lib/python3.10/site-packages/airflow/example_dags/example_nested_branch_dag.py took 0.251 seconds
[2024-01-15T00:31:14.063+0200] {processor.py:161} INFO - Started process (PID=50693) to work on /Library/Frameworks/Python.framework/Versions/3.10/lib/python3.10/site-packages/airflow/example_dags/example_nested_branch_dag.py
[2024-01-15T00:31:14.068+0200] {processor.py:830} INFO - Processing file /Library/Frameworks/Python.framework/Versions/3.10/lib/python3.10/site-packages/airflow/example_dags/example_nested_branch_dag.py for tasks to queue
[2024-01-15T00:31:14.068+0200] {logging_mixin.py:188} INFO - [2024-01-15T00:31:14.068+0200] {dagbag.py:538} INFO - Filling up the DagBag from /Library/Frameworks/Python.framework/Versions/3.10/lib/python3.10/site-packages/airflow/example_dags/example_nested_branch_dag.py
[2024-01-15T00:31:14.160+0200] {processor.py:840} INFO - DAG(s) 'example_nested_branch_dag' retrieved from /Library/Frameworks/Python.framework/Versions/3.10/lib/python3.10/site-packages/airflow/example_dags/example_nested_branch_dag.py
[2024-01-15T00:31:14.251+0200] {logging_mixin.py:188} INFO - [2024-01-15T00:31:14.250+0200] {dag.py:3033} INFO - Sync 1 DAGs
[2024-01-15T00:31:14.267+0200] {logging_mixin.py:188} INFO - [2024-01-15T00:31:14.267+0200] {dag.py:3820} INFO - Setting next_dagrun for example_nested_branch_dag to 2024-01-13T00:00:00+00:00, run_after=2024-01-14T00:00:00+00:00
[2024-01-15T00:31:14.285+0200] {processor.py:183} INFO - Processing /Library/Frameworks/Python.framework/Versions/3.10/lib/python3.10/site-packages/airflow/example_dags/example_nested_branch_dag.py took 0.224 seconds
