[2024-01-14T12:52:48.852+0200] {processor.py:161} INFO - Started process (PID=48847) to work on /Library/Frameworks/Python.framework/Versions/3.10/lib/python3.10/site-packages/airflow/example_dags/example_setup_teardown.py
[2024-01-14T12:52:48.860+0200] {processor.py:830} INFO - Processing file /Library/Frameworks/Python.framework/Versions/3.10/lib/python3.10/site-packages/airflow/example_dags/example_setup_teardown.py for tasks to queue
[2024-01-14T12:52:48.861+0200] {logging_mixin.py:188} INFO - [2024-01-14T12:52:48.861+0200] {dagbag.py:538} INFO - Filling up the DagBag from /Library/Frameworks/Python.framework/Versions/3.10/lib/python3.10/site-packages/airflow/example_dags/example_setup_teardown.py
[2024-01-14T12:52:48.878+0200] {processor.py:840} INFO - DAG(s) 'example_setup_teardown' retrieved from /Library/Frameworks/Python.framework/Versions/3.10/lib/python3.10/site-packages/airflow/example_dags/example_setup_teardown.py
[2024-01-14T12:52:49.015+0200] {logging_mixin.py:188} INFO - [2024-01-14T12:52:49.015+0200] {dag.py:3033} INFO - Sync 1 DAGs
[2024-01-14T12:52:49.030+0200] {logging_mixin.py:188} INFO - [2024-01-14T12:52:49.030+0200] {dag.py:3820} INFO - Setting next_dagrun for example_setup_teardown to 2024-01-13T00:00:00+00:00, run_after=2024-01-14T00:00:00+00:00
[2024-01-14T12:52:49.051+0200] {processor.py:183} INFO - Processing /Library/Frameworks/Python.framework/Versions/3.10/lib/python3.10/site-packages/airflow/example_dags/example_setup_teardown.py took 0.203 seconds
[2024-01-14T22:03:51.043+0200] {processor.py:161} INFO - Started process (PID=49325) to work on /Library/Frameworks/Python.framework/Versions/3.10/lib/python3.10/site-packages/airflow/example_dags/example_setup_teardown.py
[2024-01-14T22:03:51.048+0200] {processor.py:830} INFO - Processing file /Library/Frameworks/Python.framework/Versions/3.10/lib/python3.10/site-packages/airflow/example_dags/example_setup_teardown.py for tasks to queue
[2024-01-14T22:03:51.048+0200] {logging_mixin.py:188} INFO - [2024-01-14T22:03:51.048+0200] {dagbag.py:538} INFO - Filling up the DagBag from /Library/Frameworks/Python.framework/Versions/3.10/lib/python3.10/site-packages/airflow/example_dags/example_setup_teardown.py
[2024-01-14T22:03:51.059+0200] {processor.py:840} INFO - DAG(s) 'example_setup_teardown' retrieved from /Library/Frameworks/Python.framework/Versions/3.10/lib/python3.10/site-packages/airflow/example_dags/example_setup_teardown.py
[2024-01-14T22:03:51.203+0200] {logging_mixin.py:188} INFO - [2024-01-14T22:03:51.203+0200] {dag.py:3033} INFO - Sync 1 DAGs
[2024-01-14T22:03:51.220+0200] {logging_mixin.py:188} INFO - [2024-01-14T22:03:51.220+0200] {dag.py:3820} INFO - Setting next_dagrun for example_setup_teardown to 2024-01-13T00:00:00+00:00, run_after=2024-01-14T00:00:00+00:00
[2024-01-14T22:03:51.239+0200] {processor.py:183} INFO - Processing /Library/Frameworks/Python.framework/Versions/3.10/lib/python3.10/site-packages/airflow/example_dags/example_setup_teardown.py took 0.197 seconds
[2024-01-15T00:20:43.542+0200] {processor.py:161} INFO - Started process (PID=50165) to work on /Library/Frameworks/Python.framework/Versions/3.10/lib/python3.10/site-packages/airflow/example_dags/example_setup_teardown.py
[2024-01-15T00:20:43.547+0200] {processor.py:830} INFO - Processing file /Library/Frameworks/Python.framework/Versions/3.10/lib/python3.10/site-packages/airflow/example_dags/example_setup_teardown.py for tasks to queue
[2024-01-15T00:20:43.547+0200] {logging_mixin.py:188} INFO - [2024-01-15T00:20:43.547+0200] {dagbag.py:538} INFO - Filling up the DagBag from /Library/Frameworks/Python.framework/Versions/3.10/lib/python3.10/site-packages/airflow/example_dags/example_setup_teardown.py
[2024-01-15T00:20:43.558+0200] {processor.py:840} INFO - DAG(s) 'example_setup_teardown' retrieved from /Library/Frameworks/Python.framework/Versions/3.10/lib/python3.10/site-packages/airflow/example_dags/example_setup_teardown.py
[2024-01-15T00:20:43.711+0200] {logging_mixin.py:188} INFO - [2024-01-15T00:20:43.710+0200] {dag.py:3033} INFO - Sync 1 DAGs
[2024-01-15T00:20:43.725+0200] {logging_mixin.py:188} INFO - [2024-01-15T00:20:43.724+0200] {dag.py:3820} INFO - Setting next_dagrun for example_setup_teardown to 2024-01-13T00:00:00+00:00, run_after=2024-01-14T00:00:00+00:00
[2024-01-15T00:20:43.743+0200] {processor.py:183} INFO - Processing /Library/Frameworks/Python.framework/Versions/3.10/lib/python3.10/site-packages/airflow/example_dags/example_setup_teardown.py took 0.202 seconds
[2024-01-15T00:23:22.325+0200] {processor.py:161} INFO - Started process (PID=50278) to work on /Library/Frameworks/Python.framework/Versions/3.10/lib/python3.10/site-packages/airflow/example_dags/example_setup_teardown.py
[2024-01-15T00:23:22.330+0200] {processor.py:830} INFO - Processing file /Library/Frameworks/Python.framework/Versions/3.10/lib/python3.10/site-packages/airflow/example_dags/example_setup_teardown.py for tasks to queue
[2024-01-15T00:23:22.330+0200] {logging_mixin.py:188} INFO - [2024-01-15T00:23:22.330+0200] {dagbag.py:538} INFO - Filling up the DagBag from /Library/Frameworks/Python.framework/Versions/3.10/lib/python3.10/site-packages/airflow/example_dags/example_setup_teardown.py
[2024-01-15T00:23:22.339+0200] {processor.py:840} INFO - DAG(s) 'example_setup_teardown' retrieved from /Library/Frameworks/Python.framework/Versions/3.10/lib/python3.10/site-packages/airflow/example_dags/example_setup_teardown.py
[2024-01-15T00:23:22.485+0200] {logging_mixin.py:188} INFO - [2024-01-15T00:23:22.484+0200] {dag.py:3033} INFO - Sync 1 DAGs
[2024-01-15T00:23:22.500+0200] {logging_mixin.py:188} INFO - [2024-01-15T00:23:22.500+0200] {dag.py:3820} INFO - Setting next_dagrun for example_setup_teardown to 2024-01-13T00:00:00+00:00, run_after=2024-01-14T00:00:00+00:00
[2024-01-15T00:23:22.517+0200] {processor.py:183} INFO - Processing /Library/Frameworks/Python.framework/Versions/3.10/lib/python3.10/site-packages/airflow/example_dags/example_setup_teardown.py took 0.193 seconds
[2024-01-15T00:25:52.312+0200] {processor.py:161} INFO - Started process (PID=50382) to work on /Library/Frameworks/Python.framework/Versions/3.10/lib/python3.10/site-packages/airflow/example_dags/example_setup_teardown.py
[2024-01-15T00:25:52.317+0200] {processor.py:830} INFO - Processing file /Library/Frameworks/Python.framework/Versions/3.10/lib/python3.10/site-packages/airflow/example_dags/example_setup_teardown.py for tasks to queue
[2024-01-15T00:25:52.317+0200] {logging_mixin.py:188} INFO - [2024-01-15T00:25:52.317+0200] {dagbag.py:538} INFO - Filling up the DagBag from /Library/Frameworks/Python.framework/Versions/3.10/lib/python3.10/site-packages/airflow/example_dags/example_setup_teardown.py
[2024-01-15T00:25:52.330+0200] {processor.py:840} INFO - DAG(s) 'example_setup_teardown' retrieved from /Library/Frameworks/Python.framework/Versions/3.10/lib/python3.10/site-packages/airflow/example_dags/example_setup_teardown.py
[2024-01-15T00:25:52.489+0200] {logging_mixin.py:188} INFO - [2024-01-15T00:25:52.489+0200] {dag.py:3033} INFO - Sync 1 DAGs
[2024-01-15T00:25:52.503+0200] {logging_mixin.py:188} INFO - [2024-01-15T00:25:52.503+0200] {dag.py:3820} INFO - Setting next_dagrun for example_setup_teardown to 2024-01-13T00:00:00+00:00, run_after=2024-01-14T00:00:00+00:00
[2024-01-15T00:25:52.521+0200] {processor.py:183} INFO - Processing /Library/Frameworks/Python.framework/Versions/3.10/lib/python3.10/site-packages/airflow/example_dags/example_setup_teardown.py took 0.211 seconds
[2024-01-15T00:28:19.597+0200] {processor.py:161} INFO - Started process (PID=50534) to work on /Library/Frameworks/Python.framework/Versions/3.10/lib/python3.10/site-packages/airflow/example_dags/example_setup_teardown.py
[2024-01-15T00:28:19.604+0200] {processor.py:830} INFO - Processing file /Library/Frameworks/Python.framework/Versions/3.10/lib/python3.10/site-packages/airflow/example_dags/example_setup_teardown.py for tasks to queue
[2024-01-15T00:28:19.605+0200] {logging_mixin.py:188} INFO - [2024-01-15T00:28:19.605+0200] {dagbag.py:538} INFO - Filling up the DagBag from /Library/Frameworks/Python.framework/Versions/3.10/lib/python3.10/site-packages/airflow/example_dags/example_setup_teardown.py
[2024-01-15T00:28:19.622+0200] {processor.py:840} INFO - DAG(s) 'example_setup_teardown' retrieved from /Library/Frameworks/Python.framework/Versions/3.10/lib/python3.10/site-packages/airflow/example_dags/example_setup_teardown.py
[2024-01-15T00:28:19.838+0200] {logging_mixin.py:188} INFO - [2024-01-15T00:28:19.838+0200] {dag.py:3033} INFO - Sync 1 DAGs
[2024-01-15T00:28:19.856+0200] {logging_mixin.py:188} INFO - [2024-01-15T00:28:19.855+0200] {dag.py:3820} INFO - Setting next_dagrun for example_setup_teardown to 2024-01-13T00:00:00+00:00, run_after=2024-01-14T00:00:00+00:00
[2024-01-15T00:28:19.879+0200] {processor.py:183} INFO - Processing /Library/Frameworks/Python.framework/Versions/3.10/lib/python3.10/site-packages/airflow/example_dags/example_setup_teardown.py took 0.285 seconds
[2024-01-15T00:30:49.889+0200] {processor.py:161} INFO - Started process (PID=50678) to work on /Library/Frameworks/Python.framework/Versions/3.10/lib/python3.10/site-packages/airflow/example_dags/example_setup_teardown.py
[2024-01-15T00:30:49.893+0200] {processor.py:830} INFO - Processing file /Library/Frameworks/Python.framework/Versions/3.10/lib/python3.10/site-packages/airflow/example_dags/example_setup_teardown.py for tasks to queue
[2024-01-15T00:30:49.893+0200] {logging_mixin.py:188} INFO - [2024-01-15T00:30:49.893+0200] {dagbag.py:538} INFO - Filling up the DagBag from /Library/Frameworks/Python.framework/Versions/3.10/lib/python3.10/site-packages/airflow/example_dags/example_setup_teardown.py
[2024-01-15T00:30:49.904+0200] {processor.py:840} INFO - DAG(s) 'example_setup_teardown' retrieved from /Library/Frameworks/Python.framework/Versions/3.10/lib/python3.10/site-packages/airflow/example_dags/example_setup_teardown.py
[2024-01-15T00:30:50.053+0200] {logging_mixin.py:188} INFO - [2024-01-15T00:30:50.053+0200] {dag.py:3033} INFO - Sync 1 DAGs
[2024-01-15T00:30:50.067+0200] {logging_mixin.py:188} INFO - [2024-01-15T00:30:50.067+0200] {dag.py:3820} INFO - Setting next_dagrun for example_setup_teardown to 2024-01-13T00:00:00+00:00, run_after=2024-01-14T00:00:00+00:00
[2024-01-15T00:30:50.085+0200] {processor.py:183} INFO - Processing /Library/Frameworks/Python.framework/Versions/3.10/lib/python3.10/site-packages/airflow/example_dags/example_setup_teardown.py took 0.199 seconds
