[2024-01-14T11:53:37.311+0200] {processor.py:161} INFO - Started process (PID=48819) to work on /Library/Frameworks/Python.framework/Versions/3.10/lib/python3.10/site-packages/airflow/example_dags/example_subdag_operator.py
[2024-01-14T11:53:37.315+0200] {processor.py:830} INFO - Processing file /Library/Frameworks/Python.framework/Versions/3.10/lib/python3.10/site-packages/airflow/example_dags/example_subdag_operator.py for tasks to queue
[2024-01-14T11:53:37.316+0200] {logging_mixin.py:188} INFO - [2024-01-14T11:53:37.316+0200] {dagbag.py:538} INFO - Filling up the DagBag from /Library/Frameworks/Python.framework/Versions/3.10/lib/python3.10/site-packages/airflow/example_dags/example_subdag_operator.py
[2024-01-14T11:53:37.459+0200] {processor.py:840} INFO - DAG(s) 'example_subdag_operator.section-1', 'example_subdag_operator.section-2', 'example_subdag_operator' retrieved from /Library/Frameworks/Python.framework/Versions/3.10/lib/python3.10/site-packages/airflow/example_dags/example_subdag_operator.py
[2024-01-14T11:53:37.498+0200] {logging_mixin.py:188} INFO - [2024-01-14T11:53:37.498+0200] {dag.py:3033} INFO - Sync 3 DAGs
[2024-01-14T11:53:37.511+0200] {logging_mixin.py:188} INFO - [2024-01-14T11:53:37.511+0200] {dag.py:3820} INFO - Setting next_dagrun for example_subdag_operator to 2022-01-01T00:00:00+00:00, run_after=2022-01-01T00:00:00+00:00
[2024-01-14T11:53:37.513+0200] {logging_mixin.py:188} INFO - [2024-01-14T11:53:37.513+0200] {dag.py:3820} INFO - Setting next_dagrun for example_subdag_operator.section-1 to None, run_after=None
[2024-01-14T11:53:37.514+0200] {logging_mixin.py:188} INFO - [2024-01-14T11:53:37.514+0200] {dag.py:3820} INFO - Setting next_dagrun for example_subdag_operator.section-2 to None, run_after=None
[2024-01-14T11:53:37.518+0200] {logging_mixin.py:188} INFO - [2024-01-14T11:53:37.518+0200] {dag.py:3033} INFO - Sync 2 DAGs
[2024-01-14T11:53:37.521+0200] {logging_mixin.py:188} INFO - [2024-01-14T11:53:37.521+0200] {dag.py:3820} INFO - Setting next_dagrun for example_subdag_operator.section-1 to None, run_after=None
[2024-01-14T11:53:37.521+0200] {logging_mixin.py:188} INFO - [2024-01-14T11:53:37.521+0200] {dag.py:3820} INFO - Setting next_dagrun for example_subdag_operator.section-2 to None, run_after=None
[2024-01-14T11:53:37.533+0200] {processor.py:183} INFO - Processing /Library/Frameworks/Python.framework/Versions/3.10/lib/python3.10/site-packages/airflow/example_dags/example_subdag_operator.py took 0.223 seconds
[2024-01-14T21:02:51.928+0200] {processor.py:161} INFO - Started process (PID=49310) to work on /Library/Frameworks/Python.framework/Versions/3.10/lib/python3.10/site-packages/airflow/example_dags/example_subdag_operator.py
[2024-01-14T21:02:51.934+0200] {processor.py:830} INFO - Processing file /Library/Frameworks/Python.framework/Versions/3.10/lib/python3.10/site-packages/airflow/example_dags/example_subdag_operator.py for tasks to queue
[2024-01-14T21:02:51.934+0200] {logging_mixin.py:188} INFO - [2024-01-14T21:02:51.934+0200] {dagbag.py:538} INFO - Filling up the DagBag from /Library/Frameworks/Python.framework/Versions/3.10/lib/python3.10/site-packages/airflow/example_dags/example_subdag_operator.py
[2024-01-14T21:02:52.074+0200] {processor.py:840} INFO - DAG(s) 'example_subdag_operator.section-1', 'example_subdag_operator.section-2', 'example_subdag_operator' retrieved from /Library/Frameworks/Python.framework/Versions/3.10/lib/python3.10/site-packages/airflow/example_dags/example_subdag_operator.py
[2024-01-14T21:02:52.114+0200] {logging_mixin.py:188} INFO - [2024-01-14T21:02:52.114+0200] {dag.py:3033} INFO - Sync 3 DAGs
[2024-01-14T21:02:52.127+0200] {logging_mixin.py:188} INFO - [2024-01-14T21:02:52.127+0200] {dag.py:3820} INFO - Setting next_dagrun for example_subdag_operator to 2022-01-01T00:00:00+00:00, run_after=2022-01-01T00:00:00+00:00
[2024-01-14T21:02:52.129+0200] {logging_mixin.py:188} INFO - [2024-01-14T21:02:52.129+0200] {dag.py:3820} INFO - Setting next_dagrun for example_subdag_operator.section-1 to None, run_after=None
[2024-01-14T21:02:52.130+0200] {logging_mixin.py:188} INFO - [2024-01-14T21:02:52.130+0200] {dag.py:3820} INFO - Setting next_dagrun for example_subdag_operator.section-2 to None, run_after=None
[2024-01-14T21:02:52.135+0200] {logging_mixin.py:188} INFO - [2024-01-14T21:02:52.135+0200] {dag.py:3033} INFO - Sync 2 DAGs
[2024-01-14T21:02:52.139+0200] {logging_mixin.py:188} INFO - [2024-01-14T21:02:52.138+0200] {dag.py:3820} INFO - Setting next_dagrun for example_subdag_operator.section-1 to None, run_after=None
[2024-01-14T21:02:52.139+0200] {logging_mixin.py:188} INFO - [2024-01-14T21:02:52.139+0200] {dag.py:3820} INFO - Setting next_dagrun for example_subdag_operator.section-2 to None, run_after=None
[2024-01-14T21:02:52.149+0200] {processor.py:183} INFO - Processing /Library/Frameworks/Python.framework/Versions/3.10/lib/python3.10/site-packages/airflow/example_dags/example_subdag_operator.py took 0.223 seconds
[2024-01-15T00:20:25.256+0200] {processor.py:161} INFO - Started process (PID=50159) to work on /Library/Frameworks/Python.framework/Versions/3.10/lib/python3.10/site-packages/airflow/example_dags/example_subdag_operator.py
[2024-01-15T00:20:25.261+0200] {processor.py:830} INFO - Processing file /Library/Frameworks/Python.framework/Versions/3.10/lib/python3.10/site-packages/airflow/example_dags/example_subdag_operator.py for tasks to queue
[2024-01-15T00:20:25.261+0200] {logging_mixin.py:188} INFO - [2024-01-15T00:20:25.261+0200] {dagbag.py:538} INFO - Filling up the DagBag from /Library/Frameworks/Python.framework/Versions/3.10/lib/python3.10/site-packages/airflow/example_dags/example_subdag_operator.py
[2024-01-15T00:20:25.402+0200] {processor.py:840} INFO - DAG(s) 'example_subdag_operator.section-1', 'example_subdag_operator.section-2', 'example_subdag_operator' retrieved from /Library/Frameworks/Python.framework/Versions/3.10/lib/python3.10/site-packages/airflow/example_dags/example_subdag_operator.py
[2024-01-15T00:20:25.439+0200] {logging_mixin.py:188} INFO - [2024-01-15T00:20:25.439+0200] {dag.py:3033} INFO - Sync 3 DAGs
[2024-01-15T00:20:25.452+0200] {logging_mixin.py:188} INFO - [2024-01-15T00:20:25.452+0200] {dag.py:3820} INFO - Setting next_dagrun for example_subdag_operator to 2022-01-01T00:00:00+00:00, run_after=2022-01-01T00:00:00+00:00
[2024-01-15T00:20:25.454+0200] {logging_mixin.py:188} INFO - [2024-01-15T00:20:25.454+0200] {dag.py:3820} INFO - Setting next_dagrun for example_subdag_operator.section-1 to None, run_after=None
[2024-01-15T00:20:25.455+0200] {logging_mixin.py:188} INFO - [2024-01-15T00:20:25.455+0200] {dag.py:3820} INFO - Setting next_dagrun for example_subdag_operator.section-2 to None, run_after=None
[2024-01-15T00:20:25.459+0200] {logging_mixin.py:188} INFO - [2024-01-15T00:20:25.459+0200] {dag.py:3033} INFO - Sync 2 DAGs
[2024-01-15T00:20:25.462+0200] {logging_mixin.py:188} INFO - [2024-01-15T00:20:25.462+0200] {dag.py:3820} INFO - Setting next_dagrun for example_subdag_operator.section-1 to None, run_after=None
[2024-01-15T00:20:25.463+0200] {logging_mixin.py:188} INFO - [2024-01-15T00:20:25.463+0200] {dag.py:3820} INFO - Setting next_dagrun for example_subdag_operator.section-2 to None, run_after=None
[2024-01-15T00:20:25.474+0200] {processor.py:183} INFO - Processing /Library/Frameworks/Python.framework/Versions/3.10/lib/python3.10/site-packages/airflow/example_dags/example_subdag_operator.py took 0.219 seconds
[2024-01-15T00:23:02.282+0200] {processor.py:161} INFO - Started process (PID=50272) to work on /Library/Frameworks/Python.framework/Versions/3.10/lib/python3.10/site-packages/airflow/example_dags/example_subdag_operator.py
[2024-01-15T00:23:02.287+0200] {processor.py:830} INFO - Processing file /Library/Frameworks/Python.framework/Versions/3.10/lib/python3.10/site-packages/airflow/example_dags/example_subdag_operator.py for tasks to queue
[2024-01-15T00:23:02.287+0200] {logging_mixin.py:188} INFO - [2024-01-15T00:23:02.287+0200] {dagbag.py:538} INFO - Filling up the DagBag from /Library/Frameworks/Python.framework/Versions/3.10/lib/python3.10/site-packages/airflow/example_dags/example_subdag_operator.py
[2024-01-15T00:23:02.431+0200] {processor.py:840} INFO - DAG(s) 'example_subdag_operator.section-1', 'example_subdag_operator.section-2', 'example_subdag_operator' retrieved from /Library/Frameworks/Python.framework/Versions/3.10/lib/python3.10/site-packages/airflow/example_dags/example_subdag_operator.py
[2024-01-15T00:23:02.469+0200] {logging_mixin.py:188} INFO - [2024-01-15T00:23:02.469+0200] {dag.py:3033} INFO - Sync 3 DAGs
[2024-01-15T00:23:02.483+0200] {logging_mixin.py:188} INFO - [2024-01-15T00:23:02.483+0200] {dag.py:3820} INFO - Setting next_dagrun for example_subdag_operator to 2022-01-01T00:00:00+00:00, run_after=2022-01-01T00:00:00+00:00
[2024-01-15T00:23:02.485+0200] {logging_mixin.py:188} INFO - [2024-01-15T00:23:02.485+0200] {dag.py:3820} INFO - Setting next_dagrun for example_subdag_operator.section-1 to None, run_after=None
[2024-01-15T00:23:02.486+0200] {logging_mixin.py:188} INFO - [2024-01-15T00:23:02.486+0200] {dag.py:3820} INFO - Setting next_dagrun for example_subdag_operator.section-2 to None, run_after=None
[2024-01-15T00:23:02.490+0200] {logging_mixin.py:188} INFO - [2024-01-15T00:23:02.490+0200] {dag.py:3033} INFO - Sync 2 DAGs
[2024-01-15T00:23:02.494+0200] {logging_mixin.py:188} INFO - [2024-01-15T00:23:02.493+0200] {dag.py:3820} INFO - Setting next_dagrun for example_subdag_operator.section-1 to None, run_after=None
[2024-01-15T00:23:02.494+0200] {logging_mixin.py:188} INFO - [2024-01-15T00:23:02.494+0200] {dag.py:3820} INFO - Setting next_dagrun for example_subdag_operator.section-2 to None, run_after=None
[2024-01-15T00:23:02.506+0200] {processor.py:183} INFO - Processing /Library/Frameworks/Python.framework/Versions/3.10/lib/python3.10/site-packages/airflow/example_dags/example_subdag_operator.py took 0.226 seconds
[2024-01-15T00:25:32.982+0200] {processor.py:161} INFO - Started process (PID=50375) to work on /Library/Frameworks/Python.framework/Versions/3.10/lib/python3.10/site-packages/airflow/example_dags/example_subdag_operator.py
[2024-01-15T00:25:32.986+0200] {processor.py:830} INFO - Processing file /Library/Frameworks/Python.framework/Versions/3.10/lib/python3.10/site-packages/airflow/example_dags/example_subdag_operator.py for tasks to queue
[2024-01-15T00:25:32.987+0200] {logging_mixin.py:188} INFO - [2024-01-15T00:25:32.987+0200] {dagbag.py:538} INFO - Filling up the DagBag from /Library/Frameworks/Python.framework/Versions/3.10/lib/python3.10/site-packages/airflow/example_dags/example_subdag_operator.py
[2024-01-15T00:25:33.143+0200] {processor.py:840} INFO - DAG(s) 'example_subdag_operator.section-1', 'example_subdag_operator.section-2', 'example_subdag_operator' retrieved from /Library/Frameworks/Python.framework/Versions/3.10/lib/python3.10/site-packages/airflow/example_dags/example_subdag_operator.py
[2024-01-15T00:25:33.183+0200] {logging_mixin.py:188} INFO - [2024-01-15T00:25:33.183+0200] {dag.py:3033} INFO - Sync 3 DAGs
[2024-01-15T00:25:33.197+0200] {logging_mixin.py:188} INFO - [2024-01-15T00:25:33.196+0200] {dag.py:3820} INFO - Setting next_dagrun for example_subdag_operator to 2022-01-01T00:00:00+00:00, run_after=2022-01-01T00:00:00+00:00
[2024-01-15T00:25:33.199+0200] {logging_mixin.py:188} INFO - [2024-01-15T00:25:33.199+0200] {dag.py:3820} INFO - Setting next_dagrun for example_subdag_operator.section-1 to None, run_after=None
[2024-01-15T00:25:33.199+0200] {logging_mixin.py:188} INFO - [2024-01-15T00:25:33.199+0200] {dag.py:3820} INFO - Setting next_dagrun for example_subdag_operator.section-2 to None, run_after=None
[2024-01-15T00:25:33.205+0200] {logging_mixin.py:188} INFO - [2024-01-15T00:25:33.205+0200] {dag.py:3033} INFO - Sync 2 DAGs
[2024-01-15T00:25:33.209+0200] {logging_mixin.py:188} INFO - [2024-01-15T00:25:33.209+0200] {dag.py:3820} INFO - Setting next_dagrun for example_subdag_operator.section-1 to None, run_after=None
[2024-01-15T00:25:33.209+0200] {logging_mixin.py:188} INFO - [2024-01-15T00:25:33.209+0200] {dag.py:3820} INFO - Setting next_dagrun for example_subdag_operator.section-2 to None, run_after=None
[2024-01-15T00:25:33.221+0200] {processor.py:183} INFO - Processing /Library/Frameworks/Python.framework/Versions/3.10/lib/python3.10/site-packages/airflow/example_dags/example_subdag_operator.py took 0.241 seconds
[2024-01-15T00:27:55.725+0200] {processor.py:161} INFO - Started process (PID=50467) to work on /Library/Frameworks/Python.framework/Versions/3.10/lib/python3.10/site-packages/airflow/example_dags/example_subdag_operator.py
[2024-01-15T00:27:55.731+0200] {processor.py:830} INFO - Processing file /Library/Frameworks/Python.framework/Versions/3.10/lib/python3.10/site-packages/airflow/example_dags/example_subdag_operator.py for tasks to queue
[2024-01-15T00:27:55.731+0200] {logging_mixin.py:188} INFO - [2024-01-15T00:27:55.731+0200] {dagbag.py:538} INFO - Filling up the DagBag from /Library/Frameworks/Python.framework/Versions/3.10/lib/python3.10/site-packages/airflow/example_dags/example_subdag_operator.py
[2024-01-15T00:27:55.923+0200] {processor.py:840} INFO - DAG(s) 'example_subdag_operator.section-1', 'example_subdag_operator.section-2', 'example_subdag_operator' retrieved from /Library/Frameworks/Python.framework/Versions/3.10/lib/python3.10/site-packages/airflow/example_dags/example_subdag_operator.py
[2024-01-15T00:27:55.979+0200] {logging_mixin.py:188} INFO - [2024-01-15T00:27:55.979+0200] {dag.py:3033} INFO - Sync 3 DAGs
[2024-01-15T00:27:55.997+0200] {logging_mixin.py:188} INFO - [2024-01-15T00:27:55.997+0200] {dag.py:3820} INFO - Setting next_dagrun for example_subdag_operator to 2022-01-01T00:00:00+00:00, run_after=2022-01-01T00:00:00+00:00
[2024-01-15T00:27:56.000+0200] {logging_mixin.py:188} INFO - [2024-01-15T00:27:56.000+0200] {dag.py:3820} INFO - Setting next_dagrun for example_subdag_operator.section-1 to None, run_after=None
[2024-01-15T00:27:56.001+0200] {logging_mixin.py:188} INFO - [2024-01-15T00:27:56.001+0200] {dag.py:3820} INFO - Setting next_dagrun for example_subdag_operator.section-2 to None, run_after=None
[2024-01-15T00:27:56.008+0200] {logging_mixin.py:188} INFO - [2024-01-15T00:27:56.008+0200] {dag.py:3033} INFO - Sync 2 DAGs
[2024-01-15T00:27:56.012+0200] {logging_mixin.py:188} INFO - [2024-01-15T00:27:56.011+0200] {dag.py:3820} INFO - Setting next_dagrun for example_subdag_operator.section-1 to None, run_after=None
[2024-01-15T00:27:56.012+0200] {logging_mixin.py:188} INFO - [2024-01-15T00:27:56.012+0200] {dag.py:3820} INFO - Setting next_dagrun for example_subdag_operator.section-2 to None, run_after=None
[2024-01-15T00:27:56.029+0200] {processor.py:183} INFO - Processing /Library/Frameworks/Python.framework/Versions/3.10/lib/python3.10/site-packages/airflow/example_dags/example_subdag_operator.py took 0.306 seconds
[2024-01-15T00:30:30.369+0200] {processor.py:161} INFO - Started process (PID=50650) to work on /Library/Frameworks/Python.framework/Versions/3.10/lib/python3.10/site-packages/airflow/example_dags/example_subdag_operator.py
[2024-01-15T00:30:30.373+0200] {processor.py:830} INFO - Processing file /Library/Frameworks/Python.framework/Versions/3.10/lib/python3.10/site-packages/airflow/example_dags/example_subdag_operator.py for tasks to queue
[2024-01-15T00:30:30.374+0200] {logging_mixin.py:188} INFO - [2024-01-15T00:30:30.373+0200] {dagbag.py:538} INFO - Filling up the DagBag from /Library/Frameworks/Python.framework/Versions/3.10/lib/python3.10/site-packages/airflow/example_dags/example_subdag_operator.py
[2024-01-15T00:30:30.524+0200] {processor.py:840} INFO - DAG(s) 'example_subdag_operator.section-1', 'example_subdag_operator.section-2', 'example_subdag_operator' retrieved from /Library/Frameworks/Python.framework/Versions/3.10/lib/python3.10/site-packages/airflow/example_dags/example_subdag_operator.py
[2024-01-15T00:30:30.563+0200] {logging_mixin.py:188} INFO - [2024-01-15T00:30:30.563+0200] {dag.py:3033} INFO - Sync 3 DAGs
[2024-01-15T00:30:30.576+0200] {logging_mixin.py:188} INFO - [2024-01-15T00:30:30.576+0200] {dag.py:3820} INFO - Setting next_dagrun for example_subdag_operator to 2022-01-01T00:00:00+00:00, run_after=2022-01-01T00:00:00+00:00
[2024-01-15T00:30:30.580+0200] {logging_mixin.py:188} INFO - [2024-01-15T00:30:30.580+0200] {dag.py:3820} INFO - Setting next_dagrun for example_subdag_operator.section-1 to None, run_after=None
[2024-01-15T00:30:30.581+0200] {logging_mixin.py:188} INFO - [2024-01-15T00:30:30.581+0200] {dag.py:3820} INFO - Setting next_dagrun for example_subdag_operator.section-2 to None, run_after=None
[2024-01-15T00:30:30.586+0200] {logging_mixin.py:188} INFO - [2024-01-15T00:30:30.586+0200] {dag.py:3033} INFO - Sync 2 DAGs
[2024-01-15T00:30:30.589+0200] {logging_mixin.py:188} INFO - [2024-01-15T00:30:30.589+0200] {dag.py:3820} INFO - Setting next_dagrun for example_subdag_operator.section-1 to None, run_after=None
[2024-01-15T00:30:30.589+0200] {logging_mixin.py:188} INFO - [2024-01-15T00:30:30.589+0200] {dag.py:3820} INFO - Setting next_dagrun for example_subdag_operator.section-2 to None, run_after=None
[2024-01-15T00:30:30.601+0200] {processor.py:183} INFO - Processing /Library/Frameworks/Python.framework/Versions/3.10/lib/python3.10/site-packages/airflow/example_dags/example_subdag_operator.py took 0.234 seconds
