[2024-01-14T16:58:42.403+0200] {processor.py:161} INFO - Started process (PID=49120) to work on /Library/Frameworks/Python.framework/Versions/3.10/lib/python3.10/site-packages/airflow/example_dags/example_bash_operator.py
[2024-01-14T16:58:42.409+0200] {processor.py:830} INFO - Processing file /Library/Frameworks/Python.framework/Versions/3.10/lib/python3.10/site-packages/airflow/example_dags/example_bash_operator.py for tasks to queue
[2024-01-14T16:58:42.410+0200] {logging_mixin.py:188} INFO - [2024-01-14T16:58:42.409+0200] {dagbag.py:538} INFO - Filling up the DagBag from /Library/Frameworks/Python.framework/Versions/3.10/lib/python3.10/site-packages/airflow/example_dags/example_bash_operator.py
[2024-01-14T16:58:42.468+0200] {processor.py:840} INFO - DAG(s) 'example_bash_operator' retrieved from /Library/Frameworks/Python.framework/Versions/3.10/lib/python3.10/site-packages/airflow/example_dags/example_bash_operator.py
[2024-01-14T16:58:42.581+0200] {logging_mixin.py:188} INFO - [2024-01-14T16:58:42.580+0200] {dag.py:3033} INFO - Sync 1 DAGs
[2024-01-14T16:58:42.598+0200] {logging_mixin.py:188} INFO - [2024-01-14T16:58:42.598+0200] {dag.py:3820} INFO - Setting next_dagrun for example_bash_operator to 2024-01-13T00:00:00+00:00, run_after=2024-01-14T00:00:00+00:00
[2024-01-14T16:58:42.617+0200] {processor.py:183} INFO - Processing /Library/Frameworks/Python.framework/Versions/3.10/lib/python3.10/site-packages/airflow/example_dags/example_bash_operator.py took 0.216 seconds
[2024-01-15T00:21:45.329+0200] {processor.py:161} INFO - Started process (PID=50218) to work on /Library/Frameworks/Python.framework/Versions/3.10/lib/python3.10/site-packages/airflow/example_dags/example_bash_operator.py
[2024-01-15T00:21:45.334+0200] {processor.py:830} INFO - Processing file /Library/Frameworks/Python.framework/Versions/3.10/lib/python3.10/site-packages/airflow/example_dags/example_bash_operator.py for tasks to queue
[2024-01-15T00:21:45.335+0200] {logging_mixin.py:188} INFO - [2024-01-15T00:21:45.335+0200] {dagbag.py:538} INFO - Filling up the DagBag from /Library/Frameworks/Python.framework/Versions/3.10/lib/python3.10/site-packages/airflow/example_dags/example_bash_operator.py
[2024-01-15T00:21:45.400+0200] {processor.py:840} INFO - DAG(s) 'example_bash_operator' retrieved from /Library/Frameworks/Python.framework/Versions/3.10/lib/python3.10/site-packages/airflow/example_dags/example_bash_operator.py
[2024-01-15T00:21:45.509+0200] {logging_mixin.py:188} INFO - [2024-01-15T00:21:45.509+0200] {dag.py:3033} INFO - Sync 1 DAGs
[2024-01-15T00:21:45.524+0200] {logging_mixin.py:188} INFO - [2024-01-15T00:21:45.524+0200] {dag.py:3820} INFO - Setting next_dagrun for example_bash_operator to 2024-01-13T00:00:00+00:00, run_after=2024-01-14T00:00:00+00:00
[2024-01-15T00:21:45.542+0200] {processor.py:183} INFO - Processing /Library/Frameworks/Python.framework/Versions/3.10/lib/python3.10/site-packages/airflow/example_dags/example_bash_operator.py took 0.215 seconds
[2024-01-15T00:26:42.732+0200] {processor.py:161} INFO - Started process (PID=50417) to work on /Library/Frameworks/Python.framework/Versions/3.10/lib/python3.10/site-packages/airflow/example_dags/example_bash_operator.py
[2024-01-15T00:26:42.737+0200] {processor.py:830} INFO - Processing file /Library/Frameworks/Python.framework/Versions/3.10/lib/python3.10/site-packages/airflow/example_dags/example_bash_operator.py for tasks to queue
[2024-01-15T00:26:42.738+0200] {logging_mixin.py:188} INFO - [2024-01-15T00:26:42.738+0200] {dagbag.py:538} INFO - Filling up the DagBag from /Library/Frameworks/Python.framework/Versions/3.10/lib/python3.10/site-packages/airflow/example_dags/example_bash_operator.py
[2024-01-15T00:26:42.803+0200] {processor.py:840} INFO - DAG(s) 'example_bash_operator' retrieved from /Library/Frameworks/Python.framework/Versions/3.10/lib/python3.10/site-packages/airflow/example_dags/example_bash_operator.py
[2024-01-15T00:26:42.913+0200] {logging_mixin.py:188} INFO - [2024-01-15T00:26:42.913+0200] {dag.py:3033} INFO - Sync 1 DAGs
[2024-01-15T00:26:42.928+0200] {logging_mixin.py:188} INFO - [2024-01-15T00:26:42.928+0200] {dag.py:3820} INFO - Setting next_dagrun for example_bash_operator to 2024-01-13T00:00:00+00:00, run_after=2024-01-14T00:00:00+00:00
[2024-01-15T00:26:42.948+0200] {processor.py:183} INFO - Processing /Library/Frameworks/Python.framework/Versions/3.10/lib/python3.10/site-packages/airflow/example_dags/example_bash_operator.py took 0.217 seconds
