[2024-01-14T15:57:44.258+0200] {processor.py:161} INFO - Started process (PID=49093) to work on /Library/Frameworks/Python.framework/Versions/3.10/lib/python3.10/site-packages/airflow/example_dags/example_branch_labels.py
[2024-01-14T15:57:44.263+0200] {processor.py:830} INFO - Processing file /Library/Frameworks/Python.framework/Versions/3.10/lib/python3.10/site-packages/airflow/example_dags/example_branch_labels.py for tasks to queue
[2024-01-14T15:57:44.263+0200] {logging_mixin.py:188} INFO - [2024-01-14T15:57:44.263+0200] {dagbag.py:538} INFO - Filling up the DagBag from /Library/Frameworks/Python.framework/Versions/3.10/lib/python3.10/site-packages/airflow/example_dags/example_branch_labels.py
[2024-01-14T15:57:44.283+0200] {processor.py:840} INFO - DAG(s) 'example_branch_labels' retrieved from /Library/Frameworks/Python.framework/Versions/3.10/lib/python3.10/site-packages/airflow/example_dags/example_branch_labels.py
[2024-01-14T15:57:44.526+0200] {logging_mixin.py:188} INFO - [2024-01-14T15:57:44.526+0200] {dag.py:3033} INFO - Sync 1 DAGs
[2024-01-14T15:57:44.555+0200] {logging_mixin.py:188} INFO - [2024-01-14T15:57:44.555+0200] {dag.py:3820} INFO - Setting next_dagrun for example_branch_labels to 2024-01-13T00:00:00+00:00, run_after=2024-01-14T00:00:00+00:00
[2024-01-14T15:57:44.578+0200] {processor.py:183} INFO - Processing /Library/Frameworks/Python.framework/Versions/3.10/lib/python3.10/site-packages/airflow/example_dags/example_branch_labels.py took 0.322 seconds
[2024-01-15T00:18:59.246+0200] {processor.py:161} INFO - Started process (PID=49624) to work on /Library/Frameworks/Python.framework/Versions/3.10/lib/python3.10/site-packages/airflow/example_dags/example_branch_labels.py
[2024-01-15T00:18:59.254+0200] {processor.py:830} INFO - Processing file /Library/Frameworks/Python.framework/Versions/3.10/lib/python3.10/site-packages/airflow/example_dags/example_branch_labels.py for tasks to queue
[2024-01-15T00:18:59.255+0200] {logging_mixin.py:188} INFO - [2024-01-15T00:18:59.255+0200] {dagbag.py:538} INFO - Filling up the DagBag from /Library/Frameworks/Python.framework/Versions/3.10/lib/python3.10/site-packages/airflow/example_dags/example_branch_labels.py
[2024-01-15T00:18:59.292+0200] {processor.py:840} INFO - DAG(s) 'example_branch_labels' retrieved from /Library/Frameworks/Python.framework/Versions/3.10/lib/python3.10/site-packages/airflow/example_dags/example_branch_labels.py
[2024-01-15T00:18:59.628+0200] {logging_mixin.py:188} INFO - [2024-01-15T00:18:59.627+0200] {dag.py:3033} INFO - Sync 1 DAGs
[2024-01-15T00:18:59.662+0200] {logging_mixin.py:188} INFO - [2024-01-15T00:18:59.662+0200] {dag.py:3820} INFO - Setting next_dagrun for example_branch_labels to 2024-01-13T00:00:00+00:00, run_after=2024-01-14T00:00:00+00:00
[2024-01-15T00:18:59.691+0200] {processor.py:183} INFO - Processing /Library/Frameworks/Python.framework/Versions/3.10/lib/python3.10/site-packages/airflow/example_dags/example_branch_labels.py took 0.447 seconds
[2024-01-15T00:24:16.634+0200] {processor.py:161} INFO - Started process (PID=50315) to work on /Library/Frameworks/Python.framework/Versions/3.10/lib/python3.10/site-packages/airflow/example_dags/example_branch_labels.py
[2024-01-15T00:24:16.638+0200] {processor.py:830} INFO - Processing file /Library/Frameworks/Python.framework/Versions/3.10/lib/python3.10/site-packages/airflow/example_dags/example_branch_labels.py for tasks to queue
[2024-01-15T00:24:16.639+0200] {logging_mixin.py:188} INFO - [2024-01-15T00:24:16.639+0200] {dagbag.py:538} INFO - Filling up the DagBag from /Library/Frameworks/Python.framework/Versions/3.10/lib/python3.10/site-packages/airflow/example_dags/example_branch_labels.py
[2024-01-15T00:24:16.652+0200] {processor.py:840} INFO - DAG(s) 'example_branch_labels' retrieved from /Library/Frameworks/Python.framework/Versions/3.10/lib/python3.10/site-packages/airflow/example_dags/example_branch_labels.py
[2024-01-15T00:24:16.837+0200] {logging_mixin.py:188} INFO - [2024-01-15T00:24:16.837+0200] {dag.py:3033} INFO - Sync 1 DAGs
[2024-01-15T00:24:16.858+0200] {logging_mixin.py:188} INFO - [2024-01-15T00:24:16.858+0200] {dag.py:3820} INFO - Setting next_dagrun for example_branch_labels to 2024-01-13T00:00:00+00:00, run_after=2024-01-14T00:00:00+00:00
[2024-01-15T00:24:16.877+0200] {processor.py:183} INFO - Processing /Library/Frameworks/Python.framework/Versions/3.10/lib/python3.10/site-packages/airflow/example_dags/example_branch_labels.py took 0.245 seconds
[2024-01-15T00:29:13.025+0200] {processor.py:161} INFO - Started process (PID=50596) to work on /Library/Frameworks/Python.framework/Versions/3.10/lib/python3.10/site-packages/airflow/example_dags/example_branch_labels.py
[2024-01-15T00:29:13.031+0200] {processor.py:830} INFO - Processing file /Library/Frameworks/Python.framework/Versions/3.10/lib/python3.10/site-packages/airflow/example_dags/example_branch_labels.py for tasks to queue
[2024-01-15T00:29:13.031+0200] {logging_mixin.py:188} INFO - [2024-01-15T00:29:13.031+0200] {dagbag.py:538} INFO - Filling up the DagBag from /Library/Frameworks/Python.framework/Versions/3.10/lib/python3.10/site-packages/airflow/example_dags/example_branch_labels.py
[2024-01-15T00:29:13.049+0200] {processor.py:840} INFO - DAG(s) 'example_branch_labels' retrieved from /Library/Frameworks/Python.framework/Versions/3.10/lib/python3.10/site-packages/airflow/example_dags/example_branch_labels.py
[2024-01-15T00:29:13.240+0200] {logging_mixin.py:188} INFO - [2024-01-15T00:29:13.240+0200] {dag.py:3033} INFO - Sync 1 DAGs
[2024-01-15T00:29:13.264+0200] {logging_mixin.py:188} INFO - [2024-01-15T00:29:13.264+0200] {dag.py:3820} INFO - Setting next_dagrun for example_branch_labels to 2024-01-13T00:00:00+00:00, run_after=2024-01-14T00:00:00+00:00
[2024-01-15T00:29:13.289+0200] {processor.py:183} INFO - Processing /Library/Frameworks/Python.framework/Versions/3.10/lib/python3.10/site-packages/airflow/example_dags/example_branch_labels.py took 0.265 seconds
