[2024-01-14T09:51:54.774+0200] {processor.py:161} INFO - Started process (PID=48706) to work on /Library/Frameworks/Python.framework/Versions/3.10/lib/python3.10/site-packages/airflow/example_dags/tutorial_taskflow_api.py
[2024-01-14T09:51:54.786+0200] {processor.py:830} INFO - Processing file /Library/Frameworks/Python.framework/Versions/3.10/lib/python3.10/site-packages/airflow/example_dags/tutorial_taskflow_api.py for tasks to queue
[2024-01-14T09:51:54.787+0200] {logging_mixin.py:188} INFO - [2024-01-14T09:51:54.786+0200] {dagbag.py:538} INFO - Filling up the DagBag from /Library/Frameworks/Python.framework/Versions/3.10/lib/python3.10/site-packages/airflow/example_dags/tutorial_taskflow_api.py
[2024-01-14T09:51:55.057+0200] {processor.py:840} INFO - DAG(s) 'tutorial_taskflow_api' retrieved from /Library/Frameworks/Python.framework/Versions/3.10/lib/python3.10/site-packages/airflow/example_dags/tutorial_taskflow_api.py
[2024-01-14T09:51:55.325+0200] {logging_mixin.py:188} INFO - [2024-01-14T09:51:55.324+0200] {dag.py:3033} INFO - Sync 1 DAGs
[2024-01-14T09:51:55.345+0200] {logging_mixin.py:188} INFO - [2024-01-14T09:51:55.345+0200] {dag.py:3820} INFO - Setting next_dagrun for tutorial_taskflow_api to None, run_after=None
[2024-01-14T09:51:55.390+0200] {processor.py:183} INFO - Processing /Library/Frameworks/Python.framework/Versions/3.10/lib/python3.10/site-packages/airflow/example_dags/tutorial_taskflow_api.py took 0.621 seconds
[2024-01-14T19:00:44.835+0200] {processor.py:161} INFO - Started process (PID=49219) to work on /Library/Frameworks/Python.framework/Versions/3.10/lib/python3.10/site-packages/airflow/example_dags/tutorial_taskflow_api.py
[2024-01-14T19:00:44.841+0200] {processor.py:830} INFO - Processing file /Library/Frameworks/Python.framework/Versions/3.10/lib/python3.10/site-packages/airflow/example_dags/tutorial_taskflow_api.py for tasks to queue
[2024-01-14T19:00:44.842+0200] {logging_mixin.py:188} INFO - [2024-01-14T19:00:44.841+0200] {dagbag.py:538} INFO - Filling up the DagBag from /Library/Frameworks/Python.framework/Versions/3.10/lib/python3.10/site-packages/airflow/example_dags/tutorial_taskflow_api.py
[2024-01-14T19:00:44.954+0200] {processor.py:840} INFO - DAG(s) 'tutorial_taskflow_api' retrieved from /Library/Frameworks/Python.framework/Versions/3.10/lib/python3.10/site-packages/airflow/example_dags/tutorial_taskflow_api.py
[2024-01-14T19:00:45.059+0200] {logging_mixin.py:188} INFO - [2024-01-14T19:00:45.058+0200] {dag.py:3033} INFO - Sync 1 DAGs
[2024-01-14T19:00:45.067+0200] {logging_mixin.py:188} INFO - [2024-01-14T19:00:45.067+0200] {dag.py:3820} INFO - Setting next_dagrun for tutorial_taskflow_api to None, run_after=None
[2024-01-14T19:00:45.089+0200] {processor.py:183} INFO - Processing /Library/Frameworks/Python.framework/Versions/3.10/lib/python3.10/site-packages/airflow/example_dags/tutorial_taskflow_api.py took 0.257 seconds
[2024-01-15T00:19:50.924+0200] {processor.py:161} INFO - Started process (PID=50056) to work on /Library/Frameworks/Python.framework/Versions/3.10/lib/python3.10/site-packages/airflow/example_dags/tutorial_taskflow_api.py
[2024-01-15T00:19:50.930+0200] {processor.py:830} INFO - Processing file /Library/Frameworks/Python.framework/Versions/3.10/lib/python3.10/site-packages/airflow/example_dags/tutorial_taskflow_api.py for tasks to queue
[2024-01-15T00:19:50.931+0200] {logging_mixin.py:188} INFO - [2024-01-15T00:19:50.930+0200] {dagbag.py:538} INFO - Filling up the DagBag from /Library/Frameworks/Python.framework/Versions/3.10/lib/python3.10/site-packages/airflow/example_dags/tutorial_taskflow_api.py
[2024-01-15T00:19:51.048+0200] {processor.py:840} INFO - DAG(s) 'tutorial_taskflow_api' retrieved from /Library/Frameworks/Python.framework/Versions/3.10/lib/python3.10/site-packages/airflow/example_dags/tutorial_taskflow_api.py
[2024-01-15T00:19:51.201+0200] {logging_mixin.py:188} INFO - [2024-01-15T00:19:51.201+0200] {dag.py:3033} INFO - Sync 1 DAGs
[2024-01-15T00:19:51.210+0200] {logging_mixin.py:188} INFO - [2024-01-15T00:19:51.210+0200] {dag.py:3820} INFO - Setting next_dagrun for tutorial_taskflow_api to None, run_after=None
[2024-01-15T00:19:51.233+0200] {processor.py:183} INFO - Processing /Library/Frameworks/Python.framework/Versions/3.10/lib/python3.10/site-packages/airflow/example_dags/tutorial_taskflow_api.py took 0.310 seconds
[2024-01-15T00:22:25.337+0200] {processor.py:161} INFO - Started process (PID=50254) to work on /Library/Frameworks/Python.framework/Versions/3.10/lib/python3.10/site-packages/airflow/example_dags/tutorial_taskflow_api.py
[2024-01-15T00:22:25.343+0200] {processor.py:830} INFO - Processing file /Library/Frameworks/Python.framework/Versions/3.10/lib/python3.10/site-packages/airflow/example_dags/tutorial_taskflow_api.py for tasks to queue
[2024-01-15T00:22:25.344+0200] {logging_mixin.py:188} INFO - [2024-01-15T00:22:25.343+0200] {dagbag.py:538} INFO - Filling up the DagBag from /Library/Frameworks/Python.framework/Versions/3.10/lib/python3.10/site-packages/airflow/example_dags/tutorial_taskflow_api.py
[2024-01-15T00:22:25.455+0200] {processor.py:840} INFO - DAG(s) 'tutorial_taskflow_api' retrieved from /Library/Frameworks/Python.framework/Versions/3.10/lib/python3.10/site-packages/airflow/example_dags/tutorial_taskflow_api.py
[2024-01-15T00:22:25.598+0200] {logging_mixin.py:188} INFO - [2024-01-15T00:22:25.597+0200] {dag.py:3033} INFO - Sync 1 DAGs
[2024-01-15T00:22:25.612+0200] {logging_mixin.py:188} INFO - [2024-01-15T00:22:25.612+0200] {dag.py:3820} INFO - Setting next_dagrun for tutorial_taskflow_api to None, run_after=None
[2024-01-15T00:22:25.640+0200] {processor.py:183} INFO - Processing /Library/Frameworks/Python.framework/Versions/3.10/lib/python3.10/site-packages/airflow/example_dags/tutorial_taskflow_api.py took 0.304 seconds
[2024-01-15T00:24:55.990+0200] {processor.py:161} INFO - Started process (PID=50349) to work on /Library/Frameworks/Python.framework/Versions/3.10/lib/python3.10/site-packages/airflow/example_dags/tutorial_taskflow_api.py
[2024-01-15T00:24:55.995+0200] {processor.py:830} INFO - Processing file /Library/Frameworks/Python.framework/Versions/3.10/lib/python3.10/site-packages/airflow/example_dags/tutorial_taskflow_api.py for tasks to queue
[2024-01-15T00:24:55.995+0200] {logging_mixin.py:188} INFO - [2024-01-15T00:24:55.995+0200] {dagbag.py:538} INFO - Filling up the DagBag from /Library/Frameworks/Python.framework/Versions/3.10/lib/python3.10/site-packages/airflow/example_dags/tutorial_taskflow_api.py
[2024-01-15T00:24:56.091+0200] {processor.py:840} INFO - DAG(s) 'tutorial_taskflow_api' retrieved from /Library/Frameworks/Python.framework/Versions/3.10/lib/python3.10/site-packages/airflow/example_dags/tutorial_taskflow_api.py
[2024-01-15T00:24:56.193+0200] {logging_mixin.py:188} INFO - [2024-01-15T00:24:56.193+0200] {dag.py:3033} INFO - Sync 1 DAGs
[2024-01-15T00:24:56.200+0200] {logging_mixin.py:188} INFO - [2024-01-15T00:24:56.200+0200] {dag.py:3820} INFO - Setting next_dagrun for tutorial_taskflow_api to None, run_after=None
[2024-01-15T00:24:56.219+0200] {processor.py:183} INFO - Processing /Library/Frameworks/Python.framework/Versions/3.10/lib/python3.10/site-packages/airflow/example_dags/tutorial_taskflow_api.py took 0.232 seconds
[2024-01-15T00:27:15.899+0200] {processor.py:161} INFO - Started process (PID=50428) to work on /Library/Frameworks/Python.framework/Versions/3.10/lib/python3.10/site-packages/airflow/example_dags/tutorial_taskflow_api.py
[2024-01-15T00:27:15.903+0200] {processor.py:830} INFO - Processing file /Library/Frameworks/Python.framework/Versions/3.10/lib/python3.10/site-packages/airflow/example_dags/tutorial_taskflow_api.py for tasks to queue
[2024-01-15T00:27:15.904+0200] {logging_mixin.py:188} INFO - [2024-01-15T00:27:15.904+0200] {dagbag.py:538} INFO - Filling up the DagBag from /Library/Frameworks/Python.framework/Versions/3.10/lib/python3.10/site-packages/airflow/example_dags/tutorial_taskflow_api.py
[2024-01-15T00:27:15.997+0200] {processor.py:840} INFO - DAG(s) 'tutorial_taskflow_api' retrieved from /Library/Frameworks/Python.framework/Versions/3.10/lib/python3.10/site-packages/airflow/example_dags/tutorial_taskflow_api.py
[2024-01-15T00:27:16.094+0200] {logging_mixin.py:188} INFO - [2024-01-15T00:27:16.094+0200] {dag.py:3033} INFO - Sync 1 DAGs
[2024-01-15T00:27:16.102+0200] {logging_mixin.py:188} INFO - [2024-01-15T00:27:16.102+0200] {dag.py:3820} INFO - Setting next_dagrun for tutorial_taskflow_api to None, run_after=None
[2024-01-15T00:27:16.123+0200] {processor.py:183} INFO - Processing /Library/Frameworks/Python.framework/Versions/3.10/lib/python3.10/site-packages/airflow/example_dags/tutorial_taskflow_api.py took 0.226 seconds
[2024-01-15T00:29:54.580+0200] {processor.py:161} INFO - Started process (PID=50634) to work on /Library/Frameworks/Python.framework/Versions/3.10/lib/python3.10/site-packages/airflow/example_dags/tutorial_taskflow_api.py
[2024-01-15T00:29:54.585+0200] {processor.py:830} INFO - Processing file /Library/Frameworks/Python.framework/Versions/3.10/lib/python3.10/site-packages/airflow/example_dags/tutorial_taskflow_api.py for tasks to queue
[2024-01-15T00:29:54.586+0200] {logging_mixin.py:188} INFO - [2024-01-15T00:29:54.586+0200] {dagbag.py:538} INFO - Filling up the DagBag from /Library/Frameworks/Python.framework/Versions/3.10/lib/python3.10/site-packages/airflow/example_dags/tutorial_taskflow_api.py
[2024-01-15T00:29:54.681+0200] {processor.py:840} INFO - DAG(s) 'tutorial_taskflow_api' retrieved from /Library/Frameworks/Python.framework/Versions/3.10/lib/python3.10/site-packages/airflow/example_dags/tutorial_taskflow_api.py
[2024-01-15T00:29:54.789+0200] {logging_mixin.py:188} INFO - [2024-01-15T00:29:54.789+0200] {dag.py:3033} INFO - Sync 1 DAGs
[2024-01-15T00:29:54.797+0200] {logging_mixin.py:188} INFO - [2024-01-15T00:29:54.797+0200] {dag.py:3820} INFO - Setting next_dagrun for tutorial_taskflow_api to None, run_after=None
[2024-01-15T00:29:54.815+0200] {processor.py:183} INFO - Processing /Library/Frameworks/Python.framework/Versions/3.10/lib/python3.10/site-packages/airflow/example_dags/tutorial_taskflow_api.py took 0.236 seconds
