[2024-01-14T10:52:33.024+0200] {processor.py:161} INFO - Started process (PID=48721) to work on /Library/Frameworks/Python.framework/Versions/3.10/lib/python3.10/site-packages/airflow/example_dags/tutorial_objectstorage.py
[2024-01-14T10:52:33.029+0200] {processor.py:830} INFO - Processing file /Library/Frameworks/Python.framework/Versions/3.10/lib/python3.10/site-packages/airflow/example_dags/tutorial_objectstorage.py for tasks to queue
[2024-01-14T10:52:33.029+0200] {logging_mixin.py:188} INFO - [2024-01-14T10:52:33.029+0200] {dagbag.py:538} INFO - Filling up the DagBag from /Library/Frameworks/Python.framework/Versions/3.10/lib/python3.10/site-packages/airflow/example_dags/tutorial_objectstorage.py
[2024-01-14T10:52:33.191+0200] {processor.py:840} INFO - DAG(s) 'tutorial_objectstorage' retrieved from /Library/Frameworks/Python.framework/Versions/3.10/lib/python3.10/site-packages/airflow/example_dags/tutorial_objectstorage.py
[2024-01-14T10:52:33.288+0200] {logging_mixin.py:188} INFO - [2024-01-14T10:52:33.288+0200] {dag.py:3033} INFO - Sync 1 DAGs
[2024-01-14T10:52:33.297+0200] {logging_mixin.py:188} INFO - [2024-01-14T10:52:33.297+0200] {dag.py:3820} INFO - Setting next_dagrun for tutorial_objectstorage to None, run_after=None
[2024-01-14T10:52:33.314+0200] {processor.py:183} INFO - Processing /Library/Frameworks/Python.framework/Versions/3.10/lib/python3.10/site-packages/airflow/example_dags/tutorial_objectstorage.py took 0.292 seconds
[2024-01-14T19:00:47.931+0200] {processor.py:161} INFO - Started process (PID=49221) to work on /Library/Frameworks/Python.framework/Versions/3.10/lib/python3.10/site-packages/airflow/example_dags/tutorial_objectstorage.py
[2024-01-14T19:00:47.935+0200] {processor.py:830} INFO - Processing file /Library/Frameworks/Python.framework/Versions/3.10/lib/python3.10/site-packages/airflow/example_dags/tutorial_objectstorage.py for tasks to queue
[2024-01-14T19:00:47.935+0200] {logging_mixin.py:188} INFO - [2024-01-14T19:00:47.935+0200] {dagbag.py:538} INFO - Filling up the DagBag from /Library/Frameworks/Python.framework/Versions/3.10/lib/python3.10/site-packages/airflow/example_dags/tutorial_objectstorage.py
[2024-01-14T19:00:48.144+0200] {processor.py:840} INFO - DAG(s) 'tutorial_objectstorage' retrieved from /Library/Frameworks/Python.framework/Versions/3.10/lib/python3.10/site-packages/airflow/example_dags/tutorial_objectstorage.py
[2024-01-14T19:00:48.243+0200] {logging_mixin.py:188} INFO - [2024-01-14T19:00:48.243+0200] {dag.py:3033} INFO - Sync 1 DAGs
[2024-01-14T19:00:48.260+0200] {logging_mixin.py:188} INFO - [2024-01-14T19:00:48.260+0200] {dag.py:3820} INFO - Setting next_dagrun for tutorial_objectstorage to None, run_after=None
[2024-01-14T19:00:48.278+0200] {processor.py:183} INFO - Processing /Library/Frameworks/Python.framework/Versions/3.10/lib/python3.10/site-packages/airflow/example_dags/tutorial_objectstorage.py took 0.350 seconds
[2024-01-15T00:19:54.645+0200] {processor.py:161} INFO - Started process (PID=50071) to work on /Library/Frameworks/Python.framework/Versions/3.10/lib/python3.10/site-packages/airflow/example_dags/tutorial_objectstorage.py
[2024-01-15T00:19:54.653+0200] {processor.py:830} INFO - Processing file /Library/Frameworks/Python.framework/Versions/3.10/lib/python3.10/site-packages/airflow/example_dags/tutorial_objectstorage.py for tasks to queue
[2024-01-15T00:19:54.653+0200] {logging_mixin.py:188} INFO - [2024-01-15T00:19:54.653+0200] {dagbag.py:538} INFO - Filling up the DagBag from /Library/Frameworks/Python.framework/Versions/3.10/lib/python3.10/site-packages/airflow/example_dags/tutorial_objectstorage.py
[2024-01-15T00:19:55.077+0200] {processor.py:840} INFO - DAG(s) 'tutorial_objectstorage' retrieved from /Library/Frameworks/Python.framework/Versions/3.10/lib/python3.10/site-packages/airflow/example_dags/tutorial_objectstorage.py
[2024-01-15T00:19:55.200+0200] {logging_mixin.py:188} INFO - [2024-01-15T00:19:55.199+0200] {dag.py:3033} INFO - Sync 1 DAGs
[2024-01-15T00:19:55.210+0200] {logging_mixin.py:188} INFO - [2024-01-15T00:19:55.210+0200] {dag.py:3820} INFO - Setting next_dagrun for tutorial_objectstorage to None, run_after=None
[2024-01-15T00:19:55.230+0200] {processor.py:183} INFO - Processing /Library/Frameworks/Python.framework/Versions/3.10/lib/python3.10/site-packages/airflow/example_dags/tutorial_objectstorage.py took 0.586 seconds
[2024-01-15T00:22:29.032+0200] {processor.py:161} INFO - Started process (PID=50259) to work on /Library/Frameworks/Python.framework/Versions/3.10/lib/python3.10/site-packages/airflow/example_dags/tutorial_objectstorage.py
[2024-01-15T00:22:29.036+0200] {processor.py:830} INFO - Processing file /Library/Frameworks/Python.framework/Versions/3.10/lib/python3.10/site-packages/airflow/example_dags/tutorial_objectstorage.py for tasks to queue
[2024-01-15T00:22:29.037+0200] {logging_mixin.py:188} INFO - [2024-01-15T00:22:29.037+0200] {dagbag.py:538} INFO - Filling up the DagBag from /Library/Frameworks/Python.framework/Versions/3.10/lib/python3.10/site-packages/airflow/example_dags/tutorial_objectstorage.py
[2024-01-15T00:22:29.190+0200] {processor.py:840} INFO - DAG(s) 'tutorial_objectstorage' retrieved from /Library/Frameworks/Python.framework/Versions/3.10/lib/python3.10/site-packages/airflow/example_dags/tutorial_objectstorage.py
[2024-01-15T00:22:29.312+0200] {logging_mixin.py:188} INFO - [2024-01-15T00:22:29.312+0200] {dag.py:3033} INFO - Sync 1 DAGs
[2024-01-15T00:22:29.321+0200] {logging_mixin.py:188} INFO - [2024-01-15T00:22:29.321+0200] {dag.py:3820} INFO - Setting next_dagrun for tutorial_objectstorage to None, run_after=None
[2024-01-15T00:22:29.339+0200] {processor.py:183} INFO - Processing /Library/Frameworks/Python.framework/Versions/3.10/lib/python3.10/site-packages/airflow/example_dags/tutorial_objectstorage.py took 0.308 seconds
[2024-01-15T00:24:59.155+0200] {processor.py:161} INFO - Started process (PID=50350) to work on /Library/Frameworks/Python.framework/Versions/3.10/lib/python3.10/site-packages/airflow/example_dags/tutorial_objectstorage.py
[2024-01-15T00:24:59.159+0200] {processor.py:830} INFO - Processing file /Library/Frameworks/Python.framework/Versions/3.10/lib/python3.10/site-packages/airflow/example_dags/tutorial_objectstorage.py for tasks to queue
[2024-01-15T00:24:59.160+0200] {logging_mixin.py:188} INFO - [2024-01-15T00:24:59.160+0200] {dagbag.py:538} INFO - Filling up the DagBag from /Library/Frameworks/Python.framework/Versions/3.10/lib/python3.10/site-packages/airflow/example_dags/tutorial_objectstorage.py
[2024-01-15T00:24:59.326+0200] {processor.py:840} INFO - DAG(s) 'tutorial_objectstorage' retrieved from /Library/Frameworks/Python.framework/Versions/3.10/lib/python3.10/site-packages/airflow/example_dags/tutorial_objectstorage.py
[2024-01-15T00:24:59.413+0200] {logging_mixin.py:188} INFO - [2024-01-15T00:24:59.413+0200] {dag.py:3033} INFO - Sync 1 DAGs
[2024-01-15T00:24:59.421+0200] {logging_mixin.py:188} INFO - [2024-01-15T00:24:59.421+0200] {dag.py:3820} INFO - Setting next_dagrun for tutorial_objectstorage to None, run_after=None
[2024-01-15T00:24:59.439+0200] {processor.py:183} INFO - Processing /Library/Frameworks/Python.framework/Versions/3.10/lib/python3.10/site-packages/airflow/example_dags/tutorial_objectstorage.py took 0.285 seconds
[2024-01-15T00:27:18.825+0200] {processor.py:161} INFO - Started process (PID=50430) to work on /Library/Frameworks/Python.framework/Versions/3.10/lib/python3.10/site-packages/airflow/example_dags/tutorial_objectstorage.py
[2024-01-15T00:27:18.829+0200] {processor.py:830} INFO - Processing file /Library/Frameworks/Python.framework/Versions/3.10/lib/python3.10/site-packages/airflow/example_dags/tutorial_objectstorage.py for tasks to queue
[2024-01-15T00:27:18.830+0200] {logging_mixin.py:188} INFO - [2024-01-15T00:27:18.830+0200] {dagbag.py:538} INFO - Filling up the DagBag from /Library/Frameworks/Python.framework/Versions/3.10/lib/python3.10/site-packages/airflow/example_dags/tutorial_objectstorage.py
[2024-01-15T00:27:19.002+0200] {processor.py:840} INFO - DAG(s) 'tutorial_objectstorage' retrieved from /Library/Frameworks/Python.framework/Versions/3.10/lib/python3.10/site-packages/airflow/example_dags/tutorial_objectstorage.py
[2024-01-15T00:27:19.089+0200] {logging_mixin.py:188} INFO - [2024-01-15T00:27:19.089+0200] {dag.py:3033} INFO - Sync 1 DAGs
[2024-01-15T00:27:19.097+0200] {logging_mixin.py:188} INFO - [2024-01-15T00:27:19.097+0200] {dag.py:3820} INFO - Setting next_dagrun for tutorial_objectstorage to None, run_after=None
[2024-01-15T00:27:19.117+0200] {processor.py:183} INFO - Processing /Library/Frameworks/Python.framework/Versions/3.10/lib/python3.10/site-packages/airflow/example_dags/tutorial_objectstorage.py took 0.294 seconds
[2024-01-15T00:29:57.762+0200] {processor.py:161} INFO - Started process (PID=50635) to work on /Library/Frameworks/Python.framework/Versions/3.10/lib/python3.10/site-packages/airflow/example_dags/tutorial_objectstorage.py
[2024-01-15T00:29:57.768+0200] {processor.py:830} INFO - Processing file /Library/Frameworks/Python.framework/Versions/3.10/lib/python3.10/site-packages/airflow/example_dags/tutorial_objectstorage.py for tasks to queue
[2024-01-15T00:29:57.768+0200] {logging_mixin.py:188} INFO - [2024-01-15T00:29:57.768+0200] {dagbag.py:538} INFO - Filling up the DagBag from /Library/Frameworks/Python.framework/Versions/3.10/lib/python3.10/site-packages/airflow/example_dags/tutorial_objectstorage.py
[2024-01-15T00:29:57.935+0200] {processor.py:840} INFO - DAG(s) 'tutorial_objectstorage' retrieved from /Library/Frameworks/Python.framework/Versions/3.10/lib/python3.10/site-packages/airflow/example_dags/tutorial_objectstorage.py
[2024-01-15T00:29:58.027+0200] {logging_mixin.py:188} INFO - [2024-01-15T00:29:58.027+0200] {dag.py:3033} INFO - Sync 1 DAGs
[2024-01-15T00:29:58.036+0200] {logging_mixin.py:188} INFO - [2024-01-15T00:29:58.036+0200] {dag.py:3820} INFO - Setting next_dagrun for tutorial_objectstorage to None, run_after=None
[2024-01-15T00:29:58.056+0200] {processor.py:183} INFO - Processing /Library/Frameworks/Python.framework/Versions/3.10/lib/python3.10/site-packages/airflow/example_dags/tutorial_objectstorage.py took 0.295 seconds
