[2024-01-11T20:14:17.076+0200] {processor.py:161} INFO - Started process (PID=33239) to work on /Users/angel.georgiev/VsCodeProjects/PythonExamples/.venv/lib/python3.10/site-packages/airflow/example_dags/example_short_circuit_operator.py
[2024-01-11T20:14:17.080+0200] {processor.py:830} INFO - Processing file /Users/angel.georgiev/VsCodeProjects/PythonExamples/.venv/lib/python3.10/site-packages/airflow/example_dags/example_short_circuit_operator.py for tasks to queue
[2024-01-11T20:14:17.081+0200] {logging_mixin.py:188} INFO - [2024-01-11T20:14:17.081+0200] {dagbag.py:538} INFO - Filling up the DagBag from /Users/angel.georgiev/VsCodeProjects/PythonExamples/.venv/lib/python3.10/site-packages/airflow/example_dags/example_short_circuit_operator.py
[2024-01-11T20:14:17.164+0200] {processor.py:840} INFO - DAG(s) 'example_short_circuit_operator' retrieved from /Users/angel.georgiev/VsCodeProjects/PythonExamples/.venv/lib/python3.10/site-packages/airflow/example_dags/example_short_circuit_operator.py
[2024-01-11T20:14:17.342+0200] {logging_mixin.py:188} INFO - [2024-01-11T20:14:17.342+0200] {dag.py:3033} INFO - Sync 1 DAGs
[2024-01-11T20:14:17.355+0200] {logging_mixin.py:188} INFO - [2024-01-11T20:14:17.355+0200] {dag.py:3820} INFO - Setting next_dagrun for example_short_circuit_operator to 2024-01-10T00:00:00+00:00, run_after=2024-01-11T00:00:00+00:00
[2024-01-11T20:14:17.374+0200] {processor.py:183} INFO - Processing /Users/angel.georgiev/VsCodeProjects/PythonExamples/.venv/lib/python3.10/site-packages/airflow/example_dags/example_short_circuit_operator.py took 0.299 seconds
[2024-01-11T20:17:19.793+0200] {processor.py:161} INFO - Started process (PID=33517) to work on /Users/angel.georgiev/VsCodeProjects/PythonExamples/.venv/lib/python3.10/site-packages/airflow/example_dags/example_short_circuit_operator.py
[2024-01-11T20:17:19.797+0200] {processor.py:830} INFO - Processing file /Users/angel.georgiev/VsCodeProjects/PythonExamples/.venv/lib/python3.10/site-packages/airflow/example_dags/example_short_circuit_operator.py for tasks to queue
[2024-01-11T20:17:19.798+0200] {logging_mixin.py:188} INFO - [2024-01-11T20:17:19.798+0200] {dagbag.py:538} INFO - Filling up the DagBag from /Users/angel.georgiev/VsCodeProjects/PythonExamples/.venv/lib/python3.10/site-packages/airflow/example_dags/example_short_circuit_operator.py
[2024-01-11T20:17:19.881+0200] {processor.py:840} INFO - DAG(s) 'example_short_circuit_operator' retrieved from /Users/angel.georgiev/VsCodeProjects/PythonExamples/.venv/lib/python3.10/site-packages/airflow/example_dags/example_short_circuit_operator.py
[2024-01-11T20:17:19.984+0200] {logging_mixin.py:188} INFO - [2024-01-11T20:17:19.984+0200] {dag.py:3033} INFO - Sync 1 DAGs
[2024-01-11T20:17:20.001+0200] {logging_mixin.py:188} INFO - [2024-01-11T20:17:20.000+0200] {dag.py:3820} INFO - Setting next_dagrun for example_short_circuit_operator to 2024-01-10T00:00:00+00:00, run_after=2024-01-11T00:00:00+00:00
[2024-01-11T20:17:20.020+0200] {processor.py:183} INFO - Processing /Users/angel.georgiev/VsCodeProjects/PythonExamples/.venv/lib/python3.10/site-packages/airflow/example_dags/example_short_circuit_operator.py took 0.228 seconds
[2024-01-11T20:19:41.406+0200] {processor.py:161} INFO - Started process (PID=33676) to work on /Users/angel.georgiev/VsCodeProjects/PythonExamples/.venv/lib/python3.10/site-packages/airflow/example_dags/example_short_circuit_operator.py
[2024-01-11T20:19:41.411+0200] {processor.py:830} INFO - Processing file /Users/angel.georgiev/VsCodeProjects/PythonExamples/.venv/lib/python3.10/site-packages/airflow/example_dags/example_short_circuit_operator.py for tasks to queue
[2024-01-11T20:19:41.411+0200] {logging_mixin.py:188} INFO - [2024-01-11T20:19:41.411+0200] {dagbag.py:538} INFO - Filling up the DagBag from /Users/angel.georgiev/VsCodeProjects/PythonExamples/.venv/lib/python3.10/site-packages/airflow/example_dags/example_short_circuit_operator.py
[2024-01-11T20:19:41.491+0200] {processor.py:840} INFO - DAG(s) 'example_short_circuit_operator' retrieved from /Users/angel.georgiev/VsCodeProjects/PythonExamples/.venv/lib/python3.10/site-packages/airflow/example_dags/example_short_circuit_operator.py
[2024-01-11T20:19:41.594+0200] {logging_mixin.py:188} INFO - [2024-01-11T20:19:41.594+0200] {dag.py:3033} INFO - Sync 1 DAGs
[2024-01-11T20:19:41.608+0200] {logging_mixin.py:188} INFO - [2024-01-11T20:19:41.608+0200] {dag.py:3820} INFO - Setting next_dagrun for example_short_circuit_operator to 2024-01-10T00:00:00+00:00, run_after=2024-01-11T00:00:00+00:00
[2024-01-11T20:19:41.625+0200] {processor.py:183} INFO - Processing /Users/angel.georgiev/VsCodeProjects/PythonExamples/.venv/lib/python3.10/site-packages/airflow/example_dags/example_short_circuit_operator.py took 0.220 seconds
[2024-01-11T20:22:06.461+0200] {processor.py:161} INFO - Started process (PID=33802) to work on /Users/angel.georgiev/VsCodeProjects/PythonExamples/.venv/lib/python3.10/site-packages/airflow/example_dags/example_short_circuit_operator.py
[2024-01-11T20:22:06.466+0200] {processor.py:830} INFO - Processing file /Users/angel.georgiev/VsCodeProjects/PythonExamples/.venv/lib/python3.10/site-packages/airflow/example_dags/example_short_circuit_operator.py for tasks to queue
[2024-01-11T20:22:06.466+0200] {logging_mixin.py:188} INFO - [2024-01-11T20:22:06.466+0200] {dagbag.py:538} INFO - Filling up the DagBag from /Users/angel.georgiev/VsCodeProjects/PythonExamples/.venv/lib/python3.10/site-packages/airflow/example_dags/example_short_circuit_operator.py
[2024-01-11T20:22:06.544+0200] {processor.py:840} INFO - DAG(s) 'example_short_circuit_operator' retrieved from /Users/angel.georgiev/VsCodeProjects/PythonExamples/.venv/lib/python3.10/site-packages/airflow/example_dags/example_short_circuit_operator.py
[2024-01-11T20:22:06.640+0200] {logging_mixin.py:188} INFO - [2024-01-11T20:22:06.640+0200] {dag.py:3033} INFO - Sync 1 DAGs
[2024-01-11T20:22:06.654+0200] {logging_mixin.py:188} INFO - [2024-01-11T20:22:06.653+0200] {dag.py:3820} INFO - Setting next_dagrun for example_short_circuit_operator to 2024-01-10T00:00:00+00:00, run_after=2024-01-11T00:00:00+00:00
[2024-01-11T20:22:06.670+0200] {processor.py:183} INFO - Processing /Users/angel.georgiev/VsCodeProjects/PythonExamples/.venv/lib/python3.10/site-packages/airflow/example_dags/example_short_circuit_operator.py took 0.211 seconds
[2024-01-11T20:24:34.272+0200] {processor.py:161} INFO - Started process (PID=34028) to work on /Users/angel.georgiev/VsCodeProjects/PythonExamples/.venv/lib/python3.10/site-packages/airflow/example_dags/example_short_circuit_operator.py
[2024-01-11T20:24:34.281+0200] {processor.py:830} INFO - Processing file /Users/angel.georgiev/VsCodeProjects/PythonExamples/.venv/lib/python3.10/site-packages/airflow/example_dags/example_short_circuit_operator.py for tasks to queue
[2024-01-11T20:24:34.282+0200] {logging_mixin.py:188} INFO - [2024-01-11T20:24:34.282+0200] {dagbag.py:538} INFO - Filling up the DagBag from /Users/angel.georgiev/VsCodeProjects/PythonExamples/.venv/lib/python3.10/site-packages/airflow/example_dags/example_short_circuit_operator.py
[2024-01-11T20:24:34.384+0200] {processor.py:840} INFO - DAG(s) 'example_short_circuit_operator' retrieved from /Users/angel.georgiev/VsCodeProjects/PythonExamples/.venv/lib/python3.10/site-packages/airflow/example_dags/example_short_circuit_operator.py
[2024-01-11T20:24:34.541+0200] {logging_mixin.py:188} INFO - [2024-01-11T20:24:34.540+0200] {dag.py:3033} INFO - Sync 1 DAGs
[2024-01-11T20:24:34.563+0200] {logging_mixin.py:188} INFO - [2024-01-11T20:24:34.563+0200] {dag.py:3820} INFO - Setting next_dagrun for example_short_circuit_operator to 2024-01-10T00:00:00+00:00, run_after=2024-01-11T00:00:00+00:00
[2024-01-11T20:24:34.586+0200] {processor.py:183} INFO - Processing /Users/angel.georgiev/VsCodeProjects/PythonExamples/.venv/lib/python3.10/site-packages/airflow/example_dags/example_short_circuit_operator.py took 0.315 seconds
[2024-01-11T20:26:52.703+0200] {processor.py:161} INFO - Started process (PID=34136) to work on /Users/angel.georgiev/VsCodeProjects/PythonExamples/.venv/lib/python3.10/site-packages/airflow/example_dags/example_short_circuit_operator.py
[2024-01-11T20:26:52.708+0200] {processor.py:830} INFO - Processing file /Users/angel.georgiev/VsCodeProjects/PythonExamples/.venv/lib/python3.10/site-packages/airflow/example_dags/example_short_circuit_operator.py for tasks to queue
[2024-01-11T20:26:52.709+0200] {logging_mixin.py:188} INFO - [2024-01-11T20:26:52.709+0200] {dagbag.py:538} INFO - Filling up the DagBag from /Users/angel.georgiev/VsCodeProjects/PythonExamples/.venv/lib/python3.10/site-packages/airflow/example_dags/example_short_circuit_operator.py
[2024-01-11T20:26:52.813+0200] {processor.py:840} INFO - DAG(s) 'example_short_circuit_operator' retrieved from /Users/angel.georgiev/VsCodeProjects/PythonExamples/.venv/lib/python3.10/site-packages/airflow/example_dags/example_short_circuit_operator.py
[2024-01-11T20:26:52.927+0200] {logging_mixin.py:188} INFO - [2024-01-11T20:26:52.926+0200] {dag.py:3033} INFO - Sync 1 DAGs
[2024-01-11T20:26:52.942+0200] {logging_mixin.py:188} INFO - [2024-01-11T20:26:52.942+0200] {dag.py:3820} INFO - Setting next_dagrun for example_short_circuit_operator to 2024-01-10T00:00:00+00:00, run_after=2024-01-11T00:00:00+00:00
[2024-01-11T20:26:52.962+0200] {processor.py:183} INFO - Processing /Users/angel.georgiev/VsCodeProjects/PythonExamples/.venv/lib/python3.10/site-packages/airflow/example_dags/example_short_circuit_operator.py took 0.261 seconds
[2024-01-11T20:29:21.932+0200] {processor.py:161} INFO - Started process (PID=34333) to work on /Users/angel.georgiev/VsCodeProjects/PythonExamples/.venv/lib/python3.10/site-packages/airflow/example_dags/example_short_circuit_operator.py
[2024-01-11T20:29:21.937+0200] {processor.py:830} INFO - Processing file /Users/angel.georgiev/VsCodeProjects/PythonExamples/.venv/lib/python3.10/site-packages/airflow/example_dags/example_short_circuit_operator.py for tasks to queue
[2024-01-11T20:29:21.937+0200] {logging_mixin.py:188} INFO - [2024-01-11T20:29:21.937+0200] {dagbag.py:538} INFO - Filling up the DagBag from /Users/angel.georgiev/VsCodeProjects/PythonExamples/.venv/lib/python3.10/site-packages/airflow/example_dags/example_short_circuit_operator.py
[2024-01-11T20:29:22.020+0200] {processor.py:840} INFO - DAG(s) 'example_short_circuit_operator' retrieved from /Users/angel.georgiev/VsCodeProjects/PythonExamples/.venv/lib/python3.10/site-packages/airflow/example_dags/example_short_circuit_operator.py
[2024-01-11T20:29:22.122+0200] {logging_mixin.py:188} INFO - [2024-01-11T20:29:22.122+0200] {dag.py:3033} INFO - Sync 1 DAGs
[2024-01-11T20:29:22.137+0200] {logging_mixin.py:188} INFO - [2024-01-11T20:29:22.137+0200] {dag.py:3820} INFO - Setting next_dagrun for example_short_circuit_operator to 2024-01-10T00:00:00+00:00, run_after=2024-01-11T00:00:00+00:00
[2024-01-11T20:29:22.155+0200] {processor.py:183} INFO - Processing /Users/angel.georgiev/VsCodeProjects/PythonExamples/.venv/lib/python3.10/site-packages/airflow/example_dags/example_short_circuit_operator.py took 0.224 seconds
[2024-01-11T20:31:58.685+0200] {processor.py:161} INFO - Started process (PID=34461) to work on /Users/angel.georgiev/VsCodeProjects/PythonExamples/.venv/lib/python3.10/site-packages/airflow/example_dags/example_short_circuit_operator.py
[2024-01-11T20:31:58.691+0200] {processor.py:830} INFO - Processing file /Users/angel.georgiev/VsCodeProjects/PythonExamples/.venv/lib/python3.10/site-packages/airflow/example_dags/example_short_circuit_operator.py for tasks to queue
[2024-01-11T20:31:58.692+0200] {logging_mixin.py:188} INFO - [2024-01-11T20:31:58.692+0200] {dagbag.py:538} INFO - Filling up the DagBag from /Users/angel.georgiev/VsCodeProjects/PythonExamples/.venv/lib/python3.10/site-packages/airflow/example_dags/example_short_circuit_operator.py
[2024-01-11T20:31:58.777+0200] {processor.py:840} INFO - DAG(s) 'example_short_circuit_operator' retrieved from /Users/angel.georgiev/VsCodeProjects/PythonExamples/.venv/lib/python3.10/site-packages/airflow/example_dags/example_short_circuit_operator.py
[2024-01-11T20:31:58.892+0200] {logging_mixin.py:188} INFO - [2024-01-11T20:31:58.891+0200] {dag.py:3033} INFO - Sync 1 DAGs
[2024-01-11T20:31:58.908+0200] {logging_mixin.py:188} INFO - [2024-01-11T20:31:58.908+0200] {dag.py:3820} INFO - Setting next_dagrun for example_short_circuit_operator to 2024-01-10T00:00:00+00:00, run_after=2024-01-11T00:00:00+00:00
[2024-01-11T20:31:58.927+0200] {processor.py:183} INFO - Processing /Users/angel.georgiev/VsCodeProjects/PythonExamples/.venv/lib/python3.10/site-packages/airflow/example_dags/example_short_circuit_operator.py took 0.244 seconds
[2024-01-11T20:34:52.732+0200] {processor.py:161} INFO - Started process (PID=34603) to work on /Users/angel.georgiev/VsCodeProjects/PythonExamples/.venv/lib/python3.10/site-packages/airflow/example_dags/example_short_circuit_operator.py
[2024-01-11T20:34:52.738+0200] {processor.py:830} INFO - Processing file /Users/angel.georgiev/VsCodeProjects/PythonExamples/.venv/lib/python3.10/site-packages/airflow/example_dags/example_short_circuit_operator.py for tasks to queue
[2024-01-11T20:34:52.739+0200] {logging_mixin.py:188} INFO - [2024-01-11T20:34:52.738+0200] {dagbag.py:538} INFO - Filling up the DagBag from /Users/angel.georgiev/VsCodeProjects/PythonExamples/.venv/lib/python3.10/site-packages/airflow/example_dags/example_short_circuit_operator.py
[2024-01-11T20:34:52.824+0200] {processor.py:840} INFO - DAG(s) 'example_short_circuit_operator' retrieved from /Users/angel.georgiev/VsCodeProjects/PythonExamples/.venv/lib/python3.10/site-packages/airflow/example_dags/example_short_circuit_operator.py
[2024-01-11T20:34:52.939+0200] {logging_mixin.py:188} INFO - [2024-01-11T20:34:52.939+0200] {dag.py:3033} INFO - Sync 1 DAGs
[2024-01-11T20:34:52.956+0200] {logging_mixin.py:188} INFO - [2024-01-11T20:34:52.956+0200] {dag.py:3820} INFO - Setting next_dagrun for example_short_circuit_operator to 2024-01-10T00:00:00+00:00, run_after=2024-01-11T00:00:00+00:00
[2024-01-11T20:34:52.976+0200] {processor.py:183} INFO - Processing /Users/angel.georgiev/VsCodeProjects/PythonExamples/.venv/lib/python3.10/site-packages/airflow/example_dags/example_short_circuit_operator.py took 0.245 seconds
[2024-01-11T20:37:57.995+0200] {processor.py:161} INFO - Started process (PID=34870) to work on /Users/angel.georgiev/VsCodeProjects/PythonExamples/.venv/lib/python3.10/site-packages/airflow/example_dags/example_short_circuit_operator.py
[2024-01-11T20:37:58.003+0200] {processor.py:830} INFO - Processing file /Users/angel.georgiev/VsCodeProjects/PythonExamples/.venv/lib/python3.10/site-packages/airflow/example_dags/example_short_circuit_operator.py for tasks to queue
[2024-01-11T20:37:58.003+0200] {logging_mixin.py:188} INFO - [2024-01-11T20:37:58.003+0200] {dagbag.py:538} INFO - Filling up the DagBag from /Users/angel.georgiev/VsCodeProjects/PythonExamples/.venv/lib/python3.10/site-packages/airflow/example_dags/example_short_circuit_operator.py
[2024-01-11T20:37:58.116+0200] {processor.py:840} INFO - DAG(s) 'example_short_circuit_operator' retrieved from /Users/angel.georgiev/VsCodeProjects/PythonExamples/.venv/lib/python3.10/site-packages/airflow/example_dags/example_short_circuit_operator.py
[2024-01-11T20:37:58.265+0200] {logging_mixin.py:188} INFO - [2024-01-11T20:37:58.264+0200] {dag.py:3033} INFO - Sync 1 DAGs
[2024-01-11T20:37:58.284+0200] {logging_mixin.py:188} INFO - [2024-01-11T20:37:58.284+0200] {dag.py:3820} INFO - Setting next_dagrun for example_short_circuit_operator to 2024-01-10T00:00:00+00:00, run_after=2024-01-11T00:00:00+00:00
[2024-01-11T20:37:58.307+0200] {processor.py:183} INFO - Processing /Users/angel.georgiev/VsCodeProjects/PythonExamples/.venv/lib/python3.10/site-packages/airflow/example_dags/example_short_circuit_operator.py took 0.313 seconds
[2024-01-11T20:41:16.584+0200] {processor.py:161} INFO - Started process (PID=35079) to work on /Users/angel.georgiev/VsCodeProjects/PythonExamples/.venv/lib/python3.10/site-packages/airflow/example_dags/example_short_circuit_operator.py
[2024-01-11T20:41:16.634+0200] {processor.py:830} INFO - Processing file /Users/angel.georgiev/VsCodeProjects/PythonExamples/.venv/lib/python3.10/site-packages/airflow/example_dags/example_short_circuit_operator.py for tasks to queue
[2024-01-11T20:41:16.921+0200] {logging_mixin.py:188} INFO - [2024-01-11T20:41:16.896+0200] {dagbag.py:538} INFO - Filling up the DagBag from /Users/angel.georgiev/VsCodeProjects/PythonExamples/.venv/lib/python3.10/site-packages/airflow/example_dags/example_short_circuit_operator.py
[2024-01-11T20:41:20.367+0200] {processor.py:840} INFO - DAG(s) 'example_short_circuit_operator' retrieved from /Users/angel.georgiev/VsCodeProjects/PythonExamples/.venv/lib/python3.10/site-packages/airflow/example_dags/example_short_circuit_operator.py
[2024-01-11T20:41:20.924+0200] {logging_mixin.py:188} INFO - [2024-01-11T20:41:20.923+0200] {dag.py:3033} INFO - Sync 1 DAGs
[2024-01-11T20:41:20.984+0200] {logging_mixin.py:188} INFO - [2024-01-11T20:41:20.983+0200] {dag.py:3820} INFO - Setting next_dagrun for example_short_circuit_operator to 2024-01-10T00:00:00+00:00, run_after=2024-01-11T00:00:00+00:00
[2024-01-11T20:41:21.046+0200] {processor.py:183} INFO - Processing /Users/angel.georgiev/VsCodeProjects/PythonExamples/.venv/lib/python3.10/site-packages/airflow/example_dags/example_short_circuit_operator.py took 4.488 seconds
[2024-01-11T20:44:07.865+0200] {processor.py:161} INFO - Started process (PID=35314) to work on /Users/angel.georgiev/VsCodeProjects/PythonExamples/.venv/lib/python3.10/site-packages/airflow/example_dags/example_short_circuit_operator.py
[2024-01-11T20:44:07.870+0200] {processor.py:830} INFO - Processing file /Users/angel.georgiev/VsCodeProjects/PythonExamples/.venv/lib/python3.10/site-packages/airflow/example_dags/example_short_circuit_operator.py for tasks to queue
[2024-01-11T20:44:07.870+0200] {logging_mixin.py:188} INFO - [2024-01-11T20:44:07.870+0200] {dagbag.py:538} INFO - Filling up the DagBag from /Users/angel.georgiev/VsCodeProjects/PythonExamples/.venv/lib/python3.10/site-packages/airflow/example_dags/example_short_circuit_operator.py
[2024-01-11T20:44:07.952+0200] {processor.py:840} INFO - DAG(s) 'example_short_circuit_operator' retrieved from /Users/angel.georgiev/VsCodeProjects/PythonExamples/.venv/lib/python3.10/site-packages/airflow/example_dags/example_short_circuit_operator.py
[2024-01-11T20:44:08.054+0200] {logging_mixin.py:188} INFO - [2024-01-11T20:44:08.053+0200] {dag.py:3033} INFO - Sync 1 DAGs
[2024-01-11T20:44:08.068+0200] {logging_mixin.py:188} INFO - [2024-01-11T20:44:08.068+0200] {dag.py:3820} INFO - Setting next_dagrun for example_short_circuit_operator to 2024-01-10T00:00:00+00:00, run_after=2024-01-11T00:00:00+00:00
[2024-01-11T20:44:08.087+0200] {processor.py:183} INFO - Processing /Users/angel.georgiev/VsCodeProjects/PythonExamples/.venv/lib/python3.10/site-packages/airflow/example_dags/example_short_circuit_operator.py took 0.223 seconds
[2024-01-11T20:46:11.767+0200] {processor.py:161} INFO - Started process (PID=35397) to work on /Users/angel.georgiev/VsCodeProjects/PythonExamples/.venv/lib/python3.10/site-packages/airflow/example_dags/example_short_circuit_operator.py
[2024-01-11T20:46:11.772+0200] {processor.py:830} INFO - Processing file /Users/angel.georgiev/VsCodeProjects/PythonExamples/.venv/lib/python3.10/site-packages/airflow/example_dags/example_short_circuit_operator.py for tasks to queue
[2024-01-11T20:46:11.772+0200] {logging_mixin.py:188} INFO - [2024-01-11T20:46:11.772+0200] {dagbag.py:538} INFO - Filling up the DagBag from /Users/angel.georgiev/VsCodeProjects/PythonExamples/.venv/lib/python3.10/site-packages/airflow/example_dags/example_short_circuit_operator.py
[2024-01-11T20:46:11.857+0200] {processor.py:840} INFO - DAG(s) 'example_short_circuit_operator' retrieved from /Users/angel.georgiev/VsCodeProjects/PythonExamples/.venv/lib/python3.10/site-packages/airflow/example_dags/example_short_circuit_operator.py
[2024-01-11T20:46:11.967+0200] {logging_mixin.py:188} INFO - [2024-01-11T20:46:11.967+0200] {dag.py:3033} INFO - Sync 1 DAGs
[2024-01-11T20:46:11.982+0200] {logging_mixin.py:188} INFO - [2024-01-11T20:46:11.982+0200] {dag.py:3820} INFO - Setting next_dagrun for example_short_circuit_operator to 2024-01-10T00:00:00+00:00, run_after=2024-01-11T00:00:00+00:00
[2024-01-11T20:46:12.000+0200] {processor.py:183} INFO - Processing /Users/angel.georgiev/VsCodeProjects/PythonExamples/.venv/lib/python3.10/site-packages/airflow/example_dags/example_short_circuit_operator.py took 0.236 seconds
[2024-01-11T20:48:11.106+0200] {processor.py:161} INFO - Started process (PID=35484) to work on /Users/angel.georgiev/VsCodeProjects/PythonExamples/.venv/lib/python3.10/site-packages/airflow/example_dags/example_short_circuit_operator.py
[2024-01-11T20:48:11.111+0200] {processor.py:830} INFO - Processing file /Users/angel.georgiev/VsCodeProjects/PythonExamples/.venv/lib/python3.10/site-packages/airflow/example_dags/example_short_circuit_operator.py for tasks to queue
[2024-01-11T20:48:11.111+0200] {logging_mixin.py:188} INFO - [2024-01-11T20:48:11.111+0200] {dagbag.py:538} INFO - Filling up the DagBag from /Users/angel.georgiev/VsCodeProjects/PythonExamples/.venv/lib/python3.10/site-packages/airflow/example_dags/example_short_circuit_operator.py
[2024-01-11T20:48:11.184+0200] {processor.py:840} INFO - DAG(s) 'example_short_circuit_operator' retrieved from /Users/angel.georgiev/VsCodeProjects/PythonExamples/.venv/lib/python3.10/site-packages/airflow/example_dags/example_short_circuit_operator.py
[2024-01-11T20:48:11.277+0200] {logging_mixin.py:188} INFO - [2024-01-11T20:48:11.277+0200] {dag.py:3033} INFO - Sync 1 DAGs
[2024-01-11T20:48:11.290+0200] {logging_mixin.py:188} INFO - [2024-01-11T20:48:11.290+0200] {dag.py:3820} INFO - Setting next_dagrun for example_short_circuit_operator to 2024-01-10T00:00:00+00:00, run_after=2024-01-11T00:00:00+00:00
[2024-01-11T20:48:11.307+0200] {processor.py:183} INFO - Processing /Users/angel.georgiev/VsCodeProjects/PythonExamples/.venv/lib/python3.10/site-packages/airflow/example_dags/example_short_circuit_operator.py took 0.201 seconds
[2024-01-11T20:50:06.013+0200] {processor.py:161} INFO - Started process (PID=35672) to work on /Users/angel.georgiev/VsCodeProjects/PythonExamples/.venv/lib/python3.10/site-packages/airflow/example_dags/example_short_circuit_operator.py
[2024-01-11T20:50:06.019+0200] {processor.py:830} INFO - Processing file /Users/angel.georgiev/VsCodeProjects/PythonExamples/.venv/lib/python3.10/site-packages/airflow/example_dags/example_short_circuit_operator.py for tasks to queue
[2024-01-11T20:50:06.019+0200] {logging_mixin.py:188} INFO - [2024-01-11T20:50:06.019+0200] {dagbag.py:538} INFO - Filling up the DagBag from /Users/angel.georgiev/VsCodeProjects/PythonExamples/.venv/lib/python3.10/site-packages/airflow/example_dags/example_short_circuit_operator.py
[2024-01-11T20:50:06.094+0200] {processor.py:840} INFO - DAG(s) 'example_short_circuit_operator' retrieved from /Users/angel.georgiev/VsCodeProjects/PythonExamples/.venv/lib/python3.10/site-packages/airflow/example_dags/example_short_circuit_operator.py
[2024-01-11T20:50:06.187+0200] {logging_mixin.py:188} INFO - [2024-01-11T20:50:06.187+0200] {dag.py:3033} INFO - Sync 1 DAGs
[2024-01-11T20:50:06.200+0200] {logging_mixin.py:188} INFO - [2024-01-11T20:50:06.200+0200] {dag.py:3820} INFO - Setting next_dagrun for example_short_circuit_operator to 2024-01-10T00:00:00+00:00, run_after=2024-01-11T00:00:00+00:00
[2024-01-11T20:50:06.218+0200] {processor.py:183} INFO - Processing /Users/angel.georgiev/VsCodeProjects/PythonExamples/.venv/lib/python3.10/site-packages/airflow/example_dags/example_short_circuit_operator.py took 0.205 seconds
[2024-01-11T20:51:58.928+0200] {processor.py:161} INFO - Started process (PID=35761) to work on /Users/angel.georgiev/VsCodeProjects/PythonExamples/.venv/lib/python3.10/site-packages/airflow/example_dags/example_short_circuit_operator.py
[2024-01-11T20:51:58.933+0200] {processor.py:830} INFO - Processing file /Users/angel.georgiev/VsCodeProjects/PythonExamples/.venv/lib/python3.10/site-packages/airflow/example_dags/example_short_circuit_operator.py for tasks to queue
[2024-01-11T20:51:58.934+0200] {logging_mixin.py:188} INFO - [2024-01-11T20:51:58.934+0200] {dagbag.py:538} INFO - Filling up the DagBag from /Users/angel.georgiev/VsCodeProjects/PythonExamples/.venv/lib/python3.10/site-packages/airflow/example_dags/example_short_circuit_operator.py
[2024-01-11T20:51:59.016+0200] {processor.py:840} INFO - DAG(s) 'example_short_circuit_operator' retrieved from /Users/angel.georgiev/VsCodeProjects/PythonExamples/.venv/lib/python3.10/site-packages/airflow/example_dags/example_short_circuit_operator.py
[2024-01-11T20:51:59.113+0200] {logging_mixin.py:188} INFO - [2024-01-11T20:51:59.113+0200] {dag.py:3033} INFO - Sync 1 DAGs
[2024-01-11T20:51:59.127+0200] {logging_mixin.py:188} INFO - [2024-01-11T20:51:59.126+0200] {dag.py:3820} INFO - Setting next_dagrun for example_short_circuit_operator to 2024-01-10T00:00:00+00:00, run_after=2024-01-11T00:00:00+00:00
[2024-01-11T20:51:59.143+0200] {processor.py:183} INFO - Processing /Users/angel.georgiev/VsCodeProjects/PythonExamples/.venv/lib/python3.10/site-packages/airflow/example_dags/example_short_circuit_operator.py took 0.216 seconds
[2024-01-11T20:54:04.600+0200] {processor.py:161} INFO - Started process (PID=35887) to work on /Users/angel.georgiev/VsCodeProjects/PythonExamples/.venv/lib/python3.10/site-packages/airflow/example_dags/example_short_circuit_operator.py
[2024-01-11T20:54:04.607+0200] {processor.py:830} INFO - Processing file /Users/angel.georgiev/VsCodeProjects/PythonExamples/.venv/lib/python3.10/site-packages/airflow/example_dags/example_short_circuit_operator.py for tasks to queue
[2024-01-11T20:54:04.607+0200] {logging_mixin.py:188} INFO - [2024-01-11T20:54:04.607+0200] {dagbag.py:538} INFO - Filling up the DagBag from /Users/angel.georgiev/VsCodeProjects/PythonExamples/.venv/lib/python3.10/site-packages/airflow/example_dags/example_short_circuit_operator.py
[2024-01-11T20:54:04.684+0200] {processor.py:840} INFO - DAG(s) 'example_short_circuit_operator' retrieved from /Users/angel.georgiev/VsCodeProjects/PythonExamples/.venv/lib/python3.10/site-packages/airflow/example_dags/example_short_circuit_operator.py
[2024-01-11T20:54:04.779+0200] {logging_mixin.py:188} INFO - [2024-01-11T20:54:04.778+0200] {dag.py:3033} INFO - Sync 1 DAGs
[2024-01-11T20:54:04.792+0200] {logging_mixin.py:188} INFO - [2024-01-11T20:54:04.791+0200] {dag.py:3820} INFO - Setting next_dagrun for example_short_circuit_operator to 2024-01-10T00:00:00+00:00, run_after=2024-01-11T00:00:00+00:00
[2024-01-11T20:54:04.809+0200] {processor.py:183} INFO - Processing /Users/angel.georgiev/VsCodeProjects/PythonExamples/.venv/lib/python3.10/site-packages/airflow/example_dags/example_short_circuit_operator.py took 0.210 seconds
[2024-01-11T20:56:19.326+0200] {processor.py:161} INFO - Started process (PID=36079) to work on /Users/angel.georgiev/VsCodeProjects/PythonExamples/.venv/lib/python3.10/site-packages/airflow/example_dags/example_short_circuit_operator.py
[2024-01-11T20:56:19.332+0200] {processor.py:830} INFO - Processing file /Users/angel.georgiev/VsCodeProjects/PythonExamples/.venv/lib/python3.10/site-packages/airflow/example_dags/example_short_circuit_operator.py for tasks to queue
[2024-01-11T20:56:19.333+0200] {logging_mixin.py:188} INFO - [2024-01-11T20:56:19.333+0200] {dagbag.py:538} INFO - Filling up the DagBag from /Users/angel.georgiev/VsCodeProjects/PythonExamples/.venv/lib/python3.10/site-packages/airflow/example_dags/example_short_circuit_operator.py
[2024-01-11T20:56:19.433+0200] {processor.py:840} INFO - DAG(s) 'example_short_circuit_operator' retrieved from /Users/angel.georgiev/VsCodeProjects/PythonExamples/.venv/lib/python3.10/site-packages/airflow/example_dags/example_short_circuit_operator.py
[2024-01-11T20:56:19.573+0200] {logging_mixin.py:188} INFO - [2024-01-11T20:56:19.573+0200] {dag.py:3033} INFO - Sync 1 DAGs
[2024-01-11T20:56:19.591+0200] {logging_mixin.py:188} INFO - [2024-01-11T20:56:19.591+0200] {dag.py:3820} INFO - Setting next_dagrun for example_short_circuit_operator to 2024-01-10T00:00:00+00:00, run_after=2024-01-11T00:00:00+00:00
[2024-01-11T20:56:19.612+0200] {processor.py:183} INFO - Processing /Users/angel.georgiev/VsCodeProjects/PythonExamples/.venv/lib/python3.10/site-packages/airflow/example_dags/example_short_circuit_operator.py took 0.287 seconds
[2024-01-11T20:58:42.588+0200] {processor.py:161} INFO - Started process (PID=36183) to work on /Users/angel.georgiev/VsCodeProjects/PythonExamples/.venv/lib/python3.10/site-packages/airflow/example_dags/example_short_circuit_operator.py
[2024-01-11T20:58:42.594+0200] {processor.py:830} INFO - Processing file /Users/angel.georgiev/VsCodeProjects/PythonExamples/.venv/lib/python3.10/site-packages/airflow/example_dags/example_short_circuit_operator.py for tasks to queue
[2024-01-11T20:58:42.594+0200] {logging_mixin.py:188} INFO - [2024-01-11T20:58:42.594+0200] {dagbag.py:538} INFO - Filling up the DagBag from /Users/angel.georgiev/VsCodeProjects/PythonExamples/.venv/lib/python3.10/site-packages/airflow/example_dags/example_short_circuit_operator.py
[2024-01-11T20:58:42.678+0200] {processor.py:840} INFO - DAG(s) 'example_short_circuit_operator' retrieved from /Users/angel.georgiev/VsCodeProjects/PythonExamples/.venv/lib/python3.10/site-packages/airflow/example_dags/example_short_circuit_operator.py
[2024-01-11T20:58:42.779+0200] {logging_mixin.py:188} INFO - [2024-01-11T20:58:42.778+0200] {dag.py:3033} INFO - Sync 1 DAGs
[2024-01-11T20:58:42.793+0200] {logging_mixin.py:188} INFO - [2024-01-11T20:58:42.793+0200] {dag.py:3820} INFO - Setting next_dagrun for example_short_circuit_operator to 2024-01-10T00:00:00+00:00, run_after=2024-01-11T00:00:00+00:00
[2024-01-11T20:58:42.809+0200] {processor.py:183} INFO - Processing /Users/angel.georgiev/VsCodeProjects/PythonExamples/.venv/lib/python3.10/site-packages/airflow/example_dags/example_short_circuit_operator.py took 0.222 seconds
