[2024-01-11T20:15:00.504+0200] {processor.py:161} INFO - Started process (PID=33258) to work on /Users/angel.georgiev/VsCodeProjects/PythonExamples/.venv/lib/python3.10/site-packages/airflow/example_dags/example_latest_only_with_trigger.py
[2024-01-11T20:15:00.508+0200] {processor.py:830} INFO - Processing file /Users/angel.georgiev/VsCodeProjects/PythonExamples/.venv/lib/python3.10/site-packages/airflow/example_dags/example_latest_only_with_trigger.py for tasks to queue
[2024-01-11T20:15:00.508+0200] {logging_mixin.py:188} INFO - [2024-01-11T20:15:00.508+0200] {dagbag.py:538} INFO - Filling up the DagBag from /Users/angel.georgiev/VsCodeProjects/PythonExamples/.venv/lib/python3.10/site-packages/airflow/example_dags/example_latest_only_with_trigger.py
[2024-01-11T20:15:00.521+0200] {processor.py:840} INFO - DAG(s) 'latest_only_with_trigger' retrieved from /Users/angel.georgiev/VsCodeProjects/PythonExamples/.venv/lib/python3.10/site-packages/airflow/example_dags/example_latest_only_with_trigger.py
[2024-01-11T20:15:00.770+0200] {logging_mixin.py:188} INFO - [2024-01-11T20:15:00.770+0200] {dag.py:3033} INFO - Sync 1 DAGs
[2024-01-11T20:15:00.784+0200] {logging_mixin.py:188} INFO - [2024-01-11T20:15:00.784+0200] {dag.py:3820} INFO - Setting next_dagrun for latest_only_with_trigger to 2024-01-11T12:00:00+00:00, run_after=2024-01-11T16:00:00+00:00
[2024-01-11T20:15:00.804+0200] {processor.py:183} INFO - Processing /Users/angel.georgiev/VsCodeProjects/PythonExamples/.venv/lib/python3.10/site-packages/airflow/example_dags/example_latest_only_with_trigger.py took 0.302 seconds
[2024-01-11T20:18:00.871+0200] {processor.py:161} INFO - Started process (PID=33537) to work on /Users/angel.georgiev/VsCodeProjects/PythonExamples/.venv/lib/python3.10/site-packages/airflow/example_dags/example_latest_only_with_trigger.py
[2024-01-11T20:18:00.877+0200] {processor.py:830} INFO - Processing file /Users/angel.georgiev/VsCodeProjects/PythonExamples/.venv/lib/python3.10/site-packages/airflow/example_dags/example_latest_only_with_trigger.py for tasks to queue
[2024-01-11T20:18:00.877+0200] {logging_mixin.py:188} INFO - [2024-01-11T20:18:00.877+0200] {dagbag.py:538} INFO - Filling up the DagBag from /Users/angel.georgiev/VsCodeProjects/PythonExamples/.venv/lib/python3.10/site-packages/airflow/example_dags/example_latest_only_with_trigger.py
[2024-01-11T20:18:00.888+0200] {processor.py:840} INFO - DAG(s) 'latest_only_with_trigger' retrieved from /Users/angel.georgiev/VsCodeProjects/PythonExamples/.venv/lib/python3.10/site-packages/airflow/example_dags/example_latest_only_with_trigger.py
[2024-01-11T20:18:01.055+0200] {logging_mixin.py:188} INFO - [2024-01-11T20:18:01.055+0200] {dag.py:3033} INFO - Sync 1 DAGs
[2024-01-11T20:18:01.077+0200] {logging_mixin.py:188} INFO - [2024-01-11T20:18:01.076+0200] {dag.py:3820} INFO - Setting next_dagrun for latest_only_with_trigger to 2024-01-11T12:00:00+00:00, run_after=2024-01-11T16:00:00+00:00
[2024-01-11T20:18:01.106+0200] {processor.py:183} INFO - Processing /Users/angel.georgiev/VsCodeProjects/PythonExamples/.venv/lib/python3.10/site-packages/airflow/example_dags/example_latest_only_with_trigger.py took 0.236 seconds
[2024-01-11T20:20:27.863+0200] {processor.py:161} INFO - Started process (PID=33726) to work on /Users/angel.georgiev/VsCodeProjects/PythonExamples/.venv/lib/python3.10/site-packages/airflow/example_dags/example_latest_only_with_trigger.py
[2024-01-11T20:20:27.871+0200] {processor.py:830} INFO - Processing file /Users/angel.georgiev/VsCodeProjects/PythonExamples/.venv/lib/python3.10/site-packages/airflow/example_dags/example_latest_only_with_trigger.py for tasks to queue
[2024-01-11T20:20:27.871+0200] {logging_mixin.py:188} INFO - [2024-01-11T20:20:27.871+0200] {dagbag.py:538} INFO - Filling up the DagBag from /Users/angel.georgiev/VsCodeProjects/PythonExamples/.venv/lib/python3.10/site-packages/airflow/example_dags/example_latest_only_with_trigger.py
[2024-01-11T20:20:27.888+0200] {processor.py:840} INFO - DAG(s) 'latest_only_with_trigger' retrieved from /Users/angel.georgiev/VsCodeProjects/PythonExamples/.venv/lib/python3.10/site-packages/airflow/example_dags/example_latest_only_with_trigger.py
[2024-01-11T20:20:28.125+0200] {logging_mixin.py:188} INFO - [2024-01-11T20:20:28.125+0200] {dag.py:3033} INFO - Sync 1 DAGs
[2024-01-11T20:20:28.145+0200] {logging_mixin.py:188} INFO - [2024-01-11T20:20:28.145+0200] {dag.py:3820} INFO - Setting next_dagrun for latest_only_with_trigger to 2024-01-11T12:00:00+00:00, run_after=2024-01-11T16:00:00+00:00
[2024-01-11T20:20:28.174+0200] {processor.py:183} INFO - Processing /Users/angel.georgiev/VsCodeProjects/PythonExamples/.venv/lib/python3.10/site-packages/airflow/example_dags/example_latest_only_with_trigger.py took 0.312 seconds
[2024-01-11T20:22:46.927+0200] {processor.py:161} INFO - Started process (PID=33835) to work on /Users/angel.georgiev/VsCodeProjects/PythonExamples/.venv/lib/python3.10/site-packages/airflow/example_dags/example_latest_only_with_trigger.py
[2024-01-11T20:22:46.931+0200] {processor.py:830} INFO - Processing file /Users/angel.georgiev/VsCodeProjects/PythonExamples/.venv/lib/python3.10/site-packages/airflow/example_dags/example_latest_only_with_trigger.py for tasks to queue
[2024-01-11T20:22:46.932+0200] {logging_mixin.py:188} INFO - [2024-01-11T20:22:46.932+0200] {dagbag.py:538} INFO - Filling up the DagBag from /Users/angel.georgiev/VsCodeProjects/PythonExamples/.venv/lib/python3.10/site-packages/airflow/example_dags/example_latest_only_with_trigger.py
[2024-01-11T20:22:46.943+0200] {processor.py:840} INFO - DAG(s) 'latest_only_with_trigger' retrieved from /Users/angel.georgiev/VsCodeProjects/PythonExamples/.venv/lib/python3.10/site-packages/airflow/example_dags/example_latest_only_with_trigger.py
[2024-01-11T20:22:47.101+0200] {logging_mixin.py:188} INFO - [2024-01-11T20:22:47.101+0200] {dag.py:3033} INFO - Sync 1 DAGs
[2024-01-11T20:22:47.115+0200] {logging_mixin.py:188} INFO - [2024-01-11T20:22:47.115+0200] {dag.py:3820} INFO - Setting next_dagrun for latest_only_with_trigger to 2024-01-11T12:00:00+00:00, run_after=2024-01-11T16:00:00+00:00
[2024-01-11T20:22:47.132+0200] {processor.py:183} INFO - Processing /Users/angel.georgiev/VsCodeProjects/PythonExamples/.venv/lib/python3.10/site-packages/airflow/example_dags/example_latest_only_with_trigger.py took 0.206 seconds
[2024-01-11T20:27:45.111+0200] {processor.py:161} INFO - Started process (PID=34176) to work on /Users/angel.georgiev/VsCodeProjects/PythonExamples/.venv/lib/python3.10/site-packages/airflow/example_dags/example_latest_only_with_trigger.py
[2024-01-11T20:27:45.116+0200] {processor.py:830} INFO - Processing file /Users/angel.georgiev/VsCodeProjects/PythonExamples/.venv/lib/python3.10/site-packages/airflow/example_dags/example_latest_only_with_trigger.py for tasks to queue
[2024-01-11T20:27:45.117+0200] {logging_mixin.py:188} INFO - [2024-01-11T20:27:45.117+0200] {dagbag.py:538} INFO - Filling up the DagBag from /Users/angel.georgiev/VsCodeProjects/PythonExamples/.venv/lib/python3.10/site-packages/airflow/example_dags/example_latest_only_with_trigger.py
[2024-01-11T20:27:45.133+0200] {processor.py:840} INFO - DAG(s) 'latest_only_with_trigger' retrieved from /Users/angel.georgiev/VsCodeProjects/PythonExamples/.venv/lib/python3.10/site-packages/airflow/example_dags/example_latest_only_with_trigger.py
[2024-01-11T20:27:45.307+0200] {logging_mixin.py:188} INFO - [2024-01-11T20:27:45.307+0200] {dag.py:3033} INFO - Sync 1 DAGs
[2024-01-11T20:27:45.325+0200] {logging_mixin.py:188} INFO - [2024-01-11T20:27:45.325+0200] {dag.py:3820} INFO - Setting next_dagrun for latest_only_with_trigger to 2024-01-11T12:00:00+00:00, run_after=2024-01-11T16:00:00+00:00
[2024-01-11T20:27:45.347+0200] {processor.py:183} INFO - Processing /Users/angel.georgiev/VsCodeProjects/PythonExamples/.venv/lib/python3.10/site-packages/airflow/example_dags/example_latest_only_with_trigger.py took 0.237 seconds
[2024-01-11T20:32:55.392+0200] {processor.py:161} INFO - Started process (PID=34506) to work on /Users/angel.georgiev/VsCodeProjects/PythonExamples/.venv/lib/python3.10/site-packages/airflow/example_dags/example_latest_only_with_trigger.py
[2024-01-11T20:32:55.399+0200] {processor.py:830} INFO - Processing file /Users/angel.georgiev/VsCodeProjects/PythonExamples/.venv/lib/python3.10/site-packages/airflow/example_dags/example_latest_only_with_trigger.py for tasks to queue
[2024-01-11T20:32:55.400+0200] {logging_mixin.py:188} INFO - [2024-01-11T20:32:55.400+0200] {dagbag.py:538} INFO - Filling up the DagBag from /Users/angel.georgiev/VsCodeProjects/PythonExamples/.venv/lib/python3.10/site-packages/airflow/example_dags/example_latest_only_with_trigger.py
[2024-01-11T20:32:55.421+0200] {processor.py:840} INFO - DAG(s) 'latest_only_with_trigger' retrieved from /Users/angel.georgiev/VsCodeProjects/PythonExamples/.venv/lib/python3.10/site-packages/airflow/example_dags/example_latest_only_with_trigger.py
[2024-01-11T20:32:55.626+0200] {logging_mixin.py:188} INFO - [2024-01-11T20:32:55.626+0200] {dag.py:3033} INFO - Sync 1 DAGs
[2024-01-11T20:32:55.649+0200] {logging_mixin.py:188} INFO - [2024-01-11T20:32:55.649+0200] {dag.py:3820} INFO - Setting next_dagrun for latest_only_with_trigger to 2024-01-11T12:00:00+00:00, run_after=2024-01-11T16:00:00+00:00
[2024-01-11T20:32:55.672+0200] {processor.py:183} INFO - Processing /Users/angel.georgiev/VsCodeProjects/PythonExamples/.venv/lib/python3.10/site-packages/airflow/example_dags/example_latest_only_with_trigger.py took 0.281 seconds
[2024-01-11T20:35:42.476+0200] {processor.py:161} INFO - Started process (PID=34629) to work on /Users/angel.georgiev/VsCodeProjects/PythonExamples/.venv/lib/python3.10/site-packages/airflow/example_dags/example_latest_only_with_trigger.py
[2024-01-11T20:35:42.487+0200] {processor.py:830} INFO - Processing file /Users/angel.georgiev/VsCodeProjects/PythonExamples/.venv/lib/python3.10/site-packages/airflow/example_dags/example_latest_only_with_trigger.py for tasks to queue
[2024-01-11T20:35:42.488+0200] {logging_mixin.py:188} INFO - [2024-01-11T20:35:42.487+0200] {dagbag.py:538} INFO - Filling up the DagBag from /Users/angel.georgiev/VsCodeProjects/PythonExamples/.venv/lib/python3.10/site-packages/airflow/example_dags/example_latest_only_with_trigger.py
[2024-01-11T20:35:42.514+0200] {processor.py:840} INFO - DAG(s) 'latest_only_with_trigger' retrieved from /Users/angel.georgiev/VsCodeProjects/PythonExamples/.venv/lib/python3.10/site-packages/airflow/example_dags/example_latest_only_with_trigger.py
[2024-01-11T20:35:43.004+0200] {logging_mixin.py:188} INFO - [2024-01-11T20:35:43.003+0200] {dag.py:3033} INFO - Sync 1 DAGs
[2024-01-11T20:35:43.037+0200] {logging_mixin.py:188} INFO - [2024-01-11T20:35:43.037+0200] {dag.py:3820} INFO - Setting next_dagrun for latest_only_with_trigger to 2024-01-11T12:00:00+00:00, run_after=2024-01-11T16:00:00+00:00
[2024-01-11T20:35:43.091+0200] {processor.py:183} INFO - Processing /Users/angel.georgiev/VsCodeProjects/PythonExamples/.venv/lib/python3.10/site-packages/airflow/example_dags/example_latest_only_with_trigger.py took 0.617 seconds
[2024-01-11T20:38:59.324+0200] {processor.py:161} INFO - Started process (PID=34925) to work on /Users/angel.georgiev/VsCodeProjects/PythonExamples/.venv/lib/python3.10/site-packages/airflow/example_dags/example_latest_only_with_trigger.py
[2024-01-11T20:38:59.333+0200] {processor.py:830} INFO - Processing file /Users/angel.georgiev/VsCodeProjects/PythonExamples/.venv/lib/python3.10/site-packages/airflow/example_dags/example_latest_only_with_trigger.py for tasks to queue
[2024-01-11T20:38:59.334+0200] {logging_mixin.py:188} INFO - [2024-01-11T20:38:59.333+0200] {dagbag.py:538} INFO - Filling up the DagBag from /Users/angel.georgiev/VsCodeProjects/PythonExamples/.venv/lib/python3.10/site-packages/airflow/example_dags/example_latest_only_with_trigger.py
[2024-01-11T20:38:59.360+0200] {processor.py:840} INFO - DAG(s) 'latest_only_with_trigger' retrieved from /Users/angel.georgiev/VsCodeProjects/PythonExamples/.venv/lib/python3.10/site-packages/airflow/example_dags/example_latest_only_with_trigger.py
[2024-01-11T20:38:59.663+0200] {logging_mixin.py:188} INFO - [2024-01-11T20:38:59.662+0200] {dag.py:3033} INFO - Sync 1 DAGs
[2024-01-11T20:38:59.694+0200] {logging_mixin.py:188} INFO - [2024-01-11T20:38:59.694+0200] {dag.py:3820} INFO - Setting next_dagrun for latest_only_with_trigger to 2024-01-11T12:00:00+00:00, run_after=2024-01-11T16:00:00+00:00
[2024-01-11T20:38:59.723+0200] {processor.py:183} INFO - Processing /Users/angel.georgiev/VsCodeProjects/PythonExamples/.venv/lib/python3.10/site-packages/airflow/example_dags/example_latest_only_with_trigger.py took 0.401 seconds
[2024-01-11T20:42:08.852+0200] {processor.py:161} INFO - Started process (PID=35235) to work on /Users/angel.georgiev/VsCodeProjects/PythonExamples/.venv/lib/python3.10/site-packages/airflow/example_dags/example_latest_only_with_trigger.py
[2024-01-11T20:42:08.857+0200] {processor.py:830} INFO - Processing file /Users/angel.georgiev/VsCodeProjects/PythonExamples/.venv/lib/python3.10/site-packages/airflow/example_dags/example_latest_only_with_trigger.py for tasks to queue
[2024-01-11T20:42:08.857+0200] {logging_mixin.py:188} INFO - [2024-01-11T20:42:08.857+0200] {dagbag.py:538} INFO - Filling up the DagBag from /Users/angel.georgiev/VsCodeProjects/PythonExamples/.venv/lib/python3.10/site-packages/airflow/example_dags/example_latest_only_with_trigger.py
[2024-01-11T20:42:08.869+0200] {processor.py:840} INFO - DAG(s) 'latest_only_with_trigger' retrieved from /Users/angel.georgiev/VsCodeProjects/PythonExamples/.venv/lib/python3.10/site-packages/airflow/example_dags/example_latest_only_with_trigger.py
[2024-01-11T20:42:09.015+0200] {logging_mixin.py:188} INFO - [2024-01-11T20:42:09.014+0200] {dag.py:3033} INFO - Sync 1 DAGs
[2024-01-11T20:42:09.031+0200] {logging_mixin.py:188} INFO - [2024-01-11T20:42:09.030+0200] {dag.py:3820} INFO - Setting next_dagrun for latest_only_with_trigger to 2024-01-11T12:00:00+00:00, run_after=2024-01-11T16:00:00+00:00
[2024-01-11T20:42:09.048+0200] {processor.py:183} INFO - Processing /Users/angel.georgiev/VsCodeProjects/PythonExamples/.venv/lib/python3.10/site-packages/airflow/example_dags/example_latest_only_with_trigger.py took 0.197 seconds
[2024-01-11T20:44:47.244+0200] {processor.py:161} INFO - Started process (PID=35346) to work on /Users/angel.georgiev/VsCodeProjects/PythonExamples/.venv/lib/python3.10/site-packages/airflow/example_dags/example_latest_only_with_trigger.py
[2024-01-11T20:44:47.249+0200] {processor.py:830} INFO - Processing file /Users/angel.georgiev/VsCodeProjects/PythonExamples/.venv/lib/python3.10/site-packages/airflow/example_dags/example_latest_only_with_trigger.py for tasks to queue
[2024-01-11T20:44:47.249+0200] {logging_mixin.py:188} INFO - [2024-01-11T20:44:47.249+0200] {dagbag.py:538} INFO - Filling up the DagBag from /Users/angel.georgiev/VsCodeProjects/PythonExamples/.venv/lib/python3.10/site-packages/airflow/example_dags/example_latest_only_with_trigger.py
[2024-01-11T20:44:47.260+0200] {processor.py:840} INFO - DAG(s) 'latest_only_with_trigger' retrieved from /Users/angel.georgiev/VsCodeProjects/PythonExamples/.venv/lib/python3.10/site-packages/airflow/example_dags/example_latest_only_with_trigger.py
[2024-01-11T20:44:47.406+0200] {logging_mixin.py:188} INFO - [2024-01-11T20:44:47.406+0200] {dag.py:3033} INFO - Sync 1 DAGs
[2024-01-11T20:44:47.441+0200] {logging_mixin.py:188} INFO - [2024-01-11T20:44:47.441+0200] {dag.py:3820} INFO - Setting next_dagrun for latest_only_with_trigger to 2024-01-11T12:00:00+00:00, run_after=2024-01-11T16:00:00+00:00
[2024-01-11T20:44:47.461+0200] {processor.py:183} INFO - Processing /Users/angel.georgiev/VsCodeProjects/PythonExamples/.venv/lib/python3.10/site-packages/airflow/example_dags/example_latest_only_with_trigger.py took 0.219 seconds
[2024-01-11T20:48:43.774+0200] {processor.py:161} INFO - Started process (PID=35513) to work on /Users/angel.georgiev/VsCodeProjects/PythonExamples/.venv/lib/python3.10/site-packages/airflow/example_dags/example_latest_only_with_trigger.py
[2024-01-11T20:48:43.779+0200] {processor.py:830} INFO - Processing file /Users/angel.georgiev/VsCodeProjects/PythonExamples/.venv/lib/python3.10/site-packages/airflow/example_dags/example_latest_only_with_trigger.py for tasks to queue
[2024-01-11T20:48:43.779+0200] {logging_mixin.py:188} INFO - [2024-01-11T20:48:43.779+0200] {dagbag.py:538} INFO - Filling up the DagBag from /Users/angel.georgiev/VsCodeProjects/PythonExamples/.venv/lib/python3.10/site-packages/airflow/example_dags/example_latest_only_with_trigger.py
[2024-01-11T20:48:43.789+0200] {processor.py:840} INFO - DAG(s) 'latest_only_with_trigger' retrieved from /Users/angel.georgiev/VsCodeProjects/PythonExamples/.venv/lib/python3.10/site-packages/airflow/example_dags/example_latest_only_with_trigger.py
[2024-01-11T20:48:43.926+0200] {logging_mixin.py:188} INFO - [2024-01-11T20:48:43.926+0200] {dag.py:3033} INFO - Sync 1 DAGs
[2024-01-11T20:48:43.940+0200] {logging_mixin.py:188} INFO - [2024-01-11T20:48:43.940+0200] {dag.py:3820} INFO - Setting next_dagrun for latest_only_with_trigger to 2024-01-11T12:00:00+00:00, run_after=2024-01-11T16:00:00+00:00
[2024-01-11T20:48:43.956+0200] {processor.py:183} INFO - Processing /Users/angel.georgiev/VsCodeProjects/PythonExamples/.venv/lib/python3.10/site-packages/airflow/example_dags/example_latest_only_with_trigger.py took 0.183 seconds
[2024-01-11T20:52:31.452+0200] {processor.py:161} INFO - Started process (PID=35793) to work on /Users/angel.georgiev/VsCodeProjects/PythonExamples/.venv/lib/python3.10/site-packages/airflow/example_dags/example_latest_only_with_trigger.py
[2024-01-11T20:52:31.456+0200] {processor.py:830} INFO - Processing file /Users/angel.georgiev/VsCodeProjects/PythonExamples/.venv/lib/python3.10/site-packages/airflow/example_dags/example_latest_only_with_trigger.py for tasks to queue
[2024-01-11T20:52:31.456+0200] {logging_mixin.py:188} INFO - [2024-01-11T20:52:31.456+0200] {dagbag.py:538} INFO - Filling up the DagBag from /Users/angel.georgiev/VsCodeProjects/PythonExamples/.venv/lib/python3.10/site-packages/airflow/example_dags/example_latest_only_with_trigger.py
[2024-01-11T20:52:31.467+0200] {processor.py:840} INFO - DAG(s) 'latest_only_with_trigger' retrieved from /Users/angel.georgiev/VsCodeProjects/PythonExamples/.venv/lib/python3.10/site-packages/airflow/example_dags/example_latest_only_with_trigger.py
[2024-01-11T20:52:31.607+0200] {logging_mixin.py:188} INFO - [2024-01-11T20:52:31.607+0200] {dag.py:3033} INFO - Sync 1 DAGs
[2024-01-11T20:52:31.621+0200] {logging_mixin.py:188} INFO - [2024-01-11T20:52:31.620+0200] {dag.py:3820} INFO - Setting next_dagrun for latest_only_with_trigger to 2024-01-11T12:00:00+00:00, run_after=2024-01-11T16:00:00+00:00
[2024-01-11T20:52:31.638+0200] {processor.py:183} INFO - Processing /Users/angel.georgiev/VsCodeProjects/PythonExamples/.venv/lib/python3.10/site-packages/airflow/example_dags/example_latest_only_with_trigger.py took 0.188 seconds
[2024-01-11T20:57:03.677+0200] {processor.py:161} INFO - Started process (PID=36110) to work on /Users/angel.georgiev/VsCodeProjects/PythonExamples/.venv/lib/python3.10/site-packages/airflow/example_dags/example_latest_only_with_trigger.py
[2024-01-11T20:57:03.681+0200] {processor.py:830} INFO - Processing file /Users/angel.georgiev/VsCodeProjects/PythonExamples/.venv/lib/python3.10/site-packages/airflow/example_dags/example_latest_only_with_trigger.py for tasks to queue
[2024-01-11T20:57:03.682+0200] {logging_mixin.py:188} INFO - [2024-01-11T20:57:03.682+0200] {dagbag.py:538} INFO - Filling up the DagBag from /Users/angel.georgiev/VsCodeProjects/PythonExamples/.venv/lib/python3.10/site-packages/airflow/example_dags/example_latest_only_with_trigger.py
[2024-01-11T20:57:03.698+0200] {processor.py:840} INFO - DAG(s) 'latest_only_with_trigger' retrieved from /Users/angel.georgiev/VsCodeProjects/PythonExamples/.venv/lib/python3.10/site-packages/airflow/example_dags/example_latest_only_with_trigger.py
[2024-01-11T20:57:03.925+0200] {logging_mixin.py:188} INFO - [2024-01-11T20:57:03.925+0200] {dag.py:3033} INFO - Sync 1 DAGs
[2024-01-11T20:57:03.944+0200] {logging_mixin.py:188} INFO - [2024-01-11T20:57:03.944+0200] {dag.py:3820} INFO - Setting next_dagrun for latest_only_with_trigger to 2024-01-11T12:00:00+00:00, run_after=2024-01-11T16:00:00+00:00
[2024-01-11T20:57:03.974+0200] {processor.py:183} INFO - Processing /Users/angel.georgiev/VsCodeProjects/PythonExamples/.venv/lib/python3.10/site-packages/airflow/example_dags/example_latest_only_with_trigger.py took 0.299 seconds
