[2024-01-11T20:15:41.979+0200] {processor.py:161} INFO - Started process (PID=33321) to work on /Users/angel.georgiev/VsCodeProjects/PythonExamples/.venv/lib/python3.10/site-packages/airflow/example_dags/example_complex.py
[2024-01-11T20:15:41.983+0200] {processor.py:830} INFO - Processing file /Users/angel.georgiev/VsCodeProjects/PythonExamples/.venv/lib/python3.10/site-packages/airflow/example_dags/example_complex.py for tasks to queue
[2024-01-11T20:15:41.984+0200] {logging_mixin.py:188} INFO - [2024-01-11T20:15:41.984+0200] {dagbag.py:538} INFO - Filling up the DagBag from /Users/angel.georgiev/VsCodeProjects/PythonExamples/.venv/lib/python3.10/site-packages/airflow/example_dags/example_complex.py
[2024-01-11T20:15:42.043+0200] {processor.py:840} INFO - DAG(s) 'example_complex' retrieved from /Users/angel.georgiev/VsCodeProjects/PythonExamples/.venv/lib/python3.10/site-packages/airflow/example_dags/example_complex.py
[2024-01-11T20:15:42.241+0200] {logging_mixin.py:188} INFO - [2024-01-11T20:15:42.241+0200] {dag.py:3033} INFO - Sync 1 DAGs
[2024-01-11T20:15:42.249+0200] {logging_mixin.py:188} INFO - [2024-01-11T20:15:42.249+0200] {dag.py:3820} INFO - Setting next_dagrun for example_complex to None, run_after=None
[2024-01-11T20:15:42.273+0200] {processor.py:183} INFO - Processing /Users/angel.georgiev/VsCodeProjects/PythonExamples/.venv/lib/python3.10/site-packages/airflow/example_dags/example_complex.py took 0.295 seconds
[2024-01-11T20:20:35.547+0200] {processor.py:161} INFO - Started process (PID=33728) to work on /Users/angel.georgiev/VsCodeProjects/PythonExamples/.venv/lib/python3.10/site-packages/airflow/example_dags/example_complex.py
[2024-01-11T20:20:35.552+0200] {processor.py:830} INFO - Processing file /Users/angel.georgiev/VsCodeProjects/PythonExamples/.venv/lib/python3.10/site-packages/airflow/example_dags/example_complex.py for tasks to queue
[2024-01-11T20:20:35.553+0200] {logging_mixin.py:188} INFO - [2024-01-11T20:20:35.553+0200] {dagbag.py:538} INFO - Filling up the DagBag from /Users/angel.georgiev/VsCodeProjects/PythonExamples/.venv/lib/python3.10/site-packages/airflow/example_dags/example_complex.py
[2024-01-11T20:20:35.619+0200] {processor.py:840} INFO - DAG(s) 'example_complex' retrieved from /Users/angel.georgiev/VsCodeProjects/PythonExamples/.venv/lib/python3.10/site-packages/airflow/example_dags/example_complex.py
[2024-01-11T20:20:35.744+0200] {logging_mixin.py:188} INFO - [2024-01-11T20:20:35.743+0200] {dag.py:3033} INFO - Sync 1 DAGs
[2024-01-11T20:20:35.753+0200] {logging_mixin.py:188} INFO - [2024-01-11T20:20:35.752+0200] {dag.py:3820} INFO - Setting next_dagrun for example_complex to None, run_after=None
[2024-01-11T20:20:35.773+0200] {processor.py:183} INFO - Processing /Users/angel.georgiev/VsCodeProjects/PythonExamples/.venv/lib/python3.10/site-packages/airflow/example_dags/example_complex.py took 0.227 seconds
[2024-01-11T20:25:13.274+0200] {processor.py:161} INFO - Started process (PID=34061) to work on /Users/angel.georgiev/VsCodeProjects/PythonExamples/.venv/lib/python3.10/site-packages/airflow/example_dags/example_complex.py
[2024-01-11T20:25:13.279+0200] {processor.py:830} INFO - Processing file /Users/angel.georgiev/VsCodeProjects/PythonExamples/.venv/lib/python3.10/site-packages/airflow/example_dags/example_complex.py for tasks to queue
[2024-01-11T20:25:13.279+0200] {logging_mixin.py:188} INFO - [2024-01-11T20:25:13.279+0200] {dagbag.py:538} INFO - Filling up the DagBag from /Users/angel.georgiev/VsCodeProjects/PythonExamples/.venv/lib/python3.10/site-packages/airflow/example_dags/example_complex.py
[2024-01-11T20:25:13.344+0200] {processor.py:840} INFO - DAG(s) 'example_complex' retrieved from /Users/angel.georgiev/VsCodeProjects/PythonExamples/.venv/lib/python3.10/site-packages/airflow/example_dags/example_complex.py
[2024-01-11T20:25:13.454+0200] {logging_mixin.py:188} INFO - [2024-01-11T20:25:13.454+0200] {dag.py:3033} INFO - Sync 1 DAGs
[2024-01-11T20:25:13.462+0200] {logging_mixin.py:188} INFO - [2024-01-11T20:25:13.461+0200] {dag.py:3820} INFO - Setting next_dagrun for example_complex to None, run_after=None
[2024-01-11T20:25:13.480+0200] {processor.py:183} INFO - Processing /Users/angel.georgiev/VsCodeProjects/PythonExamples/.venv/lib/python3.10/site-packages/airflow/example_dags/example_complex.py took 0.207 seconds
[2024-01-11T20:30:03.436+0200] {processor.py:161} INFO - Started process (PID=34363) to work on /Users/angel.georgiev/VsCodeProjects/PythonExamples/.venv/lib/python3.10/site-packages/airflow/example_dags/example_complex.py
[2024-01-11T20:30:03.441+0200] {processor.py:830} INFO - Processing file /Users/angel.georgiev/VsCodeProjects/PythonExamples/.venv/lib/python3.10/site-packages/airflow/example_dags/example_complex.py for tasks to queue
[2024-01-11T20:30:03.442+0200] {logging_mixin.py:188} INFO - [2024-01-11T20:30:03.442+0200] {dagbag.py:538} INFO - Filling up the DagBag from /Users/angel.georgiev/VsCodeProjects/PythonExamples/.venv/lib/python3.10/site-packages/airflow/example_dags/example_complex.py
[2024-01-11T20:30:03.509+0200] {processor.py:840} INFO - DAG(s) 'example_complex' retrieved from /Users/angel.georgiev/VsCodeProjects/PythonExamples/.venv/lib/python3.10/site-packages/airflow/example_dags/example_complex.py
[2024-01-11T20:30:03.634+0200] {logging_mixin.py:188} INFO - [2024-01-11T20:30:03.634+0200] {dag.py:3033} INFO - Sync 1 DAGs
[2024-01-11T20:30:03.643+0200] {logging_mixin.py:188} INFO - [2024-01-11T20:30:03.643+0200] {dag.py:3820} INFO - Setting next_dagrun for example_complex to None, run_after=None
[2024-01-11T20:30:03.662+0200] {processor.py:183} INFO - Processing /Users/angel.georgiev/VsCodeProjects/PythonExamples/.venv/lib/python3.10/site-packages/airflow/example_dags/example_complex.py took 0.227 seconds
[2024-01-11T20:33:29.547+0200] {processor.py:161} INFO - Started process (PID=34523) to work on /Users/angel.georgiev/VsCodeProjects/PythonExamples/.venv/lib/python3.10/site-packages/airflow/example_dags/example_complex.py
[2024-01-11T20:33:29.555+0200] {processor.py:830} INFO - Processing file /Users/angel.georgiev/VsCodeProjects/PythonExamples/.venv/lib/python3.10/site-packages/airflow/example_dags/example_complex.py for tasks to queue
[2024-01-11T20:33:29.556+0200] {logging_mixin.py:188} INFO - [2024-01-11T20:33:29.555+0200] {dagbag.py:538} INFO - Filling up the DagBag from /Users/angel.georgiev/VsCodeProjects/PythonExamples/.venv/lib/python3.10/site-packages/airflow/example_dags/example_complex.py
[2024-01-11T20:33:29.630+0200] {processor.py:840} INFO - DAG(s) 'example_complex' retrieved from /Users/angel.georgiev/VsCodeProjects/PythonExamples/.venv/lib/python3.10/site-packages/airflow/example_dags/example_complex.py
[2024-01-11T20:33:29.766+0200] {logging_mixin.py:188} INFO - [2024-01-11T20:33:29.766+0200] {dag.py:3033} INFO - Sync 1 DAGs
[2024-01-11T20:33:29.776+0200] {logging_mixin.py:188} INFO - [2024-01-11T20:33:29.776+0200] {dag.py:3820} INFO - Setting next_dagrun for example_complex to None, run_after=None
[2024-01-11T20:33:29.798+0200] {processor.py:183} INFO - Processing /Users/angel.georgiev/VsCodeProjects/PythonExamples/.venv/lib/python3.10/site-packages/airflow/example_dags/example_complex.py took 0.252 seconds
[2024-01-11T20:39:33.922+0200] {processor.py:161} INFO - Started process (PID=34965) to work on /Users/angel.georgiev/VsCodeProjects/PythonExamples/.venv/lib/python3.10/site-packages/airflow/example_dags/example_complex.py
[2024-01-11T20:39:33.927+0200] {processor.py:830} INFO - Processing file /Users/angel.georgiev/VsCodeProjects/PythonExamples/.venv/lib/python3.10/site-packages/airflow/example_dags/example_complex.py for tasks to queue
[2024-01-11T20:39:33.928+0200] {logging_mixin.py:188} INFO - [2024-01-11T20:39:33.928+0200] {dagbag.py:538} INFO - Filling up the DagBag from /Users/angel.georgiev/VsCodeProjects/PythonExamples/.venv/lib/python3.10/site-packages/airflow/example_dags/example_complex.py
[2024-01-11T20:39:33.987+0200] {processor.py:840} INFO - DAG(s) 'example_complex' retrieved from /Users/angel.georgiev/VsCodeProjects/PythonExamples/.venv/lib/python3.10/site-packages/airflow/example_dags/example_complex.py
[2024-01-11T20:39:34.105+0200] {logging_mixin.py:188} INFO - [2024-01-11T20:39:34.105+0200] {dag.py:3033} INFO - Sync 1 DAGs
[2024-01-11T20:39:34.113+0200] {logging_mixin.py:188} INFO - [2024-01-11T20:39:34.113+0200] {dag.py:3820} INFO - Setting next_dagrun for example_complex to None, run_after=None
[2024-01-11T20:39:34.134+0200] {processor.py:183} INFO - Processing /Users/angel.georgiev/VsCodeProjects/PythonExamples/.venv/lib/python3.10/site-packages/airflow/example_dags/example_complex.py took 0.213 seconds
[2024-01-11T20:45:08.731+0200] {processor.py:161} INFO - Started process (PID=35355) to work on /Users/angel.georgiev/VsCodeProjects/PythonExamples/.venv/lib/python3.10/site-packages/airflow/example_dags/example_complex.py
[2024-01-11T20:45:08.735+0200] {processor.py:830} INFO - Processing file /Users/angel.georgiev/VsCodeProjects/PythonExamples/.venv/lib/python3.10/site-packages/airflow/example_dags/example_complex.py for tasks to queue
[2024-01-11T20:45:08.736+0200] {logging_mixin.py:188} INFO - [2024-01-11T20:45:08.736+0200] {dagbag.py:538} INFO - Filling up the DagBag from /Users/angel.georgiev/VsCodeProjects/PythonExamples/.venv/lib/python3.10/site-packages/airflow/example_dags/example_complex.py
[2024-01-11T20:45:08.794+0200] {processor.py:840} INFO - DAG(s) 'example_complex' retrieved from /Users/angel.georgiev/VsCodeProjects/PythonExamples/.venv/lib/python3.10/site-packages/airflow/example_dags/example_complex.py
[2024-01-11T20:45:08.906+0200] {logging_mixin.py:188} INFO - [2024-01-11T20:45:08.905+0200] {dag.py:3033} INFO - Sync 1 DAGs
[2024-01-11T20:45:08.914+0200] {logging_mixin.py:188} INFO - [2024-01-11T20:45:08.914+0200] {dag.py:3820} INFO - Setting next_dagrun for example_complex to None, run_after=None
[2024-01-11T20:45:08.931+0200] {processor.py:183} INFO - Processing /Users/angel.georgiev/VsCodeProjects/PythonExamples/.venv/lib/python3.10/site-packages/airflow/example_dags/example_complex.py took 0.202 seconds
[2024-01-11T20:49:04.075+0200] {processor.py:161} INFO - Started process (PID=35612) to work on /Users/angel.georgiev/VsCodeProjects/PythonExamples/.venv/lib/python3.10/site-packages/airflow/example_dags/example_complex.py
[2024-01-11T20:49:04.080+0200] {processor.py:830} INFO - Processing file /Users/angel.georgiev/VsCodeProjects/PythonExamples/.venv/lib/python3.10/site-packages/airflow/example_dags/example_complex.py for tasks to queue
[2024-01-11T20:49:04.081+0200] {logging_mixin.py:188} INFO - [2024-01-11T20:49:04.080+0200] {dagbag.py:538} INFO - Filling up the DagBag from /Users/angel.georgiev/VsCodeProjects/PythonExamples/.venv/lib/python3.10/site-packages/airflow/example_dags/example_complex.py
[2024-01-11T20:49:04.138+0200] {processor.py:840} INFO - DAG(s) 'example_complex' retrieved from /Users/angel.georgiev/VsCodeProjects/PythonExamples/.venv/lib/python3.10/site-packages/airflow/example_dags/example_complex.py
[2024-01-11T20:49:04.246+0200] {logging_mixin.py:188} INFO - [2024-01-11T20:49:04.246+0200] {dag.py:3033} INFO - Sync 1 DAGs
[2024-01-11T20:49:04.253+0200] {logging_mixin.py:188} INFO - [2024-01-11T20:49:04.253+0200] {dag.py:3820} INFO - Setting next_dagrun for example_complex to None, run_after=None
[2024-01-11T20:49:04.272+0200] {processor.py:183} INFO - Processing /Users/angel.georgiev/VsCodeProjects/PythonExamples/.venv/lib/python3.10/site-packages/airflow/example_dags/example_complex.py took 0.198 seconds
[2024-01-11T20:52:53.262+0200] {processor.py:161} INFO - Started process (PID=35819) to work on /Users/angel.georgiev/VsCodeProjects/PythonExamples/.venv/lib/python3.10/site-packages/airflow/example_dags/example_complex.py
[2024-01-11T20:52:53.267+0200] {processor.py:830} INFO - Processing file /Users/angel.georgiev/VsCodeProjects/PythonExamples/.venv/lib/python3.10/site-packages/airflow/example_dags/example_complex.py for tasks to queue
[2024-01-11T20:52:53.267+0200] {logging_mixin.py:188} INFO - [2024-01-11T20:52:53.267+0200] {dagbag.py:538} INFO - Filling up the DagBag from /Users/angel.georgiev/VsCodeProjects/PythonExamples/.venv/lib/python3.10/site-packages/airflow/example_dags/example_complex.py
[2024-01-11T20:52:53.325+0200] {processor.py:840} INFO - DAG(s) 'example_complex' retrieved from /Users/angel.georgiev/VsCodeProjects/PythonExamples/.venv/lib/python3.10/site-packages/airflow/example_dags/example_complex.py
[2024-01-11T20:52:53.437+0200] {logging_mixin.py:188} INFO - [2024-01-11T20:52:53.436+0200] {dag.py:3033} INFO - Sync 1 DAGs
[2024-01-11T20:52:53.444+0200] {logging_mixin.py:188} INFO - [2024-01-11T20:52:53.444+0200] {dag.py:3820} INFO - Setting next_dagrun for example_complex to None, run_after=None
[2024-01-11T20:52:53.464+0200] {processor.py:183} INFO - Processing /Users/angel.georgiev/VsCodeProjects/PythonExamples/.venv/lib/python3.10/site-packages/airflow/example_dags/example_complex.py took 0.202 seconds
[2024-01-11T20:57:32.119+0200] {processor.py:161} INFO - Started process (PID=36127) to work on /Users/angel.georgiev/VsCodeProjects/PythonExamples/.venv/lib/python3.10/site-packages/airflow/example_dags/example_complex.py
[2024-01-11T20:57:32.124+0200] {processor.py:830} INFO - Processing file /Users/angel.georgiev/VsCodeProjects/PythonExamples/.venv/lib/python3.10/site-packages/airflow/example_dags/example_complex.py for tasks to queue
[2024-01-11T20:57:32.124+0200] {logging_mixin.py:188} INFO - [2024-01-11T20:57:32.124+0200] {dagbag.py:538} INFO - Filling up the DagBag from /Users/angel.georgiev/VsCodeProjects/PythonExamples/.venv/lib/python3.10/site-packages/airflow/example_dags/example_complex.py
[2024-01-11T20:57:32.187+0200] {processor.py:840} INFO - DAG(s) 'example_complex' retrieved from /Users/angel.georgiev/VsCodeProjects/PythonExamples/.venv/lib/python3.10/site-packages/airflow/example_dags/example_complex.py
[2024-01-11T20:57:32.331+0200] {logging_mixin.py:188} INFO - [2024-01-11T20:57:32.331+0200] {dag.py:3033} INFO - Sync 1 DAGs
[2024-01-11T20:57:32.342+0200] {logging_mixin.py:188} INFO - [2024-01-11T20:57:32.341+0200] {dag.py:3820} INFO - Setting next_dagrun for example_complex to None, run_after=None
[2024-01-11T20:57:32.365+0200] {processor.py:183} INFO - Processing /Users/angel.georgiev/VsCodeProjects/PythonExamples/.venv/lib/python3.10/site-packages/airflow/example_dags/example_complex.py took 0.249 seconds
