[2024-01-11T20:14:04.492+0200] {processor.py:161} INFO - Started process (PID=33217) to work on /Users/angel.georgiev/VsCodeProjects/PythonExamples/.venv/lib/python3.10/site-packages/airflow/example_dags/example_task_group.py
[2024-01-11T20:14:04.497+0200] {processor.py:830} INFO - Processing file /Users/angel.georgiev/VsCodeProjects/PythonExamples/.venv/lib/python3.10/site-packages/airflow/example_dags/example_task_group.py for tasks to queue
[2024-01-11T20:14:04.498+0200] {logging_mixin.py:188} INFO - [2024-01-11T20:14:04.498+0200] {dagbag.py:538} INFO - Filling up the DagBag from /Users/angel.georgiev/VsCodeProjects/PythonExamples/.venv/lib/python3.10/site-packages/airflow/example_dags/example_task_group.py
[2024-01-11T20:14:04.582+0200] {processor.py:840} INFO - DAG(s) 'example_task_group' retrieved from /Users/angel.georgiev/VsCodeProjects/PythonExamples/.venv/lib/python3.10/site-packages/airflow/example_dags/example_task_group.py
[2024-01-11T20:14:05.006+0200] {logging_mixin.py:188} INFO - [2024-01-11T20:14:05.006+0200] {dag.py:3033} INFO - Sync 1 DAGs
[2024-01-11T20:14:05.030+0200] {logging_mixin.py:188} INFO - [2024-01-11T20:14:05.030+0200] {dag.py:3820} INFO - Setting next_dagrun for example_task_group to 2024-01-10T00:00:00+00:00, run_after=2024-01-11T00:00:00+00:00
[2024-01-11T20:14:05.121+0200] {processor.py:183} INFO - Processing /Users/angel.georgiev/VsCodeProjects/PythonExamples/.venv/lib/python3.10/site-packages/airflow/example_dags/example_task_group.py took 0.630 seconds
[2024-01-11T20:17:04.134+0200] {processor.py:161} INFO - Started process (PID=33488) to work on /Users/angel.georgiev/VsCodeProjects/PythonExamples/.venv/lib/python3.10/site-packages/airflow/example_dags/example_task_group.py
[2024-01-11T20:17:04.138+0200] {processor.py:830} INFO - Processing file /Users/angel.georgiev/VsCodeProjects/PythonExamples/.venv/lib/python3.10/site-packages/airflow/example_dags/example_task_group.py for tasks to queue
[2024-01-11T20:17:04.138+0200] {logging_mixin.py:188} INFO - [2024-01-11T20:17:04.138+0200] {dagbag.py:538} INFO - Filling up the DagBag from /Users/angel.georgiev/VsCodeProjects/PythonExamples/.venv/lib/python3.10/site-packages/airflow/example_dags/example_task_group.py
[2024-01-11T20:17:04.192+0200] {processor.py:840} INFO - DAG(s) 'example_task_group' retrieved from /Users/angel.georgiev/VsCodeProjects/PythonExamples/.venv/lib/python3.10/site-packages/airflow/example_dags/example_task_group.py
[2024-01-11T20:17:04.320+0200] {logging_mixin.py:188} INFO - [2024-01-11T20:17:04.319+0200] {dag.py:3033} INFO - Sync 1 DAGs
[2024-01-11T20:17:04.339+0200] {logging_mixin.py:188} INFO - [2024-01-11T20:17:04.339+0200] {dag.py:3820} INFO - Setting next_dagrun for example_task_group to 2024-01-10T00:00:00+00:00, run_after=2024-01-11T00:00:00+00:00
[2024-01-11T20:17:04.360+0200] {processor.py:183} INFO - Processing /Users/angel.georgiev/VsCodeProjects/PythonExamples/.venv/lib/python3.10/site-packages/airflow/example_dags/example_task_group.py took 0.227 seconds
[2024-01-11T20:19:29.320+0200] {processor.py:161} INFO - Started process (PID=33665) to work on /Users/angel.georgiev/VsCodeProjects/PythonExamples/.venv/lib/python3.10/site-packages/airflow/example_dags/example_task_group.py
[2024-01-11T20:19:29.325+0200] {processor.py:830} INFO - Processing file /Users/angel.georgiev/VsCodeProjects/PythonExamples/.venv/lib/python3.10/site-packages/airflow/example_dags/example_task_group.py for tasks to queue
[2024-01-11T20:19:29.326+0200] {logging_mixin.py:188} INFO - [2024-01-11T20:19:29.326+0200] {dagbag.py:538} INFO - Filling up the DagBag from /Users/angel.georgiev/VsCodeProjects/PythonExamples/.venv/lib/python3.10/site-packages/airflow/example_dags/example_task_group.py
[2024-01-11T20:19:29.393+0200] {processor.py:840} INFO - DAG(s) 'example_task_group' retrieved from /Users/angel.georgiev/VsCodeProjects/PythonExamples/.venv/lib/python3.10/site-packages/airflow/example_dags/example_task_group.py
[2024-01-11T20:19:29.506+0200] {logging_mixin.py:188} INFO - [2024-01-11T20:19:29.505+0200] {dag.py:3033} INFO - Sync 1 DAGs
[2024-01-11T20:19:29.522+0200] {logging_mixin.py:188} INFO - [2024-01-11T20:19:29.522+0200] {dag.py:3820} INFO - Setting next_dagrun for example_task_group to 2024-01-10T00:00:00+00:00, run_after=2024-01-11T00:00:00+00:00
[2024-01-11T20:19:29.542+0200] {processor.py:183} INFO - Processing /Users/angel.georgiev/VsCodeProjects/PythonExamples/.venv/lib/python3.10/site-packages/airflow/example_dags/example_task_group.py took 0.223 seconds
[2024-01-11T20:21:54.129+0200] {processor.py:161} INFO - Started process (PID=33788) to work on /Users/angel.georgiev/VsCodeProjects/PythonExamples/.venv/lib/python3.10/site-packages/airflow/example_dags/example_task_group.py
[2024-01-11T20:21:54.134+0200] {processor.py:830} INFO - Processing file /Users/angel.georgiev/VsCodeProjects/PythonExamples/.venv/lib/python3.10/site-packages/airflow/example_dags/example_task_group.py for tasks to queue
[2024-01-11T20:21:54.134+0200] {logging_mixin.py:188} INFO - [2024-01-11T20:21:54.134+0200] {dagbag.py:538} INFO - Filling up the DagBag from /Users/angel.georgiev/VsCodeProjects/PythonExamples/.venv/lib/python3.10/site-packages/airflow/example_dags/example_task_group.py
[2024-01-11T20:21:54.186+0200] {processor.py:840} INFO - DAG(s) 'example_task_group' retrieved from /Users/angel.georgiev/VsCodeProjects/PythonExamples/.venv/lib/python3.10/site-packages/airflow/example_dags/example_task_group.py
[2024-01-11T20:21:54.285+0200] {logging_mixin.py:188} INFO - [2024-01-11T20:21:54.284+0200] {dag.py:3033} INFO - Sync 1 DAGs
[2024-01-11T20:21:54.299+0200] {logging_mixin.py:188} INFO - [2024-01-11T20:21:54.299+0200] {dag.py:3820} INFO - Setting next_dagrun for example_task_group to 2024-01-10T00:00:00+00:00, run_after=2024-01-11T00:00:00+00:00
[2024-01-11T20:21:54.314+0200] {processor.py:183} INFO - Processing /Users/angel.georgiev/VsCodeProjects/PythonExamples/.venv/lib/python3.10/site-packages/airflow/example_dags/example_task_group.py took 0.186 seconds
[2024-01-11T20:24:13.978+0200] {processor.py:161} INFO - Started process (PID=34000) to work on /Users/angel.georgiev/VsCodeProjects/PythonExamples/.venv/lib/python3.10/site-packages/airflow/example_dags/example_task_group.py
[2024-01-11T20:24:13.983+0200] {processor.py:830} INFO - Processing file /Users/angel.georgiev/VsCodeProjects/PythonExamples/.venv/lib/python3.10/site-packages/airflow/example_dags/example_task_group.py for tasks to queue
[2024-01-11T20:24:13.984+0200] {logging_mixin.py:188} INFO - [2024-01-11T20:24:13.984+0200] {dagbag.py:538} INFO - Filling up the DagBag from /Users/angel.georgiev/VsCodeProjects/PythonExamples/.venv/lib/python3.10/site-packages/airflow/example_dags/example_task_group.py
[2024-01-11T20:24:14.047+0200] {processor.py:840} INFO - DAG(s) 'example_task_group' retrieved from /Users/angel.georgiev/VsCodeProjects/PythonExamples/.venv/lib/python3.10/site-packages/airflow/example_dags/example_task_group.py
[2024-01-11T20:24:14.158+0200] {logging_mixin.py:188} INFO - [2024-01-11T20:24:14.158+0200] {dag.py:3033} INFO - Sync 1 DAGs
[2024-01-11T20:24:14.174+0200] {logging_mixin.py:188} INFO - [2024-01-11T20:24:14.174+0200] {dag.py:3820} INFO - Setting next_dagrun for example_task_group to 2024-01-10T00:00:00+00:00, run_after=2024-01-11T00:00:00+00:00
[2024-01-11T20:24:14.194+0200] {processor.py:183} INFO - Processing /Users/angel.georgiev/VsCodeProjects/PythonExamples/.venv/lib/python3.10/site-packages/airflow/example_dags/example_task_group.py took 0.217 seconds
[2024-01-11T20:26:29.460+0200] {processor.py:161} INFO - Started process (PID=34110) to work on /Users/angel.georgiev/VsCodeProjects/PythonExamples/.venv/lib/python3.10/site-packages/airflow/example_dags/example_task_group.py
[2024-01-11T20:26:29.467+0200] {processor.py:830} INFO - Processing file /Users/angel.georgiev/VsCodeProjects/PythonExamples/.venv/lib/python3.10/site-packages/airflow/example_dags/example_task_group.py for tasks to queue
[2024-01-11T20:26:29.468+0200] {logging_mixin.py:188} INFO - [2024-01-11T20:26:29.468+0200] {dagbag.py:538} INFO - Filling up the DagBag from /Users/angel.georgiev/VsCodeProjects/PythonExamples/.venv/lib/python3.10/site-packages/airflow/example_dags/example_task_group.py
[2024-01-11T20:26:29.565+0200] {processor.py:840} INFO - DAG(s) 'example_task_group' retrieved from /Users/angel.georgiev/VsCodeProjects/PythonExamples/.venv/lib/python3.10/site-packages/airflow/example_dags/example_task_group.py
[2024-01-11T20:26:30.297+0200] {logging_mixin.py:188} INFO - [2024-01-11T20:26:30.297+0200] {dag.py:3033} INFO - Sync 1 DAGs
[2024-01-11T20:26:30.329+0200] {logging_mixin.py:188} INFO - [2024-01-11T20:26:30.329+0200] {dag.py:3820} INFO - Setting next_dagrun for example_task_group to 2024-01-10T00:00:00+00:00, run_after=2024-01-11T00:00:00+00:00
[2024-01-11T20:26:30.371+0200] {processor.py:183} INFO - Processing /Users/angel.georgiev/VsCodeProjects/PythonExamples/.venv/lib/python3.10/site-packages/airflow/example_dags/example_task_group.py took 0.913 seconds
[2024-01-11T20:29:07.681+0200] {processor.py:161} INFO - Started process (PID=34234) to work on /Users/angel.georgiev/VsCodeProjects/PythonExamples/.venv/lib/python3.10/site-packages/airflow/example_dags/example_task_group.py
[2024-01-11T20:29:07.686+0200] {processor.py:830} INFO - Processing file /Users/angel.georgiev/VsCodeProjects/PythonExamples/.venv/lib/python3.10/site-packages/airflow/example_dags/example_task_group.py for tasks to queue
[2024-01-11T20:29:07.687+0200] {logging_mixin.py:188} INFO - [2024-01-11T20:29:07.686+0200] {dagbag.py:538} INFO - Filling up the DagBag from /Users/angel.georgiev/VsCodeProjects/PythonExamples/.venv/lib/python3.10/site-packages/airflow/example_dags/example_task_group.py
[2024-01-11T20:29:07.747+0200] {processor.py:840} INFO - DAG(s) 'example_task_group' retrieved from /Users/angel.georgiev/VsCodeProjects/PythonExamples/.venv/lib/python3.10/site-packages/airflow/example_dags/example_task_group.py
[2024-01-11T20:29:07.903+0200] {logging_mixin.py:188} INFO - [2024-01-11T20:29:07.903+0200] {dag.py:3033} INFO - Sync 1 DAGs
[2024-01-11T20:29:07.928+0200] {logging_mixin.py:188} INFO - [2024-01-11T20:29:07.928+0200] {dag.py:3820} INFO - Setting next_dagrun for example_task_group to 2024-01-10T00:00:00+00:00, run_after=2024-01-11T00:00:00+00:00
[2024-01-11T20:29:07.956+0200] {processor.py:183} INFO - Processing /Users/angel.georgiev/VsCodeProjects/PythonExamples/.venv/lib/python3.10/site-packages/airflow/example_dags/example_task_group.py took 0.276 seconds
[2024-01-11T20:31:43.370+0200] {processor.py:161} INFO - Started process (PID=34433) to work on /Users/angel.georgiev/VsCodeProjects/PythonExamples/.venv/lib/python3.10/site-packages/airflow/example_dags/example_task_group.py
[2024-01-11T20:31:43.376+0200] {processor.py:830} INFO - Processing file /Users/angel.georgiev/VsCodeProjects/PythonExamples/.venv/lib/python3.10/site-packages/airflow/example_dags/example_task_group.py for tasks to queue
[2024-01-11T20:31:43.377+0200] {logging_mixin.py:188} INFO - [2024-01-11T20:31:43.377+0200] {dagbag.py:538} INFO - Filling up the DagBag from /Users/angel.georgiev/VsCodeProjects/PythonExamples/.venv/lib/python3.10/site-packages/airflow/example_dags/example_task_group.py
[2024-01-11T20:31:43.444+0200] {processor.py:840} INFO - DAG(s) 'example_task_group' retrieved from /Users/angel.georgiev/VsCodeProjects/PythonExamples/.venv/lib/python3.10/site-packages/airflow/example_dags/example_task_group.py
[2024-01-11T20:31:43.567+0200] {logging_mixin.py:188} INFO - [2024-01-11T20:31:43.567+0200] {dag.py:3033} INFO - Sync 1 DAGs
[2024-01-11T20:31:43.585+0200] {logging_mixin.py:188} INFO - [2024-01-11T20:31:43.585+0200] {dag.py:3820} INFO - Setting next_dagrun for example_task_group to 2024-01-10T00:00:00+00:00, run_after=2024-01-11T00:00:00+00:00
[2024-01-11T20:31:43.607+0200] {processor.py:183} INFO - Processing /Users/angel.georgiev/VsCodeProjects/PythonExamples/.venv/lib/python3.10/site-packages/airflow/example_dags/example_task_group.py took 0.238 seconds
[2024-01-11T20:34:37.642+0200] {processor.py:161} INFO - Started process (PID=34577) to work on /Users/angel.georgiev/VsCodeProjects/PythonExamples/.venv/lib/python3.10/site-packages/airflow/example_dags/example_task_group.py
[2024-01-11T20:34:37.650+0200] {processor.py:830} INFO - Processing file /Users/angel.georgiev/VsCodeProjects/PythonExamples/.venv/lib/python3.10/site-packages/airflow/example_dags/example_task_group.py for tasks to queue
[2024-01-11T20:34:37.651+0200] {logging_mixin.py:188} INFO - [2024-01-11T20:34:37.651+0200] {dagbag.py:538} INFO - Filling up the DagBag from /Users/angel.georgiev/VsCodeProjects/PythonExamples/.venv/lib/python3.10/site-packages/airflow/example_dags/example_task_group.py
[2024-01-11T20:34:37.718+0200] {processor.py:840} INFO - DAG(s) 'example_task_group' retrieved from /Users/angel.georgiev/VsCodeProjects/PythonExamples/.venv/lib/python3.10/site-packages/airflow/example_dags/example_task_group.py
[2024-01-11T20:34:37.841+0200] {logging_mixin.py:188} INFO - [2024-01-11T20:34:37.841+0200] {dag.py:3033} INFO - Sync 1 DAGs
[2024-01-11T20:34:37.859+0200] {logging_mixin.py:188} INFO - [2024-01-11T20:34:37.859+0200] {dag.py:3820} INFO - Setting next_dagrun for example_task_group to 2024-01-10T00:00:00+00:00, run_after=2024-01-11T00:00:00+00:00
[2024-01-11T20:34:37.880+0200] {processor.py:183} INFO - Processing /Users/angel.georgiev/VsCodeProjects/PythonExamples/.venv/lib/python3.10/site-packages/airflow/example_dags/example_task_group.py took 0.239 seconds
[2024-01-11T20:37:37.180+0200] {processor.py:161} INFO - Started process (PID=34849) to work on /Users/angel.georgiev/VsCodeProjects/PythonExamples/.venv/lib/python3.10/site-packages/airflow/example_dags/example_task_group.py
[2024-01-11T20:37:37.189+0200] {processor.py:830} INFO - Processing file /Users/angel.georgiev/VsCodeProjects/PythonExamples/.venv/lib/python3.10/site-packages/airflow/example_dags/example_task_group.py for tasks to queue
[2024-01-11T20:37:37.190+0200] {logging_mixin.py:188} INFO - [2024-01-11T20:37:37.189+0200] {dagbag.py:538} INFO - Filling up the DagBag from /Users/angel.georgiev/VsCodeProjects/PythonExamples/.venv/lib/python3.10/site-packages/airflow/example_dags/example_task_group.py
[2024-01-11T20:37:37.253+0200] {processor.py:840} INFO - DAG(s) 'example_task_group' retrieved from /Users/angel.georgiev/VsCodeProjects/PythonExamples/.venv/lib/python3.10/site-packages/airflow/example_dags/example_task_group.py
[2024-01-11T20:37:37.384+0200] {logging_mixin.py:188} INFO - [2024-01-11T20:37:37.384+0200] {dag.py:3033} INFO - Sync 1 DAGs
[2024-01-11T20:37:37.403+0200] {logging_mixin.py:188} INFO - [2024-01-11T20:37:37.403+0200] {dag.py:3820} INFO - Setting next_dagrun for example_task_group to 2024-01-10T00:00:00+00:00, run_after=2024-01-11T00:00:00+00:00
[2024-01-11T20:37:37.427+0200] {processor.py:183} INFO - Processing /Users/angel.georgiev/VsCodeProjects/PythonExamples/.venv/lib/python3.10/site-packages/airflow/example_dags/example_task_group.py took 0.249 seconds
[2024-01-11T20:40:44.900+0200] {processor.py:161} INFO - Started process (PID=35035) to work on /Users/angel.georgiev/VsCodeProjects/PythonExamples/.venv/lib/python3.10/site-packages/airflow/example_dags/example_task_group.py
[2024-01-11T20:40:44.907+0200] {processor.py:830} INFO - Processing file /Users/angel.georgiev/VsCodeProjects/PythonExamples/.venv/lib/python3.10/site-packages/airflow/example_dags/example_task_group.py for tasks to queue
[2024-01-11T20:40:44.908+0200] {logging_mixin.py:188} INFO - [2024-01-11T20:40:44.907+0200] {dagbag.py:538} INFO - Filling up the DagBag from /Users/angel.georgiev/VsCodeProjects/PythonExamples/.venv/lib/python3.10/site-packages/airflow/example_dags/example_task_group.py
[2024-01-11T20:40:45.003+0200] {processor.py:840} INFO - DAG(s) 'example_task_group' retrieved from /Users/angel.georgiev/VsCodeProjects/PythonExamples/.venv/lib/python3.10/site-packages/airflow/example_dags/example_task_group.py
[2024-01-11T20:40:45.191+0200] {logging_mixin.py:188} INFO - [2024-01-11T20:40:45.191+0200] {dag.py:3033} INFO - Sync 1 DAGs
[2024-01-11T20:40:45.221+0200] {logging_mixin.py:188} INFO - [2024-01-11T20:40:45.220+0200] {dag.py:3820} INFO - Setting next_dagrun for example_task_group to 2024-01-10T00:00:00+00:00, run_after=2024-01-11T00:00:00+00:00
[2024-01-11T20:40:45.282+0200] {processor.py:183} INFO - Processing /Users/angel.georgiev/VsCodeProjects/PythonExamples/.venv/lib/python3.10/site-packages/airflow/example_dags/example_task_group.py took 0.384 seconds
[2024-01-11T20:43:54.342+0200] {processor.py:161} INFO - Started process (PID=35310) to work on /Users/angel.georgiev/VsCodeProjects/PythonExamples/.venv/lib/python3.10/site-packages/airflow/example_dags/example_task_group.py
[2024-01-11T20:43:54.348+0200] {processor.py:830} INFO - Processing file /Users/angel.georgiev/VsCodeProjects/PythonExamples/.venv/lib/python3.10/site-packages/airflow/example_dags/example_task_group.py for tasks to queue
[2024-01-11T20:43:54.349+0200] {logging_mixin.py:188} INFO - [2024-01-11T20:43:54.348+0200] {dagbag.py:538} INFO - Filling up the DagBag from /Users/angel.georgiev/VsCodeProjects/PythonExamples/.venv/lib/python3.10/site-packages/airflow/example_dags/example_task_group.py
[2024-01-11T20:43:54.408+0200] {processor.py:840} INFO - DAG(s) 'example_task_group' retrieved from /Users/angel.georgiev/VsCodeProjects/PythonExamples/.venv/lib/python3.10/site-packages/airflow/example_dags/example_task_group.py
[2024-01-11T20:43:54.526+0200] {logging_mixin.py:188} INFO - [2024-01-11T20:43:54.526+0200] {dag.py:3033} INFO - Sync 1 DAGs
[2024-01-11T20:43:54.544+0200] {logging_mixin.py:188} INFO - [2024-01-11T20:43:54.544+0200] {dag.py:3820} INFO - Setting next_dagrun for example_task_group to 2024-01-10T00:00:00+00:00, run_after=2024-01-11T00:00:00+00:00
[2024-01-11T20:43:54.569+0200] {processor.py:183} INFO - Processing /Users/angel.georgiev/VsCodeProjects/PythonExamples/.venv/lib/python3.10/site-packages/airflow/example_dags/example_task_group.py took 0.229 seconds
[2024-01-11T20:45:58.771+0200] {processor.py:161} INFO - Started process (PID=35391) to work on /Users/angel.georgiev/VsCodeProjects/PythonExamples/.venv/lib/python3.10/site-packages/airflow/example_dags/example_task_group.py
[2024-01-11T20:45:58.776+0200] {processor.py:830} INFO - Processing file /Users/angel.georgiev/VsCodeProjects/PythonExamples/.venv/lib/python3.10/site-packages/airflow/example_dags/example_task_group.py for tasks to queue
[2024-01-11T20:45:58.777+0200] {logging_mixin.py:188} INFO - [2024-01-11T20:45:58.777+0200] {dagbag.py:538} INFO - Filling up the DagBag from /Users/angel.georgiev/VsCodeProjects/PythonExamples/.venv/lib/python3.10/site-packages/airflow/example_dags/example_task_group.py
[2024-01-11T20:45:58.834+0200] {processor.py:840} INFO - DAG(s) 'example_task_group' retrieved from /Users/angel.georgiev/VsCodeProjects/PythonExamples/.venv/lib/python3.10/site-packages/airflow/example_dags/example_task_group.py
[2024-01-11T20:45:58.936+0200] {logging_mixin.py:188} INFO - [2024-01-11T20:45:58.936+0200] {dag.py:3033} INFO - Sync 1 DAGs
[2024-01-11T20:45:58.950+0200] {logging_mixin.py:188} INFO - [2024-01-11T20:45:58.950+0200] {dag.py:3820} INFO - Setting next_dagrun for example_task_group to 2024-01-10T00:00:00+00:00, run_after=2024-01-11T00:00:00+00:00
[2024-01-11T20:45:58.968+0200] {processor.py:183} INFO - Processing /Users/angel.georgiev/VsCodeProjects/PythonExamples/.venv/lib/python3.10/site-packages/airflow/example_dags/example_task_group.py took 0.198 seconds
[2024-01-11T20:47:59.714+0200] {processor.py:161} INFO - Started process (PID=35478) to work on /Users/angel.georgiev/VsCodeProjects/PythonExamples/.venv/lib/python3.10/site-packages/airflow/example_dags/example_task_group.py
[2024-01-11T20:47:59.719+0200] {processor.py:830} INFO - Processing file /Users/angel.georgiev/VsCodeProjects/PythonExamples/.venv/lib/python3.10/site-packages/airflow/example_dags/example_task_group.py for tasks to queue
[2024-01-11T20:47:59.719+0200] {logging_mixin.py:188} INFO - [2024-01-11T20:47:59.719+0200] {dagbag.py:538} INFO - Filling up the DagBag from /Users/angel.georgiev/VsCodeProjects/PythonExamples/.venv/lib/python3.10/site-packages/airflow/example_dags/example_task_group.py
[2024-01-11T20:47:59.771+0200] {processor.py:840} INFO - DAG(s) 'example_task_group' retrieved from /Users/angel.georgiev/VsCodeProjects/PythonExamples/.venv/lib/python3.10/site-packages/airflow/example_dags/example_task_group.py
[2024-01-11T20:47:59.870+0200] {logging_mixin.py:188} INFO - [2024-01-11T20:47:59.870+0200] {dag.py:3033} INFO - Sync 1 DAGs
[2024-01-11T20:47:59.884+0200] {logging_mixin.py:188} INFO - [2024-01-11T20:47:59.883+0200] {dag.py:3820} INFO - Setting next_dagrun for example_task_group to 2024-01-10T00:00:00+00:00, run_after=2024-01-11T00:00:00+00:00
[2024-01-11T20:47:59.899+0200] {processor.py:183} INFO - Processing /Users/angel.georgiev/VsCodeProjects/PythonExamples/.venv/lib/python3.10/site-packages/airflow/example_dags/example_task_group.py took 0.187 seconds
[2024-01-11T20:49:54.188+0200] {processor.py:161} INFO - Started process (PID=35665) to work on /Users/angel.georgiev/VsCodeProjects/PythonExamples/.venv/lib/python3.10/site-packages/airflow/example_dags/example_task_group.py
[2024-01-11T20:49:54.193+0200] {processor.py:830} INFO - Processing file /Users/angel.georgiev/VsCodeProjects/PythonExamples/.venv/lib/python3.10/site-packages/airflow/example_dags/example_task_group.py for tasks to queue
[2024-01-11T20:49:54.193+0200] {logging_mixin.py:188} INFO - [2024-01-11T20:49:54.193+0200] {dagbag.py:538} INFO - Filling up the DagBag from /Users/angel.georgiev/VsCodeProjects/PythonExamples/.venv/lib/python3.10/site-packages/airflow/example_dags/example_task_group.py
[2024-01-11T20:49:54.245+0200] {processor.py:840} INFO - DAG(s) 'example_task_group' retrieved from /Users/angel.georgiev/VsCodeProjects/PythonExamples/.venv/lib/python3.10/site-packages/airflow/example_dags/example_task_group.py
[2024-01-11T20:49:54.342+0200] {logging_mixin.py:188} INFO - [2024-01-11T20:49:54.342+0200] {dag.py:3033} INFO - Sync 1 DAGs
[2024-01-11T20:49:54.356+0200] {logging_mixin.py:188} INFO - [2024-01-11T20:49:54.356+0200] {dag.py:3820} INFO - Setting next_dagrun for example_task_group to 2024-01-10T00:00:00+00:00, run_after=2024-01-11T00:00:00+00:00
[2024-01-11T20:49:54.371+0200] {processor.py:183} INFO - Processing /Users/angel.georgiev/VsCodeProjects/PythonExamples/.venv/lib/python3.10/site-packages/airflow/example_dags/example_task_group.py took 0.185 seconds
[2024-01-11T20:51:46.571+0200] {processor.py:161} INFO - Started process (PID=35756) to work on /Users/angel.georgiev/VsCodeProjects/PythonExamples/.venv/lib/python3.10/site-packages/airflow/example_dags/example_task_group.py
[2024-01-11T20:51:46.575+0200] {processor.py:830} INFO - Processing file /Users/angel.georgiev/VsCodeProjects/PythonExamples/.venv/lib/python3.10/site-packages/airflow/example_dags/example_task_group.py for tasks to queue
[2024-01-11T20:51:46.575+0200] {logging_mixin.py:188} INFO - [2024-01-11T20:51:46.575+0200] {dagbag.py:538} INFO - Filling up the DagBag from /Users/angel.georgiev/VsCodeProjects/PythonExamples/.venv/lib/python3.10/site-packages/airflow/example_dags/example_task_group.py
[2024-01-11T20:51:46.633+0200] {processor.py:840} INFO - DAG(s) 'example_task_group' retrieved from /Users/angel.georgiev/VsCodeProjects/PythonExamples/.venv/lib/python3.10/site-packages/airflow/example_dags/example_task_group.py
[2024-01-11T20:51:46.744+0200] {logging_mixin.py:188} INFO - [2024-01-11T20:51:46.743+0200] {dag.py:3033} INFO - Sync 1 DAGs
[2024-01-11T20:51:46.762+0200] {logging_mixin.py:188} INFO - [2024-01-11T20:51:46.762+0200] {dag.py:3820} INFO - Setting next_dagrun for example_task_group to 2024-01-10T00:00:00+00:00, run_after=2024-01-11T00:00:00+00:00
[2024-01-11T20:51:46.780+0200] {processor.py:183} INFO - Processing /Users/angel.georgiev/VsCodeProjects/PythonExamples/.venv/lib/python3.10/site-packages/airflow/example_dags/example_task_group.py took 0.211 seconds
[2024-01-11T20:53:49.988+0200] {processor.py:161} INFO - Started process (PID=35880) to work on /Users/angel.georgiev/VsCodeProjects/PythonExamples/.venv/lib/python3.10/site-packages/airflow/example_dags/example_task_group.py
[2024-01-11T20:53:49.994+0200] {processor.py:830} INFO - Processing file /Users/angel.georgiev/VsCodeProjects/PythonExamples/.venv/lib/python3.10/site-packages/airflow/example_dags/example_task_group.py for tasks to queue
[2024-01-11T20:53:49.994+0200] {logging_mixin.py:188} INFO - [2024-01-11T20:53:49.994+0200] {dagbag.py:538} INFO - Filling up the DagBag from /Users/angel.georgiev/VsCodeProjects/PythonExamples/.venv/lib/python3.10/site-packages/airflow/example_dags/example_task_group.py
[2024-01-11T20:53:50.051+0200] {processor.py:840} INFO - DAG(s) 'example_task_group' retrieved from /Users/angel.georgiev/VsCodeProjects/PythonExamples/.venv/lib/python3.10/site-packages/airflow/example_dags/example_task_group.py
[2024-01-11T20:53:50.152+0200] {logging_mixin.py:188} INFO - [2024-01-11T20:53:50.152+0200] {dag.py:3033} INFO - Sync 1 DAGs
[2024-01-11T20:53:50.167+0200] {logging_mixin.py:188} INFO - [2024-01-11T20:53:50.166+0200] {dag.py:3820} INFO - Setting next_dagrun for example_task_group to 2024-01-10T00:00:00+00:00, run_after=2024-01-11T00:00:00+00:00
[2024-01-11T20:53:50.184+0200] {processor.py:183} INFO - Processing /Users/angel.georgiev/VsCodeProjects/PythonExamples/.venv/lib/python3.10/site-packages/airflow/example_dags/example_task_group.py took 0.197 seconds
[2024-01-11T20:56:04.196+0200] {processor.py:161} INFO - Started process (PID=36073) to work on /Users/angel.georgiev/VsCodeProjects/PythonExamples/.venv/lib/python3.10/site-packages/airflow/example_dags/example_task_group.py
[2024-01-11T20:56:04.202+0200] {processor.py:830} INFO - Processing file /Users/angel.georgiev/VsCodeProjects/PythonExamples/.venv/lib/python3.10/site-packages/airflow/example_dags/example_task_group.py for tasks to queue
[2024-01-11T20:56:04.203+0200] {logging_mixin.py:188} INFO - [2024-01-11T20:56:04.203+0200] {dagbag.py:538} INFO - Filling up the DagBag from /Users/angel.georgiev/VsCodeProjects/PythonExamples/.venv/lib/python3.10/site-packages/airflow/example_dags/example_task_group.py
[2024-01-11T20:56:04.286+0200] {processor.py:840} INFO - DAG(s) 'example_task_group' retrieved from /Users/angel.georgiev/VsCodeProjects/PythonExamples/.venv/lib/python3.10/site-packages/airflow/example_dags/example_task_group.py
[2024-01-11T20:56:04.418+0200] {logging_mixin.py:188} INFO - [2024-01-11T20:56:04.418+0200] {dag.py:3033} INFO - Sync 1 DAGs
[2024-01-11T20:56:04.435+0200] {logging_mixin.py:188} INFO - [2024-01-11T20:56:04.435+0200] {dag.py:3820} INFO - Setting next_dagrun for example_task_group to 2024-01-10T00:00:00+00:00, run_after=2024-01-11T00:00:00+00:00
[2024-01-11T20:56:04.457+0200] {processor.py:183} INFO - Processing /Users/angel.georgiev/VsCodeProjects/PythonExamples/.venv/lib/python3.10/site-packages/airflow/example_dags/example_task_group.py took 0.262 seconds
[2024-01-11T20:58:30.352+0200] {processor.py:161} INFO - Started process (PID=36164) to work on /Users/angel.georgiev/VsCodeProjects/PythonExamples/.venv/lib/python3.10/site-packages/airflow/example_dags/example_task_group.py
[2024-01-11T20:58:30.359+0200] {processor.py:830} INFO - Processing file /Users/angel.georgiev/VsCodeProjects/PythonExamples/.venv/lib/python3.10/site-packages/airflow/example_dags/example_task_group.py for tasks to queue
[2024-01-11T20:58:30.360+0200] {logging_mixin.py:188} INFO - [2024-01-11T20:58:30.360+0200] {dagbag.py:538} INFO - Filling up the DagBag from /Users/angel.georgiev/VsCodeProjects/PythonExamples/.venv/lib/python3.10/site-packages/airflow/example_dags/example_task_group.py
[2024-01-11T20:58:30.425+0200] {processor.py:840} INFO - DAG(s) 'example_task_group' retrieved from /Users/angel.georgiev/VsCodeProjects/PythonExamples/.venv/lib/python3.10/site-packages/airflow/example_dags/example_task_group.py
[2024-01-11T20:58:30.534+0200] {logging_mixin.py:188} INFO - [2024-01-11T20:58:30.534+0200] {dag.py:3033} INFO - Sync 1 DAGs
[2024-01-11T20:58:30.549+0200] {logging_mixin.py:188} INFO - [2024-01-11T20:58:30.549+0200] {dag.py:3820} INFO - Setting next_dagrun for example_task_group to 2024-01-10T00:00:00+00:00, run_after=2024-01-11T00:00:00+00:00
[2024-01-11T20:58:30.568+0200] {processor.py:183} INFO - Processing /Users/angel.georgiev/VsCodeProjects/PythonExamples/.venv/lib/python3.10/site-packages/airflow/example_dags/example_task_group.py took 0.217 seconds
