[2024-01-11T20:13:57.653+0200] {processor.py:161} INFO - Started process (PID=33215) to work on /Users/angel.georgiev/VsCodeProjects/PythonExamples/.venv/lib/python3.10/site-packages/airflow/example_dags/example_time_delta_sensor_async.py
[2024-01-11T20:13:57.658+0200] {processor.py:830} INFO - Processing file /Users/angel.georgiev/VsCodeProjects/PythonExamples/.venv/lib/python3.10/site-packages/airflow/example_dags/example_time_delta_sensor_async.py for tasks to queue
[2024-01-11T20:13:57.658+0200] {logging_mixin.py:188} INFO - [2024-01-11T20:13:57.658+0200] {dagbag.py:538} INFO - Filling up the DagBag from /Users/angel.georgiev/VsCodeProjects/PythonExamples/.venv/lib/python3.10/site-packages/airflow/example_dags/example_time_delta_sensor_async.py
[2024-01-11T20:13:57.671+0200] {processor.py:840} INFO - DAG(s) 'example_time_delta_sensor_async' retrieved from /Users/angel.georgiev/VsCodeProjects/PythonExamples/.venv/lib/python3.10/site-packages/airflow/example_dags/example_time_delta_sensor_async.py
[2024-01-11T20:13:57.945+0200] {logging_mixin.py:188} INFO - [2024-01-11T20:13:57.945+0200] {dag.py:3033} INFO - Sync 1 DAGs
[2024-01-11T20:13:57.953+0200] {logging_mixin.py:188} INFO - [2024-01-11T20:13:57.953+0200] {dag.py:3820} INFO - Setting next_dagrun for example_time_delta_sensor_async to None, run_after=None
[2024-01-11T20:13:57.972+0200] {processor.py:183} INFO - Processing /Users/angel.georgiev/VsCodeProjects/PythonExamples/.venv/lib/python3.10/site-packages/airflow/example_dags/example_time_delta_sensor_async.py took 0.320 seconds
[2024-01-11T20:16:57.998+0200] {processor.py:161} INFO - Started process (PID=33486) to work on /Users/angel.georgiev/VsCodeProjects/PythonExamples/.venv/lib/python3.10/site-packages/airflow/example_dags/example_time_delta_sensor_async.py
[2024-01-11T20:16:58.003+0200] {processor.py:830} INFO - Processing file /Users/angel.georgiev/VsCodeProjects/PythonExamples/.venv/lib/python3.10/site-packages/airflow/example_dags/example_time_delta_sensor_async.py for tasks to queue
[2024-01-11T20:16:58.004+0200] {logging_mixin.py:188} INFO - [2024-01-11T20:16:58.003+0200] {dagbag.py:538} INFO - Filling up the DagBag from /Users/angel.georgiev/VsCodeProjects/PythonExamples/.venv/lib/python3.10/site-packages/airflow/example_dags/example_time_delta_sensor_async.py
[2024-01-11T20:16:58.017+0200] {processor.py:840} INFO - DAG(s) 'example_time_delta_sensor_async' retrieved from /Users/angel.georgiev/VsCodeProjects/PythonExamples/.venv/lib/python3.10/site-packages/airflow/example_dags/example_time_delta_sensor_async.py
[2024-01-11T20:16:58.177+0200] {logging_mixin.py:188} INFO - [2024-01-11T20:16:58.177+0200] {dag.py:3033} INFO - Sync 1 DAGs
[2024-01-11T20:16:58.186+0200] {logging_mixin.py:188} INFO - [2024-01-11T20:16:58.185+0200] {dag.py:3820} INFO - Setting next_dagrun for example_time_delta_sensor_async to None, run_after=None
[2024-01-11T20:16:58.203+0200] {processor.py:183} INFO - Processing /Users/angel.georgiev/VsCodeProjects/PythonExamples/.venv/lib/python3.10/site-packages/airflow/example_dags/example_time_delta_sensor_async.py took 0.206 seconds
[2024-01-11T20:19:22.858+0200] {processor.py:161} INFO - Started process (PID=33657) to work on /Users/angel.georgiev/VsCodeProjects/PythonExamples/.venv/lib/python3.10/site-packages/airflow/example_dags/example_time_delta_sensor_async.py
[2024-01-11T20:19:22.862+0200] {processor.py:830} INFO - Processing file /Users/angel.georgiev/VsCodeProjects/PythonExamples/.venv/lib/python3.10/site-packages/airflow/example_dags/example_time_delta_sensor_async.py for tasks to queue
[2024-01-11T20:19:22.863+0200] {logging_mixin.py:188} INFO - [2024-01-11T20:19:22.863+0200] {dagbag.py:538} INFO - Filling up the DagBag from /Users/angel.georgiev/VsCodeProjects/PythonExamples/.venv/lib/python3.10/site-packages/airflow/example_dags/example_time_delta_sensor_async.py
[2024-01-11T20:19:22.878+0200] {processor.py:840} INFO - DAG(s) 'example_time_delta_sensor_async' retrieved from /Users/angel.georgiev/VsCodeProjects/PythonExamples/.venv/lib/python3.10/site-packages/airflow/example_dags/example_time_delta_sensor_async.py
[2024-01-11T20:19:23.046+0200] {logging_mixin.py:188} INFO - [2024-01-11T20:19:23.046+0200] {dag.py:3033} INFO - Sync 1 DAGs
[2024-01-11T20:19:23.055+0200] {logging_mixin.py:188} INFO - [2024-01-11T20:19:23.055+0200] {dag.py:3820} INFO - Setting next_dagrun for example_time_delta_sensor_async to None, run_after=None
[2024-01-11T20:19:23.074+0200] {processor.py:183} INFO - Processing /Users/angel.georgiev/VsCodeProjects/PythonExamples/.venv/lib/python3.10/site-packages/airflow/example_dags/example_time_delta_sensor_async.py took 0.218 seconds
[2024-01-11T20:21:47.821+0200] {processor.py:161} INFO - Started process (PID=33784) to work on /Users/angel.georgiev/VsCodeProjects/PythonExamples/.venv/lib/python3.10/site-packages/airflow/example_dags/example_time_delta_sensor_async.py
[2024-01-11T20:21:47.826+0200] {processor.py:830} INFO - Processing file /Users/angel.georgiev/VsCodeProjects/PythonExamples/.venv/lib/python3.10/site-packages/airflow/example_dags/example_time_delta_sensor_async.py for tasks to queue
[2024-01-11T20:21:47.827+0200] {logging_mixin.py:188} INFO - [2024-01-11T20:21:47.827+0200] {dagbag.py:538} INFO - Filling up the DagBag from /Users/angel.georgiev/VsCodeProjects/PythonExamples/.venv/lib/python3.10/site-packages/airflow/example_dags/example_time_delta_sensor_async.py
[2024-01-11T20:21:47.839+0200] {processor.py:840} INFO - DAG(s) 'example_time_delta_sensor_async' retrieved from /Users/angel.georgiev/VsCodeProjects/PythonExamples/.venv/lib/python3.10/site-packages/airflow/example_dags/example_time_delta_sensor_async.py
[2024-01-11T20:21:48.014+0200] {logging_mixin.py:188} INFO - [2024-01-11T20:21:48.013+0200] {dag.py:3033} INFO - Sync 1 DAGs
[2024-01-11T20:21:48.025+0200] {logging_mixin.py:188} INFO - [2024-01-11T20:21:48.024+0200] {dag.py:3820} INFO - Setting next_dagrun for example_time_delta_sensor_async to None, run_after=None
[2024-01-11T20:21:48.051+0200] {processor.py:183} INFO - Processing /Users/angel.georgiev/VsCodeProjects/PythonExamples/.venv/lib/python3.10/site-packages/airflow/example_dags/example_time_delta_sensor_async.py took 0.231 seconds
[2024-01-11T20:24:07.686+0200] {processor.py:161} INFO - Started process (PID=33995) to work on /Users/angel.georgiev/VsCodeProjects/PythonExamples/.venv/lib/python3.10/site-packages/airflow/example_dags/example_time_delta_sensor_async.py
[2024-01-11T20:24:07.693+0200] {processor.py:830} INFO - Processing file /Users/angel.georgiev/VsCodeProjects/PythonExamples/.venv/lib/python3.10/site-packages/airflow/example_dags/example_time_delta_sensor_async.py for tasks to queue
[2024-01-11T20:24:07.693+0200] {logging_mixin.py:188} INFO - [2024-01-11T20:24:07.693+0200] {dagbag.py:538} INFO - Filling up the DagBag from /Users/angel.georgiev/VsCodeProjects/PythonExamples/.venv/lib/python3.10/site-packages/airflow/example_dags/example_time_delta_sensor_async.py
[2024-01-11T20:24:07.707+0200] {processor.py:840} INFO - DAG(s) 'example_time_delta_sensor_async' retrieved from /Users/angel.georgiev/VsCodeProjects/PythonExamples/.venv/lib/python3.10/site-packages/airflow/example_dags/example_time_delta_sensor_async.py
[2024-01-11T20:24:07.873+0200] {logging_mixin.py:188} INFO - [2024-01-11T20:24:07.873+0200] {dag.py:3033} INFO - Sync 1 DAGs
[2024-01-11T20:24:07.882+0200] {logging_mixin.py:188} INFO - [2024-01-11T20:24:07.882+0200] {dag.py:3820} INFO - Setting next_dagrun for example_time_delta_sensor_async to None, run_after=None
[2024-01-11T20:24:07.901+0200] {processor.py:183} INFO - Processing /Users/angel.georgiev/VsCodeProjects/PythonExamples/.venv/lib/python3.10/site-packages/airflow/example_dags/example_time_delta_sensor_async.py took 0.217 seconds
[2024-01-11T20:26:21.348+0200] {processor.py:161} INFO - Started process (PID=34108) to work on /Users/angel.georgiev/VsCodeProjects/PythonExamples/.venv/lib/python3.10/site-packages/airflow/example_dags/example_time_delta_sensor_async.py
[2024-01-11T20:26:21.353+0200] {processor.py:830} INFO - Processing file /Users/angel.georgiev/VsCodeProjects/PythonExamples/.venv/lib/python3.10/site-packages/airflow/example_dags/example_time_delta_sensor_async.py for tasks to queue
[2024-01-11T20:26:21.354+0200] {logging_mixin.py:188} INFO - [2024-01-11T20:26:21.353+0200] {dagbag.py:538} INFO - Filling up the DagBag from /Users/angel.georgiev/VsCodeProjects/PythonExamples/.venv/lib/python3.10/site-packages/airflow/example_dags/example_time_delta_sensor_async.py
[2024-01-11T20:26:21.367+0200] {processor.py:840} INFO - DAG(s) 'example_time_delta_sensor_async' retrieved from /Users/angel.georgiev/VsCodeProjects/PythonExamples/.venv/lib/python3.10/site-packages/airflow/example_dags/example_time_delta_sensor_async.py
[2024-01-11T20:26:21.517+0200] {logging_mixin.py:188} INFO - [2024-01-11T20:26:21.517+0200] {dag.py:3033} INFO - Sync 1 DAGs
[2024-01-11T20:26:21.525+0200] {logging_mixin.py:188} INFO - [2024-01-11T20:26:21.525+0200] {dag.py:3820} INFO - Setting next_dagrun for example_time_delta_sensor_async to None, run_after=None
[2024-01-11T20:26:21.542+0200] {processor.py:183} INFO - Processing /Users/angel.georgiev/VsCodeProjects/PythonExamples/.venv/lib/python3.10/site-packages/airflow/example_dags/example_time_delta_sensor_async.py took 0.196 seconds
[2024-01-11T20:29:00.625+0200] {processor.py:161} INFO - Started process (PID=34232) to work on /Users/angel.georgiev/VsCodeProjects/PythonExamples/.venv/lib/python3.10/site-packages/airflow/example_dags/example_time_delta_sensor_async.py
[2024-01-11T20:29:00.631+0200] {processor.py:830} INFO - Processing file /Users/angel.georgiev/VsCodeProjects/PythonExamples/.venv/lib/python3.10/site-packages/airflow/example_dags/example_time_delta_sensor_async.py for tasks to queue
[2024-01-11T20:29:00.632+0200] {logging_mixin.py:188} INFO - [2024-01-11T20:29:00.631+0200] {dagbag.py:538} INFO - Filling up the DagBag from /Users/angel.georgiev/VsCodeProjects/PythonExamples/.venv/lib/python3.10/site-packages/airflow/example_dags/example_time_delta_sensor_async.py
[2024-01-11T20:29:00.649+0200] {processor.py:840} INFO - DAG(s) 'example_time_delta_sensor_async' retrieved from /Users/angel.georgiev/VsCodeProjects/PythonExamples/.venv/lib/python3.10/site-packages/airflow/example_dags/example_time_delta_sensor_async.py
[2024-01-11T20:29:00.837+0200] {logging_mixin.py:188} INFO - [2024-01-11T20:29:00.837+0200] {dag.py:3033} INFO - Sync 1 DAGs
[2024-01-11T20:29:00.845+0200] {logging_mixin.py:188} INFO - [2024-01-11T20:29:00.845+0200] {dag.py:3820} INFO - Setting next_dagrun for example_time_delta_sensor_async to None, run_after=None
[2024-01-11T20:29:00.862+0200] {processor.py:183} INFO - Processing /Users/angel.georgiev/VsCodeProjects/PythonExamples/.venv/lib/python3.10/site-packages/airflow/example_dags/example_time_delta_sensor_async.py took 0.238 seconds
[2024-01-11T20:31:35.440+0200] {processor.py:161} INFO - Started process (PID=34422) to work on /Users/angel.georgiev/VsCodeProjects/PythonExamples/.venv/lib/python3.10/site-packages/airflow/example_dags/example_time_delta_sensor_async.py
[2024-01-11T20:31:35.445+0200] {processor.py:830} INFO - Processing file /Users/angel.georgiev/VsCodeProjects/PythonExamples/.venv/lib/python3.10/site-packages/airflow/example_dags/example_time_delta_sensor_async.py for tasks to queue
[2024-01-11T20:31:35.446+0200] {logging_mixin.py:188} INFO - [2024-01-11T20:31:35.446+0200] {dagbag.py:538} INFO - Filling up the DagBag from /Users/angel.georgiev/VsCodeProjects/PythonExamples/.venv/lib/python3.10/site-packages/airflow/example_dags/example_time_delta_sensor_async.py
[2024-01-11T20:31:35.462+0200] {processor.py:840} INFO - DAG(s) 'example_time_delta_sensor_async' retrieved from /Users/angel.georgiev/VsCodeProjects/PythonExamples/.venv/lib/python3.10/site-packages/airflow/example_dags/example_time_delta_sensor_async.py
[2024-01-11T20:31:35.653+0200] {logging_mixin.py:188} INFO - [2024-01-11T20:31:35.652+0200] {dag.py:3033} INFO - Sync 1 DAGs
[2024-01-11T20:31:35.662+0200] {logging_mixin.py:188} INFO - [2024-01-11T20:31:35.662+0200] {dag.py:3820} INFO - Setting next_dagrun for example_time_delta_sensor_async to None, run_after=None
[2024-01-11T20:31:35.686+0200] {processor.py:183} INFO - Processing /Users/angel.georgiev/VsCodeProjects/PythonExamples/.venv/lib/python3.10/site-packages/airflow/example_dags/example_time_delta_sensor_async.py took 0.248 seconds
[2024-01-11T20:34:26.650+0200] {processor.py:161} INFO - Started process (PID=34570) to work on /Users/angel.georgiev/VsCodeProjects/PythonExamples/.venv/lib/python3.10/site-packages/airflow/example_dags/example_time_delta_sensor_async.py
[2024-01-11T20:34:26.657+0200] {processor.py:830} INFO - Processing file /Users/angel.georgiev/VsCodeProjects/PythonExamples/.venv/lib/python3.10/site-packages/airflow/example_dags/example_time_delta_sensor_async.py for tasks to queue
[2024-01-11T20:34:26.658+0200] {logging_mixin.py:188} INFO - [2024-01-11T20:34:26.658+0200] {dagbag.py:538} INFO - Filling up the DagBag from /Users/angel.georgiev/VsCodeProjects/PythonExamples/.venv/lib/python3.10/site-packages/airflow/example_dags/example_time_delta_sensor_async.py
[2024-01-11T20:34:26.686+0200] {processor.py:840} INFO - DAG(s) 'example_time_delta_sensor_async' retrieved from /Users/angel.georgiev/VsCodeProjects/PythonExamples/.venv/lib/python3.10/site-packages/airflow/example_dags/example_time_delta_sensor_async.py
[2024-01-11T20:34:26.945+0200] {logging_mixin.py:188} INFO - [2024-01-11T20:34:26.945+0200] {dag.py:3033} INFO - Sync 1 DAGs
[2024-01-11T20:34:26.957+0200] {logging_mixin.py:188} INFO - [2024-01-11T20:34:26.956+0200] {dag.py:3820} INFO - Setting next_dagrun for example_time_delta_sensor_async to None, run_after=None
[2024-01-11T20:34:26.980+0200] {processor.py:183} INFO - Processing /Users/angel.georgiev/VsCodeProjects/PythonExamples/.venv/lib/python3.10/site-packages/airflow/example_dags/example_time_delta_sensor_async.py took 0.331 seconds
[2024-01-11T20:37:26.869+0200] {processor.py:161} INFO - Started process (PID=34841) to work on /Users/angel.georgiev/VsCodeProjects/PythonExamples/.venv/lib/python3.10/site-packages/airflow/example_dags/example_time_delta_sensor_async.py
[2024-01-11T20:37:26.876+0200] {processor.py:830} INFO - Processing file /Users/angel.georgiev/VsCodeProjects/PythonExamples/.venv/lib/python3.10/site-packages/airflow/example_dags/example_time_delta_sensor_async.py for tasks to queue
[2024-01-11T20:37:26.877+0200] {logging_mixin.py:188} INFO - [2024-01-11T20:37:26.876+0200] {dagbag.py:538} INFO - Filling up the DagBag from /Users/angel.georgiev/VsCodeProjects/PythonExamples/.venv/lib/python3.10/site-packages/airflow/example_dags/example_time_delta_sensor_async.py
[2024-01-11T20:37:26.895+0200] {processor.py:840} INFO - DAG(s) 'example_time_delta_sensor_async' retrieved from /Users/angel.georgiev/VsCodeProjects/PythonExamples/.venv/lib/python3.10/site-packages/airflow/example_dags/example_time_delta_sensor_async.py
[2024-01-11T20:37:27.110+0200] {logging_mixin.py:188} INFO - [2024-01-11T20:37:27.109+0200] {dag.py:3033} INFO - Sync 1 DAGs
[2024-01-11T20:37:27.120+0200] {logging_mixin.py:188} INFO - [2024-01-11T20:37:27.120+0200] {dag.py:3820} INFO - Setting next_dagrun for example_time_delta_sensor_async to None, run_after=None
[2024-01-11T20:37:27.141+0200] {processor.py:183} INFO - Processing /Users/angel.georgiev/VsCodeProjects/PythonExamples/.venv/lib/python3.10/site-packages/airflow/example_dags/example_time_delta_sensor_async.py took 0.274 seconds
[2024-01-11T20:40:31.966+0200] {processor.py:161} INFO - Started process (PID=35020) to work on /Users/angel.georgiev/VsCodeProjects/PythonExamples/.venv/lib/python3.10/site-packages/airflow/example_dags/example_time_delta_sensor_async.py
[2024-01-11T20:40:31.972+0200] {processor.py:830} INFO - Processing file /Users/angel.georgiev/VsCodeProjects/PythonExamples/.venv/lib/python3.10/site-packages/airflow/example_dags/example_time_delta_sensor_async.py for tasks to queue
[2024-01-11T20:40:31.973+0200] {logging_mixin.py:188} INFO - [2024-01-11T20:40:31.972+0200] {dagbag.py:538} INFO - Filling up the DagBag from /Users/angel.georgiev/VsCodeProjects/PythonExamples/.venv/lib/python3.10/site-packages/airflow/example_dags/example_time_delta_sensor_async.py
[2024-01-11T20:40:31.990+0200] {processor.py:840} INFO - DAG(s) 'example_time_delta_sensor_async' retrieved from /Users/angel.georgiev/VsCodeProjects/PythonExamples/.venv/lib/python3.10/site-packages/airflow/example_dags/example_time_delta_sensor_async.py
[2024-01-11T20:40:32.181+0200] {logging_mixin.py:188} INFO - [2024-01-11T20:40:32.180+0200] {dag.py:3033} INFO - Sync 1 DAGs
[2024-01-11T20:40:32.190+0200] {logging_mixin.py:188} INFO - [2024-01-11T20:40:32.190+0200] {dag.py:3820} INFO - Setting next_dagrun for example_time_delta_sensor_async to None, run_after=None
[2024-01-11T20:40:32.210+0200] {processor.py:183} INFO - Processing /Users/angel.georgiev/VsCodeProjects/PythonExamples/.venv/lib/python3.10/site-packages/airflow/example_dags/example_time_delta_sensor_async.py took 0.246 seconds
[2024-01-11T20:43:46.751+0200] {processor.py:161} INFO - Started process (PID=35308) to work on /Users/angel.georgiev/VsCodeProjects/PythonExamples/.venv/lib/python3.10/site-packages/airflow/example_dags/example_time_delta_sensor_async.py
[2024-01-11T20:43:46.758+0200] {processor.py:830} INFO - Processing file /Users/angel.georgiev/VsCodeProjects/PythonExamples/.venv/lib/python3.10/site-packages/airflow/example_dags/example_time_delta_sensor_async.py for tasks to queue
[2024-01-11T20:43:46.759+0200] {logging_mixin.py:188} INFO - [2024-01-11T20:43:46.759+0200] {dagbag.py:538} INFO - Filling up the DagBag from /Users/angel.georgiev/VsCodeProjects/PythonExamples/.venv/lib/python3.10/site-packages/airflow/example_dags/example_time_delta_sensor_async.py
[2024-01-11T20:43:46.783+0200] {processor.py:840} INFO - DAG(s) 'example_time_delta_sensor_async' retrieved from /Users/angel.georgiev/VsCodeProjects/PythonExamples/.venv/lib/python3.10/site-packages/airflow/example_dags/example_time_delta_sensor_async.py
[2024-01-11T20:43:47.182+0200] {logging_mixin.py:188} INFO - [2024-01-11T20:43:47.182+0200] {dag.py:3033} INFO - Sync 1 DAGs
[2024-01-11T20:43:47.196+0200] {logging_mixin.py:188} INFO - [2024-01-11T20:43:47.195+0200] {dag.py:3820} INFO - Setting next_dagrun for example_time_delta_sensor_async to None, run_after=None
[2024-01-11T20:43:47.222+0200] {processor.py:183} INFO - Processing /Users/angel.georgiev/VsCodeProjects/PythonExamples/.venv/lib/python3.10/site-packages/airflow/example_dags/example_time_delta_sensor_async.py took 0.472 seconds
[2024-01-11T20:45:52.803+0200] {processor.py:161} INFO - Started process (PID=35389) to work on /Users/angel.georgiev/VsCodeProjects/PythonExamples/.venv/lib/python3.10/site-packages/airflow/example_dags/example_time_delta_sensor_async.py
[2024-01-11T20:45:52.808+0200] {processor.py:830} INFO - Processing file /Users/angel.georgiev/VsCodeProjects/PythonExamples/.venv/lib/python3.10/site-packages/airflow/example_dags/example_time_delta_sensor_async.py for tasks to queue
[2024-01-11T20:45:52.808+0200] {logging_mixin.py:188} INFO - [2024-01-11T20:45:52.808+0200] {dagbag.py:538} INFO - Filling up the DagBag from /Users/angel.georgiev/VsCodeProjects/PythonExamples/.venv/lib/python3.10/site-packages/airflow/example_dags/example_time_delta_sensor_async.py
[2024-01-11T20:45:52.820+0200] {processor.py:840} INFO - DAG(s) 'example_time_delta_sensor_async' retrieved from /Users/angel.georgiev/VsCodeProjects/PythonExamples/.venv/lib/python3.10/site-packages/airflow/example_dags/example_time_delta_sensor_async.py
[2024-01-11T20:45:52.980+0200] {logging_mixin.py:188} INFO - [2024-01-11T20:45:52.980+0200] {dag.py:3033} INFO - Sync 1 DAGs
[2024-01-11T20:45:52.988+0200] {logging_mixin.py:188} INFO - [2024-01-11T20:45:52.988+0200] {dag.py:3820} INFO - Setting next_dagrun for example_time_delta_sensor_async to None, run_after=None
[2024-01-11T20:45:53.004+0200] {processor.py:183} INFO - Processing /Users/angel.georgiev/VsCodeProjects/PythonExamples/.venv/lib/python3.10/site-packages/airflow/example_dags/example_time_delta_sensor_async.py took 0.203 seconds
[2024-01-11T20:47:53.690+0200] {processor.py:161} INFO - Started process (PID=35476) to work on /Users/angel.georgiev/VsCodeProjects/PythonExamples/.venv/lib/python3.10/site-packages/airflow/example_dags/example_time_delta_sensor_async.py
[2024-01-11T20:47:53.695+0200] {processor.py:830} INFO - Processing file /Users/angel.georgiev/VsCodeProjects/PythonExamples/.venv/lib/python3.10/site-packages/airflow/example_dags/example_time_delta_sensor_async.py for tasks to queue
[2024-01-11T20:47:53.696+0200] {logging_mixin.py:188} INFO - [2024-01-11T20:47:53.696+0200] {dagbag.py:538} INFO - Filling up the DagBag from /Users/angel.georgiev/VsCodeProjects/PythonExamples/.venv/lib/python3.10/site-packages/airflow/example_dags/example_time_delta_sensor_async.py
[2024-01-11T20:47:53.707+0200] {processor.py:840} INFO - DAG(s) 'example_time_delta_sensor_async' retrieved from /Users/angel.georgiev/VsCodeProjects/PythonExamples/.venv/lib/python3.10/site-packages/airflow/example_dags/example_time_delta_sensor_async.py
[2024-01-11T20:47:53.859+0200] {logging_mixin.py:188} INFO - [2024-01-11T20:47:53.859+0200] {dag.py:3033} INFO - Sync 1 DAGs
[2024-01-11T20:47:53.867+0200] {logging_mixin.py:188} INFO - [2024-01-11T20:47:53.867+0200] {dag.py:3820} INFO - Setting next_dagrun for example_time_delta_sensor_async to None, run_after=None
[2024-01-11T20:47:53.883+0200] {processor.py:183} INFO - Processing /Users/angel.georgiev/VsCodeProjects/PythonExamples/.venv/lib/python3.10/site-packages/airflow/example_dags/example_time_delta_sensor_async.py took 0.193 seconds
[2024-01-11T20:49:48.530+0200] {processor.py:161} INFO - Started process (PID=35661) to work on /Users/angel.georgiev/VsCodeProjects/PythonExamples/.venv/lib/python3.10/site-packages/airflow/example_dags/example_time_delta_sensor_async.py
[2024-01-11T20:49:48.534+0200] {processor.py:830} INFO - Processing file /Users/angel.georgiev/VsCodeProjects/PythonExamples/.venv/lib/python3.10/site-packages/airflow/example_dags/example_time_delta_sensor_async.py for tasks to queue
[2024-01-11T20:49:48.535+0200] {logging_mixin.py:188} INFO - [2024-01-11T20:49:48.535+0200] {dagbag.py:538} INFO - Filling up the DagBag from /Users/angel.georgiev/VsCodeProjects/PythonExamples/.venv/lib/python3.10/site-packages/airflow/example_dags/example_time_delta_sensor_async.py
[2024-01-11T20:49:48.549+0200] {processor.py:840} INFO - DAG(s) 'example_time_delta_sensor_async' retrieved from /Users/angel.georgiev/VsCodeProjects/PythonExamples/.venv/lib/python3.10/site-packages/airflow/example_dags/example_time_delta_sensor_async.py
[2024-01-11T20:49:48.697+0200] {logging_mixin.py:188} INFO - [2024-01-11T20:49:48.697+0200] {dag.py:3033} INFO - Sync 1 DAGs
[2024-01-11T20:49:48.705+0200] {logging_mixin.py:188} INFO - [2024-01-11T20:49:48.705+0200] {dag.py:3820} INFO - Setting next_dagrun for example_time_delta_sensor_async to None, run_after=None
[2024-01-11T20:49:48.723+0200] {processor.py:183} INFO - Processing /Users/angel.georgiev/VsCodeProjects/PythonExamples/.venv/lib/python3.10/site-packages/airflow/example_dags/example_time_delta_sensor_async.py took 0.195 seconds
[2024-01-11T20:51:41.551+0200] {processor.py:161} INFO - Started process (PID=35754) to work on /Users/angel.georgiev/VsCodeProjects/PythonExamples/.venv/lib/python3.10/site-packages/airflow/example_dags/example_time_delta_sensor_async.py
[2024-01-11T20:51:41.556+0200] {processor.py:830} INFO - Processing file /Users/angel.georgiev/VsCodeProjects/PythonExamples/.venv/lib/python3.10/site-packages/airflow/example_dags/example_time_delta_sensor_async.py for tasks to queue
[2024-01-11T20:51:41.556+0200] {logging_mixin.py:188} INFO - [2024-01-11T20:51:41.556+0200] {dagbag.py:538} INFO - Filling up the DagBag from /Users/angel.georgiev/VsCodeProjects/PythonExamples/.venv/lib/python3.10/site-packages/airflow/example_dags/example_time_delta_sensor_async.py
[2024-01-11T20:51:41.567+0200] {processor.py:840} INFO - DAG(s) 'example_time_delta_sensor_async' retrieved from /Users/angel.georgiev/VsCodeProjects/PythonExamples/.venv/lib/python3.10/site-packages/airflow/example_dags/example_time_delta_sensor_async.py
[2024-01-11T20:51:41.715+0200] {logging_mixin.py:188} INFO - [2024-01-11T20:51:41.714+0200] {dag.py:3033} INFO - Sync 1 DAGs
[2024-01-11T20:51:41.722+0200] {logging_mixin.py:188} INFO - [2024-01-11T20:51:41.721+0200] {dag.py:3820} INFO - Setting next_dagrun for example_time_delta_sensor_async to None, run_after=None
[2024-01-11T20:51:41.738+0200] {processor.py:183} INFO - Processing /Users/angel.georgiev/VsCodeProjects/PythonExamples/.venv/lib/python3.10/site-packages/airflow/example_dags/example_time_delta_sensor_async.py took 0.188 seconds
[2024-01-11T20:53:41.832+0200] {processor.py:161} INFO - Started process (PID=35877) to work on /Users/angel.georgiev/VsCodeProjects/PythonExamples/.venv/lib/python3.10/site-packages/airflow/example_dags/example_time_delta_sensor_async.py
[2024-01-11T20:53:41.837+0200] {processor.py:830} INFO - Processing file /Users/angel.georgiev/VsCodeProjects/PythonExamples/.venv/lib/python3.10/site-packages/airflow/example_dags/example_time_delta_sensor_async.py for tasks to queue
[2024-01-11T20:53:41.838+0200] {logging_mixin.py:188} INFO - [2024-01-11T20:53:41.838+0200] {dagbag.py:538} INFO - Filling up the DagBag from /Users/angel.georgiev/VsCodeProjects/PythonExamples/.venv/lib/python3.10/site-packages/airflow/example_dags/example_time_delta_sensor_async.py
[2024-01-11T20:53:41.851+0200] {processor.py:840} INFO - DAG(s) 'example_time_delta_sensor_async' retrieved from /Users/angel.georgiev/VsCodeProjects/PythonExamples/.venv/lib/python3.10/site-packages/airflow/example_dags/example_time_delta_sensor_async.py
[2024-01-11T20:53:42.007+0200] {logging_mixin.py:188} INFO - [2024-01-11T20:53:42.007+0200] {dag.py:3033} INFO - Sync 1 DAGs
[2024-01-11T20:53:42.014+0200] {logging_mixin.py:188} INFO - [2024-01-11T20:53:42.014+0200] {dag.py:3820} INFO - Setting next_dagrun for example_time_delta_sensor_async to None, run_after=None
[2024-01-11T20:53:42.031+0200] {processor.py:183} INFO - Processing /Users/angel.georgiev/VsCodeProjects/PythonExamples/.venv/lib/python3.10/site-packages/airflow/example_dags/example_time_delta_sensor_async.py took 0.200 seconds
[2024-01-11T20:55:56.223+0200] {processor.py:161} INFO - Started process (PID=36071) to work on /Users/angel.georgiev/VsCodeProjects/PythonExamples/.venv/lib/python3.10/site-packages/airflow/example_dags/example_time_delta_sensor_async.py
[2024-01-11T20:55:56.227+0200] {processor.py:830} INFO - Processing file /Users/angel.georgiev/VsCodeProjects/PythonExamples/.venv/lib/python3.10/site-packages/airflow/example_dags/example_time_delta_sensor_async.py for tasks to queue
[2024-01-11T20:55:56.228+0200] {logging_mixin.py:188} INFO - [2024-01-11T20:55:56.228+0200] {dagbag.py:538} INFO - Filling up the DagBag from /Users/angel.georgiev/VsCodeProjects/PythonExamples/.venv/lib/python3.10/site-packages/airflow/example_dags/example_time_delta_sensor_async.py
[2024-01-11T20:55:56.240+0200] {processor.py:840} INFO - DAG(s) 'example_time_delta_sensor_async' retrieved from /Users/angel.georgiev/VsCodeProjects/PythonExamples/.venv/lib/python3.10/site-packages/airflow/example_dags/example_time_delta_sensor_async.py
[2024-01-11T20:55:56.404+0200] {logging_mixin.py:188} INFO - [2024-01-11T20:55:56.404+0200] {dag.py:3033} INFO - Sync 1 DAGs
[2024-01-11T20:55:56.412+0200] {logging_mixin.py:188} INFO - [2024-01-11T20:55:56.412+0200] {dag.py:3820} INFO - Setting next_dagrun for example_time_delta_sensor_async to None, run_after=None
[2024-01-11T20:55:56.430+0200] {processor.py:183} INFO - Processing /Users/angel.georgiev/VsCodeProjects/PythonExamples/.venv/lib/python3.10/site-packages/airflow/example_dags/example_time_delta_sensor_async.py took 0.209 seconds
[2024-01-11T20:58:24.683+0200] {processor.py:161} INFO - Started process (PID=36160) to work on /Users/angel.georgiev/VsCodeProjects/PythonExamples/.venv/lib/python3.10/site-packages/airflow/example_dags/example_time_delta_sensor_async.py
[2024-01-11T20:58:24.688+0200] {processor.py:830} INFO - Processing file /Users/angel.georgiev/VsCodeProjects/PythonExamples/.venv/lib/python3.10/site-packages/airflow/example_dags/example_time_delta_sensor_async.py for tasks to queue
[2024-01-11T20:58:24.688+0200] {logging_mixin.py:188} INFO - [2024-01-11T20:58:24.688+0200] {dagbag.py:538} INFO - Filling up the DagBag from /Users/angel.georgiev/VsCodeProjects/PythonExamples/.venv/lib/python3.10/site-packages/airflow/example_dags/example_time_delta_sensor_async.py
[2024-01-11T20:58:24.702+0200] {processor.py:840} INFO - DAG(s) 'example_time_delta_sensor_async' retrieved from /Users/angel.georgiev/VsCodeProjects/PythonExamples/.venv/lib/python3.10/site-packages/airflow/example_dags/example_time_delta_sensor_async.py
[2024-01-11T20:58:24.867+0200] {logging_mixin.py:188} INFO - [2024-01-11T20:58:24.867+0200] {dag.py:3033} INFO - Sync 1 DAGs
[2024-01-11T20:58:24.878+0200] {logging_mixin.py:188} INFO - [2024-01-11T20:58:24.878+0200] {dag.py:3820} INFO - Setting next_dagrun for example_time_delta_sensor_async to None, run_after=None
[2024-01-11T20:58:24.897+0200] {processor.py:183} INFO - Processing /Users/angel.georgiev/VsCodeProjects/PythonExamples/.venv/lib/python3.10/site-packages/airflow/example_dags/example_time_delta_sensor_async.py took 0.216 seconds
