[2024-01-11T20:14:41.313+0200] {processor.py:161} INFO - Started process (PID=33246) to work on /Users/angel.georgiev/VsCodeProjects/PythonExamples/.venv/lib/python3.10/site-packages/airflow/example_dags/example_python_decorator.py
[2024-01-11T20:14:41.317+0200] {processor.py:830} INFO - Processing file /Users/angel.georgiev/VsCodeProjects/PythonExamples/.venv/lib/python3.10/site-packages/airflow/example_dags/example_python_decorator.py for tasks to queue
[2024-01-11T20:14:41.317+0200] {logging_mixin.py:188} INFO - [2024-01-11T20:14:41.317+0200] {dagbag.py:538} INFO - Filling up the DagBag from /Users/angel.georgiev/VsCodeProjects/PythonExamples/.venv/lib/python3.10/site-packages/airflow/example_dags/example_python_decorator.py
[2024-01-11T20:14:41.404+0200] {logging_mixin.py:188} INFO - [2024-01-11T20:14:41.404+0200] {example_python_decorator.py:79} WARNING - The virtalenv_python example task requires virtualenv, please install it.
[2024-01-11T20:14:41.408+0200] {processor.py:840} INFO - DAG(s) 'example_python_decorator' retrieved from /Users/angel.georgiev/VsCodeProjects/PythonExamples/.venv/lib/python3.10/site-packages/airflow/example_dags/example_python_decorator.py
[2024-01-11T20:14:41.596+0200] {logging_mixin.py:188} INFO - [2024-01-11T20:14:41.595+0200] {dag.py:3033} INFO - Sync 1 DAGs
[2024-01-11T20:14:41.603+0200] {logging_mixin.py:188} INFO - [2024-01-11T20:14:41.603+0200] {dag.py:3820} INFO - Setting next_dagrun for example_python_decorator to None, run_after=None
[2024-01-11T20:14:41.620+0200] {processor.py:183} INFO - Processing /Users/angel.georgiev/VsCodeProjects/PythonExamples/.venv/lib/python3.10/site-packages/airflow/example_dags/example_python_decorator.py took 0.307 seconds
[2024-01-11T20:17:43.131+0200] {processor.py:161} INFO - Started process (PID=33530) to work on /Users/angel.georgiev/VsCodeProjects/PythonExamples/.venv/lib/python3.10/site-packages/airflow/example_dags/example_python_decorator.py
[2024-01-11T20:17:43.135+0200] {processor.py:830} INFO - Processing file /Users/angel.georgiev/VsCodeProjects/PythonExamples/.venv/lib/python3.10/site-packages/airflow/example_dags/example_python_decorator.py for tasks to queue
[2024-01-11T20:17:43.136+0200] {logging_mixin.py:188} INFO - [2024-01-11T20:17:43.136+0200] {dagbag.py:538} INFO - Filling up the DagBag from /Users/angel.georgiev/VsCodeProjects/PythonExamples/.venv/lib/python3.10/site-packages/airflow/example_dags/example_python_decorator.py
[2024-01-11T20:17:43.221+0200] {logging_mixin.py:188} INFO - [2024-01-11T20:17:43.221+0200] {example_python_decorator.py:79} WARNING - The virtalenv_python example task requires virtualenv, please install it.
[2024-01-11T20:17:43.225+0200] {processor.py:840} INFO - DAG(s) 'example_python_decorator' retrieved from /Users/angel.georgiev/VsCodeProjects/PythonExamples/.venv/lib/python3.10/site-packages/airflow/example_dags/example_python_decorator.py
[2024-01-11T20:17:43.320+0200] {logging_mixin.py:188} INFO - [2024-01-11T20:17:43.320+0200] {dag.py:3033} INFO - Sync 1 DAGs
[2024-01-11T20:17:43.328+0200] {logging_mixin.py:188} INFO - [2024-01-11T20:17:43.328+0200] {dag.py:3820} INFO - Setting next_dagrun for example_python_decorator to None, run_after=None
[2024-01-11T20:17:43.350+0200] {processor.py:183} INFO - Processing /Users/angel.georgiev/VsCodeProjects/PythonExamples/.venv/lib/python3.10/site-packages/airflow/example_dags/example_python_decorator.py took 0.221 seconds
[2024-01-11T20:20:05.067+0200] {processor.py:161} INFO - Started process (PID=33693) to work on /Users/angel.georgiev/VsCodeProjects/PythonExamples/.venv/lib/python3.10/site-packages/airflow/example_dags/example_python_decorator.py
[2024-01-11T20:20:05.073+0200] {processor.py:830} INFO - Processing file /Users/angel.georgiev/VsCodeProjects/PythonExamples/.venv/lib/python3.10/site-packages/airflow/example_dags/example_python_decorator.py for tasks to queue
[2024-01-11T20:20:05.073+0200] {logging_mixin.py:188} INFO - [2024-01-11T20:20:05.073+0200] {dagbag.py:538} INFO - Filling up the DagBag from /Users/angel.georgiev/VsCodeProjects/PythonExamples/.venv/lib/python3.10/site-packages/airflow/example_dags/example_python_decorator.py
[2024-01-11T20:20:05.179+0200] {logging_mixin.py:188} INFO - [2024-01-11T20:20:05.178+0200] {example_python_decorator.py:79} WARNING - The virtalenv_python example task requires virtualenv, please install it.
[2024-01-11T20:20:05.193+0200] {processor.py:840} INFO - DAG(s) 'example_python_decorator' retrieved from /Users/angel.georgiev/VsCodeProjects/PythonExamples/.venv/lib/python3.10/site-packages/airflow/example_dags/example_python_decorator.py
[2024-01-11T20:20:05.355+0200] {logging_mixin.py:188} INFO - [2024-01-11T20:20:05.355+0200] {dag.py:3033} INFO - Sync 1 DAGs
[2024-01-11T20:20:05.363+0200] {logging_mixin.py:188} INFO - [2024-01-11T20:20:05.363+0200] {dag.py:3820} INFO - Setting next_dagrun for example_python_decorator to None, run_after=None
[2024-01-11T20:20:05.387+0200] {processor.py:183} INFO - Processing /Users/angel.georgiev/VsCodeProjects/PythonExamples/.venv/lib/python3.10/site-packages/airflow/example_dags/example_python_decorator.py took 0.321 seconds
[2024-01-11T20:22:28.951+0200] {processor.py:161} INFO - Started process (PID=33829) to work on /Users/angel.georgiev/VsCodeProjects/PythonExamples/.venv/lib/python3.10/site-packages/airflow/example_dags/example_python_decorator.py
[2024-01-11T20:22:28.956+0200] {processor.py:830} INFO - Processing file /Users/angel.georgiev/VsCodeProjects/PythonExamples/.venv/lib/python3.10/site-packages/airflow/example_dags/example_python_decorator.py for tasks to queue
[2024-01-11T20:22:28.956+0200] {logging_mixin.py:188} INFO - [2024-01-11T20:22:28.956+0200] {dagbag.py:538} INFO - Filling up the DagBag from /Users/angel.georgiev/VsCodeProjects/PythonExamples/.venv/lib/python3.10/site-packages/airflow/example_dags/example_python_decorator.py
[2024-01-11T20:22:29.045+0200] {logging_mixin.py:188} INFO - [2024-01-11T20:22:29.044+0200] {example_python_decorator.py:79} WARNING - The virtalenv_python example task requires virtualenv, please install it.
[2024-01-11T20:22:29.048+0200] {processor.py:840} INFO - DAG(s) 'example_python_decorator' retrieved from /Users/angel.georgiev/VsCodeProjects/PythonExamples/.venv/lib/python3.10/site-packages/airflow/example_dags/example_python_decorator.py
[2024-01-11T20:22:29.180+0200] {logging_mixin.py:188} INFO - [2024-01-11T20:22:29.180+0200] {dag.py:3033} INFO - Sync 1 DAGs
[2024-01-11T20:22:29.187+0200] {logging_mixin.py:188} INFO - [2024-01-11T20:22:29.187+0200] {dag.py:3820} INFO - Setting next_dagrun for example_python_decorator to None, run_after=None
[2024-01-11T20:22:29.209+0200] {processor.py:183} INFO - Processing /Users/angel.georgiev/VsCodeProjects/PythonExamples/.venv/lib/python3.10/site-packages/airflow/example_dags/example_python_decorator.py took 0.260 seconds
[2024-01-11T20:24:58.396+0200] {processor.py:161} INFO - Started process (PID=34054) to work on /Users/angel.georgiev/VsCodeProjects/PythonExamples/.venv/lib/python3.10/site-packages/airflow/example_dags/example_python_decorator.py
[2024-01-11T20:24:58.401+0200] {processor.py:830} INFO - Processing file /Users/angel.georgiev/VsCodeProjects/PythonExamples/.venv/lib/python3.10/site-packages/airflow/example_dags/example_python_decorator.py for tasks to queue
[2024-01-11T20:24:58.401+0200] {logging_mixin.py:188} INFO - [2024-01-11T20:24:58.401+0200] {dagbag.py:538} INFO - Filling up the DagBag from /Users/angel.georgiev/VsCodeProjects/PythonExamples/.venv/lib/python3.10/site-packages/airflow/example_dags/example_python_decorator.py
[2024-01-11T20:24:58.492+0200] {logging_mixin.py:188} INFO - [2024-01-11T20:24:58.492+0200] {example_python_decorator.py:79} WARNING - The virtalenv_python example task requires virtualenv, please install it.
[2024-01-11T20:24:58.497+0200] {processor.py:840} INFO - DAG(s) 'example_python_decorator' retrieved from /Users/angel.georgiev/VsCodeProjects/PythonExamples/.venv/lib/python3.10/site-packages/airflow/example_dags/example_python_decorator.py
[2024-01-11T20:24:58.605+0200] {logging_mixin.py:188} INFO - [2024-01-11T20:24:58.605+0200] {dag.py:3033} INFO - Sync 1 DAGs
[2024-01-11T20:24:58.615+0200] {logging_mixin.py:188} INFO - [2024-01-11T20:24:58.615+0200] {dag.py:3820} INFO - Setting next_dagrun for example_python_decorator to None, run_after=None
[2024-01-11T20:24:58.635+0200] {processor.py:183} INFO - Processing /Users/angel.georgiev/VsCodeProjects/PythonExamples/.venv/lib/python3.10/site-packages/airflow/example_dags/example_python_decorator.py took 0.240 seconds
[2024-01-11T20:27:28.675+0200] {processor.py:161} INFO - Started process (PID=34155) to work on /Users/angel.georgiev/VsCodeProjects/PythonExamples/.venv/lib/python3.10/site-packages/airflow/example_dags/example_python_decorator.py
[2024-01-11T20:27:28.681+0200] {processor.py:830} INFO - Processing file /Users/angel.georgiev/VsCodeProjects/PythonExamples/.venv/lib/python3.10/site-packages/airflow/example_dags/example_python_decorator.py for tasks to queue
[2024-01-11T20:27:28.681+0200] {logging_mixin.py:188} INFO - [2024-01-11T20:27:28.681+0200] {dagbag.py:538} INFO - Filling up the DagBag from /Users/angel.georgiev/VsCodeProjects/PythonExamples/.venv/lib/python3.10/site-packages/airflow/example_dags/example_python_decorator.py
[2024-01-11T20:27:28.780+0200] {logging_mixin.py:188} INFO - [2024-01-11T20:27:28.780+0200] {example_python_decorator.py:79} WARNING - The virtalenv_python example task requires virtualenv, please install it.
[2024-01-11T20:27:28.786+0200] {processor.py:840} INFO - DAG(s) 'example_python_decorator' retrieved from /Users/angel.georgiev/VsCodeProjects/PythonExamples/.venv/lib/python3.10/site-packages/airflow/example_dags/example_python_decorator.py
[2024-01-11T20:27:28.918+0200] {logging_mixin.py:188} INFO - [2024-01-11T20:27:28.917+0200] {dag.py:3033} INFO - Sync 1 DAGs
[2024-01-11T20:27:28.928+0200] {logging_mixin.py:188} INFO - [2024-01-11T20:27:28.928+0200] {dag.py:3820} INFO - Setting next_dagrun for example_python_decorator to None, run_after=None
[2024-01-11T20:27:28.957+0200] {processor.py:183} INFO - Processing /Users/angel.georgiev/VsCodeProjects/PythonExamples/.venv/lib/python3.10/site-packages/airflow/example_dags/example_python_decorator.py took 0.284 seconds
[2024-01-11T20:29:45.794+0200] {processor.py:161} INFO - Started process (PID=34356) to work on /Users/angel.georgiev/VsCodeProjects/PythonExamples/.venv/lib/python3.10/site-packages/airflow/example_dags/example_python_decorator.py
[2024-01-11T20:29:45.799+0200] {processor.py:830} INFO - Processing file /Users/angel.georgiev/VsCodeProjects/PythonExamples/.venv/lib/python3.10/site-packages/airflow/example_dags/example_python_decorator.py for tasks to queue
[2024-01-11T20:29:45.800+0200] {logging_mixin.py:188} INFO - [2024-01-11T20:29:45.800+0200] {dagbag.py:538} INFO - Filling up the DagBag from /Users/angel.georgiev/VsCodeProjects/PythonExamples/.venv/lib/python3.10/site-packages/airflow/example_dags/example_python_decorator.py
[2024-01-11T20:29:45.894+0200] {logging_mixin.py:188} INFO - [2024-01-11T20:29:45.894+0200] {example_python_decorator.py:79} WARNING - The virtalenv_python example task requires virtualenv, please install it.
[2024-01-11T20:29:45.899+0200] {processor.py:840} INFO - DAG(s) 'example_python_decorator' retrieved from /Users/angel.georgiev/VsCodeProjects/PythonExamples/.venv/lib/python3.10/site-packages/airflow/example_dags/example_python_decorator.py
[2024-01-11T20:29:45.998+0200] {logging_mixin.py:188} INFO - [2024-01-11T20:29:45.997+0200] {dag.py:3033} INFO - Sync 1 DAGs
[2024-01-11T20:29:46.006+0200] {logging_mixin.py:188} INFO - [2024-01-11T20:29:46.005+0200] {dag.py:3820} INFO - Setting next_dagrun for example_python_decorator to None, run_after=None
[2024-01-11T20:29:46.025+0200] {processor.py:183} INFO - Processing /Users/angel.georgiev/VsCodeProjects/PythonExamples/.venv/lib/python3.10/site-packages/airflow/example_dags/example_python_decorator.py took 0.232 seconds
[2024-01-11T20:32:25.681+0200] {processor.py:161} INFO - Started process (PID=34473) to work on /Users/angel.georgiev/VsCodeProjects/PythonExamples/.venv/lib/python3.10/site-packages/airflow/example_dags/example_python_decorator.py
[2024-01-11T20:32:25.686+0200] {processor.py:830} INFO - Processing file /Users/angel.georgiev/VsCodeProjects/PythonExamples/.venv/lib/python3.10/site-packages/airflow/example_dags/example_python_decorator.py for tasks to queue
[2024-01-11T20:32:25.686+0200] {logging_mixin.py:188} INFO - [2024-01-11T20:32:25.686+0200] {dagbag.py:538} INFO - Filling up the DagBag from /Users/angel.georgiev/VsCodeProjects/PythonExamples/.venv/lib/python3.10/site-packages/airflow/example_dags/example_python_decorator.py
[2024-01-11T20:32:25.790+0200] {logging_mixin.py:188} INFO - [2024-01-11T20:32:25.790+0200] {example_python_decorator.py:79} WARNING - The virtalenv_python example task requires virtualenv, please install it.
[2024-01-11T20:32:25.794+0200] {processor.py:840} INFO - DAG(s) 'example_python_decorator' retrieved from /Users/angel.georgiev/VsCodeProjects/PythonExamples/.venv/lib/python3.10/site-packages/airflow/example_dags/example_python_decorator.py
[2024-01-11T20:32:25.910+0200] {logging_mixin.py:188} INFO - [2024-01-11T20:32:25.910+0200] {dag.py:3033} INFO - Sync 1 DAGs
[2024-01-11T20:32:25.919+0200] {logging_mixin.py:188} INFO - [2024-01-11T20:32:25.919+0200] {dag.py:3820} INFO - Setting next_dagrun for example_python_decorator to None, run_after=None
[2024-01-11T20:32:25.941+0200] {processor.py:183} INFO - Processing /Users/angel.georgiev/VsCodeProjects/PythonExamples/.venv/lib/python3.10/site-packages/airflow/example_dags/example_python_decorator.py took 0.262 seconds
[2024-01-11T20:35:17.780+0200] {processor.py:161} INFO - Started process (PID=34612) to work on /Users/angel.georgiev/VsCodeProjects/PythonExamples/.venv/lib/python3.10/site-packages/airflow/example_dags/example_python_decorator.py
[2024-01-11T20:35:17.789+0200] {processor.py:830} INFO - Processing file /Users/angel.georgiev/VsCodeProjects/PythonExamples/.venv/lib/python3.10/site-packages/airflow/example_dags/example_python_decorator.py for tasks to queue
[2024-01-11T20:35:17.791+0200] {logging_mixin.py:188} INFO - [2024-01-11T20:35:17.790+0200] {dagbag.py:538} INFO - Filling up the DagBag from /Users/angel.georgiev/VsCodeProjects/PythonExamples/.venv/lib/python3.10/site-packages/airflow/example_dags/example_python_decorator.py
[2024-01-11T20:35:18.071+0200] {logging_mixin.py:188} INFO - [2024-01-11T20:35:18.071+0200] {example_python_decorator.py:79} WARNING - The virtalenv_python example task requires virtualenv, please install it.
[2024-01-11T20:35:18.078+0200] {processor.py:840} INFO - DAG(s) 'example_python_decorator' retrieved from /Users/angel.georgiev/VsCodeProjects/PythonExamples/.venv/lib/python3.10/site-packages/airflow/example_dags/example_python_decorator.py
[2024-01-11T20:35:18.586+0200] {logging_mixin.py:188} INFO - [2024-01-11T20:35:18.585+0200] {dag.py:3033} INFO - Sync 1 DAGs
[2024-01-11T20:35:18.599+0200] {logging_mixin.py:188} INFO - [2024-01-11T20:35:18.598+0200] {dag.py:3820} INFO - Setting next_dagrun for example_python_decorator to None, run_after=None
[2024-01-11T20:35:18.653+0200] {processor.py:183} INFO - Processing /Users/angel.georgiev/VsCodeProjects/PythonExamples/.venv/lib/python3.10/site-packages/airflow/example_dags/example_python_decorator.py took 0.874 seconds
[2024-01-11T20:38:26.057+0200] {processor.py:161} INFO - Started process (PID=34903) to work on /Users/angel.georgiev/VsCodeProjects/PythonExamples/.venv/lib/python3.10/site-packages/airflow/example_dags/example_python_decorator.py
[2024-01-11T20:38:26.062+0200] {processor.py:830} INFO - Processing file /Users/angel.georgiev/VsCodeProjects/PythonExamples/.venv/lib/python3.10/site-packages/airflow/example_dags/example_python_decorator.py for tasks to queue
[2024-01-11T20:38:26.063+0200] {logging_mixin.py:188} INFO - [2024-01-11T20:38:26.063+0200] {dagbag.py:538} INFO - Filling up the DagBag from /Users/angel.georgiev/VsCodeProjects/PythonExamples/.venv/lib/python3.10/site-packages/airflow/example_dags/example_python_decorator.py
[2024-01-11T20:38:26.235+0200] {logging_mixin.py:188} INFO - [2024-01-11T20:38:26.235+0200] {example_python_decorator.py:79} WARNING - The virtalenv_python example task requires virtualenv, please install it.
[2024-01-11T20:38:26.280+0200] {processor.py:840} INFO - DAG(s) 'example_python_decorator' retrieved from /Users/angel.georgiev/VsCodeProjects/PythonExamples/.venv/lib/python3.10/site-packages/airflow/example_dags/example_python_decorator.py
[2024-01-11T20:38:26.464+0200] {logging_mixin.py:188} INFO - [2024-01-11T20:38:26.463+0200] {dag.py:3033} INFO - Sync 1 DAGs
[2024-01-11T20:38:26.477+0200] {logging_mixin.py:188} INFO - [2024-01-11T20:38:26.477+0200] {dag.py:3820} INFO - Setting next_dagrun for example_python_decorator to None, run_after=None
[2024-01-11T20:38:26.505+0200] {processor.py:183} INFO - Processing /Users/angel.georgiev/VsCodeProjects/PythonExamples/.venv/lib/python3.10/site-packages/airflow/example_dags/example_python_decorator.py took 0.450 seconds
[2024-01-11T20:41:50.543+0200] {processor.py:161} INFO - Started process (PID=35207) to work on /Users/angel.georgiev/VsCodeProjects/PythonExamples/.venv/lib/python3.10/site-packages/airflow/example_dags/example_python_decorator.py
[2024-01-11T20:41:50.549+0200] {processor.py:830} INFO - Processing file /Users/angel.georgiev/VsCodeProjects/PythonExamples/.venv/lib/python3.10/site-packages/airflow/example_dags/example_python_decorator.py for tasks to queue
[2024-01-11T20:41:50.549+0200] {logging_mixin.py:188} INFO - [2024-01-11T20:41:50.549+0200] {dagbag.py:538} INFO - Filling up the DagBag from /Users/angel.georgiev/VsCodeProjects/PythonExamples/.venv/lib/python3.10/site-packages/airflow/example_dags/example_python_decorator.py
[2024-01-11T20:41:50.640+0200] {logging_mixin.py:188} INFO - [2024-01-11T20:41:50.640+0200] {example_python_decorator.py:79} WARNING - The virtalenv_python example task requires virtualenv, please install it.
[2024-01-11T20:41:50.644+0200] {processor.py:840} INFO - DAG(s) 'example_python_decorator' retrieved from /Users/angel.georgiev/VsCodeProjects/PythonExamples/.venv/lib/python3.10/site-packages/airflow/example_dags/example_python_decorator.py
[2024-01-11T20:41:50.760+0200] {logging_mixin.py:188} INFO - [2024-01-11T20:41:50.759+0200] {dag.py:3033} INFO - Sync 1 DAGs
[2024-01-11T20:41:50.769+0200] {logging_mixin.py:188} INFO - [2024-01-11T20:41:50.769+0200] {dag.py:3820} INFO - Setting next_dagrun for example_python_decorator to None, run_after=None
[2024-01-11T20:41:50.791+0200] {processor.py:183} INFO - Processing /Users/angel.georgiev/VsCodeProjects/PythonExamples/.venv/lib/python3.10/site-packages/airflow/example_dags/example_python_decorator.py took 0.250 seconds
[2024-01-11T20:44:28.335+0200] {processor.py:161} INFO - Started process (PID=35339) to work on /Users/angel.georgiev/VsCodeProjects/PythonExamples/.venv/lib/python3.10/site-packages/airflow/example_dags/example_python_decorator.py
[2024-01-11T20:44:28.339+0200] {processor.py:830} INFO - Processing file /Users/angel.georgiev/VsCodeProjects/PythonExamples/.venv/lib/python3.10/site-packages/airflow/example_dags/example_python_decorator.py for tasks to queue
[2024-01-11T20:44:28.339+0200] {logging_mixin.py:188} INFO - [2024-01-11T20:44:28.339+0200] {dagbag.py:538} INFO - Filling up the DagBag from /Users/angel.georgiev/VsCodeProjects/PythonExamples/.venv/lib/python3.10/site-packages/airflow/example_dags/example_python_decorator.py
[2024-01-11T20:44:28.430+0200] {logging_mixin.py:188} INFO - [2024-01-11T20:44:28.429+0200] {example_python_decorator.py:79} WARNING - The virtalenv_python example task requires virtualenv, please install it.
[2024-01-11T20:44:28.434+0200] {processor.py:840} INFO - DAG(s) 'example_python_decorator' retrieved from /Users/angel.georgiev/VsCodeProjects/PythonExamples/.venv/lib/python3.10/site-packages/airflow/example_dags/example_python_decorator.py
[2024-01-11T20:44:28.525+0200] {logging_mixin.py:188} INFO - [2024-01-11T20:44:28.525+0200] {dag.py:3033} INFO - Sync 1 DAGs
[2024-01-11T20:44:28.533+0200] {logging_mixin.py:188} INFO - [2024-01-11T20:44:28.533+0200] {dag.py:3820} INFO - Setting next_dagrun for example_python_decorator to None, run_after=None
[2024-01-11T20:44:28.553+0200] {processor.py:183} INFO - Processing /Users/angel.georgiev/VsCodeProjects/PythonExamples/.venv/lib/python3.10/site-packages/airflow/example_dags/example_python_decorator.py took 0.219 seconds
[2024-01-11T20:46:33.361+0200] {processor.py:161} INFO - Started process (PID=35421) to work on /Users/angel.georgiev/VsCodeProjects/PythonExamples/.venv/lib/python3.10/site-packages/airflow/example_dags/example_python_decorator.py
[2024-01-11T20:46:33.365+0200] {processor.py:830} INFO - Processing file /Users/angel.georgiev/VsCodeProjects/PythonExamples/.venv/lib/python3.10/site-packages/airflow/example_dags/example_python_decorator.py for tasks to queue
[2024-01-11T20:46:33.366+0200] {logging_mixin.py:188} INFO - [2024-01-11T20:46:33.366+0200] {dagbag.py:538} INFO - Filling up the DagBag from /Users/angel.georgiev/VsCodeProjects/PythonExamples/.venv/lib/python3.10/site-packages/airflow/example_dags/example_python_decorator.py
[2024-01-11T20:46:33.473+0200] {logging_mixin.py:188} INFO - [2024-01-11T20:46:33.472+0200] {example_python_decorator.py:79} WARNING - The virtalenv_python example task requires virtualenv, please install it.
[2024-01-11T20:46:33.476+0200] {processor.py:840} INFO - DAG(s) 'example_python_decorator' retrieved from /Users/angel.georgiev/VsCodeProjects/PythonExamples/.venv/lib/python3.10/site-packages/airflow/example_dags/example_python_decorator.py
[2024-01-11T20:46:33.588+0200] {logging_mixin.py:188} INFO - [2024-01-11T20:46:33.588+0200] {dag.py:3033} INFO - Sync 1 DAGs
[2024-01-11T20:46:33.596+0200] {logging_mixin.py:188} INFO - [2024-01-11T20:46:33.596+0200] {dag.py:3820} INFO - Setting next_dagrun for example_python_decorator to None, run_after=None
[2024-01-11T20:46:33.622+0200] {processor.py:183} INFO - Processing /Users/angel.georgiev/VsCodeProjects/PythonExamples/.venv/lib/python3.10/site-packages/airflow/example_dags/example_python_decorator.py took 0.263 seconds
[2024-01-11T20:48:31.778+0200] {processor.py:161} INFO - Started process (PID=35509) to work on /Users/angel.georgiev/VsCodeProjects/PythonExamples/.venv/lib/python3.10/site-packages/airflow/example_dags/example_python_decorator.py
[2024-01-11T20:48:31.783+0200] {processor.py:830} INFO - Processing file /Users/angel.georgiev/VsCodeProjects/PythonExamples/.venv/lib/python3.10/site-packages/airflow/example_dags/example_python_decorator.py for tasks to queue
[2024-01-11T20:48:31.783+0200] {logging_mixin.py:188} INFO - [2024-01-11T20:48:31.783+0200] {dagbag.py:538} INFO - Filling up the DagBag from /Users/angel.georgiev/VsCodeProjects/PythonExamples/.venv/lib/python3.10/site-packages/airflow/example_dags/example_python_decorator.py
[2024-01-11T20:48:31.863+0200] {logging_mixin.py:188} INFO - [2024-01-11T20:48:31.863+0200] {example_python_decorator.py:79} WARNING - The virtalenv_python example task requires virtualenv, please install it.
[2024-01-11T20:48:31.867+0200] {processor.py:840} INFO - DAG(s) 'example_python_decorator' retrieved from /Users/angel.georgiev/VsCodeProjects/PythonExamples/.venv/lib/python3.10/site-packages/airflow/example_dags/example_python_decorator.py
[2024-01-11T20:48:31.956+0200] {logging_mixin.py:188} INFO - [2024-01-11T20:48:31.956+0200] {dag.py:3033} INFO - Sync 1 DAGs
[2024-01-11T20:48:31.964+0200] {logging_mixin.py:188} INFO - [2024-01-11T20:48:31.964+0200] {dag.py:3820} INFO - Setting next_dagrun for example_python_decorator to None, run_after=None
[2024-01-11T20:48:31.982+0200] {processor.py:183} INFO - Processing /Users/angel.georgiev/VsCodeProjects/PythonExamples/.venv/lib/python3.10/site-packages/airflow/example_dags/example_python_decorator.py took 0.205 seconds
[2024-01-11T20:50:25.186+0200] {processor.py:161} INFO - Started process (PID=35700) to work on /Users/angel.georgiev/VsCodeProjects/PythonExamples/.venv/lib/python3.10/site-packages/airflow/example_dags/example_python_decorator.py
[2024-01-11T20:50:25.190+0200] {processor.py:830} INFO - Processing file /Users/angel.georgiev/VsCodeProjects/PythonExamples/.venv/lib/python3.10/site-packages/airflow/example_dags/example_python_decorator.py for tasks to queue
[2024-01-11T20:50:25.191+0200] {logging_mixin.py:188} INFO - [2024-01-11T20:50:25.191+0200] {dagbag.py:538} INFO - Filling up the DagBag from /Users/angel.georgiev/VsCodeProjects/PythonExamples/.venv/lib/python3.10/site-packages/airflow/example_dags/example_python_decorator.py
[2024-01-11T20:50:25.274+0200] {logging_mixin.py:188} INFO - [2024-01-11T20:50:25.274+0200] {example_python_decorator.py:79} WARNING - The virtalenv_python example task requires virtualenv, please install it.
[2024-01-11T20:50:25.277+0200] {processor.py:840} INFO - DAG(s) 'example_python_decorator' retrieved from /Users/angel.georgiev/VsCodeProjects/PythonExamples/.venv/lib/python3.10/site-packages/airflow/example_dags/example_python_decorator.py
[2024-01-11T20:50:25.365+0200] {logging_mixin.py:188} INFO - [2024-01-11T20:50:25.365+0200] {dag.py:3033} INFO - Sync 1 DAGs
[2024-01-11T20:50:25.373+0200] {logging_mixin.py:188} INFO - [2024-01-11T20:50:25.372+0200] {dag.py:3820} INFO - Setting next_dagrun for example_python_decorator to None, run_after=None
[2024-01-11T20:50:25.394+0200] {processor.py:183} INFO - Processing /Users/angel.georgiev/VsCodeProjects/PythonExamples/.venv/lib/python3.10/site-packages/airflow/example_dags/example_python_decorator.py took 0.210 seconds
[2024-01-11T20:52:19.382+0200] {processor.py:161} INFO - Started process (PID=35771) to work on /Users/angel.georgiev/VsCodeProjects/PythonExamples/.venv/lib/python3.10/site-packages/airflow/example_dags/example_python_decorator.py
[2024-01-11T20:52:19.387+0200] {processor.py:830} INFO - Processing file /Users/angel.georgiev/VsCodeProjects/PythonExamples/.venv/lib/python3.10/site-packages/airflow/example_dags/example_python_decorator.py for tasks to queue
[2024-01-11T20:52:19.387+0200] {logging_mixin.py:188} INFO - [2024-01-11T20:52:19.387+0200] {dagbag.py:538} INFO - Filling up the DagBag from /Users/angel.georgiev/VsCodeProjects/PythonExamples/.venv/lib/python3.10/site-packages/airflow/example_dags/example_python_decorator.py
[2024-01-11T20:52:19.470+0200] {logging_mixin.py:188} INFO - [2024-01-11T20:52:19.470+0200] {example_python_decorator.py:79} WARNING - The virtalenv_python example task requires virtualenv, please install it.
[2024-01-11T20:52:19.474+0200] {processor.py:840} INFO - DAG(s) 'example_python_decorator' retrieved from /Users/angel.georgiev/VsCodeProjects/PythonExamples/.venv/lib/python3.10/site-packages/airflow/example_dags/example_python_decorator.py
[2024-01-11T20:52:19.563+0200] {logging_mixin.py:188} INFO - [2024-01-11T20:52:19.562+0200] {dag.py:3033} INFO - Sync 1 DAGs
[2024-01-11T20:52:19.570+0200] {logging_mixin.py:188} INFO - [2024-01-11T20:52:19.570+0200] {dag.py:3820} INFO - Setting next_dagrun for example_python_decorator to None, run_after=None
[2024-01-11T20:52:19.587+0200] {processor.py:183} INFO - Processing /Users/angel.georgiev/VsCodeProjects/PythonExamples/.venv/lib/python3.10/site-packages/airflow/example_dags/example_python_decorator.py took 0.206 seconds
[2024-01-11T20:54:26.028+0200] {processor.py:161} INFO - Started process (PID=35914) to work on /Users/angel.georgiev/VsCodeProjects/PythonExamples/.venv/lib/python3.10/site-packages/airflow/example_dags/example_python_decorator.py
[2024-01-11T20:54:26.038+0200] {processor.py:830} INFO - Processing file /Users/angel.georgiev/VsCodeProjects/PythonExamples/.venv/lib/python3.10/site-packages/airflow/example_dags/example_python_decorator.py for tasks to queue
[2024-01-11T20:54:26.039+0200] {logging_mixin.py:188} INFO - [2024-01-11T20:54:26.039+0200] {dagbag.py:538} INFO - Filling up the DagBag from /Users/angel.georgiev/VsCodeProjects/PythonExamples/.venv/lib/python3.10/site-packages/airflow/example_dags/example_python_decorator.py
[2024-01-11T20:54:26.130+0200] {logging_mixin.py:188} INFO - [2024-01-11T20:54:26.130+0200] {example_python_decorator.py:79} WARNING - The virtalenv_python example task requires virtualenv, please install it.
[2024-01-11T20:54:26.135+0200] {processor.py:840} INFO - DAG(s) 'example_python_decorator' retrieved from /Users/angel.georgiev/VsCodeProjects/PythonExamples/.venv/lib/python3.10/site-packages/airflow/example_dags/example_python_decorator.py
[2024-01-11T20:54:26.227+0200] {logging_mixin.py:188} INFO - [2024-01-11T20:54:26.226+0200] {dag.py:3033} INFO - Sync 1 DAGs
[2024-01-11T20:54:26.234+0200] {logging_mixin.py:188} INFO - [2024-01-11T20:54:26.234+0200] {dag.py:3820} INFO - Setting next_dagrun for example_python_decorator to None, run_after=None
[2024-01-11T20:54:26.255+0200] {processor.py:183} INFO - Processing /Users/angel.georgiev/VsCodeProjects/PythonExamples/.venv/lib/python3.10/site-packages/airflow/example_dags/example_python_decorator.py took 0.230 seconds
[2024-01-11T20:56:43.670+0200] {processor.py:161} INFO - Started process (PID=36101) to work on /Users/angel.georgiev/VsCodeProjects/PythonExamples/.venv/lib/python3.10/site-packages/airflow/example_dags/example_python_decorator.py
[2024-01-11T20:56:43.676+0200] {processor.py:830} INFO - Processing file /Users/angel.georgiev/VsCodeProjects/PythonExamples/.venv/lib/python3.10/site-packages/airflow/example_dags/example_python_decorator.py for tasks to queue
[2024-01-11T20:56:43.677+0200] {logging_mixin.py:188} INFO - [2024-01-11T20:56:43.677+0200] {dagbag.py:538} INFO - Filling up the DagBag from /Users/angel.georgiev/VsCodeProjects/PythonExamples/.venv/lib/python3.10/site-packages/airflow/example_dags/example_python_decorator.py
[2024-01-11T20:56:43.785+0200] {logging_mixin.py:188} INFO - [2024-01-11T20:56:43.785+0200] {example_python_decorator.py:79} WARNING - The virtalenv_python example task requires virtualenv, please install it.
[2024-01-11T20:56:43.789+0200] {processor.py:840} INFO - DAG(s) 'example_python_decorator' retrieved from /Users/angel.georgiev/VsCodeProjects/PythonExamples/.venv/lib/python3.10/site-packages/airflow/example_dags/example_python_decorator.py
[2024-01-11T20:56:43.914+0200] {logging_mixin.py:188} INFO - [2024-01-11T20:56:43.913+0200] {dag.py:3033} INFO - Sync 1 DAGs
[2024-01-11T20:56:43.924+0200] {logging_mixin.py:188} INFO - [2024-01-11T20:56:43.924+0200] {dag.py:3820} INFO - Setting next_dagrun for example_python_decorator to None, run_after=None
[2024-01-11T20:56:43.949+0200] {processor.py:183} INFO - Processing /Users/angel.georgiev/VsCodeProjects/PythonExamples/.venv/lib/python3.10/site-packages/airflow/example_dags/example_python_decorator.py took 0.279 seconds
[2024-01-11T20:59:03.720+0200] {processor.py:161} INFO - Started process (PID=36190) to work on /Users/angel.georgiev/VsCodeProjects/PythonExamples/.venv/lib/python3.10/site-packages/airflow/example_dags/example_python_decorator.py
[2024-01-11T20:59:03.725+0200] {processor.py:830} INFO - Processing file /Users/angel.georgiev/VsCodeProjects/PythonExamples/.venv/lib/python3.10/site-packages/airflow/example_dags/example_python_decorator.py for tasks to queue
[2024-01-11T20:59:03.725+0200] {logging_mixin.py:188} INFO - [2024-01-11T20:59:03.725+0200] {dagbag.py:538} INFO - Filling up the DagBag from /Users/angel.georgiev/VsCodeProjects/PythonExamples/.venv/lib/python3.10/site-packages/airflow/example_dags/example_python_decorator.py
[2024-01-11T20:59:03.813+0200] {logging_mixin.py:188} INFO - [2024-01-11T20:59:03.812+0200] {example_python_decorator.py:79} WARNING - The virtalenv_python example task requires virtualenv, please install it.
[2024-01-11T20:59:03.817+0200] {processor.py:840} INFO - DAG(s) 'example_python_decorator' retrieved from /Users/angel.georgiev/VsCodeProjects/PythonExamples/.venv/lib/python3.10/site-packages/airflow/example_dags/example_python_decorator.py
[2024-01-11T20:59:03.912+0200] {logging_mixin.py:188} INFO - [2024-01-11T20:59:03.911+0200] {dag.py:3033} INFO - Sync 1 DAGs
[2024-01-11T20:59:03.919+0200] {logging_mixin.py:188} INFO - [2024-01-11T20:59:03.919+0200] {dag.py:3820} INFO - Setting next_dagrun for example_python_decorator to None, run_after=None
[2024-01-11T20:59:03.939+0200] {processor.py:183} INFO - Processing /Users/angel.georgiev/VsCodeProjects/PythonExamples/.venv/lib/python3.10/site-packages/airflow/example_dags/example_python_decorator.py took 0.220 seconds
