[2024-01-11T20:15:08.896+0200] {processor.py:161} INFO - Started process (PID=33268) to work on /Users/angel.georgiev/VsCodeProjects/PythonExamples/.venv/lib/python3.10/site-packages/airflow/example_dags/example_kubernetes_executor.py
[2024-01-11T20:15:08.901+0200] {processor.py:830} INFO - Processing file /Users/angel.georgiev/VsCodeProjects/PythonExamples/.venv/lib/python3.10/site-packages/airflow/example_dags/example_kubernetes_executor.py for tasks to queue
[2024-01-11T20:15:08.902+0200] {logging_mixin.py:188} INFO - [2024-01-11T20:15:08.902+0200] {dagbag.py:538} INFO - Filling up the DagBag from /Users/angel.georgiev/VsCodeProjects/PythonExamples/.venv/lib/python3.10/site-packages/airflow/example_dags/example_kubernetes_executor.py
[2024-01-11T20:15:09.007+0200] {logging_mixin.py:188} INFO - [2024-01-11T20:15:09.007+0200] {example_kubernetes_executor.py:38} WARNING - The example_kubernetes_executor example DAG requires the kubernetes provider. Please install it with: pip install apache-airflow[cncf.kubernetes]
[2024-01-11T20:15:09.008+0200] {processor.py:842} WARNING - No viable dags retrieved from /Users/angel.georgiev/VsCodeProjects/PythonExamples/.venv/lib/python3.10/site-packages/airflow/example_dags/example_kubernetes_executor.py
[2024-01-11T20:15:09.111+0200] {processor.py:183} INFO - Processing /Users/angel.georgiev/VsCodeProjects/PythonExamples/.venv/lib/python3.10/site-packages/airflow/example_dags/example_kubernetes_executor.py took 0.217 seconds
[2024-01-11T20:18:08.126+0200] {processor.py:161} INFO - Started process (PID=33546) to work on /Users/angel.georgiev/VsCodeProjects/PythonExamples/.venv/lib/python3.10/site-packages/airflow/example_dags/example_kubernetes_executor.py
[2024-01-11T20:18:08.131+0200] {processor.py:830} INFO - Processing file /Users/angel.georgiev/VsCodeProjects/PythonExamples/.venv/lib/python3.10/site-packages/airflow/example_dags/example_kubernetes_executor.py for tasks to queue
[2024-01-11T20:18:08.132+0200] {logging_mixin.py:188} INFO - [2024-01-11T20:18:08.132+0200] {dagbag.py:538} INFO - Filling up the DagBag from /Users/angel.georgiev/VsCodeProjects/PythonExamples/.venv/lib/python3.10/site-packages/airflow/example_dags/example_kubernetes_executor.py
[2024-01-11T20:18:08.247+0200] {logging_mixin.py:188} INFO - [2024-01-11T20:18:08.247+0200] {example_kubernetes_executor.py:38} WARNING - The example_kubernetes_executor example DAG requires the kubernetes provider. Please install it with: pip install apache-airflow[cncf.kubernetes]
[2024-01-11T20:18:08.247+0200] {processor.py:842} WARNING - No viable dags retrieved from /Users/angel.georgiev/VsCodeProjects/PythonExamples/.venv/lib/python3.10/site-packages/airflow/example_dags/example_kubernetes_executor.py
[2024-01-11T20:18:08.331+0200] {processor.py:183} INFO - Processing /Users/angel.georgiev/VsCodeProjects/PythonExamples/.venv/lib/python3.10/site-packages/airflow/example_dags/example_kubernetes_executor.py took 0.206 seconds
[2024-01-11T20:22:53.411+0200] {processor.py:161} INFO - Started process (PID=33837) to work on /Users/angel.georgiev/VsCodeProjects/PythonExamples/.venv/lib/python3.10/site-packages/airflow/example_dags/example_kubernetes_executor.py
[2024-01-11T20:22:53.415+0200] {processor.py:830} INFO - Processing file /Users/angel.georgiev/VsCodeProjects/PythonExamples/.venv/lib/python3.10/site-packages/airflow/example_dags/example_kubernetes_executor.py for tasks to queue
[2024-01-11T20:22:53.416+0200] {logging_mixin.py:188} INFO - [2024-01-11T20:22:53.416+0200] {dagbag.py:538} INFO - Filling up the DagBag from /Users/angel.georgiev/VsCodeProjects/PythonExamples/.venv/lib/python3.10/site-packages/airflow/example_dags/example_kubernetes_executor.py
[2024-01-11T20:22:53.503+0200] {logging_mixin.py:188} INFO - [2024-01-11T20:22:53.503+0200] {example_kubernetes_executor.py:38} WARNING - The example_kubernetes_executor example DAG requires the kubernetes provider. Please install it with: pip install apache-airflow[cncf.kubernetes]
[2024-01-11T20:22:53.504+0200] {processor.py:842} WARNING - No viable dags retrieved from /Users/angel.georgiev/VsCodeProjects/PythonExamples/.venv/lib/python3.10/site-packages/airflow/example_dags/example_kubernetes_executor.py
[2024-01-11T20:22:53.579+0200] {processor.py:183} INFO - Processing /Users/angel.georgiev/VsCodeProjects/PythonExamples/.venv/lib/python3.10/site-packages/airflow/example_dags/example_kubernetes_executor.py took 0.170 seconds
[2024-01-11T20:27:52.307+0200] {processor.py:161} INFO - Started process (PID=34178) to work on /Users/angel.georgiev/VsCodeProjects/PythonExamples/.venv/lib/python3.10/site-packages/airflow/example_dags/example_kubernetes_executor.py
[2024-01-11T20:27:52.312+0200] {processor.py:830} INFO - Processing file /Users/angel.georgiev/VsCodeProjects/PythonExamples/.venv/lib/python3.10/site-packages/airflow/example_dags/example_kubernetes_executor.py for tasks to queue
[2024-01-11T20:27:52.313+0200] {logging_mixin.py:188} INFO - [2024-01-11T20:27:52.313+0200] {dagbag.py:538} INFO - Filling up the DagBag from /Users/angel.georgiev/VsCodeProjects/PythonExamples/.venv/lib/python3.10/site-packages/airflow/example_dags/example_kubernetes_executor.py
[2024-01-11T20:27:52.417+0200] {logging_mixin.py:188} INFO - [2024-01-11T20:27:52.417+0200] {example_kubernetes_executor.py:38} WARNING - The example_kubernetes_executor example DAG requires the kubernetes provider. Please install it with: pip install apache-airflow[cncf.kubernetes]
[2024-01-11T20:27:52.417+0200] {processor.py:842} WARNING - No viable dags retrieved from /Users/angel.georgiev/VsCodeProjects/PythonExamples/.venv/lib/python3.10/site-packages/airflow/example_dags/example_kubernetes_executor.py
[2024-01-11T20:27:52.509+0200] {processor.py:183} INFO - Processing /Users/angel.georgiev/VsCodeProjects/PythonExamples/.venv/lib/python3.10/site-packages/airflow/example_dags/example_kubernetes_executor.py took 0.204 seconds
[2024-01-11T20:33:04.053+0200] {processor.py:161} INFO - Started process (PID=34508) to work on /Users/angel.georgiev/VsCodeProjects/PythonExamples/.venv/lib/python3.10/site-packages/airflow/example_dags/example_kubernetes_executor.py
[2024-01-11T20:33:04.062+0200] {processor.py:830} INFO - Processing file /Users/angel.georgiev/VsCodeProjects/PythonExamples/.venv/lib/python3.10/site-packages/airflow/example_dags/example_kubernetes_executor.py for tasks to queue
[2024-01-11T20:33:04.062+0200] {logging_mixin.py:188} INFO - [2024-01-11T20:33:04.062+0200] {dagbag.py:538} INFO - Filling up the DagBag from /Users/angel.georgiev/VsCodeProjects/PythonExamples/.venv/lib/python3.10/site-packages/airflow/example_dags/example_kubernetes_executor.py
[2024-01-11T20:33:04.210+0200] {logging_mixin.py:188} INFO - [2024-01-11T20:33:04.210+0200] {example_kubernetes_executor.py:38} WARNING - The example_kubernetes_executor example DAG requires the kubernetes provider. Please install it with: pip install apache-airflow[cncf.kubernetes]
[2024-01-11T20:33:04.210+0200] {processor.py:842} WARNING - No viable dags retrieved from /Users/angel.georgiev/VsCodeProjects/PythonExamples/.venv/lib/python3.10/site-packages/airflow/example_dags/example_kubernetes_executor.py
[2024-01-11T20:33:04.347+0200] {processor.py:183} INFO - Processing /Users/angel.georgiev/VsCodeProjects/PythonExamples/.venv/lib/python3.10/site-packages/airflow/example_dags/example_kubernetes_executor.py took 0.295 seconds
[2024-01-11T20:39:09.772+0200] {processor.py:161} INFO - Started process (PID=34949) to work on /Users/angel.georgiev/VsCodeProjects/PythonExamples/.venv/lib/python3.10/site-packages/airflow/example_dags/example_kubernetes_executor.py
[2024-01-11T20:39:09.789+0200] {processor.py:830} INFO - Processing file /Users/angel.georgiev/VsCodeProjects/PythonExamples/.venv/lib/python3.10/site-packages/airflow/example_dags/example_kubernetes_executor.py for tasks to queue
[2024-01-11T20:39:09.790+0200] {logging_mixin.py:188} INFO - [2024-01-11T20:39:09.790+0200] {dagbag.py:538} INFO - Filling up the DagBag from /Users/angel.georgiev/VsCodeProjects/PythonExamples/.venv/lib/python3.10/site-packages/airflow/example_dags/example_kubernetes_executor.py
[2024-01-11T20:39:09.907+0200] {logging_mixin.py:188} INFO - [2024-01-11T20:39:09.907+0200] {example_kubernetes_executor.py:38} WARNING - The example_kubernetes_executor example DAG requires the kubernetes provider. Please install it with: pip install apache-airflow[cncf.kubernetes]
[2024-01-11T20:39:09.908+0200] {processor.py:842} WARNING - No viable dags retrieved from /Users/angel.georgiev/VsCodeProjects/PythonExamples/.venv/lib/python3.10/site-packages/airflow/example_dags/example_kubernetes_executor.py
[2024-01-11T20:39:10.035+0200] {processor.py:183} INFO - Processing /Users/angel.georgiev/VsCodeProjects/PythonExamples/.venv/lib/python3.10/site-packages/airflow/example_dags/example_kubernetes_executor.py took 0.265 seconds
[2024-01-11T20:44:49.981+0200] {processor.py:161} INFO - Started process (PID=35347) to work on /Users/angel.georgiev/VsCodeProjects/PythonExamples/.venv/lib/python3.10/site-packages/airflow/example_dags/example_kubernetes_executor.py
[2024-01-11T20:44:49.986+0200] {processor.py:830} INFO - Processing file /Users/angel.georgiev/VsCodeProjects/PythonExamples/.venv/lib/python3.10/site-packages/airflow/example_dags/example_kubernetes_executor.py for tasks to queue
[2024-01-11T20:44:49.987+0200] {logging_mixin.py:188} INFO - [2024-01-11T20:44:49.986+0200] {dagbag.py:538} INFO - Filling up the DagBag from /Users/angel.georgiev/VsCodeProjects/PythonExamples/.venv/lib/python3.10/site-packages/airflow/example_dags/example_kubernetes_executor.py
[2024-01-11T20:44:50.070+0200] {logging_mixin.py:188} INFO - [2024-01-11T20:44:50.070+0200] {example_kubernetes_executor.py:38} WARNING - The example_kubernetes_executor example DAG requires the kubernetes provider. Please install it with: pip install apache-airflow[cncf.kubernetes]
[2024-01-11T20:44:50.071+0200] {processor.py:842} WARNING - No viable dags retrieved from /Users/angel.georgiev/VsCodeProjects/PythonExamples/.venv/lib/python3.10/site-packages/airflow/example_dags/example_kubernetes_executor.py
[2024-01-11T20:44:50.151+0200] {processor.py:183} INFO - Processing /Users/angel.georgiev/VsCodeProjects/PythonExamples/.venv/lib/python3.10/site-packages/airflow/example_dags/example_kubernetes_executor.py took 0.172 seconds
[2024-01-11T20:48:45.903+0200] {processor.py:161} INFO - Started process (PID=35514) to work on /Users/angel.georgiev/VsCodeProjects/PythonExamples/.venv/lib/python3.10/site-packages/airflow/example_dags/example_kubernetes_executor.py
[2024-01-11T20:48:45.907+0200] {processor.py:830} INFO - Processing file /Users/angel.georgiev/VsCodeProjects/PythonExamples/.venv/lib/python3.10/site-packages/airflow/example_dags/example_kubernetes_executor.py for tasks to queue
[2024-01-11T20:48:45.908+0200] {logging_mixin.py:188} INFO - [2024-01-11T20:48:45.908+0200] {dagbag.py:538} INFO - Filling up the DagBag from /Users/angel.georgiev/VsCodeProjects/PythonExamples/.venv/lib/python3.10/site-packages/airflow/example_dags/example_kubernetes_executor.py
[2024-01-11T20:48:45.990+0200] {logging_mixin.py:188} INFO - [2024-01-11T20:48:45.990+0200] {example_kubernetes_executor.py:38} WARNING - The example_kubernetes_executor example DAG requires the kubernetes provider. Please install it with: pip install apache-airflow[cncf.kubernetes]
[2024-01-11T20:48:45.991+0200] {processor.py:842} WARNING - No viable dags retrieved from /Users/angel.georgiev/VsCodeProjects/PythonExamples/.venv/lib/python3.10/site-packages/airflow/example_dags/example_kubernetes_executor.py
[2024-01-11T20:48:46.068+0200] {processor.py:183} INFO - Processing /Users/angel.georgiev/VsCodeProjects/PythonExamples/.venv/lib/python3.10/site-packages/airflow/example_dags/example_kubernetes_executor.py took 0.167 seconds
[2024-01-11T20:52:34.461+0200] {processor.py:161} INFO - Started process (PID=35795) to work on /Users/angel.georgiev/VsCodeProjects/PythonExamples/.venv/lib/python3.10/site-packages/airflow/example_dags/example_kubernetes_executor.py
[2024-01-11T20:52:34.466+0200] {processor.py:830} INFO - Processing file /Users/angel.georgiev/VsCodeProjects/PythonExamples/.venv/lib/python3.10/site-packages/airflow/example_dags/example_kubernetes_executor.py for tasks to queue
[2024-01-11T20:52:34.467+0200] {logging_mixin.py:188} INFO - [2024-01-11T20:52:34.467+0200] {dagbag.py:538} INFO - Filling up the DagBag from /Users/angel.georgiev/VsCodeProjects/PythonExamples/.venv/lib/python3.10/site-packages/airflow/example_dags/example_kubernetes_executor.py
[2024-01-11T20:52:34.551+0200] {logging_mixin.py:188} INFO - [2024-01-11T20:52:34.550+0200] {example_kubernetes_executor.py:38} WARNING - The example_kubernetes_executor example DAG requires the kubernetes provider. Please install it with: pip install apache-airflow[cncf.kubernetes]
[2024-01-11T20:52:34.551+0200] {processor.py:842} WARNING - No viable dags retrieved from /Users/angel.georgiev/VsCodeProjects/PythonExamples/.venv/lib/python3.10/site-packages/airflow/example_dags/example_kubernetes_executor.py
[2024-01-11T20:52:34.624+0200] {processor.py:183} INFO - Processing /Users/angel.georgiev/VsCodeProjects/PythonExamples/.venv/lib/python3.10/site-packages/airflow/example_dags/example_kubernetes_executor.py took 0.164 seconds
[2024-01-11T20:57:07.528+0200] {processor.py:161} INFO - Started process (PID=36111) to work on /Users/angel.georgiev/VsCodeProjects/PythonExamples/.venv/lib/python3.10/site-packages/airflow/example_dags/example_kubernetes_executor.py
[2024-01-11T20:57:07.535+0200] {processor.py:830} INFO - Processing file /Users/angel.georgiev/VsCodeProjects/PythonExamples/.venv/lib/python3.10/site-packages/airflow/example_dags/example_kubernetes_executor.py for tasks to queue
[2024-01-11T20:57:07.535+0200] {logging_mixin.py:188} INFO - [2024-01-11T20:57:07.535+0200] {dagbag.py:538} INFO - Filling up the DagBag from /Users/angel.georgiev/VsCodeProjects/PythonExamples/.venv/lib/python3.10/site-packages/airflow/example_dags/example_kubernetes_executor.py
[2024-01-11T20:57:07.672+0200] {logging_mixin.py:188} INFO - [2024-01-11T20:57:07.672+0200] {example_kubernetes_executor.py:38} WARNING - The example_kubernetes_executor example DAG requires the kubernetes provider. Please install it with: pip install apache-airflow[cncf.kubernetes]
[2024-01-11T20:57:07.672+0200] {processor.py:842} WARNING - No viable dags retrieved from /Users/angel.georgiev/VsCodeProjects/PythonExamples/.venv/lib/python3.10/site-packages/airflow/example_dags/example_kubernetes_executor.py
[2024-01-11T20:57:07.811+0200] {processor.py:183} INFO - Processing /Users/angel.georgiev/VsCodeProjects/PythonExamples/.venv/lib/python3.10/site-packages/airflow/example_dags/example_kubernetes_executor.py took 0.284 seconds
