[2024-01-11T20:15:45.141+0200] {processor.py:161} INFO - Started process (PID=33326) to work on /Users/angel.georgiev/VsCodeProjects/PythonExamples/.venv/lib/python3.10/site-packages/airflow/example_dags/example_branch_python_dop_operator_3.py
[2024-01-11T20:15:45.146+0200] {processor.py:830} INFO - Processing file /Users/angel.georgiev/VsCodeProjects/PythonExamples/.venv/lib/python3.10/site-packages/airflow/example_dags/example_branch_python_dop_operator_3.py for tasks to queue
[2024-01-11T20:15:45.146+0200] {logging_mixin.py:188} INFO - [2024-01-11T20:15:45.146+0200] {dagbag.py:538} INFO - Filling up the DagBag from /Users/angel.georgiev/VsCodeProjects/PythonExamples/.venv/lib/python3.10/site-packages/airflow/example_dags/example_branch_python_dop_operator_3.py
[2024-01-11T20:15:45.235+0200] {processor.py:840} INFO - DAG(s) 'example_branch_dop_operator_v3' retrieved from /Users/angel.georgiev/VsCodeProjects/PythonExamples/.venv/lib/python3.10/site-packages/airflow/example_dags/example_branch_python_dop_operator_3.py
[2024-01-11T20:15:45.419+0200] {logging_mixin.py:188} INFO - [2024-01-11T20:15:45.418+0200] {dag.py:3033} INFO - Sync 1 DAGs
[2024-01-11T20:15:45.435+0200] {logging_mixin.py:188} INFO - [2024-01-11T20:15:45.435+0200] {dag.py:3820} INFO - Setting next_dagrun for example_branch_dop_operator_v3 to 2024-01-11T18:14:00+00:00, run_after=2024-01-11T18:15:00+00:00
[2024-01-11T20:15:45.453+0200] {processor.py:183} INFO - Processing /Users/angel.georgiev/VsCodeProjects/PythonExamples/.venv/lib/python3.10/site-packages/airflow/example_dags/example_branch_python_dop_operator_3.py took 0.313 seconds
[2024-01-11T20:20:39.508+0200] {processor.py:161} INFO - Started process (PID=33729) to work on /Users/angel.georgiev/VsCodeProjects/PythonExamples/.venv/lib/python3.10/site-packages/airflow/example_dags/example_branch_python_dop_operator_3.py
[2024-01-11T20:20:39.513+0200] {processor.py:830} INFO - Processing file /Users/angel.georgiev/VsCodeProjects/PythonExamples/.venv/lib/python3.10/site-packages/airflow/example_dags/example_branch_python_dop_operator_3.py for tasks to queue
[2024-01-11T20:20:39.514+0200] {logging_mixin.py:188} INFO - [2024-01-11T20:20:39.513+0200] {dagbag.py:538} INFO - Filling up the DagBag from /Users/angel.georgiev/VsCodeProjects/PythonExamples/.venv/lib/python3.10/site-packages/airflow/example_dags/example_branch_python_dop_operator_3.py
[2024-01-11T20:20:39.627+0200] {processor.py:840} INFO - DAG(s) 'example_branch_dop_operator_v3' retrieved from /Users/angel.georgiev/VsCodeProjects/PythonExamples/.venv/lib/python3.10/site-packages/airflow/example_dags/example_branch_python_dop_operator_3.py
[2024-01-11T20:20:39.726+0200] {logging_mixin.py:188} INFO - [2024-01-11T20:20:39.726+0200] {dag.py:3033} INFO - Sync 1 DAGs
[2024-01-11T20:20:39.744+0200] {logging_mixin.py:188} INFO - [2024-01-11T20:20:39.744+0200] {dag.py:3820} INFO - Setting next_dagrun for example_branch_dop_operator_v3 to 2024-01-11T18:19:00+00:00, run_after=2024-01-11T18:20:00+00:00
[2024-01-11T20:20:39.763+0200] {processor.py:183} INFO - Processing /Users/angel.georgiev/VsCodeProjects/PythonExamples/.venv/lib/python3.10/site-packages/airflow/example_dags/example_branch_python_dop_operator_3.py took 0.257 seconds
[2024-01-11T20:25:15.996+0200] {processor.py:161} INFO - Started process (PID=34062) to work on /Users/angel.georgiev/VsCodeProjects/PythonExamples/.venv/lib/python3.10/site-packages/airflow/example_dags/example_branch_python_dop_operator_3.py
[2024-01-11T20:25:16.001+0200] {processor.py:830} INFO - Processing file /Users/angel.georgiev/VsCodeProjects/PythonExamples/.venv/lib/python3.10/site-packages/airflow/example_dags/example_branch_python_dop_operator_3.py for tasks to queue
[2024-01-11T20:25:16.001+0200] {logging_mixin.py:188} INFO - [2024-01-11T20:25:16.001+0200] {dagbag.py:538} INFO - Filling up the DagBag from /Users/angel.georgiev/VsCodeProjects/PythonExamples/.venv/lib/python3.10/site-packages/airflow/example_dags/example_branch_python_dop_operator_3.py
[2024-01-11T20:25:16.089+0200] {processor.py:840} INFO - DAG(s) 'example_branch_dop_operator_v3' retrieved from /Users/angel.georgiev/VsCodeProjects/PythonExamples/.venv/lib/python3.10/site-packages/airflow/example_dags/example_branch_python_dop_operator_3.py
[2024-01-11T20:25:16.180+0200] {logging_mixin.py:188} INFO - [2024-01-11T20:25:16.180+0200] {dag.py:3033} INFO - Sync 1 DAGs
[2024-01-11T20:25:16.197+0200] {logging_mixin.py:188} INFO - [2024-01-11T20:25:16.196+0200] {dag.py:3820} INFO - Setting next_dagrun for example_branch_dop_operator_v3 to 2024-01-11T18:24:00+00:00, run_after=2024-01-11T18:25:00+00:00
[2024-01-11T20:25:16.216+0200] {processor.py:183} INFO - Processing /Users/angel.georgiev/VsCodeProjects/PythonExamples/.venv/lib/python3.10/site-packages/airflow/example_dags/example_branch_python_dop_operator_3.py took 0.220 seconds
[2024-01-11T20:30:07.337+0200] {processor.py:161} INFO - Started process (PID=34368) to work on /Users/angel.georgiev/VsCodeProjects/PythonExamples/.venv/lib/python3.10/site-packages/airflow/example_dags/example_branch_python_dop_operator_3.py
[2024-01-11T20:30:07.342+0200] {processor.py:830} INFO - Processing file /Users/angel.georgiev/VsCodeProjects/PythonExamples/.venv/lib/python3.10/site-packages/airflow/example_dags/example_branch_python_dop_operator_3.py for tasks to queue
[2024-01-11T20:30:07.342+0200] {logging_mixin.py:188} INFO - [2024-01-11T20:30:07.342+0200] {dagbag.py:538} INFO - Filling up the DagBag from /Users/angel.georgiev/VsCodeProjects/PythonExamples/.venv/lib/python3.10/site-packages/airflow/example_dags/example_branch_python_dop_operator_3.py
[2024-01-11T20:30:07.433+0200] {processor.py:840} INFO - DAG(s) 'example_branch_dop_operator_v3' retrieved from /Users/angel.georgiev/VsCodeProjects/PythonExamples/.venv/lib/python3.10/site-packages/airflow/example_dags/example_branch_python_dop_operator_3.py
[2024-01-11T20:30:07.575+0200] {logging_mixin.py:188} INFO - [2024-01-11T20:30:07.575+0200] {dag.py:3033} INFO - Sync 1 DAGs
[2024-01-11T20:30:07.610+0200] {logging_mixin.py:188} INFO - [2024-01-11T20:30:07.610+0200] {dag.py:3820} INFO - Setting next_dagrun for example_branch_dop_operator_v3 to 2024-01-11T18:29:00+00:00, run_after=2024-01-11T18:30:00+00:00
[2024-01-11T20:30:07.636+0200] {processor.py:183} INFO - Processing /Users/angel.georgiev/VsCodeProjects/PythonExamples/.venv/lib/python3.10/site-packages/airflow/example_dags/example_branch_python_dop_operator_3.py took 0.301 seconds
[2024-01-11T20:35:49.361+0200] {processor.py:161} INFO - Started process (PID=34637) to work on /Users/angel.georgiev/VsCodeProjects/PythonExamples/.venv/lib/python3.10/site-packages/airflow/example_dags/example_branch_python_dop_operator_3.py
[2024-01-11T20:35:49.366+0200] {processor.py:830} INFO - Processing file /Users/angel.georgiev/VsCodeProjects/PythonExamples/.venv/lib/python3.10/site-packages/airflow/example_dags/example_branch_python_dop_operator_3.py for tasks to queue
[2024-01-11T20:35:49.367+0200] {logging_mixin.py:188} INFO - [2024-01-11T20:35:49.367+0200] {dagbag.py:538} INFO - Filling up the DagBag from /Users/angel.georgiev/VsCodeProjects/PythonExamples/.venv/lib/python3.10/site-packages/airflow/example_dags/example_branch_python_dop_operator_3.py
[2024-01-11T20:35:49.465+0200] {processor.py:840} INFO - DAG(s) 'example_branch_dop_operator_v3' retrieved from /Users/angel.georgiev/VsCodeProjects/PythonExamples/.venv/lib/python3.10/site-packages/airflow/example_dags/example_branch_python_dop_operator_3.py
[2024-01-11T20:35:49.570+0200] {logging_mixin.py:188} INFO - [2024-01-11T20:35:49.570+0200] {dag.py:3033} INFO - Sync 1 DAGs
[2024-01-11T20:35:49.592+0200] {logging_mixin.py:188} INFO - [2024-01-11T20:35:49.592+0200] {dag.py:3820} INFO - Setting next_dagrun for example_branch_dop_operator_v3 to 2024-01-11T18:34:00+00:00, run_after=2024-01-11T18:35:00+00:00
[2024-01-11T20:35:49.646+0200] {processor.py:183} INFO - Processing /Users/angel.georgiev/VsCodeProjects/PythonExamples/.venv/lib/python3.10/site-packages/airflow/example_dags/example_branch_python_dop_operator_3.py took 0.287 seconds
[2024-01-11T20:42:13.913+0200] {processor.py:161} INFO - Started process (PID=35238) to work on /Users/angel.georgiev/VsCodeProjects/PythonExamples/.venv/lib/python3.10/site-packages/airflow/example_dags/example_branch_python_dop_operator_3.py
[2024-01-11T20:42:13.918+0200] {processor.py:830} INFO - Processing file /Users/angel.georgiev/VsCodeProjects/PythonExamples/.venv/lib/python3.10/site-packages/airflow/example_dags/example_branch_python_dop_operator_3.py for tasks to queue
[2024-01-11T20:42:13.919+0200] {logging_mixin.py:188} INFO - [2024-01-11T20:42:13.918+0200] {dagbag.py:538} INFO - Filling up the DagBag from /Users/angel.georgiev/VsCodeProjects/PythonExamples/.venv/lib/python3.10/site-packages/airflow/example_dags/example_branch_python_dop_operator_3.py
[2024-01-11T20:42:14.010+0200] {processor.py:840} INFO - DAG(s) 'example_branch_dop_operator_v3' retrieved from /Users/angel.georgiev/VsCodeProjects/PythonExamples/.venv/lib/python3.10/site-packages/airflow/example_dags/example_branch_python_dop_operator_3.py
[2024-01-11T20:42:14.105+0200] {logging_mixin.py:188} INFO - [2024-01-11T20:42:14.105+0200] {dag.py:3033} INFO - Sync 1 DAGs
[2024-01-11T20:42:14.123+0200] {logging_mixin.py:188} INFO - [2024-01-11T20:42:14.123+0200] {dag.py:3820} INFO - Setting next_dagrun for example_branch_dop_operator_v3 to 2024-01-11T18:41:00+00:00, run_after=2024-01-11T18:42:00+00:00
[2024-01-11T20:42:14.141+0200] {processor.py:183} INFO - Processing /Users/angel.georgiev/VsCodeProjects/PythonExamples/.venv/lib/python3.10/site-packages/airflow/example_dags/example_branch_python_dop_operator_3.py took 0.229 seconds
[2024-01-11T20:46:48.472+0200] {processor.py:161} INFO - Started process (PID=35426) to work on /Users/angel.georgiev/VsCodeProjects/PythonExamples/.venv/lib/python3.10/site-packages/airflow/example_dags/example_branch_python_dop_operator_3.py
[2024-01-11T20:46:48.478+0200] {processor.py:830} INFO - Processing file /Users/angel.georgiev/VsCodeProjects/PythonExamples/.venv/lib/python3.10/site-packages/airflow/example_dags/example_branch_python_dop_operator_3.py for tasks to queue
[2024-01-11T20:46:48.478+0200] {logging_mixin.py:188} INFO - [2024-01-11T20:46:48.478+0200] {dagbag.py:538} INFO - Filling up the DagBag from /Users/angel.georgiev/VsCodeProjects/PythonExamples/.venv/lib/python3.10/site-packages/airflow/example_dags/example_branch_python_dop_operator_3.py
[2024-01-11T20:46:48.568+0200] {processor.py:840} INFO - DAG(s) 'example_branch_dop_operator_v3' retrieved from /Users/angel.georgiev/VsCodeProjects/PythonExamples/.venv/lib/python3.10/site-packages/airflow/example_dags/example_branch_python_dop_operator_3.py
[2024-01-11T20:46:48.662+0200] {logging_mixin.py:188} INFO - [2024-01-11T20:46:48.661+0200] {dag.py:3033} INFO - Sync 1 DAGs
[2024-01-11T20:46:48.678+0200] {logging_mixin.py:188} INFO - [2024-01-11T20:46:48.678+0200] {dag.py:3820} INFO - Setting next_dagrun for example_branch_dop_operator_v3 to 2024-01-11T18:45:00+00:00, run_after=2024-01-11T18:46:00+00:00
[2024-01-11T20:46:48.695+0200] {processor.py:183} INFO - Processing /Users/angel.georgiev/VsCodeProjects/PythonExamples/.venv/lib/python3.10/site-packages/airflow/example_dags/example_branch_python_dop_operator_3.py took 0.225 seconds
[2024-01-11T20:50:40.319+0200] {processor.py:161} INFO - Started process (PID=35712) to work on /Users/angel.georgiev/VsCodeProjects/PythonExamples/.venv/lib/python3.10/site-packages/airflow/example_dags/example_branch_python_dop_operator_3.py
[2024-01-11T20:50:40.323+0200] {processor.py:830} INFO - Processing file /Users/angel.georgiev/VsCodeProjects/PythonExamples/.venv/lib/python3.10/site-packages/airflow/example_dags/example_branch_python_dop_operator_3.py for tasks to queue
[2024-01-11T20:50:40.324+0200] {logging_mixin.py:188} INFO - [2024-01-11T20:50:40.323+0200] {dagbag.py:538} INFO - Filling up the DagBag from /Users/angel.georgiev/VsCodeProjects/PythonExamples/.venv/lib/python3.10/site-packages/airflow/example_dags/example_branch_python_dop_operator_3.py
[2024-01-11T20:50:40.414+0200] {processor.py:840} INFO - DAG(s) 'example_branch_dop_operator_v3' retrieved from /Users/angel.georgiev/VsCodeProjects/PythonExamples/.venv/lib/python3.10/site-packages/airflow/example_dags/example_branch_python_dop_operator_3.py
[2024-01-11T20:50:40.503+0200] {logging_mixin.py:188} INFO - [2024-01-11T20:50:40.503+0200] {dag.py:3033} INFO - Sync 1 DAGs
[2024-01-11T20:50:40.520+0200] {logging_mixin.py:188} INFO - [2024-01-11T20:50:40.519+0200] {dag.py:3820} INFO - Setting next_dagrun for example_branch_dop_operator_v3 to 2024-01-11T18:49:00+00:00, run_after=2024-01-11T18:50:00+00:00
[2024-01-11T20:50:40.537+0200] {processor.py:183} INFO - Processing /Users/angel.georgiev/VsCodeProjects/PythonExamples/.venv/lib/python3.10/site-packages/airflow/example_dags/example_branch_python_dop_operator_3.py took 0.220 seconds
[2024-01-11T20:54:41.177+0200] {processor.py:161} INFO - Started process (PID=36012) to work on /Users/angel.georgiev/VsCodeProjects/PythonExamples/.venv/lib/python3.10/site-packages/airflow/example_dags/example_branch_python_dop_operator_3.py
[2024-01-11T20:54:41.182+0200] {processor.py:830} INFO - Processing file /Users/angel.georgiev/VsCodeProjects/PythonExamples/.venv/lib/python3.10/site-packages/airflow/example_dags/example_branch_python_dop_operator_3.py for tasks to queue
[2024-01-11T20:54:41.183+0200] {logging_mixin.py:188} INFO - [2024-01-11T20:54:41.183+0200] {dagbag.py:538} INFO - Filling up the DagBag from /Users/angel.georgiev/VsCodeProjects/PythonExamples/.venv/lib/python3.10/site-packages/airflow/example_dags/example_branch_python_dop_operator_3.py
[2024-01-11T20:54:41.292+0200] {processor.py:840} INFO - DAG(s) 'example_branch_dop_operator_v3' retrieved from /Users/angel.georgiev/VsCodeProjects/PythonExamples/.venv/lib/python3.10/site-packages/airflow/example_dags/example_branch_python_dop_operator_3.py
[2024-01-11T20:54:41.426+0200] {logging_mixin.py:188} INFO - [2024-01-11T20:54:41.425+0200] {dag.py:3033} INFO - Sync 1 DAGs
[2024-01-11T20:54:41.484+0200] {logging_mixin.py:188} INFO - [2024-01-11T20:54:41.483+0200] {dag.py:3820} INFO - Setting next_dagrun for example_branch_dop_operator_v3 to 2024-01-11T18:53:00+00:00, run_after=2024-01-11T18:54:00+00:00
[2024-01-11T20:54:41.606+0200] {processor.py:183} INFO - Processing /Users/angel.georgiev/VsCodeProjects/PythonExamples/.venv/lib/python3.10/site-packages/airflow/example_dags/example_branch_python_dop_operator_3.py took 0.431 seconds
