[2024-01-11T20:14:08.225+0200] {processor.py:161} INFO - Started process (PID=33220) to work on /Users/angel.georgiev/VsCodeProjects/PythonExamples/.venv/lib/python3.10/site-packages/airflow/example_dags/example_subdag_operator.py
[2024-01-11T20:14:08.230+0200] {processor.py:830} INFO - Processing file /Users/angel.georgiev/VsCodeProjects/PythonExamples/.venv/lib/python3.10/site-packages/airflow/example_dags/example_subdag_operator.py for tasks to queue
[2024-01-11T20:14:08.230+0200] {logging_mixin.py:188} INFO - [2024-01-11T20:14:08.230+0200] {dagbag.py:538} INFO - Filling up the DagBag from /Users/angel.georgiev/VsCodeProjects/PythonExamples/.venv/lib/python3.10/site-packages/airflow/example_dags/example_subdag_operator.py
[2024-01-11T20:14:08.366+0200] {processor.py:840} INFO - DAG(s) 'example_subdag_operator.section-1', 'example_subdag_operator.section-2', 'example_subdag_operator' retrieved from /Users/angel.georgiev/VsCodeProjects/PythonExamples/.venv/lib/python3.10/site-packages/airflow/example_dags/example_subdag_operator.py
[2024-01-11T20:14:08.495+0200] {logging_mixin.py:188} INFO - [2024-01-11T20:14:08.494+0200] {dag.py:3033} INFO - Sync 3 DAGs
[2024-01-11T20:14:08.510+0200] {logging_mixin.py:188} INFO - [2024-01-11T20:14:08.509+0200] {dag.py:3820} INFO - Setting next_dagrun for example_subdag_operator to 2022-01-01T00:00:00+00:00, run_after=2022-01-01T00:00:00+00:00
[2024-01-11T20:14:08.512+0200] {logging_mixin.py:188} INFO - [2024-01-11T20:14:08.512+0200] {dag.py:3820} INFO - Setting next_dagrun for example_subdag_operator.section-1 to None, run_after=None
[2024-01-11T20:14:08.513+0200] {logging_mixin.py:188} INFO - [2024-01-11T20:14:08.513+0200] {dag.py:3820} INFO - Setting next_dagrun for example_subdag_operator.section-2 to None, run_after=None
[2024-01-11T20:14:08.520+0200] {logging_mixin.py:188} INFO - [2024-01-11T20:14:08.520+0200] {dag.py:3033} INFO - Sync 2 DAGs
[2024-01-11T20:14:08.523+0200] {logging_mixin.py:188} INFO - [2024-01-11T20:14:08.523+0200] {dag.py:3820} INFO - Setting next_dagrun for example_subdag_operator.section-1 to None, run_after=None
[2024-01-11T20:14:08.523+0200] {logging_mixin.py:188} INFO - [2024-01-11T20:14:08.523+0200] {dag.py:3820} INFO - Setting next_dagrun for example_subdag_operator.section-2 to None, run_after=None
[2024-01-11T20:14:08.537+0200] {processor.py:183} INFO - Processing /Users/angel.georgiev/VsCodeProjects/PythonExamples/.venv/lib/python3.10/site-packages/airflow/example_dags/example_subdag_operator.py took 0.312 seconds
[2024-01-11T20:17:06.715+0200] {processor.py:161} INFO - Started process (PID=33491) to work on /Users/angel.georgiev/VsCodeProjects/PythonExamples/.venv/lib/python3.10/site-packages/airflow/example_dags/example_subdag_operator.py
[2024-01-11T20:17:06.720+0200] {processor.py:830} INFO - Processing file /Users/angel.georgiev/VsCodeProjects/PythonExamples/.venv/lib/python3.10/site-packages/airflow/example_dags/example_subdag_operator.py for tasks to queue
[2024-01-11T20:17:06.720+0200] {logging_mixin.py:188} INFO - [2024-01-11T20:17:06.720+0200] {dagbag.py:538} INFO - Filling up the DagBag from /Users/angel.georgiev/VsCodeProjects/PythonExamples/.venv/lib/python3.10/site-packages/airflow/example_dags/example_subdag_operator.py
[2024-01-11T20:17:06.863+0200] {processor.py:840} INFO - DAG(s) 'example_subdag_operator.section-1', 'example_subdag_operator.section-2', 'example_subdag_operator' retrieved from /Users/angel.georgiev/VsCodeProjects/PythonExamples/.venv/lib/python3.10/site-packages/airflow/example_dags/example_subdag_operator.py
[2024-01-11T20:17:06.901+0200] {logging_mixin.py:188} INFO - [2024-01-11T20:17:06.901+0200] {dag.py:3033} INFO - Sync 3 DAGs
[2024-01-11T20:17:06.914+0200] {logging_mixin.py:188} INFO - [2024-01-11T20:17:06.914+0200] {dag.py:3820} INFO - Setting next_dagrun for example_subdag_operator to 2022-01-01T00:00:00+00:00, run_after=2022-01-01T00:00:00+00:00
[2024-01-11T20:17:06.917+0200] {logging_mixin.py:188} INFO - [2024-01-11T20:17:06.917+0200] {dag.py:3820} INFO - Setting next_dagrun for example_subdag_operator.section-1 to None, run_after=None
[2024-01-11T20:17:06.918+0200] {logging_mixin.py:188} INFO - [2024-01-11T20:17:06.917+0200] {dag.py:3820} INFO - Setting next_dagrun for example_subdag_operator.section-2 to None, run_after=None
[2024-01-11T20:17:06.923+0200] {logging_mixin.py:188} INFO - [2024-01-11T20:17:06.923+0200] {dag.py:3033} INFO - Sync 2 DAGs
[2024-01-11T20:17:06.926+0200] {logging_mixin.py:188} INFO - [2024-01-11T20:17:06.926+0200] {dag.py:3820} INFO - Setting next_dagrun for example_subdag_operator.section-1 to None, run_after=None
[2024-01-11T20:17:06.927+0200] {logging_mixin.py:188} INFO - [2024-01-11T20:17:06.926+0200] {dag.py:3820} INFO - Setting next_dagrun for example_subdag_operator.section-2 to None, run_after=None
[2024-01-11T20:17:06.938+0200] {processor.py:183} INFO - Processing /Users/angel.georgiev/VsCodeProjects/PythonExamples/.venv/lib/python3.10/site-packages/airflow/example_dags/example_subdag_operator.py took 0.224 seconds
[2024-01-11T20:19:32.629+0200] {processor.py:161} INFO - Started process (PID=33666) to work on /Users/angel.georgiev/VsCodeProjects/PythonExamples/.venv/lib/python3.10/site-packages/airflow/example_dags/example_subdag_operator.py
[2024-01-11T20:19:32.633+0200] {processor.py:830} INFO - Processing file /Users/angel.georgiev/VsCodeProjects/PythonExamples/.venv/lib/python3.10/site-packages/airflow/example_dags/example_subdag_operator.py for tasks to queue
[2024-01-11T20:19:32.634+0200] {logging_mixin.py:188} INFO - [2024-01-11T20:19:32.634+0200] {dagbag.py:538} INFO - Filling up the DagBag from /Users/angel.georgiev/VsCodeProjects/PythonExamples/.venv/lib/python3.10/site-packages/airflow/example_dags/example_subdag_operator.py
[2024-01-11T20:19:32.783+0200] {processor.py:840} INFO - DAG(s) 'example_subdag_operator.section-1', 'example_subdag_operator.section-2', 'example_subdag_operator' retrieved from /Users/angel.georgiev/VsCodeProjects/PythonExamples/.venv/lib/python3.10/site-packages/airflow/example_dags/example_subdag_operator.py
[2024-01-11T20:19:32.821+0200] {logging_mixin.py:188} INFO - [2024-01-11T20:19:32.821+0200] {dag.py:3033} INFO - Sync 3 DAGs
[2024-01-11T20:19:32.834+0200] {logging_mixin.py:188} INFO - [2024-01-11T20:19:32.834+0200] {dag.py:3820} INFO - Setting next_dagrun for example_subdag_operator to 2022-01-01T00:00:00+00:00, run_after=2022-01-01T00:00:00+00:00
[2024-01-11T20:19:32.837+0200] {logging_mixin.py:188} INFO - [2024-01-11T20:19:32.837+0200] {dag.py:3820} INFO - Setting next_dagrun for example_subdag_operator.section-1 to None, run_after=None
[2024-01-11T20:19:32.838+0200] {logging_mixin.py:188} INFO - [2024-01-11T20:19:32.838+0200] {dag.py:3820} INFO - Setting next_dagrun for example_subdag_operator.section-2 to None, run_after=None
[2024-01-11T20:19:32.842+0200] {logging_mixin.py:188} INFO - [2024-01-11T20:19:32.842+0200] {dag.py:3033} INFO - Sync 2 DAGs
[2024-01-11T20:19:32.845+0200] {logging_mixin.py:188} INFO - [2024-01-11T20:19:32.845+0200] {dag.py:3820} INFO - Setting next_dagrun for example_subdag_operator.section-1 to None, run_after=None
[2024-01-11T20:19:32.845+0200] {logging_mixin.py:188} INFO - [2024-01-11T20:19:32.845+0200] {dag.py:3820} INFO - Setting next_dagrun for example_subdag_operator.section-2 to None, run_after=None
[2024-01-11T20:19:32.859+0200] {processor.py:183} INFO - Processing /Users/angel.georgiev/VsCodeProjects/PythonExamples/.venv/lib/python3.10/site-packages/airflow/example_dags/example_subdag_operator.py took 0.231 seconds
[2024-01-11T20:21:57.119+0200] {processor.py:161} INFO - Started process (PID=33792) to work on /Users/angel.georgiev/VsCodeProjects/PythonExamples/.venv/lib/python3.10/site-packages/airflow/example_dags/example_subdag_operator.py
[2024-01-11T20:21:57.123+0200] {processor.py:830} INFO - Processing file /Users/angel.georgiev/VsCodeProjects/PythonExamples/.venv/lib/python3.10/site-packages/airflow/example_dags/example_subdag_operator.py for tasks to queue
[2024-01-11T20:21:57.124+0200] {logging_mixin.py:188} INFO - [2024-01-11T20:21:57.123+0200] {dagbag.py:538} INFO - Filling up the DagBag from /Users/angel.georgiev/VsCodeProjects/PythonExamples/.venv/lib/python3.10/site-packages/airflow/example_dags/example_subdag_operator.py
[2024-01-11T20:21:57.276+0200] {processor.py:840} INFO - DAG(s) 'example_subdag_operator.section-1', 'example_subdag_operator.section-2', 'example_subdag_operator' retrieved from /Users/angel.georgiev/VsCodeProjects/PythonExamples/.venv/lib/python3.10/site-packages/airflow/example_dags/example_subdag_operator.py
[2024-01-11T20:21:57.313+0200] {logging_mixin.py:188} INFO - [2024-01-11T20:21:57.313+0200] {dag.py:3033} INFO - Sync 3 DAGs
[2024-01-11T20:21:57.327+0200] {logging_mixin.py:188} INFO - [2024-01-11T20:21:57.327+0200] {dag.py:3820} INFO - Setting next_dagrun for example_subdag_operator to 2022-01-01T00:00:00+00:00, run_after=2022-01-01T00:00:00+00:00
[2024-01-11T20:21:57.329+0200] {logging_mixin.py:188} INFO - [2024-01-11T20:21:57.329+0200] {dag.py:3820} INFO - Setting next_dagrun for example_subdag_operator.section-1 to None, run_after=None
[2024-01-11T20:21:57.330+0200] {logging_mixin.py:188} INFO - [2024-01-11T20:21:57.330+0200] {dag.py:3820} INFO - Setting next_dagrun for example_subdag_operator.section-2 to None, run_after=None
[2024-01-11T20:21:57.334+0200] {logging_mixin.py:188} INFO - [2024-01-11T20:21:57.334+0200] {dag.py:3033} INFO - Sync 2 DAGs
[2024-01-11T20:21:57.338+0200] {logging_mixin.py:188} INFO - [2024-01-11T20:21:57.337+0200] {dag.py:3820} INFO - Setting next_dagrun for example_subdag_operator.section-1 to None, run_after=None
[2024-01-11T20:21:57.338+0200] {logging_mixin.py:188} INFO - [2024-01-11T20:21:57.338+0200] {dag.py:3820} INFO - Setting next_dagrun for example_subdag_operator.section-2 to None, run_after=None
[2024-01-11T20:21:57.350+0200] {processor.py:183} INFO - Processing /Users/angel.georgiev/VsCodeProjects/PythonExamples/.venv/lib/python3.10/site-packages/airflow/example_dags/example_subdag_operator.py took 0.233 seconds
[2024-01-11T20:24:17.255+0200] {processor.py:161} INFO - Started process (PID=34001) to work on /Users/angel.georgiev/VsCodeProjects/PythonExamples/.venv/lib/python3.10/site-packages/airflow/example_dags/example_subdag_operator.py
[2024-01-11T20:24:17.260+0200] {processor.py:830} INFO - Processing file /Users/angel.georgiev/VsCodeProjects/PythonExamples/.venv/lib/python3.10/site-packages/airflow/example_dags/example_subdag_operator.py for tasks to queue
[2024-01-11T20:24:17.261+0200] {logging_mixin.py:188} INFO - [2024-01-11T20:24:17.261+0200] {dagbag.py:538} INFO - Filling up the DagBag from /Users/angel.georgiev/VsCodeProjects/PythonExamples/.venv/lib/python3.10/site-packages/airflow/example_dags/example_subdag_operator.py
[2024-01-11T20:24:17.409+0200] {processor.py:840} INFO - DAG(s) 'example_subdag_operator.section-1', 'example_subdag_operator.section-2', 'example_subdag_operator' retrieved from /Users/angel.georgiev/VsCodeProjects/PythonExamples/.venv/lib/python3.10/site-packages/airflow/example_dags/example_subdag_operator.py
[2024-01-11T20:24:17.450+0200] {logging_mixin.py:188} INFO - [2024-01-11T20:24:17.450+0200] {dag.py:3033} INFO - Sync 3 DAGs
[2024-01-11T20:24:17.464+0200] {logging_mixin.py:188} INFO - [2024-01-11T20:24:17.464+0200] {dag.py:3820} INFO - Setting next_dagrun for example_subdag_operator to 2022-01-01T00:00:00+00:00, run_after=2022-01-01T00:00:00+00:00
[2024-01-11T20:24:17.467+0200] {logging_mixin.py:188} INFO - [2024-01-11T20:24:17.467+0200] {dag.py:3820} INFO - Setting next_dagrun for example_subdag_operator.section-1 to None, run_after=None
[2024-01-11T20:24:17.467+0200] {logging_mixin.py:188} INFO - [2024-01-11T20:24:17.467+0200] {dag.py:3820} INFO - Setting next_dagrun for example_subdag_operator.section-2 to None, run_after=None
[2024-01-11T20:24:17.473+0200] {logging_mixin.py:188} INFO - [2024-01-11T20:24:17.473+0200] {dag.py:3033} INFO - Sync 2 DAGs
[2024-01-11T20:24:17.476+0200] {logging_mixin.py:188} INFO - [2024-01-11T20:24:17.476+0200] {dag.py:3820} INFO - Setting next_dagrun for example_subdag_operator.section-1 to None, run_after=None
[2024-01-11T20:24:17.476+0200] {logging_mixin.py:188} INFO - [2024-01-11T20:24:17.476+0200] {dag.py:3820} INFO - Setting next_dagrun for example_subdag_operator.section-2 to None, run_after=None
[2024-01-11T20:24:17.488+0200] {processor.py:183} INFO - Processing /Users/angel.georgiev/VsCodeProjects/PythonExamples/.venv/lib/python3.10/site-packages/airflow/example_dags/example_subdag_operator.py took 0.235 seconds
[2024-01-11T20:26:35.540+0200] {processor.py:161} INFO - Started process (PID=34119) to work on /Users/angel.georgiev/VsCodeProjects/PythonExamples/.venv/lib/python3.10/site-packages/airflow/example_dags/example_subdag_operator.py
[2024-01-11T20:26:35.546+0200] {processor.py:830} INFO - Processing file /Users/angel.georgiev/VsCodeProjects/PythonExamples/.venv/lib/python3.10/site-packages/airflow/example_dags/example_subdag_operator.py for tasks to queue
[2024-01-11T20:26:35.547+0200] {logging_mixin.py:188} INFO - [2024-01-11T20:26:35.547+0200] {dagbag.py:538} INFO - Filling up the DagBag from /Users/angel.georgiev/VsCodeProjects/PythonExamples/.venv/lib/python3.10/site-packages/airflow/example_dags/example_subdag_operator.py
[2024-01-11T20:26:35.873+0200] {processor.py:840} INFO - DAG(s) 'example_subdag_operator.section-1', 'example_subdag_operator.section-2', 'example_subdag_operator' retrieved from /Users/angel.georgiev/VsCodeProjects/PythonExamples/.venv/lib/python3.10/site-packages/airflow/example_dags/example_subdag_operator.py
[2024-01-11T20:26:35.952+0200] {logging_mixin.py:188} INFO - [2024-01-11T20:26:35.952+0200] {dag.py:3033} INFO - Sync 3 DAGs
[2024-01-11T20:26:35.988+0200] {logging_mixin.py:188} INFO - [2024-01-11T20:26:35.988+0200] {dag.py:3820} INFO - Setting next_dagrun for example_subdag_operator to 2022-01-01T00:00:00+00:00, run_after=2022-01-01T00:00:00+00:00
[2024-01-11T20:26:36.000+0200] {logging_mixin.py:188} INFO - [2024-01-11T20:26:36.000+0200] {dag.py:3820} INFO - Setting next_dagrun for example_subdag_operator.section-1 to None, run_after=None
[2024-01-11T20:26:36.008+0200] {logging_mixin.py:188} INFO - [2024-01-11T20:26:36.008+0200] {dag.py:3820} INFO - Setting next_dagrun for example_subdag_operator.section-2 to None, run_after=None
[2024-01-11T20:26:36.017+0200] {logging_mixin.py:188} INFO - [2024-01-11T20:26:36.017+0200] {dag.py:3033} INFO - Sync 2 DAGs
[2024-01-11T20:26:36.023+0200] {logging_mixin.py:188} INFO - [2024-01-11T20:26:36.023+0200] {dag.py:3820} INFO - Setting next_dagrun for example_subdag_operator.section-1 to None, run_after=None
[2024-01-11T20:26:36.024+0200] {logging_mixin.py:188} INFO - [2024-01-11T20:26:36.024+0200] {dag.py:3820} INFO - Setting next_dagrun for example_subdag_operator.section-2 to None, run_after=None
[2024-01-11T20:26:36.050+0200] {processor.py:183} INFO - Processing /Users/angel.georgiev/VsCodeProjects/PythonExamples/.venv/lib/python3.10/site-packages/airflow/example_dags/example_subdag_operator.py took 0.512 seconds
[2024-01-11T20:29:11.345+0200] {processor.py:161} INFO - Started process (PID=34301) to work on /Users/angel.georgiev/VsCodeProjects/PythonExamples/.venv/lib/python3.10/site-packages/airflow/example_dags/example_subdag_operator.py
[2024-01-11T20:29:11.350+0200] {processor.py:830} INFO - Processing file /Users/angel.georgiev/VsCodeProjects/PythonExamples/.venv/lib/python3.10/site-packages/airflow/example_dags/example_subdag_operator.py for tasks to queue
[2024-01-11T20:29:11.351+0200] {logging_mixin.py:188} INFO - [2024-01-11T20:29:11.351+0200] {dagbag.py:538} INFO - Filling up the DagBag from /Users/angel.georgiev/VsCodeProjects/PythonExamples/.venv/lib/python3.10/site-packages/airflow/example_dags/example_subdag_operator.py
[2024-01-11T20:29:11.510+0200] {processor.py:840} INFO - DAG(s) 'example_subdag_operator.section-1', 'example_subdag_operator.section-2', 'example_subdag_operator' retrieved from /Users/angel.georgiev/VsCodeProjects/PythonExamples/.venv/lib/python3.10/site-packages/airflow/example_dags/example_subdag_operator.py
[2024-01-11T20:29:11.551+0200] {logging_mixin.py:188} INFO - [2024-01-11T20:29:11.550+0200] {dag.py:3033} INFO - Sync 3 DAGs
[2024-01-11T20:29:11.565+0200] {logging_mixin.py:188} INFO - [2024-01-11T20:29:11.565+0200] {dag.py:3820} INFO - Setting next_dagrun for example_subdag_operator to 2022-01-01T00:00:00+00:00, run_after=2022-01-01T00:00:00+00:00
[2024-01-11T20:29:11.567+0200] {logging_mixin.py:188} INFO - [2024-01-11T20:29:11.567+0200] {dag.py:3820} INFO - Setting next_dagrun for example_subdag_operator.section-1 to None, run_after=None
[2024-01-11T20:29:11.568+0200] {logging_mixin.py:188} INFO - [2024-01-11T20:29:11.568+0200] {dag.py:3820} INFO - Setting next_dagrun for example_subdag_operator.section-2 to None, run_after=None
[2024-01-11T20:29:11.573+0200] {logging_mixin.py:188} INFO - [2024-01-11T20:29:11.573+0200] {dag.py:3033} INFO - Sync 2 DAGs
[2024-01-11T20:29:11.576+0200] {logging_mixin.py:188} INFO - [2024-01-11T20:29:11.576+0200] {dag.py:3820} INFO - Setting next_dagrun for example_subdag_operator.section-1 to None, run_after=None
[2024-01-11T20:29:11.576+0200] {logging_mixin.py:188} INFO - [2024-01-11T20:29:11.576+0200] {dag.py:3820} INFO - Setting next_dagrun for example_subdag_operator.section-2 to None, run_after=None
[2024-01-11T20:29:11.589+0200] {processor.py:183} INFO - Processing /Users/angel.georgiev/VsCodeProjects/PythonExamples/.venv/lib/python3.10/site-packages/airflow/example_dags/example_subdag_operator.py took 0.246 seconds
[2024-01-11T20:31:47.427+0200] {processor.py:161} INFO - Started process (PID=34450) to work on /Users/angel.georgiev/VsCodeProjects/PythonExamples/.venv/lib/python3.10/site-packages/airflow/example_dags/example_subdag_operator.py
[2024-01-11T20:31:47.432+0200] {processor.py:830} INFO - Processing file /Users/angel.georgiev/VsCodeProjects/PythonExamples/.venv/lib/python3.10/site-packages/airflow/example_dags/example_subdag_operator.py for tasks to queue
[2024-01-11T20:31:47.433+0200] {logging_mixin.py:188} INFO - [2024-01-11T20:31:47.433+0200] {dagbag.py:538} INFO - Filling up the DagBag from /Users/angel.georgiev/VsCodeProjects/PythonExamples/.venv/lib/python3.10/site-packages/airflow/example_dags/example_subdag_operator.py
[2024-01-11T20:31:47.618+0200] {processor.py:840} INFO - DAG(s) 'example_subdag_operator.section-1', 'example_subdag_operator.section-2', 'example_subdag_operator' retrieved from /Users/angel.georgiev/VsCodeProjects/PythonExamples/.venv/lib/python3.10/site-packages/airflow/example_dags/example_subdag_operator.py
[2024-01-11T20:31:47.673+0200] {logging_mixin.py:188} INFO - [2024-01-11T20:31:47.673+0200] {dag.py:3033} INFO - Sync 3 DAGs
[2024-01-11T20:31:47.691+0200] {logging_mixin.py:188} INFO - [2024-01-11T20:31:47.691+0200] {dag.py:3820} INFO - Setting next_dagrun for example_subdag_operator to 2022-01-01T00:00:00+00:00, run_after=2022-01-01T00:00:00+00:00
[2024-01-11T20:31:47.695+0200] {logging_mixin.py:188} INFO - [2024-01-11T20:31:47.695+0200] {dag.py:3820} INFO - Setting next_dagrun for example_subdag_operator.section-1 to None, run_after=None
[2024-01-11T20:31:47.696+0200] {logging_mixin.py:188} INFO - [2024-01-11T20:31:47.696+0200] {dag.py:3820} INFO - Setting next_dagrun for example_subdag_operator.section-2 to None, run_after=None
[2024-01-11T20:31:47.703+0200] {logging_mixin.py:188} INFO - [2024-01-11T20:31:47.703+0200] {dag.py:3033} INFO - Sync 2 DAGs
[2024-01-11T20:31:47.708+0200] {logging_mixin.py:188} INFO - [2024-01-11T20:31:47.707+0200] {dag.py:3820} INFO - Setting next_dagrun for example_subdag_operator.section-1 to None, run_after=None
[2024-01-11T20:31:47.708+0200] {logging_mixin.py:188} INFO - [2024-01-11T20:31:47.708+0200] {dag.py:3820} INFO - Setting next_dagrun for example_subdag_operator.section-2 to None, run_after=None
[2024-01-11T20:31:47.723+0200] {processor.py:183} INFO - Processing /Users/angel.georgiev/VsCodeProjects/PythonExamples/.venv/lib/python3.10/site-packages/airflow/example_dags/example_subdag_operator.py took 0.299 seconds
[2024-01-11T20:34:41.290+0200] {processor.py:161} INFO - Started process (PID=34580) to work on /Users/angel.georgiev/VsCodeProjects/PythonExamples/.venv/lib/python3.10/site-packages/airflow/example_dags/example_subdag_operator.py
[2024-01-11T20:34:41.296+0200] {processor.py:830} INFO - Processing file /Users/angel.georgiev/VsCodeProjects/PythonExamples/.venv/lib/python3.10/site-packages/airflow/example_dags/example_subdag_operator.py for tasks to queue
[2024-01-11T20:34:41.297+0200] {logging_mixin.py:188} INFO - [2024-01-11T20:34:41.297+0200] {dagbag.py:538} INFO - Filling up the DagBag from /Users/angel.georgiev/VsCodeProjects/PythonExamples/.venv/lib/python3.10/site-packages/airflow/example_dags/example_subdag_operator.py
[2024-01-11T20:34:41.503+0200] {processor.py:840} INFO - DAG(s) 'example_subdag_operator.section-1', 'example_subdag_operator.section-2', 'example_subdag_operator' retrieved from /Users/angel.georgiev/VsCodeProjects/PythonExamples/.venv/lib/python3.10/site-packages/airflow/example_dags/example_subdag_operator.py
[2024-01-11T20:34:41.563+0200] {logging_mixin.py:188} INFO - [2024-01-11T20:34:41.563+0200] {dag.py:3033} INFO - Sync 3 DAGs
[2024-01-11T20:34:41.584+0200] {logging_mixin.py:188} INFO - [2024-01-11T20:34:41.584+0200] {dag.py:3820} INFO - Setting next_dagrun for example_subdag_operator to 2022-01-01T00:00:00+00:00, run_after=2022-01-01T00:00:00+00:00
[2024-01-11T20:34:41.588+0200] {logging_mixin.py:188} INFO - [2024-01-11T20:34:41.588+0200] {dag.py:3820} INFO - Setting next_dagrun for example_subdag_operator.section-1 to None, run_after=None
[2024-01-11T20:34:41.589+0200] {logging_mixin.py:188} INFO - [2024-01-11T20:34:41.589+0200] {dag.py:3820} INFO - Setting next_dagrun for example_subdag_operator.section-2 to None, run_after=None
[2024-01-11T20:34:41.597+0200] {logging_mixin.py:188} INFO - [2024-01-11T20:34:41.597+0200] {dag.py:3033} INFO - Sync 2 DAGs
[2024-01-11T20:34:41.603+0200] {logging_mixin.py:188} INFO - [2024-01-11T20:34:41.603+0200] {dag.py:3820} INFO - Setting next_dagrun for example_subdag_operator.section-1 to None, run_after=None
[2024-01-11T20:34:41.603+0200] {logging_mixin.py:188} INFO - [2024-01-11T20:34:41.603+0200] {dag.py:3820} INFO - Setting next_dagrun for example_subdag_operator.section-2 to None, run_after=None
[2024-01-11T20:34:41.627+0200] {processor.py:183} INFO - Processing /Users/angel.georgiev/VsCodeProjects/PythonExamples/.venv/lib/python3.10/site-packages/airflow/example_dags/example_subdag_operator.py took 0.338 seconds
[2024-01-11T20:37:43.186+0200] {processor.py:161} INFO - Started process (PID=34855) to work on /Users/angel.georgiev/VsCodeProjects/PythonExamples/.venv/lib/python3.10/site-packages/airflow/example_dags/example_subdag_operator.py
[2024-01-11T20:37:43.192+0200] {processor.py:830} INFO - Processing file /Users/angel.georgiev/VsCodeProjects/PythonExamples/.venv/lib/python3.10/site-packages/airflow/example_dags/example_subdag_operator.py for tasks to queue
[2024-01-11T20:37:43.192+0200] {logging_mixin.py:188} INFO - [2024-01-11T20:37:43.192+0200] {dagbag.py:538} INFO - Filling up the DagBag from /Users/angel.georgiev/VsCodeProjects/PythonExamples/.venv/lib/python3.10/site-packages/airflow/example_dags/example_subdag_operator.py
[2024-01-11T20:37:43.427+0200] {processor.py:840} INFO - DAG(s) 'example_subdag_operator.section-1', 'example_subdag_operator.section-2', 'example_subdag_operator' retrieved from /Users/angel.georgiev/VsCodeProjects/PythonExamples/.venv/lib/python3.10/site-packages/airflow/example_dags/example_subdag_operator.py
[2024-01-11T20:37:43.495+0200] {logging_mixin.py:188} INFO - [2024-01-11T20:37:43.494+0200] {dag.py:3033} INFO - Sync 3 DAGs
[2024-01-11T20:37:43.516+0200] {logging_mixin.py:188} INFO - [2024-01-11T20:37:43.516+0200] {dag.py:3820} INFO - Setting next_dagrun for example_subdag_operator to 2022-01-01T00:00:00+00:00, run_after=2022-01-01T00:00:00+00:00
[2024-01-11T20:37:43.519+0200] {logging_mixin.py:188} INFO - [2024-01-11T20:37:43.519+0200] {dag.py:3820} INFO - Setting next_dagrun for example_subdag_operator.section-1 to None, run_after=None
[2024-01-11T20:37:43.520+0200] {logging_mixin.py:188} INFO - [2024-01-11T20:37:43.520+0200] {dag.py:3820} INFO - Setting next_dagrun for example_subdag_operator.section-2 to None, run_after=None
[2024-01-11T20:37:43.529+0200] {logging_mixin.py:188} INFO - [2024-01-11T20:37:43.529+0200] {dag.py:3033} INFO - Sync 2 DAGs
[2024-01-11T20:37:43.534+0200] {logging_mixin.py:188} INFO - [2024-01-11T20:37:43.534+0200] {dag.py:3820} INFO - Setting next_dagrun for example_subdag_operator.section-1 to None, run_after=None
[2024-01-11T20:37:43.534+0200] {logging_mixin.py:188} INFO - [2024-01-11T20:37:43.534+0200] {dag.py:3820} INFO - Setting next_dagrun for example_subdag_operator.section-2 to None, run_after=None
[2024-01-11T20:37:43.558+0200] {processor.py:183} INFO - Processing /Users/angel.georgiev/VsCodeProjects/PythonExamples/.venv/lib/python3.10/site-packages/airflow/example_dags/example_subdag_operator.py took 0.374 seconds
[2024-01-11T20:40:49.198+0200] {processor.py:161} INFO - Started process (PID=35040) to work on /Users/angel.georgiev/VsCodeProjects/PythonExamples/.venv/lib/python3.10/site-packages/airflow/example_dags/example_subdag_operator.py
[2024-01-11T20:40:49.203+0200] {processor.py:830} INFO - Processing file /Users/angel.georgiev/VsCodeProjects/PythonExamples/.venv/lib/python3.10/site-packages/airflow/example_dags/example_subdag_operator.py for tasks to queue
[2024-01-11T20:40:49.204+0200] {logging_mixin.py:188} INFO - [2024-01-11T20:40:49.204+0200] {dagbag.py:538} INFO - Filling up the DagBag from /Users/angel.georgiev/VsCodeProjects/PythonExamples/.venv/lib/python3.10/site-packages/airflow/example_dags/example_subdag_operator.py
[2024-01-11T20:40:49.373+0200] {processor.py:840} INFO - DAG(s) 'example_subdag_operator.section-1', 'example_subdag_operator.section-2', 'example_subdag_operator' retrieved from /Users/angel.georgiev/VsCodeProjects/PythonExamples/.venv/lib/python3.10/site-packages/airflow/example_dags/example_subdag_operator.py
[2024-01-11T20:40:49.422+0200] {logging_mixin.py:188} INFO - [2024-01-11T20:40:49.421+0200] {dag.py:3033} INFO - Sync 3 DAGs
[2024-01-11T20:40:49.439+0200] {logging_mixin.py:188} INFO - [2024-01-11T20:40:49.439+0200] {dag.py:3820} INFO - Setting next_dagrun for example_subdag_operator to 2022-01-01T00:00:00+00:00, run_after=2022-01-01T00:00:00+00:00
[2024-01-11T20:40:49.442+0200] {logging_mixin.py:188} INFO - [2024-01-11T20:40:49.442+0200] {dag.py:3820} INFO - Setting next_dagrun for example_subdag_operator.section-1 to None, run_after=None
[2024-01-11T20:40:49.443+0200] {logging_mixin.py:188} INFO - [2024-01-11T20:40:49.443+0200] {dag.py:3820} INFO - Setting next_dagrun for example_subdag_operator.section-2 to None, run_after=None
[2024-01-11T20:40:49.449+0200] {logging_mixin.py:188} INFO - [2024-01-11T20:40:49.449+0200] {dag.py:3033} INFO - Sync 2 DAGs
[2024-01-11T20:40:49.453+0200] {logging_mixin.py:188} INFO - [2024-01-11T20:40:49.453+0200] {dag.py:3820} INFO - Setting next_dagrun for example_subdag_operator.section-1 to None, run_after=None
[2024-01-11T20:40:49.453+0200] {logging_mixin.py:188} INFO - [2024-01-11T20:40:49.453+0200] {dag.py:3820} INFO - Setting next_dagrun for example_subdag_operator.section-2 to None, run_after=None
[2024-01-11T20:40:49.467+0200] {processor.py:183} INFO - Processing /Users/angel.georgiev/VsCodeProjects/PythonExamples/.venv/lib/python3.10/site-packages/airflow/example_dags/example_subdag_operator.py took 0.270 seconds
[2024-01-11T20:43:57.807+0200] {processor.py:161} INFO - Started process (PID=35311) to work on /Users/angel.georgiev/VsCodeProjects/PythonExamples/.venv/lib/python3.10/site-packages/airflow/example_dags/example_subdag_operator.py
[2024-01-11T20:43:57.812+0200] {processor.py:830} INFO - Processing file /Users/angel.georgiev/VsCodeProjects/PythonExamples/.venv/lib/python3.10/site-packages/airflow/example_dags/example_subdag_operator.py for tasks to queue
[2024-01-11T20:43:57.813+0200] {logging_mixin.py:188} INFO - [2024-01-11T20:43:57.813+0200] {dagbag.py:538} INFO - Filling up the DagBag from /Users/angel.georgiev/VsCodeProjects/PythonExamples/.venv/lib/python3.10/site-packages/airflow/example_dags/example_subdag_operator.py
[2024-01-11T20:43:57.972+0200] {processor.py:840} INFO - DAG(s) 'example_subdag_operator.section-1', 'example_subdag_operator.section-2', 'example_subdag_operator' retrieved from /Users/angel.georgiev/VsCodeProjects/PythonExamples/.venv/lib/python3.10/site-packages/airflow/example_dags/example_subdag_operator.py
[2024-01-11T20:43:58.018+0200] {logging_mixin.py:188} INFO - [2024-01-11T20:43:58.018+0200] {dag.py:3033} INFO - Sync 3 DAGs
[2024-01-11T20:43:58.034+0200] {logging_mixin.py:188} INFO - [2024-01-11T20:43:58.034+0200] {dag.py:3820} INFO - Setting next_dagrun for example_subdag_operator to 2022-01-01T00:00:00+00:00, run_after=2022-01-01T00:00:00+00:00
[2024-01-11T20:43:58.037+0200] {logging_mixin.py:188} INFO - [2024-01-11T20:43:58.036+0200] {dag.py:3820} INFO - Setting next_dagrun for example_subdag_operator.section-1 to None, run_after=None
[2024-01-11T20:43:58.037+0200] {logging_mixin.py:188} INFO - [2024-01-11T20:43:58.037+0200] {dag.py:3820} INFO - Setting next_dagrun for example_subdag_operator.section-2 to None, run_after=None
[2024-01-11T20:43:58.043+0200] {logging_mixin.py:188} INFO - [2024-01-11T20:43:58.043+0200] {dag.py:3033} INFO - Sync 2 DAGs
[2024-01-11T20:43:58.047+0200] {logging_mixin.py:188} INFO - [2024-01-11T20:43:58.046+0200] {dag.py:3820} INFO - Setting next_dagrun for example_subdag_operator.section-1 to None, run_after=None
[2024-01-11T20:43:58.047+0200] {logging_mixin.py:188} INFO - [2024-01-11T20:43:58.047+0200] {dag.py:3820} INFO - Setting next_dagrun for example_subdag_operator.section-2 to None, run_after=None
[2024-01-11T20:43:58.060+0200] {processor.py:183} INFO - Processing /Users/angel.georgiev/VsCodeProjects/PythonExamples/.venv/lib/python3.10/site-packages/airflow/example_dags/example_subdag_operator.py took 0.254 seconds
[2024-01-11T20:46:02.010+0200] {processor.py:161} INFO - Started process (PID=35392) to work on /Users/angel.georgiev/VsCodeProjects/PythonExamples/.venv/lib/python3.10/site-packages/airflow/example_dags/example_subdag_operator.py
[2024-01-11T20:46:02.014+0200] {processor.py:830} INFO - Processing file /Users/angel.georgiev/VsCodeProjects/PythonExamples/.venv/lib/python3.10/site-packages/airflow/example_dags/example_subdag_operator.py for tasks to queue
[2024-01-11T20:46:02.014+0200] {logging_mixin.py:188} INFO - [2024-01-11T20:46:02.014+0200] {dagbag.py:538} INFO - Filling up the DagBag from /Users/angel.georgiev/VsCodeProjects/PythonExamples/.venv/lib/python3.10/site-packages/airflow/example_dags/example_subdag_operator.py
[2024-01-11T20:46:02.169+0200] {processor.py:840} INFO - DAG(s) 'example_subdag_operator.section-1', 'example_subdag_operator.section-2', 'example_subdag_operator' retrieved from /Users/angel.georgiev/VsCodeProjects/PythonExamples/.venv/lib/python3.10/site-packages/airflow/example_dags/example_subdag_operator.py
[2024-01-11T20:46:02.206+0200] {logging_mixin.py:188} INFO - [2024-01-11T20:46:02.206+0200] {dag.py:3033} INFO - Sync 3 DAGs
[2024-01-11T20:46:02.220+0200] {logging_mixin.py:188} INFO - [2024-01-11T20:46:02.220+0200] {dag.py:3820} INFO - Setting next_dagrun for example_subdag_operator to 2022-01-01T00:00:00+00:00, run_after=2022-01-01T00:00:00+00:00
[2024-01-11T20:46:02.222+0200] {logging_mixin.py:188} INFO - [2024-01-11T20:46:02.222+0200] {dag.py:3820} INFO - Setting next_dagrun for example_subdag_operator.section-1 to None, run_after=None
[2024-01-11T20:46:02.223+0200] {logging_mixin.py:188} INFO - [2024-01-11T20:46:02.223+0200] {dag.py:3820} INFO - Setting next_dagrun for example_subdag_operator.section-2 to None, run_after=None
[2024-01-11T20:46:02.227+0200] {logging_mixin.py:188} INFO - [2024-01-11T20:46:02.227+0200] {dag.py:3033} INFO - Sync 2 DAGs
[2024-01-11T20:46:02.231+0200] {logging_mixin.py:188} INFO - [2024-01-11T20:46:02.231+0200] {dag.py:3820} INFO - Setting next_dagrun for example_subdag_operator.section-1 to None, run_after=None
[2024-01-11T20:46:02.231+0200] {logging_mixin.py:188} INFO - [2024-01-11T20:46:02.231+0200] {dag.py:3820} INFO - Setting next_dagrun for example_subdag_operator.section-2 to None, run_after=None
[2024-01-11T20:46:02.243+0200] {processor.py:183} INFO - Processing /Users/angel.georgiev/VsCodeProjects/PythonExamples/.venv/lib/python3.10/site-packages/airflow/example_dags/example_subdag_operator.py took 0.234 seconds
[2024-01-11T20:48:01.980+0200] {processor.py:161} INFO - Started process (PID=35479) to work on /Users/angel.georgiev/VsCodeProjects/PythonExamples/.venv/lib/python3.10/site-packages/airflow/example_dags/example_subdag_operator.py
[2024-01-11T20:48:01.985+0200] {processor.py:830} INFO - Processing file /Users/angel.georgiev/VsCodeProjects/PythonExamples/.venv/lib/python3.10/site-packages/airflow/example_dags/example_subdag_operator.py for tasks to queue
[2024-01-11T20:48:01.986+0200] {logging_mixin.py:188} INFO - [2024-01-11T20:48:01.986+0200] {dagbag.py:538} INFO - Filling up the DagBag from /Users/angel.georgiev/VsCodeProjects/PythonExamples/.venv/lib/python3.10/site-packages/airflow/example_dags/example_subdag_operator.py
[2024-01-11T20:48:02.132+0200] {processor.py:840} INFO - DAG(s) 'example_subdag_operator.section-1', 'example_subdag_operator.section-2', 'example_subdag_operator' retrieved from /Users/angel.georgiev/VsCodeProjects/PythonExamples/.venv/lib/python3.10/site-packages/airflow/example_dags/example_subdag_operator.py
[2024-01-11T20:48:02.169+0200] {logging_mixin.py:188} INFO - [2024-01-11T20:48:02.168+0200] {dag.py:3033} INFO - Sync 3 DAGs
[2024-01-11T20:48:02.182+0200] {logging_mixin.py:188} INFO - [2024-01-11T20:48:02.181+0200] {dag.py:3820} INFO - Setting next_dagrun for example_subdag_operator to 2022-01-01T00:00:00+00:00, run_after=2022-01-01T00:00:00+00:00
[2024-01-11T20:48:02.184+0200] {logging_mixin.py:188} INFO - [2024-01-11T20:48:02.184+0200] {dag.py:3820} INFO - Setting next_dagrun for example_subdag_operator.section-1 to None, run_after=None
[2024-01-11T20:48:02.185+0200] {logging_mixin.py:188} INFO - [2024-01-11T20:48:02.185+0200] {dag.py:3820} INFO - Setting next_dagrun for example_subdag_operator.section-2 to None, run_after=None
[2024-01-11T20:48:02.189+0200] {logging_mixin.py:188} INFO - [2024-01-11T20:48:02.189+0200] {dag.py:3033} INFO - Sync 2 DAGs
[2024-01-11T20:48:02.193+0200] {logging_mixin.py:188} INFO - [2024-01-11T20:48:02.192+0200] {dag.py:3820} INFO - Setting next_dagrun for example_subdag_operator.section-1 to None, run_after=None
[2024-01-11T20:48:02.193+0200] {logging_mixin.py:188} INFO - [2024-01-11T20:48:02.193+0200] {dag.py:3820} INFO - Setting next_dagrun for example_subdag_operator.section-2 to None, run_after=None
[2024-01-11T20:48:02.205+0200] {processor.py:183} INFO - Processing /Users/angel.georgiev/VsCodeProjects/PythonExamples/.venv/lib/python3.10/site-packages/airflow/example_dags/example_subdag_operator.py took 0.225 seconds
[2024-01-11T20:49:57.188+0200] {processor.py:161} INFO - Started process (PID=35666) to work on /Users/angel.georgiev/VsCodeProjects/PythonExamples/.venv/lib/python3.10/site-packages/airflow/example_dags/example_subdag_operator.py
[2024-01-11T20:49:57.193+0200] {processor.py:830} INFO - Processing file /Users/angel.georgiev/VsCodeProjects/PythonExamples/.venv/lib/python3.10/site-packages/airflow/example_dags/example_subdag_operator.py for tasks to queue
[2024-01-11T20:49:57.193+0200] {logging_mixin.py:188} INFO - [2024-01-11T20:49:57.193+0200] {dagbag.py:538} INFO - Filling up the DagBag from /Users/angel.georgiev/VsCodeProjects/PythonExamples/.venv/lib/python3.10/site-packages/airflow/example_dags/example_subdag_operator.py
[2024-01-11T20:49:57.330+0200] {processor.py:840} INFO - DAG(s) 'example_subdag_operator.section-1', 'example_subdag_operator.section-2', 'example_subdag_operator' retrieved from /Users/angel.georgiev/VsCodeProjects/PythonExamples/.venv/lib/python3.10/site-packages/airflow/example_dags/example_subdag_operator.py
[2024-01-11T20:49:57.366+0200] {logging_mixin.py:188} INFO - [2024-01-11T20:49:57.365+0200] {dag.py:3033} INFO - Sync 3 DAGs
[2024-01-11T20:49:57.379+0200] {logging_mixin.py:188} INFO - [2024-01-11T20:49:57.379+0200] {dag.py:3820} INFO - Setting next_dagrun for example_subdag_operator to 2022-01-01T00:00:00+00:00, run_after=2022-01-01T00:00:00+00:00
[2024-01-11T20:49:57.381+0200] {logging_mixin.py:188} INFO - [2024-01-11T20:49:57.381+0200] {dag.py:3820} INFO - Setting next_dagrun for example_subdag_operator.section-1 to None, run_after=None
[2024-01-11T20:49:57.382+0200] {logging_mixin.py:188} INFO - [2024-01-11T20:49:57.382+0200] {dag.py:3820} INFO - Setting next_dagrun for example_subdag_operator.section-2 to None, run_after=None
[2024-01-11T20:49:57.387+0200] {logging_mixin.py:188} INFO - [2024-01-11T20:49:57.386+0200] {dag.py:3033} INFO - Sync 2 DAGs
[2024-01-11T20:49:57.390+0200] {logging_mixin.py:188} INFO - [2024-01-11T20:49:57.390+0200] {dag.py:3820} INFO - Setting next_dagrun for example_subdag_operator.section-1 to None, run_after=None
[2024-01-11T20:49:57.390+0200] {logging_mixin.py:188} INFO - [2024-01-11T20:49:57.390+0200] {dag.py:3820} INFO - Setting next_dagrun for example_subdag_operator.section-2 to None, run_after=None
[2024-01-11T20:49:57.401+0200] {processor.py:183} INFO - Processing /Users/angel.georgiev/VsCodeProjects/PythonExamples/.venv/lib/python3.10/site-packages/airflow/example_dags/example_subdag_operator.py took 0.214 seconds
[2024-01-11T20:51:49.624+0200] {processor.py:161} INFO - Started process (PID=35757) to work on /Users/angel.georgiev/VsCodeProjects/PythonExamples/.venv/lib/python3.10/site-packages/airflow/example_dags/example_subdag_operator.py
[2024-01-11T20:51:49.628+0200] {processor.py:830} INFO - Processing file /Users/angel.georgiev/VsCodeProjects/PythonExamples/.venv/lib/python3.10/site-packages/airflow/example_dags/example_subdag_operator.py for tasks to queue
[2024-01-11T20:51:49.629+0200] {logging_mixin.py:188} INFO - [2024-01-11T20:51:49.629+0200] {dagbag.py:538} INFO - Filling up the DagBag from /Users/angel.georgiev/VsCodeProjects/PythonExamples/.venv/lib/python3.10/site-packages/airflow/example_dags/example_subdag_operator.py
[2024-01-11T20:51:49.764+0200] {processor.py:840} INFO - DAG(s) 'example_subdag_operator.section-1', 'example_subdag_operator.section-2', 'example_subdag_operator' retrieved from /Users/angel.georgiev/VsCodeProjects/PythonExamples/.venv/lib/python3.10/site-packages/airflow/example_dags/example_subdag_operator.py
[2024-01-11T20:51:49.799+0200] {logging_mixin.py:188} INFO - [2024-01-11T20:51:49.799+0200] {dag.py:3033} INFO - Sync 3 DAGs
[2024-01-11T20:51:49.813+0200] {logging_mixin.py:188} INFO - [2024-01-11T20:51:49.813+0200] {dag.py:3820} INFO - Setting next_dagrun for example_subdag_operator to 2022-01-01T00:00:00+00:00, run_after=2022-01-01T00:00:00+00:00
[2024-01-11T20:51:49.815+0200] {logging_mixin.py:188} INFO - [2024-01-11T20:51:49.815+0200] {dag.py:3820} INFO - Setting next_dagrun for example_subdag_operator.section-1 to None, run_after=None
[2024-01-11T20:51:49.816+0200] {logging_mixin.py:188} INFO - [2024-01-11T20:51:49.816+0200] {dag.py:3820} INFO - Setting next_dagrun for example_subdag_operator.section-2 to None, run_after=None
[2024-01-11T20:51:49.821+0200] {logging_mixin.py:188} INFO - [2024-01-11T20:51:49.820+0200] {dag.py:3033} INFO - Sync 2 DAGs
[2024-01-11T20:51:49.824+0200] {logging_mixin.py:188} INFO - [2024-01-11T20:51:49.823+0200] {dag.py:3820} INFO - Setting next_dagrun for example_subdag_operator.section-1 to None, run_after=None
[2024-01-11T20:51:49.824+0200] {logging_mixin.py:188} INFO - [2024-01-11T20:51:49.824+0200] {dag.py:3820} INFO - Setting next_dagrun for example_subdag_operator.section-2 to None, run_after=None
[2024-01-11T20:51:49.836+0200] {processor.py:183} INFO - Processing /Users/angel.georgiev/VsCodeProjects/PythonExamples/.venv/lib/python3.10/site-packages/airflow/example_dags/example_subdag_operator.py took 0.213 seconds
[2024-01-11T20:53:53.072+0200] {processor.py:161} INFO - Started process (PID=35881) to work on /Users/angel.georgiev/VsCodeProjects/PythonExamples/.venv/lib/python3.10/site-packages/airflow/example_dags/example_subdag_operator.py
[2024-01-11T20:53:53.077+0200] {processor.py:830} INFO - Processing file /Users/angel.georgiev/VsCodeProjects/PythonExamples/.venv/lib/python3.10/site-packages/airflow/example_dags/example_subdag_operator.py for tasks to queue
[2024-01-11T20:53:53.077+0200] {logging_mixin.py:188} INFO - [2024-01-11T20:53:53.077+0200] {dagbag.py:538} INFO - Filling up the DagBag from /Users/angel.georgiev/VsCodeProjects/PythonExamples/.venv/lib/python3.10/site-packages/airflow/example_dags/example_subdag_operator.py
[2024-01-11T20:53:53.226+0200] {processor.py:840} INFO - DAG(s) 'example_subdag_operator.section-1', 'example_subdag_operator.section-2', 'example_subdag_operator' retrieved from /Users/angel.georgiev/VsCodeProjects/PythonExamples/.venv/lib/python3.10/site-packages/airflow/example_dags/example_subdag_operator.py
[2024-01-11T20:53:53.265+0200] {logging_mixin.py:188} INFO - [2024-01-11T20:53:53.265+0200] {dag.py:3033} INFO - Sync 3 DAGs
[2024-01-11T20:53:53.278+0200] {logging_mixin.py:188} INFO - [2024-01-11T20:53:53.278+0200] {dag.py:3820} INFO - Setting next_dagrun for example_subdag_operator to 2022-01-01T00:00:00+00:00, run_after=2022-01-01T00:00:00+00:00
[2024-01-11T20:53:53.281+0200] {logging_mixin.py:188} INFO - [2024-01-11T20:53:53.281+0200] {dag.py:3820} INFO - Setting next_dagrun for example_subdag_operator.section-1 to None, run_after=None
[2024-01-11T20:53:53.281+0200] {logging_mixin.py:188} INFO - [2024-01-11T20:53:53.281+0200] {dag.py:3820} INFO - Setting next_dagrun for example_subdag_operator.section-2 to None, run_after=None
[2024-01-11T20:53:53.287+0200] {logging_mixin.py:188} INFO - [2024-01-11T20:53:53.287+0200] {dag.py:3033} INFO - Sync 2 DAGs
[2024-01-11T20:53:53.291+0200] {logging_mixin.py:188} INFO - [2024-01-11T20:53:53.291+0200] {dag.py:3820} INFO - Setting next_dagrun for example_subdag_operator.section-1 to None, run_after=None
[2024-01-11T20:53:53.291+0200] {logging_mixin.py:188} INFO - [2024-01-11T20:53:53.291+0200] {dag.py:3820} INFO - Setting next_dagrun for example_subdag_operator.section-2 to None, run_after=None
[2024-01-11T20:53:53.303+0200] {processor.py:183} INFO - Processing /Users/angel.georgiev/VsCodeProjects/PythonExamples/.venv/lib/python3.10/site-packages/airflow/example_dags/example_subdag_operator.py took 0.232 seconds
[2024-01-11T20:56:07.913+0200] {processor.py:161} INFO - Started process (PID=36074) to work on /Users/angel.georgiev/VsCodeProjects/PythonExamples/.venv/lib/python3.10/site-packages/airflow/example_dags/example_subdag_operator.py
[2024-01-11T20:56:07.918+0200] {processor.py:830} INFO - Processing file /Users/angel.georgiev/VsCodeProjects/PythonExamples/.venv/lib/python3.10/site-packages/airflow/example_dags/example_subdag_operator.py for tasks to queue
[2024-01-11T20:56:07.919+0200] {logging_mixin.py:188} INFO - [2024-01-11T20:56:07.919+0200] {dagbag.py:538} INFO - Filling up the DagBag from /Users/angel.georgiev/VsCodeProjects/PythonExamples/.venv/lib/python3.10/site-packages/airflow/example_dags/example_subdag_operator.py
[2024-01-11T20:56:08.115+0200] {processor.py:840} INFO - DAG(s) 'example_subdag_operator.section-1', 'example_subdag_operator.section-2', 'example_subdag_operator' retrieved from /Users/angel.georgiev/VsCodeProjects/PythonExamples/.venv/lib/python3.10/site-packages/airflow/example_dags/example_subdag_operator.py
[2024-01-11T20:56:08.180+0200] {logging_mixin.py:188} INFO - [2024-01-11T20:56:08.179+0200] {dag.py:3033} INFO - Sync 3 DAGs
[2024-01-11T20:56:08.200+0200] {logging_mixin.py:188} INFO - [2024-01-11T20:56:08.200+0200] {dag.py:3820} INFO - Setting next_dagrun for example_subdag_operator to 2022-01-01T00:00:00+00:00, run_after=2022-01-01T00:00:00+00:00
[2024-01-11T20:56:08.203+0200] {logging_mixin.py:188} INFO - [2024-01-11T20:56:08.203+0200] {dag.py:3820} INFO - Setting next_dagrun for example_subdag_operator.section-1 to None, run_after=None
[2024-01-11T20:56:08.205+0200] {logging_mixin.py:188} INFO - [2024-01-11T20:56:08.205+0200] {dag.py:3820} INFO - Setting next_dagrun for example_subdag_operator.section-2 to None, run_after=None
[2024-01-11T20:56:08.213+0200] {logging_mixin.py:188} INFO - [2024-01-11T20:56:08.213+0200] {dag.py:3033} INFO - Sync 2 DAGs
[2024-01-11T20:56:08.216+0200] {logging_mixin.py:188} INFO - [2024-01-11T20:56:08.216+0200] {dag.py:3820} INFO - Setting next_dagrun for example_subdag_operator.section-1 to None, run_after=None
[2024-01-11T20:56:08.217+0200] {logging_mixin.py:188} INFO - [2024-01-11T20:56:08.217+0200] {dag.py:3820} INFO - Setting next_dagrun for example_subdag_operator.section-2 to None, run_after=None
[2024-01-11T20:56:08.232+0200] {processor.py:183} INFO - Processing /Users/angel.georgiev/VsCodeProjects/PythonExamples/.venv/lib/python3.10/site-packages/airflow/example_dags/example_subdag_operator.py took 0.320 seconds
[2024-01-11T20:58:33.760+0200] {processor.py:161} INFO - Started process (PID=36167) to work on /Users/angel.georgiev/VsCodeProjects/PythonExamples/.venv/lib/python3.10/site-packages/airflow/example_dags/example_subdag_operator.py
[2024-01-11T20:58:33.764+0200] {processor.py:830} INFO - Processing file /Users/angel.georgiev/VsCodeProjects/PythonExamples/.venv/lib/python3.10/site-packages/airflow/example_dags/example_subdag_operator.py for tasks to queue
[2024-01-11T20:58:33.765+0200] {logging_mixin.py:188} INFO - [2024-01-11T20:58:33.764+0200] {dagbag.py:538} INFO - Filling up the DagBag from /Users/angel.georgiev/VsCodeProjects/PythonExamples/.venv/lib/python3.10/site-packages/airflow/example_dags/example_subdag_operator.py
[2024-01-11T20:58:33.909+0200] {processor.py:840} INFO - DAG(s) 'example_subdag_operator.section-1', 'example_subdag_operator.section-2', 'example_subdag_operator' retrieved from /Users/angel.georgiev/VsCodeProjects/PythonExamples/.venv/lib/python3.10/site-packages/airflow/example_dags/example_subdag_operator.py
[2024-01-11T20:58:33.950+0200] {logging_mixin.py:188} INFO - [2024-01-11T20:58:33.949+0200] {dag.py:3033} INFO - Sync 3 DAGs
[2024-01-11T20:58:33.963+0200] {logging_mixin.py:188} INFO - [2024-01-11T20:58:33.963+0200] {dag.py:3820} INFO - Setting next_dagrun for example_subdag_operator to 2022-01-01T00:00:00+00:00, run_after=2022-01-01T00:00:00+00:00
[2024-01-11T20:58:33.966+0200] {logging_mixin.py:188} INFO - [2024-01-11T20:58:33.966+0200] {dag.py:3820} INFO - Setting next_dagrun for example_subdag_operator.section-1 to None, run_after=None
[2024-01-11T20:58:33.967+0200] {logging_mixin.py:188} INFO - [2024-01-11T20:58:33.967+0200] {dag.py:3820} INFO - Setting next_dagrun for example_subdag_operator.section-2 to None, run_after=None
[2024-01-11T20:58:33.972+0200] {logging_mixin.py:188} INFO - [2024-01-11T20:58:33.972+0200] {dag.py:3033} INFO - Sync 2 DAGs
[2024-01-11T20:58:33.976+0200] {logging_mixin.py:188} INFO - [2024-01-11T20:58:33.975+0200] {dag.py:3820} INFO - Setting next_dagrun for example_subdag_operator.section-1 to None, run_after=None
[2024-01-11T20:58:33.976+0200] {logging_mixin.py:188} INFO - [2024-01-11T20:58:33.976+0200] {dag.py:3820} INFO - Setting next_dagrun for example_subdag_operator.section-2 to None, run_after=None
[2024-01-11T20:58:33.988+0200] {processor.py:183} INFO - Processing /Users/angel.georgiev/VsCodeProjects/PythonExamples/.venv/lib/python3.10/site-packages/airflow/example_dags/example_subdag_operator.py took 0.230 seconds
