[2024-01-11T20:14:10.895+0200] {processor.py:161} INFO - Started process (PID=33237) to work on /Users/angel.georgiev/VsCodeProjects/PythonExamples/.venv/lib/python3.10/site-packages/airflow/example_dags/example_sla_dag.py
[2024-01-11T20:14:10.899+0200] {processor.py:830} INFO - Processing file /Users/angel.georgiev/VsCodeProjects/PythonExamples/.venv/lib/python3.10/site-packages/airflow/example_dags/example_sla_dag.py for tasks to queue
[2024-01-11T20:14:10.900+0200] {logging_mixin.py:188} INFO - [2024-01-11T20:14:10.900+0200] {dagbag.py:538} INFO - Filling up the DagBag from /Users/angel.georgiev/VsCodeProjects/PythonExamples/.venv/lib/python3.10/site-packages/airflow/example_dags/example_sla_dag.py
[2024-01-11T20:14:10.999+0200] {processor.py:840} INFO - DAG(s) 'example_sla_dag' retrieved from /Users/angel.georgiev/VsCodeProjects/PythonExamples/.venv/lib/python3.10/site-packages/airflow/example_dags/example_sla_dag.py
[2024-01-11T20:14:11.175+0200] {logging_mixin.py:188} INFO - [2024-01-11T20:14:11.175+0200] {dag.py:3033} INFO - Sync 1 DAGs
[2024-01-11T20:14:11.191+0200] {logging_mixin.py:188} INFO - [2024-01-11T20:14:11.190+0200] {dag.py:3820} INFO - Setting next_dagrun for example_sla_dag to 2024-01-11T18:12:00+00:00, run_after=2024-01-11T18:14:00+00:00
[2024-01-11T20:14:11.210+0200] {processor.py:183} INFO - Processing /Users/angel.georgiev/VsCodeProjects/PythonExamples/.venv/lib/python3.10/site-packages/airflow/example_dags/example_sla_dag.py took 0.316 seconds
[2024-01-11T20:17:10.394+0200] {processor.py:161} INFO - Started process (PID=33495) to work on /Users/angel.georgiev/VsCodeProjects/PythonExamples/.venv/lib/python3.10/site-packages/airflow/example_dags/example_sla_dag.py
[2024-01-11T20:17:10.399+0200] {processor.py:830} INFO - Processing file /Users/angel.georgiev/VsCodeProjects/PythonExamples/.venv/lib/python3.10/site-packages/airflow/example_dags/example_sla_dag.py for tasks to queue
[2024-01-11T20:17:10.399+0200] {logging_mixin.py:188} INFO - [2024-01-11T20:17:10.399+0200] {dagbag.py:538} INFO - Filling up the DagBag from /Users/angel.georgiev/VsCodeProjects/PythonExamples/.venv/lib/python3.10/site-packages/airflow/example_dags/example_sla_dag.py
[2024-01-11T20:17:10.487+0200] {processor.py:840} INFO - DAG(s) 'example_sla_dag' retrieved from /Users/angel.georgiev/VsCodeProjects/PythonExamples/.venv/lib/python3.10/site-packages/airflow/example_dags/example_sla_dag.py
[2024-01-11T20:17:10.581+0200] {logging_mixin.py:188} INFO - [2024-01-11T20:17:10.580+0200] {dag.py:3033} INFO - Sync 1 DAGs
[2024-01-11T20:17:10.597+0200] {logging_mixin.py:188} INFO - [2024-01-11T20:17:10.596+0200] {dag.py:3820} INFO - Setting next_dagrun for example_sla_dag to 2024-01-11T18:14:00+00:00, run_after=2024-01-11T18:16:00+00:00
[2024-01-11T20:17:10.615+0200] {processor.py:183} INFO - Processing /Users/angel.georgiev/VsCodeProjects/PythonExamples/.venv/lib/python3.10/site-packages/airflow/example_dags/example_sla_dag.py took 0.222 seconds
[2024-01-11T20:19:35.811+0200] {processor.py:161} INFO - Started process (PID=33668) to work on /Users/angel.georgiev/VsCodeProjects/PythonExamples/.venv/lib/python3.10/site-packages/airflow/example_dags/example_sla_dag.py
[2024-01-11T20:19:35.815+0200] {processor.py:830} INFO - Processing file /Users/angel.georgiev/VsCodeProjects/PythonExamples/.venv/lib/python3.10/site-packages/airflow/example_dags/example_sla_dag.py for tasks to queue
[2024-01-11T20:19:35.816+0200] {logging_mixin.py:188} INFO - [2024-01-11T20:19:35.815+0200] {dagbag.py:538} INFO - Filling up the DagBag from /Users/angel.georgiev/VsCodeProjects/PythonExamples/.venv/lib/python3.10/site-packages/airflow/example_dags/example_sla_dag.py
[2024-01-11T20:19:35.907+0200] {processor.py:840} INFO - DAG(s) 'example_sla_dag' retrieved from /Users/angel.georgiev/VsCodeProjects/PythonExamples/.venv/lib/python3.10/site-packages/airflow/example_dags/example_sla_dag.py
[2024-01-11T20:19:36.007+0200] {logging_mixin.py:188} INFO - [2024-01-11T20:19:36.006+0200] {dag.py:3033} INFO - Sync 1 DAGs
[2024-01-11T20:19:36.023+0200] {logging_mixin.py:188} INFO - [2024-01-11T20:19:36.023+0200] {dag.py:3820} INFO - Setting next_dagrun for example_sla_dag to 2024-01-11T18:16:00+00:00, run_after=2024-01-11T18:18:00+00:00
[2024-01-11T20:19:36.042+0200] {processor.py:183} INFO - Processing /Users/angel.georgiev/VsCodeProjects/PythonExamples/.venv/lib/python3.10/site-packages/airflow/example_dags/example_sla_dag.py took 0.233 seconds
[2024-01-11T20:22:00.310+0200] {processor.py:161} INFO - Started process (PID=33797) to work on /Users/angel.georgiev/VsCodeProjects/PythonExamples/.venv/lib/python3.10/site-packages/airflow/example_dags/example_sla_dag.py
[2024-01-11T20:22:00.314+0200] {processor.py:830} INFO - Processing file /Users/angel.georgiev/VsCodeProjects/PythonExamples/.venv/lib/python3.10/site-packages/airflow/example_dags/example_sla_dag.py for tasks to queue
[2024-01-11T20:22:00.315+0200] {logging_mixin.py:188} INFO - [2024-01-11T20:22:00.314+0200] {dagbag.py:538} INFO - Filling up the DagBag from /Users/angel.georgiev/VsCodeProjects/PythonExamples/.venv/lib/python3.10/site-packages/airflow/example_dags/example_sla_dag.py
[2024-01-11T20:22:00.405+0200] {processor.py:840} INFO - DAG(s) 'example_sla_dag' retrieved from /Users/angel.georgiev/VsCodeProjects/PythonExamples/.venv/lib/python3.10/site-packages/airflow/example_dags/example_sla_dag.py
[2024-01-11T20:22:00.505+0200] {logging_mixin.py:188} INFO - [2024-01-11T20:22:00.504+0200] {dag.py:3033} INFO - Sync 1 DAGs
[2024-01-11T20:22:00.520+0200] {logging_mixin.py:188} INFO - [2024-01-11T20:22:00.520+0200] {dag.py:3820} INFO - Setting next_dagrun for example_sla_dag to 2024-01-11T18:20:00+00:00, run_after=2024-01-11T18:22:00+00:00
[2024-01-11T20:22:00.537+0200] {processor.py:183} INFO - Processing /Users/angel.georgiev/VsCodeProjects/PythonExamples/.venv/lib/python3.10/site-packages/airflow/example_dags/example_sla_dag.py took 0.229 seconds
[2024-01-11T20:24:22.236+0200] {processor.py:161} INFO - Started process (PID=34002) to work on /Users/angel.georgiev/VsCodeProjects/PythonExamples/.venv/lib/python3.10/site-packages/airflow/example_dags/example_sla_dag.py
[2024-01-11T20:24:22.245+0200] {processor.py:830} INFO - Processing file /Users/angel.georgiev/VsCodeProjects/PythonExamples/.venv/lib/python3.10/site-packages/airflow/example_dags/example_sla_dag.py for tasks to queue
[2024-01-11T20:24:22.246+0200] {logging_mixin.py:188} INFO - [2024-01-11T20:24:22.246+0200] {dagbag.py:538} INFO - Filling up the DagBag from /Users/angel.georgiev/VsCodeProjects/PythonExamples/.venv/lib/python3.10/site-packages/airflow/example_dags/example_sla_dag.py
[2024-01-11T20:24:22.366+0200] {processor.py:840} INFO - DAG(s) 'example_sla_dag' retrieved from /Users/angel.georgiev/VsCodeProjects/PythonExamples/.venv/lib/python3.10/site-packages/airflow/example_dags/example_sla_dag.py
[2024-01-11T20:24:22.572+0200] {logging_mixin.py:188} INFO - [2024-01-11T20:24:22.571+0200] {dag.py:3033} INFO - Sync 1 DAGs
[2024-01-11T20:24:22.775+0200] {logging_mixin.py:188} INFO - [2024-01-11T20:24:22.775+0200] {dag.py:3820} INFO - Setting next_dagrun for example_sla_dag to 2024-01-11T18:22:00+00:00, run_after=2024-01-11T18:24:00+00:00
[2024-01-11T20:24:22.863+0200] {processor.py:183} INFO - Processing /Users/angel.georgiev/VsCodeProjects/PythonExamples/.venv/lib/python3.10/site-packages/airflow/example_dags/example_sla_dag.py took 0.628 seconds
[2024-01-11T20:26:40.757+0200] {processor.py:161} INFO - Started process (PID=34132) to work on /Users/angel.georgiev/VsCodeProjects/PythonExamples/.venv/lib/python3.10/site-packages/airflow/example_dags/example_sla_dag.py
[2024-01-11T20:26:40.764+0200] {processor.py:830} INFO - Processing file /Users/angel.georgiev/VsCodeProjects/PythonExamples/.venv/lib/python3.10/site-packages/airflow/example_dags/example_sla_dag.py for tasks to queue
[2024-01-11T20:26:40.764+0200] {logging_mixin.py:188} INFO - [2024-01-11T20:26:40.764+0200] {dagbag.py:538} INFO - Filling up the DagBag from /Users/angel.georgiev/VsCodeProjects/PythonExamples/.venv/lib/python3.10/site-packages/airflow/example_dags/example_sla_dag.py
[2024-01-11T20:26:40.892+0200] {processor.py:840} INFO - DAG(s) 'example_sla_dag' retrieved from /Users/angel.georgiev/VsCodeProjects/PythonExamples/.venv/lib/python3.10/site-packages/airflow/example_dags/example_sla_dag.py
[2024-01-11T20:26:41.095+0200] {logging_mixin.py:188} INFO - [2024-01-11T20:26:41.095+0200] {dag.py:3033} INFO - Sync 1 DAGs
[2024-01-11T20:26:41.124+0200] {logging_mixin.py:188} INFO - [2024-01-11T20:26:41.124+0200] {dag.py:3820} INFO - Setting next_dagrun for example_sla_dag to 2024-01-11T18:24:00+00:00, run_after=2024-01-11T18:26:00+00:00
[2024-01-11T20:26:41.153+0200] {processor.py:183} INFO - Processing /Users/angel.georgiev/VsCodeProjects/PythonExamples/.venv/lib/python3.10/site-packages/airflow/example_dags/example_sla_dag.py took 0.398 seconds
[2024-01-11T20:29:14.582+0200] {processor.py:161} INFO - Started process (PID=34330) to work on /Users/angel.georgiev/VsCodeProjects/PythonExamples/.venv/lib/python3.10/site-packages/airflow/example_dags/example_sla_dag.py
[2024-01-11T20:29:14.586+0200] {processor.py:830} INFO - Processing file /Users/angel.georgiev/VsCodeProjects/PythonExamples/.venv/lib/python3.10/site-packages/airflow/example_dags/example_sla_dag.py for tasks to queue
[2024-01-11T20:29:14.587+0200] {logging_mixin.py:188} INFO - [2024-01-11T20:29:14.586+0200] {dagbag.py:538} INFO - Filling up the DagBag from /Users/angel.georgiev/VsCodeProjects/PythonExamples/.venv/lib/python3.10/site-packages/airflow/example_dags/example_sla_dag.py
[2024-01-11T20:29:14.682+0200] {processor.py:840} INFO - DAG(s) 'example_sla_dag' retrieved from /Users/angel.georgiev/VsCodeProjects/PythonExamples/.venv/lib/python3.10/site-packages/airflow/example_dags/example_sla_dag.py
[2024-01-11T20:29:14.780+0200] {logging_mixin.py:188} INFO - [2024-01-11T20:29:14.780+0200] {dag.py:3033} INFO - Sync 1 DAGs
[2024-01-11T20:29:14.797+0200] {logging_mixin.py:188} INFO - [2024-01-11T20:29:14.796+0200] {dag.py:3820} INFO - Setting next_dagrun for example_sla_dag to 2024-01-11T18:26:00+00:00, run_after=2024-01-11T18:28:00+00:00
[2024-01-11T20:29:14.816+0200] {processor.py:183} INFO - Processing /Users/angel.georgiev/VsCodeProjects/PythonExamples/.venv/lib/python3.10/site-packages/airflow/example_dags/example_sla_dag.py took 0.235 seconds
[2024-01-11T20:31:51.227+0200] {processor.py:161} INFO - Started process (PID=34453) to work on /Users/angel.georgiev/VsCodeProjects/PythonExamples/.venv/lib/python3.10/site-packages/airflow/example_dags/example_sla_dag.py
[2024-01-11T20:31:51.234+0200] {processor.py:830} INFO - Processing file /Users/angel.georgiev/VsCodeProjects/PythonExamples/.venv/lib/python3.10/site-packages/airflow/example_dags/example_sla_dag.py for tasks to queue
[2024-01-11T20:31:51.234+0200] {logging_mixin.py:188} INFO - [2024-01-11T20:31:51.234+0200] {dagbag.py:538} INFO - Filling up the DagBag from /Users/angel.georgiev/VsCodeProjects/PythonExamples/.venv/lib/python3.10/site-packages/airflow/example_dags/example_sla_dag.py
[2024-01-11T20:31:51.372+0200] {processor.py:840} INFO - DAG(s) 'example_sla_dag' retrieved from /Users/angel.georgiev/VsCodeProjects/PythonExamples/.venv/lib/python3.10/site-packages/airflow/example_dags/example_sla_dag.py
[2024-01-11T20:31:51.488+0200] {logging_mixin.py:188} INFO - [2024-01-11T20:31:51.487+0200] {dag.py:3033} INFO - Sync 1 DAGs
[2024-01-11T20:31:51.510+0200] {logging_mixin.py:188} INFO - [2024-01-11T20:31:51.510+0200] {dag.py:3820} INFO - Setting next_dagrun for example_sla_dag to 2024-01-11T18:28:00+00:00, run_after=2024-01-11T18:30:00+00:00
[2024-01-11T20:31:51.539+0200] {processor.py:183} INFO - Processing /Users/angel.georgiev/VsCodeProjects/PythonExamples/.venv/lib/python3.10/site-packages/airflow/example_dags/example_sla_dag.py took 0.313 seconds
[2024-01-11T20:34:45.434+0200] {processor.py:161} INFO - Started process (PID=34584) to work on /Users/angel.georgiev/VsCodeProjects/PythonExamples/.venv/lib/python3.10/site-packages/airflow/example_dags/example_sla_dag.py
[2024-01-11T20:34:45.440+0200] {processor.py:830} INFO - Processing file /Users/angel.georgiev/VsCodeProjects/PythonExamples/.venv/lib/python3.10/site-packages/airflow/example_dags/example_sla_dag.py for tasks to queue
[2024-01-11T20:34:45.441+0200] {logging_mixin.py:188} INFO - [2024-01-11T20:34:45.441+0200] {dagbag.py:538} INFO - Filling up the DagBag from /Users/angel.georgiev/VsCodeProjects/PythonExamples/.venv/lib/python3.10/site-packages/airflow/example_dags/example_sla_dag.py
[2024-01-11T20:34:45.658+0200] {processor.py:840} INFO - DAG(s) 'example_sla_dag' retrieved from /Users/angel.georgiev/VsCodeProjects/PythonExamples/.venv/lib/python3.10/site-packages/airflow/example_dags/example_sla_dag.py
[2024-01-11T20:34:45.777+0200] {logging_mixin.py:188} INFO - [2024-01-11T20:34:45.776+0200] {dag.py:3033} INFO - Sync 1 DAGs
[2024-01-11T20:34:45.796+0200] {logging_mixin.py:188} INFO - [2024-01-11T20:34:45.796+0200] {dag.py:3820} INFO - Setting next_dagrun for example_sla_dag to 2024-01-11T18:32:00+00:00, run_after=2024-01-11T18:34:00+00:00
[2024-01-11T20:34:45.818+0200] {processor.py:183} INFO - Processing /Users/angel.georgiev/VsCodeProjects/PythonExamples/.venv/lib/python3.10/site-packages/airflow/example_dags/example_sla_dag.py took 0.385 seconds
[2024-01-11T20:37:49.269+0200] {processor.py:161} INFO - Started process (PID=34858) to work on /Users/angel.georgiev/VsCodeProjects/PythonExamples/.venv/lib/python3.10/site-packages/airflow/example_dags/example_sla_dag.py
[2024-01-11T20:37:49.276+0200] {processor.py:830} INFO - Processing file /Users/angel.georgiev/VsCodeProjects/PythonExamples/.venv/lib/python3.10/site-packages/airflow/example_dags/example_sla_dag.py for tasks to queue
[2024-01-11T20:37:49.276+0200] {logging_mixin.py:188} INFO - [2024-01-11T20:37:49.276+0200] {dagbag.py:538} INFO - Filling up the DagBag from /Users/angel.georgiev/VsCodeProjects/PythonExamples/.venv/lib/python3.10/site-packages/airflow/example_dags/example_sla_dag.py
[2024-01-11T20:37:49.393+0200] {processor.py:840} INFO - DAG(s) 'example_sla_dag' retrieved from /Users/angel.georgiev/VsCodeProjects/PythonExamples/.venv/lib/python3.10/site-packages/airflow/example_dags/example_sla_dag.py
[2024-01-11T20:37:49.526+0200] {logging_mixin.py:188} INFO - [2024-01-11T20:37:49.526+0200] {dag.py:3033} INFO - Sync 1 DAGs
[2024-01-11T20:37:49.551+0200] {logging_mixin.py:188} INFO - [2024-01-11T20:37:49.551+0200] {dag.py:3820} INFO - Setting next_dagrun for example_sla_dag to 2024-01-11T18:34:00+00:00, run_after=2024-01-11T18:36:00+00:00
[2024-01-11T20:37:49.609+0200] {processor.py:183} INFO - Processing /Users/angel.georgiev/VsCodeProjects/PythonExamples/.venv/lib/python3.10/site-packages/airflow/example_dags/example_sla_dag.py took 0.342 seconds
[2024-01-11T20:40:53.045+0200] {processor.py:161} INFO - Started process (PID=35045) to work on /Users/angel.georgiev/VsCodeProjects/PythonExamples/.venv/lib/python3.10/site-packages/airflow/example_dags/example_sla_dag.py
[2024-01-11T20:40:53.050+0200] {processor.py:830} INFO - Processing file /Users/angel.georgiev/VsCodeProjects/PythonExamples/.venv/lib/python3.10/site-packages/airflow/example_dags/example_sla_dag.py for tasks to queue
[2024-01-11T20:40:53.051+0200] {logging_mixin.py:188} INFO - [2024-01-11T20:40:53.051+0200] {dagbag.py:538} INFO - Filling up the DagBag from /Users/angel.georgiev/VsCodeProjects/PythonExamples/.venv/lib/python3.10/site-packages/airflow/example_dags/example_sla_dag.py
[2024-01-11T20:40:53.160+0200] {processor.py:840} INFO - DAG(s) 'example_sla_dag' retrieved from /Users/angel.georgiev/VsCodeProjects/PythonExamples/.venv/lib/python3.10/site-packages/airflow/example_dags/example_sla_dag.py
[2024-01-11T20:40:53.280+0200] {logging_mixin.py:188} INFO - [2024-01-11T20:40:53.279+0200] {dag.py:3033} INFO - Sync 1 DAGs
[2024-01-11T20:40:53.301+0200] {logging_mixin.py:188} INFO - [2024-01-11T20:40:53.301+0200] {dag.py:3820} INFO - Setting next_dagrun for example_sla_dag to 2024-01-11T18:38:00+00:00, run_after=2024-01-11T18:40:00+00:00
[2024-01-11T20:40:53.326+0200] {processor.py:183} INFO - Processing /Users/angel.georgiev/VsCodeProjects/PythonExamples/.venv/lib/python3.10/site-packages/airflow/example_dags/example_sla_dag.py took 0.283 seconds
[2024-01-11T20:44:01.257+0200] {processor.py:161} INFO - Started process (PID=35312) to work on /Users/angel.georgiev/VsCodeProjects/PythonExamples/.venv/lib/python3.10/site-packages/airflow/example_dags/example_sla_dag.py
[2024-01-11T20:44:01.262+0200] {processor.py:830} INFO - Processing file /Users/angel.georgiev/VsCodeProjects/PythonExamples/.venv/lib/python3.10/site-packages/airflow/example_dags/example_sla_dag.py for tasks to queue
[2024-01-11T20:44:01.263+0200] {logging_mixin.py:188} INFO - [2024-01-11T20:44:01.262+0200] {dagbag.py:538} INFO - Filling up the DagBag from /Users/angel.georgiev/VsCodeProjects/PythonExamples/.venv/lib/python3.10/site-packages/airflow/example_dags/example_sla_dag.py
[2024-01-11T20:44:01.356+0200] {processor.py:840} INFO - DAG(s) 'example_sla_dag' retrieved from /Users/angel.georgiev/VsCodeProjects/PythonExamples/.venv/lib/python3.10/site-packages/airflow/example_dags/example_sla_dag.py
[2024-01-11T20:44:01.460+0200] {logging_mixin.py:188} INFO - [2024-01-11T20:44:01.459+0200] {dag.py:3033} INFO - Sync 1 DAGs
[2024-01-11T20:44:01.482+0200] {logging_mixin.py:188} INFO - [2024-01-11T20:44:01.482+0200] {dag.py:3820} INFO - Setting next_dagrun for example_sla_dag to 2024-01-11T18:42:00+00:00, run_after=2024-01-11T18:44:00+00:00
[2024-01-11T20:44:01.502+0200] {processor.py:183} INFO - Processing /Users/angel.georgiev/VsCodeProjects/PythonExamples/.venv/lib/python3.10/site-packages/airflow/example_dags/example_sla_dag.py took 0.247 seconds
[2024-01-11T20:46:05.228+0200] {processor.py:161} INFO - Started process (PID=35393) to work on /Users/angel.georgiev/VsCodeProjects/PythonExamples/.venv/lib/python3.10/site-packages/airflow/example_dags/example_sla_dag.py
[2024-01-11T20:46:05.232+0200] {processor.py:830} INFO - Processing file /Users/angel.georgiev/VsCodeProjects/PythonExamples/.venv/lib/python3.10/site-packages/airflow/example_dags/example_sla_dag.py for tasks to queue
[2024-01-11T20:46:05.233+0200] {logging_mixin.py:188} INFO - [2024-01-11T20:46:05.233+0200] {dagbag.py:538} INFO - Filling up the DagBag from /Users/angel.georgiev/VsCodeProjects/PythonExamples/.venv/lib/python3.10/site-packages/airflow/example_dags/example_sla_dag.py
[2024-01-11T20:46:05.325+0200] {processor.py:840} INFO - DAG(s) 'example_sla_dag' retrieved from /Users/angel.georgiev/VsCodeProjects/PythonExamples/.venv/lib/python3.10/site-packages/airflow/example_dags/example_sla_dag.py
[2024-01-11T20:46:05.425+0200] {logging_mixin.py:188} INFO - [2024-01-11T20:46:05.425+0200] {dag.py:3033} INFO - Sync 1 DAGs
[2024-01-11T20:46:05.441+0200] {logging_mixin.py:188} INFO - [2024-01-11T20:46:05.441+0200] {dag.py:3820} INFO - Setting next_dagrun for example_sla_dag to 2024-01-11T18:44:00+00:00, run_after=2024-01-11T18:46:00+00:00
[2024-01-11T20:46:05.458+0200] {processor.py:183} INFO - Processing /Users/angel.georgiev/VsCodeProjects/PythonExamples/.venv/lib/python3.10/site-packages/airflow/example_dags/example_sla_dag.py took 0.232 seconds
[2024-01-11T20:48:05.015+0200] {processor.py:161} INFO - Started process (PID=35480) to work on /Users/angel.georgiev/VsCodeProjects/PythonExamples/.venv/lib/python3.10/site-packages/airflow/example_dags/example_sla_dag.py
[2024-01-11T20:48:05.020+0200] {processor.py:830} INFO - Processing file /Users/angel.georgiev/VsCodeProjects/PythonExamples/.venv/lib/python3.10/site-packages/airflow/example_dags/example_sla_dag.py for tasks to queue
[2024-01-11T20:48:05.020+0200] {logging_mixin.py:188} INFO - [2024-01-11T20:48:05.020+0200] {dagbag.py:538} INFO - Filling up the DagBag from /Users/angel.georgiev/VsCodeProjects/PythonExamples/.venv/lib/python3.10/site-packages/airflow/example_dags/example_sla_dag.py
[2024-01-11T20:48:05.108+0200] {processor.py:840} INFO - DAG(s) 'example_sla_dag' retrieved from /Users/angel.georgiev/VsCodeProjects/PythonExamples/.venv/lib/python3.10/site-packages/airflow/example_dags/example_sla_dag.py
[2024-01-11T20:48:05.200+0200] {logging_mixin.py:188} INFO - [2024-01-11T20:48:05.200+0200] {dag.py:3033} INFO - Sync 1 DAGs
[2024-01-11T20:48:05.216+0200] {logging_mixin.py:188} INFO - [2024-01-11T20:48:05.216+0200] {dag.py:3820} INFO - Setting next_dagrun for example_sla_dag to 2024-01-11T18:46:00+00:00, run_after=2024-01-11T18:48:00+00:00
[2024-01-11T20:48:05.235+0200] {processor.py:183} INFO - Processing /Users/angel.georgiev/VsCodeProjects/PythonExamples/.venv/lib/python3.10/site-packages/airflow/example_dags/example_sla_dag.py took 0.221 seconds
[2024-01-11T20:50:00.213+0200] {processor.py:161} INFO - Started process (PID=35668) to work on /Users/angel.georgiev/VsCodeProjects/PythonExamples/.venv/lib/python3.10/site-packages/airflow/example_dags/example_sla_dag.py
[2024-01-11T20:50:00.218+0200] {processor.py:830} INFO - Processing file /Users/angel.georgiev/VsCodeProjects/PythonExamples/.venv/lib/python3.10/site-packages/airflow/example_dags/example_sla_dag.py for tasks to queue
[2024-01-11T20:50:00.218+0200] {logging_mixin.py:188} INFO - [2024-01-11T20:50:00.218+0200] {dagbag.py:538} INFO - Filling up the DagBag from /Users/angel.georgiev/VsCodeProjects/PythonExamples/.venv/lib/python3.10/site-packages/airflow/example_dags/example_sla_dag.py
[2024-01-11T20:50:00.305+0200] {processor.py:840} INFO - DAG(s) 'example_sla_dag' retrieved from /Users/angel.georgiev/VsCodeProjects/PythonExamples/.venv/lib/python3.10/site-packages/airflow/example_dags/example_sla_dag.py
[2024-01-11T20:50:00.394+0200] {logging_mixin.py:188} INFO - [2024-01-11T20:50:00.393+0200] {dag.py:3033} INFO - Sync 1 DAGs
[2024-01-11T20:50:00.409+0200] {logging_mixin.py:188} INFO - [2024-01-11T20:50:00.409+0200] {dag.py:3820} INFO - Setting next_dagrun for example_sla_dag to 2024-01-11T18:48:00+00:00, run_after=2024-01-11T18:50:00+00:00
[2024-01-11T20:50:00.428+0200] {processor.py:183} INFO - Processing /Users/angel.georgiev/VsCodeProjects/PythonExamples/.venv/lib/python3.10/site-packages/airflow/example_dags/example_sla_dag.py took 0.216 seconds
[2024-01-11T20:51:52.670+0200] {processor.py:161} INFO - Started process (PID=35759) to work on /Users/angel.georgiev/VsCodeProjects/PythonExamples/.venv/lib/python3.10/site-packages/airflow/example_dags/example_sla_dag.py
[2024-01-11T20:51:52.674+0200] {processor.py:830} INFO - Processing file /Users/angel.georgiev/VsCodeProjects/PythonExamples/.venv/lib/python3.10/site-packages/airflow/example_dags/example_sla_dag.py for tasks to queue
[2024-01-11T20:51:52.675+0200] {logging_mixin.py:188} INFO - [2024-01-11T20:51:52.675+0200] {dagbag.py:538} INFO - Filling up the DagBag from /Users/angel.georgiev/VsCodeProjects/PythonExamples/.venv/lib/python3.10/site-packages/airflow/example_dags/example_sla_dag.py
[2024-01-11T20:51:52.759+0200] {processor.py:840} INFO - DAG(s) 'example_sla_dag' retrieved from /Users/angel.georgiev/VsCodeProjects/PythonExamples/.venv/lib/python3.10/site-packages/airflow/example_dags/example_sla_dag.py
[2024-01-11T20:51:52.845+0200] {logging_mixin.py:188} INFO - [2024-01-11T20:51:52.845+0200] {dag.py:3033} INFO - Sync 1 DAGs
[2024-01-11T20:51:52.860+0200] {logging_mixin.py:188} INFO - [2024-01-11T20:51:52.860+0200] {dag.py:3820} INFO - Setting next_dagrun for example_sla_dag to 2024-01-11T18:48:00+00:00, run_after=2024-01-11T18:50:00+00:00
[2024-01-11T20:51:52.876+0200] {processor.py:183} INFO - Processing /Users/angel.georgiev/VsCodeProjects/PythonExamples/.venv/lib/python3.10/site-packages/airflow/example_dags/example_sla_dag.py took 0.208 seconds
[2024-01-11T20:53:57.390+0200] {processor.py:161} INFO - Started process (PID=35884) to work on /Users/angel.georgiev/VsCodeProjects/PythonExamples/.venv/lib/python3.10/site-packages/airflow/example_dags/example_sla_dag.py
[2024-01-11T20:53:57.394+0200] {processor.py:830} INFO - Processing file /Users/angel.georgiev/VsCodeProjects/PythonExamples/.venv/lib/python3.10/site-packages/airflow/example_dags/example_sla_dag.py for tasks to queue
[2024-01-11T20:53:57.394+0200] {logging_mixin.py:188} INFO - [2024-01-11T20:53:57.394+0200] {dagbag.py:538} INFO - Filling up the DagBag from /Users/angel.georgiev/VsCodeProjects/PythonExamples/.venv/lib/python3.10/site-packages/airflow/example_dags/example_sla_dag.py
[2024-01-11T20:53:57.517+0200] {processor.py:840} INFO - DAG(s) 'example_sla_dag' retrieved from /Users/angel.georgiev/VsCodeProjects/PythonExamples/.venv/lib/python3.10/site-packages/airflow/example_dags/example_sla_dag.py
[2024-01-11T20:53:57.693+0200] {logging_mixin.py:188} INFO - [2024-01-11T20:53:57.693+0200] {dag.py:3033} INFO - Sync 1 DAGs
[2024-01-11T20:53:57.718+0200] {logging_mixin.py:188} INFO - [2024-01-11T20:53:57.718+0200] {dag.py:3820} INFO - Setting next_dagrun for example_sla_dag to 2024-01-11T18:50:00+00:00, run_after=2024-01-11T18:52:00+00:00
[2024-01-11T20:53:57.743+0200] {processor.py:183} INFO - Processing /Users/angel.georgiev/VsCodeProjects/PythonExamples/.venv/lib/python3.10/site-packages/airflow/example_dags/example_sla_dag.py took 0.354 seconds
[2024-01-11T20:56:11.738+0200] {processor.py:161} INFO - Started process (PID=36077) to work on /Users/angel.georgiev/VsCodeProjects/PythonExamples/.venv/lib/python3.10/site-packages/airflow/example_dags/example_sla_dag.py
[2024-01-11T20:56:11.746+0200] {processor.py:830} INFO - Processing file /Users/angel.georgiev/VsCodeProjects/PythonExamples/.venv/lib/python3.10/site-packages/airflow/example_dags/example_sla_dag.py for tasks to queue
[2024-01-11T20:56:11.746+0200] {logging_mixin.py:188} INFO - [2024-01-11T20:56:11.746+0200] {dagbag.py:538} INFO - Filling up the DagBag from /Users/angel.georgiev/VsCodeProjects/PythonExamples/.venv/lib/python3.10/site-packages/airflow/example_dags/example_sla_dag.py
[2024-01-11T20:56:11.868+0200] {processor.py:840} INFO - DAG(s) 'example_sla_dag' retrieved from /Users/angel.georgiev/VsCodeProjects/PythonExamples/.venv/lib/python3.10/site-packages/airflow/example_dags/example_sla_dag.py
[2024-01-11T20:56:12.029+0200] {logging_mixin.py:188} INFO - [2024-01-11T20:56:12.029+0200] {dag.py:3033} INFO - Sync 1 DAGs
[2024-01-11T20:56:12.063+0200] {logging_mixin.py:188} INFO - [2024-01-11T20:56:12.062+0200] {dag.py:3820} INFO - Setting next_dagrun for example_sla_dag to 2024-01-11T18:54:00+00:00, run_after=2024-01-11T18:56:00+00:00
[2024-01-11T20:56:12.085+0200] {processor.py:183} INFO - Processing /Users/angel.georgiev/VsCodeProjects/PythonExamples/.venv/lib/python3.10/site-packages/airflow/example_dags/example_sla_dag.py took 0.348 seconds
[2024-01-11T20:58:36.976+0200] {processor.py:161} INFO - Started process (PID=36181) to work on /Users/angel.georgiev/VsCodeProjects/PythonExamples/.venv/lib/python3.10/site-packages/airflow/example_dags/example_sla_dag.py
[2024-01-11T20:58:36.980+0200] {processor.py:830} INFO - Processing file /Users/angel.georgiev/VsCodeProjects/PythonExamples/.venv/lib/python3.10/site-packages/airflow/example_dags/example_sla_dag.py for tasks to queue
[2024-01-11T20:58:36.981+0200] {logging_mixin.py:188} INFO - [2024-01-11T20:58:36.981+0200] {dagbag.py:538} INFO - Filling up the DagBag from /Users/angel.georgiev/VsCodeProjects/PythonExamples/.venv/lib/python3.10/site-packages/airflow/example_dags/example_sla_dag.py
[2024-01-11T20:58:37.086+0200] {processor.py:840} INFO - DAG(s) 'example_sla_dag' retrieved from /Users/angel.georgiev/VsCodeProjects/PythonExamples/.venv/lib/python3.10/site-packages/airflow/example_dags/example_sla_dag.py
[2024-01-11T20:58:37.181+0200] {logging_mixin.py:188} INFO - [2024-01-11T20:58:37.180+0200] {dag.py:3033} INFO - Sync 1 DAGs
[2024-01-11T20:58:37.197+0200] {logging_mixin.py:188} INFO - [2024-01-11T20:58:37.197+0200] {dag.py:3820} INFO - Setting next_dagrun for example_sla_dag to 2024-01-11T18:56:00+00:00, run_after=2024-01-11T18:58:00+00:00
[2024-01-11T20:58:37.216+0200] {processor.py:183} INFO - Processing /Users/angel.georgiev/VsCodeProjects/PythonExamples/.venv/lib/python3.10/site-packages/airflow/example_dags/example_sla_dag.py took 0.241 seconds
