[2024-01-11T20:14:14.248+0200] {processor.py:161} INFO - Started process (PID=33238) to work on /Users/angel.georgiev/VsCodeProjects/PythonExamples/.venv/lib/python3.10/site-packages/airflow/example_dags/example_skip_dag.py
[2024-01-11T20:14:14.254+0200] {processor.py:830} INFO - Processing file /Users/angel.georgiev/VsCodeProjects/PythonExamples/.venv/lib/python3.10/site-packages/airflow/example_dags/example_skip_dag.py for tasks to queue
[2024-01-11T20:14:14.255+0200] {logging_mixin.py:188} INFO - [2024-01-11T20:14:14.255+0200] {dagbag.py:538} INFO - Filling up the DagBag from /Users/angel.georgiev/VsCodeProjects/PythonExamples/.venv/lib/python3.10/site-packages/airflow/example_dags/example_skip_dag.py
[2024-01-11T20:14:14.270+0200] {processor.py:840} INFO - DAG(s) 'example_skip_dag' retrieved from /Users/angel.georgiev/VsCodeProjects/PythonExamples/.venv/lib/python3.10/site-packages/airflow/example_dags/example_skip_dag.py
[2024-01-11T20:14:14.506+0200] {logging_mixin.py:188} INFO - [2024-01-11T20:14:14.506+0200] {dag.py:3033} INFO - Sync 1 DAGs
[2024-01-11T20:14:14.521+0200] {logging_mixin.py:188} INFO - [2024-01-11T20:14:14.521+0200] {dag.py:3820} INFO - Setting next_dagrun for example_skip_dag to 2024-01-10T00:00:00+00:00, run_after=2024-01-11T00:00:00+00:00
[2024-01-11T20:14:14.538+0200] {processor.py:183} INFO - Processing /Users/angel.georgiev/VsCodeProjects/PythonExamples/.venv/lib/python3.10/site-packages/airflow/example_dags/example_skip_dag.py took 0.292 seconds
[2024-01-11T20:17:15.489+0200] {processor.py:161} INFO - Started process (PID=33497) to work on /Users/angel.georgiev/VsCodeProjects/PythonExamples/.venv/lib/python3.10/site-packages/airflow/example_dags/example_skip_dag.py
[2024-01-11T20:17:15.495+0200] {processor.py:830} INFO - Processing file /Users/angel.georgiev/VsCodeProjects/PythonExamples/.venv/lib/python3.10/site-packages/airflow/example_dags/example_skip_dag.py for tasks to queue
[2024-01-11T20:17:15.496+0200] {logging_mixin.py:188} INFO - [2024-01-11T20:17:15.496+0200] {dagbag.py:538} INFO - Filling up the DagBag from /Users/angel.georgiev/VsCodeProjects/PythonExamples/.venv/lib/python3.10/site-packages/airflow/example_dags/example_skip_dag.py
[2024-01-11T20:17:15.507+0200] {processor.py:840} INFO - DAG(s) 'example_skip_dag' retrieved from /Users/angel.georgiev/VsCodeProjects/PythonExamples/.venv/lib/python3.10/site-packages/airflow/example_dags/example_skip_dag.py
[2024-01-11T20:17:16.072+0200] {logging_mixin.py:188} INFO - [2024-01-11T20:17:16.071+0200] {dag.py:3033} INFO - Sync 1 DAGs
[2024-01-11T20:17:16.094+0200] {logging_mixin.py:188} INFO - [2024-01-11T20:17:16.093+0200] {dag.py:3820} INFO - Setting next_dagrun for example_skip_dag to 2024-01-10T00:00:00+00:00, run_after=2024-01-11T00:00:00+00:00
[2024-01-11T20:17:16.114+0200] {processor.py:183} INFO - Processing /Users/angel.georgiev/VsCodeProjects/PythonExamples/.venv/lib/python3.10/site-packages/airflow/example_dags/example_skip_dag.py took 0.626 seconds
[2024-01-11T20:19:38.239+0200] {processor.py:161} INFO - Started process (PID=33675) to work on /Users/angel.georgiev/VsCodeProjects/PythonExamples/.venv/lib/python3.10/site-packages/airflow/example_dags/example_skip_dag.py
[2024-01-11T20:19:38.244+0200] {processor.py:830} INFO - Processing file /Users/angel.georgiev/VsCodeProjects/PythonExamples/.venv/lib/python3.10/site-packages/airflow/example_dags/example_skip_dag.py for tasks to queue
[2024-01-11T20:19:38.244+0200] {logging_mixin.py:188} INFO - [2024-01-11T20:19:38.244+0200] {dagbag.py:538} INFO - Filling up the DagBag from /Users/angel.georgiev/VsCodeProjects/PythonExamples/.venv/lib/python3.10/site-packages/airflow/example_dags/example_skip_dag.py
[2024-01-11T20:19:38.257+0200] {processor.py:840} INFO - DAG(s) 'example_skip_dag' retrieved from /Users/angel.georgiev/VsCodeProjects/PythonExamples/.venv/lib/python3.10/site-packages/airflow/example_dags/example_skip_dag.py
[2024-01-11T20:19:38.405+0200] {logging_mixin.py:188} INFO - [2024-01-11T20:19:38.404+0200] {dag.py:3033} INFO - Sync 1 DAGs
[2024-01-11T20:19:38.420+0200] {logging_mixin.py:188} INFO - [2024-01-11T20:19:38.419+0200] {dag.py:3820} INFO - Setting next_dagrun for example_skip_dag to 2024-01-10T00:00:00+00:00, run_after=2024-01-11T00:00:00+00:00
[2024-01-11T20:19:38.436+0200] {processor.py:183} INFO - Processing /Users/angel.georgiev/VsCodeProjects/PythonExamples/.venv/lib/python3.10/site-packages/airflow/example_dags/example_skip_dag.py took 0.198 seconds
[2024-01-11T20:22:03.415+0200] {processor.py:161} INFO - Started process (PID=33799) to work on /Users/angel.georgiev/VsCodeProjects/PythonExamples/.venv/lib/python3.10/site-packages/airflow/example_dags/example_skip_dag.py
[2024-01-11T20:22:03.419+0200] {processor.py:830} INFO - Processing file /Users/angel.georgiev/VsCodeProjects/PythonExamples/.venv/lib/python3.10/site-packages/airflow/example_dags/example_skip_dag.py for tasks to queue
[2024-01-11T20:22:03.420+0200] {logging_mixin.py:188} INFO - [2024-01-11T20:22:03.420+0200] {dagbag.py:538} INFO - Filling up the DagBag from /Users/angel.georgiev/VsCodeProjects/PythonExamples/.venv/lib/python3.10/site-packages/airflow/example_dags/example_skip_dag.py
[2024-01-11T20:22:03.430+0200] {processor.py:840} INFO - DAG(s) 'example_skip_dag' retrieved from /Users/angel.georgiev/VsCodeProjects/PythonExamples/.venv/lib/python3.10/site-packages/airflow/example_dags/example_skip_dag.py
[2024-01-11T20:22:03.576+0200] {logging_mixin.py:188} INFO - [2024-01-11T20:22:03.576+0200] {dag.py:3033} INFO - Sync 1 DAGs
[2024-01-11T20:22:03.591+0200] {logging_mixin.py:188} INFO - [2024-01-11T20:22:03.591+0200] {dag.py:3820} INFO - Setting next_dagrun for example_skip_dag to 2024-01-10T00:00:00+00:00, run_after=2024-01-11T00:00:00+00:00
[2024-01-11T20:22:03.608+0200] {processor.py:183} INFO - Processing /Users/angel.georgiev/VsCodeProjects/PythonExamples/.venv/lib/python3.10/site-packages/airflow/example_dags/example_skip_dag.py took 0.194 seconds
[2024-01-11T20:24:28.421+0200] {processor.py:161} INFO - Started process (PID=34010) to work on /Users/angel.georgiev/VsCodeProjects/PythonExamples/.venv/lib/python3.10/site-packages/airflow/example_dags/example_skip_dag.py
[2024-01-11T20:24:28.432+0200] {processor.py:830} INFO - Processing file /Users/angel.georgiev/VsCodeProjects/PythonExamples/.venv/lib/python3.10/site-packages/airflow/example_dags/example_skip_dag.py for tasks to queue
[2024-01-11T20:24:28.434+0200] {logging_mixin.py:188} INFO - [2024-01-11T20:24:28.433+0200] {dagbag.py:538} INFO - Filling up the DagBag from /Users/angel.georgiev/VsCodeProjects/PythonExamples/.venv/lib/python3.10/site-packages/airflow/example_dags/example_skip_dag.py
[2024-01-11T20:24:28.463+0200] {processor.py:840} INFO - DAG(s) 'example_skip_dag' retrieved from /Users/angel.georgiev/VsCodeProjects/PythonExamples/.venv/lib/python3.10/site-packages/airflow/example_dags/example_skip_dag.py
[2024-01-11T20:24:28.713+0200] {logging_mixin.py:188} INFO - [2024-01-11T20:24:28.713+0200] {dag.py:3033} INFO - Sync 1 DAGs
[2024-01-11T20:24:28.742+0200] {logging_mixin.py:188} INFO - [2024-01-11T20:24:28.741+0200] {dag.py:3820} INFO - Setting next_dagrun for example_skip_dag to 2024-01-10T00:00:00+00:00, run_after=2024-01-11T00:00:00+00:00
[2024-01-11T20:24:28.777+0200] {processor.py:183} INFO - Processing /Users/angel.georgiev/VsCodeProjects/PythonExamples/.venv/lib/python3.10/site-packages/airflow/example_dags/example_skip_dag.py took 0.358 seconds
[2024-01-11T20:26:47.472+0200] {processor.py:161} INFO - Started process (PID=34135) to work on /Users/angel.georgiev/VsCodeProjects/PythonExamples/.venv/lib/python3.10/site-packages/airflow/example_dags/example_skip_dag.py
[2024-01-11T20:26:47.477+0200] {processor.py:830} INFO - Processing file /Users/angel.georgiev/VsCodeProjects/PythonExamples/.venv/lib/python3.10/site-packages/airflow/example_dags/example_skip_dag.py for tasks to queue
[2024-01-11T20:26:47.477+0200] {logging_mixin.py:188} INFO - [2024-01-11T20:26:47.477+0200] {dagbag.py:538} INFO - Filling up the DagBag from /Users/angel.georgiev/VsCodeProjects/PythonExamples/.venv/lib/python3.10/site-packages/airflow/example_dags/example_skip_dag.py
[2024-01-11T20:26:47.491+0200] {processor.py:840} INFO - DAG(s) 'example_skip_dag' retrieved from /Users/angel.georgiev/VsCodeProjects/PythonExamples/.venv/lib/python3.10/site-packages/airflow/example_dags/example_skip_dag.py
[2024-01-11T20:26:47.881+0200] {logging_mixin.py:188} INFO - [2024-01-11T20:26:47.881+0200] {dag.py:3033} INFO - Sync 1 DAGs
[2024-01-11T20:26:47.910+0200] {logging_mixin.py:188} INFO - [2024-01-11T20:26:47.910+0200] {dag.py:3820} INFO - Setting next_dagrun for example_skip_dag to 2024-01-10T00:00:00+00:00, run_after=2024-01-11T00:00:00+00:00
[2024-01-11T20:26:47.953+0200] {processor.py:183} INFO - Processing /Users/angel.georgiev/VsCodeProjects/PythonExamples/.venv/lib/python3.10/site-packages/airflow/example_dags/example_skip_dag.py took 0.482 seconds
[2024-01-11T20:29:18.447+0200] {processor.py:161} INFO - Started process (PID=34331) to work on /Users/angel.georgiev/VsCodeProjects/PythonExamples/.venv/lib/python3.10/site-packages/airflow/example_dags/example_skip_dag.py
[2024-01-11T20:29:18.454+0200] {processor.py:830} INFO - Processing file /Users/angel.georgiev/VsCodeProjects/PythonExamples/.venv/lib/python3.10/site-packages/airflow/example_dags/example_skip_dag.py for tasks to queue
[2024-01-11T20:29:18.455+0200] {logging_mixin.py:188} INFO - [2024-01-11T20:29:18.455+0200] {dagbag.py:538} INFO - Filling up the DagBag from /Users/angel.georgiev/VsCodeProjects/PythonExamples/.venv/lib/python3.10/site-packages/airflow/example_dags/example_skip_dag.py
[2024-01-11T20:29:18.468+0200] {processor.py:840} INFO - DAG(s) 'example_skip_dag' retrieved from /Users/angel.georgiev/VsCodeProjects/PythonExamples/.venv/lib/python3.10/site-packages/airflow/example_dags/example_skip_dag.py
[2024-01-11T20:29:19.195+0200] {logging_mixin.py:188} INFO - [2024-01-11T20:29:19.195+0200] {dag.py:3033} INFO - Sync 1 DAGs
[2024-01-11T20:29:19.228+0200] {logging_mixin.py:188} INFO - [2024-01-11T20:29:19.228+0200] {dag.py:3820} INFO - Setting next_dagrun for example_skip_dag to 2024-01-10T00:00:00+00:00, run_after=2024-01-11T00:00:00+00:00
[2024-01-11T20:29:19.252+0200] {processor.py:183} INFO - Processing /Users/angel.georgiev/VsCodeProjects/PythonExamples/.venv/lib/python3.10/site-packages/airflow/example_dags/example_skip_dag.py took 0.807 seconds
[2024-01-11T20:31:54.987+0200] {processor.py:161} INFO - Started process (PID=34459) to work on /Users/angel.georgiev/VsCodeProjects/PythonExamples/.venv/lib/python3.10/site-packages/airflow/example_dags/example_skip_dag.py
[2024-01-11T20:31:54.992+0200] {processor.py:830} INFO - Processing file /Users/angel.georgiev/VsCodeProjects/PythonExamples/.venv/lib/python3.10/site-packages/airflow/example_dags/example_skip_dag.py for tasks to queue
[2024-01-11T20:31:54.993+0200] {logging_mixin.py:188} INFO - [2024-01-11T20:31:54.993+0200] {dagbag.py:538} INFO - Filling up the DagBag from /Users/angel.georgiev/VsCodeProjects/PythonExamples/.venv/lib/python3.10/site-packages/airflow/example_dags/example_skip_dag.py
[2024-01-11T20:31:55.006+0200] {processor.py:840} INFO - DAG(s) 'example_skip_dag' retrieved from /Users/angel.georgiev/VsCodeProjects/PythonExamples/.venv/lib/python3.10/site-packages/airflow/example_dags/example_skip_dag.py
[2024-01-11T20:31:55.173+0200] {logging_mixin.py:188} INFO - [2024-01-11T20:31:55.172+0200] {dag.py:3033} INFO - Sync 1 DAGs
[2024-01-11T20:31:55.191+0200] {logging_mixin.py:188} INFO - [2024-01-11T20:31:55.191+0200] {dag.py:3820} INFO - Setting next_dagrun for example_skip_dag to 2024-01-10T00:00:00+00:00, run_after=2024-01-11T00:00:00+00:00
[2024-01-11T20:31:55.214+0200] {processor.py:183} INFO - Processing /Users/angel.georgiev/VsCodeProjects/PythonExamples/.venv/lib/python3.10/site-packages/airflow/example_dags/example_skip_dag.py took 0.228 seconds
[2024-01-11T20:34:49.169+0200] {processor.py:161} INFO - Started process (PID=34585) to work on /Users/angel.georgiev/VsCodeProjects/PythonExamples/.venv/lib/python3.10/site-packages/airflow/example_dags/example_skip_dag.py
[2024-01-11T20:34:49.174+0200] {processor.py:830} INFO - Processing file /Users/angel.georgiev/VsCodeProjects/PythonExamples/.venv/lib/python3.10/site-packages/airflow/example_dags/example_skip_dag.py for tasks to queue
[2024-01-11T20:34:49.175+0200] {logging_mixin.py:188} INFO - [2024-01-11T20:34:49.175+0200] {dagbag.py:538} INFO - Filling up the DagBag from /Users/angel.georgiev/VsCodeProjects/PythonExamples/.venv/lib/python3.10/site-packages/airflow/example_dags/example_skip_dag.py
[2024-01-11T20:34:49.188+0200] {processor.py:840} INFO - DAG(s) 'example_skip_dag' retrieved from /Users/angel.georgiev/VsCodeProjects/PythonExamples/.venv/lib/python3.10/site-packages/airflow/example_dags/example_skip_dag.py
[2024-01-11T20:34:49.350+0200] {logging_mixin.py:188} INFO - [2024-01-11T20:34:49.349+0200] {dag.py:3033} INFO - Sync 1 DAGs
[2024-01-11T20:34:49.368+0200] {logging_mixin.py:188} INFO - [2024-01-11T20:34:49.368+0200] {dag.py:3820} INFO - Setting next_dagrun for example_skip_dag to 2024-01-10T00:00:00+00:00, run_after=2024-01-11T00:00:00+00:00
[2024-01-11T20:34:49.389+0200] {processor.py:183} INFO - Processing /Users/angel.georgiev/VsCodeProjects/PythonExamples/.venv/lib/python3.10/site-packages/airflow/example_dags/example_skip_dag.py took 0.222 seconds
[2024-01-11T20:37:53.650+0200] {processor.py:161} INFO - Started process (PID=34864) to work on /Users/angel.georgiev/VsCodeProjects/PythonExamples/.venv/lib/python3.10/site-packages/airflow/example_dags/example_skip_dag.py
[2024-01-11T20:37:53.655+0200] {processor.py:830} INFO - Processing file /Users/angel.georgiev/VsCodeProjects/PythonExamples/.venv/lib/python3.10/site-packages/airflow/example_dags/example_skip_dag.py for tasks to queue
[2024-01-11T20:37:53.656+0200] {logging_mixin.py:188} INFO - [2024-01-11T20:37:53.656+0200] {dagbag.py:538} INFO - Filling up the DagBag from /Users/angel.georgiev/VsCodeProjects/PythonExamples/.venv/lib/python3.10/site-packages/airflow/example_dags/example_skip_dag.py
[2024-01-11T20:37:53.672+0200] {processor.py:840} INFO - DAG(s) 'example_skip_dag' retrieved from /Users/angel.georgiev/VsCodeProjects/PythonExamples/.venv/lib/python3.10/site-packages/airflow/example_dags/example_skip_dag.py
[2024-01-11T20:37:53.862+0200] {logging_mixin.py:188} INFO - [2024-01-11T20:37:53.862+0200] {dag.py:3033} INFO - Sync 1 DAGs
[2024-01-11T20:37:53.882+0200] {logging_mixin.py:188} INFO - [2024-01-11T20:37:53.882+0200] {dag.py:3820} INFO - Setting next_dagrun for example_skip_dag to 2024-01-10T00:00:00+00:00, run_after=2024-01-11T00:00:00+00:00
[2024-01-11T20:37:53.906+0200] {processor.py:183} INFO - Processing /Users/angel.georgiev/VsCodeProjects/PythonExamples/.venv/lib/python3.10/site-packages/airflow/example_dags/example_skip_dag.py took 0.258 seconds
[2024-01-11T20:41:03.270+0200] {processor.py:161} INFO - Started process (PID=35057) to work on /Users/angel.georgiev/VsCodeProjects/PythonExamples/.venv/lib/python3.10/site-packages/airflow/example_dags/example_skip_dag.py
[2024-01-11T20:41:03.289+0200] {processor.py:830} INFO - Processing file /Users/angel.georgiev/VsCodeProjects/PythonExamples/.venv/lib/python3.10/site-packages/airflow/example_dags/example_skip_dag.py for tasks to queue
[2024-01-11T20:41:03.290+0200] {logging_mixin.py:188} INFO - [2024-01-11T20:41:03.289+0200] {dagbag.py:538} INFO - Filling up the DagBag from /Users/angel.georgiev/VsCodeProjects/PythonExamples/.venv/lib/python3.10/site-packages/airflow/example_dags/example_skip_dag.py
[2024-01-11T20:41:03.338+0200] {processor.py:840} INFO - DAG(s) 'example_skip_dag' retrieved from /Users/angel.georgiev/VsCodeProjects/PythonExamples/.venv/lib/python3.10/site-packages/airflow/example_dags/example_skip_dag.py
[2024-01-11T20:41:03.795+0200] {logging_mixin.py:188} INFO - [2024-01-11T20:41:03.795+0200] {dag.py:3033} INFO - Sync 1 DAGs
[2024-01-11T20:41:03.854+0200] {logging_mixin.py:188} INFO - [2024-01-11T20:41:03.854+0200] {dag.py:3820} INFO - Setting next_dagrun for example_skip_dag to 2024-01-10T00:00:00+00:00, run_after=2024-01-11T00:00:00+00:00
[2024-01-11T20:41:03.901+0200] {processor.py:183} INFO - Processing /Users/angel.georgiev/VsCodeProjects/PythonExamples/.venv/lib/python3.10/site-packages/airflow/example_dags/example_skip_dag.py took 0.645 seconds
[2024-01-11T20:44:04.607+0200] {processor.py:161} INFO - Started process (PID=35313) to work on /Users/angel.georgiev/VsCodeProjects/PythonExamples/.venv/lib/python3.10/site-packages/airflow/example_dags/example_skip_dag.py
[2024-01-11T20:44:04.612+0200] {processor.py:830} INFO - Processing file /Users/angel.georgiev/VsCodeProjects/PythonExamples/.venv/lib/python3.10/site-packages/airflow/example_dags/example_skip_dag.py for tasks to queue
[2024-01-11T20:44:04.613+0200] {logging_mixin.py:188} INFO - [2024-01-11T20:44:04.613+0200] {dagbag.py:538} INFO - Filling up the DagBag from /Users/angel.georgiev/VsCodeProjects/PythonExamples/.venv/lib/python3.10/site-packages/airflow/example_dags/example_skip_dag.py
[2024-01-11T20:44:04.625+0200] {processor.py:840} INFO - DAG(s) 'example_skip_dag' retrieved from /Users/angel.georgiev/VsCodeProjects/PythonExamples/.venv/lib/python3.10/site-packages/airflow/example_dags/example_skip_dag.py
[2024-01-11T20:44:04.776+0200] {logging_mixin.py:188} INFO - [2024-01-11T20:44:04.776+0200] {dag.py:3033} INFO - Sync 1 DAGs
[2024-01-11T20:44:04.793+0200] {logging_mixin.py:188} INFO - [2024-01-11T20:44:04.793+0200] {dag.py:3820} INFO - Setting next_dagrun for example_skip_dag to 2024-01-10T00:00:00+00:00, run_after=2024-01-11T00:00:00+00:00
[2024-01-11T20:44:04.814+0200] {processor.py:183} INFO - Processing /Users/angel.georgiev/VsCodeProjects/PythonExamples/.venv/lib/python3.10/site-packages/airflow/example_dags/example_skip_dag.py took 0.208 seconds
[2024-01-11T20:46:08.488+0200] {processor.py:161} INFO - Started process (PID=35396) to work on /Users/angel.georgiev/VsCodeProjects/PythonExamples/.venv/lib/python3.10/site-packages/airflow/example_dags/example_skip_dag.py
[2024-01-11T20:46:08.492+0200] {processor.py:830} INFO - Processing file /Users/angel.georgiev/VsCodeProjects/PythonExamples/.venv/lib/python3.10/site-packages/airflow/example_dags/example_skip_dag.py for tasks to queue
[2024-01-11T20:46:08.493+0200] {logging_mixin.py:188} INFO - [2024-01-11T20:46:08.493+0200] {dagbag.py:538} INFO - Filling up the DagBag from /Users/angel.georgiev/VsCodeProjects/PythonExamples/.venv/lib/python3.10/site-packages/airflow/example_dags/example_skip_dag.py
[2024-01-11T20:46:08.503+0200] {processor.py:840} INFO - DAG(s) 'example_skip_dag' retrieved from /Users/angel.georgiev/VsCodeProjects/PythonExamples/.venv/lib/python3.10/site-packages/airflow/example_dags/example_skip_dag.py
[2024-01-11T20:46:08.684+0200] {logging_mixin.py:188} INFO - [2024-01-11T20:46:08.683+0200] {dag.py:3033} INFO - Sync 1 DAGs
[2024-01-11T20:46:08.709+0200] {logging_mixin.py:188} INFO - [2024-01-11T20:46:08.708+0200] {dag.py:3820} INFO - Setting next_dagrun for example_skip_dag to 2024-01-10T00:00:00+00:00, run_after=2024-01-11T00:00:00+00:00
[2024-01-11T20:46:08.732+0200] {processor.py:183} INFO - Processing /Users/angel.georgiev/VsCodeProjects/PythonExamples/.venv/lib/python3.10/site-packages/airflow/example_dags/example_skip_dag.py took 0.245 seconds
[2024-01-11T20:48:08.036+0200] {processor.py:161} INFO - Started process (PID=35481) to work on /Users/angel.georgiev/VsCodeProjects/PythonExamples/.venv/lib/python3.10/site-packages/airflow/example_dags/example_skip_dag.py
[2024-01-11T20:48:08.040+0200] {processor.py:830} INFO - Processing file /Users/angel.georgiev/VsCodeProjects/PythonExamples/.venv/lib/python3.10/site-packages/airflow/example_dags/example_skip_dag.py for tasks to queue
[2024-01-11T20:48:08.040+0200] {logging_mixin.py:188} INFO - [2024-01-11T20:48:08.040+0200] {dagbag.py:538} INFO - Filling up the DagBag from /Users/angel.georgiev/VsCodeProjects/PythonExamples/.venv/lib/python3.10/site-packages/airflow/example_dags/example_skip_dag.py
[2024-01-11T20:48:08.050+0200] {processor.py:840} INFO - DAG(s) 'example_skip_dag' retrieved from /Users/angel.georgiev/VsCodeProjects/PythonExamples/.venv/lib/python3.10/site-packages/airflow/example_dags/example_skip_dag.py
[2024-01-11T20:48:08.190+0200] {logging_mixin.py:188} INFO - [2024-01-11T20:48:08.189+0200] {dag.py:3033} INFO - Sync 1 DAGs
[2024-01-11T20:48:08.204+0200] {logging_mixin.py:188} INFO - [2024-01-11T20:48:08.204+0200] {dag.py:3820} INFO - Setting next_dagrun for example_skip_dag to 2024-01-10T00:00:00+00:00, run_after=2024-01-11T00:00:00+00:00
[2024-01-11T20:48:08.222+0200] {processor.py:183} INFO - Processing /Users/angel.georgiev/VsCodeProjects/PythonExamples/.venv/lib/python3.10/site-packages/airflow/example_dags/example_skip_dag.py took 0.188 seconds
[2024-01-11T20:50:03.243+0200] {processor.py:161} INFO - Started process (PID=35669) to work on /Users/angel.georgiev/VsCodeProjects/PythonExamples/.venv/lib/python3.10/site-packages/airflow/example_dags/example_skip_dag.py
[2024-01-11T20:50:03.247+0200] {processor.py:830} INFO - Processing file /Users/angel.georgiev/VsCodeProjects/PythonExamples/.venv/lib/python3.10/site-packages/airflow/example_dags/example_skip_dag.py for tasks to queue
[2024-01-11T20:50:03.248+0200] {logging_mixin.py:188} INFO - [2024-01-11T20:50:03.248+0200] {dagbag.py:538} INFO - Filling up the DagBag from /Users/angel.georgiev/VsCodeProjects/PythonExamples/.venv/lib/python3.10/site-packages/airflow/example_dags/example_skip_dag.py
[2024-01-11T20:50:03.257+0200] {processor.py:840} INFO - DAG(s) 'example_skip_dag' retrieved from /Users/angel.georgiev/VsCodeProjects/PythonExamples/.venv/lib/python3.10/site-packages/airflow/example_dags/example_skip_dag.py
[2024-01-11T20:50:03.395+0200] {logging_mixin.py:188} INFO - [2024-01-11T20:50:03.395+0200] {dag.py:3033} INFO - Sync 1 DAGs
[2024-01-11T20:50:03.409+0200] {logging_mixin.py:188} INFO - [2024-01-11T20:50:03.409+0200] {dag.py:3820} INFO - Setting next_dagrun for example_skip_dag to 2024-01-10T00:00:00+00:00, run_after=2024-01-11T00:00:00+00:00
[2024-01-11T20:50:03.424+0200] {processor.py:183} INFO - Processing /Users/angel.georgiev/VsCodeProjects/PythonExamples/.venv/lib/python3.10/site-packages/airflow/example_dags/example_skip_dag.py took 0.182 seconds
[2024-01-11T20:51:55.674+0200] {processor.py:161} INFO - Started process (PID=35760) to work on /Users/angel.georgiev/VsCodeProjects/PythonExamples/.venv/lib/python3.10/site-packages/airflow/example_dags/example_skip_dag.py
[2024-01-11T20:51:55.678+0200] {processor.py:830} INFO - Processing file /Users/angel.georgiev/VsCodeProjects/PythonExamples/.venv/lib/python3.10/site-packages/airflow/example_dags/example_skip_dag.py for tasks to queue
[2024-01-11T20:51:55.679+0200] {logging_mixin.py:188} INFO - [2024-01-11T20:51:55.678+0200] {dagbag.py:538} INFO - Filling up the DagBag from /Users/angel.georgiev/VsCodeProjects/PythonExamples/.venv/lib/python3.10/site-packages/airflow/example_dags/example_skip_dag.py
[2024-01-11T20:51:55.688+0200] {processor.py:840} INFO - DAG(s) 'example_skip_dag' retrieved from /Users/angel.georgiev/VsCodeProjects/PythonExamples/.venv/lib/python3.10/site-packages/airflow/example_dags/example_skip_dag.py
[2024-01-11T20:51:55.826+0200] {logging_mixin.py:188} INFO - [2024-01-11T20:51:55.826+0200] {dag.py:3033} INFO - Sync 1 DAGs
[2024-01-11T20:51:55.840+0200] {logging_mixin.py:188} INFO - [2024-01-11T20:51:55.840+0200] {dag.py:3820} INFO - Setting next_dagrun for example_skip_dag to 2024-01-10T00:00:00+00:00, run_after=2024-01-11T00:00:00+00:00
[2024-01-11T20:51:55.856+0200] {processor.py:183} INFO - Processing /Users/angel.georgiev/VsCodeProjects/PythonExamples/.venv/lib/python3.10/site-packages/airflow/example_dags/example_skip_dag.py took 0.184 seconds
[2024-01-11T20:54:00.868+0200] {processor.py:161} INFO - Started process (PID=35886) to work on /Users/angel.georgiev/VsCodeProjects/PythonExamples/.venv/lib/python3.10/site-packages/airflow/example_dags/example_skip_dag.py
[2024-01-11T20:54:00.872+0200] {processor.py:830} INFO - Processing file /Users/angel.georgiev/VsCodeProjects/PythonExamples/.venv/lib/python3.10/site-packages/airflow/example_dags/example_skip_dag.py for tasks to queue
[2024-01-11T20:54:00.872+0200] {logging_mixin.py:188} INFO - [2024-01-11T20:54:00.872+0200] {dagbag.py:538} INFO - Filling up the DagBag from /Users/angel.georgiev/VsCodeProjects/PythonExamples/.venv/lib/python3.10/site-packages/airflow/example_dags/example_skip_dag.py
[2024-01-11T20:54:00.883+0200] {processor.py:840} INFO - DAG(s) 'example_skip_dag' retrieved from /Users/angel.georgiev/VsCodeProjects/PythonExamples/.venv/lib/python3.10/site-packages/airflow/example_dags/example_skip_dag.py
[2024-01-11T20:54:01.073+0200] {logging_mixin.py:188} INFO - [2024-01-11T20:54:01.073+0200] {dag.py:3033} INFO - Sync 1 DAGs
[2024-01-11T20:54:01.090+0200] {logging_mixin.py:188} INFO - [2024-01-11T20:54:01.089+0200] {dag.py:3820} INFO - Setting next_dagrun for example_skip_dag to 2024-01-10T00:00:00+00:00, run_after=2024-01-11T00:00:00+00:00
[2024-01-11T20:54:01.108+0200] {processor.py:183} INFO - Processing /Users/angel.georgiev/VsCodeProjects/PythonExamples/.venv/lib/python3.10/site-packages/airflow/example_dags/example_skip_dag.py took 0.242 seconds
[2024-01-11T20:56:14.525+0200] {processor.py:161} INFO - Started process (PID=36078) to work on /Users/angel.georgiev/VsCodeProjects/PythonExamples/.venv/lib/python3.10/site-packages/airflow/example_dags/example_skip_dag.py
[2024-01-11T20:56:14.529+0200] {processor.py:830} INFO - Processing file /Users/angel.georgiev/VsCodeProjects/PythonExamples/.venv/lib/python3.10/site-packages/airflow/example_dags/example_skip_dag.py for tasks to queue
[2024-01-11T20:56:14.530+0200] {logging_mixin.py:188} INFO - [2024-01-11T20:56:14.530+0200] {dagbag.py:538} INFO - Filling up the DagBag from /Users/angel.georgiev/VsCodeProjects/PythonExamples/.venv/lib/python3.10/site-packages/airflow/example_dags/example_skip_dag.py
[2024-01-11T20:56:14.545+0200] {processor.py:840} INFO - DAG(s) 'example_skip_dag' retrieved from /Users/angel.georgiev/VsCodeProjects/PythonExamples/.venv/lib/python3.10/site-packages/airflow/example_dags/example_skip_dag.py
[2024-01-11T20:56:14.721+0200] {logging_mixin.py:188} INFO - [2024-01-11T20:56:14.720+0200] {dag.py:3033} INFO - Sync 1 DAGs
[2024-01-11T20:56:14.736+0200] {logging_mixin.py:188} INFO - [2024-01-11T20:56:14.736+0200] {dag.py:3820} INFO - Setting next_dagrun for example_skip_dag to 2024-01-10T00:00:00+00:00, run_after=2024-01-11T00:00:00+00:00
[2024-01-11T20:56:14.754+0200] {processor.py:183} INFO - Processing /Users/angel.georgiev/VsCodeProjects/PythonExamples/.venv/lib/python3.10/site-packages/airflow/example_dags/example_skip_dag.py took 0.231 seconds
[2024-01-11T20:58:39.424+0200] {processor.py:161} INFO - Started process (PID=36182) to work on /Users/angel.georgiev/VsCodeProjects/PythonExamples/.venv/lib/python3.10/site-packages/airflow/example_dags/example_skip_dag.py
[2024-01-11T20:58:39.428+0200] {processor.py:830} INFO - Processing file /Users/angel.georgiev/VsCodeProjects/PythonExamples/.venv/lib/python3.10/site-packages/airflow/example_dags/example_skip_dag.py for tasks to queue
[2024-01-11T20:58:39.429+0200] {logging_mixin.py:188} INFO - [2024-01-11T20:58:39.429+0200] {dagbag.py:538} INFO - Filling up the DagBag from /Users/angel.georgiev/VsCodeProjects/PythonExamples/.venv/lib/python3.10/site-packages/airflow/example_dags/example_skip_dag.py
[2024-01-11T20:58:39.442+0200] {processor.py:840} INFO - DAG(s) 'example_skip_dag' retrieved from /Users/angel.georgiev/VsCodeProjects/PythonExamples/.venv/lib/python3.10/site-packages/airflow/example_dags/example_skip_dag.py
[2024-01-11T20:58:39.605+0200] {logging_mixin.py:188} INFO - [2024-01-11T20:58:39.604+0200] {dag.py:3033} INFO - Sync 1 DAGs
[2024-01-11T20:58:39.622+0200] {logging_mixin.py:188} INFO - [2024-01-11T20:58:39.622+0200] {dag.py:3820} INFO - Setting next_dagrun for example_skip_dag to 2024-01-10T00:00:00+00:00, run_after=2024-01-11T00:00:00+00:00
[2024-01-11T20:58:39.640+0200] {processor.py:183} INFO - Processing /Users/angel.georgiev/VsCodeProjects/PythonExamples/.venv/lib/python3.10/site-packages/airflow/example_dags/example_skip_dag.py took 0.218 seconds
