[2024-01-11T20:12:41.310+0200] {processor.py:161} INFO - Started process (PID=33106) to work on /Users/angel.georgiev/VsCodeProjects/PythonExamples/.venv/lib/python3.10/site-packages/airflow/example_dags/example_xcom.py
[2024-01-11T20:12:41.315+0200] {processor.py:830} INFO - Processing file /Users/angel.georgiev/VsCodeProjects/PythonExamples/.venv/lib/python3.10/site-packages/airflow/example_dags/example_xcom.py for tasks to queue
[2024-01-11T20:12:41.316+0200] {logging_mixin.py:188} INFO - [2024-01-11T20:12:41.315+0200] {dagbag.py:538} INFO - Filling up the DagBag from /Users/angel.georgiev/VsCodeProjects/PythonExamples/.venv/lib/python3.10/site-packages/airflow/example_dags/example_xcom.py
[2024-01-11T20:12:41.414+0200] {processor.py:840} INFO - DAG(s) 'example_xcom' retrieved from /Users/angel.georgiev/VsCodeProjects/PythonExamples/.venv/lib/python3.10/site-packages/airflow/example_dags/example_xcom.py
[2024-01-11T20:12:42.151+0200] {logging_mixin.py:188} INFO - [2024-01-11T20:12:42.151+0200] {dag.py:3033} INFO - Sync 1 DAGs
[2024-01-11T20:12:42.187+0200] {logging_mixin.py:188} INFO - [2024-01-11T20:12:42.187+0200] {dag.py:3820} INFO - Setting next_dagrun for example_xcom to 2021-01-01T00:00:00+00:00, run_after=2021-01-01T00:00:00+00:00
[2024-01-11T20:12:42.221+0200] {processor.py:183} INFO - Processing /Users/angel.georgiev/VsCodeProjects/PythonExamples/.venv/lib/python3.10/site-packages/airflow/example_dags/example_xcom.py took 0.912 seconds
[2024-01-11T20:13:42.925+0200] {processor.py:161} INFO - Started process (PID=33212) to work on /Users/angel.georgiev/VsCodeProjects/PythonExamples/.venv/lib/python3.10/site-packages/airflow/example_dags/example_xcom.py
[2024-01-11T20:13:42.932+0200] {processor.py:830} INFO - Processing file /Users/angel.georgiev/VsCodeProjects/PythonExamples/.venv/lib/python3.10/site-packages/airflow/example_dags/example_xcom.py for tasks to queue
[2024-01-11T20:13:42.932+0200] {logging_mixin.py:188} INFO - [2024-01-11T20:13:42.932+0200] {dagbag.py:538} INFO - Filling up the DagBag from /Users/angel.georgiev/VsCodeProjects/PythonExamples/.venv/lib/python3.10/site-packages/airflow/example_dags/example_xcom.py
[2024-01-11T20:13:43.022+0200] {processor.py:840} INFO - DAG(s) 'example_xcom' retrieved from /Users/angel.georgiev/VsCodeProjects/PythonExamples/.venv/lib/python3.10/site-packages/airflow/example_dags/example_xcom.py
[2024-01-11T20:13:43.348+0200] {logging_mixin.py:188} INFO - [2024-01-11T20:13:43.348+0200] {dag.py:3033} INFO - Sync 1 DAGs
[2024-01-11T20:13:43.366+0200] {logging_mixin.py:188} INFO - [2024-01-11T20:13:43.366+0200] {dag.py:3820} INFO - Setting next_dagrun for example_xcom to 2021-01-01T00:00:00+00:00, run_after=2021-01-01T00:00:00+00:00
[2024-01-11T20:13:43.390+0200] {processor.py:183} INFO - Processing /Users/angel.georgiev/VsCodeProjects/PythonExamples/.venv/lib/python3.10/site-packages/airflow/example_dags/example_xcom.py took 0.466 seconds
[2024-01-11T20:16:46.992+0200] {processor.py:161} INFO - Started process (PID=33476) to work on /Users/angel.georgiev/VsCodeProjects/PythonExamples/.venv/lib/python3.10/site-packages/airflow/example_dags/example_xcom.py
[2024-01-11T20:16:46.997+0200] {processor.py:830} INFO - Processing file /Users/angel.georgiev/VsCodeProjects/PythonExamples/.venv/lib/python3.10/site-packages/airflow/example_dags/example_xcom.py for tasks to queue
[2024-01-11T20:16:46.997+0200] {logging_mixin.py:188} INFO - [2024-01-11T20:16:46.997+0200] {dagbag.py:538} INFO - Filling up the DagBag from /Users/angel.georgiev/VsCodeProjects/PythonExamples/.venv/lib/python3.10/site-packages/airflow/example_dags/example_xcom.py
[2024-01-11T20:16:47.090+0200] {processor.py:840} INFO - DAG(s) 'example_xcom' retrieved from /Users/angel.georgiev/VsCodeProjects/PythonExamples/.venv/lib/python3.10/site-packages/airflow/example_dags/example_xcom.py
[2024-01-11T20:16:47.189+0200] {logging_mixin.py:188} INFO - [2024-01-11T20:16:47.189+0200] {dag.py:3033} INFO - Sync 1 DAGs
[2024-01-11T20:16:47.204+0200] {logging_mixin.py:188} INFO - [2024-01-11T20:16:47.204+0200] {dag.py:3820} INFO - Setting next_dagrun for example_xcom to 2021-01-01T00:00:00+00:00, run_after=2021-01-01T00:00:00+00:00
[2024-01-11T20:16:47.230+0200] {processor.py:183} INFO - Processing /Users/angel.georgiev/VsCodeProjects/PythonExamples/.venv/lib/python3.10/site-packages/airflow/example_dags/example_xcom.py took 0.239 seconds
[2024-01-11T20:19:13.090+0200] {processor.py:161} INFO - Started process (PID=33628) to work on /Users/angel.georgiev/VsCodeProjects/PythonExamples/.venv/lib/python3.10/site-packages/airflow/example_dags/example_xcom.py
[2024-01-11T20:19:13.095+0200] {processor.py:830} INFO - Processing file /Users/angel.georgiev/VsCodeProjects/PythonExamples/.venv/lib/python3.10/site-packages/airflow/example_dags/example_xcom.py for tasks to queue
[2024-01-11T20:19:13.096+0200] {logging_mixin.py:188} INFO - [2024-01-11T20:19:13.096+0200] {dagbag.py:538} INFO - Filling up the DagBag from /Users/angel.georgiev/VsCodeProjects/PythonExamples/.venv/lib/python3.10/site-packages/airflow/example_dags/example_xcom.py
[2024-01-11T20:19:13.191+0200] {processor.py:840} INFO - DAG(s) 'example_xcom' retrieved from /Users/angel.georgiev/VsCodeProjects/PythonExamples/.venv/lib/python3.10/site-packages/airflow/example_dags/example_xcom.py
[2024-01-11T20:19:13.299+0200] {logging_mixin.py:188} INFO - [2024-01-11T20:19:13.299+0200] {dag.py:3033} INFO - Sync 1 DAGs
[2024-01-11T20:19:13.314+0200] {logging_mixin.py:188} INFO - [2024-01-11T20:19:13.314+0200] {dag.py:3820} INFO - Setting next_dagrun for example_xcom to 2021-01-01T00:00:00+00:00, run_after=2021-01-01T00:00:00+00:00
[2024-01-11T20:19:13.338+0200] {processor.py:183} INFO - Processing /Users/angel.georgiev/VsCodeProjects/PythonExamples/.venv/lib/python3.10/site-packages/airflow/example_dags/example_xcom.py took 0.249 seconds
[2024-01-11T20:21:39.004+0200] {processor.py:161} INFO - Started process (PID=33781) to work on /Users/angel.georgiev/VsCodeProjects/PythonExamples/.venv/lib/python3.10/site-packages/airflow/example_dags/example_xcom.py
[2024-01-11T20:21:39.010+0200] {processor.py:830} INFO - Processing file /Users/angel.georgiev/VsCodeProjects/PythonExamples/.venv/lib/python3.10/site-packages/airflow/example_dags/example_xcom.py for tasks to queue
[2024-01-11T20:21:39.010+0200] {logging_mixin.py:188} INFO - [2024-01-11T20:21:39.010+0200] {dagbag.py:538} INFO - Filling up the DagBag from /Users/angel.georgiev/VsCodeProjects/PythonExamples/.venv/lib/python3.10/site-packages/airflow/example_dags/example_xcom.py
[2024-01-11T20:21:39.110+0200] {processor.py:840} INFO - DAG(s) 'example_xcom' retrieved from /Users/angel.georgiev/VsCodeProjects/PythonExamples/.venv/lib/python3.10/site-packages/airflow/example_dags/example_xcom.py
[2024-01-11T20:21:39.219+0200] {logging_mixin.py:188} INFO - [2024-01-11T20:21:39.218+0200] {dag.py:3033} INFO - Sync 1 DAGs
[2024-01-11T20:21:39.233+0200] {logging_mixin.py:188} INFO - [2024-01-11T20:21:39.233+0200] {dag.py:3820} INFO - Setting next_dagrun for example_xcom to 2021-01-01T00:00:00+00:00, run_after=2021-01-01T00:00:00+00:00
[2024-01-11T20:21:39.255+0200] {processor.py:183} INFO - Processing /Users/angel.georgiev/VsCodeProjects/PythonExamples/.venv/lib/python3.10/site-packages/airflow/example_dags/example_xcom.py took 0.253 seconds
[2024-01-11T20:23:53.176+0200] {processor.py:161} INFO - Started process (PID=33991) to work on /Users/angel.georgiev/VsCodeProjects/PythonExamples/.venv/lib/python3.10/site-packages/airflow/example_dags/example_xcom.py
[2024-01-11T20:23:53.181+0200] {processor.py:830} INFO - Processing file /Users/angel.georgiev/VsCodeProjects/PythonExamples/.venv/lib/python3.10/site-packages/airflow/example_dags/example_xcom.py for tasks to queue
[2024-01-11T20:23:53.182+0200] {logging_mixin.py:188} INFO - [2024-01-11T20:23:53.182+0200] {dagbag.py:538} INFO - Filling up the DagBag from /Users/angel.georgiev/VsCodeProjects/PythonExamples/.venv/lib/python3.10/site-packages/airflow/example_dags/example_xcom.py
[2024-01-11T20:23:53.276+0200] {processor.py:840} INFO - DAG(s) 'example_xcom' retrieved from /Users/angel.georgiev/VsCodeProjects/PythonExamples/.venv/lib/python3.10/site-packages/airflow/example_dags/example_xcom.py
[2024-01-11T20:23:53.379+0200] {logging_mixin.py:188} INFO - [2024-01-11T20:23:53.378+0200] {dag.py:3033} INFO - Sync 1 DAGs
[2024-01-11T20:23:53.393+0200] {logging_mixin.py:188} INFO - [2024-01-11T20:23:53.393+0200] {dag.py:3820} INFO - Setting next_dagrun for example_xcom to 2021-01-01T00:00:00+00:00, run_after=2021-01-01T00:00:00+00:00
[2024-01-11T20:23:53.412+0200] {processor.py:183} INFO - Processing /Users/angel.georgiev/VsCodeProjects/PythonExamples/.venv/lib/python3.10/site-packages/airflow/example_dags/example_xcom.py took 0.236 seconds
[2024-01-11T20:26:10.317+0200] {processor.py:161} INFO - Started process (PID=34102) to work on /Users/angel.georgiev/VsCodeProjects/PythonExamples/.venv/lib/python3.10/site-packages/airflow/example_dags/example_xcom.py
[2024-01-11T20:26:10.322+0200] {processor.py:830} INFO - Processing file /Users/angel.georgiev/VsCodeProjects/PythonExamples/.venv/lib/python3.10/site-packages/airflow/example_dags/example_xcom.py for tasks to queue
[2024-01-11T20:26:10.322+0200] {logging_mixin.py:188} INFO - [2024-01-11T20:26:10.322+0200] {dagbag.py:538} INFO - Filling up the DagBag from /Users/angel.georgiev/VsCodeProjects/PythonExamples/.venv/lib/python3.10/site-packages/airflow/example_dags/example_xcom.py
[2024-01-11T20:26:10.416+0200] {processor.py:840} INFO - DAG(s) 'example_xcom' retrieved from /Users/angel.georgiev/VsCodeProjects/PythonExamples/.venv/lib/python3.10/site-packages/airflow/example_dags/example_xcom.py
[2024-01-11T20:26:10.513+0200] {logging_mixin.py:188} INFO - [2024-01-11T20:26:10.513+0200] {dag.py:3033} INFO - Sync 1 DAGs
[2024-01-11T20:26:10.528+0200] {logging_mixin.py:188} INFO - [2024-01-11T20:26:10.527+0200] {dag.py:3820} INFO - Setting next_dagrun for example_xcom to 2021-01-01T00:00:00+00:00, run_after=2021-01-01T00:00:00+00:00
[2024-01-11T20:26:10.547+0200] {processor.py:183} INFO - Processing /Users/angel.georgiev/VsCodeProjects/PythonExamples/.venv/lib/python3.10/site-packages/airflow/example_dags/example_xcom.py took 0.231 seconds
[2024-01-11T20:28:49.868+0200] {processor.py:161} INFO - Started process (PID=34229) to work on /Users/angel.georgiev/VsCodeProjects/PythonExamples/.venv/lib/python3.10/site-packages/airflow/example_dags/example_xcom.py
[2024-01-11T20:28:49.874+0200] {processor.py:830} INFO - Processing file /Users/angel.georgiev/VsCodeProjects/PythonExamples/.venv/lib/python3.10/site-packages/airflow/example_dags/example_xcom.py for tasks to queue
[2024-01-11T20:28:49.874+0200] {logging_mixin.py:188} INFO - [2024-01-11T20:28:49.874+0200] {dagbag.py:538} INFO - Filling up the DagBag from /Users/angel.georgiev/VsCodeProjects/PythonExamples/.venv/lib/python3.10/site-packages/airflow/example_dags/example_xcom.py
[2024-01-11T20:28:50.079+0200] {processor.py:840} INFO - DAG(s) 'example_xcom' retrieved from /Users/angel.georgiev/VsCodeProjects/PythonExamples/.venv/lib/python3.10/site-packages/airflow/example_dags/example_xcom.py
[2024-01-11T20:28:50.202+0200] {logging_mixin.py:188} INFO - [2024-01-11T20:28:50.202+0200] {dag.py:3033} INFO - Sync 1 DAGs
[2024-01-11T20:28:50.216+0200] {logging_mixin.py:188} INFO - [2024-01-11T20:28:50.216+0200] {dag.py:3820} INFO - Setting next_dagrun for example_xcom to 2021-01-01T00:00:00+00:00, run_after=2021-01-01T00:00:00+00:00
[2024-01-11T20:28:50.235+0200] {processor.py:183} INFO - Processing /Users/angel.georgiev/VsCodeProjects/PythonExamples/.venv/lib/python3.10/site-packages/airflow/example_dags/example_xcom.py took 0.367 seconds
[2024-01-11T20:31:19.392+0200] {processor.py:161} INFO - Started process (PID=34409) to work on /Users/angel.georgiev/VsCodeProjects/PythonExamples/.venv/lib/python3.10/site-packages/airflow/example_dags/example_xcom.py
[2024-01-11T20:31:19.397+0200] {processor.py:830} INFO - Processing file /Users/angel.georgiev/VsCodeProjects/PythonExamples/.venv/lib/python3.10/site-packages/airflow/example_dags/example_xcom.py for tasks to queue
[2024-01-11T20:31:19.397+0200] {logging_mixin.py:188} INFO - [2024-01-11T20:31:19.397+0200] {dagbag.py:538} INFO - Filling up the DagBag from /Users/angel.georgiev/VsCodeProjects/PythonExamples/.venv/lib/python3.10/site-packages/airflow/example_dags/example_xcom.py
[2024-01-11T20:31:19.494+0200] {processor.py:840} INFO - DAG(s) 'example_xcom' retrieved from /Users/angel.georgiev/VsCodeProjects/PythonExamples/.venv/lib/python3.10/site-packages/airflow/example_dags/example_xcom.py
[2024-01-11T20:31:19.603+0200] {logging_mixin.py:188} INFO - [2024-01-11T20:31:19.602+0200] {dag.py:3033} INFO - Sync 1 DAGs
[2024-01-11T20:31:19.617+0200] {logging_mixin.py:188} INFO - [2024-01-11T20:31:19.617+0200] {dag.py:3820} INFO - Setting next_dagrun for example_xcom to 2021-01-01T00:00:00+00:00, run_after=2021-01-01T00:00:00+00:00
[2024-01-11T20:31:19.637+0200] {processor.py:183} INFO - Processing /Users/angel.georgiev/VsCodeProjects/PythonExamples/.venv/lib/python3.10/site-packages/airflow/example_dags/example_xcom.py took 0.246 seconds
[2024-01-11T20:34:14.792+0200] {processor.py:161} INFO - Started process (PID=34567) to work on /Users/angel.georgiev/VsCodeProjects/PythonExamples/.venv/lib/python3.10/site-packages/airflow/example_dags/example_xcom.py
[2024-01-11T20:34:14.800+0200] {processor.py:830} INFO - Processing file /Users/angel.georgiev/VsCodeProjects/PythonExamples/.venv/lib/python3.10/site-packages/airflow/example_dags/example_xcom.py for tasks to queue
[2024-01-11T20:34:14.801+0200] {logging_mixin.py:188} INFO - [2024-01-11T20:34:14.801+0200] {dagbag.py:538} INFO - Filling up the DagBag from /Users/angel.georgiev/VsCodeProjects/PythonExamples/.venv/lib/python3.10/site-packages/airflow/example_dags/example_xcom.py
[2024-01-11T20:34:14.939+0200] {processor.py:840} INFO - DAG(s) 'example_xcom' retrieved from /Users/angel.georgiev/VsCodeProjects/PythonExamples/.venv/lib/python3.10/site-packages/airflow/example_dags/example_xcom.py
[2024-01-11T20:34:15.108+0200] {logging_mixin.py:188} INFO - [2024-01-11T20:34:15.108+0200] {dag.py:3033} INFO - Sync 1 DAGs
[2024-01-11T20:34:15.132+0200] {logging_mixin.py:188} INFO - [2024-01-11T20:34:15.132+0200] {dag.py:3820} INFO - Setting next_dagrun for example_xcom to 2021-01-01T00:00:00+00:00, run_after=2021-01-01T00:00:00+00:00
[2024-01-11T20:34:15.173+0200] {processor.py:183} INFO - Processing /Users/angel.georgiev/VsCodeProjects/PythonExamples/.venv/lib/python3.10/site-packages/airflow/example_dags/example_xcom.py took 0.384 seconds
[2024-01-11T20:37:13.807+0200] {processor.py:161} INFO - Started process (PID=34824) to work on /Users/angel.georgiev/VsCodeProjects/PythonExamples/.venv/lib/python3.10/site-packages/airflow/example_dags/example_xcom.py
[2024-01-11T20:37:13.819+0200] {processor.py:830} INFO - Processing file /Users/angel.georgiev/VsCodeProjects/PythonExamples/.venv/lib/python3.10/site-packages/airflow/example_dags/example_xcom.py for tasks to queue
[2024-01-11T20:37:13.821+0200] {logging_mixin.py:188} INFO - [2024-01-11T20:37:13.820+0200] {dagbag.py:538} INFO - Filling up the DagBag from /Users/angel.georgiev/VsCodeProjects/PythonExamples/.venv/lib/python3.10/site-packages/airflow/example_dags/example_xcom.py
[2024-01-11T20:37:14.041+0200] {processor.py:840} INFO - DAG(s) 'example_xcom' retrieved from /Users/angel.georgiev/VsCodeProjects/PythonExamples/.venv/lib/python3.10/site-packages/airflow/example_dags/example_xcom.py
[2024-01-11T20:37:14.207+0200] {logging_mixin.py:188} INFO - [2024-01-11T20:37:14.206+0200] {dag.py:3033} INFO - Sync 1 DAGs
[2024-01-11T20:37:14.231+0200] {logging_mixin.py:188} INFO - [2024-01-11T20:37:14.230+0200] {dag.py:3820} INFO - Setting next_dagrun for example_xcom to 2021-01-01T00:00:00+00:00, run_after=2021-01-01T00:00:00+00:00
[2024-01-11T20:37:14.258+0200] {processor.py:183} INFO - Processing /Users/angel.georgiev/VsCodeProjects/PythonExamples/.venv/lib/python3.10/site-packages/airflow/example_dags/example_xcom.py took 0.453 seconds
[2024-01-11T20:40:20.115+0200] {processor.py:161} INFO - Started process (PID=35005) to work on /Users/angel.georgiev/VsCodeProjects/PythonExamples/.venv/lib/python3.10/site-packages/airflow/example_dags/example_xcom.py
[2024-01-11T20:40:20.121+0200] {processor.py:830} INFO - Processing file /Users/angel.georgiev/VsCodeProjects/PythonExamples/.venv/lib/python3.10/site-packages/airflow/example_dags/example_xcom.py for tasks to queue
[2024-01-11T20:40:20.121+0200] {logging_mixin.py:188} INFO - [2024-01-11T20:40:20.121+0200] {dagbag.py:538} INFO - Filling up the DagBag from /Users/angel.georgiev/VsCodeProjects/PythonExamples/.venv/lib/python3.10/site-packages/airflow/example_dags/example_xcom.py
[2024-01-11T20:40:20.231+0200] {processor.py:840} INFO - DAG(s) 'example_xcom' retrieved from /Users/angel.georgiev/VsCodeProjects/PythonExamples/.venv/lib/python3.10/site-packages/airflow/example_dags/example_xcom.py
[2024-01-11T20:40:20.348+0200] {logging_mixin.py:188} INFO - [2024-01-11T20:40:20.347+0200] {dag.py:3033} INFO - Sync 1 DAGs
[2024-01-11T20:40:20.363+0200] {logging_mixin.py:188} INFO - [2024-01-11T20:40:20.363+0200] {dag.py:3820} INFO - Setting next_dagrun for example_xcom to 2021-01-01T00:00:00+00:00, run_after=2021-01-01T00:00:00+00:00
[2024-01-11T20:40:20.387+0200] {processor.py:183} INFO - Processing /Users/angel.georgiev/VsCodeProjects/PythonExamples/.venv/lib/python3.10/site-packages/airflow/example_dags/example_xcom.py took 0.274 seconds
[2024-01-11T20:43:32.871+0200] {processor.py:161} INFO - Started process (PID=35302) to work on /Users/angel.georgiev/VsCodeProjects/PythonExamples/.venv/lib/python3.10/site-packages/airflow/example_dags/example_xcom.py
[2024-01-11T20:43:32.878+0200] {processor.py:830} INFO - Processing file /Users/angel.georgiev/VsCodeProjects/PythonExamples/.venv/lib/python3.10/site-packages/airflow/example_dags/example_xcom.py for tasks to queue
[2024-01-11T20:43:32.879+0200] {logging_mixin.py:188} INFO - [2024-01-11T20:43:32.879+0200] {dagbag.py:538} INFO - Filling up the DagBag from /Users/angel.georgiev/VsCodeProjects/PythonExamples/.venv/lib/python3.10/site-packages/airflow/example_dags/example_xcom.py
[2024-01-11T20:43:32.987+0200] {processor.py:840} INFO - DAG(s) 'example_xcom' retrieved from /Users/angel.georgiev/VsCodeProjects/PythonExamples/.venv/lib/python3.10/site-packages/airflow/example_dags/example_xcom.py
[2024-01-11T20:43:33.110+0200] {logging_mixin.py:188} INFO - [2024-01-11T20:43:33.110+0200] {dag.py:3033} INFO - Sync 1 DAGs
[2024-01-11T20:43:33.125+0200] {logging_mixin.py:188} INFO - [2024-01-11T20:43:33.125+0200] {dag.py:3820} INFO - Setting next_dagrun for example_xcom to 2021-01-01T00:00:00+00:00, run_after=2021-01-01T00:00:00+00:00
[2024-01-11T20:43:33.149+0200] {processor.py:183} INFO - Processing /Users/angel.georgiev/VsCodeProjects/PythonExamples/.venv/lib/python3.10/site-packages/airflow/example_dags/example_xcom.py took 0.280 seconds
[2024-01-11T20:45:43.988+0200] {processor.py:161} INFO - Started process (PID=35386) to work on /Users/angel.georgiev/VsCodeProjects/PythonExamples/.venv/lib/python3.10/site-packages/airflow/example_dags/example_xcom.py
[2024-01-11T20:45:43.993+0200] {processor.py:830} INFO - Processing file /Users/angel.georgiev/VsCodeProjects/PythonExamples/.venv/lib/python3.10/site-packages/airflow/example_dags/example_xcom.py for tasks to queue
[2024-01-11T20:45:43.993+0200] {logging_mixin.py:188} INFO - [2024-01-11T20:45:43.993+0200] {dagbag.py:538} INFO - Filling up the DagBag from /Users/angel.georgiev/VsCodeProjects/PythonExamples/.venv/lib/python3.10/site-packages/airflow/example_dags/example_xcom.py
[2024-01-11T20:45:44.090+0200] {processor.py:840} INFO - DAG(s) 'example_xcom' retrieved from /Users/angel.georgiev/VsCodeProjects/PythonExamples/.venv/lib/python3.10/site-packages/airflow/example_dags/example_xcom.py
[2024-01-11T20:45:44.197+0200] {logging_mixin.py:188} INFO - [2024-01-11T20:45:44.197+0200] {dag.py:3033} INFO - Sync 1 DAGs
[2024-01-11T20:45:44.210+0200] {logging_mixin.py:188} INFO - [2024-01-11T20:45:44.210+0200] {dag.py:3820} INFO - Setting next_dagrun for example_xcom to 2021-01-01T00:00:00+00:00, run_after=2021-01-01T00:00:00+00:00
[2024-01-11T20:45:44.226+0200] {processor.py:183} INFO - Processing /Users/angel.georgiev/VsCodeProjects/PythonExamples/.venv/lib/python3.10/site-packages/airflow/example_dags/example_xcom.py took 0.240 seconds
[2024-01-11T20:47:44.793+0200] {processor.py:161} INFO - Started process (PID=35469) to work on /Users/angel.georgiev/VsCodeProjects/PythonExamples/.venv/lib/python3.10/site-packages/airflow/example_dags/example_xcom.py
[2024-01-11T20:47:44.797+0200] {processor.py:830} INFO - Processing file /Users/angel.georgiev/VsCodeProjects/PythonExamples/.venv/lib/python3.10/site-packages/airflow/example_dags/example_xcom.py for tasks to queue
[2024-01-11T20:47:44.797+0200] {logging_mixin.py:188} INFO - [2024-01-11T20:47:44.797+0200] {dagbag.py:538} INFO - Filling up the DagBag from /Users/angel.georgiev/VsCodeProjects/PythonExamples/.venv/lib/python3.10/site-packages/airflow/example_dags/example_xcom.py
[2024-01-11T20:47:44.884+0200] {processor.py:840} INFO - DAG(s) 'example_xcom' retrieved from /Users/angel.georgiev/VsCodeProjects/PythonExamples/.venv/lib/python3.10/site-packages/airflow/example_dags/example_xcom.py
[2024-01-11T20:47:44.971+0200] {logging_mixin.py:188} INFO - [2024-01-11T20:47:44.971+0200] {dag.py:3033} INFO - Sync 1 DAGs
[2024-01-11T20:47:44.984+0200] {logging_mixin.py:188} INFO - [2024-01-11T20:47:44.984+0200] {dag.py:3820} INFO - Setting next_dagrun for example_xcom to 2021-01-01T00:00:00+00:00, run_after=2021-01-01T00:00:00+00:00
[2024-01-11T20:47:45.002+0200] {processor.py:183} INFO - Processing /Users/angel.georgiev/VsCodeProjects/PythonExamples/.venv/lib/python3.10/site-packages/airflow/example_dags/example_xcom.py took 0.210 seconds
[2024-01-11T20:49:39.445+0200] {processor.py:161} INFO - Started process (PID=35656) to work on /Users/angel.georgiev/VsCodeProjects/PythonExamples/.venv/lib/python3.10/site-packages/airflow/example_dags/example_xcom.py
[2024-01-11T20:49:39.450+0200] {processor.py:830} INFO - Processing file /Users/angel.georgiev/VsCodeProjects/PythonExamples/.venv/lib/python3.10/site-packages/airflow/example_dags/example_xcom.py for tasks to queue
[2024-01-11T20:49:39.450+0200] {logging_mixin.py:188} INFO - [2024-01-11T20:49:39.450+0200] {dagbag.py:538} INFO - Filling up the DagBag from /Users/angel.georgiev/VsCodeProjects/PythonExamples/.venv/lib/python3.10/site-packages/airflow/example_dags/example_xcom.py
[2024-01-11T20:49:39.536+0200] {processor.py:840} INFO - DAG(s) 'example_xcom' retrieved from /Users/angel.georgiev/VsCodeProjects/PythonExamples/.venv/lib/python3.10/site-packages/airflow/example_dags/example_xcom.py
[2024-01-11T20:49:39.627+0200] {logging_mixin.py:188} INFO - [2024-01-11T20:49:39.627+0200] {dag.py:3033} INFO - Sync 1 DAGs
[2024-01-11T20:49:39.640+0200] {logging_mixin.py:188} INFO - [2024-01-11T20:49:39.639+0200] {dag.py:3820} INFO - Setting next_dagrun for example_xcom to 2021-01-01T00:00:00+00:00, run_after=2021-01-01T00:00:00+00:00
[2024-01-11T20:49:39.658+0200] {processor.py:183} INFO - Processing /Users/angel.georgiev/VsCodeProjects/PythonExamples/.venv/lib/python3.10/site-packages/airflow/example_dags/example_xcom.py took 0.213 seconds
[2024-01-11T20:51:32.527+0200] {processor.py:161} INFO - Started process (PID=35751) to work on /Users/angel.georgiev/VsCodeProjects/PythonExamples/.venv/lib/python3.10/site-packages/airflow/example_dags/example_xcom.py
[2024-01-11T20:51:32.531+0200] {processor.py:830} INFO - Processing file /Users/angel.georgiev/VsCodeProjects/PythonExamples/.venv/lib/python3.10/site-packages/airflow/example_dags/example_xcom.py for tasks to queue
[2024-01-11T20:51:32.532+0200] {logging_mixin.py:188} INFO - [2024-01-11T20:51:32.532+0200] {dagbag.py:538} INFO - Filling up the DagBag from /Users/angel.georgiev/VsCodeProjects/PythonExamples/.venv/lib/python3.10/site-packages/airflow/example_dags/example_xcom.py
[2024-01-11T20:51:32.616+0200] {processor.py:840} INFO - DAG(s) 'example_xcom' retrieved from /Users/angel.georgiev/VsCodeProjects/PythonExamples/.venv/lib/python3.10/site-packages/airflow/example_dags/example_xcom.py
[2024-01-11T20:51:32.704+0200] {logging_mixin.py:188} INFO - [2024-01-11T20:51:32.704+0200] {dag.py:3033} INFO - Sync 1 DAGs
[2024-01-11T20:51:32.716+0200] {logging_mixin.py:188} INFO - [2024-01-11T20:51:32.716+0200] {dag.py:3820} INFO - Setting next_dagrun for example_xcom to 2021-01-01T00:00:00+00:00, run_after=2021-01-01T00:00:00+00:00
[2024-01-11T20:51:32.735+0200] {processor.py:183} INFO - Processing /Users/angel.georgiev/VsCodeProjects/PythonExamples/.venv/lib/python3.10/site-packages/airflow/example_dags/example_xcom.py took 0.209 seconds
[2024-01-11T20:53:29.027+0200] {processor.py:161} INFO - Started process (PID=35855) to work on /Users/angel.georgiev/VsCodeProjects/PythonExamples/.venv/lib/python3.10/site-packages/airflow/example_dags/example_xcom.py
[2024-01-11T20:53:29.032+0200] {processor.py:830} INFO - Processing file /Users/angel.georgiev/VsCodeProjects/PythonExamples/.venv/lib/python3.10/site-packages/airflow/example_dags/example_xcom.py for tasks to queue
[2024-01-11T20:53:29.033+0200] {logging_mixin.py:188} INFO - [2024-01-11T20:53:29.032+0200] {dagbag.py:538} INFO - Filling up the DagBag from /Users/angel.georgiev/VsCodeProjects/PythonExamples/.venv/lib/python3.10/site-packages/airflow/example_dags/example_xcom.py
[2024-01-11T20:53:29.126+0200] {processor.py:840} INFO - DAG(s) 'example_xcom' retrieved from /Users/angel.georgiev/VsCodeProjects/PythonExamples/.venv/lib/python3.10/site-packages/airflow/example_dags/example_xcom.py
[2024-01-11T20:53:29.223+0200] {logging_mixin.py:188} INFO - [2024-01-11T20:53:29.223+0200] {dag.py:3033} INFO - Sync 1 DAGs
[2024-01-11T20:53:29.236+0200] {logging_mixin.py:188} INFO - [2024-01-11T20:53:29.236+0200] {dag.py:3820} INFO - Setting next_dagrun for example_xcom to 2021-01-01T00:00:00+00:00, run_after=2021-01-01T00:00:00+00:00
[2024-01-11T20:53:29.254+0200] {processor.py:183} INFO - Processing /Users/angel.georgiev/VsCodeProjects/PythonExamples/.venv/lib/python3.10/site-packages/airflow/example_dags/example_xcom.py took 0.228 seconds
[2024-01-11T20:55:46.889+0200] {processor.py:161} INFO - Started process (PID=36068) to work on /Users/angel.georgiev/VsCodeProjects/PythonExamples/.venv/lib/python3.10/site-packages/airflow/example_dags/example_xcom.py
[2024-01-11T20:55:46.894+0200] {processor.py:830} INFO - Processing file /Users/angel.georgiev/VsCodeProjects/PythonExamples/.venv/lib/python3.10/site-packages/airflow/example_dags/example_xcom.py for tasks to queue
[2024-01-11T20:55:46.895+0200] {logging_mixin.py:188} INFO - [2024-01-11T20:55:46.895+0200] {dagbag.py:538} INFO - Filling up the DagBag from /Users/angel.georgiev/VsCodeProjects/PythonExamples/.venv/lib/python3.10/site-packages/airflow/example_dags/example_xcom.py
[2024-01-11T20:55:46.998+0200] {processor.py:840} INFO - DAG(s) 'example_xcom' retrieved from /Users/angel.georgiev/VsCodeProjects/PythonExamples/.venv/lib/python3.10/site-packages/airflow/example_dags/example_xcom.py
[2024-01-11T20:55:47.115+0200] {logging_mixin.py:188} INFO - [2024-01-11T20:55:47.115+0200] {dag.py:3033} INFO - Sync 1 DAGs
[2024-01-11T20:55:47.131+0200] {logging_mixin.py:188} INFO - [2024-01-11T20:55:47.131+0200] {dag.py:3820} INFO - Setting next_dagrun for example_xcom to 2021-01-01T00:00:00+00:00, run_after=2021-01-01T00:00:00+00:00
[2024-01-11T20:55:47.154+0200] {processor.py:183} INFO - Processing /Users/angel.georgiev/VsCodeProjects/PythonExamples/.venv/lib/python3.10/site-packages/airflow/example_dags/example_xcom.py took 0.266 seconds
[2024-01-11T20:58:14.696+0200] {processor.py:161} INFO - Started process (PID=36157) to work on /Users/angel.georgiev/VsCodeProjects/PythonExamples/.venv/lib/python3.10/site-packages/airflow/example_dags/example_xcom.py
[2024-01-11T20:58:14.702+0200] {processor.py:830} INFO - Processing file /Users/angel.georgiev/VsCodeProjects/PythonExamples/.venv/lib/python3.10/site-packages/airflow/example_dags/example_xcom.py for tasks to queue
[2024-01-11T20:58:14.703+0200] {logging_mixin.py:188} INFO - [2024-01-11T20:58:14.703+0200] {dagbag.py:538} INFO - Filling up the DagBag from /Users/angel.georgiev/VsCodeProjects/PythonExamples/.venv/lib/python3.10/site-packages/airflow/example_dags/example_xcom.py
[2024-01-11T20:58:14.794+0200] {processor.py:840} INFO - DAG(s) 'example_xcom' retrieved from /Users/angel.georgiev/VsCodeProjects/PythonExamples/.venv/lib/python3.10/site-packages/airflow/example_dags/example_xcom.py
[2024-01-11T20:58:14.897+0200] {logging_mixin.py:188} INFO - [2024-01-11T20:58:14.897+0200] {dag.py:3033} INFO - Sync 1 DAGs
[2024-01-11T20:58:14.913+0200] {logging_mixin.py:188} INFO - [2024-01-11T20:58:14.913+0200] {dag.py:3820} INFO - Setting next_dagrun for example_xcom to 2021-01-01T00:00:00+00:00, run_after=2021-01-01T00:00:00+00:00
[2024-01-11T20:58:14.933+0200] {processor.py:183} INFO - Processing /Users/angel.georgiev/VsCodeProjects/PythonExamples/.venv/lib/python3.10/site-packages/airflow/example_dags/example_xcom.py took 0.238 seconds
