[2024-01-11T20:15:54.208+0200] {processor.py:161} INFO - Started process (PID=33329) to work on /Users/angel.georgiev/VsCodeProjects/PythonExamples/.venv/lib/python3.10/site-packages/airflow/example_dags/example_branch_labels.py
[2024-01-11T20:15:54.212+0200] {processor.py:830} INFO - Processing file /Users/angel.georgiev/VsCodeProjects/PythonExamples/.venv/lib/python3.10/site-packages/airflow/example_dags/example_branch_labels.py for tasks to queue
[2024-01-11T20:15:54.212+0200] {logging_mixin.py:188} INFO - [2024-01-11T20:15:54.212+0200] {dagbag.py:538} INFO - Filling up the DagBag from /Users/angel.georgiev/VsCodeProjects/PythonExamples/.venv/lib/python3.10/site-packages/airflow/example_dags/example_branch_labels.py
[2024-01-11T20:15:54.226+0200] {processor.py:840} INFO - DAG(s) 'example_branch_labels' retrieved from /Users/angel.georgiev/VsCodeProjects/PythonExamples/.venv/lib/python3.10/site-packages/airflow/example_dags/example_branch_labels.py
[2024-01-11T20:15:54.463+0200] {logging_mixin.py:188} INFO - [2024-01-11T20:15:54.463+0200] {dag.py:3033} INFO - Sync 1 DAGs
[2024-01-11T20:15:54.478+0200] {logging_mixin.py:188} INFO - [2024-01-11T20:15:54.478+0200] {dag.py:3820} INFO - Setting next_dagrun for example_branch_labels to 2024-01-10T00:00:00+00:00, run_after=2024-01-11T00:00:00+00:00
[2024-01-11T20:15:54.494+0200] {processor.py:183} INFO - Processing /Users/angel.georgiev/VsCodeProjects/PythonExamples/.venv/lib/python3.10/site-packages/airflow/example_dags/example_branch_labels.py took 0.288 seconds
[2024-01-11T20:20:49.698+0200] {processor.py:161} INFO - Started process (PID=33736) to work on /Users/angel.georgiev/VsCodeProjects/PythonExamples/.venv/lib/python3.10/site-packages/airflow/example_dags/example_branch_labels.py
[2024-01-11T20:20:49.703+0200] {processor.py:830} INFO - Processing file /Users/angel.georgiev/VsCodeProjects/PythonExamples/.venv/lib/python3.10/site-packages/airflow/example_dags/example_branch_labels.py for tasks to queue
[2024-01-11T20:20:49.704+0200] {logging_mixin.py:188} INFO - [2024-01-11T20:20:49.704+0200] {dagbag.py:538} INFO - Filling up the DagBag from /Users/angel.georgiev/VsCodeProjects/PythonExamples/.venv/lib/python3.10/site-packages/airflow/example_dags/example_branch_labels.py
[2024-01-11T20:20:49.717+0200] {processor.py:840} INFO - DAG(s) 'example_branch_labels' retrieved from /Users/angel.georgiev/VsCodeProjects/PythonExamples/.venv/lib/python3.10/site-packages/airflow/example_dags/example_branch_labels.py
[2024-01-11T20:20:49.873+0200] {logging_mixin.py:188} INFO - [2024-01-11T20:20:49.872+0200] {dag.py:3033} INFO - Sync 1 DAGs
[2024-01-11T20:20:49.890+0200] {logging_mixin.py:188} INFO - [2024-01-11T20:20:49.890+0200] {dag.py:3820} INFO - Setting next_dagrun for example_branch_labels to 2024-01-10T00:00:00+00:00, run_after=2024-01-11T00:00:00+00:00
[2024-01-11T20:20:49.909+0200] {processor.py:183} INFO - Processing /Users/angel.georgiev/VsCodeProjects/PythonExamples/.venv/lib/python3.10/site-packages/airflow/example_dags/example_branch_labels.py took 0.212 seconds
[2024-01-11T20:25:25.947+0200] {processor.py:161} INFO - Started process (PID=34067) to work on /Users/angel.georgiev/VsCodeProjects/PythonExamples/.venv/lib/python3.10/site-packages/airflow/example_dags/example_branch_labels.py
[2024-01-11T20:25:25.951+0200] {processor.py:830} INFO - Processing file /Users/angel.georgiev/VsCodeProjects/PythonExamples/.venv/lib/python3.10/site-packages/airflow/example_dags/example_branch_labels.py for tasks to queue
[2024-01-11T20:25:25.952+0200] {logging_mixin.py:188} INFO - [2024-01-11T20:25:25.952+0200] {dagbag.py:538} INFO - Filling up the DagBag from /Users/angel.georgiev/VsCodeProjects/PythonExamples/.venv/lib/python3.10/site-packages/airflow/example_dags/example_branch_labels.py
[2024-01-11T20:25:25.968+0200] {processor.py:840} INFO - DAG(s) 'example_branch_labels' retrieved from /Users/angel.georgiev/VsCodeProjects/PythonExamples/.venv/lib/python3.10/site-packages/airflow/example_dags/example_branch_labels.py
[2024-01-11T20:25:26.124+0200] {logging_mixin.py:188} INFO - [2024-01-11T20:25:26.124+0200] {dag.py:3033} INFO - Sync 1 DAGs
[2024-01-11T20:25:26.140+0200] {logging_mixin.py:188} INFO - [2024-01-11T20:25:26.140+0200] {dag.py:3820} INFO - Setting next_dagrun for example_branch_labels to 2024-01-10T00:00:00+00:00, run_after=2024-01-11T00:00:00+00:00
[2024-01-11T20:25:26.156+0200] {processor.py:183} INFO - Processing /Users/angel.georgiev/VsCodeProjects/PythonExamples/.venv/lib/python3.10/site-packages/airflow/example_dags/example_branch_labels.py took 0.210 seconds
[2024-01-11T20:30:20.609+0200] {processor.py:161} INFO - Started process (PID=34373) to work on /Users/angel.georgiev/VsCodeProjects/PythonExamples/.venv/lib/python3.10/site-packages/airflow/example_dags/example_branch_labels.py
[2024-01-11T20:30:20.616+0200] {processor.py:830} INFO - Processing file /Users/angel.georgiev/VsCodeProjects/PythonExamples/.venv/lib/python3.10/site-packages/airflow/example_dags/example_branch_labels.py for tasks to queue
[2024-01-11T20:30:20.617+0200] {logging_mixin.py:188} INFO - [2024-01-11T20:30:20.616+0200] {dagbag.py:538} INFO - Filling up the DagBag from /Users/angel.georgiev/VsCodeProjects/PythonExamples/.venv/lib/python3.10/site-packages/airflow/example_dags/example_branch_labels.py
[2024-01-11T20:30:20.637+0200] {processor.py:840} INFO - DAG(s) 'example_branch_labels' retrieved from /Users/angel.georgiev/VsCodeProjects/PythonExamples/.venv/lib/python3.10/site-packages/airflow/example_dags/example_branch_labels.py
[2024-01-11T20:30:20.836+0200] {logging_mixin.py:188} INFO - [2024-01-11T20:30:20.836+0200] {dag.py:3033} INFO - Sync 1 DAGs
[2024-01-11T20:30:20.854+0200] {logging_mixin.py:188} INFO - [2024-01-11T20:30:20.854+0200] {dag.py:3820} INFO - Setting next_dagrun for example_branch_labels to 2024-01-10T00:00:00+00:00, run_after=2024-01-11T00:00:00+00:00
[2024-01-11T20:30:20.874+0200] {processor.py:183} INFO - Processing /Users/angel.georgiev/VsCodeProjects/PythonExamples/.venv/lib/python3.10/site-packages/airflow/example_dags/example_branch_labels.py took 0.266 seconds
[2024-01-11T20:35:59.798+0200] {processor.py:161} INFO - Started process (PID=34655) to work on /Users/angel.georgiev/VsCodeProjects/PythonExamples/.venv/lib/python3.10/site-packages/airflow/example_dags/example_branch_labels.py
[2024-01-11T20:35:59.804+0200] {processor.py:830} INFO - Processing file /Users/angel.georgiev/VsCodeProjects/PythonExamples/.venv/lib/python3.10/site-packages/airflow/example_dags/example_branch_labels.py for tasks to queue
[2024-01-11T20:35:59.805+0200] {logging_mixin.py:188} INFO - [2024-01-11T20:35:59.805+0200] {dagbag.py:538} INFO - Filling up the DagBag from /Users/angel.georgiev/VsCodeProjects/PythonExamples/.venv/lib/python3.10/site-packages/airflow/example_dags/example_branch_labels.py
[2024-01-11T20:35:59.820+0200] {processor.py:840} INFO - DAG(s) 'example_branch_labels' retrieved from /Users/angel.georgiev/VsCodeProjects/PythonExamples/.venv/lib/python3.10/site-packages/airflow/example_dags/example_branch_labels.py
[2024-01-11T20:35:59.980+0200] {logging_mixin.py:188} INFO - [2024-01-11T20:35:59.980+0200] {dag.py:3033} INFO - Sync 1 DAGs
[2024-01-11T20:35:59.998+0200] {logging_mixin.py:188} INFO - [2024-01-11T20:35:59.998+0200] {dag.py:3820} INFO - Setting next_dagrun for example_branch_labels to 2024-01-10T00:00:00+00:00, run_after=2024-01-11T00:00:00+00:00
[2024-01-11T20:36:00.019+0200] {processor.py:183} INFO - Processing /Users/angel.georgiev/VsCodeProjects/PythonExamples/.venv/lib/python3.10/site-packages/airflow/example_dags/example_branch_labels.py took 0.223 seconds
[2024-01-11T20:42:23.535+0200] {processor.py:161} INFO - Started process (PID=35241) to work on /Users/angel.georgiev/VsCodeProjects/PythonExamples/.venv/lib/python3.10/site-packages/airflow/example_dags/example_branch_labels.py
[2024-01-11T20:42:23.539+0200] {processor.py:830} INFO - Processing file /Users/angel.georgiev/VsCodeProjects/PythonExamples/.venv/lib/python3.10/site-packages/airflow/example_dags/example_branch_labels.py for tasks to queue
[2024-01-11T20:42:23.540+0200] {logging_mixin.py:188} INFO - [2024-01-11T20:42:23.540+0200] {dagbag.py:538} INFO - Filling up the DagBag from /Users/angel.georgiev/VsCodeProjects/PythonExamples/.venv/lib/python3.10/site-packages/airflow/example_dags/example_branch_labels.py
[2024-01-11T20:42:23.552+0200] {processor.py:840} INFO - DAG(s) 'example_branch_labels' retrieved from /Users/angel.georgiev/VsCodeProjects/PythonExamples/.venv/lib/python3.10/site-packages/airflow/example_dags/example_branch_labels.py
[2024-01-11T20:42:23.697+0200] {logging_mixin.py:188} INFO - [2024-01-11T20:42:23.697+0200] {dag.py:3033} INFO - Sync 1 DAGs
[2024-01-11T20:42:23.714+0200] {logging_mixin.py:188} INFO - [2024-01-11T20:42:23.713+0200] {dag.py:3820} INFO - Setting next_dagrun for example_branch_labels to 2024-01-10T00:00:00+00:00, run_after=2024-01-11T00:00:00+00:00
[2024-01-11T20:42:23.732+0200] {processor.py:183} INFO - Processing /Users/angel.georgiev/VsCodeProjects/PythonExamples/.venv/lib/python3.10/site-packages/airflow/example_dags/example_branch_labels.py took 0.198 seconds
[2024-01-11T20:46:56.843+0200] {processor.py:161} INFO - Started process (PID=35429) to work on /Users/angel.georgiev/VsCodeProjects/PythonExamples/.venv/lib/python3.10/site-packages/airflow/example_dags/example_branch_labels.py
[2024-01-11T20:46:56.848+0200] {processor.py:830} INFO - Processing file /Users/angel.georgiev/VsCodeProjects/PythonExamples/.venv/lib/python3.10/site-packages/airflow/example_dags/example_branch_labels.py for tasks to queue
[2024-01-11T20:46:56.848+0200] {logging_mixin.py:188} INFO - [2024-01-11T20:46:56.848+0200] {dagbag.py:538} INFO - Filling up the DagBag from /Users/angel.georgiev/VsCodeProjects/PythonExamples/.venv/lib/python3.10/site-packages/airflow/example_dags/example_branch_labels.py
[2024-01-11T20:46:56.860+0200] {processor.py:840} INFO - DAG(s) 'example_branch_labels' retrieved from /Users/angel.georgiev/VsCodeProjects/PythonExamples/.venv/lib/python3.10/site-packages/airflow/example_dags/example_branch_labels.py
[2024-01-11T20:46:57.006+0200] {logging_mixin.py:188} INFO - [2024-01-11T20:46:57.006+0200] {dag.py:3033} INFO - Sync 1 DAGs
[2024-01-11T20:46:57.023+0200] {logging_mixin.py:188} INFO - [2024-01-11T20:46:57.023+0200] {dag.py:3820} INFO - Setting next_dagrun for example_branch_labels to 2024-01-10T00:00:00+00:00, run_after=2024-01-11T00:00:00+00:00
[2024-01-11T20:46:57.039+0200] {processor.py:183} INFO - Processing /Users/angel.georgiev/VsCodeProjects/PythonExamples/.venv/lib/python3.10/site-packages/airflow/example_dags/example_branch_labels.py took 0.197 seconds
[2024-01-11T20:50:49.294+0200] {processor.py:161} INFO - Started process (PID=35715) to work on /Users/angel.georgiev/VsCodeProjects/PythonExamples/.venv/lib/python3.10/site-packages/airflow/example_dags/example_branch_labels.py
[2024-01-11T20:50:49.299+0200] {processor.py:830} INFO - Processing file /Users/angel.georgiev/VsCodeProjects/PythonExamples/.venv/lib/python3.10/site-packages/airflow/example_dags/example_branch_labels.py for tasks to queue
[2024-01-11T20:50:49.301+0200] {logging_mixin.py:188} INFO - [2024-01-11T20:50:49.301+0200] {dagbag.py:538} INFO - Filling up the DagBag from /Users/angel.georgiev/VsCodeProjects/PythonExamples/.venv/lib/python3.10/site-packages/airflow/example_dags/example_branch_labels.py
[2024-01-11T20:50:49.326+0200] {processor.py:840} INFO - DAG(s) 'example_branch_labels' retrieved from /Users/angel.georgiev/VsCodeProjects/PythonExamples/.venv/lib/python3.10/site-packages/airflow/example_dags/example_branch_labels.py
[2024-01-11T20:50:49.469+0200] {logging_mixin.py:188} INFO - [2024-01-11T20:50:49.469+0200] {dag.py:3033} INFO - Sync 1 DAGs
[2024-01-11T20:50:49.484+0200] {logging_mixin.py:188} INFO - [2024-01-11T20:50:49.484+0200] {dag.py:3820} INFO - Setting next_dagrun for example_branch_labels to 2024-01-10T00:00:00+00:00, run_after=2024-01-11T00:00:00+00:00
[2024-01-11T20:50:49.500+0200] {processor.py:183} INFO - Processing /Users/angel.georgiev/VsCodeProjects/PythonExamples/.venv/lib/python3.10/site-packages/airflow/example_dags/example_branch_labels.py took 0.207 seconds
[2024-01-11T20:54:51.427+0200] {processor.py:161} INFO - Started process (PID=36018) to work on /Users/angel.georgiev/VsCodeProjects/PythonExamples/.venv/lib/python3.10/site-packages/airflow/example_dags/example_branch_labels.py
[2024-01-11T20:54:51.432+0200] {processor.py:830} INFO - Processing file /Users/angel.georgiev/VsCodeProjects/PythonExamples/.venv/lib/python3.10/site-packages/airflow/example_dags/example_branch_labels.py for tasks to queue
[2024-01-11T20:54:51.432+0200] {logging_mixin.py:188} INFO - [2024-01-11T20:54:51.432+0200] {dagbag.py:538} INFO - Filling up the DagBag from /Users/angel.georgiev/VsCodeProjects/PythonExamples/.venv/lib/python3.10/site-packages/airflow/example_dags/example_branch_labels.py
[2024-01-11T20:54:51.447+0200] {processor.py:840} INFO - DAG(s) 'example_branch_labels' retrieved from /Users/angel.georgiev/VsCodeProjects/PythonExamples/.venv/lib/python3.10/site-packages/airflow/example_dags/example_branch_labels.py
[2024-01-11T20:54:51.622+0200] {logging_mixin.py:188} INFO - [2024-01-11T20:54:51.621+0200] {dag.py:3033} INFO - Sync 1 DAGs
[2024-01-11T20:54:51.639+0200] {logging_mixin.py:188} INFO - [2024-01-11T20:54:51.639+0200] {dag.py:3820} INFO - Setting next_dagrun for example_branch_labels to 2024-01-10T00:00:00+00:00, run_after=2024-01-11T00:00:00+00:00
[2024-01-11T20:54:51.657+0200] {processor.py:183} INFO - Processing /Users/angel.georgiev/VsCodeProjects/PythonExamples/.venv/lib/python3.10/site-packages/airflow/example_dags/example_branch_labels.py took 0.232 seconds
