[2024-01-11T20:14:31.218+0200] {processor.py:161} INFO - Started process (PID=33243) to work on /Users/angel.georgiev/VsCodeProjects/PythonExamples/.venv/lib/python3.10/site-packages/airflow/example_dags/example_sensors.py
[2024-01-11T20:14:31.222+0200] {processor.py:830} INFO - Processing file /Users/angel.georgiev/VsCodeProjects/PythonExamples/.venv/lib/python3.10/site-packages/airflow/example_dags/example_sensors.py for tasks to queue
[2024-01-11T20:14:31.222+0200] {logging_mixin.py:188} INFO - [2024-01-11T20:14:31.222+0200] {dagbag.py:538} INFO - Filling up the DagBag from /Users/angel.georgiev/VsCodeProjects/PythonExamples/.venv/lib/python3.10/site-packages/airflow/example_dags/example_sensors.py
[2024-01-11T20:14:31.291+0200] {processor.py:840} INFO - DAG(s) 'example_sensors' retrieved from /Users/angel.georgiev/VsCodeProjects/PythonExamples/.venv/lib/python3.10/site-packages/airflow/example_dags/example_sensors.py
[2024-01-11T20:14:31.688+0200] {logging_mixin.py:188} INFO - [2024-01-11T20:14:31.688+0200] {dag.py:3033} INFO - Sync 1 DAGs
[2024-01-11T20:14:31.699+0200] {logging_mixin.py:188} INFO - [2024-01-11T20:14:31.699+0200] {dag.py:3820} INFO - Setting next_dagrun for example_sensors to None, run_after=None
[2024-01-11T20:14:31.721+0200] {processor.py:183} INFO - Processing /Users/angel.georgiev/VsCodeProjects/PythonExamples/.venv/lib/python3.10/site-packages/airflow/example_dags/example_sensors.py took 0.503 seconds
[2024-01-11T20:17:34.712+0200] {processor.py:161} INFO - Started process (PID=33527) to work on /Users/angel.georgiev/VsCodeProjects/PythonExamples/.venv/lib/python3.10/site-packages/airflow/example_dags/example_sensors.py
[2024-01-11T20:17:34.717+0200] {processor.py:830} INFO - Processing file /Users/angel.georgiev/VsCodeProjects/PythonExamples/.venv/lib/python3.10/site-packages/airflow/example_dags/example_sensors.py for tasks to queue
[2024-01-11T20:17:34.718+0200] {logging_mixin.py:188} INFO - [2024-01-11T20:17:34.718+0200] {dagbag.py:538} INFO - Filling up the DagBag from /Users/angel.georgiev/VsCodeProjects/PythonExamples/.venv/lib/python3.10/site-packages/airflow/example_dags/example_sensors.py
[2024-01-11T20:17:34.783+0200] {processor.py:840} INFO - DAG(s) 'example_sensors' retrieved from /Users/angel.georgiev/VsCodeProjects/PythonExamples/.venv/lib/python3.10/site-packages/airflow/example_dags/example_sensors.py
[2024-01-11T20:17:34.903+0200] {logging_mixin.py:188} INFO - [2024-01-11T20:17:34.902+0200] {dag.py:3033} INFO - Sync 1 DAGs
[2024-01-11T20:17:34.911+0200] {logging_mixin.py:188} INFO - [2024-01-11T20:17:34.910+0200] {dag.py:3820} INFO - Setting next_dagrun for example_sensors to None, run_after=None
[2024-01-11T20:17:34.930+0200] {processor.py:183} INFO - Processing /Users/angel.georgiev/VsCodeProjects/PythonExamples/.venv/lib/python3.10/site-packages/airflow/example_dags/example_sensors.py took 0.219 seconds
[2024-01-11T20:19:53.076+0200] {processor.py:161} INFO - Started process (PID=33680) to work on /Users/angel.georgiev/VsCodeProjects/PythonExamples/.venv/lib/python3.10/site-packages/airflow/example_dags/example_sensors.py
[2024-01-11T20:19:53.080+0200] {processor.py:830} INFO - Processing file /Users/angel.georgiev/VsCodeProjects/PythonExamples/.venv/lib/python3.10/site-packages/airflow/example_dags/example_sensors.py for tasks to queue
[2024-01-11T20:19:53.081+0200] {logging_mixin.py:188} INFO - [2024-01-11T20:19:53.081+0200] {dagbag.py:538} INFO - Filling up the DagBag from /Users/angel.georgiev/VsCodeProjects/PythonExamples/.venv/lib/python3.10/site-packages/airflow/example_dags/example_sensors.py
[2024-01-11T20:19:53.148+0200] {processor.py:840} INFO - DAG(s) 'example_sensors' retrieved from /Users/angel.georgiev/VsCodeProjects/PythonExamples/.venv/lib/python3.10/site-packages/airflow/example_dags/example_sensors.py
[2024-01-11T20:19:53.271+0200] {logging_mixin.py:188} INFO - [2024-01-11T20:19:53.270+0200] {dag.py:3033} INFO - Sync 1 DAGs
[2024-01-11T20:19:53.278+0200] {logging_mixin.py:188} INFO - [2024-01-11T20:19:53.278+0200] {dag.py:3820} INFO - Setting next_dagrun for example_sensors to None, run_after=None
[2024-01-11T20:19:53.297+0200] {processor.py:183} INFO - Processing /Users/angel.georgiev/VsCodeProjects/PythonExamples/.venv/lib/python3.10/site-packages/airflow/example_dags/example_sensors.py took 0.222 seconds
[2024-01-11T20:22:19.255+0200] {processor.py:161} INFO - Started process (PID=33810) to work on /Users/angel.georgiev/VsCodeProjects/PythonExamples/.venv/lib/python3.10/site-packages/airflow/example_dags/example_sensors.py
[2024-01-11T20:22:19.259+0200] {processor.py:830} INFO - Processing file /Users/angel.georgiev/VsCodeProjects/PythonExamples/.venv/lib/python3.10/site-packages/airflow/example_dags/example_sensors.py for tasks to queue
[2024-01-11T20:22:19.260+0200] {logging_mixin.py:188} INFO - [2024-01-11T20:22:19.260+0200] {dagbag.py:538} INFO - Filling up the DagBag from /Users/angel.georgiev/VsCodeProjects/PythonExamples/.venv/lib/python3.10/site-packages/airflow/example_dags/example_sensors.py
[2024-01-11T20:22:19.336+0200] {processor.py:840} INFO - DAG(s) 'example_sensors' retrieved from /Users/angel.georgiev/VsCodeProjects/PythonExamples/.venv/lib/python3.10/site-packages/airflow/example_dags/example_sensors.py
[2024-01-11T20:22:19.451+0200] {logging_mixin.py:188} INFO - [2024-01-11T20:22:19.451+0200] {dag.py:3033} INFO - Sync 1 DAGs
[2024-01-11T20:22:19.459+0200] {logging_mixin.py:188} INFO - [2024-01-11T20:22:19.459+0200] {dag.py:3820} INFO - Setting next_dagrun for example_sensors to None, run_after=None
[2024-01-11T20:22:19.478+0200] {processor.py:183} INFO - Processing /Users/angel.georgiev/VsCodeProjects/PythonExamples/.venv/lib/python3.10/site-packages/airflow/example_dags/example_sensors.py took 0.224 seconds
[2024-01-11T20:24:48.449+0200] {processor.py:161} INFO - Started process (PID=34049) to work on /Users/angel.georgiev/VsCodeProjects/PythonExamples/.venv/lib/python3.10/site-packages/airflow/example_dags/example_sensors.py
[2024-01-11T20:24:48.454+0200] {processor.py:830} INFO - Processing file /Users/angel.georgiev/VsCodeProjects/PythonExamples/.venv/lib/python3.10/site-packages/airflow/example_dags/example_sensors.py for tasks to queue
[2024-01-11T20:24:48.454+0200] {logging_mixin.py:188} INFO - [2024-01-11T20:24:48.454+0200] {dagbag.py:538} INFO - Filling up the DagBag from /Users/angel.georgiev/VsCodeProjects/PythonExamples/.venv/lib/python3.10/site-packages/airflow/example_dags/example_sensors.py
[2024-01-11T20:24:48.519+0200] {processor.py:840} INFO - DAG(s) 'example_sensors' retrieved from /Users/angel.georgiev/VsCodeProjects/PythonExamples/.venv/lib/python3.10/site-packages/airflow/example_dags/example_sensors.py
[2024-01-11T20:24:48.655+0200] {logging_mixin.py:188} INFO - [2024-01-11T20:24:48.654+0200] {dag.py:3033} INFO - Sync 1 DAGs
[2024-01-11T20:24:48.664+0200] {logging_mixin.py:188} INFO - [2024-01-11T20:24:48.664+0200] {dag.py:3820} INFO - Setting next_dagrun for example_sensors to None, run_after=None
[2024-01-11T20:24:48.684+0200] {processor.py:183} INFO - Processing /Users/angel.georgiev/VsCodeProjects/PythonExamples/.venv/lib/python3.10/site-packages/airflow/example_dags/example_sensors.py took 0.237 seconds
[2024-01-11T20:27:14.714+0200] {processor.py:161} INFO - Started process (PID=34148) to work on /Users/angel.georgiev/VsCodeProjects/PythonExamples/.venv/lib/python3.10/site-packages/airflow/example_dags/example_sensors.py
[2024-01-11T20:27:14.725+0200] {processor.py:830} INFO - Processing file /Users/angel.georgiev/VsCodeProjects/PythonExamples/.venv/lib/python3.10/site-packages/airflow/example_dags/example_sensors.py for tasks to queue
[2024-01-11T20:27:14.737+0200] {logging_mixin.py:188} INFO - [2024-01-11T20:27:14.737+0200] {dagbag.py:538} INFO - Filling up the DagBag from /Users/angel.georgiev/VsCodeProjects/PythonExamples/.venv/lib/python3.10/site-packages/airflow/example_dags/example_sensors.py
[2024-01-11T20:27:14.873+0200] {processor.py:840} INFO - DAG(s) 'example_sensors' retrieved from /Users/angel.georgiev/VsCodeProjects/PythonExamples/.venv/lib/python3.10/site-packages/airflow/example_dags/example_sensors.py
[2024-01-11T20:27:15.114+0200] {logging_mixin.py:188} INFO - [2024-01-11T20:27:15.114+0200] {dag.py:3033} INFO - Sync 1 DAGs
[2024-01-11T20:27:15.129+0200] {logging_mixin.py:188} INFO - [2024-01-11T20:27:15.129+0200] {dag.py:3820} INFO - Setting next_dagrun for example_sensors to None, run_after=None
[2024-01-11T20:27:15.160+0200] {processor.py:183} INFO - Processing /Users/angel.georgiev/VsCodeProjects/PythonExamples/.venv/lib/python3.10/site-packages/airflow/example_dags/example_sensors.py took 0.448 seconds
[2024-01-11T20:29:35.138+0200] {processor.py:161} INFO - Started process (PID=34337) to work on /Users/angel.georgiev/VsCodeProjects/PythonExamples/.venv/lib/python3.10/site-packages/airflow/example_dags/example_sensors.py
[2024-01-11T20:29:35.143+0200] {processor.py:830} INFO - Processing file /Users/angel.georgiev/VsCodeProjects/PythonExamples/.venv/lib/python3.10/site-packages/airflow/example_dags/example_sensors.py for tasks to queue
[2024-01-11T20:29:35.144+0200] {logging_mixin.py:188} INFO - [2024-01-11T20:29:35.144+0200] {dagbag.py:538} INFO - Filling up the DagBag from /Users/angel.georgiev/VsCodeProjects/PythonExamples/.venv/lib/python3.10/site-packages/airflow/example_dags/example_sensors.py
[2024-01-11T20:29:35.222+0200] {processor.py:840} INFO - DAG(s) 'example_sensors' retrieved from /Users/angel.georgiev/VsCodeProjects/PythonExamples/.venv/lib/python3.10/site-packages/airflow/example_dags/example_sensors.py
[2024-01-11T20:29:35.348+0200] {logging_mixin.py:188} INFO - [2024-01-11T20:29:35.348+0200] {dag.py:3033} INFO - Sync 1 DAGs
[2024-01-11T20:29:35.356+0200] {logging_mixin.py:188} INFO - [2024-01-11T20:29:35.356+0200] {dag.py:3820} INFO - Setting next_dagrun for example_sensors to None, run_after=None
[2024-01-11T20:29:35.374+0200] {processor.py:183} INFO - Processing /Users/angel.georgiev/VsCodeProjects/PythonExamples/.venv/lib/python3.10/site-packages/airflow/example_dags/example_sensors.py took 0.237 seconds
[2024-01-11T20:32:13.683+0200] {processor.py:161} INFO - Started process (PID=34469) to work on /Users/angel.georgiev/VsCodeProjects/PythonExamples/.venv/lib/python3.10/site-packages/airflow/example_dags/example_sensors.py
[2024-01-11T20:32:13.688+0200] {processor.py:830} INFO - Processing file /Users/angel.georgiev/VsCodeProjects/PythonExamples/.venv/lib/python3.10/site-packages/airflow/example_dags/example_sensors.py for tasks to queue
[2024-01-11T20:32:13.689+0200] {logging_mixin.py:188} INFO - [2024-01-11T20:32:13.689+0200] {dagbag.py:538} INFO - Filling up the DagBag from /Users/angel.georgiev/VsCodeProjects/PythonExamples/.venv/lib/python3.10/site-packages/airflow/example_dags/example_sensors.py
[2024-01-11T20:32:13.762+0200] {processor.py:840} INFO - DAG(s) 'example_sensors' retrieved from /Users/angel.georgiev/VsCodeProjects/PythonExamples/.venv/lib/python3.10/site-packages/airflow/example_dags/example_sensors.py
[2024-01-11T20:32:13.898+0200] {logging_mixin.py:188} INFO - [2024-01-11T20:32:13.898+0200] {dag.py:3033} INFO - Sync 1 DAGs
[2024-01-11T20:32:13.909+0200] {logging_mixin.py:188} INFO - [2024-01-11T20:32:13.909+0200] {dag.py:3820} INFO - Setting next_dagrun for example_sensors to None, run_after=None
[2024-01-11T20:32:13.929+0200] {processor.py:183} INFO - Processing /Users/angel.georgiev/VsCodeProjects/PythonExamples/.venv/lib/python3.10/site-packages/airflow/example_dags/example_sensors.py took 0.248 seconds
[2024-01-11T20:35:06.268+0200] {processor.py:161} INFO - Started process (PID=34607) to work on /Users/angel.georgiev/VsCodeProjects/PythonExamples/.venv/lib/python3.10/site-packages/airflow/example_dags/example_sensors.py
[2024-01-11T20:35:06.275+0200] {processor.py:830} INFO - Processing file /Users/angel.georgiev/VsCodeProjects/PythonExamples/.venv/lib/python3.10/site-packages/airflow/example_dags/example_sensors.py for tasks to queue
[2024-01-11T20:35:06.275+0200] {logging_mixin.py:188} INFO - [2024-01-11T20:35:06.275+0200] {dagbag.py:538} INFO - Filling up the DagBag from /Users/angel.georgiev/VsCodeProjects/PythonExamples/.venv/lib/python3.10/site-packages/airflow/example_dags/example_sensors.py
[2024-01-11T20:35:06.355+0200] {processor.py:840} INFO - DAG(s) 'example_sensors' retrieved from /Users/angel.georgiev/VsCodeProjects/PythonExamples/.venv/lib/python3.10/site-packages/airflow/example_dags/example_sensors.py
[2024-01-11T20:35:06.500+0200] {logging_mixin.py:188} INFO - [2024-01-11T20:35:06.500+0200] {dag.py:3033} INFO - Sync 1 DAGs
[2024-01-11T20:35:06.511+0200] {logging_mixin.py:188} INFO - [2024-01-11T20:35:06.511+0200] {dag.py:3820} INFO - Setting next_dagrun for example_sensors to None, run_after=None
[2024-01-11T20:35:06.532+0200] {processor.py:183} INFO - Processing /Users/angel.georgiev/VsCodeProjects/PythonExamples/.venv/lib/python3.10/site-packages/airflow/example_dags/example_sensors.py took 0.265 seconds
[2024-01-11T20:38:14.342+0200] {processor.py:161} INFO - Started process (PID=34896) to work on /Users/angel.georgiev/VsCodeProjects/PythonExamples/.venv/lib/python3.10/site-packages/airflow/example_dags/example_sensors.py
[2024-01-11T20:38:14.347+0200] {processor.py:830} INFO - Processing file /Users/angel.georgiev/VsCodeProjects/PythonExamples/.venv/lib/python3.10/site-packages/airflow/example_dags/example_sensors.py for tasks to queue
[2024-01-11T20:38:14.348+0200] {logging_mixin.py:188} INFO - [2024-01-11T20:38:14.348+0200] {dagbag.py:538} INFO - Filling up the DagBag from /Users/angel.georgiev/VsCodeProjects/PythonExamples/.venv/lib/python3.10/site-packages/airflow/example_dags/example_sensors.py
[2024-01-11T20:38:14.417+0200] {processor.py:840} INFO - DAG(s) 'example_sensors' retrieved from /Users/angel.georgiev/VsCodeProjects/PythonExamples/.venv/lib/python3.10/site-packages/airflow/example_dags/example_sensors.py
[2024-01-11T20:38:14.557+0200] {logging_mixin.py:188} INFO - [2024-01-11T20:38:14.557+0200] {dag.py:3033} INFO - Sync 1 DAGs
[2024-01-11T20:38:14.567+0200] {logging_mixin.py:188} INFO - [2024-01-11T20:38:14.567+0200] {dag.py:3820} INFO - Setting next_dagrun for example_sensors to None, run_after=None
[2024-01-11T20:38:14.589+0200] {processor.py:183} INFO - Processing /Users/angel.georgiev/VsCodeProjects/PythonExamples/.venv/lib/python3.10/site-packages/airflow/example_dags/example_sensors.py took 0.249 seconds
[2024-01-11T20:41:39.158+0200] {processor.py:161} INFO - Started process (PID=35203) to work on /Users/angel.georgiev/VsCodeProjects/PythonExamples/.venv/lib/python3.10/site-packages/airflow/example_dags/example_sensors.py
[2024-01-11T20:41:39.164+0200] {processor.py:830} INFO - Processing file /Users/angel.georgiev/VsCodeProjects/PythonExamples/.venv/lib/python3.10/site-packages/airflow/example_dags/example_sensors.py for tasks to queue
[2024-01-11T20:41:39.165+0200] {logging_mixin.py:188} INFO - [2024-01-11T20:41:39.165+0200] {dagbag.py:538} INFO - Filling up the DagBag from /Users/angel.georgiev/VsCodeProjects/PythonExamples/.venv/lib/python3.10/site-packages/airflow/example_dags/example_sensors.py
[2024-01-11T20:41:39.247+0200] {processor.py:840} INFO - DAG(s) 'example_sensors' retrieved from /Users/angel.georgiev/VsCodeProjects/PythonExamples/.venv/lib/python3.10/site-packages/airflow/example_dags/example_sensors.py
[2024-01-11T20:41:39.401+0200] {logging_mixin.py:188} INFO - [2024-01-11T20:41:39.401+0200] {dag.py:3033} INFO - Sync 1 DAGs
[2024-01-11T20:41:39.412+0200] {logging_mixin.py:188} INFO - [2024-01-11T20:41:39.412+0200] {dag.py:3820} INFO - Setting next_dagrun for example_sensors to None, run_after=None
[2024-01-11T20:41:39.435+0200] {processor.py:183} INFO - Processing /Users/angel.georgiev/VsCodeProjects/PythonExamples/.venv/lib/python3.10/site-packages/airflow/example_dags/example_sensors.py took 0.278 seconds
[2024-01-11T20:44:20.016+0200] {processor.py:161} INFO - Started process (PID=35336) to work on /Users/angel.georgiev/VsCodeProjects/PythonExamples/.venv/lib/python3.10/site-packages/airflow/example_dags/example_sensors.py
[2024-01-11T20:44:20.020+0200] {processor.py:830} INFO - Processing file /Users/angel.georgiev/VsCodeProjects/PythonExamples/.venv/lib/python3.10/site-packages/airflow/example_dags/example_sensors.py for tasks to queue
[2024-01-11T20:44:20.021+0200] {logging_mixin.py:188} INFO - [2024-01-11T20:44:20.021+0200] {dagbag.py:538} INFO - Filling up the DagBag from /Users/angel.georgiev/VsCodeProjects/PythonExamples/.venv/lib/python3.10/site-packages/airflow/example_dags/example_sensors.py
[2024-01-11T20:44:20.091+0200] {processor.py:840} INFO - DAG(s) 'example_sensors' retrieved from /Users/angel.georgiev/VsCodeProjects/PythonExamples/.venv/lib/python3.10/site-packages/airflow/example_dags/example_sensors.py
[2024-01-11T20:44:20.219+0200] {logging_mixin.py:188} INFO - [2024-01-11T20:44:20.219+0200] {dag.py:3033} INFO - Sync 1 DAGs
[2024-01-11T20:44:20.227+0200] {logging_mixin.py:188} INFO - [2024-01-11T20:44:20.227+0200] {dag.py:3820} INFO - Setting next_dagrun for example_sensors to None, run_after=None
[2024-01-11T20:44:20.244+0200] {processor.py:183} INFO - Processing /Users/angel.georgiev/VsCodeProjects/PythonExamples/.venv/lib/python3.10/site-packages/airflow/example_dags/example_sensors.py took 0.229 seconds
[2024-01-11T20:46:24.569+0200] {processor.py:161} INFO - Started process (PID=35416) to work on /Users/angel.georgiev/VsCodeProjects/PythonExamples/.venv/lib/python3.10/site-packages/airflow/example_dags/example_sensors.py
[2024-01-11T20:46:24.573+0200] {processor.py:830} INFO - Processing file /Users/angel.georgiev/VsCodeProjects/PythonExamples/.venv/lib/python3.10/site-packages/airflow/example_dags/example_sensors.py for tasks to queue
[2024-01-11T20:46:24.574+0200] {logging_mixin.py:188} INFO - [2024-01-11T20:46:24.574+0200] {dagbag.py:538} INFO - Filling up the DagBag from /Users/angel.georgiev/VsCodeProjects/PythonExamples/.venv/lib/python3.10/site-packages/airflow/example_dags/example_sensors.py
[2024-01-11T20:46:24.641+0200] {processor.py:840} INFO - DAG(s) 'example_sensors' retrieved from /Users/angel.georgiev/VsCodeProjects/PythonExamples/.venv/lib/python3.10/site-packages/airflow/example_dags/example_sensors.py
[2024-01-11T20:46:24.761+0200] {logging_mixin.py:188} INFO - [2024-01-11T20:46:24.760+0200] {dag.py:3033} INFO - Sync 1 DAGs
[2024-01-11T20:46:24.768+0200] {logging_mixin.py:188} INFO - [2024-01-11T20:46:24.768+0200] {dag.py:3820} INFO - Setting next_dagrun for example_sensors to None, run_after=None
[2024-01-11T20:46:24.785+0200] {processor.py:183} INFO - Processing /Users/angel.georgiev/VsCodeProjects/PythonExamples/.venv/lib/python3.10/site-packages/airflow/example_dags/example_sensors.py took 0.217 seconds
[2024-01-11T20:48:23.060+0200] {processor.py:161} INFO - Started process (PID=35506) to work on /Users/angel.georgiev/VsCodeProjects/PythonExamples/.venv/lib/python3.10/site-packages/airflow/example_dags/example_sensors.py
[2024-01-11T20:48:23.064+0200] {processor.py:830} INFO - Processing file /Users/angel.georgiev/VsCodeProjects/PythonExamples/.venv/lib/python3.10/site-packages/airflow/example_dags/example_sensors.py for tasks to queue
[2024-01-11T20:48:23.064+0200] {logging_mixin.py:188} INFO - [2024-01-11T20:48:23.064+0200] {dagbag.py:538} INFO - Filling up the DagBag from /Users/angel.georgiev/VsCodeProjects/PythonExamples/.venv/lib/python3.10/site-packages/airflow/example_dags/example_sensors.py
[2024-01-11T20:48:23.131+0200] {processor.py:840} INFO - DAG(s) 'example_sensors' retrieved from /Users/angel.georgiev/VsCodeProjects/PythonExamples/.venv/lib/python3.10/site-packages/airflow/example_dags/example_sensors.py
[2024-01-11T20:48:23.245+0200] {logging_mixin.py:188} INFO - [2024-01-11T20:48:23.245+0200] {dag.py:3033} INFO - Sync 1 DAGs
[2024-01-11T20:48:23.252+0200] {logging_mixin.py:188} INFO - [2024-01-11T20:48:23.252+0200] {dag.py:3820} INFO - Setting next_dagrun for example_sensors to None, run_after=None
[2024-01-11T20:48:23.269+0200] {processor.py:183} INFO - Processing /Users/angel.georgiev/VsCodeProjects/PythonExamples/.venv/lib/python3.10/site-packages/airflow/example_dags/example_sensors.py took 0.211 seconds
[2024-01-11T20:50:16.266+0200] {processor.py:161} INFO - Started process (PID=35679) to work on /Users/angel.georgiev/VsCodeProjects/PythonExamples/.venv/lib/python3.10/site-packages/airflow/example_dags/example_sensors.py
[2024-01-11T20:50:16.272+0200] {processor.py:830} INFO - Processing file /Users/angel.georgiev/VsCodeProjects/PythonExamples/.venv/lib/python3.10/site-packages/airflow/example_dags/example_sensors.py for tasks to queue
[2024-01-11T20:50:16.272+0200] {logging_mixin.py:188} INFO - [2024-01-11T20:50:16.272+0200] {dagbag.py:538} INFO - Filling up the DagBag from /Users/angel.georgiev/VsCodeProjects/PythonExamples/.venv/lib/python3.10/site-packages/airflow/example_dags/example_sensors.py
[2024-01-11T20:50:16.336+0200] {processor.py:840} INFO - DAG(s) 'example_sensors' retrieved from /Users/angel.georgiev/VsCodeProjects/PythonExamples/.venv/lib/python3.10/site-packages/airflow/example_dags/example_sensors.py
[2024-01-11T20:50:16.449+0200] {logging_mixin.py:188} INFO - [2024-01-11T20:50:16.449+0200] {dag.py:3033} INFO - Sync 1 DAGs
[2024-01-11T20:50:16.456+0200] {logging_mixin.py:188} INFO - [2024-01-11T20:50:16.456+0200] {dag.py:3820} INFO - Setting next_dagrun for example_sensors to None, run_after=None
[2024-01-11T20:50:16.476+0200] {processor.py:183} INFO - Processing /Users/angel.georgiev/VsCodeProjects/PythonExamples/.venv/lib/python3.10/site-packages/airflow/example_dags/example_sensors.py took 0.211 seconds
[2024-01-11T20:52:10.838+0200] {processor.py:161} INFO - Started process (PID=35767) to work on /Users/angel.georgiev/VsCodeProjects/PythonExamples/.venv/lib/python3.10/site-packages/airflow/example_dags/example_sensors.py
[2024-01-11T20:52:10.842+0200] {processor.py:830} INFO - Processing file /Users/angel.georgiev/VsCodeProjects/PythonExamples/.venv/lib/python3.10/site-packages/airflow/example_dags/example_sensors.py for tasks to queue
[2024-01-11T20:52:10.843+0200] {logging_mixin.py:188} INFO - [2024-01-11T20:52:10.843+0200] {dagbag.py:538} INFO - Filling up the DagBag from /Users/angel.georgiev/VsCodeProjects/PythonExamples/.venv/lib/python3.10/site-packages/airflow/example_dags/example_sensors.py
[2024-01-11T20:52:10.904+0200] {processor.py:840} INFO - DAG(s) 'example_sensors' retrieved from /Users/angel.georgiev/VsCodeProjects/PythonExamples/.venv/lib/python3.10/site-packages/airflow/example_dags/example_sensors.py
[2024-01-11T20:52:11.017+0200] {logging_mixin.py:188} INFO - [2024-01-11T20:52:11.017+0200] {dag.py:3033} INFO - Sync 1 DAGs
[2024-01-11T20:52:11.025+0200] {logging_mixin.py:188} INFO - [2024-01-11T20:52:11.025+0200] {dag.py:3820} INFO - Setting next_dagrun for example_sensors to None, run_after=None
[2024-01-11T20:52:11.041+0200] {processor.py:183} INFO - Processing /Users/angel.georgiev/VsCodeProjects/PythonExamples/.venv/lib/python3.10/site-packages/airflow/example_dags/example_sensors.py took 0.204 seconds
[2024-01-11T20:54:16.697+0200] {processor.py:161} INFO - Started process (PID=35896) to work on /Users/angel.georgiev/VsCodeProjects/PythonExamples/.venv/lib/python3.10/site-packages/airflow/example_dags/example_sensors.py
[2024-01-11T20:54:16.702+0200] {processor.py:830} INFO - Processing file /Users/angel.georgiev/VsCodeProjects/PythonExamples/.venv/lib/python3.10/site-packages/airflow/example_dags/example_sensors.py for tasks to queue
[2024-01-11T20:54:16.702+0200] {logging_mixin.py:188} INFO - [2024-01-11T20:54:16.702+0200] {dagbag.py:538} INFO - Filling up the DagBag from /Users/angel.georgiev/VsCodeProjects/PythonExamples/.venv/lib/python3.10/site-packages/airflow/example_dags/example_sensors.py
[2024-01-11T20:54:16.770+0200] {processor.py:840} INFO - DAG(s) 'example_sensors' retrieved from /Users/angel.georgiev/VsCodeProjects/PythonExamples/.venv/lib/python3.10/site-packages/airflow/example_dags/example_sensors.py
[2024-01-11T20:54:16.887+0200] {logging_mixin.py:188} INFO - [2024-01-11T20:54:16.887+0200] {dag.py:3033} INFO - Sync 1 DAGs
[2024-01-11T20:54:16.894+0200] {logging_mixin.py:188} INFO - [2024-01-11T20:54:16.894+0200] {dag.py:3820} INFO - Setting next_dagrun for example_sensors to None, run_after=None
[2024-01-11T20:54:16.911+0200] {processor.py:183} INFO - Processing /Users/angel.georgiev/VsCodeProjects/PythonExamples/.venv/lib/python3.10/site-packages/airflow/example_dags/example_sensors.py took 0.215 seconds
[2024-01-11T20:56:33.628+0200] {processor.py:161} INFO - Started process (PID=36098) to work on /Users/angel.georgiev/VsCodeProjects/PythonExamples/.venv/lib/python3.10/site-packages/airflow/example_dags/example_sensors.py
[2024-01-11T20:56:33.633+0200] {processor.py:830} INFO - Processing file /Users/angel.georgiev/VsCodeProjects/PythonExamples/.venv/lib/python3.10/site-packages/airflow/example_dags/example_sensors.py for tasks to queue
[2024-01-11T20:56:33.634+0200] {logging_mixin.py:188} INFO - [2024-01-11T20:56:33.634+0200] {dagbag.py:538} INFO - Filling up the DagBag from /Users/angel.georgiev/VsCodeProjects/PythonExamples/.venv/lib/python3.10/site-packages/airflow/example_dags/example_sensors.py
[2024-01-11T20:56:33.709+0200] {processor.py:840} INFO - DAG(s) 'example_sensors' retrieved from /Users/angel.georgiev/VsCodeProjects/PythonExamples/.venv/lib/python3.10/site-packages/airflow/example_dags/example_sensors.py
[2024-01-11T20:56:33.850+0200] {logging_mixin.py:188} INFO - [2024-01-11T20:56:33.849+0200] {dag.py:3033} INFO - Sync 1 DAGs
[2024-01-11T20:56:33.857+0200] {logging_mixin.py:188} INFO - [2024-01-11T20:56:33.857+0200] {dag.py:3820} INFO - Setting next_dagrun for example_sensors to None, run_after=None
[2024-01-11T20:56:33.877+0200] {processor.py:183} INFO - Processing /Users/angel.georgiev/VsCodeProjects/PythonExamples/.venv/lib/python3.10/site-packages/airflow/example_dags/example_sensors.py took 0.251 seconds
[2024-01-11T20:58:54.209+0200] {processor.py:161} INFO - Started process (PID=36187) to work on /Users/angel.georgiev/VsCodeProjects/PythonExamples/.venv/lib/python3.10/site-packages/airflow/example_dags/example_sensors.py
[2024-01-11T20:58:54.214+0200] {processor.py:830} INFO - Processing file /Users/angel.georgiev/VsCodeProjects/PythonExamples/.venv/lib/python3.10/site-packages/airflow/example_dags/example_sensors.py for tasks to queue
[2024-01-11T20:58:54.214+0200] {logging_mixin.py:188} INFO - [2024-01-11T20:58:54.214+0200] {dagbag.py:538} INFO - Filling up the DagBag from /Users/angel.georgiev/VsCodeProjects/PythonExamples/.venv/lib/python3.10/site-packages/airflow/example_dags/example_sensors.py
[2024-01-11T20:58:54.281+0200] {processor.py:840} INFO - DAG(s) 'example_sensors' retrieved from /Users/angel.georgiev/VsCodeProjects/PythonExamples/.venv/lib/python3.10/site-packages/airflow/example_dags/example_sensors.py
[2024-01-11T20:58:54.406+0200] {logging_mixin.py:188} INFO - [2024-01-11T20:58:54.406+0200] {dag.py:3033} INFO - Sync 1 DAGs
[2024-01-11T20:58:54.414+0200] {logging_mixin.py:188} INFO - [2024-01-11T20:58:54.414+0200] {dag.py:3820} INFO - Setting next_dagrun for example_sensors to None, run_after=None
[2024-01-11T20:58:54.431+0200] {processor.py:183} INFO - Processing /Users/angel.georgiev/VsCodeProjects/PythonExamples/.venv/lib/python3.10/site-packages/airflow/example_dags/example_sensors.py took 0.224 seconds
