[2024-01-11T20:14:50.302+0200] {processor.py:161} INFO - Started process (PID=33250) to work on /Users/angel.georgiev/VsCodeProjects/PythonExamples/.venv/lib/python3.10/site-packages/airflow/example_dags/example_params_trigger_ui.py
[2024-01-11T20:14:50.307+0200] {processor.py:830} INFO - Processing file /Users/angel.georgiev/VsCodeProjects/PythonExamples/.venv/lib/python3.10/site-packages/airflow/example_dags/example_params_trigger_ui.py for tasks to queue
[2024-01-11T20:14:50.307+0200] {logging_mixin.py:188} INFO - [2024-01-11T20:14:50.307+0200] {dagbag.py:538} INFO - Filling up the DagBag from /Users/angel.georgiev/VsCodeProjects/PythonExamples/.venv/lib/python3.10/site-packages/airflow/example_dags/example_params_trigger_ui.py
[2024-01-11T20:14:50.398+0200] {processor.py:840} INFO - DAG(s) 'example_params_trigger_ui' retrieved from /Users/angel.georgiev/VsCodeProjects/PythonExamples/.venv/lib/python3.10/site-packages/airflow/example_dags/example_params_trigger_ui.py
[2024-01-11T20:14:50.595+0200] {logging_mixin.py:188} INFO - [2024-01-11T20:14:50.595+0200] {dag.py:3033} INFO - Sync 1 DAGs
[2024-01-11T20:14:50.603+0200] {logging_mixin.py:188} INFO - [2024-01-11T20:14:50.603+0200] {dag.py:3820} INFO - Setting next_dagrun for example_params_trigger_ui to None, run_after=None
[2024-01-11T20:14:50.622+0200] {processor.py:183} INFO - Processing /Users/angel.georgiev/VsCodeProjects/PythonExamples/.venv/lib/python3.10/site-packages/airflow/example_dags/example_params_trigger_ui.py took 0.321 seconds
[2024-01-11T20:17:52.030+0200] {processor.py:161} INFO - Started process (PID=33534) to work on /Users/angel.georgiev/VsCodeProjects/PythonExamples/.venv/lib/python3.10/site-packages/airflow/example_dags/example_params_trigger_ui.py
[2024-01-11T20:17:52.034+0200] {processor.py:830} INFO - Processing file /Users/angel.georgiev/VsCodeProjects/PythonExamples/.venv/lib/python3.10/site-packages/airflow/example_dags/example_params_trigger_ui.py for tasks to queue
[2024-01-11T20:17:52.035+0200] {logging_mixin.py:188} INFO - [2024-01-11T20:17:52.035+0200] {dagbag.py:538} INFO - Filling up the DagBag from /Users/angel.georgiev/VsCodeProjects/PythonExamples/.venv/lib/python3.10/site-packages/airflow/example_dags/example_params_trigger_ui.py
[2024-01-11T20:17:52.127+0200] {processor.py:840} INFO - DAG(s) 'example_params_trigger_ui' retrieved from /Users/angel.georgiev/VsCodeProjects/PythonExamples/.venv/lib/python3.10/site-packages/airflow/example_dags/example_params_trigger_ui.py
[2024-01-11T20:17:52.238+0200] {logging_mixin.py:188} INFO - [2024-01-11T20:17:52.238+0200] {dag.py:3033} INFO - Sync 1 DAGs
[2024-01-11T20:17:52.245+0200] {logging_mixin.py:188} INFO - [2024-01-11T20:17:52.245+0200] {dag.py:3820} INFO - Setting next_dagrun for example_params_trigger_ui to None, run_after=None
[2024-01-11T20:17:52.263+0200] {processor.py:183} INFO - Processing /Users/angel.georgiev/VsCodeProjects/PythonExamples/.venv/lib/python3.10/site-packages/airflow/example_dags/example_params_trigger_ui.py took 0.234 seconds
[2024-01-11T20:20:17.117+0200] {processor.py:161} INFO - Started process (PID=33706) to work on /Users/angel.georgiev/VsCodeProjects/PythonExamples/.venv/lib/python3.10/site-packages/airflow/example_dags/example_params_trigger_ui.py
[2024-01-11T20:20:17.121+0200] {processor.py:830} INFO - Processing file /Users/angel.georgiev/VsCodeProjects/PythonExamples/.venv/lib/python3.10/site-packages/airflow/example_dags/example_params_trigger_ui.py for tasks to queue
[2024-01-11T20:20:17.122+0200] {logging_mixin.py:188} INFO - [2024-01-11T20:20:17.121+0200] {dagbag.py:538} INFO - Filling up the DagBag from /Users/angel.georgiev/VsCodeProjects/PythonExamples/.venv/lib/python3.10/site-packages/airflow/example_dags/example_params_trigger_ui.py
[2024-01-11T20:20:17.215+0200] {processor.py:840} INFO - DAG(s) 'example_params_trigger_ui' retrieved from /Users/angel.georgiev/VsCodeProjects/PythonExamples/.venv/lib/python3.10/site-packages/airflow/example_dags/example_params_trigger_ui.py
[2024-01-11T20:20:17.340+0200] {logging_mixin.py:188} INFO - [2024-01-11T20:20:17.340+0200] {dag.py:3033} INFO - Sync 1 DAGs
[2024-01-11T20:20:17.347+0200] {logging_mixin.py:188} INFO - [2024-01-11T20:20:17.347+0200] {dag.py:3820} INFO - Setting next_dagrun for example_params_trigger_ui to None, run_after=None
[2024-01-11T20:20:17.366+0200] {processor.py:183} INFO - Processing /Users/angel.georgiev/VsCodeProjects/PythonExamples/.venv/lib/python3.10/site-packages/airflow/example_dags/example_params_trigger_ui.py took 0.250 seconds
[2024-01-11T20:22:38.082+0200] {processor.py:161} INFO - Started process (PID=33832) to work on /Users/angel.georgiev/VsCodeProjects/PythonExamples/.venv/lib/python3.10/site-packages/airflow/example_dags/example_params_trigger_ui.py
[2024-01-11T20:22:38.086+0200] {processor.py:830} INFO - Processing file /Users/angel.georgiev/VsCodeProjects/PythonExamples/.venv/lib/python3.10/site-packages/airflow/example_dags/example_params_trigger_ui.py for tasks to queue
[2024-01-11T20:22:38.087+0200] {logging_mixin.py:188} INFO - [2024-01-11T20:22:38.087+0200] {dagbag.py:538} INFO - Filling up the DagBag from /Users/angel.georgiev/VsCodeProjects/PythonExamples/.venv/lib/python3.10/site-packages/airflow/example_dags/example_params_trigger_ui.py
[2024-01-11T20:22:38.177+0200] {processor.py:840} INFO - DAG(s) 'example_params_trigger_ui' retrieved from /Users/angel.georgiev/VsCodeProjects/PythonExamples/.venv/lib/python3.10/site-packages/airflow/example_dags/example_params_trigger_ui.py
[2024-01-11T20:22:38.293+0200] {logging_mixin.py:188} INFO - [2024-01-11T20:22:38.293+0200] {dag.py:3033} INFO - Sync 1 DAGs
[2024-01-11T20:22:38.300+0200] {logging_mixin.py:188} INFO - [2024-01-11T20:22:38.300+0200] {dag.py:3820} INFO - Setting next_dagrun for example_params_trigger_ui to None, run_after=None
[2024-01-11T20:22:38.319+0200] {processor.py:183} INFO - Processing /Users/angel.georgiev/VsCodeProjects/PythonExamples/.venv/lib/python3.10/site-packages/airflow/example_dags/example_params_trigger_ui.py took 0.238 seconds
[2024-01-11T20:25:07.025+0200] {processor.py:161} INFO - Started process (PID=34059) to work on /Users/angel.georgiev/VsCodeProjects/PythonExamples/.venv/lib/python3.10/site-packages/airflow/example_dags/example_params_trigger_ui.py
[2024-01-11T20:25:07.030+0200] {processor.py:830} INFO - Processing file /Users/angel.georgiev/VsCodeProjects/PythonExamples/.venv/lib/python3.10/site-packages/airflow/example_dags/example_params_trigger_ui.py for tasks to queue
[2024-01-11T20:25:07.030+0200] {logging_mixin.py:188} INFO - [2024-01-11T20:25:07.030+0200] {dagbag.py:538} INFO - Filling up the DagBag from /Users/angel.georgiev/VsCodeProjects/PythonExamples/.venv/lib/python3.10/site-packages/airflow/example_dags/example_params_trigger_ui.py
[2024-01-11T20:25:07.133+0200] {processor.py:840} INFO - DAG(s) 'example_params_trigger_ui' retrieved from /Users/angel.georgiev/VsCodeProjects/PythonExamples/.venv/lib/python3.10/site-packages/airflow/example_dags/example_params_trigger_ui.py
[2024-01-11T20:25:07.251+0200] {logging_mixin.py:188} INFO - [2024-01-11T20:25:07.250+0200] {dag.py:3033} INFO - Sync 1 DAGs
[2024-01-11T20:25:07.258+0200] {logging_mixin.py:188} INFO - [2024-01-11T20:25:07.258+0200] {dag.py:3820} INFO - Setting next_dagrun for example_params_trigger_ui to None, run_after=None
[2024-01-11T20:25:07.276+0200] {processor.py:183} INFO - Processing /Users/angel.georgiev/VsCodeProjects/PythonExamples/.venv/lib/python3.10/site-packages/airflow/example_dags/example_params_trigger_ui.py took 0.252 seconds
[2024-01-11T20:29:56.773+0200] {processor.py:161} INFO - Started process (PID=34360) to work on /Users/angel.georgiev/VsCodeProjects/PythonExamples/.venv/lib/python3.10/site-packages/airflow/example_dags/example_params_trigger_ui.py
[2024-01-11T20:29:56.778+0200] {processor.py:830} INFO - Processing file /Users/angel.georgiev/VsCodeProjects/PythonExamples/.venv/lib/python3.10/site-packages/airflow/example_dags/example_params_trigger_ui.py for tasks to queue
[2024-01-11T20:29:56.778+0200] {logging_mixin.py:188} INFO - [2024-01-11T20:29:56.778+0200] {dagbag.py:538} INFO - Filling up the DagBag from /Users/angel.georgiev/VsCodeProjects/PythonExamples/.venv/lib/python3.10/site-packages/airflow/example_dags/example_params_trigger_ui.py
[2024-01-11T20:29:56.874+0200] {processor.py:840} INFO - DAG(s) 'example_params_trigger_ui' retrieved from /Users/angel.georgiev/VsCodeProjects/PythonExamples/.venv/lib/python3.10/site-packages/airflow/example_dags/example_params_trigger_ui.py
[2024-01-11T20:29:57.009+0200] {logging_mixin.py:188} INFO - [2024-01-11T20:29:57.008+0200] {dag.py:3033} INFO - Sync 1 DAGs
[2024-01-11T20:29:57.018+0200] {logging_mixin.py:188} INFO - [2024-01-11T20:29:57.018+0200] {dag.py:3820} INFO - Setting next_dagrun for example_params_trigger_ui to None, run_after=None
[2024-01-11T20:29:57.040+0200] {processor.py:183} INFO - Processing /Users/angel.georgiev/VsCodeProjects/PythonExamples/.venv/lib/python3.10/site-packages/airflow/example_dags/example_params_trigger_ui.py took 0.268 seconds
[2024-01-11T20:32:39.212+0200] {processor.py:161} INFO - Started process (PID=34485) to work on /Users/angel.georgiev/VsCodeProjects/PythonExamples/.venv/lib/python3.10/site-packages/airflow/example_dags/example_params_trigger_ui.py
[2024-01-11T20:32:39.219+0200] {processor.py:830} INFO - Processing file /Users/angel.georgiev/VsCodeProjects/PythonExamples/.venv/lib/python3.10/site-packages/airflow/example_dags/example_params_trigger_ui.py for tasks to queue
[2024-01-11T20:32:39.219+0200] {logging_mixin.py:188} INFO - [2024-01-11T20:32:39.219+0200] {dagbag.py:538} INFO - Filling up the DagBag from /Users/angel.georgiev/VsCodeProjects/PythonExamples/.venv/lib/python3.10/site-packages/airflow/example_dags/example_params_trigger_ui.py
[2024-01-11T20:32:39.353+0200] {processor.py:840} INFO - DAG(s) 'example_params_trigger_ui' retrieved from /Users/angel.georgiev/VsCodeProjects/PythonExamples/.venv/lib/python3.10/site-packages/airflow/example_dags/example_params_trigger_ui.py
[2024-01-11T20:32:39.524+0200] {logging_mixin.py:188} INFO - [2024-01-11T20:32:39.523+0200] {dag.py:3033} INFO - Sync 1 DAGs
[2024-01-11T20:32:39.535+0200] {logging_mixin.py:188} INFO - [2024-01-11T20:32:39.535+0200] {dag.py:3820} INFO - Setting next_dagrun for example_params_trigger_ui to None, run_after=None
[2024-01-11T20:32:39.588+0200] {processor.py:183} INFO - Processing /Users/angel.georgiev/VsCodeProjects/PythonExamples/.venv/lib/python3.10/site-packages/airflow/example_dags/example_params_trigger_ui.py took 0.378 seconds
[2024-01-11T20:35:31.418+0200] {processor.py:161} INFO - Started process (PID=34622) to work on /Users/angel.georgiev/VsCodeProjects/PythonExamples/.venv/lib/python3.10/site-packages/airflow/example_dags/example_params_trigger_ui.py
[2024-01-11T20:35:31.426+0200] {processor.py:830} INFO - Processing file /Users/angel.georgiev/VsCodeProjects/PythonExamples/.venv/lib/python3.10/site-packages/airflow/example_dags/example_params_trigger_ui.py for tasks to queue
[2024-01-11T20:35:31.427+0200] {logging_mixin.py:188} INFO - [2024-01-11T20:35:31.426+0200] {dagbag.py:538} INFO - Filling up the DagBag from /Users/angel.georgiev/VsCodeProjects/PythonExamples/.venv/lib/python3.10/site-packages/airflow/example_dags/example_params_trigger_ui.py
[2024-01-11T20:35:31.581+0200] {processor.py:840} INFO - DAG(s) 'example_params_trigger_ui' retrieved from /Users/angel.georgiev/VsCodeProjects/PythonExamples/.venv/lib/python3.10/site-packages/airflow/example_dags/example_params_trigger_ui.py
[2024-01-11T20:35:31.770+0200] {logging_mixin.py:188} INFO - [2024-01-11T20:35:31.769+0200] {dag.py:3033} INFO - Sync 1 DAGs
[2024-01-11T20:35:31.783+0200] {logging_mixin.py:188} INFO - [2024-01-11T20:35:31.782+0200] {dag.py:3820} INFO - Setting next_dagrun for example_params_trigger_ui to None, run_after=None
[2024-01-11T20:35:31.826+0200] {processor.py:183} INFO - Processing /Users/angel.georgiev/VsCodeProjects/PythonExamples/.venv/lib/python3.10/site-packages/airflow/example_dags/example_params_trigger_ui.py took 0.410 seconds
[2024-01-11T20:38:37.767+0200] {processor.py:161} INFO - Started process (PID=34908) to work on /Users/angel.georgiev/VsCodeProjects/PythonExamples/.venv/lib/python3.10/site-packages/airflow/example_dags/example_params_trigger_ui.py
[2024-01-11T20:38:37.771+0200] {processor.py:830} INFO - Processing file /Users/angel.georgiev/VsCodeProjects/PythonExamples/.venv/lib/python3.10/site-packages/airflow/example_dags/example_params_trigger_ui.py for tasks to queue
[2024-01-11T20:38:37.772+0200] {logging_mixin.py:188} INFO - [2024-01-11T20:38:37.772+0200] {dagbag.py:538} INFO - Filling up the DagBag from /Users/angel.georgiev/VsCodeProjects/PythonExamples/.venv/lib/python3.10/site-packages/airflow/example_dags/example_params_trigger_ui.py
[2024-01-11T20:38:37.866+0200] {processor.py:840} INFO - DAG(s) 'example_params_trigger_ui' retrieved from /Users/angel.georgiev/VsCodeProjects/PythonExamples/.venv/lib/python3.10/site-packages/airflow/example_dags/example_params_trigger_ui.py
[2024-01-11T20:38:37.997+0200] {logging_mixin.py:188} INFO - [2024-01-11T20:38:37.996+0200] {dag.py:3033} INFO - Sync 1 DAGs
[2024-01-11T20:38:38.005+0200] {logging_mixin.py:188} INFO - [2024-01-11T20:38:38.005+0200] {dag.py:3820} INFO - Setting next_dagrun for example_params_trigger_ui to None, run_after=None
[2024-01-11T20:38:38.024+0200] {processor.py:183} INFO - Processing /Users/angel.georgiev/VsCodeProjects/PythonExamples/.venv/lib/python3.10/site-packages/airflow/example_dags/example_params_trigger_ui.py took 0.259 seconds
[2024-01-11T20:41:59.107+0200] {processor.py:161} INFO - Started process (PID=35214) to work on /Users/angel.georgiev/VsCodeProjects/PythonExamples/.venv/lib/python3.10/site-packages/airflow/example_dags/example_params_trigger_ui.py
[2024-01-11T20:41:59.113+0200] {processor.py:830} INFO - Processing file /Users/angel.georgiev/VsCodeProjects/PythonExamples/.venv/lib/python3.10/site-packages/airflow/example_dags/example_params_trigger_ui.py for tasks to queue
[2024-01-11T20:41:59.114+0200] {logging_mixin.py:188} INFO - [2024-01-11T20:41:59.114+0200] {dagbag.py:538} INFO - Filling up the DagBag from /Users/angel.georgiev/VsCodeProjects/PythonExamples/.venv/lib/python3.10/site-packages/airflow/example_dags/example_params_trigger_ui.py
[2024-01-11T20:41:59.213+0200] {processor.py:840} INFO - DAG(s) 'example_params_trigger_ui' retrieved from /Users/angel.georgiev/VsCodeProjects/PythonExamples/.venv/lib/python3.10/site-packages/airflow/example_dags/example_params_trigger_ui.py
[2024-01-11T20:41:59.338+0200] {logging_mixin.py:188} INFO - [2024-01-11T20:41:59.337+0200] {dag.py:3033} INFO - Sync 1 DAGs
[2024-01-11T20:41:59.346+0200] {logging_mixin.py:188} INFO - [2024-01-11T20:41:59.346+0200] {dag.py:3820} INFO - Setting next_dagrun for example_params_trigger_ui to None, run_after=None
[2024-01-11T20:41:59.366+0200] {processor.py:183} INFO - Processing /Users/angel.georgiev/VsCodeProjects/PythonExamples/.venv/lib/python3.10/site-packages/airflow/example_dags/example_params_trigger_ui.py took 0.260 seconds
[2024-01-11T20:44:37.811+0200] {processor.py:161} INFO - Started process (PID=35343) to work on /Users/angel.georgiev/VsCodeProjects/PythonExamples/.venv/lib/python3.10/site-packages/airflow/example_dags/example_params_trigger_ui.py
[2024-01-11T20:44:37.816+0200] {processor.py:830} INFO - Processing file /Users/angel.georgiev/VsCodeProjects/PythonExamples/.venv/lib/python3.10/site-packages/airflow/example_dags/example_params_trigger_ui.py for tasks to queue
[2024-01-11T20:44:37.816+0200] {logging_mixin.py:188} INFO - [2024-01-11T20:44:37.816+0200] {dagbag.py:538} INFO - Filling up the DagBag from /Users/angel.georgiev/VsCodeProjects/PythonExamples/.venv/lib/python3.10/site-packages/airflow/example_dags/example_params_trigger_ui.py
[2024-01-11T20:44:37.907+0200] {processor.py:840} INFO - DAG(s) 'example_params_trigger_ui' retrieved from /Users/angel.georgiev/VsCodeProjects/PythonExamples/.venv/lib/python3.10/site-packages/airflow/example_dags/example_params_trigger_ui.py
[2024-01-11T20:44:38.026+0200] {logging_mixin.py:188} INFO - [2024-01-11T20:44:38.026+0200] {dag.py:3033} INFO - Sync 1 DAGs
[2024-01-11T20:44:38.035+0200] {logging_mixin.py:188} INFO - [2024-01-11T20:44:38.035+0200] {dag.py:3820} INFO - Setting next_dagrun for example_params_trigger_ui to None, run_after=None
[2024-01-11T20:44:38.054+0200] {processor.py:183} INFO - Processing /Users/angel.georgiev/VsCodeProjects/PythonExamples/.venv/lib/python3.10/site-packages/airflow/example_dags/example_params_trigger_ui.py took 0.244 seconds
[2024-01-11T20:46:42.212+0200] {processor.py:161} INFO - Started process (PID=35424) to work on /Users/angel.georgiev/VsCodeProjects/PythonExamples/.venv/lib/python3.10/site-packages/airflow/example_dags/example_params_trigger_ui.py
[2024-01-11T20:46:42.219+0200] {processor.py:830} INFO - Processing file /Users/angel.georgiev/VsCodeProjects/PythonExamples/.venv/lib/python3.10/site-packages/airflow/example_dags/example_params_trigger_ui.py for tasks to queue
[2024-01-11T20:46:42.219+0200] {logging_mixin.py:188} INFO - [2024-01-11T20:46:42.219+0200] {dagbag.py:538} INFO - Filling up the DagBag from /Users/angel.georgiev/VsCodeProjects/PythonExamples/.venv/lib/python3.10/site-packages/airflow/example_dags/example_params_trigger_ui.py
[2024-01-11T20:46:42.313+0200] {processor.py:840} INFO - DAG(s) 'example_params_trigger_ui' retrieved from /Users/angel.georgiev/VsCodeProjects/PythonExamples/.venv/lib/python3.10/site-packages/airflow/example_dags/example_params_trigger_ui.py
[2024-01-11T20:46:42.434+0200] {logging_mixin.py:188} INFO - [2024-01-11T20:46:42.434+0200] {dag.py:3033} INFO - Sync 1 DAGs
[2024-01-11T20:46:42.441+0200] {logging_mixin.py:188} INFO - [2024-01-11T20:46:42.441+0200] {dag.py:3820} INFO - Setting next_dagrun for example_params_trigger_ui to None, run_after=None
[2024-01-11T20:46:42.458+0200] {processor.py:183} INFO - Processing /Users/angel.georgiev/VsCodeProjects/PythonExamples/.venv/lib/python3.10/site-packages/airflow/example_dags/example_params_trigger_ui.py took 0.248 seconds
[2024-01-11T20:50:34.298+0200] {processor.py:161} INFO - Started process (PID=35709) to work on /Users/angel.georgiev/VsCodeProjects/PythonExamples/.venv/lib/python3.10/site-packages/airflow/example_dags/example_params_trigger_ui.py
[2024-01-11T20:50:34.302+0200] {processor.py:830} INFO - Processing file /Users/angel.georgiev/VsCodeProjects/PythonExamples/.venv/lib/python3.10/site-packages/airflow/example_dags/example_params_trigger_ui.py for tasks to queue
[2024-01-11T20:50:34.303+0200] {logging_mixin.py:188} INFO - [2024-01-11T20:50:34.302+0200] {dagbag.py:538} INFO - Filling up the DagBag from /Users/angel.georgiev/VsCodeProjects/PythonExamples/.venv/lib/python3.10/site-packages/airflow/example_dags/example_params_trigger_ui.py
[2024-01-11T20:50:34.392+0200] {processor.py:840} INFO - DAG(s) 'example_params_trigger_ui' retrieved from /Users/angel.georgiev/VsCodeProjects/PythonExamples/.venv/lib/python3.10/site-packages/airflow/example_dags/example_params_trigger_ui.py
[2024-01-11T20:50:34.506+0200] {logging_mixin.py:188} INFO - [2024-01-11T20:50:34.506+0200] {dag.py:3033} INFO - Sync 1 DAGs
[2024-01-11T20:50:34.513+0200] {logging_mixin.py:188} INFO - [2024-01-11T20:50:34.513+0200] {dag.py:3820} INFO - Setting next_dagrun for example_params_trigger_ui to None, run_after=None
[2024-01-11T20:50:34.532+0200] {processor.py:183} INFO - Processing /Users/angel.georgiev/VsCodeProjects/PythonExamples/.venv/lib/python3.10/site-packages/airflow/example_dags/example_params_trigger_ui.py took 0.235 seconds
[2024-01-11T20:54:34.074+0200] {processor.py:161} INFO - Started process (PID=35949) to work on /Users/angel.georgiev/VsCodeProjects/PythonExamples/.venv/lib/python3.10/site-packages/airflow/example_dags/example_params_trigger_ui.py
[2024-01-11T20:54:34.078+0200] {processor.py:830} INFO - Processing file /Users/angel.georgiev/VsCodeProjects/PythonExamples/.venv/lib/python3.10/site-packages/airflow/example_dags/example_params_trigger_ui.py for tasks to queue
[2024-01-11T20:54:34.079+0200] {logging_mixin.py:188} INFO - [2024-01-11T20:54:34.079+0200] {dagbag.py:538} INFO - Filling up the DagBag from /Users/angel.georgiev/VsCodeProjects/PythonExamples/.venv/lib/python3.10/site-packages/airflow/example_dags/example_params_trigger_ui.py
[2024-01-11T20:54:34.169+0200] {processor.py:840} INFO - DAG(s) 'example_params_trigger_ui' retrieved from /Users/angel.georgiev/VsCodeProjects/PythonExamples/.venv/lib/python3.10/site-packages/airflow/example_dags/example_params_trigger_ui.py
[2024-01-11T20:54:34.304+0200] {logging_mixin.py:188} INFO - [2024-01-11T20:54:34.303+0200] {dag.py:3033} INFO - Sync 1 DAGs
[2024-01-11T20:54:34.311+0200] {logging_mixin.py:188} INFO - [2024-01-11T20:54:34.311+0200] {dag.py:3820} INFO - Setting next_dagrun for example_params_trigger_ui to None, run_after=None
[2024-01-11T20:54:34.330+0200] {processor.py:183} INFO - Processing /Users/angel.georgiev/VsCodeProjects/PythonExamples/.venv/lib/python3.10/site-packages/airflow/example_dags/example_params_trigger_ui.py took 0.257 seconds
[2024-01-11T20:59:14.455+0200] {processor.py:161} INFO - Started process (PID=36195) to work on /Users/angel.georgiev/VsCodeProjects/PythonExamples/.venv/lib/python3.10/site-packages/airflow/example_dags/example_params_trigger_ui.py
[2024-01-11T20:59:14.461+0200] {processor.py:830} INFO - Processing file /Users/angel.georgiev/VsCodeProjects/PythonExamples/.venv/lib/python3.10/site-packages/airflow/example_dags/example_params_trigger_ui.py for tasks to queue
[2024-01-11T20:59:14.461+0200] {logging_mixin.py:188} INFO - [2024-01-11T20:59:14.461+0200] {dagbag.py:538} INFO - Filling up the DagBag from /Users/angel.georgiev/VsCodeProjects/PythonExamples/.venv/lib/python3.10/site-packages/airflow/example_dags/example_params_trigger_ui.py
[2024-01-11T20:59:14.684+0200] {processor.py:840} INFO - DAG(s) 'example_params_trigger_ui' retrieved from /Users/angel.georgiev/VsCodeProjects/PythonExamples/.venv/lib/python3.10/site-packages/airflow/example_dags/example_params_trigger_ui.py
[2024-01-11T20:59:14.992+0200] {logging_mixin.py:188} INFO - [2024-01-11T20:59:14.991+0200] {dag.py:3033} INFO - Sync 1 DAGs
[2024-01-11T20:59:15.015+0200] {logging_mixin.py:188} INFO - [2024-01-11T20:59:15.015+0200] {dag.py:3820} INFO - Setting next_dagrun for example_params_trigger_ui to None, run_after=None
[2024-01-11T20:59:15.058+0200] {processor.py:183} INFO - Processing /Users/angel.georgiev/VsCodeProjects/PythonExamples/.venv/lib/python3.10/site-packages/airflow/example_dags/example_params_trigger_ui.py took 0.605 seconds
