[2024-01-11T20:14:28.013+0200] {processor.py:161} INFO - Started process (PID=33242) to work on /Users/angel.georgiev/VsCodeProjects/PythonExamples/.venv/lib/python3.10/site-packages/airflow/example_dags/example_setup_teardown.py
[2024-01-11T20:14:28.018+0200] {processor.py:830} INFO - Processing file /Users/angel.georgiev/VsCodeProjects/PythonExamples/.venv/lib/python3.10/site-packages/airflow/example_dags/example_setup_teardown.py for tasks to queue
[2024-01-11T20:14:28.019+0200] {logging_mixin.py:188} INFO - [2024-01-11T20:14:28.018+0200] {dagbag.py:538} INFO - Filling up the DagBag from /Users/angel.georgiev/VsCodeProjects/PythonExamples/.venv/lib/python3.10/site-packages/airflow/example_dags/example_setup_teardown.py
[2024-01-11T20:14:28.031+0200] {processor.py:840} INFO - DAG(s) 'example_setup_teardown' retrieved from /Users/angel.georgiev/VsCodeProjects/PythonExamples/.venv/lib/python3.10/site-packages/airflow/example_dags/example_setup_teardown.py
[2024-01-11T20:14:28.258+0200] {logging_mixin.py:188} INFO - [2024-01-11T20:14:28.258+0200] {dag.py:3033} INFO - Sync 1 DAGs
[2024-01-11T20:14:28.272+0200] {logging_mixin.py:188} INFO - [2024-01-11T20:14:28.272+0200] {dag.py:3820} INFO - Setting next_dagrun for example_setup_teardown to 2024-01-10T00:00:00+00:00, run_after=2024-01-11T00:00:00+00:00
[2024-01-11T20:14:28.289+0200] {processor.py:183} INFO - Processing /Users/angel.georgiev/VsCodeProjects/PythonExamples/.venv/lib/python3.10/site-packages/airflow/example_dags/example_setup_teardown.py took 0.277 seconds
[2024-01-11T20:17:31.422+0200] {processor.py:161} INFO - Started process (PID=33524) to work on /Users/angel.georgiev/VsCodeProjects/PythonExamples/.venv/lib/python3.10/site-packages/airflow/example_dags/example_setup_teardown.py
[2024-01-11T20:17:31.429+0200] {processor.py:830} INFO - Processing file /Users/angel.georgiev/VsCodeProjects/PythonExamples/.venv/lib/python3.10/site-packages/airflow/example_dags/example_setup_teardown.py for tasks to queue
[2024-01-11T20:17:31.430+0200] {logging_mixin.py:188} INFO - [2024-01-11T20:17:31.430+0200] {dagbag.py:538} INFO - Filling up the DagBag from /Users/angel.georgiev/VsCodeProjects/PythonExamples/.venv/lib/python3.10/site-packages/airflow/example_dags/example_setup_teardown.py
[2024-01-11T20:17:31.445+0200] {processor.py:840} INFO - DAG(s) 'example_setup_teardown' retrieved from /Users/angel.georgiev/VsCodeProjects/PythonExamples/.venv/lib/python3.10/site-packages/airflow/example_dags/example_setup_teardown.py
[2024-01-11T20:17:31.602+0200] {logging_mixin.py:188} INFO - [2024-01-11T20:17:31.602+0200] {dag.py:3033} INFO - Sync 1 DAGs
[2024-01-11T20:17:31.618+0200] {logging_mixin.py:188} INFO - [2024-01-11T20:17:31.618+0200] {dag.py:3820} INFO - Setting next_dagrun for example_setup_teardown to 2024-01-10T00:00:00+00:00, run_after=2024-01-11T00:00:00+00:00
[2024-01-11T20:17:31.638+0200] {processor.py:183} INFO - Processing /Users/angel.georgiev/VsCodeProjects/PythonExamples/.venv/lib/python3.10/site-packages/airflow/example_dags/example_setup_teardown.py took 0.218 seconds
[2024-01-11T20:19:50.384+0200] {processor.py:161} INFO - Started process (PID=33679) to work on /Users/angel.georgiev/VsCodeProjects/PythonExamples/.venv/lib/python3.10/site-packages/airflow/example_dags/example_setup_teardown.py
[2024-01-11T20:19:50.390+0200] {processor.py:830} INFO - Processing file /Users/angel.georgiev/VsCodeProjects/PythonExamples/.venv/lib/python3.10/site-packages/airflow/example_dags/example_setup_teardown.py for tasks to queue
[2024-01-11T20:19:50.391+0200] {logging_mixin.py:188} INFO - [2024-01-11T20:19:50.391+0200] {dagbag.py:538} INFO - Filling up the DagBag from /Users/angel.georgiev/VsCodeProjects/PythonExamples/.venv/lib/python3.10/site-packages/airflow/example_dags/example_setup_teardown.py
[2024-01-11T20:19:50.406+0200] {processor.py:840} INFO - DAG(s) 'example_setup_teardown' retrieved from /Users/angel.georgiev/VsCodeProjects/PythonExamples/.venv/lib/python3.10/site-packages/airflow/example_dags/example_setup_teardown.py
[2024-01-11T20:19:50.565+0200] {logging_mixin.py:188} INFO - [2024-01-11T20:19:50.565+0200] {dag.py:3033} INFO - Sync 1 DAGs
[2024-01-11T20:19:50.580+0200] {logging_mixin.py:188} INFO - [2024-01-11T20:19:50.580+0200] {dag.py:3820} INFO - Setting next_dagrun for example_setup_teardown to 2024-01-10T00:00:00+00:00, run_after=2024-01-11T00:00:00+00:00
[2024-01-11T20:19:50.601+0200] {processor.py:183} INFO - Processing /Users/angel.georgiev/VsCodeProjects/PythonExamples/.venv/lib/python3.10/site-packages/airflow/example_dags/example_setup_teardown.py took 0.218 seconds
[2024-01-11T20:22:15.459+0200] {processor.py:161} INFO - Started process (PID=33809) to work on /Users/angel.georgiev/VsCodeProjects/PythonExamples/.venv/lib/python3.10/site-packages/airflow/example_dags/example_setup_teardown.py
[2024-01-11T20:22:15.464+0200] {processor.py:830} INFO - Processing file /Users/angel.georgiev/VsCodeProjects/PythonExamples/.venv/lib/python3.10/site-packages/airflow/example_dags/example_setup_teardown.py for tasks to queue
[2024-01-11T20:22:15.464+0200] {logging_mixin.py:188} INFO - [2024-01-11T20:22:15.464+0200] {dagbag.py:538} INFO - Filling up the DagBag from /Users/angel.georgiev/VsCodeProjects/PythonExamples/.venv/lib/python3.10/site-packages/airflow/example_dags/example_setup_teardown.py
[2024-01-11T20:22:15.477+0200] {processor.py:840} INFO - DAG(s) 'example_setup_teardown' retrieved from /Users/angel.georgiev/VsCodeProjects/PythonExamples/.venv/lib/python3.10/site-packages/airflow/example_dags/example_setup_teardown.py
[2024-01-11T20:22:15.624+0200] {logging_mixin.py:188} INFO - [2024-01-11T20:22:15.623+0200] {dag.py:3033} INFO - Sync 1 DAGs
[2024-01-11T20:22:15.637+0200] {logging_mixin.py:188} INFO - [2024-01-11T20:22:15.637+0200] {dag.py:3820} INFO - Setting next_dagrun for example_setup_teardown to 2024-01-10T00:00:00+00:00, run_after=2024-01-11T00:00:00+00:00
[2024-01-11T20:22:15.656+0200] {processor.py:183} INFO - Processing /Users/angel.georgiev/VsCodeProjects/PythonExamples/.venv/lib/python3.10/site-packages/airflow/example_dags/example_setup_teardown.py took 0.198 seconds
[2024-01-11T20:24:45.075+0200] {processor.py:161} INFO - Started process (PID=34048) to work on /Users/angel.georgiev/VsCodeProjects/PythonExamples/.venv/lib/python3.10/site-packages/airflow/example_dags/example_setup_teardown.py
[2024-01-11T20:24:45.081+0200] {processor.py:830} INFO - Processing file /Users/angel.georgiev/VsCodeProjects/PythonExamples/.venv/lib/python3.10/site-packages/airflow/example_dags/example_setup_teardown.py for tasks to queue
[2024-01-11T20:24:45.081+0200] {logging_mixin.py:188} INFO - [2024-01-11T20:24:45.081+0200] {dagbag.py:538} INFO - Filling up the DagBag from /Users/angel.georgiev/VsCodeProjects/PythonExamples/.venv/lib/python3.10/site-packages/airflow/example_dags/example_setup_teardown.py
[2024-01-11T20:24:45.097+0200] {processor.py:840} INFO - DAG(s) 'example_setup_teardown' retrieved from /Users/angel.georgiev/VsCodeProjects/PythonExamples/.venv/lib/python3.10/site-packages/airflow/example_dags/example_setup_teardown.py
[2024-01-11T20:24:45.256+0200] {logging_mixin.py:188} INFO - [2024-01-11T20:24:45.256+0200] {dag.py:3033} INFO - Sync 1 DAGs
[2024-01-11T20:24:45.273+0200] {logging_mixin.py:188} INFO - [2024-01-11T20:24:45.273+0200] {dag.py:3820} INFO - Setting next_dagrun for example_setup_teardown to 2024-01-10T00:00:00+00:00, run_after=2024-01-11T00:00:00+00:00
[2024-01-11T20:24:45.297+0200] {processor.py:183} INFO - Processing /Users/angel.georgiev/VsCodeProjects/PythonExamples/.venv/lib/python3.10/site-packages/airflow/example_dags/example_setup_teardown.py took 0.224 seconds
[2024-01-11T20:27:09.959+0200] {processor.py:161} INFO - Started process (PID=34146) to work on /Users/angel.georgiev/VsCodeProjects/PythonExamples/.venv/lib/python3.10/site-packages/airflow/example_dags/example_setup_teardown.py
[2024-01-11T20:27:09.967+0200] {processor.py:830} INFO - Processing file /Users/angel.georgiev/VsCodeProjects/PythonExamples/.venv/lib/python3.10/site-packages/airflow/example_dags/example_setup_teardown.py for tasks to queue
[2024-01-11T20:27:09.967+0200] {logging_mixin.py:188} INFO - [2024-01-11T20:27:09.967+0200] {dagbag.py:538} INFO - Filling up the DagBag from /Users/angel.georgiev/VsCodeProjects/PythonExamples/.venv/lib/python3.10/site-packages/airflow/example_dags/example_setup_teardown.py
[2024-01-11T20:27:10.001+0200] {processor.py:840} INFO - DAG(s) 'example_setup_teardown' retrieved from /Users/angel.georgiev/VsCodeProjects/PythonExamples/.venv/lib/python3.10/site-packages/airflow/example_dags/example_setup_teardown.py
[2024-01-11T20:27:10.250+0200] {logging_mixin.py:188} INFO - [2024-01-11T20:27:10.250+0200] {dag.py:3033} INFO - Sync 1 DAGs
[2024-01-11T20:27:10.275+0200] {logging_mixin.py:188} INFO - [2024-01-11T20:27:10.275+0200] {dag.py:3820} INFO - Setting next_dagrun for example_setup_teardown to 2024-01-10T00:00:00+00:00, run_after=2024-01-11T00:00:00+00:00
[2024-01-11T20:27:10.305+0200] {processor.py:183} INFO - Processing /Users/angel.georgiev/VsCodeProjects/PythonExamples/.venv/lib/python3.10/site-packages/airflow/example_dags/example_setup_teardown.py took 0.348 seconds
[2024-01-11T20:29:31.287+0200] {processor.py:161} INFO - Started process (PID=34336) to work on /Users/angel.georgiev/VsCodeProjects/PythonExamples/.venv/lib/python3.10/site-packages/airflow/example_dags/example_setup_teardown.py
[2024-01-11T20:29:31.294+0200] {processor.py:830} INFO - Processing file /Users/angel.georgiev/VsCodeProjects/PythonExamples/.venv/lib/python3.10/site-packages/airflow/example_dags/example_setup_teardown.py for tasks to queue
[2024-01-11T20:29:31.294+0200] {logging_mixin.py:188} INFO - [2024-01-11T20:29:31.294+0200] {dagbag.py:538} INFO - Filling up the DagBag from /Users/angel.georgiev/VsCodeProjects/PythonExamples/.venv/lib/python3.10/site-packages/airflow/example_dags/example_setup_teardown.py
[2024-01-11T20:29:31.310+0200] {processor.py:840} INFO - DAG(s) 'example_setup_teardown' retrieved from /Users/angel.georgiev/VsCodeProjects/PythonExamples/.venv/lib/python3.10/site-packages/airflow/example_dags/example_setup_teardown.py
[2024-01-11T20:29:31.465+0200] {logging_mixin.py:188} INFO - [2024-01-11T20:29:31.465+0200] {dag.py:3033} INFO - Sync 1 DAGs
[2024-01-11T20:29:31.480+0200] {logging_mixin.py:188} INFO - [2024-01-11T20:29:31.479+0200] {dag.py:3820} INFO - Setting next_dagrun for example_setup_teardown to 2024-01-10T00:00:00+00:00, run_after=2024-01-11T00:00:00+00:00
[2024-01-11T20:29:31.500+0200] {processor.py:183} INFO - Processing /Users/angel.georgiev/VsCodeProjects/PythonExamples/.venv/lib/python3.10/site-packages/airflow/example_dags/example_setup_teardown.py took 0.215 seconds
[2024-01-11T20:32:09.868+0200] {processor.py:161} INFO - Started process (PID=34467) to work on /Users/angel.georgiev/VsCodeProjects/PythonExamples/.venv/lib/python3.10/site-packages/airflow/example_dags/example_setup_teardown.py
[2024-01-11T20:32:09.874+0200] {processor.py:830} INFO - Processing file /Users/angel.georgiev/VsCodeProjects/PythonExamples/.venv/lib/python3.10/site-packages/airflow/example_dags/example_setup_teardown.py for tasks to queue
[2024-01-11T20:32:09.875+0200] {logging_mixin.py:188} INFO - [2024-01-11T20:32:09.875+0200] {dagbag.py:538} INFO - Filling up the DagBag from /Users/angel.georgiev/VsCodeProjects/PythonExamples/.venv/lib/python3.10/site-packages/airflow/example_dags/example_setup_teardown.py
[2024-01-11T20:32:09.889+0200] {processor.py:840} INFO - DAG(s) 'example_setup_teardown' retrieved from /Users/angel.georgiev/VsCodeProjects/PythonExamples/.venv/lib/python3.10/site-packages/airflow/example_dags/example_setup_teardown.py
[2024-01-11T20:32:10.050+0200] {logging_mixin.py:188} INFO - [2024-01-11T20:32:10.050+0200] {dag.py:3033} INFO - Sync 1 DAGs
[2024-01-11T20:32:10.066+0200] {logging_mixin.py:188} INFO - [2024-01-11T20:32:10.066+0200] {dag.py:3820} INFO - Setting next_dagrun for example_setup_teardown to 2024-01-10T00:00:00+00:00, run_after=2024-01-11T00:00:00+00:00
[2024-01-11T20:32:10.085+0200] {processor.py:183} INFO - Processing /Users/angel.georgiev/VsCodeProjects/PythonExamples/.venv/lib/python3.10/site-packages/airflow/example_dags/example_setup_teardown.py took 0.219 seconds
[2024-01-11T20:35:02.806+0200] {processor.py:161} INFO - Started process (PID=34606) to work on /Users/angel.georgiev/VsCodeProjects/PythonExamples/.venv/lib/python3.10/site-packages/airflow/example_dags/example_setup_teardown.py
[2024-01-11T20:35:02.811+0200] {processor.py:830} INFO - Processing file /Users/angel.georgiev/VsCodeProjects/PythonExamples/.venv/lib/python3.10/site-packages/airflow/example_dags/example_setup_teardown.py for tasks to queue
[2024-01-11T20:35:02.812+0200] {logging_mixin.py:188} INFO - [2024-01-11T20:35:02.811+0200] {dagbag.py:538} INFO - Filling up the DagBag from /Users/angel.georgiev/VsCodeProjects/PythonExamples/.venv/lib/python3.10/site-packages/airflow/example_dags/example_setup_teardown.py
[2024-01-11T20:35:02.824+0200] {processor.py:840} INFO - DAG(s) 'example_setup_teardown' retrieved from /Users/angel.georgiev/VsCodeProjects/PythonExamples/.venv/lib/python3.10/site-packages/airflow/example_dags/example_setup_teardown.py
[2024-01-11T20:35:02.983+0200] {logging_mixin.py:188} INFO - [2024-01-11T20:35:02.983+0200] {dag.py:3033} INFO - Sync 1 DAGs
[2024-01-11T20:35:03.001+0200] {logging_mixin.py:188} INFO - [2024-01-11T20:35:03.000+0200] {dag.py:3820} INFO - Setting next_dagrun for example_setup_teardown to 2024-01-10T00:00:00+00:00, run_after=2024-01-11T00:00:00+00:00
[2024-01-11T20:35:03.022+0200] {processor.py:183} INFO - Processing /Users/angel.georgiev/VsCodeProjects/PythonExamples/.venv/lib/python3.10/site-packages/airflow/example_dags/example_setup_teardown.py took 0.217 seconds
[2024-01-11T20:38:10.394+0200] {processor.py:161} INFO - Started process (PID=34891) to work on /Users/angel.georgiev/VsCodeProjects/PythonExamples/.venv/lib/python3.10/site-packages/airflow/example_dags/example_setup_teardown.py
[2024-01-11T20:38:10.400+0200] {processor.py:830} INFO - Processing file /Users/angel.georgiev/VsCodeProjects/PythonExamples/.venv/lib/python3.10/site-packages/airflow/example_dags/example_setup_teardown.py for tasks to queue
[2024-01-11T20:38:10.400+0200] {logging_mixin.py:188} INFO - [2024-01-11T20:38:10.400+0200] {dagbag.py:538} INFO - Filling up the DagBag from /Users/angel.georgiev/VsCodeProjects/PythonExamples/.venv/lib/python3.10/site-packages/airflow/example_dags/example_setup_teardown.py
[2024-01-11T20:38:10.416+0200] {processor.py:840} INFO - DAG(s) 'example_setup_teardown' retrieved from /Users/angel.georgiev/VsCodeProjects/PythonExamples/.venv/lib/python3.10/site-packages/airflow/example_dags/example_setup_teardown.py
[2024-01-11T20:38:10.593+0200] {logging_mixin.py:188} INFO - [2024-01-11T20:38:10.593+0200] {dag.py:3033} INFO - Sync 1 DAGs
[2024-01-11T20:38:10.612+0200] {logging_mixin.py:188} INFO - [2024-01-11T20:38:10.612+0200] {dag.py:3820} INFO - Setting next_dagrun for example_setup_teardown to 2024-01-10T00:00:00+00:00, run_after=2024-01-11T00:00:00+00:00
[2024-01-11T20:38:10.633+0200] {processor.py:183} INFO - Processing /Users/angel.georgiev/VsCodeProjects/PythonExamples/.venv/lib/python3.10/site-packages/airflow/example_dags/example_setup_teardown.py took 0.241 seconds
[2024-01-11T20:41:35.295+0200] {processor.py:161} INFO - Started process (PID=35202) to work on /Users/angel.georgiev/VsCodeProjects/PythonExamples/.venv/lib/python3.10/site-packages/airflow/example_dags/example_setup_teardown.py
[2024-01-11T20:41:35.301+0200] {processor.py:830} INFO - Processing file /Users/angel.georgiev/VsCodeProjects/PythonExamples/.venv/lib/python3.10/site-packages/airflow/example_dags/example_setup_teardown.py for tasks to queue
[2024-01-11T20:41:35.302+0200] {logging_mixin.py:188} INFO - [2024-01-11T20:41:35.301+0200] {dagbag.py:538} INFO - Filling up the DagBag from /Users/angel.georgiev/VsCodeProjects/PythonExamples/.venv/lib/python3.10/site-packages/airflow/example_dags/example_setup_teardown.py
[2024-01-11T20:41:35.319+0200] {processor.py:840} INFO - DAG(s) 'example_setup_teardown' retrieved from /Users/angel.georgiev/VsCodeProjects/PythonExamples/.venv/lib/python3.10/site-packages/airflow/example_dags/example_setup_teardown.py
[2024-01-11T20:41:35.501+0200] {logging_mixin.py:188} INFO - [2024-01-11T20:41:35.500+0200] {dag.py:3033} INFO - Sync 1 DAGs
[2024-01-11T20:41:35.521+0200] {logging_mixin.py:188} INFO - [2024-01-11T20:41:35.521+0200] {dag.py:3820} INFO - Setting next_dagrun for example_setup_teardown to 2024-01-10T00:00:00+00:00, run_after=2024-01-11T00:00:00+00:00
[2024-01-11T20:41:35.549+0200] {processor.py:183} INFO - Processing /Users/angel.georgiev/VsCodeProjects/PythonExamples/.venv/lib/python3.10/site-packages/airflow/example_dags/example_setup_teardown.py took 0.257 seconds
[2024-01-11T20:44:16.758+0200] {processor.py:161} INFO - Started process (PID=35335) to work on /Users/angel.georgiev/VsCodeProjects/PythonExamples/.venv/lib/python3.10/site-packages/airflow/example_dags/example_setup_teardown.py
[2024-01-11T20:44:16.763+0200] {processor.py:830} INFO - Processing file /Users/angel.georgiev/VsCodeProjects/PythonExamples/.venv/lib/python3.10/site-packages/airflow/example_dags/example_setup_teardown.py for tasks to queue
[2024-01-11T20:44:16.763+0200] {logging_mixin.py:188} INFO - [2024-01-11T20:44:16.763+0200] {dagbag.py:538} INFO - Filling up the DagBag from /Users/angel.georgiev/VsCodeProjects/PythonExamples/.venv/lib/python3.10/site-packages/airflow/example_dags/example_setup_teardown.py
[2024-01-11T20:44:16.776+0200] {processor.py:840} INFO - DAG(s) 'example_setup_teardown' retrieved from /Users/angel.georgiev/VsCodeProjects/PythonExamples/.venv/lib/python3.10/site-packages/airflow/example_dags/example_setup_teardown.py
[2024-01-11T20:44:16.923+0200] {logging_mixin.py:188} INFO - [2024-01-11T20:44:16.923+0200] {dag.py:3033} INFO - Sync 1 DAGs
[2024-01-11T20:44:16.937+0200] {logging_mixin.py:188} INFO - [2024-01-11T20:44:16.937+0200] {dag.py:3820} INFO - Setting next_dagrun for example_setup_teardown to 2024-01-10T00:00:00+00:00, run_after=2024-01-11T00:00:00+00:00
[2024-01-11T20:44:16.954+0200] {processor.py:183} INFO - Processing /Users/angel.georgiev/VsCodeProjects/PythonExamples/.venv/lib/python3.10/site-packages/airflow/example_dags/example_setup_teardown.py took 0.197 seconds
[2024-01-11T20:46:21.459+0200] {processor.py:161} INFO - Started process (PID=35415) to work on /Users/angel.georgiev/VsCodeProjects/PythonExamples/.venv/lib/python3.10/site-packages/airflow/example_dags/example_setup_teardown.py
[2024-01-11T20:46:21.463+0200] {processor.py:830} INFO - Processing file /Users/angel.georgiev/VsCodeProjects/PythonExamples/.venv/lib/python3.10/site-packages/airflow/example_dags/example_setup_teardown.py for tasks to queue
[2024-01-11T20:46:21.463+0200] {logging_mixin.py:188} INFO - [2024-01-11T20:46:21.463+0200] {dagbag.py:538} INFO - Filling up the DagBag from /Users/angel.georgiev/VsCodeProjects/PythonExamples/.venv/lib/python3.10/site-packages/airflow/example_dags/example_setup_teardown.py
[2024-01-11T20:46:21.476+0200] {processor.py:840} INFO - DAG(s) 'example_setup_teardown' retrieved from /Users/angel.georgiev/VsCodeProjects/PythonExamples/.venv/lib/python3.10/site-packages/airflow/example_dags/example_setup_teardown.py
[2024-01-11T20:46:21.626+0200] {logging_mixin.py:188} INFO - [2024-01-11T20:46:21.626+0200] {dag.py:3033} INFO - Sync 1 DAGs
[2024-01-11T20:46:21.640+0200] {logging_mixin.py:188} INFO - [2024-01-11T20:46:21.640+0200] {dag.py:3820} INFO - Setting next_dagrun for example_setup_teardown to 2024-01-10T00:00:00+00:00, run_after=2024-01-11T00:00:00+00:00
[2024-01-11T20:46:21.659+0200] {processor.py:183} INFO - Processing /Users/angel.georgiev/VsCodeProjects/PythonExamples/.venv/lib/python3.10/site-packages/airflow/example_dags/example_setup_teardown.py took 0.201 seconds
[2024-01-11T20:48:20.002+0200] {processor.py:161} INFO - Started process (PID=35503) to work on /Users/angel.georgiev/VsCodeProjects/PythonExamples/.venv/lib/python3.10/site-packages/airflow/example_dags/example_setup_teardown.py
[2024-01-11T20:48:20.006+0200] {processor.py:830} INFO - Processing file /Users/angel.georgiev/VsCodeProjects/PythonExamples/.venv/lib/python3.10/site-packages/airflow/example_dags/example_setup_teardown.py for tasks to queue
[2024-01-11T20:48:20.007+0200] {logging_mixin.py:188} INFO - [2024-01-11T20:48:20.007+0200] {dagbag.py:538} INFO - Filling up the DagBag from /Users/angel.georgiev/VsCodeProjects/PythonExamples/.venv/lib/python3.10/site-packages/airflow/example_dags/example_setup_teardown.py
[2024-01-11T20:48:20.018+0200] {processor.py:840} INFO - DAG(s) 'example_setup_teardown' retrieved from /Users/angel.georgiev/VsCodeProjects/PythonExamples/.venv/lib/python3.10/site-packages/airflow/example_dags/example_setup_teardown.py
[2024-01-11T20:48:20.160+0200] {logging_mixin.py:188} INFO - [2024-01-11T20:48:20.160+0200] {dag.py:3033} INFO - Sync 1 DAGs
[2024-01-11T20:48:20.173+0200] {logging_mixin.py:188} INFO - [2024-01-11T20:48:20.173+0200] {dag.py:3820} INFO - Setting next_dagrun for example_setup_teardown to 2024-01-10T00:00:00+00:00, run_after=2024-01-11T00:00:00+00:00
[2024-01-11T20:48:20.189+0200] {processor.py:183} INFO - Processing /Users/angel.georgiev/VsCodeProjects/PythonExamples/.venv/lib/python3.10/site-packages/airflow/example_dags/example_setup_teardown.py took 0.188 seconds
[2024-01-11T20:50:13.272+0200] {processor.py:161} INFO - Started process (PID=35678) to work on /Users/angel.georgiev/VsCodeProjects/PythonExamples/.venv/lib/python3.10/site-packages/airflow/example_dags/example_setup_teardown.py
[2024-01-11T20:50:13.276+0200] {processor.py:830} INFO - Processing file /Users/angel.georgiev/VsCodeProjects/PythonExamples/.venv/lib/python3.10/site-packages/airflow/example_dags/example_setup_teardown.py for tasks to queue
[2024-01-11T20:50:13.276+0200] {logging_mixin.py:188} INFO - [2024-01-11T20:50:13.276+0200] {dagbag.py:538} INFO - Filling up the DagBag from /Users/angel.georgiev/VsCodeProjects/PythonExamples/.venv/lib/python3.10/site-packages/airflow/example_dags/example_setup_teardown.py
[2024-01-11T20:50:13.290+0200] {processor.py:840} INFO - DAG(s) 'example_setup_teardown' retrieved from /Users/angel.georgiev/VsCodeProjects/PythonExamples/.venv/lib/python3.10/site-packages/airflow/example_dags/example_setup_teardown.py
[2024-01-11T20:50:13.432+0200] {logging_mixin.py:188} INFO - [2024-01-11T20:50:13.432+0200] {dag.py:3033} INFO - Sync 1 DAGs
[2024-01-11T20:50:13.446+0200] {logging_mixin.py:188} INFO - [2024-01-11T20:50:13.446+0200] {dag.py:3820} INFO - Setting next_dagrun for example_setup_teardown to 2024-01-10T00:00:00+00:00, run_after=2024-01-11T00:00:00+00:00
[2024-01-11T20:50:13.461+0200] {processor.py:183} INFO - Processing /Users/angel.georgiev/VsCodeProjects/PythonExamples/.venv/lib/python3.10/site-packages/airflow/example_dags/example_setup_teardown.py took 0.191 seconds
[2024-01-11T20:52:07.842+0200] {processor.py:161} INFO - Started process (PID=35764) to work on /Users/angel.georgiev/VsCodeProjects/PythonExamples/.venv/lib/python3.10/site-packages/airflow/example_dags/example_setup_teardown.py
[2024-01-11T20:52:07.847+0200] {processor.py:830} INFO - Processing file /Users/angel.georgiev/VsCodeProjects/PythonExamples/.venv/lib/python3.10/site-packages/airflow/example_dags/example_setup_teardown.py for tasks to queue
[2024-01-11T20:52:07.848+0200] {logging_mixin.py:188} INFO - [2024-01-11T20:52:07.848+0200] {dagbag.py:538} INFO - Filling up the DagBag from /Users/angel.georgiev/VsCodeProjects/PythonExamples/.venv/lib/python3.10/site-packages/airflow/example_dags/example_setup_teardown.py
[2024-01-11T20:52:07.860+0200] {processor.py:840} INFO - DAG(s) 'example_setup_teardown' retrieved from /Users/angel.georgiev/VsCodeProjects/PythonExamples/.venv/lib/python3.10/site-packages/airflow/example_dags/example_setup_teardown.py
[2024-01-11T20:52:07.994+0200] {logging_mixin.py:188} INFO - [2024-01-11T20:52:07.994+0200] {dag.py:3033} INFO - Sync 1 DAGs
[2024-01-11T20:52:08.008+0200] {logging_mixin.py:188} INFO - [2024-01-11T20:52:08.008+0200] {dag.py:3820} INFO - Setting next_dagrun for example_setup_teardown to 2024-01-10T00:00:00+00:00, run_after=2024-01-11T00:00:00+00:00
[2024-01-11T20:52:08.025+0200] {processor.py:183} INFO - Processing /Users/angel.georgiev/VsCodeProjects/PythonExamples/.venv/lib/python3.10/site-packages/airflow/example_dags/example_setup_teardown.py took 0.184 seconds
[2024-01-11T20:54:13.875+0200] {processor.py:161} INFO - Started process (PID=35895) to work on /Users/angel.georgiev/VsCodeProjects/PythonExamples/.venv/lib/python3.10/site-packages/airflow/example_dags/example_setup_teardown.py
[2024-01-11T20:54:13.879+0200] {processor.py:830} INFO - Processing file /Users/angel.georgiev/VsCodeProjects/PythonExamples/.venv/lib/python3.10/site-packages/airflow/example_dags/example_setup_teardown.py for tasks to queue
[2024-01-11T20:54:13.880+0200] {logging_mixin.py:188} INFO - [2024-01-11T20:54:13.880+0200] {dagbag.py:538} INFO - Filling up the DagBag from /Users/angel.georgiev/VsCodeProjects/PythonExamples/.venv/lib/python3.10/site-packages/airflow/example_dags/example_setup_teardown.py
[2024-01-11T20:54:13.893+0200] {processor.py:840} INFO - DAG(s) 'example_setup_teardown' retrieved from /Users/angel.georgiev/VsCodeProjects/PythonExamples/.venv/lib/python3.10/site-packages/airflow/example_dags/example_setup_teardown.py
[2024-01-11T20:54:14.033+0200] {logging_mixin.py:188} INFO - [2024-01-11T20:54:14.033+0200] {dag.py:3033} INFO - Sync 1 DAGs
[2024-01-11T20:54:14.047+0200] {logging_mixin.py:188} INFO - [2024-01-11T20:54:14.047+0200] {dag.py:3820} INFO - Setting next_dagrun for example_setup_teardown to 2024-01-10T00:00:00+00:00, run_after=2024-01-11T00:00:00+00:00
[2024-01-11T20:54:14.064+0200] {processor.py:183} INFO - Processing /Users/angel.georgiev/VsCodeProjects/PythonExamples/.venv/lib/python3.10/site-packages/airflow/example_dags/example_setup_teardown.py took 0.191 seconds
[2024-01-11T20:56:30.109+0200] {processor.py:161} INFO - Started process (PID=36083) to work on /Users/angel.georgiev/VsCodeProjects/PythonExamples/.venv/lib/python3.10/site-packages/airflow/example_dags/example_setup_teardown.py
[2024-01-11T20:56:30.114+0200] {processor.py:830} INFO - Processing file /Users/angel.georgiev/VsCodeProjects/PythonExamples/.venv/lib/python3.10/site-packages/airflow/example_dags/example_setup_teardown.py for tasks to queue
[2024-01-11T20:56:30.114+0200] {logging_mixin.py:188} INFO - [2024-01-11T20:56:30.114+0200] {dagbag.py:538} INFO - Filling up the DagBag from /Users/angel.georgiev/VsCodeProjects/PythonExamples/.venv/lib/python3.10/site-packages/airflow/example_dags/example_setup_teardown.py
[2024-01-11T20:56:30.130+0200] {processor.py:840} INFO - DAG(s) 'example_setup_teardown' retrieved from /Users/angel.georgiev/VsCodeProjects/PythonExamples/.venv/lib/python3.10/site-packages/airflow/example_dags/example_setup_teardown.py
[2024-01-11T20:56:30.312+0200] {logging_mixin.py:188} INFO - [2024-01-11T20:56:30.312+0200] {dag.py:3033} INFO - Sync 1 DAGs
[2024-01-11T20:56:30.331+0200] {logging_mixin.py:188} INFO - [2024-01-11T20:56:30.331+0200] {dag.py:3820} INFO - Setting next_dagrun for example_setup_teardown to 2024-01-10T00:00:00+00:00, run_after=2024-01-11T00:00:00+00:00
[2024-01-11T20:56:30.353+0200] {processor.py:183} INFO - Processing /Users/angel.georgiev/VsCodeProjects/PythonExamples/.venv/lib/python3.10/site-packages/airflow/example_dags/example_setup_teardown.py took 0.247 seconds
[2024-01-11T20:58:51.580+0200] {processor.py:161} INFO - Started process (PID=36186) to work on /Users/angel.georgiev/VsCodeProjects/PythonExamples/.venv/lib/python3.10/site-packages/airflow/example_dags/example_setup_teardown.py
[2024-01-11T20:58:51.586+0200] {processor.py:830} INFO - Processing file /Users/angel.georgiev/VsCodeProjects/PythonExamples/.venv/lib/python3.10/site-packages/airflow/example_dags/example_setup_teardown.py for tasks to queue
[2024-01-11T20:58:51.586+0200] {logging_mixin.py:188} INFO - [2024-01-11T20:58:51.586+0200] {dagbag.py:538} INFO - Filling up the DagBag from /Users/angel.georgiev/VsCodeProjects/PythonExamples/.venv/lib/python3.10/site-packages/airflow/example_dags/example_setup_teardown.py
[2024-01-11T20:58:51.598+0200] {processor.py:840} INFO - DAG(s) 'example_setup_teardown' retrieved from /Users/angel.georgiev/VsCodeProjects/PythonExamples/.venv/lib/python3.10/site-packages/airflow/example_dags/example_setup_teardown.py
[2024-01-11T20:58:51.749+0200] {logging_mixin.py:188} INFO - [2024-01-11T20:58:51.749+0200] {dag.py:3033} INFO - Sync 1 DAGs
[2024-01-11T20:58:51.764+0200] {logging_mixin.py:188} INFO - [2024-01-11T20:58:51.763+0200] {dag.py:3820} INFO - Setting next_dagrun for example_setup_teardown to 2024-01-10T00:00:00+00:00, run_after=2024-01-11T00:00:00+00:00
[2024-01-11T20:58:51.781+0200] {processor.py:183} INFO - Processing /Users/angel.georgiev/VsCodeProjects/PythonExamples/.venv/lib/python3.10/site-packages/airflow/example_dags/example_setup_teardown.py took 0.202 seconds
