[2024-01-11T20:15:37.782+0200] {processor.py:161} INFO - Started process (PID=33317) to work on /Users/angel.georgiev/VsCodeProjects/PythonExamples/.venv/lib/python3.10/site-packages/airflow/example_dags/example_dag_decorator.py
[2024-01-11T20:15:37.787+0200] {processor.py:830} INFO - Processing file /Users/angel.georgiev/VsCodeProjects/PythonExamples/.venv/lib/python3.10/site-packages/airflow/example_dags/example_dag_decorator.py for tasks to queue
[2024-01-11T20:15:37.788+0200] {logging_mixin.py:188} INFO - [2024-01-11T20:15:37.788+0200] {dagbag.py:538} INFO - Filling up the DagBag from /Users/angel.georgiev/VsCodeProjects/PythonExamples/.venv/lib/python3.10/site-packages/airflow/example_dags/example_dag_decorator.py
[2024-01-11T20:15:38.134+0200] {processor.py:840} INFO - DAG(s) 'example_dag_decorator' retrieved from /Users/angel.georgiev/VsCodeProjects/PythonExamples/.venv/lib/python3.10/site-packages/airflow/example_dags/example_dag_decorator.py
[2024-01-11T20:15:38.395+0200] {logging_mixin.py:188} INFO - [2024-01-11T20:15:38.395+0200] {dag.py:3033} INFO - Sync 1 DAGs
[2024-01-11T20:15:38.407+0200] {logging_mixin.py:188} INFO - [2024-01-11T20:15:38.407+0200] {dag.py:3820} INFO - Setting next_dagrun for example_dag_decorator to None, run_after=None
[2024-01-11T20:15:38.437+0200] {processor.py:183} INFO - Processing /Users/angel.georgiev/VsCodeProjects/PythonExamples/.venv/lib/python3.10/site-packages/airflow/example_dags/example_dag_decorator.py took 0.657 seconds
[2024-01-11T20:20:31.480+0200] {processor.py:161} INFO - Started process (PID=33727) to work on /Users/angel.georgiev/VsCodeProjects/PythonExamples/.venv/lib/python3.10/site-packages/airflow/example_dags/example_dag_decorator.py
[2024-01-11T20:20:31.486+0200] {processor.py:830} INFO - Processing file /Users/angel.georgiev/VsCodeProjects/PythonExamples/.venv/lib/python3.10/site-packages/airflow/example_dags/example_dag_decorator.py for tasks to queue
[2024-01-11T20:20:31.487+0200] {logging_mixin.py:188} INFO - [2024-01-11T20:20:31.486+0200] {dagbag.py:538} INFO - Filling up the DagBag from /Users/angel.georgiev/VsCodeProjects/PythonExamples/.venv/lib/python3.10/site-packages/airflow/example_dags/example_dag_decorator.py
[2024-01-11T20:20:31.799+0200] {processor.py:840} INFO - DAG(s) 'example_dag_decorator' retrieved from /Users/angel.georgiev/VsCodeProjects/PythonExamples/.venv/lib/python3.10/site-packages/airflow/example_dags/example_dag_decorator.py
[2024-01-11T20:20:32.138+0200] {logging_mixin.py:188} INFO - [2024-01-11T20:20:32.138+0200] {dag.py:3033} INFO - Sync 1 DAGs
[2024-01-11T20:20:32.149+0200] {logging_mixin.py:188} INFO - [2024-01-11T20:20:32.149+0200] {dag.py:3820} INFO - Setting next_dagrun for example_dag_decorator to None, run_after=None
[2024-01-11T20:20:32.176+0200] {processor.py:183} INFO - Processing /Users/angel.georgiev/VsCodeProjects/PythonExamples/.venv/lib/python3.10/site-packages/airflow/example_dags/example_dag_decorator.py took 0.697 seconds
[2024-01-11T20:23:10.617+0200] {processor.py:161} INFO - Started process (PID=33849) to work on /Users/angel.georgiev/VsCodeProjects/PythonExamples/.venv/lib/python3.10/site-packages/airflow/example_dags/example_dag_decorator.py
[2024-01-11T20:23:10.621+0200] {processor.py:830} INFO - Processing file /Users/angel.georgiev/VsCodeProjects/PythonExamples/.venv/lib/python3.10/site-packages/airflow/example_dags/example_dag_decorator.py for tasks to queue
[2024-01-11T20:23:10.622+0200] {logging_mixin.py:188} INFO - [2024-01-11T20:23:10.622+0200] {dagbag.py:538} INFO - Filling up the DagBag from /Users/angel.georgiev/VsCodeProjects/PythonExamples/.venv/lib/python3.10/site-packages/airflow/example_dags/example_dag_decorator.py
[2024-01-11T20:23:10.912+0200] {processor.py:840} INFO - DAG(s) 'example_dag_decorator' retrieved from /Users/angel.georgiev/VsCodeProjects/PythonExamples/.venv/lib/python3.10/site-packages/airflow/example_dags/example_dag_decorator.py
[2024-01-11T20:23:11.126+0200] {logging_mixin.py:188} INFO - [2024-01-11T20:23:11.126+0200] {dag.py:3033} INFO - Sync 1 DAGs
[2024-01-11T20:23:11.133+0200] {logging_mixin.py:188} INFO - [2024-01-11T20:23:11.133+0200] {dag.py:3820} INFO - Setting next_dagrun for example_dag_decorator to None, run_after=None
[2024-01-11T20:23:11.154+0200] {processor.py:183} INFO - Processing /Users/angel.georgiev/VsCodeProjects/PythonExamples/.venv/lib/python3.10/site-packages/airflow/example_dags/example_dag_decorator.py took 0.539 seconds
[2024-01-11T20:28:08.106+0200] {processor.py:161} INFO - Started process (PID=34185) to work on /Users/angel.georgiev/VsCodeProjects/PythonExamples/.venv/lib/python3.10/site-packages/airflow/example_dags/example_dag_decorator.py
[2024-01-11T20:28:08.110+0200] {processor.py:830} INFO - Processing file /Users/angel.georgiev/VsCodeProjects/PythonExamples/.venv/lib/python3.10/site-packages/airflow/example_dags/example_dag_decorator.py for tasks to queue
[2024-01-11T20:28:08.111+0200] {logging_mixin.py:188} INFO - [2024-01-11T20:28:08.110+0200] {dagbag.py:538} INFO - Filling up the DagBag from /Users/angel.georgiev/VsCodeProjects/PythonExamples/.venv/lib/python3.10/site-packages/airflow/example_dags/example_dag_decorator.py
[2024-01-11T20:28:08.416+0200] {processor.py:840} INFO - DAG(s) 'example_dag_decorator' retrieved from /Users/angel.georgiev/VsCodeProjects/PythonExamples/.venv/lib/python3.10/site-packages/airflow/example_dags/example_dag_decorator.py
[2024-01-11T20:28:08.647+0200] {logging_mixin.py:188} INFO - [2024-01-11T20:28:08.647+0200] {dag.py:3033} INFO - Sync 1 DAGs
[2024-01-11T20:28:08.655+0200] {logging_mixin.py:188} INFO - [2024-01-11T20:28:08.655+0200] {dag.py:3820} INFO - Setting next_dagrun for example_dag_decorator to None, run_after=None
[2024-01-11T20:28:08.677+0200] {processor.py:183} INFO - Processing /Users/angel.georgiev/VsCodeProjects/PythonExamples/.venv/lib/python3.10/site-packages/airflow/example_dags/example_dag_decorator.py took 0.573 seconds
[2024-01-11T20:33:25.367+0200] {processor.py:161} INFO - Started process (PID=34521) to work on /Users/angel.georgiev/VsCodeProjects/PythonExamples/.venv/lib/python3.10/site-packages/airflow/example_dags/example_dag_decorator.py
[2024-01-11T20:33:25.378+0200] {processor.py:830} INFO - Processing file /Users/angel.georgiev/VsCodeProjects/PythonExamples/.venv/lib/python3.10/site-packages/airflow/example_dags/example_dag_decorator.py for tasks to queue
[2024-01-11T20:33:25.379+0200] {logging_mixin.py:188} INFO - [2024-01-11T20:33:25.378+0200] {dagbag.py:538} INFO - Filling up the DagBag from /Users/angel.georgiev/VsCodeProjects/PythonExamples/.venv/lib/python3.10/site-packages/airflow/example_dags/example_dag_decorator.py
[2024-01-11T20:33:25.795+0200] {processor.py:840} INFO - DAG(s) 'example_dag_decorator' retrieved from /Users/angel.georgiev/VsCodeProjects/PythonExamples/.venv/lib/python3.10/site-packages/airflow/example_dags/example_dag_decorator.py
[2024-01-11T20:33:26.090+0200] {logging_mixin.py:188} INFO - [2024-01-11T20:33:26.090+0200] {dag.py:3033} INFO - Sync 1 DAGs
[2024-01-11T20:33:26.101+0200] {logging_mixin.py:188} INFO - [2024-01-11T20:33:26.100+0200] {dag.py:3820} INFO - Setting next_dagrun for example_dag_decorator to None, run_after=None
[2024-01-11T20:33:26.136+0200] {processor.py:183} INFO - Processing /Users/angel.georgiev/VsCodeProjects/PythonExamples/.venv/lib/python3.10/site-packages/airflow/example_dags/example_dag_decorator.py took 0.771 seconds
[2024-01-11T20:39:29.847+0200] {processor.py:161} INFO - Started process (PID=34962) to work on /Users/angel.georgiev/VsCodeProjects/PythonExamples/.venv/lib/python3.10/site-packages/airflow/example_dags/example_dag_decorator.py
[2024-01-11T20:39:29.851+0200] {processor.py:830} INFO - Processing file /Users/angel.georgiev/VsCodeProjects/PythonExamples/.venv/lib/python3.10/site-packages/airflow/example_dags/example_dag_decorator.py for tasks to queue
[2024-01-11T20:39:29.852+0200] {logging_mixin.py:188} INFO - [2024-01-11T20:39:29.852+0200] {dagbag.py:538} INFO - Filling up the DagBag from /Users/angel.georgiev/VsCodeProjects/PythonExamples/.venv/lib/python3.10/site-packages/airflow/example_dags/example_dag_decorator.py
[2024-01-11T20:39:30.216+0200] {processor.py:840} INFO - DAG(s) 'example_dag_decorator' retrieved from /Users/angel.georgiev/VsCodeProjects/PythonExamples/.venv/lib/python3.10/site-packages/airflow/example_dags/example_dag_decorator.py
[2024-01-11T20:39:30.448+0200] {logging_mixin.py:188} INFO - [2024-01-11T20:39:30.447+0200] {dag.py:3033} INFO - Sync 1 DAGs
[2024-01-11T20:39:30.456+0200] {logging_mixin.py:188} INFO - [2024-01-11T20:39:30.456+0200] {dag.py:3820} INFO - Setting next_dagrun for example_dag_decorator to None, run_after=None
[2024-01-11T20:39:30.479+0200] {processor.py:183} INFO - Processing /Users/angel.georgiev/VsCodeProjects/PythonExamples/.venv/lib/python3.10/site-packages/airflow/example_dags/example_dag_decorator.py took 0.634 seconds
[2024-01-11T20:45:05.237+0200] {processor.py:161} INFO - Started process (PID=35352) to work on /Users/angel.georgiev/VsCodeProjects/PythonExamples/.venv/lib/python3.10/site-packages/airflow/example_dags/example_dag_decorator.py
[2024-01-11T20:45:05.241+0200] {processor.py:830} INFO - Processing file /Users/angel.georgiev/VsCodeProjects/PythonExamples/.venv/lib/python3.10/site-packages/airflow/example_dags/example_dag_decorator.py for tasks to queue
[2024-01-11T20:45:05.242+0200] {logging_mixin.py:188} INFO - [2024-01-11T20:45:05.242+0200] {dagbag.py:538} INFO - Filling up the DagBag from /Users/angel.georgiev/VsCodeProjects/PythonExamples/.venv/lib/python3.10/site-packages/airflow/example_dags/example_dag_decorator.py
[2024-01-11T20:45:05.551+0200] {processor.py:840} INFO - DAG(s) 'example_dag_decorator' retrieved from /Users/angel.georgiev/VsCodeProjects/PythonExamples/.venv/lib/python3.10/site-packages/airflow/example_dags/example_dag_decorator.py
[2024-01-11T20:45:05.760+0200] {logging_mixin.py:188} INFO - [2024-01-11T20:45:05.759+0200] {dag.py:3033} INFO - Sync 1 DAGs
[2024-01-11T20:45:05.768+0200] {logging_mixin.py:188} INFO - [2024-01-11T20:45:05.767+0200] {dag.py:3820} INFO - Setting next_dagrun for example_dag_decorator to None, run_after=None
[2024-01-11T20:45:05.786+0200] {processor.py:183} INFO - Processing /Users/angel.georgiev/VsCodeProjects/PythonExamples/.venv/lib/python3.10/site-packages/airflow/example_dags/example_dag_decorator.py took 0.550 seconds
[2024-01-11T20:49:00.923+0200] {processor.py:161} INFO - Started process (PID=35611) to work on /Users/angel.georgiev/VsCodeProjects/PythonExamples/.venv/lib/python3.10/site-packages/airflow/example_dags/example_dag_decorator.py
[2024-01-11T20:49:00.928+0200] {processor.py:830} INFO - Processing file /Users/angel.georgiev/VsCodeProjects/PythonExamples/.venv/lib/python3.10/site-packages/airflow/example_dags/example_dag_decorator.py for tasks to queue
[2024-01-11T20:49:00.928+0200] {logging_mixin.py:188} INFO - [2024-01-11T20:49:00.928+0200] {dagbag.py:538} INFO - Filling up the DagBag from /Users/angel.georgiev/VsCodeProjects/PythonExamples/.venv/lib/python3.10/site-packages/airflow/example_dags/example_dag_decorator.py
[2024-01-11T20:49:01.228+0200] {processor.py:840} INFO - DAG(s) 'example_dag_decorator' retrieved from /Users/angel.georgiev/VsCodeProjects/PythonExamples/.venv/lib/python3.10/site-packages/airflow/example_dags/example_dag_decorator.py
[2024-01-11T20:49:01.469+0200] {logging_mixin.py:188} INFO - [2024-01-11T20:49:01.469+0200] {dag.py:3033} INFO - Sync 1 DAGs
[2024-01-11T20:49:01.477+0200] {logging_mixin.py:188} INFO - [2024-01-11T20:49:01.477+0200] {dag.py:3820} INFO - Setting next_dagrun for example_dag_decorator to None, run_after=None
[2024-01-11T20:49:01.497+0200] {processor.py:183} INFO - Processing /Users/angel.georgiev/VsCodeProjects/PythonExamples/.venv/lib/python3.10/site-packages/airflow/example_dags/example_dag_decorator.py took 0.575 seconds
[2024-01-11T20:52:49.638+0200] {processor.py:161} INFO - Started process (PID=35818) to work on /Users/angel.georgiev/VsCodeProjects/PythonExamples/.venv/lib/python3.10/site-packages/airflow/example_dags/example_dag_decorator.py
[2024-01-11T20:52:49.643+0200] {processor.py:830} INFO - Processing file /Users/angel.georgiev/VsCodeProjects/PythonExamples/.venv/lib/python3.10/site-packages/airflow/example_dags/example_dag_decorator.py for tasks to queue
[2024-01-11T20:52:49.645+0200] {logging_mixin.py:188} INFO - [2024-01-11T20:52:49.645+0200] {dagbag.py:538} INFO - Filling up the DagBag from /Users/angel.georgiev/VsCodeProjects/PythonExamples/.venv/lib/python3.10/site-packages/airflow/example_dags/example_dag_decorator.py
[2024-01-11T20:52:49.993+0200] {processor.py:840} INFO - DAG(s) 'example_dag_decorator' retrieved from /Users/angel.georgiev/VsCodeProjects/PythonExamples/.venv/lib/python3.10/site-packages/airflow/example_dags/example_dag_decorator.py
[2024-01-11T20:52:50.225+0200] {logging_mixin.py:188} INFO - [2024-01-11T20:52:50.224+0200] {dag.py:3033} INFO - Sync 1 DAGs
[2024-01-11T20:52:50.232+0200] {logging_mixin.py:188} INFO - [2024-01-11T20:52:50.232+0200] {dag.py:3820} INFO - Setting next_dagrun for example_dag_decorator to None, run_after=None
[2024-01-11T20:52:50.252+0200] {processor.py:183} INFO - Processing /Users/angel.georgiev/VsCodeProjects/PythonExamples/.venv/lib/python3.10/site-packages/airflow/example_dags/example_dag_decorator.py took 0.616 seconds
[2024-01-11T20:57:27.218+0200] {processor.py:161} INFO - Started process (PID=36126) to work on /Users/angel.georgiev/VsCodeProjects/PythonExamples/.venv/lib/python3.10/site-packages/airflow/example_dags/example_dag_decorator.py
[2024-01-11T20:57:27.222+0200] {processor.py:830} INFO - Processing file /Users/angel.georgiev/VsCodeProjects/PythonExamples/.venv/lib/python3.10/site-packages/airflow/example_dags/example_dag_decorator.py for tasks to queue
[2024-01-11T20:57:27.223+0200] {logging_mixin.py:188} INFO - [2024-01-11T20:57:27.223+0200] {dagbag.py:538} INFO - Filling up the DagBag from /Users/angel.georgiev/VsCodeProjects/PythonExamples/.venv/lib/python3.10/site-packages/airflow/example_dags/example_dag_decorator.py
[2024-01-11T20:57:27.626+0200] {processor.py:840} INFO - DAG(s) 'example_dag_decorator' retrieved from /Users/angel.georgiev/VsCodeProjects/PythonExamples/.venv/lib/python3.10/site-packages/airflow/example_dags/example_dag_decorator.py
[2024-01-11T20:57:27.881+0200] {logging_mixin.py:188} INFO - [2024-01-11T20:57:27.880+0200] {dag.py:3033} INFO - Sync 1 DAGs
[2024-01-11T20:57:27.889+0200] {logging_mixin.py:188} INFO - [2024-01-11T20:57:27.888+0200] {dag.py:3820} INFO - Setting next_dagrun for example_dag_decorator to None, run_after=None
[2024-01-11T20:57:27.909+0200] {processor.py:183} INFO - Processing /Users/angel.georgiev/VsCodeProjects/PythonExamples/.venv/lib/python3.10/site-packages/airflow/example_dags/example_dag_decorator.py took 0.693 seconds
