[2024-01-11T20:14:00.906+0200] {processor.py:161} INFO - Started process (PID=33216) to work on /Users/angel.georgiev/VsCodeProjects/PythonExamples/.venv/lib/python3.10/site-packages/airflow/example_dags/example_task_group_decorator.py
[2024-01-11T20:14:00.909+0200] {processor.py:830} INFO - Processing file /Users/angel.georgiev/VsCodeProjects/PythonExamples/.venv/lib/python3.10/site-packages/airflow/example_dags/example_task_group_decorator.py for tasks to queue
[2024-01-11T20:14:00.910+0200] {logging_mixin.py:188} INFO - [2024-01-11T20:14:00.910+0200] {dagbag.py:538} INFO - Filling up the DagBag from /Users/angel.georgiev/VsCodeProjects/PythonExamples/.venv/lib/python3.10/site-packages/airflow/example_dags/example_task_group_decorator.py
[2024-01-11T20:14:01.045+0200] {processor.py:840} INFO - DAG(s) 'example_task_group_decorator' retrieved from /Users/angel.georgiev/VsCodeProjects/PythonExamples/.venv/lib/python3.10/site-packages/airflow/example_dags/example_task_group_decorator.py
[2024-01-11T20:14:01.277+0200] {logging_mixin.py:188} INFO - [2024-01-11T20:14:01.276+0200] {dag.py:3033} INFO - Sync 1 DAGs
[2024-01-11T20:14:01.295+0200] {logging_mixin.py:188} INFO - [2024-01-11T20:14:01.295+0200] {dag.py:3820} INFO - Setting next_dagrun for example_task_group_decorator to 2024-01-10T00:00:00+00:00, run_after=2024-01-11T00:00:00+00:00
[2024-01-11T20:14:01.314+0200] {processor.py:183} INFO - Processing /Users/angel.georgiev/VsCodeProjects/PythonExamples/.venv/lib/python3.10/site-packages/airflow/example_dags/example_task_group_decorator.py took 0.410 seconds
[2024-01-11T20:17:01.185+0200] {processor.py:161} INFO - Started process (PID=33487) to work on /Users/angel.georgiev/VsCodeProjects/PythonExamples/.venv/lib/python3.10/site-packages/airflow/example_dags/example_task_group_decorator.py
[2024-01-11T20:17:01.190+0200] {processor.py:830} INFO - Processing file /Users/angel.georgiev/VsCodeProjects/PythonExamples/.venv/lib/python3.10/site-packages/airflow/example_dags/example_task_group_decorator.py for tasks to queue
[2024-01-11T20:17:01.191+0200] {logging_mixin.py:188} INFO - [2024-01-11T20:17:01.191+0200] {dagbag.py:538} INFO - Filling up the DagBag from /Users/angel.georgiev/VsCodeProjects/PythonExamples/.venv/lib/python3.10/site-packages/airflow/example_dags/example_task_group_decorator.py
[2024-01-11T20:17:01.287+0200] {processor.py:840} INFO - DAG(s) 'example_task_group_decorator' retrieved from /Users/angel.georgiev/VsCodeProjects/PythonExamples/.venv/lib/python3.10/site-packages/airflow/example_dags/example_task_group_decorator.py
[2024-01-11T20:17:01.382+0200] {logging_mixin.py:188} INFO - [2024-01-11T20:17:01.381+0200] {dag.py:3033} INFO - Sync 1 DAGs
[2024-01-11T20:17:01.395+0200] {logging_mixin.py:188} INFO - [2024-01-11T20:17:01.394+0200] {dag.py:3820} INFO - Setting next_dagrun for example_task_group_decorator to 2024-01-10T00:00:00+00:00, run_after=2024-01-11T00:00:00+00:00
[2024-01-11T20:17:01.412+0200] {processor.py:183} INFO - Processing /Users/angel.georgiev/VsCodeProjects/PythonExamples/.venv/lib/python3.10/site-packages/airflow/example_dags/example_task_group_decorator.py took 0.229 seconds
[2024-01-11T20:19:26.070+0200] {processor.py:161} INFO - Started process (PID=33658) to work on /Users/angel.georgiev/VsCodeProjects/PythonExamples/.venv/lib/python3.10/site-packages/airflow/example_dags/example_task_group_decorator.py
[2024-01-11T20:19:26.075+0200] {processor.py:830} INFO - Processing file /Users/angel.georgiev/VsCodeProjects/PythonExamples/.venv/lib/python3.10/site-packages/airflow/example_dags/example_task_group_decorator.py for tasks to queue
[2024-01-11T20:19:26.075+0200] {logging_mixin.py:188} INFO - [2024-01-11T20:19:26.075+0200] {dagbag.py:538} INFO - Filling up the DagBag from /Users/angel.georgiev/VsCodeProjects/PythonExamples/.venv/lib/python3.10/site-packages/airflow/example_dags/example_task_group_decorator.py
[2024-01-11T20:19:26.172+0200] {processor.py:840} INFO - DAG(s) 'example_task_group_decorator' retrieved from /Users/angel.georgiev/VsCodeProjects/PythonExamples/.venv/lib/python3.10/site-packages/airflow/example_dags/example_task_group_decorator.py
[2024-01-11T20:19:26.269+0200] {logging_mixin.py:188} INFO - [2024-01-11T20:19:26.269+0200] {dag.py:3033} INFO - Sync 1 DAGs
[2024-01-11T20:19:26.285+0200] {logging_mixin.py:188} INFO - [2024-01-11T20:19:26.284+0200] {dag.py:3820} INFO - Setting next_dagrun for example_task_group_decorator to 2024-01-10T00:00:00+00:00, run_after=2024-01-11T00:00:00+00:00
[2024-01-11T20:19:26.303+0200] {processor.py:183} INFO - Processing /Users/angel.georgiev/VsCodeProjects/PythonExamples/.venv/lib/python3.10/site-packages/airflow/example_dags/example_task_group_decorator.py took 0.234 seconds
[2024-01-11T20:21:51.039+0200] {processor.py:161} INFO - Started process (PID=33785) to work on /Users/angel.georgiev/VsCodeProjects/PythonExamples/.venv/lib/python3.10/site-packages/airflow/example_dags/example_task_group_decorator.py
[2024-01-11T20:21:51.043+0200] {processor.py:830} INFO - Processing file /Users/angel.georgiev/VsCodeProjects/PythonExamples/.venv/lib/python3.10/site-packages/airflow/example_dags/example_task_group_decorator.py for tasks to queue
[2024-01-11T20:21:51.044+0200] {logging_mixin.py:188} INFO - [2024-01-11T20:21:51.044+0200] {dagbag.py:538} INFO - Filling up the DagBag from /Users/angel.georgiev/VsCodeProjects/PythonExamples/.venv/lib/python3.10/site-packages/airflow/example_dags/example_task_group_decorator.py
[2024-01-11T20:21:51.139+0200] {processor.py:840} INFO - DAG(s) 'example_task_group_decorator' retrieved from /Users/angel.georgiev/VsCodeProjects/PythonExamples/.venv/lib/python3.10/site-packages/airflow/example_dags/example_task_group_decorator.py
[2024-01-11T20:21:51.239+0200] {logging_mixin.py:188} INFO - [2024-01-11T20:21:51.239+0200] {dag.py:3033} INFO - Sync 1 DAGs
[2024-01-11T20:21:51.252+0200] {logging_mixin.py:188} INFO - [2024-01-11T20:21:51.252+0200] {dag.py:3820} INFO - Setting next_dagrun for example_task_group_decorator to 2024-01-10T00:00:00+00:00, run_after=2024-01-11T00:00:00+00:00
[2024-01-11T20:21:51.272+0200] {processor.py:183} INFO - Processing /Users/angel.georgiev/VsCodeProjects/PythonExamples/.venv/lib/python3.10/site-packages/airflow/example_dags/example_task_group_decorator.py took 0.234 seconds
[2024-01-11T20:24:10.474+0200] {processor.py:161} INFO - Started process (PID=33998) to work on /Users/angel.georgiev/VsCodeProjects/PythonExamples/.venv/lib/python3.10/site-packages/airflow/example_dags/example_task_group_decorator.py
[2024-01-11T20:24:10.482+0200] {processor.py:830} INFO - Processing file /Users/angel.georgiev/VsCodeProjects/PythonExamples/.venv/lib/python3.10/site-packages/airflow/example_dags/example_task_group_decorator.py for tasks to queue
[2024-01-11T20:24:10.483+0200] {logging_mixin.py:188} INFO - [2024-01-11T20:24:10.482+0200] {dagbag.py:538} INFO - Filling up the DagBag from /Users/angel.georgiev/VsCodeProjects/PythonExamples/.venv/lib/python3.10/site-packages/airflow/example_dags/example_task_group_decorator.py
[2024-01-11T20:24:10.615+0200] {processor.py:840} INFO - DAG(s) 'example_task_group_decorator' retrieved from /Users/angel.georgiev/VsCodeProjects/PythonExamples/.venv/lib/python3.10/site-packages/airflow/example_dags/example_task_group_decorator.py
[2024-01-11T20:24:10.734+0200] {logging_mixin.py:188} INFO - [2024-01-11T20:24:10.734+0200] {dag.py:3033} INFO - Sync 1 DAGs
[2024-01-11T20:24:10.751+0200] {logging_mixin.py:188} INFO - [2024-01-11T20:24:10.751+0200] {dag.py:3820} INFO - Setting next_dagrun for example_task_group_decorator to 2024-01-10T00:00:00+00:00, run_after=2024-01-11T00:00:00+00:00
[2024-01-11T20:24:10.775+0200] {processor.py:183} INFO - Processing /Users/angel.georgiev/VsCodeProjects/PythonExamples/.venv/lib/python3.10/site-packages/airflow/example_dags/example_task_group_decorator.py took 0.303 seconds
[2024-01-11T20:26:24.546+0200] {processor.py:161} INFO - Started process (PID=34109) to work on /Users/angel.georgiev/VsCodeProjects/PythonExamples/.venv/lib/python3.10/site-packages/airflow/example_dags/example_task_group_decorator.py
[2024-01-11T20:26:24.550+0200] {processor.py:830} INFO - Processing file /Users/angel.georgiev/VsCodeProjects/PythonExamples/.venv/lib/python3.10/site-packages/airflow/example_dags/example_task_group_decorator.py for tasks to queue
[2024-01-11T20:26:24.551+0200] {logging_mixin.py:188} INFO - [2024-01-11T20:26:24.550+0200] {dagbag.py:538} INFO - Filling up the DagBag from /Users/angel.georgiev/VsCodeProjects/PythonExamples/.venv/lib/python3.10/site-packages/airflow/example_dags/example_task_group_decorator.py
[2024-01-11T20:26:24.644+0200] {processor.py:840} INFO - DAG(s) 'example_task_group_decorator' retrieved from /Users/angel.georgiev/VsCodeProjects/PythonExamples/.venv/lib/python3.10/site-packages/airflow/example_dags/example_task_group_decorator.py
[2024-01-11T20:26:24.739+0200] {logging_mixin.py:188} INFO - [2024-01-11T20:26:24.739+0200] {dag.py:3033} INFO - Sync 1 DAGs
[2024-01-11T20:26:24.753+0200] {logging_mixin.py:188} INFO - [2024-01-11T20:26:24.753+0200] {dag.py:3820} INFO - Setting next_dagrun for example_task_group_decorator to 2024-01-10T00:00:00+00:00, run_after=2024-01-11T00:00:00+00:00
[2024-01-11T20:26:24.771+0200] {processor.py:183} INFO - Processing /Users/angel.georgiev/VsCodeProjects/PythonExamples/.venv/lib/python3.10/site-packages/airflow/example_dags/example_task_group_decorator.py took 0.227 seconds
[2024-01-11T20:29:03.882+0200] {processor.py:161} INFO - Started process (PID=34233) to work on /Users/angel.georgiev/VsCodeProjects/PythonExamples/.venv/lib/python3.10/site-packages/airflow/example_dags/example_task_group_decorator.py
[2024-01-11T20:29:03.886+0200] {processor.py:830} INFO - Processing file /Users/angel.georgiev/VsCodeProjects/PythonExamples/.venv/lib/python3.10/site-packages/airflow/example_dags/example_task_group_decorator.py for tasks to queue
[2024-01-11T20:29:03.887+0200] {logging_mixin.py:188} INFO - [2024-01-11T20:29:03.887+0200] {dagbag.py:538} INFO - Filling up the DagBag from /Users/angel.georgiev/VsCodeProjects/PythonExamples/.venv/lib/python3.10/site-packages/airflow/example_dags/example_task_group_decorator.py
[2024-01-11T20:29:03.984+0200] {processor.py:840} INFO - DAG(s) 'example_task_group_decorator' retrieved from /Users/angel.georgiev/VsCodeProjects/PythonExamples/.venv/lib/python3.10/site-packages/airflow/example_dags/example_task_group_decorator.py
[2024-01-11T20:29:04.091+0200] {logging_mixin.py:188} INFO - [2024-01-11T20:29:04.090+0200] {dag.py:3033} INFO - Sync 1 DAGs
[2024-01-11T20:29:04.107+0200] {logging_mixin.py:188} INFO - [2024-01-11T20:29:04.107+0200] {dag.py:3820} INFO - Setting next_dagrun for example_task_group_decorator to 2024-01-10T00:00:00+00:00, run_after=2024-01-11T00:00:00+00:00
[2024-01-11T20:29:04.125+0200] {processor.py:183} INFO - Processing /Users/angel.georgiev/VsCodeProjects/PythonExamples/.venv/lib/python3.10/site-packages/airflow/example_dags/example_task_group_decorator.py took 0.245 seconds
[2024-01-11T20:31:39.215+0200] {processor.py:161} INFO - Started process (PID=34429) to work on /Users/angel.georgiev/VsCodeProjects/PythonExamples/.venv/lib/python3.10/site-packages/airflow/example_dags/example_task_group_decorator.py
[2024-01-11T20:31:39.222+0200] {processor.py:830} INFO - Processing file /Users/angel.georgiev/VsCodeProjects/PythonExamples/.venv/lib/python3.10/site-packages/airflow/example_dags/example_task_group_decorator.py for tasks to queue
[2024-01-11T20:31:39.222+0200] {logging_mixin.py:188} INFO - [2024-01-11T20:31:39.222+0200] {dagbag.py:538} INFO - Filling up the DagBag from /Users/angel.georgiev/VsCodeProjects/PythonExamples/.venv/lib/python3.10/site-packages/airflow/example_dags/example_task_group_decorator.py
[2024-01-11T20:31:39.356+0200] {processor.py:840} INFO - DAG(s) 'example_task_group_decorator' retrieved from /Users/angel.georgiev/VsCodeProjects/PythonExamples/.venv/lib/python3.10/site-packages/airflow/example_dags/example_task_group_decorator.py
[2024-01-11T20:31:39.533+0200] {logging_mixin.py:188} INFO - [2024-01-11T20:31:39.532+0200] {dag.py:3033} INFO - Sync 1 DAGs
[2024-01-11T20:31:39.618+0200] {logging_mixin.py:188} INFO - [2024-01-11T20:31:39.618+0200] {dag.py:3820} INFO - Setting next_dagrun for example_task_group_decorator to 2024-01-10T00:00:00+00:00, run_after=2024-01-11T00:00:00+00:00
[2024-01-11T20:31:39.668+0200] {processor.py:183} INFO - Processing /Users/angel.georgiev/VsCodeProjects/PythonExamples/.venv/lib/python3.10/site-packages/airflow/example_dags/example_task_group_decorator.py took 0.455 seconds
[2024-01-11T20:34:30.900+0200] {processor.py:161} INFO - Started process (PID=34573) to work on /Users/angel.georgiev/VsCodeProjects/PythonExamples/.venv/lib/python3.10/site-packages/airflow/example_dags/example_task_group_decorator.py
[2024-01-11T20:34:30.920+0200] {processor.py:830} INFO - Processing file /Users/angel.georgiev/VsCodeProjects/PythonExamples/.venv/lib/python3.10/site-packages/airflow/example_dags/example_task_group_decorator.py for tasks to queue
[2024-01-11T20:34:30.921+0200] {logging_mixin.py:188} INFO - [2024-01-11T20:34:30.920+0200] {dagbag.py:538} INFO - Filling up the DagBag from /Users/angel.georgiev/VsCodeProjects/PythonExamples/.venv/lib/python3.10/site-packages/airflow/example_dags/example_task_group_decorator.py
[2024-01-11T20:34:31.379+0200] {processor.py:840} INFO - DAG(s) 'example_task_group_decorator' retrieved from /Users/angel.georgiev/VsCodeProjects/PythonExamples/.venv/lib/python3.10/site-packages/airflow/example_dags/example_task_group_decorator.py
[2024-01-11T20:34:32.526+0200] {logging_mixin.py:188} INFO - [2024-01-11T20:34:32.526+0200] {dag.py:3033} INFO - Sync 1 DAGs
[2024-01-11T20:34:32.551+0200] {logging_mixin.py:188} INFO - [2024-01-11T20:34:32.551+0200] {dag.py:3820} INFO - Setting next_dagrun for example_task_group_decorator to 2024-01-10T00:00:00+00:00, run_after=2024-01-11T00:00:00+00:00
[2024-01-11T20:34:32.579+0200] {processor.py:183} INFO - Processing /Users/angel.georgiev/VsCodeProjects/PythonExamples/.venv/lib/python3.10/site-packages/airflow/example_dags/example_task_group_decorator.py took 1.682 seconds
[2024-01-11T20:37:32.507+0200] {processor.py:161} INFO - Started process (PID=34842) to work on /Users/angel.georgiev/VsCodeProjects/PythonExamples/.venv/lib/python3.10/site-packages/airflow/example_dags/example_task_group_decorator.py
[2024-01-11T20:37:32.512+0200] {processor.py:830} INFO - Processing file /Users/angel.georgiev/VsCodeProjects/PythonExamples/.venv/lib/python3.10/site-packages/airflow/example_dags/example_task_group_decorator.py for tasks to queue
[2024-01-11T20:37:32.513+0200] {logging_mixin.py:188} INFO - [2024-01-11T20:37:32.513+0200] {dagbag.py:538} INFO - Filling up the DagBag from /Users/angel.georgiev/VsCodeProjects/PythonExamples/.venv/lib/python3.10/site-packages/airflow/example_dags/example_task_group_decorator.py
[2024-01-11T20:37:32.638+0200] {processor.py:840} INFO - DAG(s) 'example_task_group_decorator' retrieved from /Users/angel.georgiev/VsCodeProjects/PythonExamples/.venv/lib/python3.10/site-packages/airflow/example_dags/example_task_group_decorator.py
[2024-01-11T20:37:32.772+0200] {logging_mixin.py:188} INFO - [2024-01-11T20:37:32.771+0200] {dag.py:3033} INFO - Sync 1 DAGs
[2024-01-11T20:37:32.790+0200] {logging_mixin.py:188} INFO - [2024-01-11T20:37:32.790+0200] {dag.py:3820} INFO - Setting next_dagrun for example_task_group_decorator to 2024-01-10T00:00:00+00:00, run_after=2024-01-11T00:00:00+00:00
[2024-01-11T20:37:32.815+0200] {processor.py:183} INFO - Processing /Users/angel.georgiev/VsCodeProjects/PythonExamples/.venv/lib/python3.10/site-packages/airflow/example_dags/example_task_group_decorator.py took 0.310 seconds
[2024-01-11T20:40:35.717+0200] {processor.py:161} INFO - Started process (PID=35024) to work on /Users/angel.georgiev/VsCodeProjects/PythonExamples/.venv/lib/python3.10/site-packages/airflow/example_dags/example_task_group_decorator.py
[2024-01-11T20:40:35.722+0200] {processor.py:830} INFO - Processing file /Users/angel.georgiev/VsCodeProjects/PythonExamples/.venv/lib/python3.10/site-packages/airflow/example_dags/example_task_group_decorator.py for tasks to queue
[2024-01-11T20:40:35.723+0200] {logging_mixin.py:188} INFO - [2024-01-11T20:40:35.723+0200] {dagbag.py:538} INFO - Filling up the DagBag from /Users/angel.georgiev/VsCodeProjects/PythonExamples/.venv/lib/python3.10/site-packages/airflow/example_dags/example_task_group_decorator.py
[2024-01-11T20:40:35.826+0200] {processor.py:840} INFO - DAG(s) 'example_task_group_decorator' retrieved from /Users/angel.georgiev/VsCodeProjects/PythonExamples/.venv/lib/python3.10/site-packages/airflow/example_dags/example_task_group_decorator.py
[2024-01-11T20:40:35.942+0200] {logging_mixin.py:188} INFO - [2024-01-11T20:40:35.942+0200] {dag.py:3033} INFO - Sync 1 DAGs
[2024-01-11T20:40:35.959+0200] {logging_mixin.py:188} INFO - [2024-01-11T20:40:35.959+0200] {dag.py:3820} INFO - Setting next_dagrun for example_task_group_decorator to 2024-01-10T00:00:00+00:00, run_after=2024-01-11T00:00:00+00:00
[2024-01-11T20:40:35.980+0200] {processor.py:183} INFO - Processing /Users/angel.georgiev/VsCodeProjects/PythonExamples/.venv/lib/python3.10/site-packages/airflow/example_dags/example_task_group_decorator.py took 0.265 seconds
[2024-01-11T20:43:50.700+0200] {processor.py:161} INFO - Started process (PID=35309) to work on /Users/angel.georgiev/VsCodeProjects/PythonExamples/.venv/lib/python3.10/site-packages/airflow/example_dags/example_task_group_decorator.py
[2024-01-11T20:43:50.705+0200] {processor.py:830} INFO - Processing file /Users/angel.georgiev/VsCodeProjects/PythonExamples/.venv/lib/python3.10/site-packages/airflow/example_dags/example_task_group_decorator.py for tasks to queue
[2024-01-11T20:43:50.706+0200] {logging_mixin.py:188} INFO - [2024-01-11T20:43:50.706+0200] {dagbag.py:538} INFO - Filling up the DagBag from /Users/angel.georgiev/VsCodeProjects/PythonExamples/.venv/lib/python3.10/site-packages/airflow/example_dags/example_task_group_decorator.py
[2024-01-11T20:43:50.818+0200] {processor.py:840} INFO - DAG(s) 'example_task_group_decorator' retrieved from /Users/angel.georgiev/VsCodeProjects/PythonExamples/.venv/lib/python3.10/site-packages/airflow/example_dags/example_task_group_decorator.py
[2024-01-11T20:43:50.949+0200] {logging_mixin.py:188} INFO - [2024-01-11T20:43:50.949+0200] {dag.py:3033} INFO - Sync 1 DAGs
[2024-01-11T20:43:50.967+0200] {logging_mixin.py:188} INFO - [2024-01-11T20:43:50.967+0200] {dag.py:3820} INFO - Setting next_dagrun for example_task_group_decorator to 2024-01-10T00:00:00+00:00, run_after=2024-01-11T00:00:00+00:00
[2024-01-11T20:43:50.990+0200] {processor.py:183} INFO - Processing /Users/angel.georgiev/VsCodeProjects/PythonExamples/.venv/lib/python3.10/site-packages/airflow/example_dags/example_task_group_decorator.py took 0.291 seconds
[2024-01-11T20:45:55.986+0200] {processor.py:161} INFO - Started process (PID=35390) to work on /Users/angel.georgiev/VsCodeProjects/PythonExamples/.venv/lib/python3.10/site-packages/airflow/example_dags/example_task_group_decorator.py
[2024-01-11T20:45:55.991+0200] {processor.py:830} INFO - Processing file /Users/angel.georgiev/VsCodeProjects/PythonExamples/.venv/lib/python3.10/site-packages/airflow/example_dags/example_task_group_decorator.py for tasks to queue
[2024-01-11T20:45:55.991+0200] {logging_mixin.py:188} INFO - [2024-01-11T20:45:55.991+0200] {dagbag.py:538} INFO - Filling up the DagBag from /Users/angel.georgiev/VsCodeProjects/PythonExamples/.venv/lib/python3.10/site-packages/airflow/example_dags/example_task_group_decorator.py
[2024-01-11T20:45:56.088+0200] {processor.py:840} INFO - DAG(s) 'example_task_group_decorator' retrieved from /Users/angel.georgiev/VsCodeProjects/PythonExamples/.venv/lib/python3.10/site-packages/airflow/example_dags/example_task_group_decorator.py
[2024-01-11T20:45:56.188+0200] {logging_mixin.py:188} INFO - [2024-01-11T20:45:56.187+0200] {dag.py:3033} INFO - Sync 1 DAGs
[2024-01-11T20:45:56.202+0200] {logging_mixin.py:188} INFO - [2024-01-11T20:45:56.202+0200] {dag.py:3820} INFO - Setting next_dagrun for example_task_group_decorator to 2024-01-10T00:00:00+00:00, run_after=2024-01-11T00:00:00+00:00
[2024-01-11T20:45:56.220+0200] {processor.py:183} INFO - Processing /Users/angel.georgiev/VsCodeProjects/PythonExamples/.venv/lib/python3.10/site-packages/airflow/example_dags/example_task_group_decorator.py took 0.235 seconds
[2024-01-11T20:47:56.686+0200] {processor.py:161} INFO - Started process (PID=35477) to work on /Users/angel.georgiev/VsCodeProjects/PythonExamples/.venv/lib/python3.10/site-packages/airflow/example_dags/example_task_group_decorator.py
[2024-01-11T20:47:56.690+0200] {processor.py:830} INFO - Processing file /Users/angel.georgiev/VsCodeProjects/PythonExamples/.venv/lib/python3.10/site-packages/airflow/example_dags/example_task_group_decorator.py for tasks to queue
[2024-01-11T20:47:56.691+0200] {logging_mixin.py:188} INFO - [2024-01-11T20:47:56.691+0200] {dagbag.py:538} INFO - Filling up the DagBag from /Users/angel.georgiev/VsCodeProjects/PythonExamples/.venv/lib/python3.10/site-packages/airflow/example_dags/example_task_group_decorator.py
[2024-01-11T20:47:56.778+0200] {processor.py:840} INFO - DAG(s) 'example_task_group_decorator' retrieved from /Users/angel.georgiev/VsCodeProjects/PythonExamples/.venv/lib/python3.10/site-packages/airflow/example_dags/example_task_group_decorator.py
[2024-01-11T20:47:56.870+0200] {logging_mixin.py:188} INFO - [2024-01-11T20:47:56.869+0200] {dag.py:3033} INFO - Sync 1 DAGs
[2024-01-11T20:47:56.883+0200] {logging_mixin.py:188} INFO - [2024-01-11T20:47:56.883+0200] {dag.py:3820} INFO - Setting next_dagrun for example_task_group_decorator to 2024-01-10T00:00:00+00:00, run_after=2024-01-11T00:00:00+00:00
[2024-01-11T20:47:56.900+0200] {processor.py:183} INFO - Processing /Users/angel.georgiev/VsCodeProjects/PythonExamples/.venv/lib/python3.10/site-packages/airflow/example_dags/example_task_group_decorator.py took 0.215 seconds
[2024-01-11T20:49:51.017+0200] {processor.py:161} INFO - Started process (PID=35663) to work on /Users/angel.georgiev/VsCodeProjects/PythonExamples/.venv/lib/python3.10/site-packages/airflow/example_dags/example_task_group_decorator.py
[2024-01-11T20:49:51.021+0200] {processor.py:830} INFO - Processing file /Users/angel.georgiev/VsCodeProjects/PythonExamples/.venv/lib/python3.10/site-packages/airflow/example_dags/example_task_group_decorator.py for tasks to queue
[2024-01-11T20:49:51.021+0200] {logging_mixin.py:188} INFO - [2024-01-11T20:49:51.021+0200] {dagbag.py:538} INFO - Filling up the DagBag from /Users/angel.georgiev/VsCodeProjects/PythonExamples/.venv/lib/python3.10/site-packages/airflow/example_dags/example_task_group_decorator.py
[2024-01-11T20:49:51.119+0200] {processor.py:840} INFO - DAG(s) 'example_task_group_decorator' retrieved from /Users/angel.georgiev/VsCodeProjects/PythonExamples/.venv/lib/python3.10/site-packages/airflow/example_dags/example_task_group_decorator.py
[2024-01-11T20:49:51.269+0200] {logging_mixin.py:188} INFO - [2024-01-11T20:49:51.269+0200] {dag.py:3033} INFO - Sync 1 DAGs
[2024-01-11T20:49:51.286+0200] {logging_mixin.py:188} INFO - [2024-01-11T20:49:51.286+0200] {dag.py:3820} INFO - Setting next_dagrun for example_task_group_decorator to 2024-01-10T00:00:00+00:00, run_after=2024-01-11T00:00:00+00:00
[2024-01-11T20:49:51.310+0200] {processor.py:183} INFO - Processing /Users/angel.georgiev/VsCodeProjects/PythonExamples/.venv/lib/python3.10/site-packages/airflow/example_dags/example_task_group_decorator.py took 0.294 seconds
[2024-01-11T20:51:44.451+0200] {processor.py:161} INFO - Started process (PID=35755) to work on /Users/angel.georgiev/VsCodeProjects/PythonExamples/.venv/lib/python3.10/site-packages/airflow/example_dags/example_task_group_decorator.py
[2024-01-11T20:51:44.456+0200] {processor.py:830} INFO - Processing file /Users/angel.georgiev/VsCodeProjects/PythonExamples/.venv/lib/python3.10/site-packages/airflow/example_dags/example_task_group_decorator.py for tasks to queue
[2024-01-11T20:51:44.457+0200] {logging_mixin.py:188} INFO - [2024-01-11T20:51:44.456+0200] {dagbag.py:538} INFO - Filling up the DagBag from /Users/angel.georgiev/VsCodeProjects/PythonExamples/.venv/lib/python3.10/site-packages/airflow/example_dags/example_task_group_decorator.py
[2024-01-11T20:51:44.548+0200] {processor.py:840} INFO - DAG(s) 'example_task_group_decorator' retrieved from /Users/angel.georgiev/VsCodeProjects/PythonExamples/.venv/lib/python3.10/site-packages/airflow/example_dags/example_task_group_decorator.py
[2024-01-11T20:51:44.639+0200] {logging_mixin.py:188} INFO - [2024-01-11T20:51:44.639+0200] {dag.py:3033} INFO - Sync 1 DAGs
[2024-01-11T20:51:44.651+0200] {logging_mixin.py:188} INFO - [2024-01-11T20:51:44.651+0200] {dag.py:3820} INFO - Setting next_dagrun for example_task_group_decorator to 2024-01-10T00:00:00+00:00, run_after=2024-01-11T00:00:00+00:00
[2024-01-11T20:51:44.668+0200] {processor.py:183} INFO - Processing /Users/angel.georgiev/VsCodeProjects/PythonExamples/.venv/lib/python3.10/site-packages/airflow/example_dags/example_task_group_decorator.py took 0.218 seconds
[2024-01-11T20:53:46.480+0200] {processor.py:161} INFO - Started process (PID=35879) to work on /Users/angel.georgiev/VsCodeProjects/PythonExamples/.venv/lib/python3.10/site-packages/airflow/example_dags/example_task_group_decorator.py
[2024-01-11T20:53:46.486+0200] {processor.py:830} INFO - Processing file /Users/angel.georgiev/VsCodeProjects/PythonExamples/.venv/lib/python3.10/site-packages/airflow/example_dags/example_task_group_decorator.py for tasks to queue
[2024-01-11T20:53:46.487+0200] {logging_mixin.py:188} INFO - [2024-01-11T20:53:46.487+0200] {dagbag.py:538} INFO - Filling up the DagBag from /Users/angel.georgiev/VsCodeProjects/PythonExamples/.venv/lib/python3.10/site-packages/airflow/example_dags/example_task_group_decorator.py
[2024-01-11T20:53:46.662+0200] {processor.py:840} INFO - DAG(s) 'example_task_group_decorator' retrieved from /Users/angel.georgiev/VsCodeProjects/PythonExamples/.venv/lib/python3.10/site-packages/airflow/example_dags/example_task_group_decorator.py
[2024-01-11T20:53:46.794+0200] {logging_mixin.py:188} INFO - [2024-01-11T20:53:46.794+0200] {dag.py:3033} INFO - Sync 1 DAGs
[2024-01-11T20:53:46.808+0200] {logging_mixin.py:188} INFO - [2024-01-11T20:53:46.807+0200] {dag.py:3820} INFO - Setting next_dagrun for example_task_group_decorator to 2024-01-10T00:00:00+00:00, run_after=2024-01-11T00:00:00+00:00
[2024-01-11T20:53:46.829+0200] {processor.py:183} INFO - Processing /Users/angel.georgiev/VsCodeProjects/PythonExamples/.venv/lib/python3.10/site-packages/airflow/example_dags/example_task_group_decorator.py took 0.351 seconds
[2024-01-11T20:56:00.324+0200] {processor.py:161} INFO - Started process (PID=36072) to work on /Users/angel.georgiev/VsCodeProjects/PythonExamples/.venv/lib/python3.10/site-packages/airflow/example_dags/example_task_group_decorator.py
[2024-01-11T20:56:00.330+0200] {processor.py:830} INFO - Processing file /Users/angel.georgiev/VsCodeProjects/PythonExamples/.venv/lib/python3.10/site-packages/airflow/example_dags/example_task_group_decorator.py for tasks to queue
[2024-01-11T20:56:00.330+0200] {logging_mixin.py:188} INFO - [2024-01-11T20:56:00.330+0200] {dagbag.py:538} INFO - Filling up the DagBag from /Users/angel.georgiev/VsCodeProjects/PythonExamples/.venv/lib/python3.10/site-packages/airflow/example_dags/example_task_group_decorator.py
[2024-01-11T20:56:00.442+0200] {processor.py:840} INFO - DAG(s) 'example_task_group_decorator' retrieved from /Users/angel.georgiev/VsCodeProjects/PythonExamples/.venv/lib/python3.10/site-packages/airflow/example_dags/example_task_group_decorator.py
[2024-01-11T20:56:00.610+0200] {logging_mixin.py:188} INFO - [2024-01-11T20:56:00.610+0200] {dag.py:3033} INFO - Sync 1 DAGs
[2024-01-11T20:56:00.643+0200] {logging_mixin.py:188} INFO - [2024-01-11T20:56:00.643+0200] {dag.py:3820} INFO - Setting next_dagrun for example_task_group_decorator to 2024-01-10T00:00:00+00:00, run_after=2024-01-11T00:00:00+00:00
[2024-01-11T20:56:00.681+0200] {processor.py:183} INFO - Processing /Users/angel.georgiev/VsCodeProjects/PythonExamples/.venv/lib/python3.10/site-packages/airflow/example_dags/example_task_group_decorator.py took 0.359 seconds
[2024-01-11T20:58:27.094+0200] {processor.py:161} INFO - Started process (PID=36163) to work on /Users/angel.georgiev/VsCodeProjects/PythonExamples/.venv/lib/python3.10/site-packages/airflow/example_dags/example_task_group_decorator.py
[2024-01-11T20:58:27.099+0200] {processor.py:830} INFO - Processing file /Users/angel.georgiev/VsCodeProjects/PythonExamples/.venv/lib/python3.10/site-packages/airflow/example_dags/example_task_group_decorator.py for tasks to queue
[2024-01-11T20:58:27.099+0200] {logging_mixin.py:188} INFO - [2024-01-11T20:58:27.099+0200] {dagbag.py:538} INFO - Filling up the DagBag from /Users/angel.georgiev/VsCodeProjects/PythonExamples/.venv/lib/python3.10/site-packages/airflow/example_dags/example_task_group_decorator.py
[2024-01-11T20:58:27.199+0200] {processor.py:840} INFO - DAG(s) 'example_task_group_decorator' retrieved from /Users/angel.georgiev/VsCodeProjects/PythonExamples/.venv/lib/python3.10/site-packages/airflow/example_dags/example_task_group_decorator.py
[2024-01-11T20:58:27.302+0200] {logging_mixin.py:188} INFO - [2024-01-11T20:58:27.302+0200] {dag.py:3033} INFO - Sync 1 DAGs
[2024-01-11T20:58:27.317+0200] {logging_mixin.py:188} INFO - [2024-01-11T20:58:27.317+0200] {dag.py:3820} INFO - Setting next_dagrun for example_task_group_decorator to 2024-01-10T00:00:00+00:00, run_after=2024-01-11T00:00:00+00:00
[2024-01-11T20:58:27.338+0200] {processor.py:183} INFO - Processing /Users/angel.georgiev/VsCodeProjects/PythonExamples/.venv/lib/python3.10/site-packages/airflow/example_dags/example_task_group_decorator.py took 0.245 seconds
