[2024-01-11T20:15:14.124+0200] {processor.py:161} INFO - Started process (PID=33294) to work on /Users/angel.georgiev/VsCodeProjects/PythonExamples/.venv/lib/python3.10/site-packages/airflow/example_dags/example_external_task_marker_dag.py
[2024-01-11T20:15:14.131+0200] {processor.py:830} INFO - Processing file /Users/angel.georgiev/VsCodeProjects/PythonExamples/.venv/lib/python3.10/site-packages/airflow/example_dags/example_external_task_marker_dag.py for tasks to queue
[2024-01-11T20:15:14.132+0200] {logging_mixin.py:188} INFO - [2024-01-11T20:15:14.132+0200] {dagbag.py:538} INFO - Filling up the DagBag from /Users/angel.georgiev/VsCodeProjects/PythonExamples/.venv/lib/python3.10/site-packages/airflow/example_dags/example_external_task_marker_dag.py
[2024-01-11T20:15:14.228+0200] {processor.py:840} INFO - DAG(s) 'example_external_task_marker_parent', 'example_external_task_marker_child' retrieved from /Users/angel.georgiev/VsCodeProjects/PythonExamples/.venv/lib/python3.10/site-packages/airflow/example_dags/example_external_task_marker_dag.py
[2024-01-11T20:15:14.721+0200] {logging_mixin.py:188} INFO - [2024-01-11T20:15:14.721+0200] {dag.py:3033} INFO - Sync 2 DAGs
[2024-01-11T20:15:14.740+0200] {logging_mixin.py:188} INFO - [2024-01-11T20:15:14.740+0200] {dag.py:3820} INFO - Setting next_dagrun for example_external_task_marker_child to None, run_after=None
[2024-01-11T20:15:14.746+0200] {logging_mixin.py:188} INFO - [2024-01-11T20:15:14.746+0200] {dag.py:3820} INFO - Setting next_dagrun for example_external_task_marker_parent to None, run_after=None
[2024-01-11T20:15:14.809+0200] {processor.py:183} INFO - Processing /Users/angel.georgiev/VsCodeProjects/PythonExamples/.venv/lib/python3.10/site-packages/airflow/example_dags/example_external_task_marker_dag.py took 0.687 seconds
[2024-01-11T20:18:15.127+0200] {processor.py:161} INFO - Started process (PID=33554) to work on /Users/angel.georgiev/VsCodeProjects/PythonExamples/.venv/lib/python3.10/site-packages/airflow/example_dags/example_external_task_marker_dag.py
[2024-01-11T20:18:15.132+0200] {processor.py:830} INFO - Processing file /Users/angel.georgiev/VsCodeProjects/PythonExamples/.venv/lib/python3.10/site-packages/airflow/example_dags/example_external_task_marker_dag.py for tasks to queue
[2024-01-11T20:18:15.132+0200] {logging_mixin.py:188} INFO - [2024-01-11T20:18:15.132+0200] {dagbag.py:538} INFO - Filling up the DagBag from /Users/angel.georgiev/VsCodeProjects/PythonExamples/.venv/lib/python3.10/site-packages/airflow/example_dags/example_external_task_marker_dag.py
[2024-01-11T20:18:15.208+0200] {processor.py:840} INFO - DAG(s) 'example_external_task_marker_child', 'example_external_task_marker_parent' retrieved from /Users/angel.georgiev/VsCodeProjects/PythonExamples/.venv/lib/python3.10/site-packages/airflow/example_dags/example_external_task_marker_dag.py
[2024-01-11T20:18:15.332+0200] {logging_mixin.py:188} INFO - [2024-01-11T20:18:15.332+0200] {dag.py:3033} INFO - Sync 2 DAGs
[2024-01-11T20:18:15.340+0200] {logging_mixin.py:188} INFO - [2024-01-11T20:18:15.339+0200] {dag.py:3820} INFO - Setting next_dagrun for example_external_task_marker_child to None, run_after=None
[2024-01-11T20:18:15.343+0200] {logging_mixin.py:188} INFO - [2024-01-11T20:18:15.343+0200] {dag.py:3820} INFO - Setting next_dagrun for example_external_task_marker_parent to None, run_after=None
[2024-01-11T20:18:15.358+0200] {processor.py:183} INFO - Processing /Users/angel.georgiev/VsCodeProjects/PythonExamples/.venv/lib/python3.10/site-packages/airflow/example_dags/example_external_task_marker_dag.py took 0.233 seconds
[2024-01-11T20:22:56.071+0200] {processor.py:161} INFO - Started process (PID=33838) to work on /Users/angel.georgiev/VsCodeProjects/PythonExamples/.venv/lib/python3.10/site-packages/airflow/example_dags/example_external_task_marker_dag.py
[2024-01-11T20:22:56.077+0200] {processor.py:830} INFO - Processing file /Users/angel.georgiev/VsCodeProjects/PythonExamples/.venv/lib/python3.10/site-packages/airflow/example_dags/example_external_task_marker_dag.py for tasks to queue
[2024-01-11T20:22:56.077+0200] {logging_mixin.py:188} INFO - [2024-01-11T20:22:56.077+0200] {dagbag.py:538} INFO - Filling up the DagBag from /Users/angel.georgiev/VsCodeProjects/PythonExamples/.venv/lib/python3.10/site-packages/airflow/example_dags/example_external_task_marker_dag.py
[2024-01-11T20:22:56.139+0200] {processor.py:840} INFO - DAG(s) 'example_external_task_marker_parent', 'example_external_task_marker_child' retrieved from /Users/angel.georgiev/VsCodeProjects/PythonExamples/.venv/lib/python3.10/site-packages/airflow/example_dags/example_external_task_marker_dag.py
[2024-01-11T20:22:56.247+0200] {logging_mixin.py:188} INFO - [2024-01-11T20:22:56.247+0200] {dag.py:3033} INFO - Sync 2 DAGs
[2024-01-11T20:22:56.255+0200] {logging_mixin.py:188} INFO - [2024-01-11T20:22:56.255+0200] {dag.py:3820} INFO - Setting next_dagrun for example_external_task_marker_child to None, run_after=None
[2024-01-11T20:22:56.258+0200] {logging_mixin.py:188} INFO - [2024-01-11T20:22:56.258+0200] {dag.py:3820} INFO - Setting next_dagrun for example_external_task_marker_parent to None, run_after=None
[2024-01-11T20:22:56.274+0200] {processor.py:183} INFO - Processing /Users/angel.georgiev/VsCodeProjects/PythonExamples/.venv/lib/python3.10/site-packages/airflow/example_dags/example_external_task_marker_dag.py took 0.204 seconds
[2024-01-11T20:27:55.749+0200] {processor.py:161} INFO - Started process (PID=34179) to work on /Users/angel.georgiev/VsCodeProjects/PythonExamples/.venv/lib/python3.10/site-packages/airflow/example_dags/example_external_task_marker_dag.py
[2024-01-11T20:27:55.755+0200] {processor.py:830} INFO - Processing file /Users/angel.georgiev/VsCodeProjects/PythonExamples/.venv/lib/python3.10/site-packages/airflow/example_dags/example_external_task_marker_dag.py for tasks to queue
[2024-01-11T20:27:55.756+0200] {logging_mixin.py:188} INFO - [2024-01-11T20:27:55.756+0200] {dagbag.py:538} INFO - Filling up the DagBag from /Users/angel.georgiev/VsCodeProjects/PythonExamples/.venv/lib/python3.10/site-packages/airflow/example_dags/example_external_task_marker_dag.py
[2024-01-11T20:27:55.824+0200] {processor.py:840} INFO - DAG(s) 'example_external_task_marker_child', 'example_external_task_marker_parent' retrieved from /Users/angel.georgiev/VsCodeProjects/PythonExamples/.venv/lib/python3.10/site-packages/airflow/example_dags/example_external_task_marker_dag.py
[2024-01-11T20:27:55.948+0200] {logging_mixin.py:188} INFO - [2024-01-11T20:27:55.948+0200] {dag.py:3033} INFO - Sync 2 DAGs
[2024-01-11T20:27:55.957+0200] {logging_mixin.py:188} INFO - [2024-01-11T20:27:55.957+0200] {dag.py:3820} INFO - Setting next_dagrun for example_external_task_marker_child to None, run_after=None
[2024-01-11T20:27:55.960+0200] {logging_mixin.py:188} INFO - [2024-01-11T20:27:55.959+0200] {dag.py:3820} INFO - Setting next_dagrun for example_external_task_marker_parent to None, run_after=None
[2024-01-11T20:27:55.979+0200] {processor.py:183} INFO - Processing /Users/angel.georgiev/VsCodeProjects/PythonExamples/.venv/lib/python3.10/site-packages/airflow/example_dags/example_external_task_marker_dag.py took 0.232 seconds
[2024-01-11T20:33:08.203+0200] {processor.py:161} INFO - Started process (PID=34509) to work on /Users/angel.georgiev/VsCodeProjects/PythonExamples/.venv/lib/python3.10/site-packages/airflow/example_dags/example_external_task_marker_dag.py
[2024-01-11T20:33:08.208+0200] {processor.py:830} INFO - Processing file /Users/angel.georgiev/VsCodeProjects/PythonExamples/.venv/lib/python3.10/site-packages/airflow/example_dags/example_external_task_marker_dag.py for tasks to queue
[2024-01-11T20:33:08.209+0200] {logging_mixin.py:188} INFO - [2024-01-11T20:33:08.209+0200] {dagbag.py:538} INFO - Filling up the DagBag from /Users/angel.georgiev/VsCodeProjects/PythonExamples/.venv/lib/python3.10/site-packages/airflow/example_dags/example_external_task_marker_dag.py
[2024-01-11T20:33:08.281+0200] {processor.py:840} INFO - DAG(s) 'example_external_task_marker_parent', 'example_external_task_marker_child' retrieved from /Users/angel.georgiev/VsCodeProjects/PythonExamples/.venv/lib/python3.10/site-packages/airflow/example_dags/example_external_task_marker_dag.py
[2024-01-11T20:33:08.415+0200] {logging_mixin.py:188} INFO - [2024-01-11T20:33:08.414+0200] {dag.py:3033} INFO - Sync 2 DAGs
[2024-01-11T20:33:08.424+0200] {logging_mixin.py:188} INFO - [2024-01-11T20:33:08.424+0200] {dag.py:3820} INFO - Setting next_dagrun for example_external_task_marker_child to None, run_after=None
[2024-01-11T20:33:08.428+0200] {logging_mixin.py:188} INFO - [2024-01-11T20:33:08.428+0200] {dag.py:3820} INFO - Setting next_dagrun for example_external_task_marker_parent to None, run_after=None
[2024-01-11T20:33:08.446+0200] {processor.py:183} INFO - Processing /Users/angel.georgiev/VsCodeProjects/PythonExamples/.venv/lib/python3.10/site-packages/airflow/example_dags/example_external_task_marker_dag.py took 0.245 seconds
[2024-01-11T20:39:13.603+0200] {processor.py:161} INFO - Started process (PID=34950) to work on /Users/angel.georgiev/VsCodeProjects/PythonExamples/.venv/lib/python3.10/site-packages/airflow/example_dags/example_external_task_marker_dag.py
[2024-01-11T20:39:13.613+0200] {processor.py:830} INFO - Processing file /Users/angel.georgiev/VsCodeProjects/PythonExamples/.venv/lib/python3.10/site-packages/airflow/example_dags/example_external_task_marker_dag.py for tasks to queue
[2024-01-11T20:39:13.613+0200] {logging_mixin.py:188} INFO - [2024-01-11T20:39:13.613+0200] {dagbag.py:538} INFO - Filling up the DagBag from /Users/angel.georgiev/VsCodeProjects/PythonExamples/.venv/lib/python3.10/site-packages/airflow/example_dags/example_external_task_marker_dag.py
[2024-01-11T20:39:13.682+0200] {processor.py:840} INFO - DAG(s) 'example_external_task_marker_parent', 'example_external_task_marker_child' retrieved from /Users/angel.georgiev/VsCodeProjects/PythonExamples/.venv/lib/python3.10/site-packages/airflow/example_dags/example_external_task_marker_dag.py
[2024-01-11T20:39:13.848+0200] {logging_mixin.py:188} INFO - [2024-01-11T20:39:13.847+0200] {dag.py:3033} INFO - Sync 2 DAGs
[2024-01-11T20:39:13.858+0200] {logging_mixin.py:188} INFO - [2024-01-11T20:39:13.858+0200] {dag.py:3820} INFO - Setting next_dagrun for example_external_task_marker_child to None, run_after=None
[2024-01-11T20:39:13.861+0200] {logging_mixin.py:188} INFO - [2024-01-11T20:39:13.861+0200] {dag.py:3820} INFO - Setting next_dagrun for example_external_task_marker_parent to None, run_after=None
[2024-01-11T20:39:13.881+0200] {processor.py:183} INFO - Processing /Users/angel.georgiev/VsCodeProjects/PythonExamples/.venv/lib/python3.10/site-packages/airflow/example_dags/example_external_task_marker_dag.py took 0.279 seconds
[2024-01-11T20:44:53.065+0200] {processor.py:161} INFO - Started process (PID=35348) to work on /Users/angel.georgiev/VsCodeProjects/PythonExamples/.venv/lib/python3.10/site-packages/airflow/example_dags/example_external_task_marker_dag.py
[2024-01-11T20:44:53.070+0200] {processor.py:830} INFO - Processing file /Users/angel.georgiev/VsCodeProjects/PythonExamples/.venv/lib/python3.10/site-packages/airflow/example_dags/example_external_task_marker_dag.py for tasks to queue
[2024-01-11T20:44:53.070+0200] {logging_mixin.py:188} INFO - [2024-01-11T20:44:53.070+0200] {dagbag.py:538} INFO - Filling up the DagBag from /Users/angel.georgiev/VsCodeProjects/PythonExamples/.venv/lib/python3.10/site-packages/airflow/example_dags/example_external_task_marker_dag.py
[2024-01-11T20:44:53.136+0200] {processor.py:840} INFO - DAG(s) 'example_external_task_marker_child', 'example_external_task_marker_parent' retrieved from /Users/angel.georgiev/VsCodeProjects/PythonExamples/.venv/lib/python3.10/site-packages/airflow/example_dags/example_external_task_marker_dag.py
[2024-01-11T20:44:53.246+0200] {logging_mixin.py:188} INFO - [2024-01-11T20:44:53.246+0200] {dag.py:3033} INFO - Sync 2 DAGs
[2024-01-11T20:44:53.254+0200] {logging_mixin.py:188} INFO - [2024-01-11T20:44:53.254+0200] {dag.py:3820} INFO - Setting next_dagrun for example_external_task_marker_child to None, run_after=None
[2024-01-11T20:44:53.256+0200] {logging_mixin.py:188} INFO - [2024-01-11T20:44:53.256+0200] {dag.py:3820} INFO - Setting next_dagrun for example_external_task_marker_parent to None, run_after=None
[2024-01-11T20:44:53.273+0200] {processor.py:183} INFO - Processing /Users/angel.georgiev/VsCodeProjects/PythonExamples/.venv/lib/python3.10/site-packages/airflow/example_dags/example_external_task_marker_dag.py took 0.209 seconds
[2024-01-11T20:48:48.908+0200] {processor.py:161} INFO - Started process (PID=35515) to work on /Users/angel.georgiev/VsCodeProjects/PythonExamples/.venv/lib/python3.10/site-packages/airflow/example_dags/example_external_task_marker_dag.py
[2024-01-11T20:48:48.913+0200] {processor.py:830} INFO - Processing file /Users/angel.georgiev/VsCodeProjects/PythonExamples/.venv/lib/python3.10/site-packages/airflow/example_dags/example_external_task_marker_dag.py for tasks to queue
[2024-01-11T20:48:48.914+0200] {logging_mixin.py:188} INFO - [2024-01-11T20:48:48.914+0200] {dagbag.py:538} INFO - Filling up the DagBag from /Users/angel.georgiev/VsCodeProjects/PythonExamples/.venv/lib/python3.10/site-packages/airflow/example_dags/example_external_task_marker_dag.py
[2024-01-11T20:48:48.971+0200] {processor.py:840} INFO - DAG(s) 'example_external_task_marker_parent', 'example_external_task_marker_child' retrieved from /Users/angel.georgiev/VsCodeProjects/PythonExamples/.venv/lib/python3.10/site-packages/airflow/example_dags/example_external_task_marker_dag.py
[2024-01-11T20:48:49.077+0200] {logging_mixin.py:188} INFO - [2024-01-11T20:48:49.077+0200] {dag.py:3033} INFO - Sync 2 DAGs
[2024-01-11T20:48:49.085+0200] {logging_mixin.py:188} INFO - [2024-01-11T20:48:49.084+0200] {dag.py:3820} INFO - Setting next_dagrun for example_external_task_marker_child to None, run_after=None
[2024-01-11T20:48:49.087+0200] {logging_mixin.py:188} INFO - [2024-01-11T20:48:49.087+0200] {dag.py:3820} INFO - Setting next_dagrun for example_external_task_marker_parent to None, run_after=None
[2024-01-11T20:48:49.102+0200] {processor.py:183} INFO - Processing /Users/angel.georgiev/VsCodeProjects/PythonExamples/.venv/lib/python3.10/site-packages/airflow/example_dags/example_external_task_marker_dag.py took 0.195 seconds
[2024-01-11T20:52:37.546+0200] {processor.py:161} INFO - Started process (PID=35797) to work on /Users/angel.georgiev/VsCodeProjects/PythonExamples/.venv/lib/python3.10/site-packages/airflow/example_dags/example_external_task_marker_dag.py
[2024-01-11T20:52:37.551+0200] {processor.py:830} INFO - Processing file /Users/angel.georgiev/VsCodeProjects/PythonExamples/.venv/lib/python3.10/site-packages/airflow/example_dags/example_external_task_marker_dag.py for tasks to queue
[2024-01-11T20:52:37.551+0200] {logging_mixin.py:188} INFO - [2024-01-11T20:52:37.551+0200] {dagbag.py:538} INFO - Filling up the DagBag from /Users/angel.georgiev/VsCodeProjects/PythonExamples/.venv/lib/python3.10/site-packages/airflow/example_dags/example_external_task_marker_dag.py
[2024-01-11T20:52:37.612+0200] {processor.py:840} INFO - DAG(s) 'example_external_task_marker_child', 'example_external_task_marker_parent' retrieved from /Users/angel.georgiev/VsCodeProjects/PythonExamples/.venv/lib/python3.10/site-packages/airflow/example_dags/example_external_task_marker_dag.py
[2024-01-11T20:52:37.723+0200] {logging_mixin.py:188} INFO - [2024-01-11T20:52:37.723+0200] {dag.py:3033} INFO - Sync 2 DAGs
[2024-01-11T20:52:37.730+0200] {logging_mixin.py:188} INFO - [2024-01-11T20:52:37.730+0200] {dag.py:3820} INFO - Setting next_dagrun for example_external_task_marker_child to None, run_after=None
[2024-01-11T20:52:37.733+0200] {logging_mixin.py:188} INFO - [2024-01-11T20:52:37.733+0200] {dag.py:3820} INFO - Setting next_dagrun for example_external_task_marker_parent to None, run_after=None
[2024-01-11T20:52:37.748+0200] {processor.py:183} INFO - Processing /Users/angel.georgiev/VsCodeProjects/PythonExamples/.venv/lib/python3.10/site-packages/airflow/example_dags/example_external_task_marker_dag.py took 0.204 seconds
[2024-01-11T20:57:11.646+0200] {processor.py:161} INFO - Started process (PID=36114) to work on /Users/angel.georgiev/VsCodeProjects/PythonExamples/.venv/lib/python3.10/site-packages/airflow/example_dags/example_external_task_marker_dag.py
[2024-01-11T20:57:11.653+0200] {processor.py:830} INFO - Processing file /Users/angel.georgiev/VsCodeProjects/PythonExamples/.venv/lib/python3.10/site-packages/airflow/example_dags/example_external_task_marker_dag.py for tasks to queue
[2024-01-11T20:57:11.654+0200] {logging_mixin.py:188} INFO - [2024-01-11T20:57:11.653+0200] {dagbag.py:538} INFO - Filling up the DagBag from /Users/angel.georgiev/VsCodeProjects/PythonExamples/.venv/lib/python3.10/site-packages/airflow/example_dags/example_external_task_marker_dag.py
[2024-01-11T20:57:11.727+0200] {processor.py:840} INFO - DAG(s) 'example_external_task_marker_child', 'example_external_task_marker_parent' retrieved from /Users/angel.georgiev/VsCodeProjects/PythonExamples/.venv/lib/python3.10/site-packages/airflow/example_dags/example_external_task_marker_dag.py
[2024-01-11T20:57:11.869+0200] {logging_mixin.py:188} INFO - [2024-01-11T20:57:11.869+0200] {dag.py:3033} INFO - Sync 2 DAGs
[2024-01-11T20:57:11.878+0200] {logging_mixin.py:188} INFO - [2024-01-11T20:57:11.878+0200] {dag.py:3820} INFO - Setting next_dagrun for example_external_task_marker_child to None, run_after=None
[2024-01-11T20:57:11.881+0200] {logging_mixin.py:188} INFO - [2024-01-11T20:57:11.881+0200] {dag.py:3820} INFO - Setting next_dagrun for example_external_task_marker_parent to None, run_after=None
[2024-01-11T20:57:11.900+0200] {processor.py:183} INFO - Processing /Users/angel.georgiev/VsCodeProjects/PythonExamples/.venv/lib/python3.10/site-packages/airflow/example_dags/example_external_task_marker_dag.py took 0.256 seconds
