[2024-01-11T20:15:30.246+0200] {processor.py:161} INFO - Started process (PID=33309) to work on /Users/angel.georgiev/VsCodeProjects/PythonExamples/.venv/lib/python3.10/site-packages/airflow/example_dags/example_dynamic_task_mapping.py
[2024-01-11T20:15:30.251+0200] {processor.py:830} INFO - Processing file /Users/angel.georgiev/VsCodeProjects/PythonExamples/.venv/lib/python3.10/site-packages/airflow/example_dags/example_dynamic_task_mapping.py for tasks to queue
[2024-01-11T20:15:30.251+0200] {logging_mixin.py:188} INFO - [2024-01-11T20:15:30.251+0200] {dagbag.py:538} INFO - Filling up the DagBag from /Users/angel.georgiev/VsCodeProjects/PythonExamples/.venv/lib/python3.10/site-packages/airflow/example_dags/example_dynamic_task_mapping.py
[2024-01-11T20:15:30.425+0200] {processor.py:840} INFO - DAG(s) 'example_dynamic_task_mapping' retrieved from /Users/angel.georgiev/VsCodeProjects/PythonExamples/.venv/lib/python3.10/site-packages/airflow/example_dags/example_dynamic_task_mapping.py
[2024-01-11T20:15:30.818+0200] {logging_mixin.py:188} INFO - [2024-01-11T20:15:30.818+0200] {dag.py:3033} INFO - Sync 1 DAGs
[2024-01-11T20:15:30.856+0200] {logging_mixin.py:188} INFO - [2024-01-11T20:15:30.855+0200] {dag.py:3820} INFO - Setting next_dagrun for example_dynamic_task_mapping to 2022-03-04T00:00:00+00:00, run_after=2022-03-05T00:00:00+00:00
[2024-01-11T20:15:30.911+0200] {processor.py:183} INFO - Processing /Users/angel.georgiev/VsCodeProjects/PythonExamples/.venv/lib/python3.10/site-packages/airflow/example_dags/example_dynamic_task_mapping.py took 0.666 seconds
[2024-01-11T20:18:26.254+0200] {processor.py:161} INFO - Started process (PID=33577) to work on /Users/angel.georgiev/VsCodeProjects/PythonExamples/.venv/lib/python3.10/site-packages/airflow/example_dags/example_dynamic_task_mapping.py
[2024-01-11T20:18:26.260+0200] {processor.py:830} INFO - Processing file /Users/angel.georgiev/VsCodeProjects/PythonExamples/.venv/lib/python3.10/site-packages/airflow/example_dags/example_dynamic_task_mapping.py for tasks to queue
[2024-01-11T20:18:26.261+0200] {logging_mixin.py:188} INFO - [2024-01-11T20:18:26.261+0200] {dagbag.py:538} INFO - Filling up the DagBag from /Users/angel.georgiev/VsCodeProjects/PythonExamples/.venv/lib/python3.10/site-packages/airflow/example_dags/example_dynamic_task_mapping.py
[2024-01-11T20:18:26.368+0200] {processor.py:840} INFO - DAG(s) 'example_dynamic_task_mapping' retrieved from /Users/angel.georgiev/VsCodeProjects/PythonExamples/.venv/lib/python3.10/site-packages/airflow/example_dags/example_dynamic_task_mapping.py
[2024-01-11T20:18:26.484+0200] {logging_mixin.py:188} INFO - [2024-01-11T20:18:26.484+0200] {dag.py:3033} INFO - Sync 1 DAGs
[2024-01-11T20:18:26.502+0200] {logging_mixin.py:188} INFO - [2024-01-11T20:18:26.502+0200] {dag.py:3820} INFO - Setting next_dagrun for example_dynamic_task_mapping to 2022-03-04T00:00:00+00:00, run_after=2022-03-05T00:00:00+00:00
[2024-01-11T20:18:26.529+0200] {processor.py:183} INFO - Processing /Users/angel.georgiev/VsCodeProjects/PythonExamples/.venv/lib/python3.10/site-packages/airflow/example_dags/example_dynamic_task_mapping.py took 0.277 seconds
[2024-01-11T20:23:03.407+0200] {processor.py:161} INFO - Started process (PID=33842) to work on /Users/angel.georgiev/VsCodeProjects/PythonExamples/.venv/lib/python3.10/site-packages/airflow/example_dags/example_dynamic_task_mapping.py
[2024-01-11T20:23:03.412+0200] {processor.py:830} INFO - Processing file /Users/angel.georgiev/VsCodeProjects/PythonExamples/.venv/lib/python3.10/site-packages/airflow/example_dags/example_dynamic_task_mapping.py for tasks to queue
[2024-01-11T20:23:03.413+0200] {logging_mixin.py:188} INFO - [2024-01-11T20:23:03.413+0200] {dagbag.py:538} INFO - Filling up the DagBag from /Users/angel.georgiev/VsCodeProjects/PythonExamples/.venv/lib/python3.10/site-packages/airflow/example_dags/example_dynamic_task_mapping.py
[2024-01-11T20:23:03.520+0200] {processor.py:840} INFO - DAG(s) 'example_dynamic_task_mapping' retrieved from /Users/angel.georgiev/VsCodeProjects/PythonExamples/.venv/lib/python3.10/site-packages/airflow/example_dags/example_dynamic_task_mapping.py
[2024-01-11T20:23:03.646+0200] {logging_mixin.py:188} INFO - [2024-01-11T20:23:03.645+0200] {dag.py:3033} INFO - Sync 1 DAGs
[2024-01-11T20:23:03.661+0200] {logging_mixin.py:188} INFO - [2024-01-11T20:23:03.661+0200] {dag.py:3820} INFO - Setting next_dagrun for example_dynamic_task_mapping to 2022-03-04T00:00:00+00:00, run_after=2022-03-05T00:00:00+00:00
[2024-01-11T20:23:03.686+0200] {processor.py:183} INFO - Processing /Users/angel.georgiev/VsCodeProjects/PythonExamples/.venv/lib/python3.10/site-packages/airflow/example_dags/example_dynamic_task_mapping.py took 0.280 seconds
[2024-01-11T20:28:02.095+0200] {processor.py:161} INFO - Started process (PID=34181) to work on /Users/angel.georgiev/VsCodeProjects/PythonExamples/.venv/lib/python3.10/site-packages/airflow/example_dags/example_dynamic_task_mapping.py
[2024-01-11T20:28:02.101+0200] {processor.py:830} INFO - Processing file /Users/angel.georgiev/VsCodeProjects/PythonExamples/.venv/lib/python3.10/site-packages/airflow/example_dags/example_dynamic_task_mapping.py for tasks to queue
[2024-01-11T20:28:02.101+0200] {logging_mixin.py:188} INFO - [2024-01-11T20:28:02.101+0200] {dagbag.py:538} INFO - Filling up the DagBag from /Users/angel.georgiev/VsCodeProjects/PythonExamples/.venv/lib/python3.10/site-packages/airflow/example_dags/example_dynamic_task_mapping.py
[2024-01-11T20:28:02.206+0200] {processor.py:840} INFO - DAG(s) 'example_dynamic_task_mapping' retrieved from /Users/angel.georgiev/VsCodeProjects/PythonExamples/.venv/lib/python3.10/site-packages/airflow/example_dags/example_dynamic_task_mapping.py
[2024-01-11T20:28:02.307+0200] {logging_mixin.py:188} INFO - [2024-01-11T20:28:02.307+0200] {dag.py:3033} INFO - Sync 1 DAGs
[2024-01-11T20:28:02.322+0200] {logging_mixin.py:188} INFO - [2024-01-11T20:28:02.322+0200] {dag.py:3820} INFO - Setting next_dagrun for example_dynamic_task_mapping to 2022-03-04T00:00:00+00:00, run_after=2022-03-05T00:00:00+00:00
[2024-01-11T20:28:02.345+0200] {processor.py:183} INFO - Processing /Users/angel.georgiev/VsCodeProjects/PythonExamples/.venv/lib/python3.10/site-packages/airflow/example_dags/example_dynamic_task_mapping.py took 0.252 seconds
[2024-01-11T20:33:15.285+0200] {processor.py:161} INFO - Started process (PID=34514) to work on /Users/angel.georgiev/VsCodeProjects/PythonExamples/.venv/lib/python3.10/site-packages/airflow/example_dags/example_dynamic_task_mapping.py
[2024-01-11T20:33:15.291+0200] {processor.py:830} INFO - Processing file /Users/angel.georgiev/VsCodeProjects/PythonExamples/.venv/lib/python3.10/site-packages/airflow/example_dags/example_dynamic_task_mapping.py for tasks to queue
[2024-01-11T20:33:15.291+0200] {logging_mixin.py:188} INFO - [2024-01-11T20:33:15.291+0200] {dagbag.py:538} INFO - Filling up the DagBag from /Users/angel.georgiev/VsCodeProjects/PythonExamples/.venv/lib/python3.10/site-packages/airflow/example_dags/example_dynamic_task_mapping.py
[2024-01-11T20:33:15.399+0200] {processor.py:840} INFO - DAG(s) 'example_dynamic_task_mapping' retrieved from /Users/angel.georgiev/VsCodeProjects/PythonExamples/.venv/lib/python3.10/site-packages/airflow/example_dags/example_dynamic_task_mapping.py
[2024-01-11T20:33:15.513+0200] {logging_mixin.py:188} INFO - [2024-01-11T20:33:15.513+0200] {dag.py:3033} INFO - Sync 1 DAGs
[2024-01-11T20:33:15.530+0200] {logging_mixin.py:188} INFO - [2024-01-11T20:33:15.529+0200] {dag.py:3820} INFO - Setting next_dagrun for example_dynamic_task_mapping to 2022-03-04T00:00:00+00:00, run_after=2022-03-05T00:00:00+00:00
[2024-01-11T20:33:15.554+0200] {processor.py:183} INFO - Processing /Users/angel.georgiev/VsCodeProjects/PythonExamples/.venv/lib/python3.10/site-packages/airflow/example_dags/example_dynamic_task_mapping.py took 0.270 seconds
[2024-01-11T20:39:22.104+0200] {processor.py:161} INFO - Started process (PID=34956) to work on /Users/angel.georgiev/VsCodeProjects/PythonExamples/.venv/lib/python3.10/site-packages/airflow/example_dags/example_dynamic_task_mapping.py
[2024-01-11T20:39:22.110+0200] {processor.py:830} INFO - Processing file /Users/angel.georgiev/VsCodeProjects/PythonExamples/.venv/lib/python3.10/site-packages/airflow/example_dags/example_dynamic_task_mapping.py for tasks to queue
[2024-01-11T20:39:22.111+0200] {logging_mixin.py:188} INFO - [2024-01-11T20:39:22.111+0200] {dagbag.py:538} INFO - Filling up the DagBag from /Users/angel.georgiev/VsCodeProjects/PythonExamples/.venv/lib/python3.10/site-packages/airflow/example_dags/example_dynamic_task_mapping.py
[2024-01-11T20:39:22.212+0200] {processor.py:840} INFO - DAG(s) 'example_dynamic_task_mapping' retrieved from /Users/angel.georgiev/VsCodeProjects/PythonExamples/.venv/lib/python3.10/site-packages/airflow/example_dags/example_dynamic_task_mapping.py
[2024-01-11T20:39:22.321+0200] {logging_mixin.py:188} INFO - [2024-01-11T20:39:22.321+0200] {dag.py:3033} INFO - Sync 1 DAGs
[2024-01-11T20:39:22.338+0200] {logging_mixin.py:188} INFO - [2024-01-11T20:39:22.338+0200] {dag.py:3820} INFO - Setting next_dagrun for example_dynamic_task_mapping to 2022-03-04T00:00:00+00:00, run_after=2022-03-05T00:00:00+00:00
[2024-01-11T20:39:22.362+0200] {processor.py:183} INFO - Processing /Users/angel.georgiev/VsCodeProjects/PythonExamples/.venv/lib/python3.10/site-packages/airflow/example_dags/example_dynamic_task_mapping.py took 0.260 seconds
[2024-01-11T20:44:59.366+0200] {processor.py:161} INFO - Started process (PID=35350) to work on /Users/angel.georgiev/VsCodeProjects/PythonExamples/.venv/lib/python3.10/site-packages/airflow/example_dags/example_dynamic_task_mapping.py
[2024-01-11T20:44:59.372+0200] {processor.py:830} INFO - Processing file /Users/angel.georgiev/VsCodeProjects/PythonExamples/.venv/lib/python3.10/site-packages/airflow/example_dags/example_dynamic_task_mapping.py for tasks to queue
[2024-01-11T20:44:59.372+0200] {logging_mixin.py:188} INFO - [2024-01-11T20:44:59.372+0200] {dagbag.py:538} INFO - Filling up the DagBag from /Users/angel.georgiev/VsCodeProjects/PythonExamples/.venv/lib/python3.10/site-packages/airflow/example_dags/example_dynamic_task_mapping.py
[2024-01-11T20:44:59.461+0200] {processor.py:840} INFO - DAG(s) 'example_dynamic_task_mapping' retrieved from /Users/angel.georgiev/VsCodeProjects/PythonExamples/.venv/lib/python3.10/site-packages/airflow/example_dags/example_dynamic_task_mapping.py
[2024-01-11T20:44:59.555+0200] {logging_mixin.py:188} INFO - [2024-01-11T20:44:59.555+0200] {dag.py:3033} INFO - Sync 1 DAGs
[2024-01-11T20:44:59.569+0200] {logging_mixin.py:188} INFO - [2024-01-11T20:44:59.568+0200] {dag.py:3820} INFO - Setting next_dagrun for example_dynamic_task_mapping to 2022-03-04T00:00:00+00:00, run_after=2022-03-05T00:00:00+00:00
[2024-01-11T20:44:59.587+0200] {processor.py:183} INFO - Processing /Users/angel.georgiev/VsCodeProjects/PythonExamples/.venv/lib/python3.10/site-packages/airflow/example_dags/example_dynamic_task_mapping.py took 0.223 seconds
[2024-01-11T20:48:55.157+0200] {processor.py:161} INFO - Started process (PID=35575) to work on /Users/angel.georgiev/VsCodeProjects/PythonExamples/.venv/lib/python3.10/site-packages/airflow/example_dags/example_dynamic_task_mapping.py
[2024-01-11T20:48:55.162+0200] {processor.py:830} INFO - Processing file /Users/angel.georgiev/VsCodeProjects/PythonExamples/.venv/lib/python3.10/site-packages/airflow/example_dags/example_dynamic_task_mapping.py for tasks to queue
[2024-01-11T20:48:55.162+0200] {logging_mixin.py:188} INFO - [2024-01-11T20:48:55.162+0200] {dagbag.py:538} INFO - Filling up the DagBag from /Users/angel.georgiev/VsCodeProjects/PythonExamples/.venv/lib/python3.10/site-packages/airflow/example_dags/example_dynamic_task_mapping.py
[2024-01-11T20:48:55.243+0200] {processor.py:840} INFO - DAG(s) 'example_dynamic_task_mapping' retrieved from /Users/angel.georgiev/VsCodeProjects/PythonExamples/.venv/lib/python3.10/site-packages/airflow/example_dags/example_dynamic_task_mapping.py
[2024-01-11T20:48:55.334+0200] {logging_mixin.py:188} INFO - [2024-01-11T20:48:55.334+0200] {dag.py:3033} INFO - Sync 1 DAGs
[2024-01-11T20:48:55.347+0200] {logging_mixin.py:188} INFO - [2024-01-11T20:48:55.347+0200] {dag.py:3820} INFO - Setting next_dagrun for example_dynamic_task_mapping to 2022-03-04T00:00:00+00:00, run_after=2022-03-05T00:00:00+00:00
[2024-01-11T20:48:55.363+0200] {processor.py:183} INFO - Processing /Users/angel.georgiev/VsCodeProjects/PythonExamples/.venv/lib/python3.10/site-packages/airflow/example_dags/example_dynamic_task_mapping.py took 0.207 seconds
[2024-01-11T20:52:43.517+0200] {processor.py:161} INFO - Started process (PID=35815) to work on /Users/angel.georgiev/VsCodeProjects/PythonExamples/.venv/lib/python3.10/site-packages/airflow/example_dags/example_dynamic_task_mapping.py
[2024-01-11T20:52:43.521+0200] {processor.py:830} INFO - Processing file /Users/angel.georgiev/VsCodeProjects/PythonExamples/.venv/lib/python3.10/site-packages/airflow/example_dags/example_dynamic_task_mapping.py for tasks to queue
[2024-01-11T20:52:43.522+0200] {logging_mixin.py:188} INFO - [2024-01-11T20:52:43.522+0200] {dagbag.py:538} INFO - Filling up the DagBag from /Users/angel.georgiev/VsCodeProjects/PythonExamples/.venv/lib/python3.10/site-packages/airflow/example_dags/example_dynamic_task_mapping.py
[2024-01-11T20:52:43.604+0200] {processor.py:840} INFO - DAG(s) 'example_dynamic_task_mapping' retrieved from /Users/angel.georgiev/VsCodeProjects/PythonExamples/.venv/lib/python3.10/site-packages/airflow/example_dags/example_dynamic_task_mapping.py
[2024-01-11T20:52:43.696+0200] {logging_mixin.py:188} INFO - [2024-01-11T20:52:43.696+0200] {dag.py:3033} INFO - Sync 1 DAGs
[2024-01-11T20:52:43.710+0200] {logging_mixin.py:188} INFO - [2024-01-11T20:52:43.710+0200] {dag.py:3820} INFO - Setting next_dagrun for example_dynamic_task_mapping to 2022-03-04T00:00:00+00:00, run_after=2022-03-05T00:00:00+00:00
[2024-01-11T20:52:43.727+0200] {processor.py:183} INFO - Processing /Users/angel.georgiev/VsCodeProjects/PythonExamples/.venv/lib/python3.10/site-packages/airflow/example_dags/example_dynamic_task_mapping.py took 0.211 seconds
[2024-01-11T20:57:20.014+0200] {processor.py:161} INFO - Started process (PID=36116) to work on /Users/angel.georgiev/VsCodeProjects/PythonExamples/.venv/lib/python3.10/site-packages/airflow/example_dags/example_dynamic_task_mapping.py
[2024-01-11T20:57:20.045+0200] {processor.py:830} INFO - Processing file /Users/angel.georgiev/VsCodeProjects/PythonExamples/.venv/lib/python3.10/site-packages/airflow/example_dags/example_dynamic_task_mapping.py for tasks to queue
[2024-01-11T20:57:20.046+0200] {logging_mixin.py:188} INFO - [2024-01-11T20:57:20.046+0200] {dagbag.py:538} INFO - Filling up the DagBag from /Users/angel.georgiev/VsCodeProjects/PythonExamples/.venv/lib/python3.10/site-packages/airflow/example_dags/example_dynamic_task_mapping.py
[2024-01-11T20:57:20.161+0200] {processor.py:840} INFO - DAG(s) 'example_dynamic_task_mapping' retrieved from /Users/angel.georgiev/VsCodeProjects/PythonExamples/.venv/lib/python3.10/site-packages/airflow/example_dags/example_dynamic_task_mapping.py
[2024-01-11T20:57:20.301+0200] {logging_mixin.py:188} INFO - [2024-01-11T20:57:20.300+0200] {dag.py:3033} INFO - Sync 1 DAGs
[2024-01-11T20:57:20.319+0200] {logging_mixin.py:188} INFO - [2024-01-11T20:57:20.318+0200] {dag.py:3820} INFO - Setting next_dagrun for example_dynamic_task_mapping to 2022-03-04T00:00:00+00:00, run_after=2022-03-05T00:00:00+00:00
[2024-01-11T20:57:20.340+0200] {processor.py:183} INFO - Processing /Users/angel.georgiev/VsCodeProjects/PythonExamples/.venv/lib/python3.10/site-packages/airflow/example_dags/example_dynamic_task_mapping.py took 0.327 seconds
