[2024-01-11T20:15:34.338+0200] {processor.py:161} INFO - Started process (PID=33314) to work on /Users/angel.georgiev/VsCodeProjects/PythonExamples/.venv/lib/python3.10/site-packages/airflow/example_dags/example_datasets.py
[2024-01-11T20:15:34.342+0200] {processor.py:830} INFO - Processing file /Users/angel.georgiev/VsCodeProjects/PythonExamples/.venv/lib/python3.10/site-packages/airflow/example_dags/example_datasets.py for tasks to queue
[2024-01-11T20:15:34.343+0200] {logging_mixin.py:188} INFO - [2024-01-11T20:15:34.343+0200] {dagbag.py:538} INFO - Filling up the DagBag from /Users/angel.georgiev/VsCodeProjects/PythonExamples/.venv/lib/python3.10/site-packages/airflow/example_dags/example_datasets.py
[2024-01-11T20:15:34.402+0200] {processor.py:840} INFO - DAG(s) 'dataset_consumes_1_never_scheduled', 'dataset_consumes_unknown_never_scheduled', 'dataset_produces_2', 'dataset_consumes_1_and_2', 'dataset_produces_1', 'dataset_consumes_1' retrieved from /Users/angel.georgiev/VsCodeProjects/PythonExamples/.venv/lib/python3.10/site-packages/airflow/example_dags/example_datasets.py
[2024-01-11T20:15:34.635+0200] {logging_mixin.py:188} INFO - [2024-01-11T20:15:34.635+0200] {dag.py:3033} INFO - Sync 6 DAGs
[2024-01-11T20:15:34.651+0200] {logging_mixin.py:188} INFO - [2024-01-11T20:15:34.651+0200] {dag.py:3820} INFO - Setting next_dagrun for dataset_consumes_1 to None, run_after=None
[2024-01-11T20:15:34.653+0200] {logging_mixin.py:188} INFO - [2024-01-11T20:15:34.653+0200] {dag.py:3820} INFO - Setting next_dagrun for dataset_consumes_1_and_2 to None, run_after=None
[2024-01-11T20:15:34.654+0200] {logging_mixin.py:188} INFO - [2024-01-11T20:15:34.654+0200] {dag.py:3820} INFO - Setting next_dagrun for dataset_consumes_1_never_scheduled to None, run_after=None
[2024-01-11T20:15:34.655+0200] {logging_mixin.py:188} INFO - [2024-01-11T20:15:34.655+0200] {dag.py:3820} INFO - Setting next_dagrun for dataset_consumes_unknown_never_scheduled to None, run_after=None
[2024-01-11T20:15:34.657+0200] {logging_mixin.py:188} INFO - [2024-01-11T20:15:34.657+0200] {dag.py:3820} INFO - Setting next_dagrun for dataset_produces_1 to 2024-01-10T00:00:00+00:00, run_after=2024-01-11T00:00:00+00:00
[2024-01-11T20:15:34.658+0200] {logging_mixin.py:188} INFO - [2024-01-11T20:15:34.658+0200] {dag.py:3820} INFO - Setting next_dagrun for dataset_produces_2 to None, run_after=None
[2024-01-11T20:15:34.688+0200] {processor.py:183} INFO - Processing /Users/angel.georgiev/VsCodeProjects/PythonExamples/.venv/lib/python3.10/site-packages/airflow/example_dags/example_datasets.py took 0.352 seconds
[2024-01-11T20:18:29.429+0200] {processor.py:161} INFO - Started process (PID=33578) to work on /Users/angel.georgiev/VsCodeProjects/PythonExamples/.venv/lib/python3.10/site-packages/airflow/example_dags/example_datasets.py
[2024-01-11T20:18:29.440+0200] {processor.py:830} INFO - Processing file /Users/angel.georgiev/VsCodeProjects/PythonExamples/.venv/lib/python3.10/site-packages/airflow/example_dags/example_datasets.py for tasks to queue
[2024-01-11T20:18:29.442+0200] {logging_mixin.py:188} INFO - [2024-01-11T20:18:29.442+0200] {dagbag.py:538} INFO - Filling up the DagBag from /Users/angel.georgiev/VsCodeProjects/PythonExamples/.venv/lib/python3.10/site-packages/airflow/example_dags/example_datasets.py
[2024-01-11T20:18:29.862+0200] {processor.py:840} INFO - DAG(s) 'dataset_produces_2', 'dataset_consumes_unknown_never_scheduled', 'dataset_consumes_1', 'dataset_consumes_1_never_scheduled', 'dataset_produces_1', 'dataset_consumes_1_and_2' retrieved from /Users/angel.georgiev/VsCodeProjects/PythonExamples/.venv/lib/python3.10/site-packages/airflow/example_dags/example_datasets.py
[2024-01-11T20:18:30.153+0200] {logging_mixin.py:188} INFO - [2024-01-11T20:18:30.152+0200] {dag.py:3033} INFO - Sync 6 DAGs
[2024-01-11T20:18:30.169+0200] {logging_mixin.py:188} INFO - [2024-01-11T20:18:30.169+0200] {dag.py:3820} INFO - Setting next_dagrun for dataset_consumes_1 to None, run_after=None
[2024-01-11T20:18:30.173+0200] {logging_mixin.py:188} INFO - [2024-01-11T20:18:30.173+0200] {dag.py:3820} INFO - Setting next_dagrun for dataset_consumes_1_and_2 to None, run_after=None
[2024-01-11T20:18:30.175+0200] {logging_mixin.py:188} INFO - [2024-01-11T20:18:30.175+0200] {dag.py:3820} INFO - Setting next_dagrun for dataset_consumes_1_never_scheduled to None, run_after=None
[2024-01-11T20:18:30.177+0200] {logging_mixin.py:188} INFO - [2024-01-11T20:18:30.177+0200] {dag.py:3820} INFO - Setting next_dagrun for dataset_consumes_unknown_never_scheduled to None, run_after=None
[2024-01-11T20:18:30.180+0200] {logging_mixin.py:188} INFO - [2024-01-11T20:18:30.180+0200] {dag.py:3820} INFO - Setting next_dagrun for dataset_produces_1 to 2024-01-10T00:00:00+00:00, run_after=2024-01-11T00:00:00+00:00
[2024-01-11T20:18:30.181+0200] {logging_mixin.py:188} INFO - [2024-01-11T20:18:30.181+0200] {dag.py:3820} INFO - Setting next_dagrun for dataset_produces_2 to None, run_after=None
[2024-01-11T20:18:30.213+0200] {processor.py:183} INFO - Processing /Users/angel.georgiev/VsCodeProjects/PythonExamples/.venv/lib/python3.10/site-packages/airflow/example_dags/example_datasets.py took 0.785 seconds
[2024-01-11T20:23:07.494+0200] {processor.py:161} INFO - Started process (PID=33844) to work on /Users/angel.georgiev/VsCodeProjects/PythonExamples/.venv/lib/python3.10/site-packages/airflow/example_dags/example_datasets.py
[2024-01-11T20:23:07.499+0200] {processor.py:830} INFO - Processing file /Users/angel.georgiev/VsCodeProjects/PythonExamples/.venv/lib/python3.10/site-packages/airflow/example_dags/example_datasets.py for tasks to queue
[2024-01-11T20:23:07.500+0200] {logging_mixin.py:188} INFO - [2024-01-11T20:23:07.500+0200] {dagbag.py:538} INFO - Filling up the DagBag from /Users/angel.georgiev/VsCodeProjects/PythonExamples/.venv/lib/python3.10/site-packages/airflow/example_dags/example_datasets.py
[2024-01-11T20:23:07.562+0200] {processor.py:840} INFO - DAG(s) 'dataset_consumes_1', 'dataset_consumes_1_never_scheduled', 'dataset_consumes_unknown_never_scheduled', 'dataset_produces_1', 'dataset_produces_2', 'dataset_consumes_1_and_2' retrieved from /Users/angel.georgiev/VsCodeProjects/PythonExamples/.venv/lib/python3.10/site-packages/airflow/example_dags/example_datasets.py
[2024-01-11T20:23:07.673+0200] {logging_mixin.py:188} INFO - [2024-01-11T20:23:07.673+0200] {dag.py:3033} INFO - Sync 6 DAGs
[2024-01-11T20:23:07.687+0200] {logging_mixin.py:188} INFO - [2024-01-11T20:23:07.687+0200] {dag.py:3820} INFO - Setting next_dagrun for dataset_consumes_1 to None, run_after=None
[2024-01-11T20:23:07.690+0200] {logging_mixin.py:188} INFO - [2024-01-11T20:23:07.690+0200] {dag.py:3820} INFO - Setting next_dagrun for dataset_consumes_1_and_2 to None, run_after=None
[2024-01-11T20:23:07.690+0200] {logging_mixin.py:188} INFO - [2024-01-11T20:23:07.690+0200] {dag.py:3820} INFO - Setting next_dagrun for dataset_consumes_1_never_scheduled to None, run_after=None
[2024-01-11T20:23:07.691+0200] {logging_mixin.py:188} INFO - [2024-01-11T20:23:07.691+0200] {dag.py:3820} INFO - Setting next_dagrun for dataset_consumes_unknown_never_scheduled to None, run_after=None
[2024-01-11T20:23:07.693+0200] {logging_mixin.py:188} INFO - [2024-01-11T20:23:07.693+0200] {dag.py:3820} INFO - Setting next_dagrun for dataset_produces_1 to 2024-01-10T00:00:00+00:00, run_after=2024-01-11T00:00:00+00:00
[2024-01-11T20:23:07.693+0200] {logging_mixin.py:188} INFO - [2024-01-11T20:23:07.693+0200] {dag.py:3820} INFO - Setting next_dagrun for dataset_produces_2 to None, run_after=None
[2024-01-11T20:23:07.717+0200] {processor.py:183} INFO - Processing /Users/angel.georgiev/VsCodeProjects/PythonExamples/.venv/lib/python3.10/site-packages/airflow/example_dags/example_datasets.py took 0.224 seconds
[2024-01-11T20:28:04.671+0200] {processor.py:161} INFO - Started process (PID=34182) to work on /Users/angel.georgiev/VsCodeProjects/PythonExamples/.venv/lib/python3.10/site-packages/airflow/example_dags/example_datasets.py
[2024-01-11T20:28:04.678+0200] {processor.py:830} INFO - Processing file /Users/angel.georgiev/VsCodeProjects/PythonExamples/.venv/lib/python3.10/site-packages/airflow/example_dags/example_datasets.py for tasks to queue
[2024-01-11T20:28:04.679+0200] {logging_mixin.py:188} INFO - [2024-01-11T20:28:04.678+0200] {dagbag.py:538} INFO - Filling up the DagBag from /Users/angel.georgiev/VsCodeProjects/PythonExamples/.venv/lib/python3.10/site-packages/airflow/example_dags/example_datasets.py
[2024-01-11T20:28:04.758+0200] {processor.py:840} INFO - DAG(s) 'dataset_produces_2', 'dataset_consumes_1_never_scheduled', 'dataset_produces_1', 'dataset_consumes_unknown_never_scheduled', 'dataset_consumes_1', 'dataset_consumes_1_and_2' retrieved from /Users/angel.georgiev/VsCodeProjects/PythonExamples/.venv/lib/python3.10/site-packages/airflow/example_dags/example_datasets.py
[2024-01-11T20:28:04.917+0200] {logging_mixin.py:188} INFO - [2024-01-11T20:28:04.917+0200] {dag.py:3033} INFO - Sync 6 DAGs
[2024-01-11T20:28:04.933+0200] {logging_mixin.py:188} INFO - [2024-01-11T20:28:04.932+0200] {dag.py:3820} INFO - Setting next_dagrun for dataset_consumes_1 to None, run_after=None
[2024-01-11T20:28:04.935+0200] {logging_mixin.py:188} INFO - [2024-01-11T20:28:04.935+0200] {dag.py:3820} INFO - Setting next_dagrun for dataset_consumes_1_and_2 to None, run_after=None
[2024-01-11T20:28:04.937+0200] {logging_mixin.py:188} INFO - [2024-01-11T20:28:04.936+0200] {dag.py:3820} INFO - Setting next_dagrun for dataset_consumes_1_never_scheduled to None, run_after=None
[2024-01-11T20:28:04.938+0200] {logging_mixin.py:188} INFO - [2024-01-11T20:28:04.938+0200] {dag.py:3820} INFO - Setting next_dagrun for dataset_consumes_unknown_never_scheduled to None, run_after=None
[2024-01-11T20:28:04.940+0200] {logging_mixin.py:188} INFO - [2024-01-11T20:28:04.939+0200] {dag.py:3820} INFO - Setting next_dagrun for dataset_produces_1 to 2024-01-10T00:00:00+00:00, run_after=2024-01-11T00:00:00+00:00
[2024-01-11T20:28:04.940+0200] {logging_mixin.py:188} INFO - [2024-01-11T20:28:04.940+0200] {dag.py:3820} INFO - Setting next_dagrun for dataset_produces_2 to None, run_after=None
[2024-01-11T20:28:04.968+0200] {processor.py:183} INFO - Processing /Users/angel.georgiev/VsCodeProjects/PythonExamples/.venv/lib/python3.10/site-packages/airflow/example_dags/example_datasets.py took 0.298 seconds
[2024-01-11T20:33:20.888+0200] {processor.py:161} INFO - Started process (PID=34518) to work on /Users/angel.georgiev/VsCodeProjects/PythonExamples/.venv/lib/python3.10/site-packages/airflow/example_dags/example_datasets.py
[2024-01-11T20:33:20.896+0200] {processor.py:830} INFO - Processing file /Users/angel.georgiev/VsCodeProjects/PythonExamples/.venv/lib/python3.10/site-packages/airflow/example_dags/example_datasets.py for tasks to queue
[2024-01-11T20:33:20.897+0200] {logging_mixin.py:188} INFO - [2024-01-11T20:33:20.896+0200] {dagbag.py:538} INFO - Filling up the DagBag from /Users/angel.georgiev/VsCodeProjects/PythonExamples/.venv/lib/python3.10/site-packages/airflow/example_dags/example_datasets.py
[2024-01-11T20:33:21.140+0200] {processor.py:840} INFO - DAG(s) 'dataset_produces_2', 'dataset_consumes_1_and_2', 'dataset_consumes_1_never_scheduled', 'dataset_produces_1', 'dataset_consumes_unknown_never_scheduled', 'dataset_consumes_1' retrieved from /Users/angel.georgiev/VsCodeProjects/PythonExamples/.venv/lib/python3.10/site-packages/airflow/example_dags/example_datasets.py
[2024-01-11T20:33:21.388+0200] {logging_mixin.py:188} INFO - [2024-01-11T20:33:21.388+0200] {dag.py:3033} INFO - Sync 6 DAGs
[2024-01-11T20:33:21.414+0200] {logging_mixin.py:188} INFO - [2024-01-11T20:33:21.412+0200] {dag.py:3820} INFO - Setting next_dagrun for dataset_consumes_1 to None, run_after=None
[2024-01-11T20:33:21.427+0200] {logging_mixin.py:188} INFO - [2024-01-11T20:33:21.427+0200] {dag.py:3820} INFO - Setting next_dagrun for dataset_consumes_1_and_2 to None, run_after=None
[2024-01-11T20:33:21.429+0200] {logging_mixin.py:188} INFO - [2024-01-11T20:33:21.428+0200] {dag.py:3820} INFO - Setting next_dagrun for dataset_consumes_1_never_scheduled to None, run_after=None
[2024-01-11T20:33:21.430+0200] {logging_mixin.py:188} INFO - [2024-01-11T20:33:21.430+0200] {dag.py:3820} INFO - Setting next_dagrun for dataset_consumes_unknown_never_scheduled to None, run_after=None
[2024-01-11T20:33:21.434+0200] {logging_mixin.py:188} INFO - [2024-01-11T20:33:21.434+0200] {dag.py:3820} INFO - Setting next_dagrun for dataset_produces_1 to 2024-01-10T00:00:00+00:00, run_after=2024-01-11T00:00:00+00:00
[2024-01-11T20:33:21.436+0200] {logging_mixin.py:188} INFO - [2024-01-11T20:33:21.435+0200] {dag.py:3820} INFO - Setting next_dagrun for dataset_produces_2 to None, run_after=None
[2024-01-11T20:33:21.674+0200] {processor.py:183} INFO - Processing /Users/angel.georgiev/VsCodeProjects/PythonExamples/.venv/lib/python3.10/site-packages/airflow/example_dags/example_datasets.py took 0.788 seconds
[2024-01-11T20:39:25.516+0200] {processor.py:161} INFO - Started process (PID=34959) to work on /Users/angel.georgiev/VsCodeProjects/PythonExamples/.venv/lib/python3.10/site-packages/airflow/example_dags/example_datasets.py
[2024-01-11T20:39:25.521+0200] {processor.py:830} INFO - Processing file /Users/angel.georgiev/VsCodeProjects/PythonExamples/.venv/lib/python3.10/site-packages/airflow/example_dags/example_datasets.py for tasks to queue
[2024-01-11T20:39:25.521+0200] {logging_mixin.py:188} INFO - [2024-01-11T20:39:25.521+0200] {dagbag.py:538} INFO - Filling up the DagBag from /Users/angel.georgiev/VsCodeProjects/PythonExamples/.venv/lib/python3.10/site-packages/airflow/example_dags/example_datasets.py
[2024-01-11T20:39:25.582+0200] {processor.py:840} INFO - DAG(s) 'dataset_consumes_1', 'dataset_produces_1', 'dataset_produces_2', 'dataset_consumes_unknown_never_scheduled', 'dataset_consumes_1_never_scheduled', 'dataset_consumes_1_and_2' retrieved from /Users/angel.georgiev/VsCodeProjects/PythonExamples/.venv/lib/python3.10/site-packages/airflow/example_dags/example_datasets.py
[2024-01-11T20:39:25.707+0200] {logging_mixin.py:188} INFO - [2024-01-11T20:39:25.707+0200] {dag.py:3033} INFO - Sync 6 DAGs
[2024-01-11T20:39:25.724+0200] {logging_mixin.py:188} INFO - [2024-01-11T20:39:25.724+0200] {dag.py:3820} INFO - Setting next_dagrun for dataset_consumes_1 to None, run_after=None
[2024-01-11T20:39:25.727+0200] {logging_mixin.py:188} INFO - [2024-01-11T20:39:25.727+0200] {dag.py:3820} INFO - Setting next_dagrun for dataset_consumes_1_and_2 to None, run_after=None
[2024-01-11T20:39:25.728+0200] {logging_mixin.py:188} INFO - [2024-01-11T20:39:25.728+0200] {dag.py:3820} INFO - Setting next_dagrun for dataset_consumes_1_never_scheduled to None, run_after=None
[2024-01-11T20:39:25.729+0200] {logging_mixin.py:188} INFO - [2024-01-11T20:39:25.728+0200] {dag.py:3820} INFO - Setting next_dagrun for dataset_consumes_unknown_never_scheduled to None, run_after=None
[2024-01-11T20:39:25.731+0200] {logging_mixin.py:188} INFO - [2024-01-11T20:39:25.730+0200] {dag.py:3820} INFO - Setting next_dagrun for dataset_produces_1 to 2024-01-10T00:00:00+00:00, run_after=2024-01-11T00:00:00+00:00
[2024-01-11T20:39:25.731+0200] {logging_mixin.py:188} INFO - [2024-01-11T20:39:25.731+0200] {dag.py:3820} INFO - Setting next_dagrun for dataset_produces_2 to None, run_after=None
[2024-01-11T20:39:25.759+0200] {processor.py:183} INFO - Processing /Users/angel.georgiev/VsCodeProjects/PythonExamples/.venv/lib/python3.10/site-packages/airflow/example_dags/example_datasets.py took 0.245 seconds
[2024-01-11T20:45:02.096+0200] {processor.py:161} INFO - Started process (PID=35351) to work on /Users/angel.georgiev/VsCodeProjects/PythonExamples/.venv/lib/python3.10/site-packages/airflow/example_dags/example_datasets.py
[2024-01-11T20:45:02.101+0200] {processor.py:830} INFO - Processing file /Users/angel.georgiev/VsCodeProjects/PythonExamples/.venv/lib/python3.10/site-packages/airflow/example_dags/example_datasets.py for tasks to queue
[2024-01-11T20:45:02.102+0200] {logging_mixin.py:188} INFO - [2024-01-11T20:45:02.102+0200] {dagbag.py:538} INFO - Filling up the DagBag from /Users/angel.georgiev/VsCodeProjects/PythonExamples/.venv/lib/python3.10/site-packages/airflow/example_dags/example_datasets.py
[2024-01-11T20:45:02.165+0200] {processor.py:840} INFO - DAG(s) 'dataset_produces_1', 'dataset_produces_2', 'dataset_consumes_unknown_never_scheduled', 'dataset_consumes_1_and_2', 'dataset_consumes_1_never_scheduled', 'dataset_consumes_1' retrieved from /Users/angel.georgiev/VsCodeProjects/PythonExamples/.venv/lib/python3.10/site-packages/airflow/example_dags/example_datasets.py
[2024-01-11T20:45:02.277+0200] {logging_mixin.py:188} INFO - [2024-01-11T20:45:02.277+0200] {dag.py:3033} INFO - Sync 6 DAGs
[2024-01-11T20:45:02.291+0200] {logging_mixin.py:188} INFO - [2024-01-11T20:45:02.291+0200] {dag.py:3820} INFO - Setting next_dagrun for dataset_consumes_1 to None, run_after=None
[2024-01-11T20:45:02.293+0200] {logging_mixin.py:188} INFO - [2024-01-11T20:45:02.293+0200] {dag.py:3820} INFO - Setting next_dagrun for dataset_consumes_1_and_2 to None, run_after=None
[2024-01-11T20:45:02.294+0200] {logging_mixin.py:188} INFO - [2024-01-11T20:45:02.294+0200] {dag.py:3820} INFO - Setting next_dagrun for dataset_consumes_1_never_scheduled to None, run_after=None
[2024-01-11T20:45:02.295+0200] {logging_mixin.py:188} INFO - [2024-01-11T20:45:02.294+0200] {dag.py:3820} INFO - Setting next_dagrun for dataset_consumes_unknown_never_scheduled to None, run_after=None
[2024-01-11T20:45:02.297+0200] {logging_mixin.py:188} INFO - [2024-01-11T20:45:02.297+0200] {dag.py:3820} INFO - Setting next_dagrun for dataset_produces_1 to 2024-01-10T00:00:00+00:00, run_after=2024-01-11T00:00:00+00:00
[2024-01-11T20:45:02.298+0200] {logging_mixin.py:188} INFO - [2024-01-11T20:45:02.298+0200] {dag.py:3820} INFO - Setting next_dagrun for dataset_produces_2 to None, run_after=None
[2024-01-11T20:45:02.323+0200] {processor.py:183} INFO - Processing /Users/angel.georgiev/VsCodeProjects/PythonExamples/.venv/lib/python3.10/site-packages/airflow/example_dags/example_datasets.py took 0.229 seconds
[2024-01-11T20:48:58.247+0200] {processor.py:161} INFO - Started process (PID=35610) to work on /Users/angel.georgiev/VsCodeProjects/PythonExamples/.venv/lib/python3.10/site-packages/airflow/example_dags/example_datasets.py
[2024-01-11T20:48:58.252+0200] {processor.py:830} INFO - Processing file /Users/angel.georgiev/VsCodeProjects/PythonExamples/.venv/lib/python3.10/site-packages/airflow/example_dags/example_datasets.py for tasks to queue
[2024-01-11T20:48:58.252+0200] {logging_mixin.py:188} INFO - [2024-01-11T20:48:58.252+0200] {dagbag.py:538} INFO - Filling up the DagBag from /Users/angel.georgiev/VsCodeProjects/PythonExamples/.venv/lib/python3.10/site-packages/airflow/example_dags/example_datasets.py
[2024-01-11T20:48:58.308+0200] {processor.py:840} INFO - DAG(s) 'dataset_produces_2', 'dataset_consumes_1', 'dataset_consumes_1_never_scheduled', 'dataset_consumes_unknown_never_scheduled', 'dataset_produces_1', 'dataset_consumes_1_and_2' retrieved from /Users/angel.georgiev/VsCodeProjects/PythonExamples/.venv/lib/python3.10/site-packages/airflow/example_dags/example_datasets.py
[2024-01-11T20:48:58.413+0200] {logging_mixin.py:188} INFO - [2024-01-11T20:48:58.413+0200] {dag.py:3033} INFO - Sync 6 DAGs
[2024-01-11T20:48:58.427+0200] {logging_mixin.py:188} INFO - [2024-01-11T20:48:58.427+0200] {dag.py:3820} INFO - Setting next_dagrun for dataset_consumes_1 to None, run_after=None
[2024-01-11T20:48:58.429+0200] {logging_mixin.py:188} INFO - [2024-01-11T20:48:58.429+0200] {dag.py:3820} INFO - Setting next_dagrun for dataset_consumes_1_and_2 to None, run_after=None
[2024-01-11T20:48:58.430+0200] {logging_mixin.py:188} INFO - [2024-01-11T20:48:58.430+0200] {dag.py:3820} INFO - Setting next_dagrun for dataset_consumes_1_never_scheduled to None, run_after=None
[2024-01-11T20:48:58.431+0200] {logging_mixin.py:188} INFO - [2024-01-11T20:48:58.431+0200] {dag.py:3820} INFO - Setting next_dagrun for dataset_consumes_unknown_never_scheduled to None, run_after=None
[2024-01-11T20:48:58.432+0200] {logging_mixin.py:188} INFO - [2024-01-11T20:48:58.432+0200] {dag.py:3820} INFO - Setting next_dagrun for dataset_produces_1 to 2024-01-10T00:00:00+00:00, run_after=2024-01-11T00:00:00+00:00
[2024-01-11T20:48:58.433+0200] {logging_mixin.py:188} INFO - [2024-01-11T20:48:58.433+0200] {dag.py:3820} INFO - Setting next_dagrun for dataset_produces_2 to None, run_after=None
[2024-01-11T20:48:58.458+0200] {processor.py:183} INFO - Processing /Users/angel.georgiev/VsCodeProjects/PythonExamples/.venv/lib/python3.10/site-packages/airflow/example_dags/example_datasets.py took 0.212 seconds
[2024-01-11T20:52:46.632+0200] {processor.py:161} INFO - Started process (PID=35817) to work on /Users/angel.georgiev/VsCodeProjects/PythonExamples/.venv/lib/python3.10/site-packages/airflow/example_dags/example_datasets.py
[2024-01-11T20:52:46.636+0200] {processor.py:830} INFO - Processing file /Users/angel.georgiev/VsCodeProjects/PythonExamples/.venv/lib/python3.10/site-packages/airflow/example_dags/example_datasets.py for tasks to queue
[2024-01-11T20:52:46.637+0200] {logging_mixin.py:188} INFO - [2024-01-11T20:52:46.636+0200] {dagbag.py:538} INFO - Filling up the DagBag from /Users/angel.georgiev/VsCodeProjects/PythonExamples/.venv/lib/python3.10/site-packages/airflow/example_dags/example_datasets.py
[2024-01-11T20:52:46.687+0200] {processor.py:840} INFO - DAG(s) 'dataset_consumes_unknown_never_scheduled', 'dataset_consumes_1_and_2', 'dataset_produces_2', 'dataset_consumes_1_never_scheduled', 'dataset_consumes_1', 'dataset_produces_1' retrieved from /Users/angel.georgiev/VsCodeProjects/PythonExamples/.venv/lib/python3.10/site-packages/airflow/example_dags/example_datasets.py
[2024-01-11T20:52:46.788+0200] {logging_mixin.py:188} INFO - [2024-01-11T20:52:46.788+0200] {dag.py:3033} INFO - Sync 6 DAGs
[2024-01-11T20:52:46.802+0200] {logging_mixin.py:188} INFO - [2024-01-11T20:52:46.802+0200] {dag.py:3820} INFO - Setting next_dagrun for dataset_consumes_1 to None, run_after=None
[2024-01-11T20:52:46.804+0200] {logging_mixin.py:188} INFO - [2024-01-11T20:52:46.804+0200] {dag.py:3820} INFO - Setting next_dagrun for dataset_consumes_1_and_2 to None, run_after=None
[2024-01-11T20:52:46.805+0200] {logging_mixin.py:188} INFO - [2024-01-11T20:52:46.805+0200] {dag.py:3820} INFO - Setting next_dagrun for dataset_consumes_1_never_scheduled to None, run_after=None
[2024-01-11T20:52:46.806+0200] {logging_mixin.py:188} INFO - [2024-01-11T20:52:46.806+0200] {dag.py:3820} INFO - Setting next_dagrun for dataset_consumes_unknown_never_scheduled to None, run_after=None
[2024-01-11T20:52:46.808+0200] {logging_mixin.py:188} INFO - [2024-01-11T20:52:46.808+0200] {dag.py:3820} INFO - Setting next_dagrun for dataset_produces_1 to 2024-01-10T00:00:00+00:00, run_after=2024-01-11T00:00:00+00:00
[2024-01-11T20:52:46.809+0200] {logging_mixin.py:188} INFO - [2024-01-11T20:52:46.808+0200] {dag.py:3820} INFO - Setting next_dagrun for dataset_produces_2 to None, run_after=None
[2024-01-11T20:52:46.832+0200] {processor.py:183} INFO - Processing /Users/angel.georgiev/VsCodeProjects/PythonExamples/.venv/lib/python3.10/site-packages/airflow/example_dags/example_datasets.py took 0.201 seconds
[2024-01-11T20:57:23.457+0200] {processor.py:161} INFO - Started process (PID=36117) to work on /Users/angel.georgiev/VsCodeProjects/PythonExamples/.venv/lib/python3.10/site-packages/airflow/example_dags/example_datasets.py
[2024-01-11T20:57:23.464+0200] {processor.py:830} INFO - Processing file /Users/angel.georgiev/VsCodeProjects/PythonExamples/.venv/lib/python3.10/site-packages/airflow/example_dags/example_datasets.py for tasks to queue
[2024-01-11T20:57:23.464+0200] {logging_mixin.py:188} INFO - [2024-01-11T20:57:23.464+0200] {dagbag.py:538} INFO - Filling up the DagBag from /Users/angel.georgiev/VsCodeProjects/PythonExamples/.venv/lib/python3.10/site-packages/airflow/example_dags/example_datasets.py
[2024-01-11T20:57:23.533+0200] {processor.py:840} INFO - DAG(s) 'dataset_consumes_1_never_scheduled', 'dataset_consumes_1', 'dataset_produces_2', 'dataset_produces_1', 'dataset_consumes_1_and_2', 'dataset_consumes_unknown_never_scheduled' retrieved from /Users/angel.georgiev/VsCodeProjects/PythonExamples/.venv/lib/python3.10/site-packages/airflow/example_dags/example_datasets.py
[2024-01-11T20:57:23.691+0200] {logging_mixin.py:188} INFO - [2024-01-11T20:57:23.690+0200] {dag.py:3033} INFO - Sync 6 DAGs
[2024-01-11T20:57:23.728+0200] {logging_mixin.py:188} INFO - [2024-01-11T20:57:23.727+0200] {dag.py:3820} INFO - Setting next_dagrun for dataset_consumes_1 to None, run_after=None
[2024-01-11T20:57:23.732+0200] {logging_mixin.py:188} INFO - [2024-01-11T20:57:23.732+0200] {dag.py:3820} INFO - Setting next_dagrun for dataset_consumes_1_and_2 to None, run_after=None
[2024-01-11T20:57:23.734+0200] {logging_mixin.py:188} INFO - [2024-01-11T20:57:23.734+0200] {dag.py:3820} INFO - Setting next_dagrun for dataset_consumes_1_never_scheduled to None, run_after=None
[2024-01-11T20:57:23.735+0200] {logging_mixin.py:188} INFO - [2024-01-11T20:57:23.735+0200] {dag.py:3820} INFO - Setting next_dagrun for dataset_consumes_unknown_never_scheduled to None, run_after=None
[2024-01-11T20:57:23.741+0200] {logging_mixin.py:188} INFO - [2024-01-11T20:57:23.740+0200] {dag.py:3820} INFO - Setting next_dagrun for dataset_produces_1 to 2024-01-10T00:00:00+00:00, run_after=2024-01-11T00:00:00+00:00
[2024-01-11T20:57:23.742+0200] {logging_mixin.py:188} INFO - [2024-01-11T20:57:23.742+0200] {dag.py:3820} INFO - Setting next_dagrun for dataset_produces_2 to None, run_after=None
[2024-01-11T20:57:23.812+0200] {processor.py:183} INFO - Processing /Users/angel.georgiev/VsCodeProjects/PythonExamples/.venv/lib/python3.10/site-packages/airflow/example_dags/example_datasets.py took 0.357 seconds
