[2024-01-11T20:14:38.177+0200] {processor.py:161} INFO - Started process (PID=33245) to work on /Users/angel.georgiev/VsCodeProjects/PythonExamples/.venv/lib/python3.10/site-packages/airflow/example_dags/example_python_operator.py
[2024-01-11T20:14:38.181+0200] {processor.py:830} INFO - Processing file /Users/angel.georgiev/VsCodeProjects/PythonExamples/.venv/lib/python3.10/site-packages/airflow/example_dags/example_python_operator.py for tasks to queue
[2024-01-11T20:14:38.182+0200] {logging_mixin.py:188} INFO - [2024-01-11T20:14:38.182+0200] {dagbag.py:538} INFO - Filling up the DagBag from /Users/angel.georgiev/VsCodeProjects/PythonExamples/.venv/lib/python3.10/site-packages/airflow/example_dags/example_python_operator.py
[2024-01-11T20:14:38.253+0200] {logging_mixin.py:188} INFO - [2024-01-11T20:14:38.253+0200] {example_python_operator.py:88} WARNING - The virtalenv_python example task requires virtualenv, please install it.
[2024-01-11T20:14:38.259+0200] {processor.py:840} INFO - DAG(s) 'example_python_operator' retrieved from /Users/angel.georgiev/VsCodeProjects/PythonExamples/.venv/lib/python3.10/site-packages/airflow/example_dags/example_python_operator.py
[2024-01-11T20:14:38.445+0200] {logging_mixin.py:188} INFO - [2024-01-11T20:14:38.444+0200] {dag.py:3033} INFO - Sync 1 DAGs
[2024-01-11T20:14:38.452+0200] {logging_mixin.py:188} INFO - [2024-01-11T20:14:38.452+0200] {dag.py:3820} INFO - Setting next_dagrun for example_python_operator to None, run_after=None
[2024-01-11T20:14:38.480+0200] {processor.py:183} INFO - Processing /Users/angel.georgiev/VsCodeProjects/PythonExamples/.venv/lib/python3.10/site-packages/airflow/example_dags/example_python_operator.py took 0.304 seconds
[2024-01-11T20:17:39.999+0200] {processor.py:161} INFO - Started process (PID=33529) to work on /Users/angel.georgiev/VsCodeProjects/PythonExamples/.venv/lib/python3.10/site-packages/airflow/example_dags/example_python_operator.py
[2024-01-11T20:17:40.003+0200] {processor.py:830} INFO - Processing file /Users/angel.georgiev/VsCodeProjects/PythonExamples/.venv/lib/python3.10/site-packages/airflow/example_dags/example_python_operator.py for tasks to queue
[2024-01-11T20:17:40.004+0200] {logging_mixin.py:188} INFO - [2024-01-11T20:17:40.004+0200] {dagbag.py:538} INFO - Filling up the DagBag from /Users/angel.georgiev/VsCodeProjects/PythonExamples/.venv/lib/python3.10/site-packages/airflow/example_dags/example_python_operator.py
[2024-01-11T20:17:40.075+0200] {logging_mixin.py:188} INFO - [2024-01-11T20:17:40.075+0200] {example_python_operator.py:88} WARNING - The virtalenv_python example task requires virtualenv, please install it.
[2024-01-11T20:17:40.081+0200] {processor.py:840} INFO - DAG(s) 'example_python_operator' retrieved from /Users/angel.georgiev/VsCodeProjects/PythonExamples/.venv/lib/python3.10/site-packages/airflow/example_dags/example_python_operator.py
[2024-01-11T20:17:40.178+0200] {logging_mixin.py:188} INFO - [2024-01-11T20:17:40.178+0200] {dag.py:3033} INFO - Sync 1 DAGs
[2024-01-11T20:17:40.186+0200] {logging_mixin.py:188} INFO - [2024-01-11T20:17:40.185+0200] {dag.py:3820} INFO - Setting next_dagrun for example_python_operator to None, run_after=None
[2024-01-11T20:17:40.205+0200] {processor.py:183} INFO - Processing /Users/angel.georgiev/VsCodeProjects/PythonExamples/.venv/lib/python3.10/site-packages/airflow/example_dags/example_python_operator.py took 0.207 seconds
[2024-01-11T20:19:59.674+0200] {processor.py:161} INFO - Started process (PID=33687) to work on /Users/angel.georgiev/VsCodeProjects/PythonExamples/.venv/lib/python3.10/site-packages/airflow/example_dags/example_python_operator.py
[2024-01-11T20:19:59.678+0200] {processor.py:830} INFO - Processing file /Users/angel.georgiev/VsCodeProjects/PythonExamples/.venv/lib/python3.10/site-packages/airflow/example_dags/example_python_operator.py for tasks to queue
[2024-01-11T20:19:59.679+0200] {logging_mixin.py:188} INFO - [2024-01-11T20:19:59.679+0200] {dagbag.py:538} INFO - Filling up the DagBag from /Users/angel.georgiev/VsCodeProjects/PythonExamples/.venv/lib/python3.10/site-packages/airflow/example_dags/example_python_operator.py
[2024-01-11T20:19:59.752+0200] {logging_mixin.py:188} INFO - [2024-01-11T20:19:59.752+0200] {example_python_operator.py:88} WARNING - The virtalenv_python example task requires virtualenv, please install it.
[2024-01-11T20:19:59.759+0200] {processor.py:840} INFO - DAG(s) 'example_python_operator' retrieved from /Users/angel.georgiev/VsCodeProjects/PythonExamples/.venv/lib/python3.10/site-packages/airflow/example_dags/example_python_operator.py
[2024-01-11T20:19:59.883+0200] {logging_mixin.py:188} INFO - [2024-01-11T20:19:59.882+0200] {dag.py:3033} INFO - Sync 1 DAGs
[2024-01-11T20:19:59.902+0200] {logging_mixin.py:188} INFO - [2024-01-11T20:19:59.902+0200] {dag.py:3820} INFO - Setting next_dagrun for example_python_operator to None, run_after=None
[2024-01-11T20:19:59.936+0200] {processor.py:183} INFO - Processing /Users/angel.georgiev/VsCodeProjects/PythonExamples/.venv/lib/python3.10/site-packages/airflow/example_dags/example_python_operator.py took 0.264 seconds
[2024-01-11T20:22:25.610+0200] {processor.py:161} INFO - Started process (PID=33825) to work on /Users/angel.georgiev/VsCodeProjects/PythonExamples/.venv/lib/python3.10/site-packages/airflow/example_dags/example_python_operator.py
[2024-01-11T20:22:25.615+0200] {processor.py:830} INFO - Processing file /Users/angel.georgiev/VsCodeProjects/PythonExamples/.venv/lib/python3.10/site-packages/airflow/example_dags/example_python_operator.py for tasks to queue
[2024-01-11T20:22:25.616+0200] {logging_mixin.py:188} INFO - [2024-01-11T20:22:25.615+0200] {dagbag.py:538} INFO - Filling up the DagBag from /Users/angel.georgiev/VsCodeProjects/PythonExamples/.venv/lib/python3.10/site-packages/airflow/example_dags/example_python_operator.py
[2024-01-11T20:22:25.684+0200] {logging_mixin.py:188} INFO - [2024-01-11T20:22:25.684+0200] {example_python_operator.py:88} WARNING - The virtalenv_python example task requires virtualenv, please install it.
[2024-01-11T20:22:25.691+0200] {processor.py:840} INFO - DAG(s) 'example_python_operator' retrieved from /Users/angel.georgiev/VsCodeProjects/PythonExamples/.venv/lib/python3.10/site-packages/airflow/example_dags/example_python_operator.py
[2024-01-11T20:22:25.784+0200] {logging_mixin.py:188} INFO - [2024-01-11T20:22:25.784+0200] {dag.py:3033} INFO - Sync 1 DAGs
[2024-01-11T20:22:25.792+0200] {logging_mixin.py:188} INFO - [2024-01-11T20:22:25.792+0200] {dag.py:3820} INFO - Setting next_dagrun for example_python_operator to None, run_after=None
[2024-01-11T20:22:25.810+0200] {processor.py:183} INFO - Processing /Users/angel.georgiev/VsCodeProjects/PythonExamples/.venv/lib/python3.10/site-packages/airflow/example_dags/example_python_operator.py took 0.201 seconds
[2024-01-11T20:24:55.021+0200] {processor.py:161} INFO - Started process (PID=34051) to work on /Users/angel.georgiev/VsCodeProjects/PythonExamples/.venv/lib/python3.10/site-packages/airflow/example_dags/example_python_operator.py
[2024-01-11T20:24:55.026+0200] {processor.py:830} INFO - Processing file /Users/angel.georgiev/VsCodeProjects/PythonExamples/.venv/lib/python3.10/site-packages/airflow/example_dags/example_python_operator.py for tasks to queue
[2024-01-11T20:24:55.027+0200] {logging_mixin.py:188} INFO - [2024-01-11T20:24:55.027+0200] {dagbag.py:538} INFO - Filling up the DagBag from /Users/angel.georgiev/VsCodeProjects/PythonExamples/.venv/lib/python3.10/site-packages/airflow/example_dags/example_python_operator.py
[2024-01-11T20:24:55.098+0200] {logging_mixin.py:188} INFO - [2024-01-11T20:24:55.098+0200] {example_python_operator.py:88} WARNING - The virtalenv_python example task requires virtualenv, please install it.
[2024-01-11T20:24:55.104+0200] {processor.py:840} INFO - DAG(s) 'example_python_operator' retrieved from /Users/angel.georgiev/VsCodeProjects/PythonExamples/.venv/lib/python3.10/site-packages/airflow/example_dags/example_python_operator.py
[2024-01-11T20:24:55.203+0200] {logging_mixin.py:188} INFO - [2024-01-11T20:24:55.202+0200] {dag.py:3033} INFO - Sync 1 DAGs
[2024-01-11T20:24:55.211+0200] {logging_mixin.py:188} INFO - [2024-01-11T20:24:55.211+0200] {dag.py:3820} INFO - Setting next_dagrun for example_python_operator to None, run_after=None
[2024-01-11T20:24:55.240+0200] {processor.py:183} INFO - Processing /Users/angel.georgiev/VsCodeProjects/PythonExamples/.venv/lib/python3.10/site-packages/airflow/example_dags/example_python_operator.py took 0.220 seconds
[2024-01-11T20:27:23.319+0200] {processor.py:161} INFO - Started process (PID=34154) to work on /Users/angel.georgiev/VsCodeProjects/PythonExamples/.venv/lib/python3.10/site-packages/airflow/example_dags/example_python_operator.py
[2024-01-11T20:27:23.326+0200] {processor.py:830} INFO - Processing file /Users/angel.georgiev/VsCodeProjects/PythonExamples/.venv/lib/python3.10/site-packages/airflow/example_dags/example_python_operator.py for tasks to queue
[2024-01-11T20:27:23.326+0200] {logging_mixin.py:188} INFO - [2024-01-11T20:27:23.326+0200] {dagbag.py:538} INFO - Filling up the DagBag from /Users/angel.georgiev/VsCodeProjects/PythonExamples/.venv/lib/python3.10/site-packages/airflow/example_dags/example_python_operator.py
[2024-01-11T20:27:23.410+0200] {logging_mixin.py:188} INFO - [2024-01-11T20:27:23.410+0200] {example_python_operator.py:88} WARNING - The virtalenv_python example task requires virtualenv, please install it.
[2024-01-11T20:27:23.416+0200] {processor.py:840} INFO - DAG(s) 'example_python_operator' retrieved from /Users/angel.georgiev/VsCodeProjects/PythonExamples/.venv/lib/python3.10/site-packages/airflow/example_dags/example_python_operator.py
[2024-01-11T20:27:23.548+0200] {logging_mixin.py:188} INFO - [2024-01-11T20:27:23.548+0200] {dag.py:3033} INFO - Sync 1 DAGs
[2024-01-11T20:27:23.558+0200] {logging_mixin.py:188} INFO - [2024-01-11T20:27:23.558+0200] {dag.py:3820} INFO - Setting next_dagrun for example_python_operator to None, run_after=None
[2024-01-11T20:27:23.585+0200] {processor.py:183} INFO - Processing /Users/angel.georgiev/VsCodeProjects/PythonExamples/.venv/lib/python3.10/site-packages/airflow/example_dags/example_python_operator.py took 0.267 seconds
[2024-01-11T20:29:42.431+0200] {processor.py:161} INFO - Started process (PID=34355) to work on /Users/angel.georgiev/VsCodeProjects/PythonExamples/.venv/lib/python3.10/site-packages/airflow/example_dags/example_python_operator.py
[2024-01-11T20:29:42.436+0200] {processor.py:830} INFO - Processing file /Users/angel.georgiev/VsCodeProjects/PythonExamples/.venv/lib/python3.10/site-packages/airflow/example_dags/example_python_operator.py for tasks to queue
[2024-01-11T20:29:42.437+0200] {logging_mixin.py:188} INFO - [2024-01-11T20:29:42.437+0200] {dagbag.py:538} INFO - Filling up the DagBag from /Users/angel.georgiev/VsCodeProjects/PythonExamples/.venv/lib/python3.10/site-packages/airflow/example_dags/example_python_operator.py
[2024-01-11T20:29:42.518+0200] {logging_mixin.py:188} INFO - [2024-01-11T20:29:42.518+0200] {example_python_operator.py:88} WARNING - The virtalenv_python example task requires virtualenv, please install it.
[2024-01-11T20:29:42.526+0200] {processor.py:840} INFO - DAG(s) 'example_python_operator' retrieved from /Users/angel.georgiev/VsCodeProjects/PythonExamples/.venv/lib/python3.10/site-packages/airflow/example_dags/example_python_operator.py
[2024-01-11T20:29:42.647+0200] {logging_mixin.py:188} INFO - [2024-01-11T20:29:42.647+0200] {dag.py:3033} INFO - Sync 1 DAGs
[2024-01-11T20:29:42.656+0200] {logging_mixin.py:188} INFO - [2024-01-11T20:29:42.655+0200] {dag.py:3820} INFO - Setting next_dagrun for example_python_operator to None, run_after=None
[2024-01-11T20:29:42.675+0200] {processor.py:183} INFO - Processing /Users/angel.georgiev/VsCodeProjects/PythonExamples/.venv/lib/python3.10/site-packages/airflow/example_dags/example_python_operator.py took 0.246 seconds
[2024-01-11T20:32:22.040+0200] {processor.py:161} INFO - Started process (PID=34472) to work on /Users/angel.georgiev/VsCodeProjects/PythonExamples/.venv/lib/python3.10/site-packages/airflow/example_dags/example_python_operator.py
[2024-01-11T20:32:22.046+0200] {processor.py:830} INFO - Processing file /Users/angel.georgiev/VsCodeProjects/PythonExamples/.venv/lib/python3.10/site-packages/airflow/example_dags/example_python_operator.py for tasks to queue
[2024-01-11T20:32:22.046+0200] {logging_mixin.py:188} INFO - [2024-01-11T20:32:22.046+0200] {dagbag.py:538} INFO - Filling up the DagBag from /Users/angel.georgiev/VsCodeProjects/PythonExamples/.venv/lib/python3.10/site-packages/airflow/example_dags/example_python_operator.py
[2024-01-11T20:32:22.144+0200] {logging_mixin.py:188} INFO - [2024-01-11T20:32:22.143+0200] {example_python_operator.py:88} WARNING - The virtalenv_python example task requires virtualenv, please install it.
[2024-01-11T20:32:22.151+0200] {processor.py:840} INFO - DAG(s) 'example_python_operator' retrieved from /Users/angel.georgiev/VsCodeProjects/PythonExamples/.venv/lib/python3.10/site-packages/airflow/example_dags/example_python_operator.py
[2024-01-11T20:32:22.265+0200] {logging_mixin.py:188} INFO - [2024-01-11T20:32:22.264+0200] {dag.py:3033} INFO - Sync 1 DAGs
[2024-01-11T20:32:22.273+0200] {logging_mixin.py:188} INFO - [2024-01-11T20:32:22.273+0200] {dag.py:3820} INFO - Setting next_dagrun for example_python_operator to None, run_after=None
[2024-01-11T20:32:22.294+0200] {processor.py:183} INFO - Processing /Users/angel.georgiev/VsCodeProjects/PythonExamples/.venv/lib/python3.10/site-packages/airflow/example_dags/example_python_operator.py took 0.256 seconds
[2024-01-11T20:35:13.162+0200] {processor.py:161} INFO - Started process (PID=34611) to work on /Users/angel.georgiev/VsCodeProjects/PythonExamples/.venv/lib/python3.10/site-packages/airflow/example_dags/example_python_operator.py
[2024-01-11T20:35:13.175+0200] {processor.py:830} INFO - Processing file /Users/angel.georgiev/VsCodeProjects/PythonExamples/.venv/lib/python3.10/site-packages/airflow/example_dags/example_python_operator.py for tasks to queue
[2024-01-11T20:35:13.176+0200] {logging_mixin.py:188} INFO - [2024-01-11T20:35:13.176+0200] {dagbag.py:538} INFO - Filling up the DagBag from /Users/angel.georgiev/VsCodeProjects/PythonExamples/.venv/lib/python3.10/site-packages/airflow/example_dags/example_python_operator.py
[2024-01-11T20:35:13.259+0200] {logging_mixin.py:188} INFO - [2024-01-11T20:35:13.259+0200] {example_python_operator.py:88} WARNING - The virtalenv_python example task requires virtualenv, please install it.
[2024-01-11T20:35:13.266+0200] {processor.py:840} INFO - DAG(s) 'example_python_operator' retrieved from /Users/angel.georgiev/VsCodeProjects/PythonExamples/.venv/lib/python3.10/site-packages/airflow/example_dags/example_python_operator.py
[2024-01-11T20:35:13.373+0200] {logging_mixin.py:188} INFO - [2024-01-11T20:35:13.373+0200] {dag.py:3033} INFO - Sync 1 DAGs
[2024-01-11T20:35:13.382+0200] {logging_mixin.py:188} INFO - [2024-01-11T20:35:13.382+0200] {dag.py:3820} INFO - Setting next_dagrun for example_python_operator to None, run_after=None
[2024-01-11T20:35:13.400+0200] {processor.py:183} INFO - Processing /Users/angel.georgiev/VsCodeProjects/PythonExamples/.venv/lib/python3.10/site-packages/airflow/example_dags/example_python_operator.py took 0.240 seconds
[2024-01-11T20:38:22.364+0200] {processor.py:161} INFO - Started process (PID=34901) to work on /Users/angel.georgiev/VsCodeProjects/PythonExamples/.venv/lib/python3.10/site-packages/airflow/example_dags/example_python_operator.py
[2024-01-11T20:38:22.369+0200] {processor.py:830} INFO - Processing file /Users/angel.georgiev/VsCodeProjects/PythonExamples/.venv/lib/python3.10/site-packages/airflow/example_dags/example_python_operator.py for tasks to queue
[2024-01-11T20:38:22.370+0200] {logging_mixin.py:188} INFO - [2024-01-11T20:38:22.370+0200] {dagbag.py:538} INFO - Filling up the DagBag from /Users/angel.georgiev/VsCodeProjects/PythonExamples/.venv/lib/python3.10/site-packages/airflow/example_dags/example_python_operator.py
[2024-01-11T20:38:22.447+0200] {logging_mixin.py:188} INFO - [2024-01-11T20:38:22.447+0200] {example_python_operator.py:88} WARNING - The virtalenv_python example task requires virtualenv, please install it.
[2024-01-11T20:38:22.453+0200] {processor.py:840} INFO - DAG(s) 'example_python_operator' retrieved from /Users/angel.georgiev/VsCodeProjects/PythonExamples/.venv/lib/python3.10/site-packages/airflow/example_dags/example_python_operator.py
[2024-01-11T20:38:22.576+0200] {logging_mixin.py:188} INFO - [2024-01-11T20:38:22.575+0200] {dag.py:3033} INFO - Sync 1 DAGs
[2024-01-11T20:38:22.589+0200] {logging_mixin.py:188} INFO - [2024-01-11T20:38:22.588+0200] {dag.py:3820} INFO - Setting next_dagrun for example_python_operator to None, run_after=None
[2024-01-11T20:38:22.612+0200] {processor.py:183} INFO - Processing /Users/angel.georgiev/VsCodeProjects/PythonExamples/.venv/lib/python3.10/site-packages/airflow/example_dags/example_python_operator.py took 0.249 seconds
[2024-01-11T20:41:46.654+0200] {processor.py:161} INFO - Started process (PID=35206) to work on /Users/angel.georgiev/VsCodeProjects/PythonExamples/.venv/lib/python3.10/site-packages/airflow/example_dags/example_python_operator.py
[2024-01-11T20:41:46.660+0200] {processor.py:830} INFO - Processing file /Users/angel.georgiev/VsCodeProjects/PythonExamples/.venv/lib/python3.10/site-packages/airflow/example_dags/example_python_operator.py for tasks to queue
[2024-01-11T20:41:46.661+0200] {logging_mixin.py:188} INFO - [2024-01-11T20:41:46.661+0200] {dagbag.py:538} INFO - Filling up the DagBag from /Users/angel.georgiev/VsCodeProjects/PythonExamples/.venv/lib/python3.10/site-packages/airflow/example_dags/example_python_operator.py
[2024-01-11T20:41:46.734+0200] {logging_mixin.py:188} INFO - [2024-01-11T20:41:46.734+0200] {example_python_operator.py:88} WARNING - The virtalenv_python example task requires virtualenv, please install it.
[2024-01-11T20:41:46.744+0200] {processor.py:840} INFO - DAG(s) 'example_python_operator' retrieved from /Users/angel.georgiev/VsCodeProjects/PythonExamples/.venv/lib/python3.10/site-packages/airflow/example_dags/example_python_operator.py
[2024-01-11T20:41:46.854+0200] {logging_mixin.py:188} INFO - [2024-01-11T20:41:46.854+0200] {dag.py:3033} INFO - Sync 1 DAGs
[2024-01-11T20:41:46.863+0200] {logging_mixin.py:188} INFO - [2024-01-11T20:41:46.863+0200] {dag.py:3820} INFO - Setting next_dagrun for example_python_operator to None, run_after=None
[2024-01-11T20:41:46.888+0200] {processor.py:183} INFO - Processing /Users/angel.georgiev/VsCodeProjects/PythonExamples/.venv/lib/python3.10/site-packages/airflow/example_dags/example_python_operator.py took 0.235 seconds
[2024-01-11T20:44:25.688+0200] {processor.py:161} INFO - Started process (PID=35338) to work on /Users/angel.georgiev/VsCodeProjects/PythonExamples/.venv/lib/python3.10/site-packages/airflow/example_dags/example_python_operator.py
[2024-01-11T20:44:25.692+0200] {processor.py:830} INFO - Processing file /Users/angel.georgiev/VsCodeProjects/PythonExamples/.venv/lib/python3.10/site-packages/airflow/example_dags/example_python_operator.py for tasks to queue
[2024-01-11T20:44:25.693+0200] {logging_mixin.py:188} INFO - [2024-01-11T20:44:25.693+0200] {dagbag.py:538} INFO - Filling up the DagBag from /Users/angel.georgiev/VsCodeProjects/PythonExamples/.venv/lib/python3.10/site-packages/airflow/example_dags/example_python_operator.py
[2024-01-11T20:44:25.764+0200] {logging_mixin.py:188} INFO - [2024-01-11T20:44:25.764+0200] {example_python_operator.py:88} WARNING - The virtalenv_python example task requires virtualenv, please install it.
[2024-01-11T20:44:25.770+0200] {processor.py:840} INFO - DAG(s) 'example_python_operator' retrieved from /Users/angel.georgiev/VsCodeProjects/PythonExamples/.venv/lib/python3.10/site-packages/airflow/example_dags/example_python_operator.py
[2024-01-11T20:44:25.865+0200] {logging_mixin.py:188} INFO - [2024-01-11T20:44:25.865+0200] {dag.py:3033} INFO - Sync 1 DAGs
[2024-01-11T20:44:25.872+0200] {logging_mixin.py:188} INFO - [2024-01-11T20:44:25.872+0200] {dag.py:3820} INFO - Setting next_dagrun for example_python_operator to None, run_after=None
[2024-01-11T20:44:25.888+0200] {processor.py:183} INFO - Processing /Users/angel.georgiev/VsCodeProjects/PythonExamples/.venv/lib/python3.10/site-packages/airflow/example_dags/example_python_operator.py took 0.202 seconds
[2024-01-11T20:46:30.109+0200] {processor.py:161} INFO - Started process (PID=35420) to work on /Users/angel.georgiev/VsCodeProjects/PythonExamples/.venv/lib/python3.10/site-packages/airflow/example_dags/example_python_operator.py
[2024-01-11T20:46:30.114+0200] {processor.py:830} INFO - Processing file /Users/angel.georgiev/VsCodeProjects/PythonExamples/.venv/lib/python3.10/site-packages/airflow/example_dags/example_python_operator.py for tasks to queue
[2024-01-11T20:46:30.115+0200] {logging_mixin.py:188} INFO - [2024-01-11T20:46:30.115+0200] {dagbag.py:538} INFO - Filling up the DagBag from /Users/angel.georgiev/VsCodeProjects/PythonExamples/.venv/lib/python3.10/site-packages/airflow/example_dags/example_python_operator.py
[2024-01-11T20:46:30.189+0200] {logging_mixin.py:188} INFO - [2024-01-11T20:46:30.188+0200] {example_python_operator.py:88} WARNING - The virtalenv_python example task requires virtualenv, please install it.
[2024-01-11T20:46:30.194+0200] {processor.py:840} INFO - DAG(s) 'example_python_operator' retrieved from /Users/angel.georgiev/VsCodeProjects/PythonExamples/.venv/lib/python3.10/site-packages/airflow/example_dags/example_python_operator.py
[2024-01-11T20:46:30.292+0200] {logging_mixin.py:188} INFO - [2024-01-11T20:46:30.291+0200] {dag.py:3033} INFO - Sync 1 DAGs
[2024-01-11T20:46:30.300+0200] {logging_mixin.py:188} INFO - [2024-01-11T20:46:30.300+0200] {dag.py:3820} INFO - Setting next_dagrun for example_python_operator to None, run_after=None
[2024-01-11T20:46:30.318+0200] {processor.py:183} INFO - Processing /Users/angel.georgiev/VsCodeProjects/PythonExamples/.venv/lib/python3.10/site-packages/airflow/example_dags/example_python_operator.py took 0.210 seconds
[2024-01-11T20:48:28.769+0200] {processor.py:161} INFO - Started process (PID=35508) to work on /Users/angel.georgiev/VsCodeProjects/PythonExamples/.venv/lib/python3.10/site-packages/airflow/example_dags/example_python_operator.py
[2024-01-11T20:48:28.774+0200] {processor.py:830} INFO - Processing file /Users/angel.georgiev/VsCodeProjects/PythonExamples/.venv/lib/python3.10/site-packages/airflow/example_dags/example_python_operator.py for tasks to queue
[2024-01-11T20:48:28.775+0200] {logging_mixin.py:188} INFO - [2024-01-11T20:48:28.775+0200] {dagbag.py:538} INFO - Filling up the DagBag from /Users/angel.georgiev/VsCodeProjects/PythonExamples/.venv/lib/python3.10/site-packages/airflow/example_dags/example_python_operator.py
[2024-01-11T20:48:28.843+0200] {logging_mixin.py:188} INFO - [2024-01-11T20:48:28.843+0200] {example_python_operator.py:88} WARNING - The virtalenv_python example task requires virtualenv, please install it.
[2024-01-11T20:48:28.849+0200] {processor.py:840} INFO - DAG(s) 'example_python_operator' retrieved from /Users/angel.georgiev/VsCodeProjects/PythonExamples/.venv/lib/python3.10/site-packages/airflow/example_dags/example_python_operator.py
[2024-01-11T20:48:28.940+0200] {logging_mixin.py:188} INFO - [2024-01-11T20:48:28.939+0200] {dag.py:3033} INFO - Sync 1 DAGs
[2024-01-11T20:48:28.947+0200] {logging_mixin.py:188} INFO - [2024-01-11T20:48:28.947+0200] {dag.py:3820} INFO - Setting next_dagrun for example_python_operator to None, run_after=None
[2024-01-11T20:48:28.964+0200] {processor.py:183} INFO - Processing /Users/angel.georgiev/VsCodeProjects/PythonExamples/.venv/lib/python3.10/site-packages/airflow/example_dags/example_python_operator.py took 0.195 seconds
[2024-01-11T20:50:22.390+0200] {processor.py:161} INFO - Started process (PID=35696) to work on /Users/angel.georgiev/VsCodeProjects/PythonExamples/.venv/lib/python3.10/site-packages/airflow/example_dags/example_python_operator.py
[2024-01-11T20:50:22.394+0200] {processor.py:830} INFO - Processing file /Users/angel.georgiev/VsCodeProjects/PythonExamples/.venv/lib/python3.10/site-packages/airflow/example_dags/example_python_operator.py for tasks to queue
[2024-01-11T20:50:22.394+0200] {logging_mixin.py:188} INFO - [2024-01-11T20:50:22.394+0200] {dagbag.py:538} INFO - Filling up the DagBag from /Users/angel.georgiev/VsCodeProjects/PythonExamples/.venv/lib/python3.10/site-packages/airflow/example_dags/example_python_operator.py
[2024-01-11T20:50:22.461+0200] {logging_mixin.py:188} INFO - [2024-01-11T20:50:22.461+0200] {example_python_operator.py:88} WARNING - The virtalenv_python example task requires virtualenv, please install it.
[2024-01-11T20:50:22.467+0200] {processor.py:840} INFO - DAG(s) 'example_python_operator' retrieved from /Users/angel.georgiev/VsCodeProjects/PythonExamples/.venv/lib/python3.10/site-packages/airflow/example_dags/example_python_operator.py
[2024-01-11T20:50:22.574+0200] {logging_mixin.py:188} INFO - [2024-01-11T20:50:22.574+0200] {dag.py:3033} INFO - Sync 1 DAGs
[2024-01-11T20:50:22.582+0200] {logging_mixin.py:188} INFO - [2024-01-11T20:50:22.582+0200] {dag.py:3820} INFO - Setting next_dagrun for example_python_operator to None, run_after=None
[2024-01-11T20:50:22.600+0200] {processor.py:183} INFO - Processing /Users/angel.georgiev/VsCodeProjects/PythonExamples/.venv/lib/python3.10/site-packages/airflow/example_dags/example_python_operator.py took 0.211 seconds
[2024-01-11T20:52:16.844+0200] {processor.py:161} INFO - Started process (PID=35770) to work on /Users/angel.georgiev/VsCodeProjects/PythonExamples/.venv/lib/python3.10/site-packages/airflow/example_dags/example_python_operator.py
[2024-01-11T20:52:16.848+0200] {processor.py:830} INFO - Processing file /Users/angel.georgiev/VsCodeProjects/PythonExamples/.venv/lib/python3.10/site-packages/airflow/example_dags/example_python_operator.py for tasks to queue
[2024-01-11T20:52:16.848+0200] {logging_mixin.py:188} INFO - [2024-01-11T20:52:16.848+0200] {dagbag.py:538} INFO - Filling up the DagBag from /Users/angel.georgiev/VsCodeProjects/PythonExamples/.venv/lib/python3.10/site-packages/airflow/example_dags/example_python_operator.py
[2024-01-11T20:52:16.913+0200] {logging_mixin.py:188} INFO - [2024-01-11T20:52:16.913+0200] {example_python_operator.py:88} WARNING - The virtalenv_python example task requires virtualenv, please install it.
[2024-01-11T20:52:16.918+0200] {processor.py:840} INFO - DAG(s) 'example_python_operator' retrieved from /Users/angel.georgiev/VsCodeProjects/PythonExamples/.venv/lib/python3.10/site-packages/airflow/example_dags/example_python_operator.py
[2024-01-11T20:52:17.006+0200] {logging_mixin.py:188} INFO - [2024-01-11T20:52:17.006+0200] {dag.py:3033} INFO - Sync 1 DAGs
[2024-01-11T20:52:17.015+0200] {logging_mixin.py:188} INFO - [2024-01-11T20:52:17.015+0200] {dag.py:3820} INFO - Setting next_dagrun for example_python_operator to None, run_after=None
[2024-01-11T20:52:17.030+0200] {processor.py:183} INFO - Processing /Users/angel.georgiev/VsCodeProjects/PythonExamples/.venv/lib/python3.10/site-packages/airflow/example_dags/example_python_operator.py took 0.188 seconds
[2024-01-11T20:54:22.895+0200] {processor.py:161} INFO - Started process (PID=35898) to work on /Users/angel.georgiev/VsCodeProjects/PythonExamples/.venv/lib/python3.10/site-packages/airflow/example_dags/example_python_operator.py
[2024-01-11T20:54:22.900+0200] {processor.py:830} INFO - Processing file /Users/angel.georgiev/VsCodeProjects/PythonExamples/.venv/lib/python3.10/site-packages/airflow/example_dags/example_python_operator.py for tasks to queue
[2024-01-11T20:54:22.901+0200] {logging_mixin.py:188} INFO - [2024-01-11T20:54:22.901+0200] {dagbag.py:538} INFO - Filling up the DagBag from /Users/angel.georgiev/VsCodeProjects/PythonExamples/.venv/lib/python3.10/site-packages/airflow/example_dags/example_python_operator.py
[2024-01-11T20:54:22.974+0200] {logging_mixin.py:188} INFO - [2024-01-11T20:54:22.974+0200] {example_python_operator.py:88} WARNING - The virtalenv_python example task requires virtualenv, please install it.
[2024-01-11T20:54:22.980+0200] {processor.py:840} INFO - DAG(s) 'example_python_operator' retrieved from /Users/angel.georgiev/VsCodeProjects/PythonExamples/.venv/lib/python3.10/site-packages/airflow/example_dags/example_python_operator.py
[2024-01-11T20:54:23.081+0200] {logging_mixin.py:188} INFO - [2024-01-11T20:54:23.081+0200] {dag.py:3033} INFO - Sync 1 DAGs
[2024-01-11T20:54:23.089+0200] {logging_mixin.py:188} INFO - [2024-01-11T20:54:23.089+0200] {dag.py:3820} INFO - Setting next_dagrun for example_python_operator to None, run_after=None
[2024-01-11T20:54:23.106+0200] {processor.py:183} INFO - Processing /Users/angel.georgiev/VsCodeProjects/PythonExamples/.venv/lib/python3.10/site-packages/airflow/example_dags/example_python_operator.py took 0.212 seconds
[2024-01-11T20:56:41.066+0200] {processor.py:161} INFO - Started process (PID=36100) to work on /Users/angel.georgiev/VsCodeProjects/PythonExamples/.venv/lib/python3.10/site-packages/airflow/example_dags/example_python_operator.py
[2024-01-11T20:56:41.071+0200] {processor.py:830} INFO - Processing file /Users/angel.georgiev/VsCodeProjects/PythonExamples/.venv/lib/python3.10/site-packages/airflow/example_dags/example_python_operator.py for tasks to queue
[2024-01-11T20:56:41.071+0200] {logging_mixin.py:188} INFO - [2024-01-11T20:56:41.071+0200] {dagbag.py:538} INFO - Filling up the DagBag from /Users/angel.georgiev/VsCodeProjects/PythonExamples/.venv/lib/python3.10/site-packages/airflow/example_dags/example_python_operator.py
[2024-01-11T20:56:41.163+0200] {logging_mixin.py:188} INFO - [2024-01-11T20:56:41.163+0200] {example_python_operator.py:88} WARNING - The virtalenv_python example task requires virtualenv, please install it.
[2024-01-11T20:56:41.169+0200] {processor.py:840} INFO - DAG(s) 'example_python_operator' retrieved from /Users/angel.georgiev/VsCodeProjects/PythonExamples/.venv/lib/python3.10/site-packages/airflow/example_dags/example_python_operator.py
[2024-01-11T20:56:41.278+0200] {logging_mixin.py:188} INFO - [2024-01-11T20:56:41.277+0200] {dag.py:3033} INFO - Sync 1 DAGs
[2024-01-11T20:56:41.285+0200] {logging_mixin.py:188} INFO - [2024-01-11T20:56:41.285+0200] {dag.py:3820} INFO - Setting next_dagrun for example_python_operator to None, run_after=None
[2024-01-11T20:56:41.305+0200] {processor.py:183} INFO - Processing /Users/angel.georgiev/VsCodeProjects/PythonExamples/.venv/lib/python3.10/site-packages/airflow/example_dags/example_python_operator.py took 0.240 seconds
[2024-01-11T20:59:00.598+0200] {processor.py:161} INFO - Started process (PID=36189) to work on /Users/angel.georgiev/VsCodeProjects/PythonExamples/.venv/lib/python3.10/site-packages/airflow/example_dags/example_python_operator.py
[2024-01-11T20:59:00.603+0200] {processor.py:830} INFO - Processing file /Users/angel.georgiev/VsCodeProjects/PythonExamples/.venv/lib/python3.10/site-packages/airflow/example_dags/example_python_operator.py for tasks to queue
[2024-01-11T20:59:00.604+0200] {logging_mixin.py:188} INFO - [2024-01-11T20:59:00.603+0200] {dagbag.py:538} INFO - Filling up the DagBag from /Users/angel.georgiev/VsCodeProjects/PythonExamples/.venv/lib/python3.10/site-packages/airflow/example_dags/example_python_operator.py
[2024-01-11T20:59:00.677+0200] {logging_mixin.py:188} INFO - [2024-01-11T20:59:00.677+0200] {example_python_operator.py:88} WARNING - The virtalenv_python example task requires virtualenv, please install it.
[2024-01-11T20:59:00.683+0200] {processor.py:840} INFO - DAG(s) 'example_python_operator' retrieved from /Users/angel.georgiev/VsCodeProjects/PythonExamples/.venv/lib/python3.10/site-packages/airflow/example_dags/example_python_operator.py
[2024-01-11T20:59:00.781+0200] {logging_mixin.py:188} INFO - [2024-01-11T20:59:00.781+0200] {dag.py:3033} INFO - Sync 1 DAGs
[2024-01-11T20:59:00.792+0200] {logging_mixin.py:188} INFO - [2024-01-11T20:59:00.792+0200] {dag.py:3820} INFO - Setting next_dagrun for example_python_operator to None, run_after=None
[2024-01-11T20:59:00.810+0200] {processor.py:183} INFO - Processing /Users/angel.georgiev/VsCodeProjects/PythonExamples/.venv/lib/python3.10/site-packages/airflow/example_dags/example_python_operator.py took 0.213 seconds
