[2024-01-11T20:14:24.849+0200] {processor.py:161} INFO - Started process (PID=33241) to work on /Users/angel.georgiev/VsCodeProjects/PythonExamples/.venv/lib/python3.10/site-packages/airflow/example_dags/example_setup_teardown_taskflow.py
[2024-01-11T20:14:24.853+0200] {processor.py:830} INFO - Processing file /Users/angel.georgiev/VsCodeProjects/PythonExamples/.venv/lib/python3.10/site-packages/airflow/example_dags/example_setup_teardown_taskflow.py for tasks to queue
[2024-01-11T20:14:24.853+0200] {logging_mixin.py:188} INFO - [2024-01-11T20:14:24.853+0200] {dagbag.py:538} INFO - Filling up the DagBag from /Users/angel.georgiev/VsCodeProjects/PythonExamples/.venv/lib/python3.10/site-packages/airflow/example_dags/example_setup_teardown_taskflow.py
[2024-01-11T20:14:24.938+0200] {processor.py:840} INFO - DAG(s) 'example_setup_teardown_taskflow' retrieved from /Users/angel.georgiev/VsCodeProjects/PythonExamples/.venv/lib/python3.10/site-packages/airflow/example_dags/example_setup_teardown_taskflow.py
[2024-01-11T20:14:25.117+0200] {logging_mixin.py:188} INFO - [2024-01-11T20:14:25.117+0200] {dag.py:3033} INFO - Sync 1 DAGs
[2024-01-11T20:14:25.131+0200] {logging_mixin.py:188} INFO - [2024-01-11T20:14:25.131+0200] {dag.py:3820} INFO - Setting next_dagrun for example_setup_teardown_taskflow to 2024-01-10T00:00:00+00:00, run_after=2024-01-11T00:00:00+00:00
[2024-01-11T20:14:25.149+0200] {processor.py:183} INFO - Processing /Users/angel.georgiev/VsCodeProjects/PythonExamples/.venv/lib/python3.10/site-packages/airflow/example_dags/example_setup_teardown_taskflow.py took 0.301 seconds
[2024-01-11T20:17:27.550+0200] {processor.py:161} INFO - Started process (PID=33521) to work on /Users/angel.georgiev/VsCodeProjects/PythonExamples/.venv/lib/python3.10/site-packages/airflow/example_dags/example_setup_teardown_taskflow.py
[2024-01-11T20:17:27.555+0200] {processor.py:830} INFO - Processing file /Users/angel.georgiev/VsCodeProjects/PythonExamples/.venv/lib/python3.10/site-packages/airflow/example_dags/example_setup_teardown_taskflow.py for tasks to queue
[2024-01-11T20:17:27.556+0200] {logging_mixin.py:188} INFO - [2024-01-11T20:17:27.556+0200] {dagbag.py:538} INFO - Filling up the DagBag from /Users/angel.georgiev/VsCodeProjects/PythonExamples/.venv/lib/python3.10/site-packages/airflow/example_dags/example_setup_teardown_taskflow.py
[2024-01-11T20:17:27.647+0200] {processor.py:840} INFO - DAG(s) 'example_setup_teardown_taskflow' retrieved from /Users/angel.georgiev/VsCodeProjects/PythonExamples/.venv/lib/python3.10/site-packages/airflow/example_dags/example_setup_teardown_taskflow.py
[2024-01-11T20:17:27.751+0200] {logging_mixin.py:188} INFO - [2024-01-11T20:17:27.750+0200] {dag.py:3033} INFO - Sync 1 DAGs
[2024-01-11T20:17:27.766+0200] {logging_mixin.py:188} INFO - [2024-01-11T20:17:27.766+0200] {dag.py:3820} INFO - Setting next_dagrun for example_setup_teardown_taskflow to 2024-01-10T00:00:00+00:00, run_after=2024-01-11T00:00:00+00:00
[2024-01-11T20:17:27.786+0200] {processor.py:183} INFO - Processing /Users/angel.georgiev/VsCodeProjects/PythonExamples/.venv/lib/python3.10/site-packages/airflow/example_dags/example_setup_teardown_taskflow.py took 0.237 seconds
[2024-01-11T20:19:47.795+0200] {processor.py:161} INFO - Started process (PID=33678) to work on /Users/angel.georgiev/VsCodeProjects/PythonExamples/.venv/lib/python3.10/site-packages/airflow/example_dags/example_setup_teardown_taskflow.py
[2024-01-11T20:19:47.800+0200] {processor.py:830} INFO - Processing file /Users/angel.georgiev/VsCodeProjects/PythonExamples/.venv/lib/python3.10/site-packages/airflow/example_dags/example_setup_teardown_taskflow.py for tasks to queue
[2024-01-11T20:19:47.801+0200] {logging_mixin.py:188} INFO - [2024-01-11T20:19:47.800+0200] {dagbag.py:538} INFO - Filling up the DagBag from /Users/angel.georgiev/VsCodeProjects/PythonExamples/.venv/lib/python3.10/site-packages/airflow/example_dags/example_setup_teardown_taskflow.py
[2024-01-11T20:19:47.892+0200] {processor.py:840} INFO - DAG(s) 'example_setup_teardown_taskflow' retrieved from /Users/angel.georgiev/VsCodeProjects/PythonExamples/.venv/lib/python3.10/site-packages/airflow/example_dags/example_setup_teardown_taskflow.py
[2024-01-11T20:19:47.990+0200] {logging_mixin.py:188} INFO - [2024-01-11T20:19:47.989+0200] {dag.py:3033} INFO - Sync 1 DAGs
[2024-01-11T20:19:48.004+0200] {logging_mixin.py:188} INFO - [2024-01-11T20:19:48.004+0200] {dag.py:3820} INFO - Setting next_dagrun for example_setup_teardown_taskflow to 2024-01-10T00:00:00+00:00, run_after=2024-01-11T00:00:00+00:00
[2024-01-11T20:19:48.023+0200] {processor.py:183} INFO - Processing /Users/angel.georgiev/VsCodeProjects/PythonExamples/.venv/lib/python3.10/site-packages/airflow/example_dags/example_setup_teardown_taskflow.py took 0.230 seconds
[2024-01-11T20:22:12.343+0200] {processor.py:161} INFO - Started process (PID=33807) to work on /Users/angel.georgiev/VsCodeProjects/PythonExamples/.venv/lib/python3.10/site-packages/airflow/example_dags/example_setup_teardown_taskflow.py
[2024-01-11T20:22:12.347+0200] {processor.py:830} INFO - Processing file /Users/angel.georgiev/VsCodeProjects/PythonExamples/.venv/lib/python3.10/site-packages/airflow/example_dags/example_setup_teardown_taskflow.py for tasks to queue
[2024-01-11T20:22:12.348+0200] {logging_mixin.py:188} INFO - [2024-01-11T20:22:12.348+0200] {dagbag.py:538} INFO - Filling up the DagBag from /Users/angel.georgiev/VsCodeProjects/PythonExamples/.venv/lib/python3.10/site-packages/airflow/example_dags/example_setup_teardown_taskflow.py
[2024-01-11T20:22:12.436+0200] {processor.py:840} INFO - DAG(s) 'example_setup_teardown_taskflow' retrieved from /Users/angel.georgiev/VsCodeProjects/PythonExamples/.venv/lib/python3.10/site-packages/airflow/example_dags/example_setup_teardown_taskflow.py
[2024-01-11T20:22:12.529+0200] {logging_mixin.py:188} INFO - [2024-01-11T20:22:12.529+0200] {dag.py:3033} INFO - Sync 1 DAGs
[2024-01-11T20:22:12.548+0200] {logging_mixin.py:188} INFO - [2024-01-11T20:22:12.548+0200] {dag.py:3820} INFO - Setting next_dagrun for example_setup_teardown_taskflow to 2024-01-10T00:00:00+00:00, run_after=2024-01-11T00:00:00+00:00
[2024-01-11T20:22:12.570+0200] {processor.py:183} INFO - Processing /Users/angel.georgiev/VsCodeProjects/PythonExamples/.venv/lib/python3.10/site-packages/airflow/example_dags/example_setup_teardown_taskflow.py took 0.228 seconds
[2024-01-11T20:24:41.517+0200] {processor.py:161} INFO - Started process (PID=34047) to work on /Users/angel.georgiev/VsCodeProjects/PythonExamples/.venv/lib/python3.10/site-packages/airflow/example_dags/example_setup_teardown_taskflow.py
[2024-01-11T20:24:41.523+0200] {processor.py:830} INFO - Processing file /Users/angel.georgiev/VsCodeProjects/PythonExamples/.venv/lib/python3.10/site-packages/airflow/example_dags/example_setup_teardown_taskflow.py for tasks to queue
[2024-01-11T20:24:41.524+0200] {logging_mixin.py:188} INFO - [2024-01-11T20:24:41.524+0200] {dagbag.py:538} INFO - Filling up the DagBag from /Users/angel.georgiev/VsCodeProjects/PythonExamples/.venv/lib/python3.10/site-packages/airflow/example_dags/example_setup_teardown_taskflow.py
[2024-01-11T20:24:41.620+0200] {processor.py:840} INFO - DAG(s) 'example_setup_teardown_taskflow' retrieved from /Users/angel.georgiev/VsCodeProjects/PythonExamples/.venv/lib/python3.10/site-packages/airflow/example_dags/example_setup_teardown_taskflow.py
[2024-01-11T20:24:41.739+0200] {logging_mixin.py:188} INFO - [2024-01-11T20:24:41.739+0200] {dag.py:3033} INFO - Sync 1 DAGs
[2024-01-11T20:24:41.757+0200] {logging_mixin.py:188} INFO - [2024-01-11T20:24:41.757+0200] {dag.py:3820} INFO - Setting next_dagrun for example_setup_teardown_taskflow to 2024-01-10T00:00:00+00:00, run_after=2024-01-11T00:00:00+00:00
[2024-01-11T20:24:41.781+0200] {processor.py:183} INFO - Processing /Users/angel.georgiev/VsCodeProjects/PythonExamples/.venv/lib/python3.10/site-packages/airflow/example_dags/example_setup_teardown_taskflow.py took 0.265 seconds
[2024-01-11T20:27:04.159+0200] {processor.py:161} INFO - Started process (PID=34140) to work on /Users/angel.georgiev/VsCodeProjects/PythonExamples/.venv/lib/python3.10/site-packages/airflow/example_dags/example_setup_teardown_taskflow.py
[2024-01-11T20:27:04.175+0200] {processor.py:830} INFO - Processing file /Users/angel.georgiev/VsCodeProjects/PythonExamples/.venv/lib/python3.10/site-packages/airflow/example_dags/example_setup_teardown_taskflow.py for tasks to queue
[2024-01-11T20:27:04.179+0200] {logging_mixin.py:188} INFO - [2024-01-11T20:27:04.178+0200] {dagbag.py:538} INFO - Filling up the DagBag from /Users/angel.georgiev/VsCodeProjects/PythonExamples/.venv/lib/python3.10/site-packages/airflow/example_dags/example_setup_teardown_taskflow.py
[2024-01-11T20:27:04.378+0200] {processor.py:840} INFO - DAG(s) 'example_setup_teardown_taskflow' retrieved from /Users/angel.georgiev/VsCodeProjects/PythonExamples/.venv/lib/python3.10/site-packages/airflow/example_dags/example_setup_teardown_taskflow.py
[2024-01-11T20:27:04.524+0200] {logging_mixin.py:188} INFO - [2024-01-11T20:27:04.524+0200] {dag.py:3033} INFO - Sync 1 DAGs
[2024-01-11T20:27:04.554+0200] {logging_mixin.py:188} INFO - [2024-01-11T20:27:04.554+0200] {dag.py:3820} INFO - Setting next_dagrun for example_setup_teardown_taskflow to 2024-01-10T00:00:00+00:00, run_after=2024-01-11T00:00:00+00:00
[2024-01-11T20:27:04.595+0200] {processor.py:183} INFO - Processing /Users/angel.georgiev/VsCodeProjects/PythonExamples/.venv/lib/python3.10/site-packages/airflow/example_dags/example_setup_teardown_taskflow.py took 0.448 seconds
[2024-01-11T20:29:27.819+0200] {processor.py:161} INFO - Started process (PID=34335) to work on /Users/angel.georgiev/VsCodeProjects/PythonExamples/.venv/lib/python3.10/site-packages/airflow/example_dags/example_setup_teardown_taskflow.py
[2024-01-11T20:29:27.824+0200] {processor.py:830} INFO - Processing file /Users/angel.georgiev/VsCodeProjects/PythonExamples/.venv/lib/python3.10/site-packages/airflow/example_dags/example_setup_teardown_taskflow.py for tasks to queue
[2024-01-11T20:29:27.825+0200] {logging_mixin.py:188} INFO - [2024-01-11T20:29:27.825+0200] {dagbag.py:538} INFO - Filling up the DagBag from /Users/angel.georgiev/VsCodeProjects/PythonExamples/.venv/lib/python3.10/site-packages/airflow/example_dags/example_setup_teardown_taskflow.py
[2024-01-11T20:29:27.917+0200] {processor.py:840} INFO - DAG(s) 'example_setup_teardown_taskflow' retrieved from /Users/angel.georgiev/VsCodeProjects/PythonExamples/.venv/lib/python3.10/site-packages/airflow/example_dags/example_setup_teardown_taskflow.py
[2024-01-11T20:29:28.017+0200] {logging_mixin.py:188} INFO - [2024-01-11T20:29:28.017+0200] {dag.py:3033} INFO - Sync 1 DAGs
[2024-01-11T20:29:28.032+0200] {logging_mixin.py:188} INFO - [2024-01-11T20:29:28.032+0200] {dag.py:3820} INFO - Setting next_dagrun for example_setup_teardown_taskflow to 2024-01-10T00:00:00+00:00, run_after=2024-01-11T00:00:00+00:00
[2024-01-11T20:29:28.063+0200] {processor.py:183} INFO - Processing /Users/angel.georgiev/VsCodeProjects/PythonExamples/.venv/lib/python3.10/site-packages/airflow/example_dags/example_setup_teardown_taskflow.py took 0.245 seconds
[2024-01-11T20:32:06.309+0200] {processor.py:161} INFO - Started process (PID=34464) to work on /Users/angel.georgiev/VsCodeProjects/PythonExamples/.venv/lib/python3.10/site-packages/airflow/example_dags/example_setup_teardown_taskflow.py
[2024-01-11T20:32:06.315+0200] {processor.py:830} INFO - Processing file /Users/angel.georgiev/VsCodeProjects/PythonExamples/.venv/lib/python3.10/site-packages/airflow/example_dags/example_setup_teardown_taskflow.py for tasks to queue
[2024-01-11T20:32:06.316+0200] {logging_mixin.py:188} INFO - [2024-01-11T20:32:06.315+0200] {dagbag.py:538} INFO - Filling up the DagBag from /Users/angel.georgiev/VsCodeProjects/PythonExamples/.venv/lib/python3.10/site-packages/airflow/example_dags/example_setup_teardown_taskflow.py
[2024-01-11T20:32:06.418+0200] {processor.py:840} INFO - DAG(s) 'example_setup_teardown_taskflow' retrieved from /Users/angel.georgiev/VsCodeProjects/PythonExamples/.venv/lib/python3.10/site-packages/airflow/example_dags/example_setup_teardown_taskflow.py
[2024-01-11T20:32:06.525+0200] {logging_mixin.py:188} INFO - [2024-01-11T20:32:06.525+0200] {dag.py:3033} INFO - Sync 1 DAGs
[2024-01-11T20:32:06.542+0200] {logging_mixin.py:188} INFO - [2024-01-11T20:32:06.542+0200] {dag.py:3820} INFO - Setting next_dagrun for example_setup_teardown_taskflow to 2024-01-10T00:00:00+00:00, run_after=2024-01-11T00:00:00+00:00
[2024-01-11T20:32:06.564+0200] {processor.py:183} INFO - Processing /Users/angel.georgiev/VsCodeProjects/PythonExamples/.venv/lib/python3.10/site-packages/airflow/example_dags/example_setup_teardown_taskflow.py took 0.256 seconds
[2024-01-11T20:34:59.366+0200] {processor.py:161} INFO - Started process (PID=34605) to work on /Users/angel.georgiev/VsCodeProjects/PythonExamples/.venv/lib/python3.10/site-packages/airflow/example_dags/example_setup_teardown_taskflow.py
[2024-01-11T20:34:59.371+0200] {processor.py:830} INFO - Processing file /Users/angel.georgiev/VsCodeProjects/PythonExamples/.venv/lib/python3.10/site-packages/airflow/example_dags/example_setup_teardown_taskflow.py for tasks to queue
[2024-01-11T20:34:59.372+0200] {logging_mixin.py:188} INFO - [2024-01-11T20:34:59.372+0200] {dagbag.py:538} INFO - Filling up the DagBag from /Users/angel.georgiev/VsCodeProjects/PythonExamples/.venv/lib/python3.10/site-packages/airflow/example_dags/example_setup_teardown_taskflow.py
[2024-01-11T20:34:59.467+0200] {processor.py:840} INFO - DAG(s) 'example_setup_teardown_taskflow' retrieved from /Users/angel.georgiev/VsCodeProjects/PythonExamples/.venv/lib/python3.10/site-packages/airflow/example_dags/example_setup_teardown_taskflow.py
[2024-01-11T20:34:59.576+0200] {logging_mixin.py:188} INFO - [2024-01-11T20:34:59.576+0200] {dag.py:3033} INFO - Sync 1 DAGs
[2024-01-11T20:34:59.592+0200] {logging_mixin.py:188} INFO - [2024-01-11T20:34:59.592+0200] {dag.py:3820} INFO - Setting next_dagrun for example_setup_teardown_taskflow to 2024-01-10T00:00:00+00:00, run_after=2024-01-11T00:00:00+00:00
[2024-01-11T20:34:59.612+0200] {processor.py:183} INFO - Processing /Users/angel.georgiev/VsCodeProjects/PythonExamples/.venv/lib/python3.10/site-packages/airflow/example_dags/example_setup_teardown_taskflow.py took 0.247 seconds
[2024-01-11T20:38:06.024+0200] {processor.py:161} INFO - Started process (PID=34888) to work on /Users/angel.georgiev/VsCodeProjects/PythonExamples/.venv/lib/python3.10/site-packages/airflow/example_dags/example_setup_teardown_taskflow.py
[2024-01-11T20:38:06.034+0200] {processor.py:830} INFO - Processing file /Users/angel.georgiev/VsCodeProjects/PythonExamples/.venv/lib/python3.10/site-packages/airflow/example_dags/example_setup_teardown_taskflow.py for tasks to queue
[2024-01-11T20:38:06.035+0200] {logging_mixin.py:188} INFO - [2024-01-11T20:38:06.035+0200] {dagbag.py:538} INFO - Filling up the DagBag from /Users/angel.georgiev/VsCodeProjects/PythonExamples/.venv/lib/python3.10/site-packages/airflow/example_dags/example_setup_teardown_taskflow.py
[2024-01-11T20:38:06.233+0200] {processor.py:840} INFO - DAG(s) 'example_setup_teardown_taskflow' retrieved from /Users/angel.georgiev/VsCodeProjects/PythonExamples/.venv/lib/python3.10/site-packages/airflow/example_dags/example_setup_teardown_taskflow.py
[2024-01-11T20:38:06.533+0200] {logging_mixin.py:188} INFO - [2024-01-11T20:38:06.532+0200] {dag.py:3033} INFO - Sync 1 DAGs
[2024-01-11T20:38:06.556+0200] {logging_mixin.py:188} INFO - [2024-01-11T20:38:06.556+0200] {dag.py:3820} INFO - Setting next_dagrun for example_setup_teardown_taskflow to 2024-01-10T00:00:00+00:00, run_after=2024-01-11T00:00:00+00:00
[2024-01-11T20:38:06.584+0200] {processor.py:183} INFO - Processing /Users/angel.georgiev/VsCodeProjects/PythonExamples/.venv/lib/python3.10/site-packages/airflow/example_dags/example_setup_teardown_taskflow.py took 0.561 seconds
[2024-01-11T20:41:32.212+0200] {processor.py:161} INFO - Started process (PID=35168) to work on /Users/angel.georgiev/VsCodeProjects/PythonExamples/.venv/lib/python3.10/site-packages/airflow/example_dags/example_setup_teardown_taskflow.py
[2024-01-11T20:41:32.219+0200] {processor.py:830} INFO - Processing file /Users/angel.georgiev/VsCodeProjects/PythonExamples/.venv/lib/python3.10/site-packages/airflow/example_dags/example_setup_teardown_taskflow.py for tasks to queue
[2024-01-11T20:41:32.220+0200] {logging_mixin.py:188} INFO - [2024-01-11T20:41:32.219+0200] {dagbag.py:538} INFO - Filling up the DagBag from /Users/angel.georgiev/VsCodeProjects/PythonExamples/.venv/lib/python3.10/site-packages/airflow/example_dags/example_setup_teardown_taskflow.py
[2024-01-11T20:41:32.322+0200] {processor.py:840} INFO - DAG(s) 'example_setup_teardown_taskflow' retrieved from /Users/angel.georgiev/VsCodeProjects/PythonExamples/.venv/lib/python3.10/site-packages/airflow/example_dags/example_setup_teardown_taskflow.py
[2024-01-11T20:41:32.459+0200] {logging_mixin.py:188} INFO - [2024-01-11T20:41:32.458+0200] {dag.py:3033} INFO - Sync 1 DAGs
[2024-01-11T20:41:32.479+0200] {logging_mixin.py:188} INFO - [2024-01-11T20:41:32.478+0200] {dag.py:3820} INFO - Setting next_dagrun for example_setup_teardown_taskflow to 2024-01-10T00:00:00+00:00, run_after=2024-01-11T00:00:00+00:00
[2024-01-11T20:41:32.502+0200] {processor.py:183} INFO - Processing /Users/angel.georgiev/VsCodeProjects/PythonExamples/.venv/lib/python3.10/site-packages/airflow/example_dags/example_setup_teardown_taskflow.py took 0.291 seconds
[2024-01-11T20:44:13.547+0200] {processor.py:161} INFO - Started process (PID=35334) to work on /Users/angel.georgiev/VsCodeProjects/PythonExamples/.venv/lib/python3.10/site-packages/airflow/example_dags/example_setup_teardown_taskflow.py
[2024-01-11T20:44:13.551+0200] {processor.py:830} INFO - Processing file /Users/angel.georgiev/VsCodeProjects/PythonExamples/.venv/lib/python3.10/site-packages/airflow/example_dags/example_setup_teardown_taskflow.py for tasks to queue
[2024-01-11T20:44:13.552+0200] {logging_mixin.py:188} INFO - [2024-01-11T20:44:13.552+0200] {dagbag.py:538} INFO - Filling up the DagBag from /Users/angel.georgiev/VsCodeProjects/PythonExamples/.venv/lib/python3.10/site-packages/airflow/example_dags/example_setup_teardown_taskflow.py
[2024-01-11T20:44:13.647+0200] {processor.py:840} INFO - DAG(s) 'example_setup_teardown_taskflow' retrieved from /Users/angel.georgiev/VsCodeProjects/PythonExamples/.venv/lib/python3.10/site-packages/airflow/example_dags/example_setup_teardown_taskflow.py
[2024-01-11T20:44:13.743+0200] {logging_mixin.py:188} INFO - [2024-01-11T20:44:13.743+0200] {dag.py:3033} INFO - Sync 1 DAGs
[2024-01-11T20:44:13.757+0200] {logging_mixin.py:188} INFO - [2024-01-11T20:44:13.757+0200] {dag.py:3820} INFO - Setting next_dagrun for example_setup_teardown_taskflow to 2024-01-10T00:00:00+00:00, run_after=2024-01-11T00:00:00+00:00
[2024-01-11T20:44:13.775+0200] {processor.py:183} INFO - Processing /Users/angel.georgiev/VsCodeProjects/PythonExamples/.venv/lib/python3.10/site-packages/airflow/example_dags/example_setup_teardown_taskflow.py took 0.230 seconds
[2024-01-11T20:46:18.223+0200] {processor.py:161} INFO - Started process (PID=35414) to work on /Users/angel.georgiev/VsCodeProjects/PythonExamples/.venv/lib/python3.10/site-packages/airflow/example_dags/example_setup_teardown_taskflow.py
[2024-01-11T20:46:18.230+0200] {processor.py:830} INFO - Processing file /Users/angel.georgiev/VsCodeProjects/PythonExamples/.venv/lib/python3.10/site-packages/airflow/example_dags/example_setup_teardown_taskflow.py for tasks to queue
[2024-01-11T20:46:18.231+0200] {logging_mixin.py:188} INFO - [2024-01-11T20:46:18.231+0200] {dagbag.py:538} INFO - Filling up the DagBag from /Users/angel.georgiev/VsCodeProjects/PythonExamples/.venv/lib/python3.10/site-packages/airflow/example_dags/example_setup_teardown_taskflow.py
[2024-01-11T20:46:18.364+0200] {processor.py:840} INFO - DAG(s) 'example_setup_teardown_taskflow' retrieved from /Users/angel.georgiev/VsCodeProjects/PythonExamples/.venv/lib/python3.10/site-packages/airflow/example_dags/example_setup_teardown_taskflow.py
[2024-01-11T20:46:18.463+0200] {logging_mixin.py:188} INFO - [2024-01-11T20:46:18.463+0200] {dag.py:3033} INFO - Sync 1 DAGs
[2024-01-11T20:46:18.478+0200] {logging_mixin.py:188} INFO - [2024-01-11T20:46:18.477+0200] {dag.py:3820} INFO - Setting next_dagrun for example_setup_teardown_taskflow to 2024-01-10T00:00:00+00:00, run_after=2024-01-11T00:00:00+00:00
[2024-01-11T20:46:18.496+0200] {processor.py:183} INFO - Processing /Users/angel.georgiev/VsCodeProjects/PythonExamples/.venv/lib/python3.10/site-packages/airflow/example_dags/example_setup_teardown_taskflow.py took 0.274 seconds
[2024-01-11T20:48:16.935+0200] {processor.py:161} INFO - Started process (PID=35497) to work on /Users/angel.georgiev/VsCodeProjects/PythonExamples/.venv/lib/python3.10/site-packages/airflow/example_dags/example_setup_teardown_taskflow.py
[2024-01-11T20:48:16.941+0200] {processor.py:830} INFO - Processing file /Users/angel.georgiev/VsCodeProjects/PythonExamples/.venv/lib/python3.10/site-packages/airflow/example_dags/example_setup_teardown_taskflow.py for tasks to queue
[2024-01-11T20:48:16.941+0200] {logging_mixin.py:188} INFO - [2024-01-11T20:48:16.941+0200] {dagbag.py:538} INFO - Filling up the DagBag from /Users/angel.georgiev/VsCodeProjects/PythonExamples/.venv/lib/python3.10/site-packages/airflow/example_dags/example_setup_teardown_taskflow.py
[2024-01-11T20:48:17.029+0200] {processor.py:840} INFO - DAG(s) 'example_setup_teardown_taskflow' retrieved from /Users/angel.georgiev/VsCodeProjects/PythonExamples/.venv/lib/python3.10/site-packages/airflow/example_dags/example_setup_teardown_taskflow.py
[2024-01-11T20:48:17.119+0200] {logging_mixin.py:188} INFO - [2024-01-11T20:48:17.119+0200] {dag.py:3033} INFO - Sync 1 DAGs
[2024-01-11T20:48:17.133+0200] {logging_mixin.py:188} INFO - [2024-01-11T20:48:17.133+0200] {dag.py:3820} INFO - Setting next_dagrun for example_setup_teardown_taskflow to 2024-01-10T00:00:00+00:00, run_after=2024-01-11T00:00:00+00:00
[2024-01-11T20:48:17.152+0200] {processor.py:183} INFO - Processing /Users/angel.georgiev/VsCodeProjects/PythonExamples/.venv/lib/python3.10/site-packages/airflow/example_dags/example_setup_teardown_taskflow.py took 0.218 seconds
[2024-01-11T20:50:10.232+0200] {processor.py:161} INFO - Started process (PID=35677) to work on /Users/angel.georgiev/VsCodeProjects/PythonExamples/.venv/lib/python3.10/site-packages/airflow/example_dags/example_setup_teardown_taskflow.py
[2024-01-11T20:50:10.237+0200] {processor.py:830} INFO - Processing file /Users/angel.georgiev/VsCodeProjects/PythonExamples/.venv/lib/python3.10/site-packages/airflow/example_dags/example_setup_teardown_taskflow.py for tasks to queue
[2024-01-11T20:50:10.238+0200] {logging_mixin.py:188} INFO - [2024-01-11T20:50:10.238+0200] {dagbag.py:538} INFO - Filling up the DagBag from /Users/angel.georgiev/VsCodeProjects/PythonExamples/.venv/lib/python3.10/site-packages/airflow/example_dags/example_setup_teardown_taskflow.py
[2024-01-11T20:50:10.324+0200] {processor.py:840} INFO - DAG(s) 'example_setup_teardown_taskflow' retrieved from /Users/angel.georgiev/VsCodeProjects/PythonExamples/.venv/lib/python3.10/site-packages/airflow/example_dags/example_setup_teardown_taskflow.py
[2024-01-11T20:50:10.413+0200] {logging_mixin.py:188} INFO - [2024-01-11T20:50:10.413+0200] {dag.py:3033} INFO - Sync 1 DAGs
[2024-01-11T20:50:10.426+0200] {logging_mixin.py:188} INFO - [2024-01-11T20:50:10.425+0200] {dag.py:3820} INFO - Setting next_dagrun for example_setup_teardown_taskflow to 2024-01-10T00:00:00+00:00, run_after=2024-01-11T00:00:00+00:00
[2024-01-11T20:50:10.443+0200] {processor.py:183} INFO - Processing /Users/angel.georgiev/VsCodeProjects/PythonExamples/.venv/lib/python3.10/site-packages/airflow/example_dags/example_setup_teardown_taskflow.py took 0.212 seconds
[2024-01-11T20:52:05.131+0200] {processor.py:161} INFO - Started process (PID=35763) to work on /Users/angel.georgiev/VsCodeProjects/PythonExamples/.venv/lib/python3.10/site-packages/airflow/example_dags/example_setup_teardown_taskflow.py
[2024-01-11T20:52:05.135+0200] {processor.py:830} INFO - Processing file /Users/angel.georgiev/VsCodeProjects/PythonExamples/.venv/lib/python3.10/site-packages/airflow/example_dags/example_setup_teardown_taskflow.py for tasks to queue
[2024-01-11T20:52:05.136+0200] {logging_mixin.py:188} INFO - [2024-01-11T20:52:05.136+0200] {dagbag.py:538} INFO - Filling up the DagBag from /Users/angel.georgiev/VsCodeProjects/PythonExamples/.venv/lib/python3.10/site-packages/airflow/example_dags/example_setup_teardown_taskflow.py
[2024-01-11T20:52:05.221+0200] {processor.py:840} INFO - DAG(s) 'example_setup_teardown_taskflow' retrieved from /Users/angel.georgiev/VsCodeProjects/PythonExamples/.venv/lib/python3.10/site-packages/airflow/example_dags/example_setup_teardown_taskflow.py
[2024-01-11T20:52:05.313+0200] {logging_mixin.py:188} INFO - [2024-01-11T20:52:05.313+0200] {dag.py:3033} INFO - Sync 1 DAGs
[2024-01-11T20:52:05.326+0200] {logging_mixin.py:188} INFO - [2024-01-11T20:52:05.326+0200] {dag.py:3820} INFO - Setting next_dagrun for example_setup_teardown_taskflow to 2024-01-10T00:00:00+00:00, run_after=2024-01-11T00:00:00+00:00
[2024-01-11T20:52:05.343+0200] {processor.py:183} INFO - Processing /Users/angel.georgiev/VsCodeProjects/PythonExamples/.venv/lib/python3.10/site-packages/airflow/example_dags/example_setup_teardown_taskflow.py took 0.213 seconds
[2024-01-11T20:54:10.825+0200] {processor.py:161} INFO - Started process (PID=35893) to work on /Users/angel.georgiev/VsCodeProjects/PythonExamples/.venv/lib/python3.10/site-packages/airflow/example_dags/example_setup_teardown_taskflow.py
[2024-01-11T20:54:10.830+0200] {processor.py:830} INFO - Processing file /Users/angel.georgiev/VsCodeProjects/PythonExamples/.venv/lib/python3.10/site-packages/airflow/example_dags/example_setup_teardown_taskflow.py for tasks to queue
[2024-01-11T20:54:10.831+0200] {logging_mixin.py:188} INFO - [2024-01-11T20:54:10.831+0200] {dagbag.py:538} INFO - Filling up the DagBag from /Users/angel.georgiev/VsCodeProjects/PythonExamples/.venv/lib/python3.10/site-packages/airflow/example_dags/example_setup_teardown_taskflow.py
[2024-01-11T20:54:10.925+0200] {processor.py:840} INFO - DAG(s) 'example_setup_teardown_taskflow' retrieved from /Users/angel.georgiev/VsCodeProjects/PythonExamples/.venv/lib/python3.10/site-packages/airflow/example_dags/example_setup_teardown_taskflow.py
[2024-01-11T20:54:11.018+0200] {logging_mixin.py:188} INFO - [2024-01-11T20:54:11.017+0200] {dag.py:3033} INFO - Sync 1 DAGs
[2024-01-11T20:54:11.032+0200] {logging_mixin.py:188} INFO - [2024-01-11T20:54:11.031+0200] {dag.py:3820} INFO - Setting next_dagrun for example_setup_teardown_taskflow to 2024-01-10T00:00:00+00:00, run_after=2024-01-11T00:00:00+00:00
[2024-01-11T20:54:11.050+0200] {processor.py:183} INFO - Processing /Users/angel.georgiev/VsCodeProjects/PythonExamples/.venv/lib/python3.10/site-packages/airflow/example_dags/example_setup_teardown_taskflow.py took 0.227 seconds
[2024-01-11T20:56:26.078+0200] {processor.py:161} INFO - Started process (PID=36081) to work on /Users/angel.georgiev/VsCodeProjects/PythonExamples/.venv/lib/python3.10/site-packages/airflow/example_dags/example_setup_teardown_taskflow.py
[2024-01-11T20:56:26.083+0200] {processor.py:830} INFO - Processing file /Users/angel.georgiev/VsCodeProjects/PythonExamples/.venv/lib/python3.10/site-packages/airflow/example_dags/example_setup_teardown_taskflow.py for tasks to queue
[2024-01-11T20:56:26.084+0200] {logging_mixin.py:188} INFO - [2024-01-11T20:56:26.084+0200] {dagbag.py:538} INFO - Filling up the DagBag from /Users/angel.georgiev/VsCodeProjects/PythonExamples/.venv/lib/python3.10/site-packages/airflow/example_dags/example_setup_teardown_taskflow.py
[2024-01-11T20:56:26.190+0200] {processor.py:840} INFO - DAG(s) 'example_setup_teardown_taskflow' retrieved from /Users/angel.georgiev/VsCodeProjects/PythonExamples/.venv/lib/python3.10/site-packages/airflow/example_dags/example_setup_teardown_taskflow.py
[2024-01-11T20:56:26.304+0200] {logging_mixin.py:188} INFO - [2024-01-11T20:56:26.303+0200] {dag.py:3033} INFO - Sync 1 DAGs
[2024-01-11T20:56:26.320+0200] {logging_mixin.py:188} INFO - [2024-01-11T20:56:26.320+0200] {dag.py:3820} INFO - Setting next_dagrun for example_setup_teardown_taskflow to 2024-01-10T00:00:00+00:00, run_after=2024-01-11T00:00:00+00:00
[2024-01-11T20:56:26.344+0200] {processor.py:183} INFO - Processing /Users/angel.georgiev/VsCodeProjects/PythonExamples/.venv/lib/python3.10/site-packages/airflow/example_dags/example_setup_teardown_taskflow.py took 0.267 seconds
[2024-01-11T20:58:48.869+0200] {processor.py:161} INFO - Started process (PID=36185) to work on /Users/angel.georgiev/VsCodeProjects/PythonExamples/.venv/lib/python3.10/site-packages/airflow/example_dags/example_setup_teardown_taskflow.py
[2024-01-11T20:58:48.873+0200] {processor.py:830} INFO - Processing file /Users/angel.georgiev/VsCodeProjects/PythonExamples/.venv/lib/python3.10/site-packages/airflow/example_dags/example_setup_teardown_taskflow.py for tasks to queue
[2024-01-11T20:58:48.874+0200] {logging_mixin.py:188} INFO - [2024-01-11T20:58:48.874+0200] {dagbag.py:538} INFO - Filling up the DagBag from /Users/angel.georgiev/VsCodeProjects/PythonExamples/.venv/lib/python3.10/site-packages/airflow/example_dags/example_setup_teardown_taskflow.py
[2024-01-11T20:58:48.966+0200] {processor.py:840} INFO - DAG(s) 'example_setup_teardown_taskflow' retrieved from /Users/angel.georgiev/VsCodeProjects/PythonExamples/.venv/lib/python3.10/site-packages/airflow/example_dags/example_setup_teardown_taskflow.py
[2024-01-11T20:58:49.063+0200] {logging_mixin.py:188} INFO - [2024-01-11T20:58:49.062+0200] {dag.py:3033} INFO - Sync 1 DAGs
[2024-01-11T20:58:49.077+0200] {logging_mixin.py:188} INFO - [2024-01-11T20:58:49.077+0200] {dag.py:3820} INFO - Setting next_dagrun for example_setup_teardown_taskflow to 2024-01-10T00:00:00+00:00, run_after=2024-01-11T00:00:00+00:00
[2024-01-11T20:58:49.095+0200] {processor.py:183} INFO - Processing /Users/angel.georgiev/VsCodeProjects/PythonExamples/.venv/lib/python3.10/site-packages/airflow/example_dags/example_setup_teardown_taskflow.py took 0.227 seconds
