[2024-01-11T20:12:36.265+0200] {processor.py:161} INFO - Started process (PID=33104) to work on /Users/angel.georgiev/VsCodeProjects/PythonExamples/.venv/lib/python3.10/site-packages/airflow/example_dags/example_xcomargs.py
[2024-01-11T20:12:36.277+0200] {processor.py:830} INFO - Processing file /Users/angel.georgiev/VsCodeProjects/PythonExamples/.venv/lib/python3.10/site-packages/airflow/example_dags/example_xcomargs.py for tasks to queue
[2024-01-11T20:12:36.278+0200] {logging_mixin.py:188} INFO - [2024-01-11T20:12:36.278+0200] {dagbag.py:538} INFO - Filling up the DagBag from /Users/angel.georgiev/VsCodeProjects/PythonExamples/.venv/lib/python3.10/site-packages/airflow/example_dags/example_xcomargs.py
[2024-01-11T20:12:36.447+0200] {processor.py:840} INFO - DAG(s) 'example_xcom_args', 'example_xcom_args_with_operators' retrieved from /Users/angel.georgiev/VsCodeProjects/PythonExamples/.venv/lib/python3.10/site-packages/airflow/example_dags/example_xcomargs.py
[2024-01-11T20:12:37.114+0200] {logging_mixin.py:188} INFO - [2024-01-11T20:12:37.114+0200] {dag.py:3033} INFO - Sync 2 DAGs
[2024-01-11T20:12:37.125+0200] {logging_mixin.py:188} INFO - [2024-01-11T20:12:37.124+0200] {dag.py:3820} INFO - Setting next_dagrun for example_xcom_args to None, run_after=None
[2024-01-11T20:12:37.127+0200] {logging_mixin.py:188} INFO - [2024-01-11T20:12:37.127+0200] {dag.py:3820} INFO - Setting next_dagrun for example_xcom_args_with_operators to None, run_after=None
[2024-01-11T20:12:37.149+0200] {processor.py:183} INFO - Processing /Users/angel.georgiev/VsCodeProjects/PythonExamples/.venv/lib/python3.10/site-packages/airflow/example_dags/example_xcomargs.py took 0.886 seconds
[2024-01-11T20:13:38.957+0200] {processor.py:161} INFO - Started process (PID=33210) to work on /Users/angel.georgiev/VsCodeProjects/PythonExamples/.venv/lib/python3.10/site-packages/airflow/example_dags/example_xcomargs.py
[2024-01-11T20:13:38.963+0200] {processor.py:830} INFO - Processing file /Users/angel.georgiev/VsCodeProjects/PythonExamples/.venv/lib/python3.10/site-packages/airflow/example_dags/example_xcomargs.py for tasks to queue
[2024-01-11T20:13:38.964+0200] {logging_mixin.py:188} INFO - [2024-01-11T20:13:38.964+0200] {dagbag.py:538} INFO - Filling up the DagBag from /Users/angel.georgiev/VsCodeProjects/PythonExamples/.venv/lib/python3.10/site-packages/airflow/example_dags/example_xcomargs.py
[2024-01-11T20:13:39.061+0200] {processor.py:840} INFO - DAG(s) 'example_xcom_args_with_operators', 'example_xcom_args' retrieved from /Users/angel.georgiev/VsCodeProjects/PythonExamples/.venv/lib/python3.10/site-packages/airflow/example_dags/example_xcomargs.py
[2024-01-11T20:13:39.413+0200] {logging_mixin.py:188} INFO - [2024-01-11T20:13:39.413+0200] {dag.py:3033} INFO - Sync 2 DAGs
[2024-01-11T20:13:39.425+0200] {logging_mixin.py:188} INFO - [2024-01-11T20:13:39.425+0200] {dag.py:3820} INFO - Setting next_dagrun for example_xcom_args to None, run_after=None
[2024-01-11T20:13:39.430+0200] {logging_mixin.py:188} INFO - [2024-01-11T20:13:39.429+0200] {dag.py:3820} INFO - Setting next_dagrun for example_xcom_args_with_operators to None, run_after=None
[2024-01-11T20:13:39.451+0200] {processor.py:183} INFO - Processing /Users/angel.georgiev/VsCodeProjects/PythonExamples/.venv/lib/python3.10/site-packages/airflow/example_dags/example_xcomargs.py took 0.496 seconds
[2024-01-11T20:16:43.884+0200] {processor.py:161} INFO - Started process (PID=33475) to work on /Users/angel.georgiev/VsCodeProjects/PythonExamples/.venv/lib/python3.10/site-packages/airflow/example_dags/example_xcomargs.py
[2024-01-11T20:16:43.889+0200] {processor.py:830} INFO - Processing file /Users/angel.georgiev/VsCodeProjects/PythonExamples/.venv/lib/python3.10/site-packages/airflow/example_dags/example_xcomargs.py for tasks to queue
[2024-01-11T20:16:43.889+0200] {logging_mixin.py:188} INFO - [2024-01-11T20:16:43.889+0200] {dagbag.py:538} INFO - Filling up the DagBag from /Users/angel.georgiev/VsCodeProjects/PythonExamples/.venv/lib/python3.10/site-packages/airflow/example_dags/example_xcomargs.py
[2024-01-11T20:16:43.982+0200] {processor.py:840} INFO - DAG(s) 'example_xcom_args_with_operators', 'example_xcom_args' retrieved from /Users/angel.georgiev/VsCodeProjects/PythonExamples/.venv/lib/python3.10/site-packages/airflow/example_dags/example_xcomargs.py
[2024-01-11T20:16:44.077+0200] {logging_mixin.py:188} INFO - [2024-01-11T20:16:44.077+0200] {dag.py:3033} INFO - Sync 2 DAGs
[2024-01-11T20:16:44.085+0200] {logging_mixin.py:188} INFO - [2024-01-11T20:16:44.085+0200] {dag.py:3820} INFO - Setting next_dagrun for example_xcom_args to None, run_after=None
[2024-01-11T20:16:44.087+0200] {logging_mixin.py:188} INFO - [2024-01-11T20:16:44.087+0200] {dag.py:3820} INFO - Setting next_dagrun for example_xcom_args_with_operators to None, run_after=None
[2024-01-11T20:16:44.103+0200] {processor.py:183} INFO - Processing /Users/angel.georgiev/VsCodeProjects/PythonExamples/.venv/lib/python3.10/site-packages/airflow/example_dags/example_xcomargs.py took 0.220 seconds
[2024-01-11T20:19:09.345+0200] {processor.py:161} INFO - Started process (PID=33591) to work on /Users/angel.georgiev/VsCodeProjects/PythonExamples/.venv/lib/python3.10/site-packages/airflow/example_dags/example_xcomargs.py
[2024-01-11T20:19:09.350+0200] {processor.py:830} INFO - Processing file /Users/angel.georgiev/VsCodeProjects/PythonExamples/.venv/lib/python3.10/site-packages/airflow/example_dags/example_xcomargs.py for tasks to queue
[2024-01-11T20:19:09.351+0200] {logging_mixin.py:188} INFO - [2024-01-11T20:19:09.351+0200] {dagbag.py:538} INFO - Filling up the DagBag from /Users/angel.georgiev/VsCodeProjects/PythonExamples/.venv/lib/python3.10/site-packages/airflow/example_dags/example_xcomargs.py
[2024-01-11T20:19:09.469+0200] {processor.py:840} INFO - DAG(s) 'example_xcom_args', 'example_xcom_args_with_operators' retrieved from /Users/angel.georgiev/VsCodeProjects/PythonExamples/.venv/lib/python3.10/site-packages/airflow/example_dags/example_xcomargs.py
[2024-01-11T20:19:09.633+0200] {logging_mixin.py:188} INFO - [2024-01-11T20:19:09.632+0200] {dag.py:3033} INFO - Sync 2 DAGs
[2024-01-11T20:19:09.645+0200] {logging_mixin.py:188} INFO - [2024-01-11T20:19:09.645+0200] {dag.py:3820} INFO - Setting next_dagrun for example_xcom_args to None, run_after=None
[2024-01-11T20:19:09.648+0200] {logging_mixin.py:188} INFO - [2024-01-11T20:19:09.648+0200] {dag.py:3820} INFO - Setting next_dagrun for example_xcom_args_with_operators to None, run_after=None
[2024-01-11T20:19:09.671+0200] {processor.py:183} INFO - Processing /Users/angel.georgiev/VsCodeProjects/PythonExamples/.venv/lib/python3.10/site-packages/airflow/example_dags/example_xcomargs.py took 0.328 seconds
[2024-01-11T20:21:35.756+0200] {processor.py:161} INFO - Started process (PID=33780) to work on /Users/angel.georgiev/VsCodeProjects/PythonExamples/.venv/lib/python3.10/site-packages/airflow/example_dags/example_xcomargs.py
[2024-01-11T20:21:35.761+0200] {processor.py:830} INFO - Processing file /Users/angel.georgiev/VsCodeProjects/PythonExamples/.venv/lib/python3.10/site-packages/airflow/example_dags/example_xcomargs.py for tasks to queue
[2024-01-11T20:21:35.761+0200] {logging_mixin.py:188} INFO - [2024-01-11T20:21:35.761+0200] {dagbag.py:538} INFO - Filling up the DagBag from /Users/angel.georgiev/VsCodeProjects/PythonExamples/.venv/lib/python3.10/site-packages/airflow/example_dags/example_xcomargs.py
[2024-01-11T20:21:35.854+0200] {processor.py:840} INFO - DAG(s) 'example_xcom_args_with_operators', 'example_xcom_args' retrieved from /Users/angel.georgiev/VsCodeProjects/PythonExamples/.venv/lib/python3.10/site-packages/airflow/example_dags/example_xcomargs.py
[2024-01-11T20:21:35.955+0200] {logging_mixin.py:188} INFO - [2024-01-11T20:21:35.955+0200] {dag.py:3033} INFO - Sync 2 DAGs
[2024-01-11T20:21:35.963+0200] {logging_mixin.py:188} INFO - [2024-01-11T20:21:35.963+0200] {dag.py:3820} INFO - Setting next_dagrun for example_xcom_args to None, run_after=None
[2024-01-11T20:21:35.965+0200] {logging_mixin.py:188} INFO - [2024-01-11T20:21:35.965+0200] {dag.py:3820} INFO - Setting next_dagrun for example_xcom_args_with_operators to None, run_after=None
[2024-01-11T20:21:35.985+0200] {processor.py:183} INFO - Processing /Users/angel.georgiev/VsCodeProjects/PythonExamples/.venv/lib/python3.10/site-packages/airflow/example_dags/example_xcomargs.py took 0.230 seconds
[2024-01-11T20:23:49.987+0200] {processor.py:161} INFO - Started process (PID=33945) to work on /Users/angel.georgiev/VsCodeProjects/PythonExamples/.venv/lib/python3.10/site-packages/airflow/example_dags/example_xcomargs.py
[2024-01-11T20:23:49.992+0200] {processor.py:830} INFO - Processing file /Users/angel.georgiev/VsCodeProjects/PythonExamples/.venv/lib/python3.10/site-packages/airflow/example_dags/example_xcomargs.py for tasks to queue
[2024-01-11T20:23:49.993+0200] {logging_mixin.py:188} INFO - [2024-01-11T20:23:49.993+0200] {dagbag.py:538} INFO - Filling up the DagBag from /Users/angel.georgiev/VsCodeProjects/PythonExamples/.venv/lib/python3.10/site-packages/airflow/example_dags/example_xcomargs.py
[2024-01-11T20:23:50.086+0200] {processor.py:840} INFO - DAG(s) 'example_xcom_args', 'example_xcom_args_with_operators' retrieved from /Users/angel.georgiev/VsCodeProjects/PythonExamples/.venv/lib/python3.10/site-packages/airflow/example_dags/example_xcomargs.py
[2024-01-11T20:23:50.192+0200] {logging_mixin.py:188} INFO - [2024-01-11T20:23:50.192+0200] {dag.py:3033} INFO - Sync 2 DAGs
[2024-01-11T20:23:50.200+0200] {logging_mixin.py:188} INFO - [2024-01-11T20:23:50.200+0200] {dag.py:3820} INFO - Setting next_dagrun for example_xcom_args to None, run_after=None
[2024-01-11T20:23:50.202+0200] {logging_mixin.py:188} INFO - [2024-01-11T20:23:50.202+0200] {dag.py:3820} INFO - Setting next_dagrun for example_xcom_args_with_operators to None, run_after=None
[2024-01-11T20:23:50.219+0200] {processor.py:183} INFO - Processing /Users/angel.georgiev/VsCodeProjects/PythonExamples/.venv/lib/python3.10/site-packages/airflow/example_dags/example_xcomargs.py took 0.233 seconds
[2024-01-11T20:26:06.868+0200] {processor.py:161} INFO - Started process (PID=34099) to work on /Users/angel.georgiev/VsCodeProjects/PythonExamples/.venv/lib/python3.10/site-packages/airflow/example_dags/example_xcomargs.py
[2024-01-11T20:26:06.873+0200] {processor.py:830} INFO - Processing file /Users/angel.georgiev/VsCodeProjects/PythonExamples/.venv/lib/python3.10/site-packages/airflow/example_dags/example_xcomargs.py for tasks to queue
[2024-01-11T20:26:06.873+0200] {logging_mixin.py:188} INFO - [2024-01-11T20:26:06.873+0200] {dagbag.py:538} INFO - Filling up the DagBag from /Users/angel.georgiev/VsCodeProjects/PythonExamples/.venv/lib/python3.10/site-packages/airflow/example_dags/example_xcomargs.py
[2024-01-11T20:26:06.962+0200] {processor.py:840} INFO - DAG(s) 'example_xcom_args', 'example_xcom_args_with_operators' retrieved from /Users/angel.georgiev/VsCodeProjects/PythonExamples/.venv/lib/python3.10/site-packages/airflow/example_dags/example_xcomargs.py
[2024-01-11T20:26:07.082+0200] {logging_mixin.py:188} INFO - [2024-01-11T20:26:07.082+0200] {dag.py:3033} INFO - Sync 2 DAGs
[2024-01-11T20:26:07.090+0200] {logging_mixin.py:188} INFO - [2024-01-11T20:26:07.090+0200] {dag.py:3820} INFO - Setting next_dagrun for example_xcom_args to None, run_after=None
[2024-01-11T20:26:07.093+0200] {logging_mixin.py:188} INFO - [2024-01-11T20:26:07.093+0200] {dag.py:3820} INFO - Setting next_dagrun for example_xcom_args_with_operators to None, run_after=None
[2024-01-11T20:26:07.110+0200] {processor.py:183} INFO - Processing /Users/angel.georgiev/VsCodeProjects/PythonExamples/.venv/lib/python3.10/site-packages/airflow/example_dags/example_xcomargs.py took 0.243 seconds
[2024-01-11T20:28:45.818+0200] {processor.py:161} INFO - Started process (PID=34226) to work on /Users/angel.georgiev/VsCodeProjects/PythonExamples/.venv/lib/python3.10/site-packages/airflow/example_dags/example_xcomargs.py
[2024-01-11T20:28:45.823+0200] {processor.py:830} INFO - Processing file /Users/angel.georgiev/VsCodeProjects/PythonExamples/.venv/lib/python3.10/site-packages/airflow/example_dags/example_xcomargs.py for tasks to queue
[2024-01-11T20:28:45.823+0200] {logging_mixin.py:188} INFO - [2024-01-11T20:28:45.823+0200] {dagbag.py:538} INFO - Filling up the DagBag from /Users/angel.georgiev/VsCodeProjects/PythonExamples/.venv/lib/python3.10/site-packages/airflow/example_dags/example_xcomargs.py
[2024-01-11T20:28:45.920+0200] {processor.py:840} INFO - DAG(s) 'example_xcom_args', 'example_xcom_args_with_operators' retrieved from /Users/angel.georgiev/VsCodeProjects/PythonExamples/.venv/lib/python3.10/site-packages/airflow/example_dags/example_xcomargs.py
[2024-01-11T20:28:46.022+0200] {logging_mixin.py:188} INFO - [2024-01-11T20:28:46.022+0200] {dag.py:3033} INFO - Sync 2 DAGs
[2024-01-11T20:28:46.030+0200] {logging_mixin.py:188} INFO - [2024-01-11T20:28:46.030+0200] {dag.py:3820} INFO - Setting next_dagrun for example_xcom_args to None, run_after=None
[2024-01-11T20:28:46.032+0200] {logging_mixin.py:188} INFO - [2024-01-11T20:28:46.032+0200] {dag.py:3820} INFO - Setting next_dagrun for example_xcom_args_with_operators to None, run_after=None
[2024-01-11T20:28:46.050+0200] {processor.py:183} INFO - Processing /Users/angel.georgiev/VsCodeProjects/PythonExamples/.venv/lib/python3.10/site-packages/airflow/example_dags/example_xcomargs.py took 0.233 seconds
[2024-01-11T20:31:15.743+0200] {processor.py:161} INFO - Started process (PID=34408) to work on /Users/angel.georgiev/VsCodeProjects/PythonExamples/.venv/lib/python3.10/site-packages/airflow/example_dags/example_xcomargs.py
[2024-01-11T20:31:15.749+0200] {processor.py:830} INFO - Processing file /Users/angel.georgiev/VsCodeProjects/PythonExamples/.venv/lib/python3.10/site-packages/airflow/example_dags/example_xcomargs.py for tasks to queue
[2024-01-11T20:31:15.749+0200] {logging_mixin.py:188} INFO - [2024-01-11T20:31:15.749+0200] {dagbag.py:538} INFO - Filling up the DagBag from /Users/angel.georgiev/VsCodeProjects/PythonExamples/.venv/lib/python3.10/site-packages/airflow/example_dags/example_xcomargs.py
[2024-01-11T20:31:15.847+0200] {processor.py:840} INFO - DAG(s) 'example_xcom_args_with_operators', 'example_xcom_args' retrieved from /Users/angel.georgiev/VsCodeProjects/PythonExamples/.venv/lib/python3.10/site-packages/airflow/example_dags/example_xcomargs.py
[2024-01-11T20:31:15.949+0200] {logging_mixin.py:188} INFO - [2024-01-11T20:31:15.949+0200] {dag.py:3033} INFO - Sync 2 DAGs
[2024-01-11T20:31:15.957+0200] {logging_mixin.py:188} INFO - [2024-01-11T20:31:15.957+0200] {dag.py:3820} INFO - Setting next_dagrun for example_xcom_args to None, run_after=None
[2024-01-11T20:31:15.960+0200] {logging_mixin.py:188} INFO - [2024-01-11T20:31:15.960+0200] {dag.py:3820} INFO - Setting next_dagrun for example_xcom_args_with_operators to None, run_after=None
[2024-01-11T20:31:15.977+0200] {processor.py:183} INFO - Processing /Users/angel.georgiev/VsCodeProjects/PythonExamples/.venv/lib/python3.10/site-packages/airflow/example_dags/example_xcomargs.py took 0.235 seconds
[2024-01-11T20:34:10.819+0200] {processor.py:161} INFO - Started process (PID=34565) to work on /Users/angel.georgiev/VsCodeProjects/PythonExamples/.venv/lib/python3.10/site-packages/airflow/example_dags/example_xcomargs.py
[2024-01-11T20:34:10.825+0200] {processor.py:830} INFO - Processing file /Users/angel.georgiev/VsCodeProjects/PythonExamples/.venv/lib/python3.10/site-packages/airflow/example_dags/example_xcomargs.py for tasks to queue
[2024-01-11T20:34:10.826+0200] {logging_mixin.py:188} INFO - [2024-01-11T20:34:10.826+0200] {dagbag.py:538} INFO - Filling up the DagBag from /Users/angel.georgiev/VsCodeProjects/PythonExamples/.venv/lib/python3.10/site-packages/airflow/example_dags/example_xcomargs.py
[2024-01-11T20:34:10.928+0200] {processor.py:840} INFO - DAG(s) 'example_xcom_args_with_operators', 'example_xcom_args' retrieved from /Users/angel.georgiev/VsCodeProjects/PythonExamples/.venv/lib/python3.10/site-packages/airflow/example_dags/example_xcomargs.py
[2024-01-11T20:34:11.046+0200] {logging_mixin.py:188} INFO - [2024-01-11T20:34:11.046+0200] {dag.py:3033} INFO - Sync 2 DAGs
[2024-01-11T20:34:11.055+0200] {logging_mixin.py:188} INFO - [2024-01-11T20:34:11.055+0200] {dag.py:3820} INFO - Setting next_dagrun for example_xcom_args to None, run_after=None
[2024-01-11T20:34:11.060+0200] {logging_mixin.py:188} INFO - [2024-01-11T20:34:11.060+0200] {dag.py:3820} INFO - Setting next_dagrun for example_xcom_args_with_operators to None, run_after=None
[2024-01-11T20:34:11.081+0200] {processor.py:183} INFO - Processing /Users/angel.georgiev/VsCodeProjects/PythonExamples/.venv/lib/python3.10/site-packages/airflow/example_dags/example_xcomargs.py took 0.263 seconds
[2024-01-11T20:37:07.226+0200] {processor.py:161} INFO - Started process (PID=34815) to work on /Users/angel.georgiev/VsCodeProjects/PythonExamples/.venv/lib/python3.10/site-packages/airflow/example_dags/example_xcomargs.py
[2024-01-11T20:37:07.232+0200] {processor.py:830} INFO - Processing file /Users/angel.georgiev/VsCodeProjects/PythonExamples/.venv/lib/python3.10/site-packages/airflow/example_dags/example_xcomargs.py for tasks to queue
[2024-01-11T20:37:07.233+0200] {logging_mixin.py:188} INFO - [2024-01-11T20:37:07.233+0200] {dagbag.py:538} INFO - Filling up the DagBag from /Users/angel.georgiev/VsCodeProjects/PythonExamples/.venv/lib/python3.10/site-packages/airflow/example_dags/example_xcomargs.py
[2024-01-11T20:37:07.547+0200] {processor.py:840} INFO - DAG(s) 'example_xcom_args_with_operators', 'example_xcom_args' retrieved from /Users/angel.georgiev/VsCodeProjects/PythonExamples/.venv/lib/python3.10/site-packages/airflow/example_dags/example_xcomargs.py
[2024-01-11T20:37:07.829+0200] {logging_mixin.py:188} INFO - [2024-01-11T20:37:07.828+0200] {dag.py:3033} INFO - Sync 2 DAGs
[2024-01-11T20:37:07.852+0200] {logging_mixin.py:188} INFO - [2024-01-11T20:37:07.851+0200] {dag.py:3820} INFO - Setting next_dagrun for example_xcom_args to None, run_after=None
[2024-01-11T20:37:07.879+0200] {logging_mixin.py:188} INFO - [2024-01-11T20:37:07.879+0200] {dag.py:3820} INFO - Setting next_dagrun for example_xcom_args_with_operators to None, run_after=None
[2024-01-11T20:37:07.974+0200] {processor.py:183} INFO - Processing /Users/angel.georgiev/VsCodeProjects/PythonExamples/.venv/lib/python3.10/site-packages/airflow/example_dags/example_xcomargs.py took 0.750 seconds
[2024-01-11T20:40:16.649+0200] {processor.py:161} INFO - Started process (PID=35002) to work on /Users/angel.georgiev/VsCodeProjects/PythonExamples/.venv/lib/python3.10/site-packages/airflow/example_dags/example_xcomargs.py
[2024-01-11T20:40:16.654+0200] {processor.py:830} INFO - Processing file /Users/angel.georgiev/VsCodeProjects/PythonExamples/.venv/lib/python3.10/site-packages/airflow/example_dags/example_xcomargs.py for tasks to queue
[2024-01-11T20:40:16.655+0200] {logging_mixin.py:188} INFO - [2024-01-11T20:40:16.655+0200] {dagbag.py:538} INFO - Filling up the DagBag from /Users/angel.georgiev/VsCodeProjects/PythonExamples/.venv/lib/python3.10/site-packages/airflow/example_dags/example_xcomargs.py
[2024-01-11T20:40:16.754+0200] {processor.py:840} INFO - DAG(s) 'example_xcom_args_with_operators', 'example_xcom_args' retrieved from /Users/angel.georgiev/VsCodeProjects/PythonExamples/.venv/lib/python3.10/site-packages/airflow/example_dags/example_xcomargs.py
[2024-01-11T20:40:16.869+0200] {logging_mixin.py:188} INFO - [2024-01-11T20:40:16.869+0200] {dag.py:3033} INFO - Sync 2 DAGs
[2024-01-11T20:40:16.879+0200] {logging_mixin.py:188} INFO - [2024-01-11T20:40:16.879+0200] {dag.py:3820} INFO - Setting next_dagrun for example_xcom_args to None, run_after=None
[2024-01-11T20:40:16.882+0200] {logging_mixin.py:188} INFO - [2024-01-11T20:40:16.882+0200] {dag.py:3820} INFO - Setting next_dagrun for example_xcom_args_with_operators to None, run_after=None
[2024-01-11T20:40:16.902+0200] {processor.py:183} INFO - Processing /Users/angel.georgiev/VsCodeProjects/PythonExamples/.venv/lib/python3.10/site-packages/airflow/example_dags/example_xcomargs.py took 0.255 seconds
[2024-01-11T20:43:27.109+0200] {processor.py:161} INFO - Started process (PID=35297) to work on /Users/angel.georgiev/VsCodeProjects/PythonExamples/.venv/lib/python3.10/site-packages/airflow/example_dags/example_xcomargs.py
[2024-01-11T20:43:27.119+0200] {processor.py:830} INFO - Processing file /Users/angel.georgiev/VsCodeProjects/PythonExamples/.venv/lib/python3.10/site-packages/airflow/example_dags/example_xcomargs.py for tasks to queue
[2024-01-11T20:43:27.119+0200] {logging_mixin.py:188} INFO - [2024-01-11T20:43:27.119+0200] {dagbag.py:538} INFO - Filling up the DagBag from /Users/angel.georgiev/VsCodeProjects/PythonExamples/.venv/lib/python3.10/site-packages/airflow/example_dags/example_xcomargs.py
[2024-01-11T20:43:27.331+0200] {processor.py:840} INFO - DAG(s) 'example_xcom_args', 'example_xcom_args_with_operators' retrieved from /Users/angel.georgiev/VsCodeProjects/PythonExamples/.venv/lib/python3.10/site-packages/airflow/example_dags/example_xcomargs.py
[2024-01-11T20:43:27.453+0200] {logging_mixin.py:188} INFO - [2024-01-11T20:43:27.453+0200] {dag.py:3033} INFO - Sync 2 DAGs
[2024-01-11T20:43:27.470+0200] {logging_mixin.py:188} INFO - [2024-01-11T20:43:27.470+0200] {dag.py:3820} INFO - Setting next_dagrun for example_xcom_args to None, run_after=None
[2024-01-11T20:43:27.476+0200] {logging_mixin.py:188} INFO - [2024-01-11T20:43:27.475+0200] {dag.py:3820} INFO - Setting next_dagrun for example_xcom_args_with_operators to None, run_after=None
[2024-01-11T20:43:27.497+0200] {processor.py:183} INFO - Processing /Users/angel.georgiev/VsCodeProjects/PythonExamples/.venv/lib/python3.10/site-packages/airflow/example_dags/example_xcomargs.py took 0.390 seconds
[2024-01-11T20:45:40.890+0200] {processor.py:161} INFO - Started process (PID=35384) to work on /Users/angel.georgiev/VsCodeProjects/PythonExamples/.venv/lib/python3.10/site-packages/airflow/example_dags/example_xcomargs.py
[2024-01-11T20:45:40.895+0200] {processor.py:830} INFO - Processing file /Users/angel.georgiev/VsCodeProjects/PythonExamples/.venv/lib/python3.10/site-packages/airflow/example_dags/example_xcomargs.py for tasks to queue
[2024-01-11T20:45:40.895+0200] {logging_mixin.py:188} INFO - [2024-01-11T20:45:40.895+0200] {dagbag.py:538} INFO - Filling up the DagBag from /Users/angel.georgiev/VsCodeProjects/PythonExamples/.venv/lib/python3.10/site-packages/airflow/example_dags/example_xcomargs.py
[2024-01-11T20:45:40.986+0200] {processor.py:840} INFO - DAG(s) 'example_xcom_args', 'example_xcom_args_with_operators' retrieved from /Users/angel.georgiev/VsCodeProjects/PythonExamples/.venv/lib/python3.10/site-packages/airflow/example_dags/example_xcomargs.py
[2024-01-11T20:45:41.083+0200] {logging_mixin.py:188} INFO - [2024-01-11T20:45:41.083+0200] {dag.py:3033} INFO - Sync 2 DAGs
[2024-01-11T20:45:41.091+0200] {logging_mixin.py:188} INFO - [2024-01-11T20:45:41.091+0200] {dag.py:3820} INFO - Setting next_dagrun for example_xcom_args to None, run_after=None
[2024-01-11T20:45:41.093+0200] {logging_mixin.py:188} INFO - [2024-01-11T20:45:41.093+0200] {dag.py:3820} INFO - Setting next_dagrun for example_xcom_args_with_operators to None, run_after=None
[2024-01-11T20:45:41.110+0200] {processor.py:183} INFO - Processing /Users/angel.georgiev/VsCodeProjects/PythonExamples/.venv/lib/python3.10/site-packages/airflow/example_dags/example_xcomargs.py took 0.220 seconds
[2024-01-11T20:47:41.671+0200] {processor.py:161} INFO - Started process (PID=35467) to work on /Users/angel.georgiev/VsCodeProjects/PythonExamples/.venv/lib/python3.10/site-packages/airflow/example_dags/example_xcomargs.py
[2024-01-11T20:47:41.676+0200] {processor.py:830} INFO - Processing file /Users/angel.georgiev/VsCodeProjects/PythonExamples/.venv/lib/python3.10/site-packages/airflow/example_dags/example_xcomargs.py for tasks to queue
[2024-01-11T20:47:41.678+0200] {logging_mixin.py:188} INFO - [2024-01-11T20:47:41.677+0200] {dagbag.py:538} INFO - Filling up the DagBag from /Users/angel.georgiev/VsCodeProjects/PythonExamples/.venv/lib/python3.10/site-packages/airflow/example_dags/example_xcomargs.py
[2024-01-11T20:47:41.763+0200] {processor.py:840} INFO - DAG(s) 'example_xcom_args_with_operators', 'example_xcom_args' retrieved from /Users/angel.georgiev/VsCodeProjects/PythonExamples/.venv/lib/python3.10/site-packages/airflow/example_dags/example_xcomargs.py
[2024-01-11T20:47:41.855+0200] {logging_mixin.py:188} INFO - [2024-01-11T20:47:41.855+0200] {dag.py:3033} INFO - Sync 2 DAGs
[2024-01-11T20:47:41.862+0200] {logging_mixin.py:188} INFO - [2024-01-11T20:47:41.862+0200] {dag.py:3820} INFO - Setting next_dagrun for example_xcom_args to None, run_after=None
[2024-01-11T20:47:41.865+0200] {logging_mixin.py:188} INFO - [2024-01-11T20:47:41.864+0200] {dag.py:3820} INFO - Setting next_dagrun for example_xcom_args_with_operators to None, run_after=None
[2024-01-11T20:47:41.880+0200] {processor.py:183} INFO - Processing /Users/angel.georgiev/VsCodeProjects/PythonExamples/.venv/lib/python3.10/site-packages/airflow/example_dags/example_xcomargs.py took 0.211 seconds
[2024-01-11T20:49:36.404+0200] {processor.py:161} INFO - Started process (PID=35654) to work on /Users/angel.georgiev/VsCodeProjects/PythonExamples/.venv/lib/python3.10/site-packages/airflow/example_dags/example_xcomargs.py
[2024-01-11T20:49:36.409+0200] {processor.py:830} INFO - Processing file /Users/angel.georgiev/VsCodeProjects/PythonExamples/.venv/lib/python3.10/site-packages/airflow/example_dags/example_xcomargs.py for tasks to queue
[2024-01-11T20:49:36.409+0200] {logging_mixin.py:188} INFO - [2024-01-11T20:49:36.409+0200] {dagbag.py:538} INFO - Filling up the DagBag from /Users/angel.georgiev/VsCodeProjects/PythonExamples/.venv/lib/python3.10/site-packages/airflow/example_dags/example_xcomargs.py
[2024-01-11T20:49:36.499+0200] {processor.py:840} INFO - DAG(s) 'example_xcom_args', 'example_xcom_args_with_operators' retrieved from /Users/angel.georgiev/VsCodeProjects/PythonExamples/.venv/lib/python3.10/site-packages/airflow/example_dags/example_xcomargs.py
[2024-01-11T20:49:36.594+0200] {logging_mixin.py:188} INFO - [2024-01-11T20:49:36.593+0200] {dag.py:3033} INFO - Sync 2 DAGs
[2024-01-11T20:49:36.601+0200] {logging_mixin.py:188} INFO - [2024-01-11T20:49:36.601+0200] {dag.py:3820} INFO - Setting next_dagrun for example_xcom_args to None, run_after=None
[2024-01-11T20:49:36.604+0200] {logging_mixin.py:188} INFO - [2024-01-11T20:49:36.603+0200] {dag.py:3820} INFO - Setting next_dagrun for example_xcom_args_with_operators to None, run_after=None
[2024-01-11T20:49:36.619+0200] {processor.py:183} INFO - Processing /Users/angel.georgiev/VsCodeProjects/PythonExamples/.venv/lib/python3.10/site-packages/airflow/example_dags/example_xcomargs.py took 0.216 seconds
[2024-01-11T20:51:29.544+0200] {processor.py:161} INFO - Started process (PID=35750) to work on /Users/angel.georgiev/VsCodeProjects/PythonExamples/.venv/lib/python3.10/site-packages/airflow/example_dags/example_xcomargs.py
[2024-01-11T20:51:29.549+0200] {processor.py:830} INFO - Processing file /Users/angel.georgiev/VsCodeProjects/PythonExamples/.venv/lib/python3.10/site-packages/airflow/example_dags/example_xcomargs.py for tasks to queue
[2024-01-11T20:51:29.572+0200] {logging_mixin.py:188} INFO - [2024-01-11T20:51:29.572+0200] {dagbag.py:538} INFO - Filling up the DagBag from /Users/angel.georgiev/VsCodeProjects/PythonExamples/.venv/lib/python3.10/site-packages/airflow/example_dags/example_xcomargs.py
[2024-01-11T20:51:29.665+0200] {processor.py:840} INFO - DAG(s) 'example_xcom_args', 'example_xcom_args_with_operators' retrieved from /Users/angel.georgiev/VsCodeProjects/PythonExamples/.venv/lib/python3.10/site-packages/airflow/example_dags/example_xcomargs.py
[2024-01-11T20:51:29.754+0200] {logging_mixin.py:188} INFO - [2024-01-11T20:51:29.754+0200] {dag.py:3033} INFO - Sync 2 DAGs
[2024-01-11T20:51:29.762+0200] {logging_mixin.py:188} INFO - [2024-01-11T20:51:29.761+0200] {dag.py:3820} INFO - Setting next_dagrun for example_xcom_args to None, run_after=None
[2024-01-11T20:51:29.764+0200] {logging_mixin.py:188} INFO - [2024-01-11T20:51:29.764+0200] {dag.py:3820} INFO - Setting next_dagrun for example_xcom_args_with_operators to None, run_after=None
[2024-01-11T20:51:29.779+0200] {processor.py:183} INFO - Processing /Users/angel.georgiev/VsCodeProjects/PythonExamples/.venv/lib/python3.10/site-packages/airflow/example_dags/example_xcomargs.py took 0.236 seconds
[2024-01-11T20:53:25.779+0200] {processor.py:161} INFO - Started process (PID=35853) to work on /Users/angel.georgiev/VsCodeProjects/PythonExamples/.venv/lib/python3.10/site-packages/airflow/example_dags/example_xcomargs.py
[2024-01-11T20:53:25.783+0200] {processor.py:830} INFO - Processing file /Users/angel.georgiev/VsCodeProjects/PythonExamples/.venv/lib/python3.10/site-packages/airflow/example_dags/example_xcomargs.py for tasks to queue
[2024-01-11T20:53:25.784+0200] {logging_mixin.py:188} INFO - [2024-01-11T20:53:25.784+0200] {dagbag.py:538} INFO - Filling up the DagBag from /Users/angel.georgiev/VsCodeProjects/PythonExamples/.venv/lib/python3.10/site-packages/airflow/example_dags/example_xcomargs.py
[2024-01-11T20:53:25.877+0200] {processor.py:840} INFO - DAG(s) 'example_xcom_args_with_operators', 'example_xcom_args' retrieved from /Users/angel.georgiev/VsCodeProjects/PythonExamples/.venv/lib/python3.10/site-packages/airflow/example_dags/example_xcomargs.py
[2024-01-11T20:53:25.977+0200] {logging_mixin.py:188} INFO - [2024-01-11T20:53:25.977+0200] {dag.py:3033} INFO - Sync 2 DAGs
[2024-01-11T20:53:25.985+0200] {logging_mixin.py:188} INFO - [2024-01-11T20:53:25.985+0200] {dag.py:3820} INFO - Setting next_dagrun for example_xcom_args to None, run_after=None
[2024-01-11T20:53:25.988+0200] {logging_mixin.py:188} INFO - [2024-01-11T20:53:25.988+0200] {dag.py:3820} INFO - Setting next_dagrun for example_xcom_args_with_operators to None, run_after=None
[2024-01-11T20:53:26.008+0200] {processor.py:183} INFO - Processing /Users/angel.georgiev/VsCodeProjects/PythonExamples/.venv/lib/python3.10/site-packages/airflow/example_dags/example_xcomargs.py took 0.231 seconds
[2024-01-11T20:55:42.509+0200] {processor.py:161} INFO - Started process (PID=36066) to work on /Users/angel.georgiev/VsCodeProjects/PythonExamples/.venv/lib/python3.10/site-packages/airflow/example_dags/example_xcomargs.py
[2024-01-11T20:55:42.514+0200] {processor.py:830} INFO - Processing file /Users/angel.georgiev/VsCodeProjects/PythonExamples/.venv/lib/python3.10/site-packages/airflow/example_dags/example_xcomargs.py for tasks to queue
[2024-01-11T20:55:42.514+0200] {logging_mixin.py:188} INFO - [2024-01-11T20:55:42.514+0200] {dagbag.py:538} INFO - Filling up the DagBag from /Users/angel.georgiev/VsCodeProjects/PythonExamples/.venv/lib/python3.10/site-packages/airflow/example_dags/example_xcomargs.py
[2024-01-11T20:55:42.617+0200] {processor.py:840} INFO - DAG(s) 'example_xcom_args_with_operators', 'example_xcom_args' retrieved from /Users/angel.georgiev/VsCodeProjects/PythonExamples/.venv/lib/python3.10/site-packages/airflow/example_dags/example_xcomargs.py
[2024-01-11T20:55:42.717+0200] {logging_mixin.py:188} INFO - [2024-01-11T20:55:42.716+0200] {dag.py:3033} INFO - Sync 2 DAGs
[2024-01-11T20:55:42.725+0200] {logging_mixin.py:188} INFO - [2024-01-11T20:55:42.725+0200] {dag.py:3820} INFO - Setting next_dagrun for example_xcom_args to None, run_after=None
[2024-01-11T20:55:42.728+0200] {logging_mixin.py:188} INFO - [2024-01-11T20:55:42.728+0200] {dag.py:3820} INFO - Setting next_dagrun for example_xcom_args_with_operators to None, run_after=None
[2024-01-11T20:55:42.746+0200] {processor.py:183} INFO - Processing /Users/angel.georgiev/VsCodeProjects/PythonExamples/.venv/lib/python3.10/site-packages/airflow/example_dags/example_xcomargs.py took 0.238 seconds
[2024-01-11T20:58:12.225+0200] {processor.py:161} INFO - Started process (PID=36155) to work on /Users/angel.georgiev/VsCodeProjects/PythonExamples/.venv/lib/python3.10/site-packages/airflow/example_dags/example_xcomargs.py
[2024-01-11T20:58:12.231+0200] {processor.py:830} INFO - Processing file /Users/angel.georgiev/VsCodeProjects/PythonExamples/.venv/lib/python3.10/site-packages/airflow/example_dags/example_xcomargs.py for tasks to queue
[2024-01-11T20:58:12.231+0200] {logging_mixin.py:188} INFO - [2024-01-11T20:58:12.231+0200] {dagbag.py:538} INFO - Filling up the DagBag from /Users/angel.georgiev/VsCodeProjects/PythonExamples/.venv/lib/python3.10/site-packages/airflow/example_dags/example_xcomargs.py
[2024-01-11T20:58:12.325+0200] {processor.py:840} INFO - DAG(s) 'example_xcom_args', 'example_xcom_args_with_operators' retrieved from /Users/angel.georgiev/VsCodeProjects/PythonExamples/.venv/lib/python3.10/site-packages/airflow/example_dags/example_xcomargs.py
[2024-01-11T20:58:12.433+0200] {logging_mixin.py:188} INFO - [2024-01-11T20:58:12.433+0200] {dag.py:3033} INFO - Sync 2 DAGs
[2024-01-11T20:58:12.443+0200] {logging_mixin.py:188} INFO - [2024-01-11T20:58:12.443+0200] {dag.py:3820} INFO - Setting next_dagrun for example_xcom_args to None, run_after=None
[2024-01-11T20:58:12.446+0200] {logging_mixin.py:188} INFO - [2024-01-11T20:58:12.445+0200] {dag.py:3820} INFO - Setting next_dagrun for example_xcom_args_with_operators to None, run_after=None
[2024-01-11T20:58:12.464+0200] {processor.py:183} INFO - Processing /Users/angel.georgiev/VsCodeProjects/PythonExamples/.venv/lib/python3.10/site-packages/airflow/example_dags/example_xcomargs.py took 0.240 seconds
