[2024-01-11T20:14:53.542+0200] {processor.py:161} INFO - Started process (PID=33251) to work on /Users/angel.georgiev/VsCodeProjects/PythonExamples/.venv/lib/python3.10/site-packages/airflow/example_dags/example_nested_branch_dag.py
[2024-01-11T20:14:53.547+0200] {processor.py:830} INFO - Processing file /Users/angel.georgiev/VsCodeProjects/PythonExamples/.venv/lib/python3.10/site-packages/airflow/example_dags/example_nested_branch_dag.py for tasks to queue
[2024-01-11T20:14:53.547+0200] {logging_mixin.py:188} INFO - [2024-01-11T20:14:53.547+0200] {dagbag.py:538} INFO - Filling up the DagBag from /Users/angel.georgiev/VsCodeProjects/PythonExamples/.venv/lib/python3.10/site-packages/airflow/example_dags/example_nested_branch_dag.py
[2024-01-11T20:14:53.651+0200] {processor.py:840} INFO - DAG(s) 'example_nested_branch_dag' retrieved from /Users/angel.georgiev/VsCodeProjects/PythonExamples/.venv/lib/python3.10/site-packages/airflow/example_dags/example_nested_branch_dag.py
[2024-01-11T20:14:53.845+0200] {logging_mixin.py:188} INFO - [2024-01-11T20:14:53.845+0200] {dag.py:3033} INFO - Sync 1 DAGs
[2024-01-11T20:14:53.862+0200] {logging_mixin.py:188} INFO - [2024-01-11T20:14:53.861+0200] {dag.py:3820} INFO - Setting next_dagrun for example_nested_branch_dag to 2024-01-10T00:00:00+00:00, run_after=2024-01-11T00:00:00+00:00
[2024-01-11T20:14:53.880+0200] {processor.py:183} INFO - Processing /Users/angel.georgiev/VsCodeProjects/PythonExamples/.venv/lib/python3.10/site-packages/airflow/example_dags/example_nested_branch_dag.py took 0.340 seconds
[2024-01-11T20:17:54.188+0200] {processor.py:161} INFO - Started process (PID=33535) to work on /Users/angel.georgiev/VsCodeProjects/PythonExamples/.venv/lib/python3.10/site-packages/airflow/example_dags/example_nested_branch_dag.py
[2024-01-11T20:17:54.193+0200] {processor.py:830} INFO - Processing file /Users/angel.georgiev/VsCodeProjects/PythonExamples/.venv/lib/python3.10/site-packages/airflow/example_dags/example_nested_branch_dag.py for tasks to queue
[2024-01-11T20:17:54.194+0200] {logging_mixin.py:188} INFO - [2024-01-11T20:17:54.194+0200] {dagbag.py:538} INFO - Filling up the DagBag from /Users/angel.georgiev/VsCodeProjects/PythonExamples/.venv/lib/python3.10/site-packages/airflow/example_dags/example_nested_branch_dag.py
[2024-01-11T20:17:54.282+0200] {processor.py:840} INFO - DAG(s) 'example_nested_branch_dag' retrieved from /Users/angel.georgiev/VsCodeProjects/PythonExamples/.venv/lib/python3.10/site-packages/airflow/example_dags/example_nested_branch_dag.py
[2024-01-11T20:17:54.370+0200] {logging_mixin.py:188} INFO - [2024-01-11T20:17:54.370+0200] {dag.py:3033} INFO - Sync 1 DAGs
[2024-01-11T20:17:54.384+0200] {logging_mixin.py:188} INFO - [2024-01-11T20:17:54.384+0200] {dag.py:3820} INFO - Setting next_dagrun for example_nested_branch_dag to 2024-01-10T00:00:00+00:00, run_after=2024-01-11T00:00:00+00:00
[2024-01-11T20:17:54.404+0200] {processor.py:183} INFO - Processing /Users/angel.georgiev/VsCodeProjects/PythonExamples/.venv/lib/python3.10/site-packages/airflow/example_dags/example_nested_branch_dag.py took 0.217 seconds
[2024-01-11T20:20:20.585+0200] {processor.py:161} INFO - Started process (PID=33707) to work on /Users/angel.georgiev/VsCodeProjects/PythonExamples/.venv/lib/python3.10/site-packages/airflow/example_dags/example_nested_branch_dag.py
[2024-01-11T20:20:20.590+0200] {processor.py:830} INFO - Processing file /Users/angel.georgiev/VsCodeProjects/PythonExamples/.venv/lib/python3.10/site-packages/airflow/example_dags/example_nested_branch_dag.py for tasks to queue
[2024-01-11T20:20:20.591+0200] {logging_mixin.py:188} INFO - [2024-01-11T20:20:20.590+0200] {dagbag.py:538} INFO - Filling up the DagBag from /Users/angel.georgiev/VsCodeProjects/PythonExamples/.venv/lib/python3.10/site-packages/airflow/example_dags/example_nested_branch_dag.py
[2024-01-11T20:20:20.689+0200] {processor.py:840} INFO - DAG(s) 'example_nested_branch_dag' retrieved from /Users/angel.georgiev/VsCodeProjects/PythonExamples/.venv/lib/python3.10/site-packages/airflow/example_dags/example_nested_branch_dag.py
[2024-01-11T20:20:20.791+0200] {logging_mixin.py:188} INFO - [2024-01-11T20:20:20.791+0200] {dag.py:3033} INFO - Sync 1 DAGs
[2024-01-11T20:20:20.807+0200] {logging_mixin.py:188} INFO - [2024-01-11T20:20:20.807+0200] {dag.py:3820} INFO - Setting next_dagrun for example_nested_branch_dag to 2024-01-10T00:00:00+00:00, run_after=2024-01-11T00:00:00+00:00
[2024-01-11T20:20:20.826+0200] {processor.py:183} INFO - Processing /Users/angel.georgiev/VsCodeProjects/PythonExamples/.venv/lib/python3.10/site-packages/airflow/example_dags/example_nested_branch_dag.py took 0.243 seconds
[2024-01-11T20:22:41.188+0200] {processor.py:161} INFO - Started process (PID=33833) to work on /Users/angel.georgiev/VsCodeProjects/PythonExamples/.venv/lib/python3.10/site-packages/airflow/example_dags/example_nested_branch_dag.py
[2024-01-11T20:22:41.194+0200] {processor.py:830} INFO - Processing file /Users/angel.georgiev/VsCodeProjects/PythonExamples/.venv/lib/python3.10/site-packages/airflow/example_dags/example_nested_branch_dag.py for tasks to queue
[2024-01-11T20:22:41.194+0200] {logging_mixin.py:188} INFO - [2024-01-11T20:22:41.194+0200] {dagbag.py:538} INFO - Filling up the DagBag from /Users/angel.georgiev/VsCodeProjects/PythonExamples/.venv/lib/python3.10/site-packages/airflow/example_dags/example_nested_branch_dag.py
[2024-01-11T20:22:41.287+0200] {processor.py:840} INFO - DAG(s) 'example_nested_branch_dag' retrieved from /Users/angel.georgiev/VsCodeProjects/PythonExamples/.venv/lib/python3.10/site-packages/airflow/example_dags/example_nested_branch_dag.py
[2024-01-11T20:22:41.381+0200] {logging_mixin.py:188} INFO - [2024-01-11T20:22:41.381+0200] {dag.py:3033} INFO - Sync 1 DAGs
[2024-01-11T20:22:41.396+0200] {logging_mixin.py:188} INFO - [2024-01-11T20:22:41.396+0200] {dag.py:3820} INFO - Setting next_dagrun for example_nested_branch_dag to 2024-01-10T00:00:00+00:00, run_after=2024-01-11T00:00:00+00:00
[2024-01-11T20:22:41.413+0200] {processor.py:183} INFO - Processing /Users/angel.georgiev/VsCodeProjects/PythonExamples/.venv/lib/python3.10/site-packages/airflow/example_dags/example_nested_branch_dag.py took 0.226 seconds
[2024-01-11T20:25:10.211+0200] {processor.py:161} INFO - Started process (PID=34060) to work on /Users/angel.georgiev/VsCodeProjects/PythonExamples/.venv/lib/python3.10/site-packages/airflow/example_dags/example_nested_branch_dag.py
[2024-01-11T20:25:10.215+0200] {processor.py:830} INFO - Processing file /Users/angel.georgiev/VsCodeProjects/PythonExamples/.venv/lib/python3.10/site-packages/airflow/example_dags/example_nested_branch_dag.py for tasks to queue
[2024-01-11T20:25:10.216+0200] {logging_mixin.py:188} INFO - [2024-01-11T20:25:10.216+0200] {dagbag.py:538} INFO - Filling up the DagBag from /Users/angel.georgiev/VsCodeProjects/PythonExamples/.venv/lib/python3.10/site-packages/airflow/example_dags/example_nested_branch_dag.py
[2024-01-11T20:25:10.308+0200] {processor.py:840} INFO - DAG(s) 'example_nested_branch_dag' retrieved from /Users/angel.georgiev/VsCodeProjects/PythonExamples/.venv/lib/python3.10/site-packages/airflow/example_dags/example_nested_branch_dag.py
[2024-01-11T20:25:10.402+0200] {logging_mixin.py:188} INFO - [2024-01-11T20:25:10.402+0200] {dag.py:3033} INFO - Sync 1 DAGs
[2024-01-11T20:25:10.417+0200] {logging_mixin.py:188} INFO - [2024-01-11T20:25:10.416+0200] {dag.py:3820} INFO - Setting next_dagrun for example_nested_branch_dag to 2024-01-10T00:00:00+00:00, run_after=2024-01-11T00:00:00+00:00
[2024-01-11T20:25:10.436+0200] {processor.py:183} INFO - Processing /Users/angel.georgiev/VsCodeProjects/PythonExamples/.venv/lib/python3.10/site-packages/airflow/example_dags/example_nested_branch_dag.py took 0.226 seconds
[2024-01-11T20:29:59.957+0200] {processor.py:161} INFO - Started process (PID=34361) to work on /Users/angel.georgiev/VsCodeProjects/PythonExamples/.venv/lib/python3.10/site-packages/airflow/example_dags/example_nested_branch_dag.py
[2024-01-11T20:29:59.965+0200] {processor.py:830} INFO - Processing file /Users/angel.georgiev/VsCodeProjects/PythonExamples/.venv/lib/python3.10/site-packages/airflow/example_dags/example_nested_branch_dag.py for tasks to queue
[2024-01-11T20:29:59.966+0200] {logging_mixin.py:188} INFO - [2024-01-11T20:29:59.966+0200] {dagbag.py:538} INFO - Filling up the DagBag from /Users/angel.georgiev/VsCodeProjects/PythonExamples/.venv/lib/python3.10/site-packages/airflow/example_dags/example_nested_branch_dag.py
[2024-01-11T20:30:00.084+0200] {processor.py:840} INFO - DAG(s) 'example_nested_branch_dag' retrieved from /Users/angel.georgiev/VsCodeProjects/PythonExamples/.venv/lib/python3.10/site-packages/airflow/example_dags/example_nested_branch_dag.py
[2024-01-11T20:30:00.197+0200] {logging_mixin.py:188} INFO - [2024-01-11T20:30:00.197+0200] {dag.py:3033} INFO - Sync 1 DAGs
[2024-01-11T20:30:00.214+0200] {logging_mixin.py:188} INFO - [2024-01-11T20:30:00.213+0200] {dag.py:3820} INFO - Setting next_dagrun for example_nested_branch_dag to 2024-01-10T00:00:00+00:00, run_after=2024-01-11T00:00:00+00:00
[2024-01-11T20:30:00.233+0200] {processor.py:183} INFO - Processing /Users/angel.georgiev/VsCodeProjects/PythonExamples/.venv/lib/python3.10/site-packages/airflow/example_dags/example_nested_branch_dag.py took 0.277 seconds
[2024-01-11T20:32:45.792+0200] {processor.py:161} INFO - Started process (PID=34488) to work on /Users/angel.georgiev/VsCodeProjects/PythonExamples/.venv/lib/python3.10/site-packages/airflow/example_dags/example_nested_branch_dag.py
[2024-01-11T20:32:45.803+0200] {processor.py:830} INFO - Processing file /Users/angel.georgiev/VsCodeProjects/PythonExamples/.venv/lib/python3.10/site-packages/airflow/example_dags/example_nested_branch_dag.py for tasks to queue
[2024-01-11T20:32:45.804+0200] {logging_mixin.py:188} INFO - [2024-01-11T20:32:45.804+0200] {dagbag.py:538} INFO - Filling up the DagBag from /Users/angel.georgiev/VsCodeProjects/PythonExamples/.venv/lib/python3.10/site-packages/airflow/example_dags/example_nested_branch_dag.py
[2024-01-11T20:32:46.194+0200] {processor.py:840} INFO - DAG(s) 'example_nested_branch_dag' retrieved from /Users/angel.georgiev/VsCodeProjects/PythonExamples/.venv/lib/python3.10/site-packages/airflow/example_dags/example_nested_branch_dag.py
[2024-01-11T20:32:46.627+0200] {logging_mixin.py:188} INFO - [2024-01-11T20:32:46.626+0200] {dag.py:3033} INFO - Sync 1 DAGs
[2024-01-11T20:32:46.656+0200] {logging_mixin.py:188} INFO - [2024-01-11T20:32:46.656+0200] {dag.py:3820} INFO - Setting next_dagrun for example_nested_branch_dag to 2024-01-10T00:00:00+00:00, run_after=2024-01-11T00:00:00+00:00
[2024-01-11T20:32:46.690+0200] {processor.py:183} INFO - Processing /Users/angel.georgiev/VsCodeProjects/PythonExamples/.venv/lib/python3.10/site-packages/airflow/example_dags/example_nested_branch_dag.py took 0.900 seconds
[2024-01-11T20:35:34.816+0200] {processor.py:161} INFO - Started process (PID=34625) to work on /Users/angel.georgiev/VsCodeProjects/PythonExamples/.venv/lib/python3.10/site-packages/airflow/example_dags/example_nested_branch_dag.py
[2024-01-11T20:35:34.821+0200] {processor.py:830} INFO - Processing file /Users/angel.georgiev/VsCodeProjects/PythonExamples/.venv/lib/python3.10/site-packages/airflow/example_dags/example_nested_branch_dag.py for tasks to queue
[2024-01-11T20:35:34.822+0200] {logging_mixin.py:188} INFO - [2024-01-11T20:35:34.822+0200] {dagbag.py:538} INFO - Filling up the DagBag from /Users/angel.georgiev/VsCodeProjects/PythonExamples/.venv/lib/python3.10/site-packages/airflow/example_dags/example_nested_branch_dag.py
[2024-01-11T20:35:34.922+0200] {processor.py:840} INFO - DAG(s) 'example_nested_branch_dag' retrieved from /Users/angel.georgiev/VsCodeProjects/PythonExamples/.venv/lib/python3.10/site-packages/airflow/example_dags/example_nested_branch_dag.py
[2024-01-11T20:35:35.022+0200] {logging_mixin.py:188} INFO - [2024-01-11T20:35:35.022+0200] {dag.py:3033} INFO - Sync 1 DAGs
[2024-01-11T20:35:35.038+0200] {logging_mixin.py:188} INFO - [2024-01-11T20:35:35.038+0200] {dag.py:3820} INFO - Setting next_dagrun for example_nested_branch_dag to 2024-01-10T00:00:00+00:00, run_after=2024-01-11T00:00:00+00:00
[2024-01-11T20:35:35.058+0200] {processor.py:183} INFO - Processing /Users/angel.georgiev/VsCodeProjects/PythonExamples/.venv/lib/python3.10/site-packages/airflow/example_dags/example_nested_branch_dag.py took 0.243 seconds
[2024-01-11T20:38:44.745+0200] {processor.py:161} INFO - Started process (PID=34912) to work on /Users/angel.georgiev/VsCodeProjects/PythonExamples/.venv/lib/python3.10/site-packages/airflow/example_dags/example_nested_branch_dag.py
[2024-01-11T20:38:44.750+0200] {processor.py:830} INFO - Processing file /Users/angel.georgiev/VsCodeProjects/PythonExamples/.venv/lib/python3.10/site-packages/airflow/example_dags/example_nested_branch_dag.py for tasks to queue
[2024-01-11T20:38:44.751+0200] {logging_mixin.py:188} INFO - [2024-01-11T20:38:44.751+0200] {dagbag.py:538} INFO - Filling up the DagBag from /Users/angel.georgiev/VsCodeProjects/PythonExamples/.venv/lib/python3.10/site-packages/airflow/example_dags/example_nested_branch_dag.py
[2024-01-11T20:38:44.973+0200] {processor.py:840} INFO - DAG(s) 'example_nested_branch_dag' retrieved from /Users/angel.georgiev/VsCodeProjects/PythonExamples/.venv/lib/python3.10/site-packages/airflow/example_dags/example_nested_branch_dag.py
[2024-01-11T20:38:45.141+0200] {logging_mixin.py:188} INFO - [2024-01-11T20:38:45.141+0200] {dag.py:3033} INFO - Sync 1 DAGs
[2024-01-11T20:38:45.161+0200] {logging_mixin.py:188} INFO - [2024-01-11T20:38:45.161+0200] {dag.py:3820} INFO - Setting next_dagrun for example_nested_branch_dag to 2024-01-10T00:00:00+00:00, run_after=2024-01-11T00:00:00+00:00
[2024-01-11T20:38:45.198+0200] {processor.py:183} INFO - Processing /Users/angel.georgiev/VsCodeProjects/PythonExamples/.venv/lib/python3.10/site-packages/airflow/example_dags/example_nested_branch_dag.py took 0.454 seconds
[2024-01-11T20:42:02.480+0200] {processor.py:161} INFO - Started process (PID=35215) to work on /Users/angel.georgiev/VsCodeProjects/PythonExamples/.venv/lib/python3.10/site-packages/airflow/example_dags/example_nested_branch_dag.py
[2024-01-11T20:42:02.485+0200] {processor.py:830} INFO - Processing file /Users/angel.georgiev/VsCodeProjects/PythonExamples/.venv/lib/python3.10/site-packages/airflow/example_dags/example_nested_branch_dag.py for tasks to queue
[2024-01-11T20:42:02.486+0200] {logging_mixin.py:188} INFO - [2024-01-11T20:42:02.486+0200] {dagbag.py:538} INFO - Filling up the DagBag from /Users/angel.georgiev/VsCodeProjects/PythonExamples/.venv/lib/python3.10/site-packages/airflow/example_dags/example_nested_branch_dag.py
[2024-01-11T20:42:02.580+0200] {processor.py:840} INFO - DAG(s) 'example_nested_branch_dag' retrieved from /Users/angel.georgiev/VsCodeProjects/PythonExamples/.venv/lib/python3.10/site-packages/airflow/example_dags/example_nested_branch_dag.py
[2024-01-11T20:42:02.678+0200] {logging_mixin.py:188} INFO - [2024-01-11T20:42:02.677+0200] {dag.py:3033} INFO - Sync 1 DAGs
[2024-01-11T20:42:02.693+0200] {logging_mixin.py:188} INFO - [2024-01-11T20:42:02.693+0200] {dag.py:3820} INFO - Setting next_dagrun for example_nested_branch_dag to 2024-01-10T00:00:00+00:00, run_after=2024-01-11T00:00:00+00:00
[2024-01-11T20:42:02.711+0200] {processor.py:183} INFO - Processing /Users/angel.georgiev/VsCodeProjects/PythonExamples/.venv/lib/python3.10/site-packages/airflow/example_dags/example_nested_branch_dag.py took 0.232 seconds
[2024-01-11T20:44:40.988+0200] {processor.py:161} INFO - Started process (PID=35344) to work on /Users/angel.georgiev/VsCodeProjects/PythonExamples/.venv/lib/python3.10/site-packages/airflow/example_dags/example_nested_branch_dag.py
[2024-01-11T20:44:40.993+0200] {processor.py:830} INFO - Processing file /Users/angel.georgiev/VsCodeProjects/PythonExamples/.venv/lib/python3.10/site-packages/airflow/example_dags/example_nested_branch_dag.py for tasks to queue
[2024-01-11T20:44:40.993+0200] {logging_mixin.py:188} INFO - [2024-01-11T20:44:40.993+0200] {dagbag.py:538} INFO - Filling up the DagBag from /Users/angel.georgiev/VsCodeProjects/PythonExamples/.venv/lib/python3.10/site-packages/airflow/example_dags/example_nested_branch_dag.py
[2024-01-11T20:44:41.085+0200] {processor.py:840} INFO - DAG(s) 'example_nested_branch_dag' retrieved from /Users/angel.georgiev/VsCodeProjects/PythonExamples/.venv/lib/python3.10/site-packages/airflow/example_dags/example_nested_branch_dag.py
[2024-01-11T20:44:41.181+0200] {logging_mixin.py:188} INFO - [2024-01-11T20:44:41.181+0200] {dag.py:3033} INFO - Sync 1 DAGs
[2024-01-11T20:44:41.195+0200] {logging_mixin.py:188} INFO - [2024-01-11T20:44:41.195+0200] {dag.py:3820} INFO - Setting next_dagrun for example_nested_branch_dag to 2024-01-10T00:00:00+00:00, run_after=2024-01-11T00:00:00+00:00
[2024-01-11T20:44:41.214+0200] {processor.py:183} INFO - Processing /Users/angel.georgiev/VsCodeProjects/PythonExamples/.venv/lib/python3.10/site-packages/airflow/example_dags/example_nested_branch_dag.py took 0.227 seconds
[2024-01-11T20:48:37.770+0200] {processor.py:161} INFO - Started process (PID=35511) to work on /Users/angel.georgiev/VsCodeProjects/PythonExamples/.venv/lib/python3.10/site-packages/airflow/example_dags/example_nested_branch_dag.py
[2024-01-11T20:48:37.775+0200] {processor.py:830} INFO - Processing file /Users/angel.georgiev/VsCodeProjects/PythonExamples/.venv/lib/python3.10/site-packages/airflow/example_dags/example_nested_branch_dag.py for tasks to queue
[2024-01-11T20:48:37.775+0200] {logging_mixin.py:188} INFO - [2024-01-11T20:48:37.775+0200] {dagbag.py:538} INFO - Filling up the DagBag from /Users/angel.georgiev/VsCodeProjects/PythonExamples/.venv/lib/python3.10/site-packages/airflow/example_dags/example_nested_branch_dag.py
[2024-01-11T20:48:37.864+0200] {processor.py:840} INFO - DAG(s) 'example_nested_branch_dag' retrieved from /Users/angel.georgiev/VsCodeProjects/PythonExamples/.venv/lib/python3.10/site-packages/airflow/example_dags/example_nested_branch_dag.py
[2024-01-11T20:48:37.955+0200] {logging_mixin.py:188} INFO - [2024-01-11T20:48:37.955+0200] {dag.py:3033} INFO - Sync 1 DAGs
[2024-01-11T20:48:37.969+0200] {logging_mixin.py:188} INFO - [2024-01-11T20:48:37.969+0200] {dag.py:3820} INFO - Setting next_dagrun for example_nested_branch_dag to 2024-01-10T00:00:00+00:00, run_after=2024-01-11T00:00:00+00:00
[2024-01-11T20:48:37.987+0200] {processor.py:183} INFO - Processing /Users/angel.georgiev/VsCodeProjects/PythonExamples/.venv/lib/python3.10/site-packages/airflow/example_dags/example_nested_branch_dag.py took 0.218 seconds
[2024-01-11T20:52:25.466+0200] {processor.py:161} INFO - Started process (PID=35791) to work on /Users/angel.georgiev/VsCodeProjects/PythonExamples/.venv/lib/python3.10/site-packages/airflow/example_dags/example_nested_branch_dag.py
[2024-01-11T20:52:25.477+0200] {processor.py:830} INFO - Processing file /Users/angel.georgiev/VsCodeProjects/PythonExamples/.venv/lib/python3.10/site-packages/airflow/example_dags/example_nested_branch_dag.py for tasks to queue
[2024-01-11T20:52:25.478+0200] {logging_mixin.py:188} INFO - [2024-01-11T20:52:25.477+0200] {dagbag.py:538} INFO - Filling up the DagBag from /Users/angel.georgiev/VsCodeProjects/PythonExamples/.venv/lib/python3.10/site-packages/airflow/example_dags/example_nested_branch_dag.py
[2024-01-11T20:52:25.587+0200] {processor.py:840} INFO - DAG(s) 'example_nested_branch_dag' retrieved from /Users/angel.georgiev/VsCodeProjects/PythonExamples/.venv/lib/python3.10/site-packages/airflow/example_dags/example_nested_branch_dag.py
[2024-01-11T20:52:25.677+0200] {logging_mixin.py:188} INFO - [2024-01-11T20:52:25.677+0200] {dag.py:3033} INFO - Sync 1 DAGs
[2024-01-11T20:52:25.691+0200] {logging_mixin.py:188} INFO - [2024-01-11T20:52:25.691+0200] {dag.py:3820} INFO - Setting next_dagrun for example_nested_branch_dag to 2024-01-10T00:00:00+00:00, run_after=2024-01-11T00:00:00+00:00
[2024-01-11T20:52:25.709+0200] {processor.py:183} INFO - Processing /Users/angel.georgiev/VsCodeProjects/PythonExamples/.venv/lib/python3.10/site-packages/airflow/example_dags/example_nested_branch_dag.py took 0.244 seconds
[2024-01-11T20:56:54.967+0200] {processor.py:161} INFO - Started process (PID=36104) to work on /Users/angel.georgiev/VsCodeProjects/PythonExamples/.venv/lib/python3.10/site-packages/airflow/example_dags/example_nested_branch_dag.py
[2024-01-11T20:56:54.976+0200] {processor.py:830} INFO - Processing file /Users/angel.georgiev/VsCodeProjects/PythonExamples/.venv/lib/python3.10/site-packages/airflow/example_dags/example_nested_branch_dag.py for tasks to queue
[2024-01-11T20:56:54.976+0200] {logging_mixin.py:188} INFO - [2024-01-11T20:56:54.976+0200] {dagbag.py:538} INFO - Filling up the DagBag from /Users/angel.georgiev/VsCodeProjects/PythonExamples/.venv/lib/python3.10/site-packages/airflow/example_dags/example_nested_branch_dag.py
[2024-01-11T20:56:55.131+0200] {processor.py:840} INFO - DAG(s) 'example_nested_branch_dag' retrieved from /Users/angel.georgiev/VsCodeProjects/PythonExamples/.venv/lib/python3.10/site-packages/airflow/example_dags/example_nested_branch_dag.py
[2024-01-11T20:56:55.294+0200] {logging_mixin.py:188} INFO - [2024-01-11T20:56:55.294+0200] {dag.py:3033} INFO - Sync 1 DAGs
[2024-01-11T20:56:55.315+0200] {logging_mixin.py:188} INFO - [2024-01-11T20:56:55.315+0200] {dag.py:3820} INFO - Setting next_dagrun for example_nested_branch_dag to 2024-01-10T00:00:00+00:00, run_after=2024-01-11T00:00:00+00:00
[2024-01-11T20:56:55.337+0200] {processor.py:183} INFO - Processing /Users/angel.georgiev/VsCodeProjects/PythonExamples/.venv/lib/python3.10/site-packages/airflow/example_dags/example_nested_branch_dag.py took 0.372 seconds
[2024-01-11T20:59:19.972+0200] {processor.py:161} INFO - Started process (PID=36197) to work on /Users/angel.georgiev/VsCodeProjects/PythonExamples/.venv/lib/python3.10/site-packages/airflow/example_dags/example_nested_branch_dag.py
[2024-01-11T20:59:19.977+0200] {processor.py:830} INFO - Processing file /Users/angel.georgiev/VsCodeProjects/PythonExamples/.venv/lib/python3.10/site-packages/airflow/example_dags/example_nested_branch_dag.py for tasks to queue
[2024-01-11T20:59:19.978+0200] {logging_mixin.py:188} INFO - [2024-01-11T20:59:19.978+0200] {dagbag.py:538} INFO - Filling up the DagBag from /Users/angel.georgiev/VsCodeProjects/PythonExamples/.venv/lib/python3.10/site-packages/airflow/example_dags/example_nested_branch_dag.py
[2024-01-11T20:59:20.080+0200] {processor.py:840} INFO - DAG(s) 'example_nested_branch_dag' retrieved from /Users/angel.georgiev/VsCodeProjects/PythonExamples/.venv/lib/python3.10/site-packages/airflow/example_dags/example_nested_branch_dag.py
[2024-01-11T20:59:20.184+0200] {logging_mixin.py:188} INFO - [2024-01-11T20:59:20.184+0200] {dag.py:3033} INFO - Sync 1 DAGs
[2024-01-11T20:59:20.206+0200] {logging_mixin.py:188} INFO - [2024-01-11T20:59:20.206+0200] {dag.py:3820} INFO - Setting next_dagrun for example_nested_branch_dag to 2024-01-10T00:00:00+00:00, run_after=2024-01-11T00:00:00+00:00
[2024-01-11T20:59:20.230+0200] {processor.py:183} INFO - Processing /Users/angel.georgiev/VsCodeProjects/PythonExamples/.venv/lib/python3.10/site-packages/airflow/example_dags/example_nested_branch_dag.py took 0.259 seconds
