[2024-01-11T20:15:04.179+0200] {processor.py:161} INFO - Started process (PID=33261) to work on /Users/angel.georgiev/VsCodeProjects/PythonExamples/.venv/lib/python3.10/site-packages/airflow/example_dags/example_latest_only.py
[2024-01-11T20:15:04.183+0200] {processor.py:830} INFO - Processing file /Users/angel.georgiev/VsCodeProjects/PythonExamples/.venv/lib/python3.10/site-packages/airflow/example_dags/example_latest_only.py for tasks to queue
[2024-01-11T20:15:04.183+0200] {logging_mixin.py:188} INFO - [2024-01-11T20:15:04.183+0200] {dagbag.py:538} INFO - Filling up the DagBag from /Users/angel.georgiev/VsCodeProjects/PythonExamples/.venv/lib/python3.10/site-packages/airflow/example_dags/example_latest_only.py
[2024-01-11T20:15:04.195+0200] {processor.py:840} INFO - DAG(s) 'latest_only' retrieved from /Users/angel.georgiev/VsCodeProjects/PythonExamples/.venv/lib/python3.10/site-packages/airflow/example_dags/example_latest_only.py
[2024-01-11T20:15:04.434+0200] {logging_mixin.py:188} INFO - [2024-01-11T20:15:04.434+0200] {dag.py:3033} INFO - Sync 1 DAGs
[2024-01-11T20:15:04.449+0200] {logging_mixin.py:188} INFO - [2024-01-11T20:15:04.449+0200] {dag.py:3820} INFO - Setting next_dagrun for latest_only to 2024-01-11T12:00:00+00:00, run_after=2024-01-11T16:00:00+00:00
[2024-01-11T20:15:04.466+0200] {processor.py:183} INFO - Processing /Users/angel.georgiev/VsCodeProjects/PythonExamples/.venv/lib/python3.10/site-packages/airflow/example_dags/example_latest_only.py took 0.288 seconds
[2024-01-11T20:18:04.424+0200] {processor.py:161} INFO - Started process (PID=33541) to work on /Users/angel.georgiev/VsCodeProjects/PythonExamples/.venv/lib/python3.10/site-packages/airflow/example_dags/example_latest_only.py
[2024-01-11T20:18:04.430+0200] {processor.py:830} INFO - Processing file /Users/angel.georgiev/VsCodeProjects/PythonExamples/.venv/lib/python3.10/site-packages/airflow/example_dags/example_latest_only.py for tasks to queue
[2024-01-11T20:18:04.430+0200] {logging_mixin.py:188} INFO - [2024-01-11T20:18:04.430+0200] {dagbag.py:538} INFO - Filling up the DagBag from /Users/angel.georgiev/VsCodeProjects/PythonExamples/.venv/lib/python3.10/site-packages/airflow/example_dags/example_latest_only.py
[2024-01-11T20:18:04.443+0200] {processor.py:840} INFO - DAG(s) 'latest_only' retrieved from /Users/angel.georgiev/VsCodeProjects/PythonExamples/.venv/lib/python3.10/site-packages/airflow/example_dags/example_latest_only.py
[2024-01-11T20:18:04.592+0200] {logging_mixin.py:188} INFO - [2024-01-11T20:18:04.592+0200] {dag.py:3033} INFO - Sync 1 DAGs
[2024-01-11T20:18:04.607+0200] {logging_mixin.py:188} INFO - [2024-01-11T20:18:04.606+0200] {dag.py:3820} INFO - Setting next_dagrun for latest_only to 2024-01-11T12:00:00+00:00, run_after=2024-01-11T16:00:00+00:00
[2024-01-11T20:18:04.623+0200] {processor.py:183} INFO - Processing /Users/angel.georgiev/VsCodeProjects/PythonExamples/.venv/lib/python3.10/site-packages/airflow/example_dags/example_latest_only.py took 0.201 seconds
[2024-01-11T20:22:50.180+0200] {processor.py:161} INFO - Started process (PID=33836) to work on /Users/angel.georgiev/VsCodeProjects/PythonExamples/.venv/lib/python3.10/site-packages/airflow/example_dags/example_latest_only.py
[2024-01-11T20:22:50.194+0200] {processor.py:830} INFO - Processing file /Users/angel.georgiev/VsCodeProjects/PythonExamples/.venv/lib/python3.10/site-packages/airflow/example_dags/example_latest_only.py for tasks to queue
[2024-01-11T20:22:50.195+0200] {logging_mixin.py:188} INFO - [2024-01-11T20:22:50.195+0200] {dagbag.py:538} INFO - Filling up the DagBag from /Users/angel.georgiev/VsCodeProjects/PythonExamples/.venv/lib/python3.10/site-packages/airflow/example_dags/example_latest_only.py
[2024-01-11T20:22:50.229+0200] {processor.py:840} INFO - DAG(s) 'latest_only' retrieved from /Users/angel.georgiev/VsCodeProjects/PythonExamples/.venv/lib/python3.10/site-packages/airflow/example_dags/example_latest_only.py
[2024-01-11T20:22:50.381+0200] {logging_mixin.py:188} INFO - [2024-01-11T20:22:50.381+0200] {dag.py:3033} INFO - Sync 1 DAGs
[2024-01-11T20:22:50.396+0200] {logging_mixin.py:188} INFO - [2024-01-11T20:22:50.396+0200] {dag.py:3820} INFO - Setting next_dagrun for latest_only to 2024-01-11T12:00:00+00:00, run_after=2024-01-11T16:00:00+00:00
[2024-01-11T20:22:50.412+0200] {processor.py:183} INFO - Processing /Users/angel.georgiev/VsCodeProjects/PythonExamples/.venv/lib/python3.10/site-packages/airflow/example_dags/example_latest_only.py took 0.233 seconds
[2024-01-11T20:27:48.803+0200] {processor.py:161} INFO - Started process (PID=34177) to work on /Users/angel.georgiev/VsCodeProjects/PythonExamples/.venv/lib/python3.10/site-packages/airflow/example_dags/example_latest_only.py
[2024-01-11T20:27:48.812+0200] {processor.py:830} INFO - Processing file /Users/angel.georgiev/VsCodeProjects/PythonExamples/.venv/lib/python3.10/site-packages/airflow/example_dags/example_latest_only.py for tasks to queue
[2024-01-11T20:27:48.812+0200] {logging_mixin.py:188} INFO - [2024-01-11T20:27:48.812+0200] {dagbag.py:538} INFO - Filling up the DagBag from /Users/angel.georgiev/VsCodeProjects/PythonExamples/.venv/lib/python3.10/site-packages/airflow/example_dags/example_latest_only.py
[2024-01-11T20:27:48.827+0200] {processor.py:840} INFO - DAG(s) 'latest_only' retrieved from /Users/angel.georgiev/VsCodeProjects/PythonExamples/.venv/lib/python3.10/site-packages/airflow/example_dags/example_latest_only.py
[2024-01-11T20:27:49.001+0200] {logging_mixin.py:188} INFO - [2024-01-11T20:27:49.000+0200] {dag.py:3033} INFO - Sync 1 DAGs
[2024-01-11T20:27:49.018+0200] {logging_mixin.py:188} INFO - [2024-01-11T20:27:49.018+0200] {dag.py:3820} INFO - Setting next_dagrun for latest_only to 2024-01-11T12:00:00+00:00, run_after=2024-01-11T16:00:00+00:00
[2024-01-11T20:27:49.040+0200] {processor.py:183} INFO - Processing /Users/angel.georgiev/VsCodeProjects/PythonExamples/.venv/lib/python3.10/site-packages/airflow/example_dags/example_latest_only.py took 0.240 seconds
[2024-01-11T20:32:59.485+0200] {processor.py:161} INFO - Started process (PID=34507) to work on /Users/angel.georgiev/VsCodeProjects/PythonExamples/.venv/lib/python3.10/site-packages/airflow/example_dags/example_latest_only.py
[2024-01-11T20:32:59.492+0200] {processor.py:830} INFO - Processing file /Users/angel.georgiev/VsCodeProjects/PythonExamples/.venv/lib/python3.10/site-packages/airflow/example_dags/example_latest_only.py for tasks to queue
[2024-01-11T20:32:59.493+0200] {logging_mixin.py:188} INFO - [2024-01-11T20:32:59.493+0200] {dagbag.py:538} INFO - Filling up the DagBag from /Users/angel.georgiev/VsCodeProjects/PythonExamples/.venv/lib/python3.10/site-packages/airflow/example_dags/example_latest_only.py
[2024-01-11T20:32:59.510+0200] {processor.py:840} INFO - DAG(s) 'latest_only' retrieved from /Users/angel.georgiev/VsCodeProjects/PythonExamples/.venv/lib/python3.10/site-packages/airflow/example_dags/example_latest_only.py
[2024-01-11T20:32:59.691+0200] {logging_mixin.py:188} INFO - [2024-01-11T20:32:59.691+0200] {dag.py:3033} INFO - Sync 1 DAGs
[2024-01-11T20:32:59.712+0200] {logging_mixin.py:188} INFO - [2024-01-11T20:32:59.712+0200] {dag.py:3820} INFO - Setting next_dagrun for latest_only to 2024-01-11T12:00:00+00:00, run_after=2024-01-11T16:00:00+00:00
[2024-01-11T20:32:59.735+0200] {processor.py:183} INFO - Processing /Users/angel.georgiev/VsCodeProjects/PythonExamples/.venv/lib/python3.10/site-packages/airflow/example_dags/example_latest_only.py took 0.252 seconds
[2024-01-11T20:35:46.030+0200] {processor.py:161} INFO - Started process (PID=34633) to work on /Users/angel.georgiev/VsCodeProjects/PythonExamples/.venv/lib/python3.10/site-packages/airflow/example_dags/example_latest_only.py
[2024-01-11T20:35:46.034+0200] {processor.py:830} INFO - Processing file /Users/angel.georgiev/VsCodeProjects/PythonExamples/.venv/lib/python3.10/site-packages/airflow/example_dags/example_latest_only.py for tasks to queue
[2024-01-11T20:35:46.034+0200] {logging_mixin.py:188} INFO - [2024-01-11T20:35:46.034+0200] {dagbag.py:538} INFO - Filling up the DagBag from /Users/angel.georgiev/VsCodeProjects/PythonExamples/.venv/lib/python3.10/site-packages/airflow/example_dags/example_latest_only.py
[2024-01-11T20:35:46.046+0200] {processor.py:840} INFO - DAG(s) 'latest_only' retrieved from /Users/angel.georgiev/VsCodeProjects/PythonExamples/.venv/lib/python3.10/site-packages/airflow/example_dags/example_latest_only.py
[2024-01-11T20:35:46.204+0200] {logging_mixin.py:188} INFO - [2024-01-11T20:35:46.203+0200] {dag.py:3033} INFO - Sync 1 DAGs
[2024-01-11T20:35:46.220+0200] {logging_mixin.py:188} INFO - [2024-01-11T20:35:46.219+0200] {dag.py:3820} INFO - Setting next_dagrun for latest_only to 2024-01-11T12:00:00+00:00, run_after=2024-01-11T16:00:00+00:00
[2024-01-11T20:35:46.243+0200] {processor.py:183} INFO - Processing /Users/angel.georgiev/VsCodeProjects/PythonExamples/.venv/lib/python3.10/site-packages/airflow/example_dags/example_latest_only.py took 0.215 seconds
[2024-01-11T20:39:04.578+0200] {processor.py:161} INFO - Started process (PID=34944) to work on /Users/angel.georgiev/VsCodeProjects/PythonExamples/.venv/lib/python3.10/site-packages/airflow/example_dags/example_latest_only.py
[2024-01-11T20:39:04.585+0200] {processor.py:830} INFO - Processing file /Users/angel.georgiev/VsCodeProjects/PythonExamples/.venv/lib/python3.10/site-packages/airflow/example_dags/example_latest_only.py for tasks to queue
[2024-01-11T20:39:04.586+0200] {logging_mixin.py:188} INFO - [2024-01-11T20:39:04.586+0200] {dagbag.py:538} INFO - Filling up the DagBag from /Users/angel.georgiev/VsCodeProjects/PythonExamples/.venv/lib/python3.10/site-packages/airflow/example_dags/example_latest_only.py
[2024-01-11T20:39:04.601+0200] {processor.py:840} INFO - DAG(s) 'latest_only' retrieved from /Users/angel.georgiev/VsCodeProjects/PythonExamples/.venv/lib/python3.10/site-packages/airflow/example_dags/example_latest_only.py
[2024-01-11T20:39:04.977+0200] {logging_mixin.py:188} INFO - [2024-01-11T20:39:04.976+0200] {dag.py:3033} INFO - Sync 1 DAGs
[2024-01-11T20:39:05.001+0200] {logging_mixin.py:188} INFO - [2024-01-11T20:39:05.001+0200] {dag.py:3820} INFO - Setting next_dagrun for latest_only to 2024-01-11T12:00:00+00:00, run_after=2024-01-11T16:00:00+00:00
[2024-01-11T20:39:05.030+0200] {processor.py:183} INFO - Processing /Users/angel.georgiev/VsCodeProjects/PythonExamples/.venv/lib/python3.10/site-packages/airflow/example_dags/example_latest_only.py took 0.454 seconds
[2024-01-11T20:42:11.397+0200] {processor.py:161} INFO - Started process (PID=35236) to work on /Users/angel.georgiev/VsCodeProjects/PythonExamples/.venv/lib/python3.10/site-packages/airflow/example_dags/example_latest_only.py
[2024-01-11T20:42:11.401+0200] {processor.py:830} INFO - Processing file /Users/angel.georgiev/VsCodeProjects/PythonExamples/.venv/lib/python3.10/site-packages/airflow/example_dags/example_latest_only.py for tasks to queue
[2024-01-11T20:42:11.402+0200] {logging_mixin.py:188} INFO - [2024-01-11T20:42:11.401+0200] {dagbag.py:538} INFO - Filling up the DagBag from /Users/angel.georgiev/VsCodeProjects/PythonExamples/.venv/lib/python3.10/site-packages/airflow/example_dags/example_latest_only.py
[2024-01-11T20:42:11.412+0200] {processor.py:840} INFO - DAG(s) 'latest_only' retrieved from /Users/angel.georgiev/VsCodeProjects/PythonExamples/.venv/lib/python3.10/site-packages/airflow/example_dags/example_latest_only.py
[2024-01-11T20:42:11.561+0200] {logging_mixin.py:188} INFO - [2024-01-11T20:42:11.561+0200] {dag.py:3033} INFO - Sync 1 DAGs
[2024-01-11T20:42:11.575+0200] {logging_mixin.py:188} INFO - [2024-01-11T20:42:11.575+0200] {dag.py:3820} INFO - Setting next_dagrun for latest_only to 2024-01-11T12:00:00+00:00, run_after=2024-01-11T16:00:00+00:00
[2024-01-11T20:42:11.593+0200] {processor.py:183} INFO - Processing /Users/angel.georgiev/VsCodeProjects/PythonExamples/.venv/lib/python3.10/site-packages/airflow/example_dags/example_latest_only.py took 0.198 seconds
[2024-01-11T20:46:45.355+0200] {processor.py:161} INFO - Started process (PID=35425) to work on /Users/angel.georgiev/VsCodeProjects/PythonExamples/.venv/lib/python3.10/site-packages/airflow/example_dags/example_latest_only.py
[2024-01-11T20:46:45.360+0200] {processor.py:830} INFO - Processing file /Users/angel.georgiev/VsCodeProjects/PythonExamples/.venv/lib/python3.10/site-packages/airflow/example_dags/example_latest_only.py for tasks to queue
[2024-01-11T20:46:45.360+0200] {logging_mixin.py:188} INFO - [2024-01-11T20:46:45.360+0200] {dagbag.py:538} INFO - Filling up the DagBag from /Users/angel.georgiev/VsCodeProjects/PythonExamples/.venv/lib/python3.10/site-packages/airflow/example_dags/example_latest_only.py
[2024-01-11T20:46:45.372+0200] {processor.py:840} INFO - DAG(s) 'latest_only' retrieved from /Users/angel.georgiev/VsCodeProjects/PythonExamples/.venv/lib/python3.10/site-packages/airflow/example_dags/example_latest_only.py
[2024-01-11T20:46:45.518+0200] {logging_mixin.py:188} INFO - [2024-01-11T20:46:45.517+0200] {dag.py:3033} INFO - Sync 1 DAGs
[2024-01-11T20:46:45.532+0200] {logging_mixin.py:188} INFO - [2024-01-11T20:46:45.532+0200] {dag.py:3820} INFO - Setting next_dagrun for latest_only to 2024-01-11T12:00:00+00:00, run_after=2024-01-11T16:00:00+00:00
[2024-01-11T20:46:45.548+0200] {processor.py:183} INFO - Processing /Users/angel.georgiev/VsCodeProjects/PythonExamples/.venv/lib/python3.10/site-packages/airflow/example_dags/example_latest_only.py took 0.194 seconds
[2024-01-11T20:50:37.339+0200] {processor.py:161} INFO - Started process (PID=35711) to work on /Users/angel.georgiev/VsCodeProjects/PythonExamples/.venv/lib/python3.10/site-packages/airflow/example_dags/example_latest_only.py
[2024-01-11T20:50:37.344+0200] {processor.py:830} INFO - Processing file /Users/angel.georgiev/VsCodeProjects/PythonExamples/.venv/lib/python3.10/site-packages/airflow/example_dags/example_latest_only.py for tasks to queue
[2024-01-11T20:50:37.344+0200] {logging_mixin.py:188} INFO - [2024-01-11T20:50:37.344+0200] {dagbag.py:538} INFO - Filling up the DagBag from /Users/angel.georgiev/VsCodeProjects/PythonExamples/.venv/lib/python3.10/site-packages/airflow/example_dags/example_latest_only.py
[2024-01-11T20:50:37.358+0200] {processor.py:840} INFO - DAG(s) 'latest_only' retrieved from /Users/angel.georgiev/VsCodeProjects/PythonExamples/.venv/lib/python3.10/site-packages/airflow/example_dags/example_latest_only.py
[2024-01-11T20:50:37.501+0200] {logging_mixin.py:188} INFO - [2024-01-11T20:50:37.500+0200] {dag.py:3033} INFO - Sync 1 DAGs
[2024-01-11T20:50:37.514+0200] {logging_mixin.py:188} INFO - [2024-01-11T20:50:37.514+0200] {dag.py:3820} INFO - Setting next_dagrun for latest_only to 2024-01-11T12:00:00+00:00, run_after=2024-01-11T16:00:00+00:00
[2024-01-11T20:50:37.530+0200] {processor.py:183} INFO - Processing /Users/angel.georgiev/VsCodeProjects/PythonExamples/.venv/lib/python3.10/site-packages/airflow/example_dags/example_latest_only.py took 0.193 seconds
[2024-01-11T20:54:37.392+0200] {processor.py:161} INFO - Started process (PID=35997) to work on /Users/angel.georgiev/VsCodeProjects/PythonExamples/.venv/lib/python3.10/site-packages/airflow/example_dags/example_latest_only.py
[2024-01-11T20:54:37.409+0200] {processor.py:830} INFO - Processing file /Users/angel.georgiev/VsCodeProjects/PythonExamples/.venv/lib/python3.10/site-packages/airflow/example_dags/example_latest_only.py for tasks to queue
[2024-01-11T20:54:37.410+0200] {logging_mixin.py:188} INFO - [2024-01-11T20:54:37.410+0200] {dagbag.py:538} INFO - Filling up the DagBag from /Users/angel.georgiev/VsCodeProjects/PythonExamples/.venv/lib/python3.10/site-packages/airflow/example_dags/example_latest_only.py
[2024-01-11T20:54:37.434+0200] {processor.py:840} INFO - DAG(s) 'latest_only' retrieved from /Users/angel.georgiev/VsCodeProjects/PythonExamples/.venv/lib/python3.10/site-packages/airflow/example_dags/example_latest_only.py
[2024-01-11T20:54:37.595+0200] {logging_mixin.py:188} INFO - [2024-01-11T20:54:37.595+0200] {dag.py:3033} INFO - Sync 1 DAGs
[2024-01-11T20:54:37.610+0200] {logging_mixin.py:188} INFO - [2024-01-11T20:54:37.610+0200] {dag.py:3820} INFO - Setting next_dagrun for latest_only to 2024-01-11T12:00:00+00:00, run_after=2024-01-11T16:00:00+00:00
[2024-01-11T20:54:37.627+0200] {processor.py:183} INFO - Processing /Users/angel.georgiev/VsCodeProjects/PythonExamples/.venv/lib/python3.10/site-packages/airflow/example_dags/example_latest_only.py took 0.236 seconds
