[2024-01-11T20:14:34.928+0200] {processor.py:161} INFO - Started process (PID=33244) to work on /Users/angel.georgiev/VsCodeProjects/PythonExamples/.venv/lib/python3.10/site-packages/airflow/example_dags/example_sensor_decorator.py
[2024-01-11T20:14:34.932+0200] {processor.py:830} INFO - Processing file /Users/angel.georgiev/VsCodeProjects/PythonExamples/.venv/lib/python3.10/site-packages/airflow/example_dags/example_sensor_decorator.py for tasks to queue
[2024-01-11T20:14:34.932+0200] {logging_mixin.py:188} INFO - [2024-01-11T20:14:34.932+0200] {dagbag.py:538} INFO - Filling up the DagBag from /Users/angel.georgiev/VsCodeProjects/PythonExamples/.venv/lib/python3.10/site-packages/airflow/example_dags/example_sensor_decorator.py
[2024-01-11T20:14:35.039+0200] {processor.py:840} INFO - DAG(s) 'example_sensor_decorator' retrieved from /Users/angel.georgiev/VsCodeProjects/PythonExamples/.venv/lib/python3.10/site-packages/airflow/example_dags/example_sensor_decorator.py
[2024-01-11T20:14:35.227+0200] {logging_mixin.py:188} INFO - [2024-01-11T20:14:35.227+0200] {dag.py:3033} INFO - Sync 1 DAGs
[2024-01-11T20:14:35.234+0200] {logging_mixin.py:188} INFO - [2024-01-11T20:14:35.234+0200] {dag.py:3820} INFO - Setting next_dagrun for example_sensor_decorator to None, run_after=None
[2024-01-11T20:14:35.251+0200] {processor.py:183} INFO - Processing /Users/angel.georgiev/VsCodeProjects/PythonExamples/.venv/lib/python3.10/site-packages/airflow/example_dags/example_sensor_decorator.py took 0.324 seconds
[2024-01-11T20:17:37.033+0200] {processor.py:161} INFO - Started process (PID=33528) to work on /Users/angel.georgiev/VsCodeProjects/PythonExamples/.venv/lib/python3.10/site-packages/airflow/example_dags/example_sensor_decorator.py
[2024-01-11T20:17:37.038+0200] {processor.py:830} INFO - Processing file /Users/angel.georgiev/VsCodeProjects/PythonExamples/.venv/lib/python3.10/site-packages/airflow/example_dags/example_sensor_decorator.py for tasks to queue
[2024-01-11T20:17:37.038+0200] {logging_mixin.py:188} INFO - [2024-01-11T20:17:37.038+0200] {dagbag.py:538} INFO - Filling up the DagBag from /Users/angel.georgiev/VsCodeProjects/PythonExamples/.venv/lib/python3.10/site-packages/airflow/example_dags/example_sensor_decorator.py
[2024-01-11T20:17:37.127+0200] {processor.py:840} INFO - DAG(s) 'example_sensor_decorator' retrieved from /Users/angel.georgiev/VsCodeProjects/PythonExamples/.venv/lib/python3.10/site-packages/airflow/example_dags/example_sensor_decorator.py
[2024-01-11T20:17:37.236+0200] {logging_mixin.py:188} INFO - [2024-01-11T20:17:37.236+0200] {dag.py:3033} INFO - Sync 1 DAGs
[2024-01-11T20:17:37.244+0200] {logging_mixin.py:188} INFO - [2024-01-11T20:17:37.243+0200] {dag.py:3820} INFO - Setting next_dagrun for example_sensor_decorator to None, run_after=None
[2024-01-11T20:17:37.263+0200] {processor.py:183} INFO - Processing /Users/angel.georgiev/VsCodeProjects/PythonExamples/.venv/lib/python3.10/site-packages/airflow/example_dags/example_sensor_decorator.py took 0.232 seconds
[2024-01-11T20:19:56.240+0200] {processor.py:161} INFO - Started process (PID=33681) to work on /Users/angel.georgiev/VsCodeProjects/PythonExamples/.venv/lib/python3.10/site-packages/airflow/example_dags/example_sensor_decorator.py
[2024-01-11T20:19:56.245+0200] {processor.py:830} INFO - Processing file /Users/angel.georgiev/VsCodeProjects/PythonExamples/.venv/lib/python3.10/site-packages/airflow/example_dags/example_sensor_decorator.py for tasks to queue
[2024-01-11T20:19:56.245+0200] {logging_mixin.py:188} INFO - [2024-01-11T20:19:56.245+0200] {dagbag.py:538} INFO - Filling up the DagBag from /Users/angel.georgiev/VsCodeProjects/PythonExamples/.venv/lib/python3.10/site-packages/airflow/example_dags/example_sensor_decorator.py
[2024-01-11T20:19:56.337+0200] {processor.py:840} INFO - DAG(s) 'example_sensor_decorator' retrieved from /Users/angel.georgiev/VsCodeProjects/PythonExamples/.venv/lib/python3.10/site-packages/airflow/example_dags/example_sensor_decorator.py
[2024-01-11T20:19:56.456+0200] {logging_mixin.py:188} INFO - [2024-01-11T20:19:56.456+0200] {dag.py:3033} INFO - Sync 1 DAGs
[2024-01-11T20:19:56.464+0200] {logging_mixin.py:188} INFO - [2024-01-11T20:19:56.463+0200] {dag.py:3820} INFO - Setting next_dagrun for example_sensor_decorator to None, run_after=None
[2024-01-11T20:19:56.489+0200] {processor.py:183} INFO - Processing /Users/angel.georgiev/VsCodeProjects/PythonExamples/.venv/lib/python3.10/site-packages/airflow/example_dags/example_sensor_decorator.py took 0.250 seconds
[2024-01-11T20:22:22.538+0200] {processor.py:161} INFO - Started process (PID=33811) to work on /Users/angel.georgiev/VsCodeProjects/PythonExamples/.venv/lib/python3.10/site-packages/airflow/example_dags/example_sensor_decorator.py
[2024-01-11T20:22:22.543+0200] {processor.py:830} INFO - Processing file /Users/angel.georgiev/VsCodeProjects/PythonExamples/.venv/lib/python3.10/site-packages/airflow/example_dags/example_sensor_decorator.py for tasks to queue
[2024-01-11T20:22:22.544+0200] {logging_mixin.py:188} INFO - [2024-01-11T20:22:22.543+0200] {dagbag.py:538} INFO - Filling up the DagBag from /Users/angel.georgiev/VsCodeProjects/PythonExamples/.venv/lib/python3.10/site-packages/airflow/example_dags/example_sensor_decorator.py
[2024-01-11T20:22:22.632+0200] {processor.py:840} INFO - DAG(s) 'example_sensor_decorator' retrieved from /Users/angel.georgiev/VsCodeProjects/PythonExamples/.venv/lib/python3.10/site-packages/airflow/example_dags/example_sensor_decorator.py
[2024-01-11T20:22:22.739+0200] {logging_mixin.py:188} INFO - [2024-01-11T20:22:22.738+0200] {dag.py:3033} INFO - Sync 1 DAGs
[2024-01-11T20:22:22.746+0200] {logging_mixin.py:188} INFO - [2024-01-11T20:22:22.746+0200] {dag.py:3820} INFO - Setting next_dagrun for example_sensor_decorator to None, run_after=None
[2024-01-11T20:22:22.763+0200] {processor.py:183} INFO - Processing /Users/angel.georgiev/VsCodeProjects/PythonExamples/.venv/lib/python3.10/site-packages/airflow/example_dags/example_sensor_decorator.py took 0.226 seconds
[2024-01-11T20:24:51.785+0200] {processor.py:161} INFO - Started process (PID=34050) to work on /Users/angel.georgiev/VsCodeProjects/PythonExamples/.venv/lib/python3.10/site-packages/airflow/example_dags/example_sensor_decorator.py
[2024-01-11T20:24:51.790+0200] {processor.py:830} INFO - Processing file /Users/angel.georgiev/VsCodeProjects/PythonExamples/.venv/lib/python3.10/site-packages/airflow/example_dags/example_sensor_decorator.py for tasks to queue
[2024-01-11T20:24:51.790+0200] {logging_mixin.py:188} INFO - [2024-01-11T20:24:51.790+0200] {dagbag.py:538} INFO - Filling up the DagBag from /Users/angel.georgiev/VsCodeProjects/PythonExamples/.venv/lib/python3.10/site-packages/airflow/example_dags/example_sensor_decorator.py
[2024-01-11T20:24:51.876+0200] {processor.py:840} INFO - DAG(s) 'example_sensor_decorator' retrieved from /Users/angel.georgiev/VsCodeProjects/PythonExamples/.venv/lib/python3.10/site-packages/airflow/example_dags/example_sensor_decorator.py
[2024-01-11T20:24:51.998+0200] {logging_mixin.py:188} INFO - [2024-01-11T20:24:51.998+0200] {dag.py:3033} INFO - Sync 1 DAGs
[2024-01-11T20:24:52.007+0200] {logging_mixin.py:188} INFO - [2024-01-11T20:24:52.007+0200] {dag.py:3820} INFO - Setting next_dagrun for example_sensor_decorator to None, run_after=None
[2024-01-11T20:24:52.028+0200] {processor.py:183} INFO - Processing /Users/angel.georgiev/VsCodeProjects/PythonExamples/.venv/lib/python3.10/site-packages/airflow/example_dags/example_sensor_decorator.py took 0.245 seconds
[2024-01-11T20:27:19.662+0200] {processor.py:161} INFO - Started process (PID=34152) to work on /Users/angel.georgiev/VsCodeProjects/PythonExamples/.venv/lib/python3.10/site-packages/airflow/example_dags/example_sensor_decorator.py
[2024-01-11T20:27:19.673+0200] {processor.py:830} INFO - Processing file /Users/angel.georgiev/VsCodeProjects/PythonExamples/.venv/lib/python3.10/site-packages/airflow/example_dags/example_sensor_decorator.py for tasks to queue
[2024-01-11T20:27:19.674+0200] {logging_mixin.py:188} INFO - [2024-01-11T20:27:19.674+0200] {dagbag.py:538} INFO - Filling up the DagBag from /Users/angel.georgiev/VsCodeProjects/PythonExamples/.venv/lib/python3.10/site-packages/airflow/example_dags/example_sensor_decorator.py
[2024-01-11T20:27:19.839+0200] {processor.py:840} INFO - DAG(s) 'example_sensor_decorator' retrieved from /Users/angel.georgiev/VsCodeProjects/PythonExamples/.venv/lib/python3.10/site-packages/airflow/example_dags/example_sensor_decorator.py
[2024-01-11T20:27:20.022+0200] {logging_mixin.py:188} INFO - [2024-01-11T20:27:20.022+0200] {dag.py:3033} INFO - Sync 1 DAGs
[2024-01-11T20:27:20.034+0200] {logging_mixin.py:188} INFO - [2024-01-11T20:27:20.034+0200] {dag.py:3820} INFO - Setting next_dagrun for example_sensor_decorator to None, run_after=None
[2024-01-11T20:27:20.060+0200] {processor.py:183} INFO - Processing /Users/angel.georgiev/VsCodeProjects/PythonExamples/.venv/lib/python3.10/site-packages/airflow/example_dags/example_sensor_decorator.py took 0.401 seconds
[2024-01-11T20:29:39.068+0200] {processor.py:161} INFO - Started process (PID=34339) to work on /Users/angel.georgiev/VsCodeProjects/PythonExamples/.venv/lib/python3.10/site-packages/airflow/example_dags/example_sensor_decorator.py
[2024-01-11T20:29:39.073+0200] {processor.py:830} INFO - Processing file /Users/angel.georgiev/VsCodeProjects/PythonExamples/.venv/lib/python3.10/site-packages/airflow/example_dags/example_sensor_decorator.py for tasks to queue
[2024-01-11T20:29:39.073+0200] {logging_mixin.py:188} INFO - [2024-01-11T20:29:39.073+0200] {dagbag.py:538} INFO - Filling up the DagBag from /Users/angel.georgiev/VsCodeProjects/PythonExamples/.venv/lib/python3.10/site-packages/airflow/example_dags/example_sensor_decorator.py
[2024-01-11T20:29:39.178+0200] {processor.py:840} INFO - DAG(s) 'example_sensor_decorator' retrieved from /Users/angel.georgiev/VsCodeProjects/PythonExamples/.venv/lib/python3.10/site-packages/airflow/example_dags/example_sensor_decorator.py
[2024-01-11T20:29:39.290+0200] {logging_mixin.py:188} INFO - [2024-01-11T20:29:39.290+0200] {dag.py:3033} INFO - Sync 1 DAGs
[2024-01-11T20:29:39.298+0200] {logging_mixin.py:188} INFO - [2024-01-11T20:29:39.298+0200] {dag.py:3820} INFO - Setting next_dagrun for example_sensor_decorator to None, run_after=None
[2024-01-11T20:29:39.317+0200] {processor.py:183} INFO - Processing /Users/angel.georgiev/VsCodeProjects/PythonExamples/.venv/lib/python3.10/site-packages/airflow/example_dags/example_sensor_decorator.py took 0.250 seconds
[2024-01-11T20:32:17.375+0200] {processor.py:161} INFO - Started process (PID=34470) to work on /Users/angel.georgiev/VsCodeProjects/PythonExamples/.venv/lib/python3.10/site-packages/airflow/example_dags/example_sensor_decorator.py
[2024-01-11T20:32:17.380+0200] {processor.py:830} INFO - Processing file /Users/angel.georgiev/VsCodeProjects/PythonExamples/.venv/lib/python3.10/site-packages/airflow/example_dags/example_sensor_decorator.py for tasks to queue
[2024-01-11T20:32:17.381+0200] {logging_mixin.py:188} INFO - [2024-01-11T20:32:17.381+0200] {dagbag.py:538} INFO - Filling up the DagBag from /Users/angel.georgiev/VsCodeProjects/PythonExamples/.venv/lib/python3.10/site-packages/airflow/example_dags/example_sensor_decorator.py
[2024-01-11T20:32:17.484+0200] {processor.py:840} INFO - DAG(s) 'example_sensor_decorator' retrieved from /Users/angel.georgiev/VsCodeProjects/PythonExamples/.venv/lib/python3.10/site-packages/airflow/example_dags/example_sensor_decorator.py
[2024-01-11T20:32:17.812+0200] {logging_mixin.py:188} INFO - [2024-01-11T20:32:17.812+0200] {dag.py:3033} INFO - Sync 1 DAGs
[2024-01-11T20:32:17.824+0200] {logging_mixin.py:188} INFO - [2024-01-11T20:32:17.824+0200] {dag.py:3820} INFO - Setting next_dagrun for example_sensor_decorator to None, run_after=None
[2024-01-11T20:32:17.844+0200] {processor.py:183} INFO - Processing /Users/angel.georgiev/VsCodeProjects/PythonExamples/.venv/lib/python3.10/site-packages/airflow/example_dags/example_sensor_decorator.py took 0.471 seconds
[2024-01-11T20:35:09.615+0200] {processor.py:161} INFO - Started process (PID=34610) to work on /Users/angel.georgiev/VsCodeProjects/PythonExamples/.venv/lib/python3.10/site-packages/airflow/example_dags/example_sensor_decorator.py
[2024-01-11T20:35:09.620+0200] {processor.py:830} INFO - Processing file /Users/angel.georgiev/VsCodeProjects/PythonExamples/.venv/lib/python3.10/site-packages/airflow/example_dags/example_sensor_decorator.py for tasks to queue
[2024-01-11T20:35:09.620+0200] {logging_mixin.py:188} INFO - [2024-01-11T20:35:09.620+0200] {dagbag.py:538} INFO - Filling up the DagBag from /Users/angel.georgiev/VsCodeProjects/PythonExamples/.venv/lib/python3.10/site-packages/airflow/example_dags/example_sensor_decorator.py
[2024-01-11T20:35:09.715+0200] {processor.py:840} INFO - DAG(s) 'example_sensor_decorator' retrieved from /Users/angel.georgiev/VsCodeProjects/PythonExamples/.venv/lib/python3.10/site-packages/airflow/example_dags/example_sensor_decorator.py
[2024-01-11T20:35:09.830+0200] {logging_mixin.py:188} INFO - [2024-01-11T20:35:09.830+0200] {dag.py:3033} INFO - Sync 1 DAGs
[2024-01-11T20:35:09.839+0200] {logging_mixin.py:188} INFO - [2024-01-11T20:35:09.838+0200] {dag.py:3820} INFO - Setting next_dagrun for example_sensor_decorator to None, run_after=None
[2024-01-11T20:35:09.860+0200] {processor.py:183} INFO - Processing /Users/angel.georgiev/VsCodeProjects/PythonExamples/.venv/lib/python3.10/site-packages/airflow/example_dags/example_sensor_decorator.py took 0.247 seconds
[2024-01-11T20:38:18.760+0200] {processor.py:161} INFO - Started process (PID=34897) to work on /Users/angel.georgiev/VsCodeProjects/PythonExamples/.venv/lib/python3.10/site-packages/airflow/example_dags/example_sensor_decorator.py
[2024-01-11T20:38:18.770+0200] {processor.py:830} INFO - Processing file /Users/angel.georgiev/VsCodeProjects/PythonExamples/.venv/lib/python3.10/site-packages/airflow/example_dags/example_sensor_decorator.py for tasks to queue
[2024-01-11T20:38:18.771+0200] {logging_mixin.py:188} INFO - [2024-01-11T20:38:18.771+0200] {dagbag.py:538} INFO - Filling up the DagBag from /Users/angel.georgiev/VsCodeProjects/PythonExamples/.venv/lib/python3.10/site-packages/airflow/example_dags/example_sensor_decorator.py
[2024-01-11T20:38:18.893+0200] {processor.py:840} INFO - DAG(s) 'example_sensor_decorator' retrieved from /Users/angel.georgiev/VsCodeProjects/PythonExamples/.venv/lib/python3.10/site-packages/airflow/example_dags/example_sensor_decorator.py
[2024-01-11T20:38:19.030+0200] {logging_mixin.py:188} INFO - [2024-01-11T20:38:19.030+0200] {dag.py:3033} INFO - Sync 1 DAGs
[2024-01-11T20:38:19.039+0200] {logging_mixin.py:188} INFO - [2024-01-11T20:38:19.039+0200] {dag.py:3820} INFO - Setting next_dagrun for example_sensor_decorator to None, run_after=None
[2024-01-11T20:38:19.059+0200] {processor.py:183} INFO - Processing /Users/angel.georgiev/VsCodeProjects/PythonExamples/.venv/lib/python3.10/site-packages/airflow/example_dags/example_sensor_decorator.py took 0.300 seconds
[2024-01-11T20:41:42.897+0200] {processor.py:161} INFO - Started process (PID=35205) to work on /Users/angel.georgiev/VsCodeProjects/PythonExamples/.venv/lib/python3.10/site-packages/airflow/example_dags/example_sensor_decorator.py
[2024-01-11T20:41:42.903+0200] {processor.py:830} INFO - Processing file /Users/angel.georgiev/VsCodeProjects/PythonExamples/.venv/lib/python3.10/site-packages/airflow/example_dags/example_sensor_decorator.py for tasks to queue
[2024-01-11T20:41:42.904+0200] {logging_mixin.py:188} INFO - [2024-01-11T20:41:42.903+0200] {dagbag.py:538} INFO - Filling up the DagBag from /Users/angel.georgiev/VsCodeProjects/PythonExamples/.venv/lib/python3.10/site-packages/airflow/example_dags/example_sensor_decorator.py
[2024-01-11T20:41:43.013+0200] {processor.py:840} INFO - DAG(s) 'example_sensor_decorator' retrieved from /Users/angel.georgiev/VsCodeProjects/PythonExamples/.venv/lib/python3.10/site-packages/airflow/example_dags/example_sensor_decorator.py
[2024-01-11T20:41:43.146+0200] {logging_mixin.py:188} INFO - [2024-01-11T20:41:43.145+0200] {dag.py:3033} INFO - Sync 1 DAGs
[2024-01-11T20:41:43.155+0200] {logging_mixin.py:188} INFO - [2024-01-11T20:41:43.155+0200] {dag.py:3820} INFO - Setting next_dagrun for example_sensor_decorator to None, run_after=None
[2024-01-11T20:41:43.176+0200] {processor.py:183} INFO - Processing /Users/angel.georgiev/VsCodeProjects/PythonExamples/.venv/lib/python3.10/site-packages/airflow/example_dags/example_sensor_decorator.py took 0.281 seconds
[2024-01-11T20:44:23.175+0200] {processor.py:161} INFO - Started process (PID=35337) to work on /Users/angel.georgiev/VsCodeProjects/PythonExamples/.venv/lib/python3.10/site-packages/airflow/example_dags/example_sensor_decorator.py
[2024-01-11T20:44:23.180+0200] {processor.py:830} INFO - Processing file /Users/angel.georgiev/VsCodeProjects/PythonExamples/.venv/lib/python3.10/site-packages/airflow/example_dags/example_sensor_decorator.py for tasks to queue
[2024-01-11T20:44:23.181+0200] {logging_mixin.py:188} INFO - [2024-01-11T20:44:23.181+0200] {dagbag.py:538} INFO - Filling up the DagBag from /Users/angel.georgiev/VsCodeProjects/PythonExamples/.venv/lib/python3.10/site-packages/airflow/example_dags/example_sensor_decorator.py
[2024-01-11T20:44:23.269+0200] {processor.py:840} INFO - DAG(s) 'example_sensor_decorator' retrieved from /Users/angel.georgiev/VsCodeProjects/PythonExamples/.venv/lib/python3.10/site-packages/airflow/example_dags/example_sensor_decorator.py
[2024-01-11T20:44:23.375+0200] {logging_mixin.py:188} INFO - [2024-01-11T20:44:23.375+0200] {dag.py:3033} INFO - Sync 1 DAGs
[2024-01-11T20:44:23.383+0200] {logging_mixin.py:188} INFO - [2024-01-11T20:44:23.383+0200] {dag.py:3820} INFO - Setting next_dagrun for example_sensor_decorator to None, run_after=None
[2024-01-11T20:44:23.402+0200] {processor.py:183} INFO - Processing /Users/angel.georgiev/VsCodeProjects/PythonExamples/.venv/lib/python3.10/site-packages/airflow/example_dags/example_sensor_decorator.py took 0.228 seconds
[2024-01-11T20:46:26.851+0200] {processor.py:161} INFO - Started process (PID=35417) to work on /Users/angel.georgiev/VsCodeProjects/PythonExamples/.venv/lib/python3.10/site-packages/airflow/example_dags/example_sensor_decorator.py
[2024-01-11T20:46:26.855+0200] {processor.py:830} INFO - Processing file /Users/angel.georgiev/VsCodeProjects/PythonExamples/.venv/lib/python3.10/site-packages/airflow/example_dags/example_sensor_decorator.py for tasks to queue
[2024-01-11T20:46:26.856+0200] {logging_mixin.py:188} INFO - [2024-01-11T20:46:26.856+0200] {dagbag.py:538} INFO - Filling up the DagBag from /Users/angel.georgiev/VsCodeProjects/PythonExamples/.venv/lib/python3.10/site-packages/airflow/example_dags/example_sensor_decorator.py
[2024-01-11T20:46:26.941+0200] {processor.py:840} INFO - DAG(s) 'example_sensor_decorator' retrieved from /Users/angel.georgiev/VsCodeProjects/PythonExamples/.venv/lib/python3.10/site-packages/airflow/example_dags/example_sensor_decorator.py
[2024-01-11T20:46:27.051+0200] {logging_mixin.py:188} INFO - [2024-01-11T20:46:27.050+0200] {dag.py:3033} INFO - Sync 1 DAGs
[2024-01-11T20:46:27.058+0200] {logging_mixin.py:188} INFO - [2024-01-11T20:46:27.058+0200] {dag.py:3820} INFO - Setting next_dagrun for example_sensor_decorator to None, run_after=None
[2024-01-11T20:46:27.076+0200] {processor.py:183} INFO - Processing /Users/angel.georgiev/VsCodeProjects/PythonExamples/.venv/lib/python3.10/site-packages/airflow/example_dags/example_sensor_decorator.py took 0.225 seconds
[2024-01-11T20:48:25.760+0200] {processor.py:161} INFO - Started process (PID=35507) to work on /Users/angel.georgiev/VsCodeProjects/PythonExamples/.venv/lib/python3.10/site-packages/airflow/example_dags/example_sensor_decorator.py
[2024-01-11T20:48:25.765+0200] {processor.py:830} INFO - Processing file /Users/angel.georgiev/VsCodeProjects/PythonExamples/.venv/lib/python3.10/site-packages/airflow/example_dags/example_sensor_decorator.py for tasks to queue
[2024-01-11T20:48:25.766+0200] {logging_mixin.py:188} INFO - [2024-01-11T20:48:25.765+0200] {dagbag.py:538} INFO - Filling up the DagBag from /Users/angel.georgiev/VsCodeProjects/PythonExamples/.venv/lib/python3.10/site-packages/airflow/example_dags/example_sensor_decorator.py
[2024-01-11T20:48:25.847+0200] {processor.py:840} INFO - DAG(s) 'example_sensor_decorator' retrieved from /Users/angel.georgiev/VsCodeProjects/PythonExamples/.venv/lib/python3.10/site-packages/airflow/example_dags/example_sensor_decorator.py
[2024-01-11T20:48:25.952+0200] {logging_mixin.py:188} INFO - [2024-01-11T20:48:25.952+0200] {dag.py:3033} INFO - Sync 1 DAGs
[2024-01-11T20:48:25.959+0200] {logging_mixin.py:188} INFO - [2024-01-11T20:48:25.959+0200] {dag.py:3820} INFO - Setting next_dagrun for example_sensor_decorator to None, run_after=None
[2024-01-11T20:48:25.976+0200] {processor.py:183} INFO - Processing /Users/angel.georgiev/VsCodeProjects/PythonExamples/.venv/lib/python3.10/site-packages/airflow/example_dags/example_sensor_decorator.py took 0.217 seconds
[2024-01-11T20:50:19.930+0200] {processor.py:161} INFO - Started process (PID=35688) to work on /Users/angel.georgiev/VsCodeProjects/PythonExamples/.venv/lib/python3.10/site-packages/airflow/example_dags/example_sensor_decorator.py
[2024-01-11T20:50:19.935+0200] {processor.py:830} INFO - Processing file /Users/angel.georgiev/VsCodeProjects/PythonExamples/.venv/lib/python3.10/site-packages/airflow/example_dags/example_sensor_decorator.py for tasks to queue
[2024-01-11T20:50:19.935+0200] {logging_mixin.py:188} INFO - [2024-01-11T20:50:19.935+0200] {dagbag.py:538} INFO - Filling up the DagBag from /Users/angel.georgiev/VsCodeProjects/PythonExamples/.venv/lib/python3.10/site-packages/airflow/example_dags/example_sensor_decorator.py
[2024-01-11T20:50:20.020+0200] {processor.py:840} INFO - DAG(s) 'example_sensor_decorator' retrieved from /Users/angel.georgiev/VsCodeProjects/PythonExamples/.venv/lib/python3.10/site-packages/airflow/example_dags/example_sensor_decorator.py
[2024-01-11T20:50:20.127+0200] {logging_mixin.py:188} INFO - [2024-01-11T20:50:20.127+0200] {dag.py:3033} INFO - Sync 1 DAGs
[2024-01-11T20:50:20.134+0200] {logging_mixin.py:188} INFO - [2024-01-11T20:50:20.134+0200] {dag.py:3820} INFO - Setting next_dagrun for example_sensor_decorator to None, run_after=None
[2024-01-11T20:50:20.154+0200] {processor.py:183} INFO - Processing /Users/angel.georgiev/VsCodeProjects/PythonExamples/.venv/lib/python3.10/site-packages/airflow/example_dags/example_sensor_decorator.py took 0.225 seconds
[2024-01-11T20:52:13.826+0200] {processor.py:161} INFO - Started process (PID=35769) to work on /Users/angel.georgiev/VsCodeProjects/PythonExamples/.venv/lib/python3.10/site-packages/airflow/example_dags/example_sensor_decorator.py
[2024-01-11T20:52:13.830+0200] {processor.py:830} INFO - Processing file /Users/angel.georgiev/VsCodeProjects/PythonExamples/.venv/lib/python3.10/site-packages/airflow/example_dags/example_sensor_decorator.py for tasks to queue
[2024-01-11T20:52:13.830+0200] {logging_mixin.py:188} INFO - [2024-01-11T20:52:13.830+0200] {dagbag.py:538} INFO - Filling up the DagBag from /Users/angel.georgiev/VsCodeProjects/PythonExamples/.venv/lib/python3.10/site-packages/airflow/example_dags/example_sensor_decorator.py
[2024-01-11T20:52:13.912+0200] {processor.py:840} INFO - DAG(s) 'example_sensor_decorator' retrieved from /Users/angel.georgiev/VsCodeProjects/PythonExamples/.venv/lib/python3.10/site-packages/airflow/example_dags/example_sensor_decorator.py
[2024-01-11T20:52:14.016+0200] {logging_mixin.py:188} INFO - [2024-01-11T20:52:14.015+0200] {dag.py:3033} INFO - Sync 1 DAGs
[2024-01-11T20:52:14.023+0200] {logging_mixin.py:188} INFO - [2024-01-11T20:52:14.023+0200] {dag.py:3820} INFO - Setting next_dagrun for example_sensor_decorator to None, run_after=None
[2024-01-11T20:52:14.040+0200] {processor.py:183} INFO - Processing /Users/angel.georgiev/VsCodeProjects/PythonExamples/.venv/lib/python3.10/site-packages/airflow/example_dags/example_sensor_decorator.py took 0.216 seconds
[2024-01-11T20:54:19.819+0200] {processor.py:161} INFO - Started process (PID=35897) to work on /Users/angel.georgiev/VsCodeProjects/PythonExamples/.venv/lib/python3.10/site-packages/airflow/example_dags/example_sensor_decorator.py
[2024-01-11T20:54:19.824+0200] {processor.py:830} INFO - Processing file /Users/angel.georgiev/VsCodeProjects/PythonExamples/.venv/lib/python3.10/site-packages/airflow/example_dags/example_sensor_decorator.py for tasks to queue
[2024-01-11T20:54:19.826+0200] {logging_mixin.py:188} INFO - [2024-01-11T20:54:19.825+0200] {dagbag.py:538} INFO - Filling up the DagBag from /Users/angel.georgiev/VsCodeProjects/PythonExamples/.venv/lib/python3.10/site-packages/airflow/example_dags/example_sensor_decorator.py
[2024-01-11T20:54:19.913+0200] {processor.py:840} INFO - DAG(s) 'example_sensor_decorator' retrieved from /Users/angel.georgiev/VsCodeProjects/PythonExamples/.venv/lib/python3.10/site-packages/airflow/example_dags/example_sensor_decorator.py
[2024-01-11T20:54:20.018+0200] {logging_mixin.py:188} INFO - [2024-01-11T20:54:20.018+0200] {dag.py:3033} INFO - Sync 1 DAGs
[2024-01-11T20:54:20.025+0200] {logging_mixin.py:188} INFO - [2024-01-11T20:54:20.025+0200] {dag.py:3820} INFO - Setting next_dagrun for example_sensor_decorator to None, run_after=None
[2024-01-11T20:54:20.046+0200] {processor.py:183} INFO - Processing /Users/angel.georgiev/VsCodeProjects/PythonExamples/.venv/lib/python3.10/site-packages/airflow/example_dags/example_sensor_decorator.py took 0.228 seconds
[2024-01-11T20:56:37.264+0200] {processor.py:161} INFO - Started process (PID=36099) to work on /Users/angel.georgiev/VsCodeProjects/PythonExamples/.venv/lib/python3.10/site-packages/airflow/example_dags/example_sensor_decorator.py
[2024-01-11T20:56:37.269+0200] {processor.py:830} INFO - Processing file /Users/angel.georgiev/VsCodeProjects/PythonExamples/.venv/lib/python3.10/site-packages/airflow/example_dags/example_sensor_decorator.py for tasks to queue
[2024-01-11T20:56:37.269+0200] {logging_mixin.py:188} INFO - [2024-01-11T20:56:37.269+0200] {dagbag.py:538} INFO - Filling up the DagBag from /Users/angel.georgiev/VsCodeProjects/PythonExamples/.venv/lib/python3.10/site-packages/airflow/example_dags/example_sensor_decorator.py
[2024-01-11T20:56:37.385+0200] {processor.py:840} INFO - DAG(s) 'example_sensor_decorator' retrieved from /Users/angel.georgiev/VsCodeProjects/PythonExamples/.venv/lib/python3.10/site-packages/airflow/example_dags/example_sensor_decorator.py
[2024-01-11T20:56:37.522+0200] {logging_mixin.py:188} INFO - [2024-01-11T20:56:37.521+0200] {dag.py:3033} INFO - Sync 1 DAGs
[2024-01-11T20:56:37.531+0200] {logging_mixin.py:188} INFO - [2024-01-11T20:56:37.531+0200] {dag.py:3820} INFO - Setting next_dagrun for example_sensor_decorator to None, run_after=None
[2024-01-11T20:56:37.553+0200] {processor.py:183} INFO - Processing /Users/angel.georgiev/VsCodeProjects/PythonExamples/.venv/lib/python3.10/site-packages/airflow/example_dags/example_sensor_decorator.py took 0.291 seconds
[2024-01-11T20:58:57.354+0200] {processor.py:161} INFO - Started process (PID=36188) to work on /Users/angel.georgiev/VsCodeProjects/PythonExamples/.venv/lib/python3.10/site-packages/airflow/example_dags/example_sensor_decorator.py
[2024-01-11T20:58:57.359+0200] {processor.py:830} INFO - Processing file /Users/angel.georgiev/VsCodeProjects/PythonExamples/.venv/lib/python3.10/site-packages/airflow/example_dags/example_sensor_decorator.py for tasks to queue
[2024-01-11T20:58:57.360+0200] {logging_mixin.py:188} INFO - [2024-01-11T20:58:57.360+0200] {dagbag.py:538} INFO - Filling up the DagBag from /Users/angel.georgiev/VsCodeProjects/PythonExamples/.venv/lib/python3.10/site-packages/airflow/example_dags/example_sensor_decorator.py
[2024-01-11T20:58:57.449+0200] {processor.py:840} INFO - DAG(s) 'example_sensor_decorator' retrieved from /Users/angel.georgiev/VsCodeProjects/PythonExamples/.venv/lib/python3.10/site-packages/airflow/example_dags/example_sensor_decorator.py
[2024-01-11T20:58:57.564+0200] {logging_mixin.py:188} INFO - [2024-01-11T20:58:57.563+0200] {dag.py:3033} INFO - Sync 1 DAGs
[2024-01-11T20:58:57.571+0200] {logging_mixin.py:188} INFO - [2024-01-11T20:58:57.571+0200] {dag.py:3820} INFO - Setting next_dagrun for example_sensor_decorator to None, run_after=None
[2024-01-11T20:58:57.589+0200] {processor.py:183} INFO - Processing /Users/angel.georgiev/VsCodeProjects/PythonExamples/.venv/lib/python3.10/site-packages/airflow/example_dags/example_sensor_decorator.py took 0.236 seconds
