[2024-01-11T20:16:04.374+0200] {processor.py:161} INFO - Started process (PID=33334) to work on /Users/angel.georgiev/VsCodeProjects/PythonExamples/.venv/lib/python3.10/site-packages/airflow/example_dags/example_bash_operator.py
[2024-01-11T20:16:04.378+0200] {processor.py:830} INFO - Processing file /Users/angel.georgiev/VsCodeProjects/PythonExamples/.venv/lib/python3.10/site-packages/airflow/example_dags/example_bash_operator.py for tasks to queue
[2024-01-11T20:16:04.378+0200] {logging_mixin.py:188} INFO - [2024-01-11T20:16:04.378+0200] {dagbag.py:538} INFO - Filling up the DagBag from /Users/angel.georgiev/VsCodeProjects/PythonExamples/.venv/lib/python3.10/site-packages/airflow/example_dags/example_bash_operator.py
[2024-01-11T20:16:04.443+0200] {processor.py:840} INFO - DAG(s) 'example_bash_operator' retrieved from /Users/angel.georgiev/VsCodeProjects/PythonExamples/.venv/lib/python3.10/site-packages/airflow/example_dags/example_bash_operator.py
[2024-01-11T20:16:04.651+0200] {logging_mixin.py:188} INFO - [2024-01-11T20:16:04.650+0200] {dag.py:3033} INFO - Sync 1 DAGs
[2024-01-11T20:16:04.667+0200] {logging_mixin.py:188} INFO - [2024-01-11T20:16:04.666+0200] {dag.py:3820} INFO - Setting next_dagrun for example_bash_operator to 2024-01-10T00:00:00+00:00, run_after=2024-01-11T00:00:00+00:00
[2024-01-11T20:16:04.684+0200] {processor.py:183} INFO - Processing /Users/angel.georgiev/VsCodeProjects/PythonExamples/.venv/lib/python3.10/site-packages/airflow/example_dags/example_bash_operator.py took 0.311 seconds
[2024-01-11T20:21:01.327+0200] {processor.py:161} INFO - Started process (PID=33742) to work on /Users/angel.georgiev/VsCodeProjects/PythonExamples/.venv/lib/python3.10/site-packages/airflow/example_dags/example_bash_operator.py
[2024-01-11T20:21:01.335+0200] {processor.py:830} INFO - Processing file /Users/angel.georgiev/VsCodeProjects/PythonExamples/.venv/lib/python3.10/site-packages/airflow/example_dags/example_bash_operator.py for tasks to queue
[2024-01-11T20:21:01.336+0200] {logging_mixin.py:188} INFO - [2024-01-11T20:21:01.336+0200] {dagbag.py:538} INFO - Filling up the DagBag from /Users/angel.georgiev/VsCodeProjects/PythonExamples/.venv/lib/python3.10/site-packages/airflow/example_dags/example_bash_operator.py
[2024-01-11T20:21:01.416+0200] {processor.py:840} INFO - DAG(s) 'example_bash_operator' retrieved from /Users/angel.georgiev/VsCodeProjects/PythonExamples/.venv/lib/python3.10/site-packages/airflow/example_dags/example_bash_operator.py
[2024-01-11T20:21:01.554+0200] {logging_mixin.py:188} INFO - [2024-01-11T20:21:01.554+0200] {dag.py:3033} INFO - Sync 1 DAGs
[2024-01-11T20:21:01.572+0200] {logging_mixin.py:188} INFO - [2024-01-11T20:21:01.572+0200] {dag.py:3820} INFO - Setting next_dagrun for example_bash_operator to 2024-01-10T00:00:00+00:00, run_after=2024-01-11T00:00:00+00:00
[2024-01-11T20:21:01.594+0200] {processor.py:183} INFO - Processing /Users/angel.georgiev/VsCodeProjects/PythonExamples/.venv/lib/python3.10/site-packages/airflow/example_dags/example_bash_operator.py took 0.270 seconds
[2024-01-11T20:25:34.582+0200] {processor.py:161} INFO - Started process (PID=34086) to work on /Users/angel.georgiev/VsCodeProjects/PythonExamples/.venv/lib/python3.10/site-packages/airflow/example_dags/example_bash_operator.py
[2024-01-11T20:25:34.587+0200] {processor.py:830} INFO - Processing file /Users/angel.georgiev/VsCodeProjects/PythonExamples/.venv/lib/python3.10/site-packages/airflow/example_dags/example_bash_operator.py for tasks to queue
[2024-01-11T20:25:34.588+0200] {logging_mixin.py:188} INFO - [2024-01-11T20:25:34.587+0200] {dagbag.py:538} INFO - Filling up the DagBag from /Users/angel.georgiev/VsCodeProjects/PythonExamples/.venv/lib/python3.10/site-packages/airflow/example_dags/example_bash_operator.py
[2024-01-11T20:25:34.650+0200] {processor.py:840} INFO - DAG(s) 'example_bash_operator' retrieved from /Users/angel.georgiev/VsCodeProjects/PythonExamples/.venv/lib/python3.10/site-packages/airflow/example_dags/example_bash_operator.py
[2024-01-11T20:25:34.756+0200] {logging_mixin.py:188} INFO - [2024-01-11T20:25:34.756+0200] {dag.py:3033} INFO - Sync 1 DAGs
[2024-01-11T20:25:34.771+0200] {logging_mixin.py:188} INFO - [2024-01-11T20:25:34.771+0200] {dag.py:3820} INFO - Setting next_dagrun for example_bash_operator to 2024-01-10T00:00:00+00:00, run_after=2024-01-11T00:00:00+00:00
[2024-01-11T20:25:34.788+0200] {processor.py:183} INFO - Processing /Users/angel.georgiev/VsCodeProjects/PythonExamples/.venv/lib/python3.10/site-packages/airflow/example_dags/example_bash_operator.py took 0.207 seconds
[2024-01-11T20:30:33.461+0200] {processor.py:161} INFO - Started process (PID=34379) to work on /Users/angel.georgiev/VsCodeProjects/PythonExamples/.venv/lib/python3.10/site-packages/airflow/example_dags/example_bash_operator.py
[2024-01-11T20:30:33.467+0200] {processor.py:830} INFO - Processing file /Users/angel.georgiev/VsCodeProjects/PythonExamples/.venv/lib/python3.10/site-packages/airflow/example_dags/example_bash_operator.py for tasks to queue
[2024-01-11T20:30:33.467+0200] {logging_mixin.py:188} INFO - [2024-01-11T20:30:33.467+0200] {dagbag.py:538} INFO - Filling up the DagBag from /Users/angel.georgiev/VsCodeProjects/PythonExamples/.venv/lib/python3.10/site-packages/airflow/example_dags/example_bash_operator.py
[2024-01-11T20:30:33.536+0200] {processor.py:840} INFO - DAG(s) 'example_bash_operator' retrieved from /Users/angel.georgiev/VsCodeProjects/PythonExamples/.venv/lib/python3.10/site-packages/airflow/example_dags/example_bash_operator.py
[2024-01-11T20:30:33.668+0200] {logging_mixin.py:188} INFO - [2024-01-11T20:30:33.667+0200] {dag.py:3033} INFO - Sync 1 DAGs
[2024-01-11T20:30:33.687+0200] {logging_mixin.py:188} INFO - [2024-01-11T20:30:33.687+0200] {dag.py:3820} INFO - Setting next_dagrun for example_bash_operator to 2024-01-10T00:00:00+00:00, run_after=2024-01-11T00:00:00+00:00
[2024-01-11T20:30:33.712+0200] {processor.py:183} INFO - Processing /Users/angel.georgiev/VsCodeProjects/PythonExamples/.venv/lib/python3.10/site-packages/airflow/example_dags/example_bash_operator.py took 0.252 seconds
[2024-01-11T20:36:15.326+0200] {processor.py:161} INFO - Started process (PID=34664) to work on /Users/angel.georgiev/VsCodeProjects/PythonExamples/.venv/lib/python3.10/site-packages/airflow/example_dags/example_bash_operator.py
[2024-01-11T20:36:15.333+0200] {processor.py:830} INFO - Processing file /Users/angel.georgiev/VsCodeProjects/PythonExamples/.venv/lib/python3.10/site-packages/airflow/example_dags/example_bash_operator.py for tasks to queue
[2024-01-11T20:36:15.334+0200] {logging_mixin.py:188} INFO - [2024-01-11T20:36:15.334+0200] {dagbag.py:538} INFO - Filling up the DagBag from /Users/angel.georgiev/VsCodeProjects/PythonExamples/.venv/lib/python3.10/site-packages/airflow/example_dags/example_bash_operator.py
[2024-01-11T20:36:15.414+0200] {processor.py:840} INFO - DAG(s) 'example_bash_operator' retrieved from /Users/angel.georgiev/VsCodeProjects/PythonExamples/.venv/lib/python3.10/site-packages/airflow/example_dags/example_bash_operator.py
[2024-01-11T20:36:15.556+0200] {logging_mixin.py:188} INFO - [2024-01-11T20:36:15.556+0200] {dag.py:3033} INFO - Sync 1 DAGs
[2024-01-11T20:36:15.582+0200] {logging_mixin.py:188} INFO - [2024-01-11T20:36:15.582+0200] {dag.py:3820} INFO - Setting next_dagrun for example_bash_operator to 2024-01-10T00:00:00+00:00, run_after=2024-01-11T00:00:00+00:00
[2024-01-11T20:36:15.606+0200] {processor.py:183} INFO - Processing /Users/angel.georgiev/VsCodeProjects/PythonExamples/.venv/lib/python3.10/site-packages/airflow/example_dags/example_bash_operator.py took 0.281 seconds
[2024-01-11T20:42:37.748+0200] {processor.py:161} INFO - Started process (PID=35246) to work on /Users/angel.georgiev/VsCodeProjects/PythonExamples/.venv/lib/python3.10/site-packages/airflow/example_dags/example_bash_operator.py
[2024-01-11T20:42:37.755+0200] {processor.py:830} INFO - Processing file /Users/angel.georgiev/VsCodeProjects/PythonExamples/.venv/lib/python3.10/site-packages/airflow/example_dags/example_bash_operator.py for tasks to queue
[2024-01-11T20:42:37.755+0200] {logging_mixin.py:188} INFO - [2024-01-11T20:42:37.755+0200] {dagbag.py:538} INFO - Filling up the DagBag from /Users/angel.georgiev/VsCodeProjects/PythonExamples/.venv/lib/python3.10/site-packages/airflow/example_dags/example_bash_operator.py
[2024-01-11T20:42:37.835+0200] {processor.py:840} INFO - DAG(s) 'example_bash_operator' retrieved from /Users/angel.georgiev/VsCodeProjects/PythonExamples/.venv/lib/python3.10/site-packages/airflow/example_dags/example_bash_operator.py
[2024-01-11T20:42:37.961+0200] {logging_mixin.py:188} INFO - [2024-01-11T20:42:37.961+0200] {dag.py:3033} INFO - Sync 1 DAGs
[2024-01-11T20:42:37.980+0200] {logging_mixin.py:188} INFO - [2024-01-11T20:42:37.980+0200] {dag.py:3820} INFO - Setting next_dagrun for example_bash_operator to 2024-01-10T00:00:00+00:00, run_after=2024-01-11T00:00:00+00:00
[2024-01-11T20:42:38.027+0200] {processor.py:183} INFO - Processing /Users/angel.georgiev/VsCodeProjects/PythonExamples/.venv/lib/python3.10/site-packages/airflow/example_dags/example_bash_operator.py took 0.281 seconds
[2024-01-11T20:47:06.412+0200] {processor.py:161} INFO - Started process (PID=35434) to work on /Users/angel.georgiev/VsCodeProjects/PythonExamples/.venv/lib/python3.10/site-packages/airflow/example_dags/example_bash_operator.py
[2024-01-11T20:47:06.417+0200] {processor.py:830} INFO - Processing file /Users/angel.georgiev/VsCodeProjects/PythonExamples/.venv/lib/python3.10/site-packages/airflow/example_dags/example_bash_operator.py for tasks to queue
[2024-01-11T20:47:06.417+0200] {logging_mixin.py:188} INFO - [2024-01-11T20:47:06.417+0200] {dagbag.py:538} INFO - Filling up the DagBag from /Users/angel.georgiev/VsCodeProjects/PythonExamples/.venv/lib/python3.10/site-packages/airflow/example_dags/example_bash_operator.py
[2024-01-11T20:47:06.480+0200] {processor.py:840} INFO - DAG(s) 'example_bash_operator' retrieved from /Users/angel.georgiev/VsCodeProjects/PythonExamples/.venv/lib/python3.10/site-packages/airflow/example_dags/example_bash_operator.py
[2024-01-11T20:47:06.587+0200] {logging_mixin.py:188} INFO - [2024-01-11T20:47:06.587+0200] {dag.py:3033} INFO - Sync 1 DAGs
[2024-01-11T20:47:06.603+0200] {logging_mixin.py:188} INFO - [2024-01-11T20:47:06.603+0200] {dag.py:3820} INFO - Setting next_dagrun for example_bash_operator to 2024-01-10T00:00:00+00:00, run_after=2024-01-11T00:00:00+00:00
[2024-01-11T20:47:06.620+0200] {processor.py:183} INFO - Processing /Users/angel.georgiev/VsCodeProjects/PythonExamples/.venv/lib/python3.10/site-packages/airflow/example_dags/example_bash_operator.py took 0.209 seconds
[2024-01-11T20:50:57.347+0200] {processor.py:161} INFO - Started process (PID=35720) to work on /Users/angel.georgiev/VsCodeProjects/PythonExamples/.venv/lib/python3.10/site-packages/airflow/example_dags/example_bash_operator.py
[2024-01-11T20:50:57.351+0200] {processor.py:830} INFO - Processing file /Users/angel.georgiev/VsCodeProjects/PythonExamples/.venv/lib/python3.10/site-packages/airflow/example_dags/example_bash_operator.py for tasks to queue
[2024-01-11T20:50:57.352+0200] {logging_mixin.py:188} INFO - [2024-01-11T20:50:57.352+0200] {dagbag.py:538} INFO - Filling up the DagBag from /Users/angel.georgiev/VsCodeProjects/PythonExamples/.venv/lib/python3.10/site-packages/airflow/example_dags/example_bash_operator.py
[2024-01-11T20:50:57.407+0200] {processor.py:840} INFO - DAG(s) 'example_bash_operator' retrieved from /Users/angel.georgiev/VsCodeProjects/PythonExamples/.venv/lib/python3.10/site-packages/airflow/example_dags/example_bash_operator.py
[2024-01-11T20:50:57.515+0200] {logging_mixin.py:188} INFO - [2024-01-11T20:50:57.514+0200] {dag.py:3033} INFO - Sync 1 DAGs
[2024-01-11T20:50:57.530+0200] {logging_mixin.py:188} INFO - [2024-01-11T20:50:57.530+0200] {dag.py:3820} INFO - Setting next_dagrun for example_bash_operator to 2024-01-10T00:00:00+00:00, run_after=2024-01-11T00:00:00+00:00
[2024-01-11T20:50:57.546+0200] {processor.py:183} INFO - Processing /Users/angel.georgiev/VsCodeProjects/PythonExamples/.venv/lib/python3.10/site-packages/airflow/example_dags/example_bash_operator.py took 0.200 seconds
[2024-01-11T20:55:00.086+0200] {processor.py:161} INFO - Started process (PID=36030) to work on /Users/angel.georgiev/VsCodeProjects/PythonExamples/.venv/lib/python3.10/site-packages/airflow/example_dags/example_bash_operator.py
[2024-01-11T20:55:00.090+0200] {processor.py:830} INFO - Processing file /Users/angel.georgiev/VsCodeProjects/PythonExamples/.venv/lib/python3.10/site-packages/airflow/example_dags/example_bash_operator.py for tasks to queue
[2024-01-11T20:55:00.091+0200] {logging_mixin.py:188} INFO - [2024-01-11T20:55:00.091+0200] {dagbag.py:538} INFO - Filling up the DagBag from /Users/angel.georgiev/VsCodeProjects/PythonExamples/.venv/lib/python3.10/site-packages/airflow/example_dags/example_bash_operator.py
[2024-01-11T20:55:00.154+0200] {processor.py:840} INFO - DAG(s) 'example_bash_operator' retrieved from /Users/angel.georgiev/VsCodeProjects/PythonExamples/.venv/lib/python3.10/site-packages/airflow/example_dags/example_bash_operator.py
[2024-01-11T20:55:00.268+0200] {logging_mixin.py:188} INFO - [2024-01-11T20:55:00.267+0200] {dag.py:3033} INFO - Sync 1 DAGs
[2024-01-11T20:55:00.283+0200] {logging_mixin.py:188} INFO - [2024-01-11T20:55:00.282+0200] {dag.py:3820} INFO - Setting next_dagrun for example_bash_operator to 2024-01-10T00:00:00+00:00, run_after=2024-01-11T00:00:00+00:00
[2024-01-11T20:55:00.299+0200] {processor.py:183} INFO - Processing /Users/angel.georgiev/VsCodeProjects/PythonExamples/.venv/lib/python3.10/site-packages/airflow/example_dags/example_bash_operator.py took 0.215 seconds
