[2024-01-11T20:14:20.883+0200] {processor.py:161} INFO - Started process (PID=33240) to work on /Users/angel.georgiev/VsCodeProjects/PythonExamples/.venv/lib/python3.10/site-packages/airflow/example_dags/example_short_circuit_decorator.py
[2024-01-11T20:14:20.887+0200] {processor.py:830} INFO - Processing file /Users/angel.georgiev/VsCodeProjects/PythonExamples/.venv/lib/python3.10/site-packages/airflow/example_dags/example_short_circuit_decorator.py for tasks to queue
[2024-01-11T20:14:20.887+0200] {logging_mixin.py:188} INFO - [2024-01-11T20:14:20.887+0200] {dagbag.py:538} INFO - Filling up the DagBag from /Users/angel.georgiev/VsCodeProjects/PythonExamples/.venv/lib/python3.10/site-packages/airflow/example_dags/example_short_circuit_decorator.py
[2024-01-11T20:14:20.989+0200] {processor.py:840} INFO - DAG(s) 'example_short_circuit_decorator' retrieved from /Users/angel.georgiev/VsCodeProjects/PythonExamples/.venv/lib/python3.10/site-packages/airflow/example_dags/example_short_circuit_decorator.py
[2024-01-11T20:14:21.319+0200] {logging_mixin.py:188} INFO - [2024-01-11T20:14:21.319+0200] {dag.py:3033} INFO - Sync 1 DAGs
[2024-01-11T20:14:21.335+0200] {logging_mixin.py:188} INFO - [2024-01-11T20:14:21.335+0200] {dag.py:3820} INFO - Setting next_dagrun for example_short_circuit_decorator to 2024-01-10T00:00:00+00:00, run_after=2024-01-11T00:00:00+00:00
[2024-01-11T20:14:21.356+0200] {processor.py:183} INFO - Processing /Users/angel.georgiev/VsCodeProjects/PythonExamples/.venv/lib/python3.10/site-packages/airflow/example_dags/example_short_circuit_decorator.py took 0.475 seconds
[2024-01-11T20:17:23.300+0200] {processor.py:161} INFO - Started process (PID=33519) to work on /Users/angel.georgiev/VsCodeProjects/PythonExamples/.venv/lib/python3.10/site-packages/airflow/example_dags/example_short_circuit_decorator.py
[2024-01-11T20:17:23.304+0200] {processor.py:830} INFO - Processing file /Users/angel.georgiev/VsCodeProjects/PythonExamples/.venv/lib/python3.10/site-packages/airflow/example_dags/example_short_circuit_decorator.py for tasks to queue
[2024-01-11T20:17:23.305+0200] {logging_mixin.py:188} INFO - [2024-01-11T20:17:23.305+0200] {dagbag.py:538} INFO - Filling up the DagBag from /Users/angel.georgiev/VsCodeProjects/PythonExamples/.venv/lib/python3.10/site-packages/airflow/example_dags/example_short_circuit_decorator.py
[2024-01-11T20:17:23.405+0200] {processor.py:840} INFO - DAG(s) 'example_short_circuit_decorator' retrieved from /Users/angel.georgiev/VsCodeProjects/PythonExamples/.venv/lib/python3.10/site-packages/airflow/example_dags/example_short_circuit_decorator.py
[2024-01-11T20:17:23.609+0200] {logging_mixin.py:188} INFO - [2024-01-11T20:17:23.609+0200] {dag.py:3033} INFO - Sync 1 DAGs
[2024-01-11T20:17:23.626+0200] {logging_mixin.py:188} INFO - [2024-01-11T20:17:23.626+0200] {dag.py:3820} INFO - Setting next_dagrun for example_short_circuit_decorator to 2024-01-10T00:00:00+00:00, run_after=2024-01-11T00:00:00+00:00
[2024-01-11T20:17:23.652+0200] {processor.py:183} INFO - Processing /Users/angel.georgiev/VsCodeProjects/PythonExamples/.venv/lib/python3.10/site-packages/airflow/example_dags/example_short_circuit_decorator.py took 0.354 seconds
[2024-01-11T20:19:44.584+0200] {processor.py:161} INFO - Started process (PID=33677) to work on /Users/angel.georgiev/VsCodeProjects/PythonExamples/.venv/lib/python3.10/site-packages/airflow/example_dags/example_short_circuit_decorator.py
[2024-01-11T20:19:44.589+0200] {processor.py:830} INFO - Processing file /Users/angel.georgiev/VsCodeProjects/PythonExamples/.venv/lib/python3.10/site-packages/airflow/example_dags/example_short_circuit_decorator.py for tasks to queue
[2024-01-11T20:19:44.590+0200] {logging_mixin.py:188} INFO - [2024-01-11T20:19:44.590+0200] {dagbag.py:538} INFO - Filling up the DagBag from /Users/angel.georgiev/VsCodeProjects/PythonExamples/.venv/lib/python3.10/site-packages/airflow/example_dags/example_short_circuit_decorator.py
[2024-01-11T20:19:44.683+0200] {processor.py:840} INFO - DAG(s) 'example_short_circuit_decorator' retrieved from /Users/angel.georgiev/VsCodeProjects/PythonExamples/.venv/lib/python3.10/site-packages/airflow/example_dags/example_short_circuit_decorator.py
[2024-01-11T20:19:44.787+0200] {logging_mixin.py:188} INFO - [2024-01-11T20:19:44.786+0200] {dag.py:3033} INFO - Sync 1 DAGs
[2024-01-11T20:19:44.800+0200] {logging_mixin.py:188} INFO - [2024-01-11T20:19:44.800+0200] {dag.py:3820} INFO - Setting next_dagrun for example_short_circuit_decorator to 2024-01-10T00:00:00+00:00, run_after=2024-01-11T00:00:00+00:00
[2024-01-11T20:19:44.822+0200] {processor.py:183} INFO - Processing /Users/angel.georgiev/VsCodeProjects/PythonExamples/.venv/lib/python3.10/site-packages/airflow/example_dags/example_short_circuit_decorator.py took 0.240 seconds
[2024-01-11T20:22:09.216+0200] {processor.py:161} INFO - Started process (PID=33805) to work on /Users/angel.georgiev/VsCodeProjects/PythonExamples/.venv/lib/python3.10/site-packages/airflow/example_dags/example_short_circuit_decorator.py
[2024-01-11T20:22:09.221+0200] {processor.py:830} INFO - Processing file /Users/angel.georgiev/VsCodeProjects/PythonExamples/.venv/lib/python3.10/site-packages/airflow/example_dags/example_short_circuit_decorator.py for tasks to queue
[2024-01-11T20:22:09.222+0200] {logging_mixin.py:188} INFO - [2024-01-11T20:22:09.221+0200] {dagbag.py:538} INFO - Filling up the DagBag from /Users/angel.georgiev/VsCodeProjects/PythonExamples/.venv/lib/python3.10/site-packages/airflow/example_dags/example_short_circuit_decorator.py
[2024-01-11T20:22:09.312+0200] {processor.py:840} INFO - DAG(s) 'example_short_circuit_decorator' retrieved from /Users/angel.georgiev/VsCodeProjects/PythonExamples/.venv/lib/python3.10/site-packages/airflow/example_dags/example_short_circuit_decorator.py
[2024-01-11T20:22:09.402+0200] {logging_mixin.py:188} INFO - [2024-01-11T20:22:09.402+0200] {dag.py:3033} INFO - Sync 1 DAGs
[2024-01-11T20:22:09.416+0200] {logging_mixin.py:188} INFO - [2024-01-11T20:22:09.416+0200] {dag.py:3820} INFO - Setting next_dagrun for example_short_circuit_decorator to 2024-01-10T00:00:00+00:00, run_after=2024-01-11T00:00:00+00:00
[2024-01-11T20:22:09.434+0200] {processor.py:183} INFO - Processing /Users/angel.georgiev/VsCodeProjects/PythonExamples/.venv/lib/python3.10/site-packages/airflow/example_dags/example_short_circuit_decorator.py took 0.219 seconds
[2024-01-11T20:24:38.447+0200] {processor.py:161} INFO - Started process (PID=34045) to work on /Users/angel.georgiev/VsCodeProjects/PythonExamples/.venv/lib/python3.10/site-packages/airflow/example_dags/example_short_circuit_decorator.py
[2024-01-11T20:24:38.466+0200] {processor.py:830} INFO - Processing file /Users/angel.georgiev/VsCodeProjects/PythonExamples/.venv/lib/python3.10/site-packages/airflow/example_dags/example_short_circuit_decorator.py for tasks to queue
[2024-01-11T20:24:38.467+0200] {logging_mixin.py:188} INFO - [2024-01-11T20:24:38.467+0200] {dagbag.py:538} INFO - Filling up the DagBag from /Users/angel.georgiev/VsCodeProjects/PythonExamples/.venv/lib/python3.10/site-packages/airflow/example_dags/example_short_circuit_decorator.py
[2024-01-11T20:24:38.766+0200] {processor.py:840} INFO - DAG(s) 'example_short_circuit_decorator' retrieved from /Users/angel.georgiev/VsCodeProjects/PythonExamples/.venv/lib/python3.10/site-packages/airflow/example_dags/example_short_circuit_decorator.py
[2024-01-11T20:24:38.892+0200] {logging_mixin.py:188} INFO - [2024-01-11T20:24:38.891+0200] {dag.py:3033} INFO - Sync 1 DAGs
[2024-01-11T20:24:38.911+0200] {logging_mixin.py:188} INFO - [2024-01-11T20:24:38.910+0200] {dag.py:3820} INFO - Setting next_dagrun for example_short_circuit_decorator to 2024-01-10T00:00:00+00:00, run_after=2024-01-11T00:00:00+00:00
[2024-01-11T20:24:38.934+0200] {processor.py:183} INFO - Processing /Users/angel.georgiev/VsCodeProjects/PythonExamples/.venv/lib/python3.10/site-packages/airflow/example_dags/example_short_circuit_decorator.py took 0.492 seconds
[2024-01-11T20:26:55.608+0200] {processor.py:161} INFO - Started process (PID=34138) to work on /Users/angel.georgiev/VsCodeProjects/PythonExamples/.venv/lib/python3.10/site-packages/airflow/example_dags/example_short_circuit_decorator.py
[2024-01-11T20:26:55.616+0200] {processor.py:830} INFO - Processing file /Users/angel.georgiev/VsCodeProjects/PythonExamples/.venv/lib/python3.10/site-packages/airflow/example_dags/example_short_circuit_decorator.py for tasks to queue
[2024-01-11T20:26:55.617+0200] {logging_mixin.py:188} INFO - [2024-01-11T20:26:55.617+0200] {dagbag.py:538} INFO - Filling up the DagBag from /Users/angel.georgiev/VsCodeProjects/PythonExamples/.venv/lib/python3.10/site-packages/airflow/example_dags/example_short_circuit_decorator.py
[2024-01-11T20:26:55.734+0200] {processor.py:840} INFO - DAG(s) 'example_short_circuit_decorator' retrieved from /Users/angel.georgiev/VsCodeProjects/PythonExamples/.venv/lib/python3.10/site-packages/airflow/example_dags/example_short_circuit_decorator.py
[2024-01-11T20:26:55.866+0200] {logging_mixin.py:188} INFO - [2024-01-11T20:26:55.866+0200] {dag.py:3033} INFO - Sync 1 DAGs
[2024-01-11T20:26:55.885+0200] {logging_mixin.py:188} INFO - [2024-01-11T20:26:55.885+0200] {dag.py:3820} INFO - Setting next_dagrun for example_short_circuit_decorator to 2024-01-10T00:00:00+00:00, run_after=2024-01-11T00:00:00+00:00
[2024-01-11T20:26:55.908+0200] {processor.py:183} INFO - Processing /Users/angel.georgiev/VsCodeProjects/PythonExamples/.venv/lib/python3.10/site-packages/airflow/example_dags/example_short_circuit_decorator.py took 0.302 seconds
[2024-01-11T20:29:25.037+0200] {processor.py:161} INFO - Started process (PID=34334) to work on /Users/angel.georgiev/VsCodeProjects/PythonExamples/.venv/lib/python3.10/site-packages/airflow/example_dags/example_short_circuit_decorator.py
[2024-01-11T20:29:25.041+0200] {processor.py:830} INFO - Processing file /Users/angel.georgiev/VsCodeProjects/PythonExamples/.venv/lib/python3.10/site-packages/airflow/example_dags/example_short_circuit_decorator.py for tasks to queue
[2024-01-11T20:29:25.042+0200] {logging_mixin.py:188} INFO - [2024-01-11T20:29:25.042+0200] {dagbag.py:538} INFO - Filling up the DagBag from /Users/angel.georgiev/VsCodeProjects/PythonExamples/.venv/lib/python3.10/site-packages/airflow/example_dags/example_short_circuit_decorator.py
[2024-01-11T20:29:25.139+0200] {processor.py:840} INFO - DAG(s) 'example_short_circuit_decorator' retrieved from /Users/angel.georgiev/VsCodeProjects/PythonExamples/.venv/lib/python3.10/site-packages/airflow/example_dags/example_short_circuit_decorator.py
[2024-01-11T20:29:25.239+0200] {logging_mixin.py:188} INFO - [2024-01-11T20:29:25.239+0200] {dag.py:3033} INFO - Sync 1 DAGs
[2024-01-11T20:29:25.254+0200] {logging_mixin.py:188} INFO - [2024-01-11T20:29:25.254+0200] {dag.py:3820} INFO - Setting next_dagrun for example_short_circuit_decorator to 2024-01-10T00:00:00+00:00, run_after=2024-01-11T00:00:00+00:00
[2024-01-11T20:29:25.273+0200] {processor.py:183} INFO - Processing /Users/angel.georgiev/VsCodeProjects/PythonExamples/.venv/lib/python3.10/site-packages/airflow/example_dags/example_short_circuit_decorator.py took 0.237 seconds
[2024-01-11T20:32:02.195+0200] {processor.py:161} INFO - Started process (PID=34463) to work on /Users/angel.georgiev/VsCodeProjects/PythonExamples/.venv/lib/python3.10/site-packages/airflow/example_dags/example_short_circuit_decorator.py
[2024-01-11T20:32:02.201+0200] {processor.py:830} INFO - Processing file /Users/angel.georgiev/VsCodeProjects/PythonExamples/.venv/lib/python3.10/site-packages/airflow/example_dags/example_short_circuit_decorator.py for tasks to queue
[2024-01-11T20:32:02.201+0200] {logging_mixin.py:188} INFO - [2024-01-11T20:32:02.201+0200] {dagbag.py:538} INFO - Filling up the DagBag from /Users/angel.georgiev/VsCodeProjects/PythonExamples/.venv/lib/python3.10/site-packages/airflow/example_dags/example_short_circuit_decorator.py
[2024-01-11T20:32:02.303+0200] {processor.py:840} INFO - DAG(s) 'example_short_circuit_decorator' retrieved from /Users/angel.georgiev/VsCodeProjects/PythonExamples/.venv/lib/python3.10/site-packages/airflow/example_dags/example_short_circuit_decorator.py
[2024-01-11T20:32:02.419+0200] {logging_mixin.py:188} INFO - [2024-01-11T20:32:02.418+0200] {dag.py:3033} INFO - Sync 1 DAGs
[2024-01-11T20:32:02.436+0200] {logging_mixin.py:188} INFO - [2024-01-11T20:32:02.436+0200] {dag.py:3820} INFO - Setting next_dagrun for example_short_circuit_decorator to 2024-01-10T00:00:00+00:00, run_after=2024-01-11T00:00:00+00:00
[2024-01-11T20:32:02.464+0200] {processor.py:183} INFO - Processing /Users/angel.georgiev/VsCodeProjects/PythonExamples/.venv/lib/python3.10/site-packages/airflow/example_dags/example_short_circuit_decorator.py took 0.270 seconds
[2024-01-11T20:34:56.292+0200] {processor.py:161} INFO - Started process (PID=34604) to work on /Users/angel.georgiev/VsCodeProjects/PythonExamples/.venv/lib/python3.10/site-packages/airflow/example_dags/example_short_circuit_decorator.py
[2024-01-11T20:34:56.298+0200] {processor.py:830} INFO - Processing file /Users/angel.georgiev/VsCodeProjects/PythonExamples/.venv/lib/python3.10/site-packages/airflow/example_dags/example_short_circuit_decorator.py for tasks to queue
[2024-01-11T20:34:56.298+0200] {logging_mixin.py:188} INFO - [2024-01-11T20:34:56.298+0200] {dagbag.py:538} INFO - Filling up the DagBag from /Users/angel.georgiev/VsCodeProjects/PythonExamples/.venv/lib/python3.10/site-packages/airflow/example_dags/example_short_circuit_decorator.py
[2024-01-11T20:34:56.395+0200] {processor.py:840} INFO - DAG(s) 'example_short_circuit_decorator' retrieved from /Users/angel.georgiev/VsCodeProjects/PythonExamples/.venv/lib/python3.10/site-packages/airflow/example_dags/example_short_circuit_decorator.py
[2024-01-11T20:34:56.508+0200] {logging_mixin.py:188} INFO - [2024-01-11T20:34:56.508+0200] {dag.py:3033} INFO - Sync 1 DAGs
[2024-01-11T20:34:56.524+0200] {logging_mixin.py:188} INFO - [2024-01-11T20:34:56.523+0200] {dag.py:3820} INFO - Setting next_dagrun for example_short_circuit_decorator to 2024-01-10T00:00:00+00:00, run_after=2024-01-11T00:00:00+00:00
[2024-01-11T20:34:56.544+0200] {processor.py:183} INFO - Processing /Users/angel.georgiev/VsCodeProjects/PythonExamples/.venv/lib/python3.10/site-packages/airflow/example_dags/example_short_circuit_decorator.py took 0.254 seconds
[2024-01-11T20:38:02.139+0200] {processor.py:161} INFO - Started process (PID=34887) to work on /Users/angel.georgiev/VsCodeProjects/PythonExamples/.venv/lib/python3.10/site-packages/airflow/example_dags/example_short_circuit_decorator.py
[2024-01-11T20:38:02.145+0200] {processor.py:830} INFO - Processing file /Users/angel.georgiev/VsCodeProjects/PythonExamples/.venv/lib/python3.10/site-packages/airflow/example_dags/example_short_circuit_decorator.py for tasks to queue
[2024-01-11T20:38:02.145+0200] {logging_mixin.py:188} INFO - [2024-01-11T20:38:02.145+0200] {dagbag.py:538} INFO - Filling up the DagBag from /Users/angel.georgiev/VsCodeProjects/PythonExamples/.venv/lib/python3.10/site-packages/airflow/example_dags/example_short_circuit_decorator.py
[2024-01-11T20:38:02.257+0200] {processor.py:840} INFO - DAG(s) 'example_short_circuit_decorator' retrieved from /Users/angel.georgiev/VsCodeProjects/PythonExamples/.venv/lib/python3.10/site-packages/airflow/example_dags/example_short_circuit_decorator.py
[2024-01-11T20:38:02.407+0200] {logging_mixin.py:188} INFO - [2024-01-11T20:38:02.407+0200] {dag.py:3033} INFO - Sync 1 DAGs
[2024-01-11T20:38:02.428+0200] {logging_mixin.py:188} INFO - [2024-01-11T20:38:02.428+0200] {dag.py:3820} INFO - Setting next_dagrun for example_short_circuit_decorator to 2024-01-10T00:00:00+00:00, run_after=2024-01-11T00:00:00+00:00
[2024-01-11T20:38:02.458+0200] {processor.py:183} INFO - Processing /Users/angel.georgiev/VsCodeProjects/PythonExamples/.venv/lib/python3.10/site-packages/airflow/example_dags/example_short_circuit_decorator.py took 0.321 seconds
[2024-01-11T20:41:28.042+0200] {processor.py:161} INFO - Started process (PID=35104) to work on /Users/angel.georgiev/VsCodeProjects/PythonExamples/.venv/lib/python3.10/site-packages/airflow/example_dags/example_short_circuit_decorator.py
[2024-01-11T20:41:28.051+0200] {processor.py:830} INFO - Processing file /Users/angel.georgiev/VsCodeProjects/PythonExamples/.venv/lib/python3.10/site-packages/airflow/example_dags/example_short_circuit_decorator.py for tasks to queue
[2024-01-11T20:41:28.052+0200] {logging_mixin.py:188} INFO - [2024-01-11T20:41:28.052+0200] {dagbag.py:538} INFO - Filling up the DagBag from /Users/angel.georgiev/VsCodeProjects/PythonExamples/.venv/lib/python3.10/site-packages/airflow/example_dags/example_short_circuit_decorator.py
[2024-01-11T20:41:28.180+0200] {processor.py:840} INFO - DAG(s) 'example_short_circuit_decorator' retrieved from /Users/angel.georgiev/VsCodeProjects/PythonExamples/.venv/lib/python3.10/site-packages/airflow/example_dags/example_short_circuit_decorator.py
[2024-01-11T20:41:28.340+0200] {logging_mixin.py:188} INFO - [2024-01-11T20:41:28.339+0200] {dag.py:3033} INFO - Sync 1 DAGs
[2024-01-11T20:41:28.364+0200] {logging_mixin.py:188} INFO - [2024-01-11T20:41:28.364+0200] {dag.py:3820} INFO - Setting next_dagrun for example_short_circuit_decorator to 2024-01-10T00:00:00+00:00, run_after=2024-01-11T00:00:00+00:00
[2024-01-11T20:41:28.392+0200] {processor.py:183} INFO - Processing /Users/angel.georgiev/VsCodeProjects/PythonExamples/.venv/lib/python3.10/site-packages/airflow/example_dags/example_short_circuit_decorator.py took 0.353 seconds
[2024-01-11T20:44:11.184+0200] {processor.py:161} INFO - Started process (PID=35320) to work on /Users/angel.georgiev/VsCodeProjects/PythonExamples/.venv/lib/python3.10/site-packages/airflow/example_dags/example_short_circuit_decorator.py
[2024-01-11T20:44:11.188+0200] {processor.py:830} INFO - Processing file /Users/angel.georgiev/VsCodeProjects/PythonExamples/.venv/lib/python3.10/site-packages/airflow/example_dags/example_short_circuit_decorator.py for tasks to queue
[2024-01-11T20:44:11.189+0200] {logging_mixin.py:188} INFO - [2024-01-11T20:44:11.189+0200] {dagbag.py:538} INFO - Filling up the DagBag from /Users/angel.georgiev/VsCodeProjects/PythonExamples/.venv/lib/python3.10/site-packages/airflow/example_dags/example_short_circuit_decorator.py
[2024-01-11T20:44:11.283+0200] {processor.py:840} INFO - DAG(s) 'example_short_circuit_decorator' retrieved from /Users/angel.georgiev/VsCodeProjects/PythonExamples/.venv/lib/python3.10/site-packages/airflow/example_dags/example_short_circuit_decorator.py
[2024-01-11T20:44:11.381+0200] {logging_mixin.py:188} INFO - [2024-01-11T20:44:11.380+0200] {dag.py:3033} INFO - Sync 1 DAGs
[2024-01-11T20:44:11.394+0200] {logging_mixin.py:188} INFO - [2024-01-11T20:44:11.394+0200] {dag.py:3820} INFO - Setting next_dagrun for example_short_circuit_decorator to 2024-01-10T00:00:00+00:00, run_after=2024-01-11T00:00:00+00:00
[2024-01-11T20:44:11.412+0200] {processor.py:183} INFO - Processing /Users/angel.georgiev/VsCodeProjects/PythonExamples/.venv/lib/python3.10/site-packages/airflow/example_dags/example_short_circuit_decorator.py took 0.230 seconds
[2024-01-11T20:46:14.294+0200] {processor.py:161} INFO - Started process (PID=35406) to work on /Users/angel.georgiev/VsCodeProjects/PythonExamples/.venv/lib/python3.10/site-packages/airflow/example_dags/example_short_circuit_decorator.py
[2024-01-11T20:46:14.299+0200] {processor.py:830} INFO - Processing file /Users/angel.georgiev/VsCodeProjects/PythonExamples/.venv/lib/python3.10/site-packages/airflow/example_dags/example_short_circuit_decorator.py for tasks to queue
[2024-01-11T20:46:14.299+0200] {logging_mixin.py:188} INFO - [2024-01-11T20:46:14.299+0200] {dagbag.py:538} INFO - Filling up the DagBag from /Users/angel.georgiev/VsCodeProjects/PythonExamples/.venv/lib/python3.10/site-packages/airflow/example_dags/example_short_circuit_decorator.py
[2024-01-11T20:46:14.393+0200] {processor.py:840} INFO - DAG(s) 'example_short_circuit_decorator' retrieved from /Users/angel.georgiev/VsCodeProjects/PythonExamples/.venv/lib/python3.10/site-packages/airflow/example_dags/example_short_circuit_decorator.py
[2024-01-11T20:46:14.779+0200] {logging_mixin.py:188} INFO - [2024-01-11T20:46:14.777+0200] {dag.py:3033} INFO - Sync 1 DAGs
[2024-01-11T20:46:14.806+0200] {logging_mixin.py:188} INFO - [2024-01-11T20:46:14.805+0200] {dag.py:3820} INFO - Setting next_dagrun for example_short_circuit_decorator to 2024-01-10T00:00:00+00:00, run_after=2024-01-11T00:00:00+00:00
[2024-01-11T20:46:14.834+0200] {processor.py:183} INFO - Processing /Users/angel.georgiev/VsCodeProjects/PythonExamples/.venv/lib/python3.10/site-packages/airflow/example_dags/example_short_circuit_decorator.py took 0.542 seconds
[2024-01-11T20:48:13.713+0200] {processor.py:161} INFO - Started process (PID=35486) to work on /Users/angel.georgiev/VsCodeProjects/PythonExamples/.venv/lib/python3.10/site-packages/airflow/example_dags/example_short_circuit_decorator.py
[2024-01-11T20:48:13.717+0200] {processor.py:830} INFO - Processing file /Users/angel.georgiev/VsCodeProjects/PythonExamples/.venv/lib/python3.10/site-packages/airflow/example_dags/example_short_circuit_decorator.py for tasks to queue
[2024-01-11T20:48:13.719+0200] {logging_mixin.py:188} INFO - [2024-01-11T20:48:13.719+0200] {dagbag.py:538} INFO - Filling up the DagBag from /Users/angel.georgiev/VsCodeProjects/PythonExamples/.venv/lib/python3.10/site-packages/airflow/example_dags/example_short_circuit_decorator.py
[2024-01-11T20:48:13.813+0200] {processor.py:840} INFO - DAG(s) 'example_short_circuit_decorator' retrieved from /Users/angel.georgiev/VsCodeProjects/PythonExamples/.venv/lib/python3.10/site-packages/airflow/example_dags/example_short_circuit_decorator.py
[2024-01-11T20:48:13.910+0200] {logging_mixin.py:188} INFO - [2024-01-11T20:48:13.910+0200] {dag.py:3033} INFO - Sync 1 DAGs
[2024-01-11T20:48:13.923+0200] {logging_mixin.py:188} INFO - [2024-01-11T20:48:13.923+0200] {dag.py:3820} INFO - Setting next_dagrun for example_short_circuit_decorator to 2024-01-10T00:00:00+00:00, run_after=2024-01-11T00:00:00+00:00
[2024-01-11T20:48:13.941+0200] {processor.py:183} INFO - Processing /Users/angel.georgiev/VsCodeProjects/PythonExamples/.venv/lib/python3.10/site-packages/airflow/example_dags/example_short_circuit_decorator.py took 0.230 seconds
[2024-01-11T20:50:08.159+0200] {processor.py:161} INFO - Started process (PID=35674) to work on /Users/angel.georgiev/VsCodeProjects/PythonExamples/.venv/lib/python3.10/site-packages/airflow/example_dags/example_short_circuit_decorator.py
[2024-01-11T20:50:08.163+0200] {processor.py:830} INFO - Processing file /Users/angel.georgiev/VsCodeProjects/PythonExamples/.venv/lib/python3.10/site-packages/airflow/example_dags/example_short_circuit_decorator.py for tasks to queue
[2024-01-11T20:50:08.164+0200] {logging_mixin.py:188} INFO - [2024-01-11T20:50:08.164+0200] {dagbag.py:538} INFO - Filling up the DagBag from /Users/angel.georgiev/VsCodeProjects/PythonExamples/.venv/lib/python3.10/site-packages/airflow/example_dags/example_short_circuit_decorator.py
[2024-01-11T20:50:08.252+0200] {processor.py:840} INFO - DAG(s) 'example_short_circuit_decorator' retrieved from /Users/angel.georgiev/VsCodeProjects/PythonExamples/.venv/lib/python3.10/site-packages/airflow/example_dags/example_short_circuit_decorator.py
[2024-01-11T20:50:08.342+0200] {logging_mixin.py:188} INFO - [2024-01-11T20:50:08.342+0200] {dag.py:3033} INFO - Sync 1 DAGs
[2024-01-11T20:50:08.355+0200] {logging_mixin.py:188} INFO - [2024-01-11T20:50:08.355+0200] {dag.py:3820} INFO - Setting next_dagrun for example_short_circuit_decorator to 2024-01-10T00:00:00+00:00, run_after=2024-01-11T00:00:00+00:00
[2024-01-11T20:50:08.372+0200] {processor.py:183} INFO - Processing /Users/angel.georgiev/VsCodeProjects/PythonExamples/.venv/lib/python3.10/site-packages/airflow/example_dags/example_short_circuit_decorator.py took 0.214 seconds
[2024-01-11T20:52:02.018+0200] {processor.py:161} INFO - Started process (PID=35762) to work on /Users/angel.georgiev/VsCodeProjects/PythonExamples/.venv/lib/python3.10/site-packages/airflow/example_dags/example_short_circuit_decorator.py
[2024-01-11T20:52:02.022+0200] {processor.py:830} INFO - Processing file /Users/angel.georgiev/VsCodeProjects/PythonExamples/.venv/lib/python3.10/site-packages/airflow/example_dags/example_short_circuit_decorator.py for tasks to queue
[2024-01-11T20:52:02.023+0200] {logging_mixin.py:188} INFO - [2024-01-11T20:52:02.023+0200] {dagbag.py:538} INFO - Filling up the DagBag from /Users/angel.georgiev/VsCodeProjects/PythonExamples/.venv/lib/python3.10/site-packages/airflow/example_dags/example_short_circuit_decorator.py
[2024-01-11T20:52:02.113+0200] {processor.py:840} INFO - DAG(s) 'example_short_circuit_decorator' retrieved from /Users/angel.georgiev/VsCodeProjects/PythonExamples/.venv/lib/python3.10/site-packages/airflow/example_dags/example_short_circuit_decorator.py
[2024-01-11T20:52:02.206+0200] {logging_mixin.py:188} INFO - [2024-01-11T20:52:02.206+0200] {dag.py:3033} INFO - Sync 1 DAGs
[2024-01-11T20:52:02.219+0200] {logging_mixin.py:188} INFO - [2024-01-11T20:52:02.218+0200] {dag.py:3820} INFO - Setting next_dagrun for example_short_circuit_decorator to 2024-01-10T00:00:00+00:00, run_after=2024-01-11T00:00:00+00:00
[2024-01-11T20:52:02.236+0200] {processor.py:183} INFO - Processing /Users/angel.georgiev/VsCodeProjects/PythonExamples/.venv/lib/python3.10/site-packages/airflow/example_dags/example_short_circuit_decorator.py took 0.219 seconds
[2024-01-11T20:54:07.716+0200] {processor.py:161} INFO - Started process (PID=35889) to work on /Users/angel.georgiev/VsCodeProjects/PythonExamples/.venv/lib/python3.10/site-packages/airflow/example_dags/example_short_circuit_decorator.py
[2024-01-11T20:54:07.720+0200] {processor.py:830} INFO - Processing file /Users/angel.georgiev/VsCodeProjects/PythonExamples/.venv/lib/python3.10/site-packages/airflow/example_dags/example_short_circuit_decorator.py for tasks to queue
[2024-01-11T20:54:07.721+0200] {logging_mixin.py:188} INFO - [2024-01-11T20:54:07.721+0200] {dagbag.py:538} INFO - Filling up the DagBag from /Users/angel.georgiev/VsCodeProjects/PythonExamples/.venv/lib/python3.10/site-packages/airflow/example_dags/example_short_circuit_decorator.py
[2024-01-11T20:54:07.815+0200] {processor.py:840} INFO - DAG(s) 'example_short_circuit_decorator' retrieved from /Users/angel.georgiev/VsCodeProjects/PythonExamples/.venv/lib/python3.10/site-packages/airflow/example_dags/example_short_circuit_decorator.py
[2024-01-11T20:54:07.908+0200] {logging_mixin.py:188} INFO - [2024-01-11T20:54:07.908+0200] {dag.py:3033} INFO - Sync 1 DAGs
[2024-01-11T20:54:07.922+0200] {logging_mixin.py:188} INFO - [2024-01-11T20:54:07.921+0200] {dag.py:3820} INFO - Setting next_dagrun for example_short_circuit_decorator to 2024-01-10T00:00:00+00:00, run_after=2024-01-11T00:00:00+00:00
[2024-01-11T20:54:07.940+0200] {processor.py:183} INFO - Processing /Users/angel.georgiev/VsCodeProjects/PythonExamples/.venv/lib/python3.10/site-packages/airflow/example_dags/example_short_circuit_decorator.py took 0.226 seconds
[2024-01-11T20:56:22.102+0200] {processor.py:161} INFO - Started process (PID=36080) to work on /Users/angel.georgiev/VsCodeProjects/PythonExamples/.venv/lib/python3.10/site-packages/airflow/example_dags/example_short_circuit_decorator.py
[2024-01-11T20:56:22.109+0200] {processor.py:830} INFO - Processing file /Users/angel.georgiev/VsCodeProjects/PythonExamples/.venv/lib/python3.10/site-packages/airflow/example_dags/example_short_circuit_decorator.py for tasks to queue
[2024-01-11T20:56:22.110+0200] {logging_mixin.py:188} INFO - [2024-01-11T20:56:22.110+0200] {dagbag.py:538} INFO - Filling up the DagBag from /Users/angel.georgiev/VsCodeProjects/PythonExamples/.venv/lib/python3.10/site-packages/airflow/example_dags/example_short_circuit_decorator.py
[2024-01-11T20:56:22.226+0200] {processor.py:840} INFO - DAG(s) 'example_short_circuit_decorator' retrieved from /Users/angel.georgiev/VsCodeProjects/PythonExamples/.venv/lib/python3.10/site-packages/airflow/example_dags/example_short_circuit_decorator.py
[2024-01-11T20:56:22.364+0200] {logging_mixin.py:188} INFO - [2024-01-11T20:56:22.363+0200] {dag.py:3033} INFO - Sync 1 DAGs
[2024-01-11T20:56:22.394+0200] {logging_mixin.py:188} INFO - [2024-01-11T20:56:22.393+0200] {dag.py:3820} INFO - Setting next_dagrun for example_short_circuit_decorator to 2024-01-10T00:00:00+00:00, run_after=2024-01-11T00:00:00+00:00
[2024-01-11T20:56:22.474+0200] {processor.py:183} INFO - Processing /Users/angel.georgiev/VsCodeProjects/PythonExamples/.venv/lib/python3.10/site-packages/airflow/example_dags/example_short_circuit_decorator.py took 0.374 seconds
[2024-01-11T20:58:45.709+0200] {processor.py:161} INFO - Started process (PID=36184) to work on /Users/angel.georgiev/VsCodeProjects/PythonExamples/.venv/lib/python3.10/site-packages/airflow/example_dags/example_short_circuit_decorator.py
[2024-01-11T20:58:45.713+0200] {processor.py:830} INFO - Processing file /Users/angel.georgiev/VsCodeProjects/PythonExamples/.venv/lib/python3.10/site-packages/airflow/example_dags/example_short_circuit_decorator.py for tasks to queue
[2024-01-11T20:58:45.714+0200] {logging_mixin.py:188} INFO - [2024-01-11T20:58:45.714+0200] {dagbag.py:538} INFO - Filling up the DagBag from /Users/angel.georgiev/VsCodeProjects/PythonExamples/.venv/lib/python3.10/site-packages/airflow/example_dags/example_short_circuit_decorator.py
[2024-01-11T20:58:45.807+0200] {processor.py:840} INFO - DAG(s) 'example_short_circuit_decorator' retrieved from /Users/angel.georgiev/VsCodeProjects/PythonExamples/.venv/lib/python3.10/site-packages/airflow/example_dags/example_short_circuit_decorator.py
[2024-01-11T20:58:45.903+0200] {logging_mixin.py:188} INFO - [2024-01-11T20:58:45.902+0200] {dag.py:3033} INFO - Sync 1 DAGs
[2024-01-11T20:58:45.916+0200] {logging_mixin.py:188} INFO - [2024-01-11T20:58:45.916+0200] {dag.py:3820} INFO - Setting next_dagrun for example_short_circuit_decorator to 2024-01-10T00:00:00+00:00, run_after=2024-01-11T00:00:00+00:00
[2024-01-11T20:58:45.933+0200] {processor.py:183} INFO - Processing /Users/angel.georgiev/VsCodeProjects/PythonExamples/.venv/lib/python3.10/site-packages/airflow/example_dags/example_short_circuit_decorator.py took 0.225 seconds
