[2024-01-11T20:15:57.640+0200] {processor.py:161} INFO - Started process (PID=33330) to work on /Users/angel.georgiev/VsCodeProjects/PythonExamples/.venv/lib/python3.10/site-packages/airflow/example_dags/example_branch_day_of_week_operator.py
[2024-01-11T20:15:57.644+0200] {processor.py:830} INFO - Processing file /Users/angel.georgiev/VsCodeProjects/PythonExamples/.venv/lib/python3.10/site-packages/airflow/example_dags/example_branch_day_of_week_operator.py for tasks to queue
[2024-01-11T20:15:57.645+0200] {logging_mixin.py:188} INFO - [2024-01-11T20:15:57.645+0200] {dagbag.py:538} INFO - Filling up the DagBag from /Users/angel.georgiev/VsCodeProjects/PythonExamples/.venv/lib/python3.10/site-packages/airflow/example_dags/example_branch_day_of_week_operator.py
[2024-01-11T20:15:57.658+0200] {processor.py:840} INFO - DAG(s) 'example_weekday_branch_operator' retrieved from /Users/angel.georgiev/VsCodeProjects/PythonExamples/.venv/lib/python3.10/site-packages/airflow/example_dags/example_branch_day_of_week_operator.py
[2024-01-11T20:15:57.887+0200] {logging_mixin.py:188} INFO - [2024-01-11T20:15:57.887+0200] {dag.py:3033} INFO - Sync 1 DAGs
[2024-01-11T20:15:57.902+0200] {logging_mixin.py:188} INFO - [2024-01-11T20:15:57.902+0200] {dag.py:3820} INFO - Setting next_dagrun for example_weekday_branch_operator to 2024-01-10T00:00:00+00:00, run_after=2024-01-11T00:00:00+00:00
[2024-01-11T20:15:57.918+0200] {processor.py:183} INFO - Processing /Users/angel.georgiev/VsCodeProjects/PythonExamples/.venv/lib/python3.10/site-packages/airflow/example_dags/example_branch_day_of_week_operator.py took 0.279 seconds
[2024-01-11T20:20:53.866+0200] {processor.py:161} INFO - Started process (PID=33737) to work on /Users/angel.georgiev/VsCodeProjects/PythonExamples/.venv/lib/python3.10/site-packages/airflow/example_dags/example_branch_day_of_week_operator.py
[2024-01-11T20:20:53.870+0200] {processor.py:830} INFO - Processing file /Users/angel.georgiev/VsCodeProjects/PythonExamples/.venv/lib/python3.10/site-packages/airflow/example_dags/example_branch_day_of_week_operator.py for tasks to queue
[2024-01-11T20:20:53.871+0200] {logging_mixin.py:188} INFO - [2024-01-11T20:20:53.871+0200] {dagbag.py:538} INFO - Filling up the DagBag from /Users/angel.georgiev/VsCodeProjects/PythonExamples/.venv/lib/python3.10/site-packages/airflow/example_dags/example_branch_day_of_week_operator.py
[2024-01-11T20:20:53.888+0200] {processor.py:840} INFO - DAG(s) 'example_weekday_branch_operator' retrieved from /Users/angel.georgiev/VsCodeProjects/PythonExamples/.venv/lib/python3.10/site-packages/airflow/example_dags/example_branch_day_of_week_operator.py
[2024-01-11T20:20:54.073+0200] {logging_mixin.py:188} INFO - [2024-01-11T20:20:54.073+0200] {dag.py:3033} INFO - Sync 1 DAGs
[2024-01-11T20:20:54.093+0200] {logging_mixin.py:188} INFO - [2024-01-11T20:20:54.093+0200] {dag.py:3820} INFO - Setting next_dagrun for example_weekday_branch_operator to 2024-01-10T00:00:00+00:00, run_after=2024-01-11T00:00:00+00:00
[2024-01-11T20:20:54.115+0200] {processor.py:183} INFO - Processing /Users/angel.georgiev/VsCodeProjects/PythonExamples/.venv/lib/python3.10/site-packages/airflow/example_dags/example_branch_day_of_week_operator.py took 0.251 seconds
[2024-01-11T20:25:28.120+0200] {processor.py:161} INFO - Started process (PID=34069) to work on /Users/angel.georgiev/VsCodeProjects/PythonExamples/.venv/lib/python3.10/site-packages/airflow/example_dags/example_branch_day_of_week_operator.py
[2024-01-11T20:25:28.124+0200] {processor.py:830} INFO - Processing file /Users/angel.georgiev/VsCodeProjects/PythonExamples/.venv/lib/python3.10/site-packages/airflow/example_dags/example_branch_day_of_week_operator.py for tasks to queue
[2024-01-11T20:25:28.125+0200] {logging_mixin.py:188} INFO - [2024-01-11T20:25:28.125+0200] {dagbag.py:538} INFO - Filling up the DagBag from /Users/angel.georgiev/VsCodeProjects/PythonExamples/.venv/lib/python3.10/site-packages/airflow/example_dags/example_branch_day_of_week_operator.py
[2024-01-11T20:25:28.141+0200] {processor.py:840} INFO - DAG(s) 'example_weekday_branch_operator' retrieved from /Users/angel.georgiev/VsCodeProjects/PythonExamples/.venv/lib/python3.10/site-packages/airflow/example_dags/example_branch_day_of_week_operator.py
[2024-01-11T20:25:28.283+0200] {logging_mixin.py:188} INFO - [2024-01-11T20:25:28.283+0200] {dag.py:3033} INFO - Sync 1 DAGs
[2024-01-11T20:25:28.298+0200] {logging_mixin.py:188} INFO - [2024-01-11T20:25:28.298+0200] {dag.py:3820} INFO - Setting next_dagrun for example_weekday_branch_operator to 2024-01-10T00:00:00+00:00, run_after=2024-01-11T00:00:00+00:00
[2024-01-11T20:25:28.315+0200] {processor.py:183} INFO - Processing /Users/angel.georgiev/VsCodeProjects/PythonExamples/.venv/lib/python3.10/site-packages/airflow/example_dags/example_branch_day_of_week_operator.py took 0.196 seconds
[2024-01-11T20:30:26.204+0200] {processor.py:161} INFO - Started process (PID=34377) to work on /Users/angel.georgiev/VsCodeProjects/PythonExamples/.venv/lib/python3.10/site-packages/airflow/example_dags/example_branch_day_of_week_operator.py
[2024-01-11T20:30:26.210+0200] {processor.py:830} INFO - Processing file /Users/angel.georgiev/VsCodeProjects/PythonExamples/.venv/lib/python3.10/site-packages/airflow/example_dags/example_branch_day_of_week_operator.py for tasks to queue
[2024-01-11T20:30:26.210+0200] {logging_mixin.py:188} INFO - [2024-01-11T20:30:26.210+0200] {dagbag.py:538} INFO - Filling up the DagBag from /Users/angel.georgiev/VsCodeProjects/PythonExamples/.venv/lib/python3.10/site-packages/airflow/example_dags/example_branch_day_of_week_operator.py
[2024-01-11T20:30:26.238+0200] {processor.py:840} INFO - DAG(s) 'example_weekday_branch_operator' retrieved from /Users/angel.georgiev/VsCodeProjects/PythonExamples/.venv/lib/python3.10/site-packages/airflow/example_dags/example_branch_day_of_week_operator.py
[2024-01-11T20:30:26.498+0200] {logging_mixin.py:188} INFO - [2024-01-11T20:30:26.498+0200] {dag.py:3033} INFO - Sync 1 DAGs
[2024-01-11T20:30:26.520+0200] {logging_mixin.py:188} INFO - [2024-01-11T20:30:26.520+0200] {dag.py:3820} INFO - Setting next_dagrun for example_weekday_branch_operator to 2024-01-10T00:00:00+00:00, run_after=2024-01-11T00:00:00+00:00
[2024-01-11T20:30:26.543+0200] {processor.py:183} INFO - Processing /Users/angel.georgiev/VsCodeProjects/PythonExamples/.venv/lib/python3.10/site-packages/airflow/example_dags/example_branch_day_of_week_operator.py took 0.341 seconds
[2024-01-11T20:36:04.711+0200] {processor.py:161} INFO - Started process (PID=34656) to work on /Users/angel.georgiev/VsCodeProjects/PythonExamples/.venv/lib/python3.10/site-packages/airflow/example_dags/example_branch_day_of_week_operator.py
[2024-01-11T20:36:04.718+0200] {processor.py:830} INFO - Processing file /Users/angel.georgiev/VsCodeProjects/PythonExamples/.venv/lib/python3.10/site-packages/airflow/example_dags/example_branch_day_of_week_operator.py for tasks to queue
[2024-01-11T20:36:04.719+0200] {logging_mixin.py:188} INFO - [2024-01-11T20:36:04.719+0200] {dagbag.py:538} INFO - Filling up the DagBag from /Users/angel.georgiev/VsCodeProjects/PythonExamples/.venv/lib/python3.10/site-packages/airflow/example_dags/example_branch_day_of_week_operator.py
[2024-01-11T20:36:04.739+0200] {processor.py:840} INFO - DAG(s) 'example_weekday_branch_operator' retrieved from /Users/angel.georgiev/VsCodeProjects/PythonExamples/.venv/lib/python3.10/site-packages/airflow/example_dags/example_branch_day_of_week_operator.py
[2024-01-11T20:36:04.961+0200] {logging_mixin.py:188} INFO - [2024-01-11T20:36:04.961+0200] {dag.py:3033} INFO - Sync 1 DAGs
[2024-01-11T20:36:04.981+0200] {logging_mixin.py:188} INFO - [2024-01-11T20:36:04.981+0200] {dag.py:3820} INFO - Setting next_dagrun for example_weekday_branch_operator to 2024-01-10T00:00:00+00:00, run_after=2024-01-11T00:00:00+00:00
[2024-01-11T20:36:05.001+0200] {processor.py:183} INFO - Processing /Users/angel.georgiev/VsCodeProjects/PythonExamples/.venv/lib/python3.10/site-packages/airflow/example_dags/example_branch_day_of_week_operator.py took 0.292 seconds
[2024-01-11T20:42:26.687+0200] {processor.py:161} INFO - Started process (PID=35243) to work on /Users/angel.georgiev/VsCodeProjects/PythonExamples/.venv/lib/python3.10/site-packages/airflow/example_dags/example_branch_day_of_week_operator.py
[2024-01-11T20:42:26.692+0200] {processor.py:830} INFO - Processing file /Users/angel.georgiev/VsCodeProjects/PythonExamples/.venv/lib/python3.10/site-packages/airflow/example_dags/example_branch_day_of_week_operator.py for tasks to queue
[2024-01-11T20:42:26.692+0200] {logging_mixin.py:188} INFO - [2024-01-11T20:42:26.692+0200] {dagbag.py:538} INFO - Filling up the DagBag from /Users/angel.georgiev/VsCodeProjects/PythonExamples/.venv/lib/python3.10/site-packages/airflow/example_dags/example_branch_day_of_week_operator.py
[2024-01-11T20:42:26.706+0200] {processor.py:840} INFO - DAG(s) 'example_weekday_branch_operator' retrieved from /Users/angel.georgiev/VsCodeProjects/PythonExamples/.venv/lib/python3.10/site-packages/airflow/example_dags/example_branch_day_of_week_operator.py
[2024-01-11T20:42:26.855+0200] {logging_mixin.py:188} INFO - [2024-01-11T20:42:26.854+0200] {dag.py:3033} INFO - Sync 1 DAGs
[2024-01-11T20:42:26.870+0200] {logging_mixin.py:188} INFO - [2024-01-11T20:42:26.870+0200] {dag.py:3820} INFO - Setting next_dagrun for example_weekday_branch_operator to 2024-01-10T00:00:00+00:00, run_after=2024-01-11T00:00:00+00:00
[2024-01-11T20:42:26.888+0200] {processor.py:183} INFO - Processing /Users/angel.georgiev/VsCodeProjects/PythonExamples/.venv/lib/python3.10/site-packages/airflow/example_dags/example_branch_day_of_week_operator.py took 0.202 seconds
[2024-01-11T20:46:59.957+0200] {processor.py:161} INFO - Started process (PID=35430) to work on /Users/angel.georgiev/VsCodeProjects/PythonExamples/.venv/lib/python3.10/site-packages/airflow/example_dags/example_branch_day_of_week_operator.py
[2024-01-11T20:46:59.961+0200] {processor.py:830} INFO - Processing file /Users/angel.georgiev/VsCodeProjects/PythonExamples/.venv/lib/python3.10/site-packages/airflow/example_dags/example_branch_day_of_week_operator.py for tasks to queue
[2024-01-11T20:46:59.961+0200] {logging_mixin.py:188} INFO - [2024-01-11T20:46:59.961+0200] {dagbag.py:538} INFO - Filling up the DagBag from /Users/angel.georgiev/VsCodeProjects/PythonExamples/.venv/lib/python3.10/site-packages/airflow/example_dags/example_branch_day_of_week_operator.py
[2024-01-11T20:46:59.976+0200] {processor.py:840} INFO - DAG(s) 'example_weekday_branch_operator' retrieved from /Users/angel.georgiev/VsCodeProjects/PythonExamples/.venv/lib/python3.10/site-packages/airflow/example_dags/example_branch_day_of_week_operator.py
[2024-01-11T20:47:00.126+0200] {logging_mixin.py:188} INFO - [2024-01-11T20:47:00.126+0200] {dag.py:3033} INFO - Sync 1 DAGs
[2024-01-11T20:47:00.141+0200] {logging_mixin.py:188} INFO - [2024-01-11T20:47:00.141+0200] {dag.py:3820} INFO - Setting next_dagrun for example_weekday_branch_operator to 2024-01-10T00:00:00+00:00, run_after=2024-01-11T00:00:00+00:00
[2024-01-11T20:47:00.159+0200] {processor.py:183} INFO - Processing /Users/angel.georgiev/VsCodeProjects/PythonExamples/.venv/lib/python3.10/site-packages/airflow/example_dags/example_branch_day_of_week_operator.py took 0.203 seconds
[2024-01-11T20:50:52.302+0200] {processor.py:161} INFO - Started process (PID=35716) to work on /Users/angel.georgiev/VsCodeProjects/PythonExamples/.venv/lib/python3.10/site-packages/airflow/example_dags/example_branch_day_of_week_operator.py
[2024-01-11T20:50:52.307+0200] {processor.py:830} INFO - Processing file /Users/angel.georgiev/VsCodeProjects/PythonExamples/.venv/lib/python3.10/site-packages/airflow/example_dags/example_branch_day_of_week_operator.py for tasks to queue
[2024-01-11T20:50:52.307+0200] {logging_mixin.py:188} INFO - [2024-01-11T20:50:52.307+0200] {dagbag.py:538} INFO - Filling up the DagBag from /Users/angel.georgiev/VsCodeProjects/PythonExamples/.venv/lib/python3.10/site-packages/airflow/example_dags/example_branch_day_of_week_operator.py
[2024-01-11T20:50:52.322+0200] {processor.py:840} INFO - DAG(s) 'example_weekday_branch_operator' retrieved from /Users/angel.georgiev/VsCodeProjects/PythonExamples/.venv/lib/python3.10/site-packages/airflow/example_dags/example_branch_day_of_week_operator.py
[2024-01-11T20:50:52.463+0200] {logging_mixin.py:188} INFO - [2024-01-11T20:50:52.463+0200] {dag.py:3033} INFO - Sync 1 DAGs
[2024-01-11T20:50:52.478+0200] {logging_mixin.py:188} INFO - [2024-01-11T20:50:52.478+0200] {dag.py:3820} INFO - Setting next_dagrun for example_weekday_branch_operator to 2024-01-10T00:00:00+00:00, run_after=2024-01-11T00:00:00+00:00
[2024-01-11T20:50:52.496+0200] {processor.py:183} INFO - Processing /Users/angel.georgiev/VsCodeProjects/PythonExamples/.venv/lib/python3.10/site-packages/airflow/example_dags/example_branch_day_of_week_operator.py took 0.195 seconds
[2024-01-11T20:54:53.799+0200] {processor.py:161} INFO - Started process (PID=36026) to work on /Users/angel.georgiev/VsCodeProjects/PythonExamples/.venv/lib/python3.10/site-packages/airflow/example_dags/example_branch_day_of_week_operator.py
[2024-01-11T20:54:53.804+0200] {processor.py:830} INFO - Processing file /Users/angel.georgiev/VsCodeProjects/PythonExamples/.venv/lib/python3.10/site-packages/airflow/example_dags/example_branch_day_of_week_operator.py for tasks to queue
[2024-01-11T20:54:53.805+0200] {logging_mixin.py:188} INFO - [2024-01-11T20:54:53.804+0200] {dagbag.py:538} INFO - Filling up the DagBag from /Users/angel.georgiev/VsCodeProjects/PythonExamples/.venv/lib/python3.10/site-packages/airflow/example_dags/example_branch_day_of_week_operator.py
[2024-01-11T20:54:53.820+0200] {processor.py:840} INFO - DAG(s) 'example_weekday_branch_operator' retrieved from /Users/angel.georgiev/VsCodeProjects/PythonExamples/.venv/lib/python3.10/site-packages/airflow/example_dags/example_branch_day_of_week_operator.py
[2024-01-11T20:54:53.965+0200] {logging_mixin.py:188} INFO - [2024-01-11T20:54:53.965+0200] {dag.py:3033} INFO - Sync 1 DAGs
[2024-01-11T20:54:53.981+0200] {logging_mixin.py:188} INFO - [2024-01-11T20:54:53.981+0200] {dag.py:3820} INFO - Setting next_dagrun for example_weekday_branch_operator to 2024-01-10T00:00:00+00:00, run_after=2024-01-11T00:00:00+00:00
[2024-01-11T20:54:53.997+0200] {processor.py:183} INFO - Processing /Users/angel.georgiev/VsCodeProjects/PythonExamples/.venv/lib/python3.10/site-packages/airflow/example_dags/example_branch_day_of_week_operator.py took 0.199 seconds
