[2024-01-11T20:16:01.032+0200] {processor.py:161} INFO - Started process (PID=33333) to work on /Users/angel.georgiev/VsCodeProjects/PythonExamples/.venv/lib/python3.10/site-packages/airflow/example_dags/example_branch_datetime_operator.py
[2024-01-11T20:16:01.036+0200] {processor.py:830} INFO - Processing file /Users/angel.georgiev/VsCodeProjects/PythonExamples/.venv/lib/python3.10/site-packages/airflow/example_dags/example_branch_datetime_operator.py for tasks to queue
[2024-01-11T20:16:01.037+0200] {logging_mixin.py:188} INFO - [2024-01-11T20:16:01.037+0200] {dagbag.py:538} INFO - Filling up the DagBag from /Users/angel.georgiev/VsCodeProjects/PythonExamples/.venv/lib/python3.10/site-packages/airflow/example_dags/example_branch_datetime_operator.py
[2024-01-11T20:16:01.053+0200] {processor.py:840} INFO - DAG(s) 'example_branch_datetime_operator_3', 'example_branch_datetime_operator', 'example_branch_datetime_operator_2' retrieved from /Users/angel.georgiev/VsCodeProjects/PythonExamples/.venv/lib/python3.10/site-packages/airflow/example_dags/example_branch_datetime_operator.py
[2024-01-11T20:16:01.309+0200] {logging_mixin.py:188} INFO - [2024-01-11T20:16:01.309+0200] {dag.py:3033} INFO - Sync 3 DAGs
[2024-01-11T20:16:01.325+0200] {logging_mixin.py:188} INFO - [2024-01-11T20:16:01.325+0200] {dag.py:3820} INFO - Setting next_dagrun for example_branch_datetime_operator to 2024-01-10T00:00:00+00:00, run_after=2024-01-11T00:00:00+00:00
[2024-01-11T20:16:01.328+0200] {logging_mixin.py:188} INFO - [2024-01-11T20:16:01.328+0200] {dag.py:3820} INFO - Setting next_dagrun for example_branch_datetime_operator_2 to 2024-01-10T00:00:00+00:00, run_after=2024-01-11T00:00:00+00:00
[2024-01-11T20:16:01.330+0200] {logging_mixin.py:188} INFO - [2024-01-11T20:16:01.330+0200] {dag.py:3820} INFO - Setting next_dagrun for example_branch_datetime_operator_3 to 2024-01-10T00:00:00+00:00, run_after=2024-01-11T00:00:00+00:00
[2024-01-11T20:16:01.359+0200] {processor.py:183} INFO - Processing /Users/angel.georgiev/VsCodeProjects/PythonExamples/.venv/lib/python3.10/site-packages/airflow/example_dags/example_branch_datetime_operator.py took 0.327 seconds
[2024-01-11T20:20:57.753+0200] {processor.py:161} INFO - Started process (PID=33739) to work on /Users/angel.georgiev/VsCodeProjects/PythonExamples/.venv/lib/python3.10/site-packages/airflow/example_dags/example_branch_datetime_operator.py
[2024-01-11T20:20:57.760+0200] {processor.py:830} INFO - Processing file /Users/angel.georgiev/VsCodeProjects/PythonExamples/.venv/lib/python3.10/site-packages/airflow/example_dags/example_branch_datetime_operator.py for tasks to queue
[2024-01-11T20:20:57.760+0200] {logging_mixin.py:188} INFO - [2024-01-11T20:20:57.760+0200] {dagbag.py:538} INFO - Filling up the DagBag from /Users/angel.georgiev/VsCodeProjects/PythonExamples/.venv/lib/python3.10/site-packages/airflow/example_dags/example_branch_datetime_operator.py
[2024-01-11T20:20:57.785+0200] {processor.py:840} INFO - DAG(s) 'example_branch_datetime_operator_3', 'example_branch_datetime_operator', 'example_branch_datetime_operator_2' retrieved from /Users/angel.georgiev/VsCodeProjects/PythonExamples/.venv/lib/python3.10/site-packages/airflow/example_dags/example_branch_datetime_operator.py
[2024-01-11T20:20:58.004+0200] {logging_mixin.py:188} INFO - [2024-01-11T20:20:58.003+0200] {dag.py:3033} INFO - Sync 3 DAGs
[2024-01-11T20:20:58.025+0200] {logging_mixin.py:188} INFO - [2024-01-11T20:20:58.025+0200] {dag.py:3820} INFO - Setting next_dagrun for example_branch_datetime_operator to 2024-01-10T00:00:00+00:00, run_after=2024-01-11T00:00:00+00:00
[2024-01-11T20:20:58.030+0200] {logging_mixin.py:188} INFO - [2024-01-11T20:20:58.030+0200] {dag.py:3820} INFO - Setting next_dagrun for example_branch_datetime_operator_2 to 2024-01-10T00:00:00+00:00, run_after=2024-01-11T00:00:00+00:00
[2024-01-11T20:20:58.033+0200] {logging_mixin.py:188} INFO - [2024-01-11T20:20:58.033+0200] {dag.py:3820} INFO - Setting next_dagrun for example_branch_datetime_operator_3 to 2024-01-10T00:00:00+00:00, run_after=2024-01-11T00:00:00+00:00
[2024-01-11T20:20:58.055+0200] {processor.py:183} INFO - Processing /Users/angel.georgiev/VsCodeProjects/PythonExamples/.venv/lib/python3.10/site-packages/airflow/example_dags/example_branch_datetime_operator.py took 0.303 seconds
[2024-01-11T20:25:31.234+0200] {processor.py:161} INFO - Started process (PID=34070) to work on /Users/angel.georgiev/VsCodeProjects/PythonExamples/.venv/lib/python3.10/site-packages/airflow/example_dags/example_branch_datetime_operator.py
[2024-01-11T20:25:31.239+0200] {processor.py:830} INFO - Processing file /Users/angel.georgiev/VsCodeProjects/PythonExamples/.venv/lib/python3.10/site-packages/airflow/example_dags/example_branch_datetime_operator.py for tasks to queue
[2024-01-11T20:25:31.239+0200] {logging_mixin.py:188} INFO - [2024-01-11T20:25:31.239+0200] {dagbag.py:538} INFO - Filling up the DagBag from /Users/angel.georgiev/VsCodeProjects/PythonExamples/.venv/lib/python3.10/site-packages/airflow/example_dags/example_branch_datetime_operator.py
[2024-01-11T20:25:31.254+0200] {processor.py:840} INFO - DAG(s) 'example_branch_datetime_operator_3', 'example_branch_datetime_operator', 'example_branch_datetime_operator_2' retrieved from /Users/angel.georgiev/VsCodeProjects/PythonExamples/.venv/lib/python3.10/site-packages/airflow/example_dags/example_branch_datetime_operator.py
[2024-01-11T20:25:31.406+0200] {logging_mixin.py:188} INFO - [2024-01-11T20:25:31.406+0200] {dag.py:3033} INFO - Sync 3 DAGs
[2024-01-11T20:25:31.421+0200] {logging_mixin.py:188} INFO - [2024-01-11T20:25:31.421+0200] {dag.py:3820} INFO - Setting next_dagrun for example_branch_datetime_operator to 2024-01-10T00:00:00+00:00, run_after=2024-01-11T00:00:00+00:00
[2024-01-11T20:25:31.425+0200] {logging_mixin.py:188} INFO - [2024-01-11T20:25:31.425+0200] {dag.py:3820} INFO - Setting next_dagrun for example_branch_datetime_operator_2 to 2024-01-10T00:00:00+00:00, run_after=2024-01-11T00:00:00+00:00
[2024-01-11T20:25:31.427+0200] {logging_mixin.py:188} INFO - [2024-01-11T20:25:31.427+0200] {dag.py:3820} INFO - Setting next_dagrun for example_branch_datetime_operator_3 to 2024-01-10T00:00:00+00:00, run_after=2024-01-11T00:00:00+00:00
[2024-01-11T20:25:31.445+0200] {processor.py:183} INFO - Processing /Users/angel.georgiev/VsCodeProjects/PythonExamples/.venv/lib/python3.10/site-packages/airflow/example_dags/example_branch_datetime_operator.py took 0.211 seconds
[2024-01-11T20:30:30.300+0200] {processor.py:161} INFO - Started process (PID=34378) to work on /Users/angel.georgiev/VsCodeProjects/PythonExamples/.venv/lib/python3.10/site-packages/airflow/example_dags/example_branch_datetime_operator.py
[2024-01-11T20:30:30.307+0200] {processor.py:830} INFO - Processing file /Users/angel.georgiev/VsCodeProjects/PythonExamples/.venv/lib/python3.10/site-packages/airflow/example_dags/example_branch_datetime_operator.py for tasks to queue
[2024-01-11T20:30:30.307+0200] {logging_mixin.py:188} INFO - [2024-01-11T20:30:30.307+0200] {dagbag.py:538} INFO - Filling up the DagBag from /Users/angel.georgiev/VsCodeProjects/PythonExamples/.venv/lib/python3.10/site-packages/airflow/example_dags/example_branch_datetime_operator.py
[2024-01-11T20:30:30.327+0200] {processor.py:840} INFO - DAG(s) 'example_branch_datetime_operator_3', 'example_branch_datetime_operator', 'example_branch_datetime_operator_2' retrieved from /Users/angel.georgiev/VsCodeProjects/PythonExamples/.venv/lib/python3.10/site-packages/airflow/example_dags/example_branch_datetime_operator.py
[2024-01-11T20:30:30.497+0200] {logging_mixin.py:188} INFO - [2024-01-11T20:30:30.497+0200] {dag.py:3033} INFO - Sync 3 DAGs
[2024-01-11T20:30:30.517+0200] {logging_mixin.py:188} INFO - [2024-01-11T20:30:30.517+0200] {dag.py:3820} INFO - Setting next_dagrun for example_branch_datetime_operator to 2024-01-10T00:00:00+00:00, run_after=2024-01-11T00:00:00+00:00
[2024-01-11T20:30:30.522+0200] {logging_mixin.py:188} INFO - [2024-01-11T20:30:30.522+0200] {dag.py:3820} INFO - Setting next_dagrun for example_branch_datetime_operator_2 to 2024-01-10T00:00:00+00:00, run_after=2024-01-11T00:00:00+00:00
[2024-01-11T20:30:30.525+0200] {logging_mixin.py:188} INFO - [2024-01-11T20:30:30.525+0200] {dag.py:3820} INFO - Setting next_dagrun for example_branch_datetime_operator_3 to 2024-01-10T00:00:00+00:00, run_after=2024-01-11T00:00:00+00:00
[2024-01-11T20:30:30.545+0200] {processor.py:183} INFO - Processing /Users/angel.georgiev/VsCodeProjects/PythonExamples/.venv/lib/python3.10/site-packages/airflow/example_dags/example_branch_datetime_operator.py took 0.246 seconds
[2024-01-11T20:36:08.789+0200] {processor.py:161} INFO - Started process (PID=34661) to work on /Users/angel.georgiev/VsCodeProjects/PythonExamples/.venv/lib/python3.10/site-packages/airflow/example_dags/example_branch_datetime_operator.py
[2024-01-11T20:36:08.794+0200] {processor.py:830} INFO - Processing file /Users/angel.georgiev/VsCodeProjects/PythonExamples/.venv/lib/python3.10/site-packages/airflow/example_dags/example_branch_datetime_operator.py for tasks to queue
[2024-01-11T20:36:08.794+0200] {logging_mixin.py:188} INFO - [2024-01-11T20:36:08.794+0200] {dagbag.py:538} INFO - Filling up the DagBag from /Users/angel.georgiev/VsCodeProjects/PythonExamples/.venv/lib/python3.10/site-packages/airflow/example_dags/example_branch_datetime_operator.py
[2024-01-11T20:36:08.814+0200] {processor.py:840} INFO - DAG(s) 'example_branch_datetime_operator', 'example_branch_datetime_operator_3', 'example_branch_datetime_operator_2' retrieved from /Users/angel.georgiev/VsCodeProjects/PythonExamples/.venv/lib/python3.10/site-packages/airflow/example_dags/example_branch_datetime_operator.py
[2024-01-11T20:36:08.987+0200] {logging_mixin.py:188} INFO - [2024-01-11T20:36:08.986+0200] {dag.py:3033} INFO - Sync 3 DAGs
[2024-01-11T20:36:09.009+0200] {logging_mixin.py:188} INFO - [2024-01-11T20:36:09.009+0200] {dag.py:3820} INFO - Setting next_dagrun for example_branch_datetime_operator to 2024-01-10T00:00:00+00:00, run_after=2024-01-11T00:00:00+00:00
[2024-01-11T20:36:09.014+0200] {logging_mixin.py:188} INFO - [2024-01-11T20:36:09.014+0200] {dag.py:3820} INFO - Setting next_dagrun for example_branch_datetime_operator_2 to 2024-01-10T00:00:00+00:00, run_after=2024-01-11T00:00:00+00:00
[2024-01-11T20:36:09.016+0200] {logging_mixin.py:188} INFO - [2024-01-11T20:36:09.016+0200] {dag.py:3820} INFO - Setting next_dagrun for example_branch_datetime_operator_3 to 2024-01-10T00:00:00+00:00, run_after=2024-01-11T00:00:00+00:00
[2024-01-11T20:36:09.039+0200] {processor.py:183} INFO - Processing /Users/angel.georgiev/VsCodeProjects/PythonExamples/.venv/lib/python3.10/site-packages/airflow/example_dags/example_branch_datetime_operator.py took 0.251 seconds
[2024-01-11T20:42:30.428+0200] {processor.py:161} INFO - Started process (PID=35244) to work on /Users/angel.georgiev/VsCodeProjects/PythonExamples/.venv/lib/python3.10/site-packages/airflow/example_dags/example_branch_datetime_operator.py
[2024-01-11T20:42:30.434+0200] {processor.py:830} INFO - Processing file /Users/angel.georgiev/VsCodeProjects/PythonExamples/.venv/lib/python3.10/site-packages/airflow/example_dags/example_branch_datetime_operator.py for tasks to queue
[2024-01-11T20:42:30.434+0200] {logging_mixin.py:188} INFO - [2024-01-11T20:42:30.434+0200] {dagbag.py:538} INFO - Filling up the DagBag from /Users/angel.georgiev/VsCodeProjects/PythonExamples/.venv/lib/python3.10/site-packages/airflow/example_dags/example_branch_datetime_operator.py
[2024-01-11T20:42:30.452+0200] {processor.py:840} INFO - DAG(s) 'example_branch_datetime_operator', 'example_branch_datetime_operator_3', 'example_branch_datetime_operator_2' retrieved from /Users/angel.georgiev/VsCodeProjects/PythonExamples/.venv/lib/python3.10/site-packages/airflow/example_dags/example_branch_datetime_operator.py
[2024-01-11T20:42:30.618+0200] {logging_mixin.py:188} INFO - [2024-01-11T20:42:30.618+0200] {dag.py:3033} INFO - Sync 3 DAGs
[2024-01-11T20:42:30.636+0200] {logging_mixin.py:188} INFO - [2024-01-11T20:42:30.636+0200] {dag.py:3820} INFO - Setting next_dagrun for example_branch_datetime_operator to 2024-01-10T00:00:00+00:00, run_after=2024-01-11T00:00:00+00:00
[2024-01-11T20:42:30.640+0200] {logging_mixin.py:188} INFO - [2024-01-11T20:42:30.640+0200] {dag.py:3820} INFO - Setting next_dagrun for example_branch_datetime_operator_2 to 2024-01-10T00:00:00+00:00, run_after=2024-01-11T00:00:00+00:00
[2024-01-11T20:42:30.643+0200] {logging_mixin.py:188} INFO - [2024-01-11T20:42:30.643+0200] {dag.py:3820} INFO - Setting next_dagrun for example_branch_datetime_operator_3 to 2024-01-10T00:00:00+00:00, run_after=2024-01-11T00:00:00+00:00
[2024-01-11T20:42:30.660+0200] {processor.py:183} INFO - Processing /Users/angel.georgiev/VsCodeProjects/PythonExamples/.venv/lib/python3.10/site-packages/airflow/example_dags/example_branch_datetime_operator.py took 0.233 seconds
[2024-01-11T20:47:03.264+0200] {processor.py:161} INFO - Started process (PID=35431) to work on /Users/angel.georgiev/VsCodeProjects/PythonExamples/.venv/lib/python3.10/site-packages/airflow/example_dags/example_branch_datetime_operator.py
[2024-01-11T20:47:03.269+0200] {processor.py:830} INFO - Processing file /Users/angel.georgiev/VsCodeProjects/PythonExamples/.venv/lib/python3.10/site-packages/airflow/example_dags/example_branch_datetime_operator.py for tasks to queue
[2024-01-11T20:47:03.270+0200] {logging_mixin.py:188} INFO - [2024-01-11T20:47:03.269+0200] {dagbag.py:538} INFO - Filling up the DagBag from /Users/angel.georgiev/VsCodeProjects/PythonExamples/.venv/lib/python3.10/site-packages/airflow/example_dags/example_branch_datetime_operator.py
[2024-01-11T20:47:03.286+0200] {processor.py:840} INFO - DAG(s) 'example_branch_datetime_operator_2', 'example_branch_datetime_operator_3', 'example_branch_datetime_operator' retrieved from /Users/angel.georgiev/VsCodeProjects/PythonExamples/.venv/lib/python3.10/site-packages/airflow/example_dags/example_branch_datetime_operator.py
[2024-01-11T20:47:03.445+0200] {logging_mixin.py:188} INFO - [2024-01-11T20:47:03.444+0200] {dag.py:3033} INFO - Sync 3 DAGs
[2024-01-11T20:47:03.461+0200] {logging_mixin.py:188} INFO - [2024-01-11T20:47:03.461+0200] {dag.py:3820} INFO - Setting next_dagrun for example_branch_datetime_operator to 2024-01-10T00:00:00+00:00, run_after=2024-01-11T00:00:00+00:00
[2024-01-11T20:47:03.466+0200] {logging_mixin.py:188} INFO - [2024-01-11T20:47:03.466+0200] {dag.py:3820} INFO - Setting next_dagrun for example_branch_datetime_operator_2 to 2024-01-10T00:00:00+00:00, run_after=2024-01-11T00:00:00+00:00
[2024-01-11T20:47:03.468+0200] {logging_mixin.py:188} INFO - [2024-01-11T20:47:03.468+0200] {dag.py:3820} INFO - Setting next_dagrun for example_branch_datetime_operator_3 to 2024-01-10T00:00:00+00:00, run_after=2024-01-11T00:00:00+00:00
[2024-01-11T20:47:03.485+0200] {processor.py:183} INFO - Processing /Users/angel.georgiev/VsCodeProjects/PythonExamples/.venv/lib/python3.10/site-packages/airflow/example_dags/example_branch_datetime_operator.py took 0.222 seconds
[2024-01-11T20:50:55.308+0200] {processor.py:161} INFO - Started process (PID=35717) to work on /Users/angel.georgiev/VsCodeProjects/PythonExamples/.venv/lib/python3.10/site-packages/airflow/example_dags/example_branch_datetime_operator.py
[2024-01-11T20:50:55.312+0200] {processor.py:830} INFO - Processing file /Users/angel.georgiev/VsCodeProjects/PythonExamples/.venv/lib/python3.10/site-packages/airflow/example_dags/example_branch_datetime_operator.py for tasks to queue
[2024-01-11T20:50:55.313+0200] {logging_mixin.py:188} INFO - [2024-01-11T20:50:55.313+0200] {dagbag.py:538} INFO - Filling up the DagBag from /Users/angel.georgiev/VsCodeProjects/PythonExamples/.venv/lib/python3.10/site-packages/airflow/example_dags/example_branch_datetime_operator.py
[2024-01-11T20:50:55.329+0200] {processor.py:840} INFO - DAG(s) 'example_branch_datetime_operator_3', 'example_branch_datetime_operator', 'example_branch_datetime_operator_2' retrieved from /Users/angel.georgiev/VsCodeProjects/PythonExamples/.venv/lib/python3.10/site-packages/airflow/example_dags/example_branch_datetime_operator.py
[2024-01-11T20:50:55.474+0200] {logging_mixin.py:188} INFO - [2024-01-11T20:50:55.474+0200] {dag.py:3033} INFO - Sync 3 DAGs
[2024-01-11T20:50:55.489+0200] {logging_mixin.py:188} INFO - [2024-01-11T20:50:55.489+0200] {dag.py:3820} INFO - Setting next_dagrun for example_branch_datetime_operator to 2024-01-10T00:00:00+00:00, run_after=2024-01-11T00:00:00+00:00
[2024-01-11T20:50:55.493+0200] {logging_mixin.py:188} INFO - [2024-01-11T20:50:55.493+0200] {dag.py:3820} INFO - Setting next_dagrun for example_branch_datetime_operator_2 to 2024-01-10T00:00:00+00:00, run_after=2024-01-11T00:00:00+00:00
[2024-01-11T20:50:55.494+0200] {logging_mixin.py:188} INFO - [2024-01-11T20:50:55.494+0200] {dag.py:3820} INFO - Setting next_dagrun for example_branch_datetime_operator_3 to 2024-01-10T00:00:00+00:00, run_after=2024-01-11T00:00:00+00:00
[2024-01-11T20:50:55.509+0200] {processor.py:183} INFO - Processing /Users/angel.georgiev/VsCodeProjects/PythonExamples/.venv/lib/python3.10/site-packages/airflow/example_dags/example_branch_datetime_operator.py took 0.203 seconds
[2024-01-11T20:54:56.935+0200] {processor.py:161} INFO - Started process (PID=36029) to work on /Users/angel.georgiev/VsCodeProjects/PythonExamples/.venv/lib/python3.10/site-packages/airflow/example_dags/example_branch_datetime_operator.py
[2024-01-11T20:54:56.940+0200] {processor.py:830} INFO - Processing file /Users/angel.georgiev/VsCodeProjects/PythonExamples/.venv/lib/python3.10/site-packages/airflow/example_dags/example_branch_datetime_operator.py for tasks to queue
[2024-01-11T20:54:56.941+0200] {logging_mixin.py:188} INFO - [2024-01-11T20:54:56.941+0200] {dagbag.py:538} INFO - Filling up the DagBag from /Users/angel.georgiev/VsCodeProjects/PythonExamples/.venv/lib/python3.10/site-packages/airflow/example_dags/example_branch_datetime_operator.py
[2024-01-11T20:54:56.956+0200] {processor.py:840} INFO - DAG(s) 'example_branch_datetime_operator', 'example_branch_datetime_operator_3', 'example_branch_datetime_operator_2' retrieved from /Users/angel.georgiev/VsCodeProjects/PythonExamples/.venv/lib/python3.10/site-packages/airflow/example_dags/example_branch_datetime_operator.py
[2024-01-11T20:54:57.118+0200] {logging_mixin.py:188} INFO - [2024-01-11T20:54:57.117+0200] {dag.py:3033} INFO - Sync 3 DAGs
[2024-01-11T20:54:57.134+0200] {logging_mixin.py:188} INFO - [2024-01-11T20:54:57.134+0200] {dag.py:3820} INFO - Setting next_dagrun for example_branch_datetime_operator to 2024-01-10T00:00:00+00:00, run_after=2024-01-11T00:00:00+00:00
[2024-01-11T20:54:57.137+0200] {logging_mixin.py:188} INFO - [2024-01-11T20:54:57.137+0200] {dag.py:3820} INFO - Setting next_dagrun for example_branch_datetime_operator_2 to 2024-01-10T00:00:00+00:00, run_after=2024-01-11T00:00:00+00:00
[2024-01-11T20:54:57.139+0200] {logging_mixin.py:188} INFO - [2024-01-11T20:54:57.139+0200] {dag.py:3820} INFO - Setting next_dagrun for example_branch_datetime_operator_3 to 2024-01-10T00:00:00+00:00, run_after=2024-01-11T00:00:00+00:00
[2024-01-11T20:54:57.154+0200] {processor.py:183} INFO - Processing /Users/angel.georgiev/VsCodeProjects/PythonExamples/.venv/lib/python3.10/site-packages/airflow/example_dags/example_branch_datetime_operator.py took 0.220 seconds
