[2024-01-11T20:14:48.021+0200] {processor.py:161} INFO - Started process (PID=33249) to work on /Users/angel.georgiev/VsCodeProjects/PythonExamples/.venv/lib/python3.10/site-packages/airflow/example_dags/example_params_ui_tutorial.py
[2024-01-11T20:14:48.024+0200] {processor.py:830} INFO - Processing file /Users/angel.georgiev/VsCodeProjects/PythonExamples/.venv/lib/python3.10/site-packages/airflow/example_dags/example_params_ui_tutorial.py for tasks to queue
[2024-01-11T20:14:48.025+0200] {logging_mixin.py:188} INFO - [2024-01-11T20:14:48.025+0200] {dagbag.py:538} INFO - Filling up the DagBag from /Users/angel.georgiev/VsCodeProjects/PythonExamples/.venv/lib/python3.10/site-packages/airflow/example_dags/example_params_ui_tutorial.py
[2024-01-11T20:14:48.110+0200] {processor.py:840} INFO - DAG(s) 'example_params_ui_tutorial' retrieved from /Users/angel.georgiev/VsCodeProjects/PythonExamples/.venv/lib/python3.10/site-packages/airflow/example_dags/example_params_ui_tutorial.py
[2024-01-11T20:14:48.310+0200] {logging_mixin.py:188} INFO - [2024-01-11T20:14:48.310+0200] {dag.py:3033} INFO - Sync 1 DAGs
[2024-01-11T20:14:48.317+0200] {logging_mixin.py:188} INFO - [2024-01-11T20:14:48.317+0200] {dag.py:3820} INFO - Setting next_dagrun for example_params_ui_tutorial to None, run_after=None
[2024-01-11T20:14:48.336+0200] {processor.py:183} INFO - Processing /Users/angel.georgiev/VsCodeProjects/PythonExamples/.venv/lib/python3.10/site-packages/airflow/example_dags/example_params_ui_tutorial.py took 0.316 seconds
[2024-01-11T20:17:49.703+0200] {processor.py:161} INFO - Started process (PID=33532) to work on /Users/angel.georgiev/VsCodeProjects/PythonExamples/.venv/lib/python3.10/site-packages/airflow/example_dags/example_params_ui_tutorial.py
[2024-01-11T20:17:49.707+0200] {processor.py:830} INFO - Processing file /Users/angel.georgiev/VsCodeProjects/PythonExamples/.venv/lib/python3.10/site-packages/airflow/example_dags/example_params_ui_tutorial.py for tasks to queue
[2024-01-11T20:17:49.708+0200] {logging_mixin.py:188} INFO - [2024-01-11T20:17:49.708+0200] {dagbag.py:538} INFO - Filling up the DagBag from /Users/angel.georgiev/VsCodeProjects/PythonExamples/.venv/lib/python3.10/site-packages/airflow/example_dags/example_params_ui_tutorial.py
[2024-01-11T20:17:49.798+0200] {processor.py:840} INFO - DAG(s) 'example_params_ui_tutorial' retrieved from /Users/angel.georgiev/VsCodeProjects/PythonExamples/.venv/lib/python3.10/site-packages/airflow/example_dags/example_params_ui_tutorial.py
[2024-01-11T20:17:49.914+0200] {logging_mixin.py:188} INFO - [2024-01-11T20:17:49.913+0200] {dag.py:3033} INFO - Sync 1 DAGs
[2024-01-11T20:17:49.921+0200] {logging_mixin.py:188} INFO - [2024-01-11T20:17:49.921+0200] {dag.py:3820} INFO - Setting next_dagrun for example_params_ui_tutorial to None, run_after=None
[2024-01-11T20:17:49.939+0200] {processor.py:183} INFO - Processing /Users/angel.georgiev/VsCodeProjects/PythonExamples/.venv/lib/python3.10/site-packages/airflow/example_dags/example_params_ui_tutorial.py took 0.237 seconds
[2024-01-11T20:20:13.815+0200] {processor.py:161} INFO - Started process (PID=33701) to work on /Users/angel.georgiev/VsCodeProjects/PythonExamples/.venv/lib/python3.10/site-packages/airflow/example_dags/example_params_ui_tutorial.py
[2024-01-11T20:20:13.819+0200] {processor.py:830} INFO - Processing file /Users/angel.georgiev/VsCodeProjects/PythonExamples/.venv/lib/python3.10/site-packages/airflow/example_dags/example_params_ui_tutorial.py for tasks to queue
[2024-01-11T20:20:13.820+0200] {logging_mixin.py:188} INFO - [2024-01-11T20:20:13.820+0200] {dagbag.py:538} INFO - Filling up the DagBag from /Users/angel.georgiev/VsCodeProjects/PythonExamples/.venv/lib/python3.10/site-packages/airflow/example_dags/example_params_ui_tutorial.py
[2024-01-11T20:20:13.917+0200] {processor.py:840} INFO - DAG(s) 'example_params_ui_tutorial' retrieved from /Users/angel.georgiev/VsCodeProjects/PythonExamples/.venv/lib/python3.10/site-packages/airflow/example_dags/example_params_ui_tutorial.py
[2024-01-11T20:20:14.046+0200] {logging_mixin.py:188} INFO - [2024-01-11T20:20:14.046+0200] {dag.py:3033} INFO - Sync 1 DAGs
[2024-01-11T20:20:14.055+0200] {logging_mixin.py:188} INFO - [2024-01-11T20:20:14.055+0200] {dag.py:3820} INFO - Setting next_dagrun for example_params_ui_tutorial to None, run_after=None
[2024-01-11T20:20:14.073+0200] {processor.py:183} INFO - Processing /Users/angel.georgiev/VsCodeProjects/PythonExamples/.venv/lib/python3.10/site-packages/airflow/example_dags/example_params_ui_tutorial.py took 0.260 seconds
[2024-01-11T20:22:34.939+0200] {processor.py:161} INFO - Started process (PID=33831) to work on /Users/angel.georgiev/VsCodeProjects/PythonExamples/.venv/lib/python3.10/site-packages/airflow/example_dags/example_params_ui_tutorial.py
[2024-01-11T20:22:34.944+0200] {processor.py:830} INFO - Processing file /Users/angel.georgiev/VsCodeProjects/PythonExamples/.venv/lib/python3.10/site-packages/airflow/example_dags/example_params_ui_tutorial.py for tasks to queue
[2024-01-11T20:22:34.944+0200] {logging_mixin.py:188} INFO - [2024-01-11T20:22:34.944+0200] {dagbag.py:538} INFO - Filling up the DagBag from /Users/angel.georgiev/VsCodeProjects/PythonExamples/.venv/lib/python3.10/site-packages/airflow/example_dags/example_params_ui_tutorial.py
[2024-01-11T20:22:35.038+0200] {processor.py:840} INFO - DAG(s) 'example_params_ui_tutorial' retrieved from /Users/angel.georgiev/VsCodeProjects/PythonExamples/.venv/lib/python3.10/site-packages/airflow/example_dags/example_params_ui_tutorial.py
[2024-01-11T20:22:35.156+0200] {logging_mixin.py:188} INFO - [2024-01-11T20:22:35.156+0200] {dag.py:3033} INFO - Sync 1 DAGs
[2024-01-11T20:22:35.163+0200] {logging_mixin.py:188} INFO - [2024-01-11T20:22:35.163+0200] {dag.py:3820} INFO - Setting next_dagrun for example_params_ui_tutorial to None, run_after=None
[2024-01-11T20:22:35.180+0200] {processor.py:183} INFO - Processing /Users/angel.georgiev/VsCodeProjects/PythonExamples/.venv/lib/python3.10/site-packages/airflow/example_dags/example_params_ui_tutorial.py took 0.242 seconds
[2024-01-11T20:25:03.929+0200] {processor.py:161} INFO - Started process (PID=34056) to work on /Users/angel.georgiev/VsCodeProjects/PythonExamples/.venv/lib/python3.10/site-packages/airflow/example_dags/example_params_ui_tutorial.py
[2024-01-11T20:25:03.933+0200] {processor.py:830} INFO - Processing file /Users/angel.georgiev/VsCodeProjects/PythonExamples/.venv/lib/python3.10/site-packages/airflow/example_dags/example_params_ui_tutorial.py for tasks to queue
[2024-01-11T20:25:03.934+0200] {logging_mixin.py:188} INFO - [2024-01-11T20:25:03.933+0200] {dagbag.py:538} INFO - Filling up the DagBag from /Users/angel.georgiev/VsCodeProjects/PythonExamples/.venv/lib/python3.10/site-packages/airflow/example_dags/example_params_ui_tutorial.py
[2024-01-11T20:25:04.022+0200] {processor.py:840} INFO - DAG(s) 'example_params_ui_tutorial' retrieved from /Users/angel.georgiev/VsCodeProjects/PythonExamples/.venv/lib/python3.10/site-packages/airflow/example_dags/example_params_ui_tutorial.py
[2024-01-11T20:25:04.143+0200] {logging_mixin.py:188} INFO - [2024-01-11T20:25:04.143+0200] {dag.py:3033} INFO - Sync 1 DAGs
[2024-01-11T20:25:04.151+0200] {logging_mixin.py:188} INFO - [2024-01-11T20:25:04.151+0200] {dag.py:3820} INFO - Setting next_dagrun for example_params_ui_tutorial to None, run_after=None
[2024-01-11T20:25:04.169+0200] {processor.py:183} INFO - Processing /Users/angel.georgiev/VsCodeProjects/PythonExamples/.venv/lib/python3.10/site-packages/airflow/example_dags/example_params_ui_tutorial.py took 0.242 seconds
[2024-01-11T20:27:36.865+0200] {processor.py:161} INFO - Started process (PID=34165) to work on /Users/angel.georgiev/VsCodeProjects/PythonExamples/.venv/lib/python3.10/site-packages/airflow/example_dags/example_params_ui_tutorial.py
[2024-01-11T20:27:36.871+0200] {processor.py:830} INFO - Processing file /Users/angel.georgiev/VsCodeProjects/PythonExamples/.venv/lib/python3.10/site-packages/airflow/example_dags/example_params_ui_tutorial.py for tasks to queue
[2024-01-11T20:27:36.872+0200] {logging_mixin.py:188} INFO - [2024-01-11T20:27:36.872+0200] {dagbag.py:538} INFO - Filling up the DagBag from /Users/angel.georgiev/VsCodeProjects/PythonExamples/.venv/lib/python3.10/site-packages/airflow/example_dags/example_params_ui_tutorial.py
[2024-01-11T20:27:37.449+0200] {processor.py:840} INFO - DAG(s) 'example_params_ui_tutorial' retrieved from /Users/angel.georgiev/VsCodeProjects/PythonExamples/.venv/lib/python3.10/site-packages/airflow/example_dags/example_params_ui_tutorial.py
[2024-01-11T20:27:37.794+0200] {logging_mixin.py:188} INFO - [2024-01-11T20:27:37.793+0200] {dag.py:3033} INFO - Sync 1 DAGs
[2024-01-11T20:27:37.804+0200] {logging_mixin.py:188} INFO - [2024-01-11T20:27:37.804+0200] {dag.py:3820} INFO - Setting next_dagrun for example_params_ui_tutorial to None, run_after=None
[2024-01-11T20:27:37.830+0200] {processor.py:183} INFO - Processing /Users/angel.georgiev/VsCodeProjects/PythonExamples/.venv/lib/python3.10/site-packages/airflow/example_dags/example_params_ui_tutorial.py took 0.966 seconds
[2024-01-11T20:29:53.375+0200] {processor.py:161} INFO - Started process (PID=34359) to work on /Users/angel.georgiev/VsCodeProjects/PythonExamples/.venv/lib/python3.10/site-packages/airflow/example_dags/example_params_ui_tutorial.py
[2024-01-11T20:29:53.379+0200] {processor.py:830} INFO - Processing file /Users/angel.georgiev/VsCodeProjects/PythonExamples/.venv/lib/python3.10/site-packages/airflow/example_dags/example_params_ui_tutorial.py for tasks to queue
[2024-01-11T20:29:53.380+0200] {logging_mixin.py:188} INFO - [2024-01-11T20:29:53.380+0200] {dagbag.py:538} INFO - Filling up the DagBag from /Users/angel.georgiev/VsCodeProjects/PythonExamples/.venv/lib/python3.10/site-packages/airflow/example_dags/example_params_ui_tutorial.py
[2024-01-11T20:29:53.477+0200] {processor.py:840} INFO - DAG(s) 'example_params_ui_tutorial' retrieved from /Users/angel.georgiev/VsCodeProjects/PythonExamples/.venv/lib/python3.10/site-packages/airflow/example_dags/example_params_ui_tutorial.py
[2024-01-11T20:29:53.613+0200] {logging_mixin.py:188} INFO - [2024-01-11T20:29:53.612+0200] {dag.py:3033} INFO - Sync 1 DAGs
[2024-01-11T20:29:53.621+0200] {logging_mixin.py:188} INFO - [2024-01-11T20:29:53.621+0200] {dag.py:3820} INFO - Setting next_dagrun for example_params_ui_tutorial to None, run_after=None
[2024-01-11T20:29:53.642+0200] {processor.py:183} INFO - Processing /Users/angel.georgiev/VsCodeProjects/PythonExamples/.venv/lib/python3.10/site-packages/airflow/example_dags/example_params_ui_tutorial.py took 0.268 seconds
[2024-01-11T20:32:35.099+0200] {processor.py:161} INFO - Started process (PID=34475) to work on /Users/angel.georgiev/VsCodeProjects/PythonExamples/.venv/lib/python3.10/site-packages/airflow/example_dags/example_params_ui_tutorial.py
[2024-01-11T20:32:35.107+0200] {processor.py:830} INFO - Processing file /Users/angel.georgiev/VsCodeProjects/PythonExamples/.venv/lib/python3.10/site-packages/airflow/example_dags/example_params_ui_tutorial.py for tasks to queue
[2024-01-11T20:32:35.108+0200] {logging_mixin.py:188} INFO - [2024-01-11T20:32:35.107+0200] {dagbag.py:538} INFO - Filling up the DagBag from /Users/angel.georgiev/VsCodeProjects/PythonExamples/.venv/lib/python3.10/site-packages/airflow/example_dags/example_params_ui_tutorial.py
[2024-01-11T20:32:35.227+0200] {processor.py:840} INFO - DAG(s) 'example_params_ui_tutorial' retrieved from /Users/angel.georgiev/VsCodeProjects/PythonExamples/.venv/lib/python3.10/site-packages/airflow/example_dags/example_params_ui_tutorial.py
[2024-01-11T20:32:35.442+0200] {logging_mixin.py:188} INFO - [2024-01-11T20:32:35.442+0200] {dag.py:3033} INFO - Sync 1 DAGs
[2024-01-11T20:32:35.453+0200] {logging_mixin.py:188} INFO - [2024-01-11T20:32:35.453+0200] {dag.py:3820} INFO - Setting next_dagrun for example_params_ui_tutorial to None, run_after=None
[2024-01-11T20:32:35.478+0200] {processor.py:183} INFO - Processing /Users/angel.georgiev/VsCodeProjects/PythonExamples/.venv/lib/python3.10/site-packages/airflow/example_dags/example_params_ui_tutorial.py took 0.381 seconds
[2024-01-11T20:35:25.994+0200] {processor.py:161} INFO - Started process (PID=34621) to work on /Users/angel.georgiev/VsCodeProjects/PythonExamples/.venv/lib/python3.10/site-packages/airflow/example_dags/example_params_ui_tutorial.py
[2024-01-11T20:35:25.999+0200] {processor.py:830} INFO - Processing file /Users/angel.georgiev/VsCodeProjects/PythonExamples/.venv/lib/python3.10/site-packages/airflow/example_dags/example_params_ui_tutorial.py for tasks to queue
[2024-01-11T20:35:25.999+0200] {logging_mixin.py:188} INFO - [2024-01-11T20:35:25.999+0200] {dagbag.py:538} INFO - Filling up the DagBag from /Users/angel.georgiev/VsCodeProjects/PythonExamples/.venv/lib/python3.10/site-packages/airflow/example_dags/example_params_ui_tutorial.py
[2024-01-11T20:35:26.097+0200] {processor.py:840} INFO - DAG(s) 'example_params_ui_tutorial' retrieved from /Users/angel.georgiev/VsCodeProjects/PythonExamples/.venv/lib/python3.10/site-packages/airflow/example_dags/example_params_ui_tutorial.py
[2024-01-11T20:35:26.230+0200] {logging_mixin.py:188} INFO - [2024-01-11T20:35:26.230+0200] {dag.py:3033} INFO - Sync 1 DAGs
[2024-01-11T20:35:26.238+0200] {logging_mixin.py:188} INFO - [2024-01-11T20:35:26.238+0200] {dag.py:3820} INFO - Setting next_dagrun for example_params_ui_tutorial to None, run_after=None
[2024-01-11T20:35:26.260+0200] {processor.py:183} INFO - Processing /Users/angel.georgiev/VsCodeProjects/PythonExamples/.venv/lib/python3.10/site-packages/airflow/example_dags/example_params_ui_tutorial.py took 0.267 seconds
[2024-01-11T20:38:34.090+0200] {processor.py:161} INFO - Started process (PID=34905) to work on /Users/angel.georgiev/VsCodeProjects/PythonExamples/.venv/lib/python3.10/site-packages/airflow/example_dags/example_params_ui_tutorial.py
[2024-01-11T20:38:34.094+0200] {processor.py:830} INFO - Processing file /Users/angel.georgiev/VsCodeProjects/PythonExamples/.venv/lib/python3.10/site-packages/airflow/example_dags/example_params_ui_tutorial.py for tasks to queue
[2024-01-11T20:38:34.095+0200] {logging_mixin.py:188} INFO - [2024-01-11T20:38:34.095+0200] {dagbag.py:538} INFO - Filling up the DagBag from /Users/angel.georgiev/VsCodeProjects/PythonExamples/.venv/lib/python3.10/site-packages/airflow/example_dags/example_params_ui_tutorial.py
[2024-01-11T20:38:34.190+0200] {processor.py:840} INFO - DAG(s) 'example_params_ui_tutorial' retrieved from /Users/angel.georgiev/VsCodeProjects/PythonExamples/.venv/lib/python3.10/site-packages/airflow/example_dags/example_params_ui_tutorial.py
[2024-01-11T20:38:34.458+0200] {logging_mixin.py:188} INFO - [2024-01-11T20:38:34.457+0200] {dag.py:3033} INFO - Sync 1 DAGs
[2024-01-11T20:38:34.469+0200] {logging_mixin.py:188} INFO - [2024-01-11T20:38:34.469+0200] {dag.py:3820} INFO - Setting next_dagrun for example_params_ui_tutorial to None, run_after=None
[2024-01-11T20:38:34.498+0200] {processor.py:183} INFO - Processing /Users/angel.georgiev/VsCodeProjects/PythonExamples/.venv/lib/python3.10/site-packages/airflow/example_dags/example_params_ui_tutorial.py took 0.410 seconds
[2024-01-11T20:41:56.579+0200] {processor.py:161} INFO - Started process (PID=35213) to work on /Users/angel.georgiev/VsCodeProjects/PythonExamples/.venv/lib/python3.10/site-packages/airflow/example_dags/example_params_ui_tutorial.py
[2024-01-11T20:41:56.584+0200] {processor.py:830} INFO - Processing file /Users/angel.georgiev/VsCodeProjects/PythonExamples/.venv/lib/python3.10/site-packages/airflow/example_dags/example_params_ui_tutorial.py for tasks to queue
[2024-01-11T20:41:56.585+0200] {logging_mixin.py:188} INFO - [2024-01-11T20:41:56.584+0200] {dagbag.py:538} INFO - Filling up the DagBag from /Users/angel.georgiev/VsCodeProjects/PythonExamples/.venv/lib/python3.10/site-packages/airflow/example_dags/example_params_ui_tutorial.py
[2024-01-11T20:41:56.684+0200] {processor.py:840} INFO - DAG(s) 'example_params_ui_tutorial' retrieved from /Users/angel.georgiev/VsCodeProjects/PythonExamples/.venv/lib/python3.10/site-packages/airflow/example_dags/example_params_ui_tutorial.py
[2024-01-11T20:41:56.815+0200] {logging_mixin.py:188} INFO - [2024-01-11T20:41:56.815+0200] {dag.py:3033} INFO - Sync 1 DAGs
[2024-01-11T20:41:56.823+0200] {logging_mixin.py:188} INFO - [2024-01-11T20:41:56.823+0200] {dag.py:3820} INFO - Setting next_dagrun for example_params_ui_tutorial to None, run_after=None
[2024-01-11T20:41:56.843+0200] {processor.py:183} INFO - Processing /Users/angel.georgiev/VsCodeProjects/PythonExamples/.venv/lib/python3.10/site-packages/airflow/example_dags/example_params_ui_tutorial.py took 0.265 seconds
[2024-01-11T20:44:34.741+0200] {processor.py:161} INFO - Started process (PID=35341) to work on /Users/angel.georgiev/VsCodeProjects/PythonExamples/.venv/lib/python3.10/site-packages/airflow/example_dags/example_params_ui_tutorial.py
[2024-01-11T20:44:34.745+0200] {processor.py:830} INFO - Processing file /Users/angel.georgiev/VsCodeProjects/PythonExamples/.venv/lib/python3.10/site-packages/airflow/example_dags/example_params_ui_tutorial.py for tasks to queue
[2024-01-11T20:44:34.747+0200] {logging_mixin.py:188} INFO - [2024-01-11T20:44:34.747+0200] {dagbag.py:538} INFO - Filling up the DagBag from /Users/angel.georgiev/VsCodeProjects/PythonExamples/.venv/lib/python3.10/site-packages/airflow/example_dags/example_params_ui_tutorial.py
[2024-01-11T20:44:34.845+0200] {processor.py:840} INFO - DAG(s) 'example_params_ui_tutorial' retrieved from /Users/angel.georgiev/VsCodeProjects/PythonExamples/.venv/lib/python3.10/site-packages/airflow/example_dags/example_params_ui_tutorial.py
[2024-01-11T20:44:34.966+0200] {logging_mixin.py:188} INFO - [2024-01-11T20:44:34.966+0200] {dag.py:3033} INFO - Sync 1 DAGs
[2024-01-11T20:44:34.974+0200] {logging_mixin.py:188} INFO - [2024-01-11T20:44:34.973+0200] {dag.py:3820} INFO - Setting next_dagrun for example_params_ui_tutorial to None, run_after=None
[2024-01-11T20:44:34.991+0200] {processor.py:183} INFO - Processing /Users/angel.georgiev/VsCodeProjects/PythonExamples/.venv/lib/python3.10/site-packages/airflow/example_dags/example_params_ui_tutorial.py took 0.252 seconds
[2024-01-11T20:46:39.029+0200] {processor.py:161} INFO - Started process (PID=35423) to work on /Users/angel.georgiev/VsCodeProjects/PythonExamples/.venv/lib/python3.10/site-packages/airflow/example_dags/example_params_ui_tutorial.py
[2024-01-11T20:46:39.033+0200] {processor.py:830} INFO - Processing file /Users/angel.georgiev/VsCodeProjects/PythonExamples/.venv/lib/python3.10/site-packages/airflow/example_dags/example_params_ui_tutorial.py for tasks to queue
[2024-01-11T20:46:39.034+0200] {logging_mixin.py:188} INFO - [2024-01-11T20:46:39.034+0200] {dagbag.py:538} INFO - Filling up the DagBag from /Users/angel.georgiev/VsCodeProjects/PythonExamples/.venv/lib/python3.10/site-packages/airflow/example_dags/example_params_ui_tutorial.py
[2024-01-11T20:46:39.125+0200] {processor.py:840} INFO - DAG(s) 'example_params_ui_tutorial' retrieved from /Users/angel.georgiev/VsCodeProjects/PythonExamples/.venv/lib/python3.10/site-packages/airflow/example_dags/example_params_ui_tutorial.py
[2024-01-11T20:46:39.248+0200] {logging_mixin.py:188} INFO - [2024-01-11T20:46:39.247+0200] {dag.py:3033} INFO - Sync 1 DAGs
[2024-01-11T20:46:39.255+0200] {logging_mixin.py:188} INFO - [2024-01-11T20:46:39.255+0200] {dag.py:3820} INFO - Setting next_dagrun for example_params_ui_tutorial to None, run_after=None
[2024-01-11T20:46:39.274+0200] {processor.py:183} INFO - Processing /Users/angel.georgiev/VsCodeProjects/PythonExamples/.venv/lib/python3.10/site-packages/airflow/example_dags/example_params_ui_tutorial.py took 0.247 seconds
[2024-01-11T20:50:31.262+0200] {processor.py:161} INFO - Started process (PID=35705) to work on /Users/angel.georgiev/VsCodeProjects/PythonExamples/.venv/lib/python3.10/site-packages/airflow/example_dags/example_params_ui_tutorial.py
[2024-01-11T20:50:31.266+0200] {processor.py:830} INFO - Processing file /Users/angel.georgiev/VsCodeProjects/PythonExamples/.venv/lib/python3.10/site-packages/airflow/example_dags/example_params_ui_tutorial.py for tasks to queue
[2024-01-11T20:50:31.267+0200] {logging_mixin.py:188} INFO - [2024-01-11T20:50:31.267+0200] {dagbag.py:538} INFO - Filling up the DagBag from /Users/angel.georgiev/VsCodeProjects/PythonExamples/.venv/lib/python3.10/site-packages/airflow/example_dags/example_params_ui_tutorial.py
[2024-01-11T20:50:31.355+0200] {processor.py:840} INFO - DAG(s) 'example_params_ui_tutorial' retrieved from /Users/angel.georgiev/VsCodeProjects/PythonExamples/.venv/lib/python3.10/site-packages/airflow/example_dags/example_params_ui_tutorial.py
[2024-01-11T20:50:31.474+0200] {logging_mixin.py:188} INFO - [2024-01-11T20:50:31.474+0200] {dag.py:3033} INFO - Sync 1 DAGs
[2024-01-11T20:50:31.481+0200] {logging_mixin.py:188} INFO - [2024-01-11T20:50:31.481+0200] {dag.py:3820} INFO - Setting next_dagrun for example_params_ui_tutorial to None, run_after=None
[2024-01-11T20:50:31.506+0200] {processor.py:183} INFO - Processing /Users/angel.georgiev/VsCodeProjects/PythonExamples/.venv/lib/python3.10/site-packages/airflow/example_dags/example_params_ui_tutorial.py took 0.245 seconds
[2024-01-11T20:54:30.880+0200] {processor.py:161} INFO - Started process (PID=35916) to work on /Users/angel.georgiev/VsCodeProjects/PythonExamples/.venv/lib/python3.10/site-packages/airflow/example_dags/example_params_ui_tutorial.py
[2024-01-11T20:54:30.884+0200] {processor.py:830} INFO - Processing file /Users/angel.georgiev/VsCodeProjects/PythonExamples/.venv/lib/python3.10/site-packages/airflow/example_dags/example_params_ui_tutorial.py for tasks to queue
[2024-01-11T20:54:30.885+0200] {logging_mixin.py:188} INFO - [2024-01-11T20:54:30.884+0200] {dagbag.py:538} INFO - Filling up the DagBag from /Users/angel.georgiev/VsCodeProjects/PythonExamples/.venv/lib/python3.10/site-packages/airflow/example_dags/example_params_ui_tutorial.py
[2024-01-11T20:54:30.976+0200] {processor.py:840} INFO - DAG(s) 'example_params_ui_tutorial' retrieved from /Users/angel.georgiev/VsCodeProjects/PythonExamples/.venv/lib/python3.10/site-packages/airflow/example_dags/example_params_ui_tutorial.py
[2024-01-11T20:54:31.112+0200] {logging_mixin.py:188} INFO - [2024-01-11T20:54:31.112+0200] {dag.py:3033} INFO - Sync 1 DAGs
[2024-01-11T20:54:31.120+0200] {logging_mixin.py:188} INFO - [2024-01-11T20:54:31.120+0200] {dag.py:3820} INFO - Setting next_dagrun for example_params_ui_tutorial to None, run_after=None
[2024-01-11T20:54:31.141+0200] {processor.py:183} INFO - Processing /Users/angel.georgiev/VsCodeProjects/PythonExamples/.venv/lib/python3.10/site-packages/airflow/example_dags/example_params_ui_tutorial.py took 0.262 seconds
[2024-01-11T20:56:50.168+0200] {processor.py:161} INFO - Started process (PID=36103) to work on /Users/angel.georgiev/VsCodeProjects/PythonExamples/.venv/lib/python3.10/site-packages/airflow/example_dags/example_params_ui_tutorial.py
[2024-01-11T20:56:50.175+0200] {processor.py:830} INFO - Processing file /Users/angel.georgiev/VsCodeProjects/PythonExamples/.venv/lib/python3.10/site-packages/airflow/example_dags/example_params_ui_tutorial.py for tasks to queue
[2024-01-11T20:56:50.176+0200] {logging_mixin.py:188} INFO - [2024-01-11T20:56:50.176+0200] {dagbag.py:538} INFO - Filling up the DagBag from /Users/angel.georgiev/VsCodeProjects/PythonExamples/.venv/lib/python3.10/site-packages/airflow/example_dags/example_params_ui_tutorial.py
[2024-01-11T20:56:50.291+0200] {processor.py:840} INFO - DAG(s) 'example_params_ui_tutorial' retrieved from /Users/angel.georgiev/VsCodeProjects/PythonExamples/.venv/lib/python3.10/site-packages/airflow/example_dags/example_params_ui_tutorial.py
[2024-01-11T20:56:50.469+0200] {logging_mixin.py:188} INFO - [2024-01-11T20:56:50.469+0200] {dag.py:3033} INFO - Sync 1 DAGs
[2024-01-11T20:56:50.485+0200] {logging_mixin.py:188} INFO - [2024-01-11T20:56:50.485+0200] {dag.py:3820} INFO - Setting next_dagrun for example_params_ui_tutorial to None, run_after=None
[2024-01-11T20:56:50.520+0200] {processor.py:183} INFO - Processing /Users/angel.georgiev/VsCodeProjects/PythonExamples/.venv/lib/python3.10/site-packages/airflow/example_dags/example_params_ui_tutorial.py took 0.353 seconds
[2024-01-11T20:59:10.214+0200] {processor.py:161} INFO - Started process (PID=36194) to work on /Users/angel.georgiev/VsCodeProjects/PythonExamples/.venv/lib/python3.10/site-packages/airflow/example_dags/example_params_ui_tutorial.py
[2024-01-11T20:59:10.218+0200] {processor.py:830} INFO - Processing file /Users/angel.georgiev/VsCodeProjects/PythonExamples/.venv/lib/python3.10/site-packages/airflow/example_dags/example_params_ui_tutorial.py for tasks to queue
[2024-01-11T20:59:10.219+0200] {logging_mixin.py:188} INFO - [2024-01-11T20:59:10.219+0200] {dagbag.py:538} INFO - Filling up the DagBag from /Users/angel.georgiev/VsCodeProjects/PythonExamples/.venv/lib/python3.10/site-packages/airflow/example_dags/example_params_ui_tutorial.py
[2024-01-11T20:59:10.321+0200] {processor.py:840} INFO - DAG(s) 'example_params_ui_tutorial' retrieved from /Users/angel.georgiev/VsCodeProjects/PythonExamples/.venv/lib/python3.10/site-packages/airflow/example_dags/example_params_ui_tutorial.py
[2024-01-11T20:59:10.448+0200] {logging_mixin.py:188} INFO - [2024-01-11T20:59:10.448+0200] {dag.py:3033} INFO - Sync 1 DAGs
[2024-01-11T20:59:10.456+0200] {logging_mixin.py:188} INFO - [2024-01-11T20:59:10.456+0200] {dag.py:3820} INFO - Setting next_dagrun for example_params_ui_tutorial to None, run_after=None
[2024-01-11T20:59:10.476+0200] {processor.py:183} INFO - Processing /Users/angel.georgiev/VsCodeProjects/PythonExamples/.venv/lib/python3.10/site-packages/airflow/example_dags/example_params_ui_tutorial.py took 0.264 seconds
