[2024-01-11T20:12:44.937+0200] {processor.py:161} INFO - Started process (PID=33109) to work on /Users/angel.georgiev/VsCodeProjects/PythonExamples/.venv/lib/python3.10/site-packages/airflow/example_dags/example_trigger_target_dag.py
[2024-01-11T20:12:44.941+0200] {processor.py:830} INFO - Processing file /Users/angel.georgiev/VsCodeProjects/PythonExamples/.venv/lib/python3.10/site-packages/airflow/example_dags/example_trigger_target_dag.py for tasks to queue
[2024-01-11T20:12:44.941+0200] {logging_mixin.py:188} INFO - [2024-01-11T20:12:44.941+0200] {dagbag.py:538} INFO - Filling up the DagBag from /Users/angel.georgiev/VsCodeProjects/PythonExamples/.venv/lib/python3.10/site-packages/airflow/example_dags/example_trigger_target_dag.py
[2024-01-11T20:12:45.028+0200] {processor.py:840} INFO - DAG(s) 'example_trigger_target_dag' retrieved from /Users/angel.georgiev/VsCodeProjects/PythonExamples/.venv/lib/python3.10/site-packages/airflow/example_dags/example_trigger_target_dag.py
[2024-01-11T20:12:45.230+0200] {logging_mixin.py:188} INFO - [2024-01-11T20:12:45.229+0200] {dag.py:3033} INFO - Sync 1 DAGs
[2024-01-11T20:12:45.241+0200] {logging_mixin.py:188} INFO - [2024-01-11T20:12:45.241+0200] {dag.py:3820} INFO - Setting next_dagrun for example_trigger_target_dag to None, run_after=None
[2024-01-11T20:12:45.260+0200] {processor.py:183} INFO - Processing /Users/angel.georgiev/VsCodeProjects/PythonExamples/.venv/lib/python3.10/site-packages/airflow/example_dags/example_trigger_target_dag.py took 0.325 seconds
[2024-01-11T20:13:47.064+0200] {processor.py:161} INFO - Started process (PID=33213) to work on /Users/angel.georgiev/VsCodeProjects/PythonExamples/.venv/lib/python3.10/site-packages/airflow/example_dags/example_trigger_target_dag.py
[2024-01-11T20:13:47.069+0200] {processor.py:830} INFO - Processing file /Users/angel.georgiev/VsCodeProjects/PythonExamples/.venv/lib/python3.10/site-packages/airflow/example_dags/example_trigger_target_dag.py for tasks to queue
[2024-01-11T20:13:47.070+0200] {logging_mixin.py:188} INFO - [2024-01-11T20:13:47.070+0200] {dagbag.py:538} INFO - Filling up the DagBag from /Users/angel.georgiev/VsCodeProjects/PythonExamples/.venv/lib/python3.10/site-packages/airflow/example_dags/example_trigger_target_dag.py
[2024-01-11T20:13:47.169+0200] {processor.py:840} INFO - DAG(s) 'example_trigger_target_dag' retrieved from /Users/angel.georgiev/VsCodeProjects/PythonExamples/.venv/lib/python3.10/site-packages/airflow/example_dags/example_trigger_target_dag.py
[2024-01-11T20:13:47.410+0200] {logging_mixin.py:188} INFO - [2024-01-11T20:13:47.409+0200] {dag.py:3033} INFO - Sync 1 DAGs
[2024-01-11T20:13:47.424+0200] {logging_mixin.py:188} INFO - [2024-01-11T20:13:47.424+0200] {dag.py:3820} INFO - Setting next_dagrun for example_trigger_target_dag to None, run_after=None
[2024-01-11T20:13:47.490+0200] {processor.py:183} INFO - Processing /Users/angel.georgiev/VsCodeProjects/PythonExamples/.venv/lib/python3.10/site-packages/airflow/example_dags/example_trigger_target_dag.py took 0.428 seconds
[2024-01-11T20:16:49.951+0200] {processor.py:161} INFO - Started process (PID=33477) to work on /Users/angel.georgiev/VsCodeProjects/PythonExamples/.venv/lib/python3.10/site-packages/airflow/example_dags/example_trigger_target_dag.py
[2024-01-11T20:16:49.956+0200] {processor.py:830} INFO - Processing file /Users/angel.georgiev/VsCodeProjects/PythonExamples/.venv/lib/python3.10/site-packages/airflow/example_dags/example_trigger_target_dag.py for tasks to queue
[2024-01-11T20:16:49.957+0200] {logging_mixin.py:188} INFO - [2024-01-11T20:16:49.956+0200] {dagbag.py:538} INFO - Filling up the DagBag from /Users/angel.georgiev/VsCodeProjects/PythonExamples/.venv/lib/python3.10/site-packages/airflow/example_dags/example_trigger_target_dag.py
[2024-01-11T20:16:50.052+0200] {processor.py:840} INFO - DAG(s) 'example_trigger_target_dag' retrieved from /Users/angel.georgiev/VsCodeProjects/PythonExamples/.venv/lib/python3.10/site-packages/airflow/example_dags/example_trigger_target_dag.py
[2024-01-11T20:16:50.229+0200] {logging_mixin.py:188} INFO - [2024-01-11T20:16:50.228+0200] {dag.py:3033} INFO - Sync 1 DAGs
[2024-01-11T20:16:50.244+0200] {logging_mixin.py:188} INFO - [2024-01-11T20:16:50.244+0200] {dag.py:3820} INFO - Setting next_dagrun for example_trigger_target_dag to None, run_after=None
[2024-01-11T20:16:50.275+0200] {processor.py:183} INFO - Processing /Users/angel.georgiev/VsCodeProjects/PythonExamples/.venv/lib/python3.10/site-packages/airflow/example_dags/example_trigger_target_dag.py took 0.325 seconds
[2024-01-11T20:19:15.635+0200] {processor.py:161} INFO - Started process (PID=33629) to work on /Users/angel.georgiev/VsCodeProjects/PythonExamples/.venv/lib/python3.10/site-packages/airflow/example_dags/example_trigger_target_dag.py
[2024-01-11T20:19:15.641+0200] {processor.py:830} INFO - Processing file /Users/angel.georgiev/VsCodeProjects/PythonExamples/.venv/lib/python3.10/site-packages/airflow/example_dags/example_trigger_target_dag.py for tasks to queue
[2024-01-11T20:19:15.642+0200] {logging_mixin.py:188} INFO - [2024-01-11T20:19:15.642+0200] {dagbag.py:538} INFO - Filling up the DagBag from /Users/angel.georgiev/VsCodeProjects/PythonExamples/.venv/lib/python3.10/site-packages/airflow/example_dags/example_trigger_target_dag.py
[2024-01-11T20:19:15.732+0200] {processor.py:840} INFO - DAG(s) 'example_trigger_target_dag' retrieved from /Users/angel.georgiev/VsCodeProjects/PythonExamples/.venv/lib/python3.10/site-packages/airflow/example_dags/example_trigger_target_dag.py
[2024-01-11T20:19:15.834+0200] {logging_mixin.py:188} INFO - [2024-01-11T20:19:15.833+0200] {dag.py:3033} INFO - Sync 1 DAGs
[2024-01-11T20:19:15.843+0200] {logging_mixin.py:188} INFO - [2024-01-11T20:19:15.842+0200] {dag.py:3820} INFO - Setting next_dagrun for example_trigger_target_dag to None, run_after=None
[2024-01-11T20:19:15.862+0200] {processor.py:183} INFO - Processing /Users/angel.georgiev/VsCodeProjects/PythonExamples/.venv/lib/python3.10/site-packages/airflow/example_dags/example_trigger_target_dag.py took 0.228 seconds
[2024-01-11T20:21:42.581+0200] {processor.py:161} INFO - Started process (PID=33782) to work on /Users/angel.georgiev/VsCodeProjects/PythonExamples/.venv/lib/python3.10/site-packages/airflow/example_dags/example_trigger_target_dag.py
[2024-01-11T20:21:42.585+0200] {processor.py:830} INFO - Processing file /Users/angel.georgiev/VsCodeProjects/PythonExamples/.venv/lib/python3.10/site-packages/airflow/example_dags/example_trigger_target_dag.py for tasks to queue
[2024-01-11T20:21:42.586+0200] {logging_mixin.py:188} INFO - [2024-01-11T20:21:42.586+0200] {dagbag.py:538} INFO - Filling up the DagBag from /Users/angel.georgiev/VsCodeProjects/PythonExamples/.venv/lib/python3.10/site-packages/airflow/example_dags/example_trigger_target_dag.py
[2024-01-11T20:21:42.672+0200] {processor.py:840} INFO - DAG(s) 'example_trigger_target_dag' retrieved from /Users/angel.georgiev/VsCodeProjects/PythonExamples/.venv/lib/python3.10/site-packages/airflow/example_dags/example_trigger_target_dag.py
[2024-01-11T20:21:42.761+0200] {logging_mixin.py:188} INFO - [2024-01-11T20:21:42.761+0200] {dag.py:3033} INFO - Sync 1 DAGs
[2024-01-11T20:21:42.768+0200] {logging_mixin.py:188} INFO - [2024-01-11T20:21:42.768+0200] {dag.py:3820} INFO - Setting next_dagrun for example_trigger_target_dag to None, run_after=None
[2024-01-11T20:21:42.787+0200] {processor.py:183} INFO - Processing /Users/angel.georgiev/VsCodeProjects/PythonExamples/.venv/lib/python3.10/site-packages/airflow/example_dags/example_trigger_target_dag.py took 0.207 seconds
[2024-01-11T20:23:56.137+0200] {processor.py:161} INFO - Started process (PID=33992) to work on /Users/angel.georgiev/VsCodeProjects/PythonExamples/.venv/lib/python3.10/site-packages/airflow/example_dags/example_trigger_target_dag.py
[2024-01-11T20:23:56.142+0200] {processor.py:830} INFO - Processing file /Users/angel.georgiev/VsCodeProjects/PythonExamples/.venv/lib/python3.10/site-packages/airflow/example_dags/example_trigger_target_dag.py for tasks to queue
[2024-01-11T20:23:56.142+0200] {logging_mixin.py:188} INFO - [2024-01-11T20:23:56.142+0200] {dagbag.py:538} INFO - Filling up the DagBag from /Users/angel.georgiev/VsCodeProjects/PythonExamples/.venv/lib/python3.10/site-packages/airflow/example_dags/example_trigger_target_dag.py
[2024-01-11T20:23:56.266+0200] {processor.py:840} INFO - DAG(s) 'example_trigger_target_dag' retrieved from /Users/angel.georgiev/VsCodeProjects/PythonExamples/.venv/lib/python3.10/site-packages/airflow/example_dags/example_trigger_target_dag.py
[2024-01-11T20:23:56.373+0200] {logging_mixin.py:188} INFO - [2024-01-11T20:23:56.373+0200] {dag.py:3033} INFO - Sync 1 DAGs
[2024-01-11T20:23:56.380+0200] {logging_mixin.py:188} INFO - [2024-01-11T20:23:56.380+0200] {dag.py:3820} INFO - Setting next_dagrun for example_trigger_target_dag to None, run_after=None
[2024-01-11T20:23:56.401+0200] {processor.py:183} INFO - Processing /Users/angel.georgiev/VsCodeProjects/PythonExamples/.venv/lib/python3.10/site-packages/airflow/example_dags/example_trigger_target_dag.py took 0.265 seconds
[2024-01-11T20:26:13.901+0200] {processor.py:161} INFO - Started process (PID=34104) to work on /Users/angel.georgiev/VsCodeProjects/PythonExamples/.venv/lib/python3.10/site-packages/airflow/example_dags/example_trigger_target_dag.py
[2024-01-11T20:26:13.906+0200] {processor.py:830} INFO - Processing file /Users/angel.georgiev/VsCodeProjects/PythonExamples/.venv/lib/python3.10/site-packages/airflow/example_dags/example_trigger_target_dag.py for tasks to queue
[2024-01-11T20:26:13.907+0200] {logging_mixin.py:188} INFO - [2024-01-11T20:26:13.907+0200] {dagbag.py:538} INFO - Filling up the DagBag from /Users/angel.georgiev/VsCodeProjects/PythonExamples/.venv/lib/python3.10/site-packages/airflow/example_dags/example_trigger_target_dag.py
[2024-01-11T20:26:14.092+0200] {processor.py:840} INFO - DAG(s) 'example_trigger_target_dag' retrieved from /Users/angel.georgiev/VsCodeProjects/PythonExamples/.venv/lib/python3.10/site-packages/airflow/example_dags/example_trigger_target_dag.py
[2024-01-11T20:26:14.218+0200] {logging_mixin.py:188} INFO - [2024-01-11T20:26:14.218+0200] {dag.py:3033} INFO - Sync 1 DAGs
[2024-01-11T20:26:14.228+0200] {logging_mixin.py:188} INFO - [2024-01-11T20:26:14.228+0200] {dag.py:3820} INFO - Setting next_dagrun for example_trigger_target_dag to None, run_after=None
[2024-01-11T20:26:14.249+0200] {processor.py:183} INFO - Processing /Users/angel.georgiev/VsCodeProjects/PythonExamples/.venv/lib/python3.10/site-packages/airflow/example_dags/example_trigger_target_dag.py took 0.350 seconds
[2024-01-11T20:28:53.285+0200] {processor.py:161} INFO - Started process (PID=34230) to work on /Users/angel.georgiev/VsCodeProjects/PythonExamples/.venv/lib/python3.10/site-packages/airflow/example_dags/example_trigger_target_dag.py
[2024-01-11T20:28:53.290+0200] {processor.py:830} INFO - Processing file /Users/angel.georgiev/VsCodeProjects/PythonExamples/.venv/lib/python3.10/site-packages/airflow/example_dags/example_trigger_target_dag.py for tasks to queue
[2024-01-11T20:28:53.290+0200] {logging_mixin.py:188} INFO - [2024-01-11T20:28:53.290+0200] {dagbag.py:538} INFO - Filling up the DagBag from /Users/angel.georgiev/VsCodeProjects/PythonExamples/.venv/lib/python3.10/site-packages/airflow/example_dags/example_trigger_target_dag.py
[2024-01-11T20:28:53.384+0200] {processor.py:840} INFO - DAG(s) 'example_trigger_target_dag' retrieved from /Users/angel.georgiev/VsCodeProjects/PythonExamples/.venv/lib/python3.10/site-packages/airflow/example_dags/example_trigger_target_dag.py
[2024-01-11T20:28:53.482+0200] {logging_mixin.py:188} INFO - [2024-01-11T20:28:53.482+0200] {dag.py:3033} INFO - Sync 1 DAGs
[2024-01-11T20:28:53.490+0200] {logging_mixin.py:188} INFO - [2024-01-11T20:28:53.490+0200] {dag.py:3820} INFO - Setting next_dagrun for example_trigger_target_dag to None, run_after=None
[2024-01-11T20:28:53.511+0200] {processor.py:183} INFO - Processing /Users/angel.georgiev/VsCodeProjects/PythonExamples/.venv/lib/python3.10/site-packages/airflow/example_dags/example_trigger_target_dag.py took 0.228 seconds
[2024-01-11T20:31:26.140+0200] {processor.py:161} INFO - Started process (PID=34410) to work on /Users/angel.georgiev/VsCodeProjects/PythonExamples/.venv/lib/python3.10/site-packages/airflow/example_dags/example_trigger_target_dag.py
[2024-01-11T20:31:26.146+0200] {processor.py:830} INFO - Processing file /Users/angel.georgiev/VsCodeProjects/PythonExamples/.venv/lib/python3.10/site-packages/airflow/example_dags/example_trigger_target_dag.py for tasks to queue
[2024-01-11T20:31:26.147+0200] {logging_mixin.py:188} INFO - [2024-01-11T20:31:26.146+0200] {dagbag.py:538} INFO - Filling up the DagBag from /Users/angel.georgiev/VsCodeProjects/PythonExamples/.venv/lib/python3.10/site-packages/airflow/example_dags/example_trigger_target_dag.py
[2024-01-11T20:31:26.289+0200] {processor.py:840} INFO - DAG(s) 'example_trigger_target_dag' retrieved from /Users/angel.georgiev/VsCodeProjects/PythonExamples/.venv/lib/python3.10/site-packages/airflow/example_dags/example_trigger_target_dag.py
[2024-01-11T20:31:26.440+0200] {logging_mixin.py:188} INFO - [2024-01-11T20:31:26.440+0200] {dag.py:3033} INFO - Sync 1 DAGs
[2024-01-11T20:31:26.456+0200] {logging_mixin.py:188} INFO - [2024-01-11T20:31:26.456+0200] {dag.py:3820} INFO - Setting next_dagrun for example_trigger_target_dag to None, run_after=None
[2024-01-11T20:31:26.488+0200] {processor.py:183} INFO - Processing /Users/angel.georgiev/VsCodeProjects/PythonExamples/.venv/lib/python3.10/site-packages/airflow/example_dags/example_trigger_target_dag.py took 0.352 seconds
[2024-01-11T20:34:18.908+0200] {processor.py:161} INFO - Started process (PID=34568) to work on /Users/angel.georgiev/VsCodeProjects/PythonExamples/.venv/lib/python3.10/site-packages/airflow/example_dags/example_trigger_target_dag.py
[2024-01-11T20:34:18.914+0200] {processor.py:830} INFO - Processing file /Users/angel.georgiev/VsCodeProjects/PythonExamples/.venv/lib/python3.10/site-packages/airflow/example_dags/example_trigger_target_dag.py for tasks to queue
[2024-01-11T20:34:18.914+0200] {logging_mixin.py:188} INFO - [2024-01-11T20:34:18.914+0200] {dagbag.py:538} INFO - Filling up the DagBag from /Users/angel.georgiev/VsCodeProjects/PythonExamples/.venv/lib/python3.10/site-packages/airflow/example_dags/example_trigger_target_dag.py
[2024-01-11T20:34:19.010+0200] {processor.py:840} INFO - DAG(s) 'example_trigger_target_dag' retrieved from /Users/angel.georgiev/VsCodeProjects/PythonExamples/.venv/lib/python3.10/site-packages/airflow/example_dags/example_trigger_target_dag.py
[2024-01-11T20:34:19.130+0200] {logging_mixin.py:188} INFO - [2024-01-11T20:34:19.129+0200] {dag.py:3033} INFO - Sync 1 DAGs
[2024-01-11T20:34:19.139+0200] {logging_mixin.py:188} INFO - [2024-01-11T20:34:19.139+0200] {dag.py:3820} INFO - Setting next_dagrun for example_trigger_target_dag to None, run_after=None
[2024-01-11T20:34:19.166+0200] {processor.py:183} INFO - Processing /Users/angel.georgiev/VsCodeProjects/PythonExamples/.venv/lib/python3.10/site-packages/airflow/example_dags/example_trigger_target_dag.py took 0.260 seconds
[2024-01-11T20:37:19.485+0200] {processor.py:161} INFO - Started process (PID=34833) to work on /Users/angel.georgiev/VsCodeProjects/PythonExamples/.venv/lib/python3.10/site-packages/airflow/example_dags/example_trigger_target_dag.py
[2024-01-11T20:37:19.492+0200] {processor.py:830} INFO - Processing file /Users/angel.georgiev/VsCodeProjects/PythonExamples/.venv/lib/python3.10/site-packages/airflow/example_dags/example_trigger_target_dag.py for tasks to queue
[2024-01-11T20:37:19.493+0200] {logging_mixin.py:188} INFO - [2024-01-11T20:37:19.493+0200] {dagbag.py:538} INFO - Filling up the DagBag from /Users/angel.georgiev/VsCodeProjects/PythonExamples/.venv/lib/python3.10/site-packages/airflow/example_dags/example_trigger_target_dag.py
[2024-01-11T20:37:19.661+0200] {processor.py:840} INFO - DAG(s) 'example_trigger_target_dag' retrieved from /Users/angel.georgiev/VsCodeProjects/PythonExamples/.venv/lib/python3.10/site-packages/airflow/example_dags/example_trigger_target_dag.py
[2024-01-11T20:37:19.837+0200] {logging_mixin.py:188} INFO - [2024-01-11T20:37:19.836+0200] {dag.py:3033} INFO - Sync 1 DAGs
[2024-01-11T20:37:19.849+0200] {logging_mixin.py:188} INFO - [2024-01-11T20:37:19.849+0200] {dag.py:3820} INFO - Setting next_dagrun for example_trigger_target_dag to None, run_after=None
[2024-01-11T20:37:19.878+0200] {processor.py:183} INFO - Processing /Users/angel.georgiev/VsCodeProjects/PythonExamples/.venv/lib/python3.10/site-packages/airflow/example_dags/example_trigger_target_dag.py took 0.394 seconds
[2024-01-11T20:40:24.830+0200] {processor.py:161} INFO - Started process (PID=35006) to work on /Users/angel.georgiev/VsCodeProjects/PythonExamples/.venv/lib/python3.10/site-packages/airflow/example_dags/example_trigger_target_dag.py
[2024-01-11T20:40:24.836+0200] {processor.py:830} INFO - Processing file /Users/angel.georgiev/VsCodeProjects/PythonExamples/.venv/lib/python3.10/site-packages/airflow/example_dags/example_trigger_target_dag.py for tasks to queue
[2024-01-11T20:40:24.837+0200] {logging_mixin.py:188} INFO - [2024-01-11T20:40:24.837+0200] {dagbag.py:538} INFO - Filling up the DagBag from /Users/angel.georgiev/VsCodeProjects/PythonExamples/.venv/lib/python3.10/site-packages/airflow/example_dags/example_trigger_target_dag.py
[2024-01-11T20:40:24.936+0200] {processor.py:840} INFO - DAG(s) 'example_trigger_target_dag' retrieved from /Users/angel.georgiev/VsCodeProjects/PythonExamples/.venv/lib/python3.10/site-packages/airflow/example_dags/example_trigger_target_dag.py
[2024-01-11T20:40:25.051+0200] {logging_mixin.py:188} INFO - [2024-01-11T20:40:25.051+0200] {dag.py:3033} INFO - Sync 1 DAGs
[2024-01-11T20:40:25.060+0200] {logging_mixin.py:188} INFO - [2024-01-11T20:40:25.060+0200] {dag.py:3820} INFO - Setting next_dagrun for example_trigger_target_dag to None, run_after=None
[2024-01-11T20:40:25.083+0200] {processor.py:183} INFO - Processing /Users/angel.georgiev/VsCodeProjects/PythonExamples/.venv/lib/python3.10/site-packages/airflow/example_dags/example_trigger_target_dag.py took 0.255 seconds
[2024-01-11T20:43:38.322+0200] {processor.py:161} INFO - Started process (PID=35303) to work on /Users/angel.georgiev/VsCodeProjects/PythonExamples/.venv/lib/python3.10/site-packages/airflow/example_dags/example_trigger_target_dag.py
[2024-01-11T20:43:38.339+0200] {processor.py:830} INFO - Processing file /Users/angel.georgiev/VsCodeProjects/PythonExamples/.venv/lib/python3.10/site-packages/airflow/example_dags/example_trigger_target_dag.py for tasks to queue
[2024-01-11T20:43:38.339+0200] {logging_mixin.py:188} INFO - [2024-01-11T20:43:38.339+0200] {dagbag.py:538} INFO - Filling up the DagBag from /Users/angel.georgiev/VsCodeProjects/PythonExamples/.venv/lib/python3.10/site-packages/airflow/example_dags/example_trigger_target_dag.py
[2024-01-11T20:43:38.514+0200] {processor.py:840} INFO - DAG(s) 'example_trigger_target_dag' retrieved from /Users/angel.georgiev/VsCodeProjects/PythonExamples/.venv/lib/python3.10/site-packages/airflow/example_dags/example_trigger_target_dag.py
[2024-01-11T20:43:38.699+0200] {logging_mixin.py:188} INFO - [2024-01-11T20:43:38.698+0200] {dag.py:3033} INFO - Sync 1 DAGs
[2024-01-11T20:43:38.716+0200] {logging_mixin.py:188} INFO - [2024-01-11T20:43:38.716+0200] {dag.py:3820} INFO - Setting next_dagrun for example_trigger_target_dag to None, run_after=None
[2024-01-11T20:43:38.743+0200] {processor.py:183} INFO - Processing /Users/angel.georgiev/VsCodeProjects/PythonExamples/.venv/lib/python3.10/site-packages/airflow/example_dags/example_trigger_target_dag.py took 0.423 seconds
[2024-01-11T20:45:47.141+0200] {processor.py:161} INFO - Started process (PID=35387) to work on /Users/angel.georgiev/VsCodeProjects/PythonExamples/.venv/lib/python3.10/site-packages/airflow/example_dags/example_trigger_target_dag.py
[2024-01-11T20:45:47.147+0200] {processor.py:830} INFO - Processing file /Users/angel.georgiev/VsCodeProjects/PythonExamples/.venv/lib/python3.10/site-packages/airflow/example_dags/example_trigger_target_dag.py for tasks to queue
[2024-01-11T20:45:47.148+0200] {logging_mixin.py:188} INFO - [2024-01-11T20:45:47.148+0200] {dagbag.py:538} INFO - Filling up the DagBag from /Users/angel.georgiev/VsCodeProjects/PythonExamples/.venv/lib/python3.10/site-packages/airflow/example_dags/example_trigger_target_dag.py
[2024-01-11T20:45:47.242+0200] {processor.py:840} INFO - DAG(s) 'example_trigger_target_dag' retrieved from /Users/angel.georgiev/VsCodeProjects/PythonExamples/.venv/lib/python3.10/site-packages/airflow/example_dags/example_trigger_target_dag.py
[2024-01-11T20:45:47.334+0200] {logging_mixin.py:188} INFO - [2024-01-11T20:45:47.334+0200] {dag.py:3033} INFO - Sync 1 DAGs
[2024-01-11T20:45:47.342+0200] {logging_mixin.py:188} INFO - [2024-01-11T20:45:47.341+0200] {dag.py:3820} INFO - Setting next_dagrun for example_trigger_target_dag to None, run_after=None
[2024-01-11T20:45:47.359+0200] {processor.py:183} INFO - Processing /Users/angel.georgiev/VsCodeProjects/PythonExamples/.venv/lib/python3.10/site-packages/airflow/example_dags/example_trigger_target_dag.py took 0.219 seconds
[2024-01-11T20:47:47.809+0200] {processor.py:161} INFO - Started process (PID=35473) to work on /Users/angel.georgiev/VsCodeProjects/PythonExamples/.venv/lib/python3.10/site-packages/airflow/example_dags/example_trigger_target_dag.py
[2024-01-11T20:47:47.814+0200] {processor.py:830} INFO - Processing file /Users/angel.georgiev/VsCodeProjects/PythonExamples/.venv/lib/python3.10/site-packages/airflow/example_dags/example_trigger_target_dag.py for tasks to queue
[2024-01-11T20:47:47.814+0200] {logging_mixin.py:188} INFO - [2024-01-11T20:47:47.814+0200] {dagbag.py:538} INFO - Filling up the DagBag from /Users/angel.georgiev/VsCodeProjects/PythonExamples/.venv/lib/python3.10/site-packages/airflow/example_dags/example_trigger_target_dag.py
[2024-01-11T20:47:47.898+0200] {processor.py:840} INFO - DAG(s) 'example_trigger_target_dag' retrieved from /Users/angel.georgiev/VsCodeProjects/PythonExamples/.venv/lib/python3.10/site-packages/airflow/example_dags/example_trigger_target_dag.py
[2024-01-11T20:47:47.987+0200] {logging_mixin.py:188} INFO - [2024-01-11T20:47:47.987+0200] {dag.py:3033} INFO - Sync 1 DAGs
[2024-01-11T20:47:47.995+0200] {logging_mixin.py:188} INFO - [2024-01-11T20:47:47.994+0200] {dag.py:3820} INFO - Setting next_dagrun for example_trigger_target_dag to None, run_after=None
[2024-01-11T20:47:48.012+0200] {processor.py:183} INFO - Processing /Users/angel.georgiev/VsCodeProjects/PythonExamples/.venv/lib/python3.10/site-packages/airflow/example_dags/example_trigger_target_dag.py took 0.204 seconds
[2024-01-11T20:49:42.474+0200] {processor.py:161} INFO - Started process (PID=35658) to work on /Users/angel.georgiev/VsCodeProjects/PythonExamples/.venv/lib/python3.10/site-packages/airflow/example_dags/example_trigger_target_dag.py
[2024-01-11T20:49:42.479+0200] {processor.py:830} INFO - Processing file /Users/angel.georgiev/VsCodeProjects/PythonExamples/.venv/lib/python3.10/site-packages/airflow/example_dags/example_trigger_target_dag.py for tasks to queue
[2024-01-11T20:49:42.479+0200] {logging_mixin.py:188} INFO - [2024-01-11T20:49:42.479+0200] {dagbag.py:538} INFO - Filling up the DagBag from /Users/angel.georgiev/VsCodeProjects/PythonExamples/.venv/lib/python3.10/site-packages/airflow/example_dags/example_trigger_target_dag.py
[2024-01-11T20:49:42.563+0200] {processor.py:840} INFO - DAG(s) 'example_trigger_target_dag' retrieved from /Users/angel.georgiev/VsCodeProjects/PythonExamples/.venv/lib/python3.10/site-packages/airflow/example_dags/example_trigger_target_dag.py
[2024-01-11T20:49:42.660+0200] {logging_mixin.py:188} INFO - [2024-01-11T20:49:42.659+0200] {dag.py:3033} INFO - Sync 1 DAGs
[2024-01-11T20:49:42.667+0200] {logging_mixin.py:188} INFO - [2024-01-11T20:49:42.667+0200] {dag.py:3820} INFO - Setting next_dagrun for example_trigger_target_dag to None, run_after=None
[2024-01-11T20:49:42.684+0200] {processor.py:183} INFO - Processing /Users/angel.georgiev/VsCodeProjects/PythonExamples/.venv/lib/python3.10/site-packages/airflow/example_dags/example_trigger_target_dag.py took 0.211 seconds
[2024-01-11T20:51:35.556+0200] {processor.py:161} INFO - Started process (PID=35752) to work on /Users/angel.georgiev/VsCodeProjects/PythonExamples/.venv/lib/python3.10/site-packages/airflow/example_dags/example_trigger_target_dag.py
[2024-01-11T20:51:35.561+0200] {processor.py:830} INFO - Processing file /Users/angel.georgiev/VsCodeProjects/PythonExamples/.venv/lib/python3.10/site-packages/airflow/example_dags/example_trigger_target_dag.py for tasks to queue
[2024-01-11T20:51:35.562+0200] {logging_mixin.py:188} INFO - [2024-01-11T20:51:35.562+0200] {dagbag.py:538} INFO - Filling up the DagBag from /Users/angel.georgiev/VsCodeProjects/PythonExamples/.venv/lib/python3.10/site-packages/airflow/example_dags/example_trigger_target_dag.py
[2024-01-11T20:51:35.646+0200] {processor.py:840} INFO - DAG(s) 'example_trigger_target_dag' retrieved from /Users/angel.georgiev/VsCodeProjects/PythonExamples/.venv/lib/python3.10/site-packages/airflow/example_dags/example_trigger_target_dag.py
[2024-01-11T20:51:35.733+0200] {logging_mixin.py:188} INFO - [2024-01-11T20:51:35.733+0200] {dag.py:3033} INFO - Sync 1 DAGs
[2024-01-11T20:51:35.741+0200] {logging_mixin.py:188} INFO - [2024-01-11T20:51:35.740+0200] {dag.py:3820} INFO - Setting next_dagrun for example_trigger_target_dag to None, run_after=None
[2024-01-11T20:51:35.758+0200] {processor.py:183} INFO - Processing /Users/angel.georgiev/VsCodeProjects/PythonExamples/.venv/lib/python3.10/site-packages/airflow/example_dags/example_trigger_target_dag.py took 0.203 seconds
[2024-01-11T20:53:34.675+0200] {processor.py:161} INFO - Started process (PID=35865) to work on /Users/angel.georgiev/VsCodeProjects/PythonExamples/.venv/lib/python3.10/site-packages/airflow/example_dags/example_trigger_target_dag.py
[2024-01-11T20:53:34.681+0200] {processor.py:830} INFO - Processing file /Users/angel.georgiev/VsCodeProjects/PythonExamples/.venv/lib/python3.10/site-packages/airflow/example_dags/example_trigger_target_dag.py for tasks to queue
[2024-01-11T20:53:34.682+0200] {logging_mixin.py:188} INFO - [2024-01-11T20:53:34.682+0200] {dagbag.py:538} INFO - Filling up the DagBag from /Users/angel.georgiev/VsCodeProjects/PythonExamples/.venv/lib/python3.10/site-packages/airflow/example_dags/example_trigger_target_dag.py
[2024-01-11T20:53:34.829+0200] {processor.py:840} INFO - DAG(s) 'example_trigger_target_dag' retrieved from /Users/angel.georgiev/VsCodeProjects/PythonExamples/.venv/lib/python3.10/site-packages/airflow/example_dags/example_trigger_target_dag.py
[2024-01-11T20:53:35.268+0200] {logging_mixin.py:188} INFO - [2024-01-11T20:53:35.267+0200] {dag.py:3033} INFO - Sync 1 DAGs
[2024-01-11T20:53:35.281+0200] {logging_mixin.py:188} INFO - [2024-01-11T20:53:35.280+0200] {dag.py:3820} INFO - Setting next_dagrun for example_trigger_target_dag to None, run_after=None
[2024-01-11T20:53:35.307+0200] {processor.py:183} INFO - Processing /Users/angel.georgiev/VsCodeProjects/PythonExamples/.venv/lib/python3.10/site-packages/airflow/example_dags/example_trigger_target_dag.py took 0.634 seconds
[2024-01-11T20:55:50.175+0200] {processor.py:161} INFO - Started process (PID=36069) to work on /Users/angel.georgiev/VsCodeProjects/PythonExamples/.venv/lib/python3.10/site-packages/airflow/example_dags/example_trigger_target_dag.py
[2024-01-11T20:55:50.180+0200] {processor.py:830} INFO - Processing file /Users/angel.georgiev/VsCodeProjects/PythonExamples/.venv/lib/python3.10/site-packages/airflow/example_dags/example_trigger_target_dag.py for tasks to queue
[2024-01-11T20:55:50.181+0200] {logging_mixin.py:188} INFO - [2024-01-11T20:55:50.181+0200] {dagbag.py:538} INFO - Filling up the DagBag from /Users/angel.georgiev/VsCodeProjects/PythonExamples/.venv/lib/python3.10/site-packages/airflow/example_dags/example_trigger_target_dag.py
[2024-01-11T20:55:50.276+0200] {processor.py:840} INFO - DAG(s) 'example_trigger_target_dag' retrieved from /Users/angel.georgiev/VsCodeProjects/PythonExamples/.venv/lib/python3.10/site-packages/airflow/example_dags/example_trigger_target_dag.py
[2024-01-11T20:55:50.380+0200] {logging_mixin.py:188} INFO - [2024-01-11T20:55:50.380+0200] {dag.py:3033} INFO - Sync 1 DAGs
[2024-01-11T20:55:50.388+0200] {logging_mixin.py:188} INFO - [2024-01-11T20:55:50.388+0200] {dag.py:3820} INFO - Setting next_dagrun for example_trigger_target_dag to None, run_after=None
[2024-01-11T20:55:50.414+0200] {processor.py:183} INFO - Processing /Users/angel.georgiev/VsCodeProjects/PythonExamples/.venv/lib/python3.10/site-packages/airflow/example_dags/example_trigger_target_dag.py took 0.241 seconds
[2024-01-11T20:58:18.111+0200] {processor.py:161} INFO - Started process (PID=36158) to work on /Users/angel.georgiev/VsCodeProjects/PythonExamples/.venv/lib/python3.10/site-packages/airflow/example_dags/example_trigger_target_dag.py
[2024-01-11T20:58:18.170+0200] {processor.py:830} INFO - Processing file /Users/angel.georgiev/VsCodeProjects/PythonExamples/.venv/lib/python3.10/site-packages/airflow/example_dags/example_trigger_target_dag.py for tasks to queue
[2024-01-11T20:58:18.171+0200] {logging_mixin.py:188} INFO - [2024-01-11T20:58:18.171+0200] {dagbag.py:538} INFO - Filling up the DagBag from /Users/angel.georgiev/VsCodeProjects/PythonExamples/.venv/lib/python3.10/site-packages/airflow/example_dags/example_trigger_target_dag.py
[2024-01-11T20:58:18.361+0200] {processor.py:840} INFO - DAG(s) 'example_trigger_target_dag' retrieved from /Users/angel.georgiev/VsCodeProjects/PythonExamples/.venv/lib/python3.10/site-packages/airflow/example_dags/example_trigger_target_dag.py
[2024-01-11T20:58:18.472+0200] {logging_mixin.py:188} INFO - [2024-01-11T20:58:18.472+0200] {dag.py:3033} INFO - Sync 1 DAGs
[2024-01-11T20:58:18.481+0200] {logging_mixin.py:188} INFO - [2024-01-11T20:58:18.481+0200] {dag.py:3820} INFO - Setting next_dagrun for example_trigger_target_dag to None, run_after=None
[2024-01-11T20:58:18.502+0200] {processor.py:183} INFO - Processing /Users/angel.georgiev/VsCodeProjects/PythonExamples/.venv/lib/python3.10/site-packages/airflow/example_dags/example_trigger_target_dag.py took 0.399 seconds
