[2024-01-11T20:12:48.536+0200] {processor.py:161} INFO - Started process (PID=33113) to work on /Users/angel.georgiev/VsCodeProjects/PythonExamples/.venv/lib/python3.10/site-packages/airflow/example_dags/example_trigger_controller_dag.py
[2024-01-11T20:12:48.545+0200] {processor.py:830} INFO - Processing file /Users/angel.georgiev/VsCodeProjects/PythonExamples/.venv/lib/python3.10/site-packages/airflow/example_dags/example_trigger_controller_dag.py for tasks to queue
[2024-01-11T20:12:48.546+0200] {logging_mixin.py:188} INFO - [2024-01-11T20:12:48.546+0200] {dagbag.py:538} INFO - Filling up the DagBag from /Users/angel.georgiev/VsCodeProjects/PythonExamples/.venv/lib/python3.10/site-packages/airflow/example_dags/example_trigger_controller_dag.py
[2024-01-11T20:12:48.657+0200] {processor.py:840} INFO - DAG(s) 'example_trigger_controller_dag' retrieved from /Users/angel.georgiev/VsCodeProjects/PythonExamples/.venv/lib/python3.10/site-packages/airflow/example_dags/example_trigger_controller_dag.py
[2024-01-11T20:13:52.349+0200] {processor.py:161} INFO - Started process (PID=33214) to work on /Users/angel.georgiev/VsCodeProjects/PythonExamples/.venv/lib/python3.10/site-packages/airflow/example_dags/example_trigger_controller_dag.py
[2024-01-11T20:13:52.353+0200] {processor.py:830} INFO - Processing file /Users/angel.georgiev/VsCodeProjects/PythonExamples/.venv/lib/python3.10/site-packages/airflow/example_dags/example_trigger_controller_dag.py for tasks to queue
[2024-01-11T20:13:52.354+0200] {logging_mixin.py:188} INFO - [2024-01-11T20:13:52.354+0200] {dagbag.py:538} INFO - Filling up the DagBag from /Users/angel.georgiev/VsCodeProjects/PythonExamples/.venv/lib/python3.10/site-packages/airflow/example_dags/example_trigger_controller_dag.py
[2024-01-11T20:13:52.415+0200] {processor.py:840} INFO - DAG(s) 'example_trigger_controller_dag' retrieved from /Users/angel.georgiev/VsCodeProjects/PythonExamples/.venv/lib/python3.10/site-packages/airflow/example_dags/example_trigger_controller_dag.py
[2024-01-11T20:13:53.554+0200] {logging_mixin.py:188} INFO - [2024-01-11T20:13:53.554+0200] {dag.py:3033} INFO - Sync 1 DAGs
[2024-01-11T20:13:53.641+0200] {logging_mixin.py:188} INFO - [2024-01-11T20:13:53.639+0200] {dag.py:3820} INFO - Setting next_dagrun for example_trigger_controller_dag to 2021-01-01T00:00:00+00:00, run_after=2021-01-01T00:00:00+00:00
[2024-01-11T20:13:53.712+0200] {processor.py:183} INFO - Processing /Users/angel.georgiev/VsCodeProjects/PythonExamples/.venv/lib/python3.10/site-packages/airflow/example_dags/example_trigger_controller_dag.py took 1.365 seconds
[2024-01-11T20:16:54.766+0200] {processor.py:161} INFO - Started process (PID=33479) to work on /Users/angel.georgiev/VsCodeProjects/PythonExamples/.venv/lib/python3.10/site-packages/airflow/example_dags/example_trigger_controller_dag.py
[2024-01-11T20:16:54.772+0200] {processor.py:830} INFO - Processing file /Users/angel.georgiev/VsCodeProjects/PythonExamples/.venv/lib/python3.10/site-packages/airflow/example_dags/example_trigger_controller_dag.py for tasks to queue
[2024-01-11T20:16:54.773+0200] {logging_mixin.py:188} INFO - [2024-01-11T20:16:54.772+0200] {dagbag.py:538} INFO - Filling up the DagBag from /Users/angel.georgiev/VsCodeProjects/PythonExamples/.venv/lib/python3.10/site-packages/airflow/example_dags/example_trigger_controller_dag.py
[2024-01-11T20:16:54.834+0200] {processor.py:840} INFO - DAG(s) 'example_trigger_controller_dag' retrieved from /Users/angel.georgiev/VsCodeProjects/PythonExamples/.venv/lib/python3.10/site-packages/airflow/example_dags/example_trigger_controller_dag.py
[2024-01-11T20:16:54.943+0200] {logging_mixin.py:188} INFO - [2024-01-11T20:16:54.942+0200] {dag.py:3033} INFO - Sync 1 DAGs
[2024-01-11T20:16:54.961+0200] {logging_mixin.py:188} INFO - [2024-01-11T20:16:54.961+0200] {dag.py:3820} INFO - Setting next_dagrun for example_trigger_controller_dag to 2021-01-01T00:00:00+00:00, run_after=2021-01-01T00:00:00+00:00
[2024-01-11T20:16:54.982+0200] {processor.py:183} INFO - Processing /Users/angel.georgiev/VsCodeProjects/PythonExamples/.venv/lib/python3.10/site-packages/airflow/example_dags/example_trigger_controller_dag.py took 0.218 seconds
[2024-01-11T20:19:19.414+0200] {processor.py:161} INFO - Started process (PID=33631) to work on /Users/angel.georgiev/VsCodeProjects/PythonExamples/.venv/lib/python3.10/site-packages/airflow/example_dags/example_trigger_controller_dag.py
[2024-01-11T20:19:19.422+0200] {processor.py:830} INFO - Processing file /Users/angel.georgiev/VsCodeProjects/PythonExamples/.venv/lib/python3.10/site-packages/airflow/example_dags/example_trigger_controller_dag.py for tasks to queue
[2024-01-11T20:19:19.423+0200] {logging_mixin.py:188} INFO - [2024-01-11T20:19:19.422+0200] {dagbag.py:538} INFO - Filling up the DagBag from /Users/angel.georgiev/VsCodeProjects/PythonExamples/.venv/lib/python3.10/site-packages/airflow/example_dags/example_trigger_controller_dag.py
[2024-01-11T20:19:19.488+0200] {processor.py:840} INFO - DAG(s) 'example_trigger_controller_dag' retrieved from /Users/angel.georgiev/VsCodeProjects/PythonExamples/.venv/lib/python3.10/site-packages/airflow/example_dags/example_trigger_controller_dag.py
[2024-01-11T20:19:19.637+0200] {logging_mixin.py:188} INFO - [2024-01-11T20:19:19.637+0200] {dag.py:3033} INFO - Sync 1 DAGs
[2024-01-11T20:19:19.657+0200] {logging_mixin.py:188} INFO - [2024-01-11T20:19:19.657+0200] {dag.py:3820} INFO - Setting next_dagrun for example_trigger_controller_dag to 2021-01-01T00:00:00+00:00, run_after=2021-01-01T00:00:00+00:00
[2024-01-11T20:19:19.677+0200] {processor.py:183} INFO - Processing /Users/angel.georgiev/VsCodeProjects/PythonExamples/.venv/lib/python3.10/site-packages/airflow/example_dags/example_trigger_controller_dag.py took 0.264 seconds
[2024-01-11T20:21:44.936+0200] {processor.py:161} INFO - Started process (PID=33783) to work on /Users/angel.georgiev/VsCodeProjects/PythonExamples/.venv/lib/python3.10/site-packages/airflow/example_dags/example_trigger_controller_dag.py
[2024-01-11T20:21:44.942+0200] {processor.py:830} INFO - Processing file /Users/angel.georgiev/VsCodeProjects/PythonExamples/.venv/lib/python3.10/site-packages/airflow/example_dags/example_trigger_controller_dag.py for tasks to queue
[2024-01-11T20:21:44.943+0200] {logging_mixin.py:188} INFO - [2024-01-11T20:21:44.943+0200] {dagbag.py:538} INFO - Filling up the DagBag from /Users/angel.georgiev/VsCodeProjects/PythonExamples/.venv/lib/python3.10/site-packages/airflow/example_dags/example_trigger_controller_dag.py
[2024-01-11T20:21:45.008+0200] {processor.py:840} INFO - DAG(s) 'example_trigger_controller_dag' retrieved from /Users/angel.georgiev/VsCodeProjects/PythonExamples/.venv/lib/python3.10/site-packages/airflow/example_dags/example_trigger_controller_dag.py
[2024-01-11T20:21:45.119+0200] {logging_mixin.py:188} INFO - [2024-01-11T20:21:45.119+0200] {dag.py:3033} INFO - Sync 1 DAGs
[2024-01-11T20:21:45.135+0200] {logging_mixin.py:188} INFO - [2024-01-11T20:21:45.135+0200] {dag.py:3820} INFO - Setting next_dagrun for example_trigger_controller_dag to 2021-01-01T00:00:00+00:00, run_after=2021-01-01T00:00:00+00:00
[2024-01-11T20:21:45.155+0200] {processor.py:183} INFO - Processing /Users/angel.georgiev/VsCodeProjects/PythonExamples/.venv/lib/python3.10/site-packages/airflow/example_dags/example_trigger_controller_dag.py took 0.221 seconds
[2024-01-11T20:24:01.433+0200] {processor.py:161} INFO - Started process (PID=33994) to work on /Users/angel.georgiev/VsCodeProjects/PythonExamples/.venv/lib/python3.10/site-packages/airflow/example_dags/example_trigger_controller_dag.py
[2024-01-11T20:24:01.440+0200] {processor.py:830} INFO - Processing file /Users/angel.georgiev/VsCodeProjects/PythonExamples/.venv/lib/python3.10/site-packages/airflow/example_dags/example_trigger_controller_dag.py for tasks to queue
[2024-01-11T20:24:01.441+0200] {logging_mixin.py:188} INFO - [2024-01-11T20:24:01.441+0200] {dagbag.py:538} INFO - Filling up the DagBag from /Users/angel.georgiev/VsCodeProjects/PythonExamples/.venv/lib/python3.10/site-packages/airflow/example_dags/example_trigger_controller_dag.py
[2024-01-11T20:24:01.499+0200] {processor.py:840} INFO - DAG(s) 'example_trigger_controller_dag' retrieved from /Users/angel.georgiev/VsCodeProjects/PythonExamples/.venv/lib/python3.10/site-packages/airflow/example_dags/example_trigger_controller_dag.py
[2024-01-11T20:24:01.765+0200] {logging_mixin.py:188} INFO - [2024-01-11T20:24:01.765+0200] {dag.py:3033} INFO - Sync 1 DAGs
[2024-01-11T20:24:01.796+0200] {logging_mixin.py:188} INFO - [2024-01-11T20:24:01.796+0200] {dag.py:3820} INFO - Setting next_dagrun for example_trigger_controller_dag to 2021-01-01T00:00:00+00:00, run_after=2021-01-01T00:00:00+00:00
[2024-01-11T20:24:01.823+0200] {processor.py:183} INFO - Processing /Users/angel.georgiev/VsCodeProjects/PythonExamples/.venv/lib/python3.10/site-packages/airflow/example_dags/example_trigger_controller_dag.py took 0.391 seconds
[2024-01-11T20:26:17.353+0200] {processor.py:161} INFO - Started process (PID=34105) to work on /Users/angel.georgiev/VsCodeProjects/PythonExamples/.venv/lib/python3.10/site-packages/airflow/example_dags/example_trigger_controller_dag.py
[2024-01-11T20:26:17.359+0200] {processor.py:830} INFO - Processing file /Users/angel.georgiev/VsCodeProjects/PythonExamples/.venv/lib/python3.10/site-packages/airflow/example_dags/example_trigger_controller_dag.py for tasks to queue
[2024-01-11T20:26:17.359+0200] {logging_mixin.py:188} INFO - [2024-01-11T20:26:17.359+0200] {dagbag.py:538} INFO - Filling up the DagBag from /Users/angel.georgiev/VsCodeProjects/PythonExamples/.venv/lib/python3.10/site-packages/airflow/example_dags/example_trigger_controller_dag.py
[2024-01-11T20:26:17.421+0200] {processor.py:840} INFO - DAG(s) 'example_trigger_controller_dag' retrieved from /Users/angel.georgiev/VsCodeProjects/PythonExamples/.venv/lib/python3.10/site-packages/airflow/example_dags/example_trigger_controller_dag.py
[2024-01-11T20:26:17.524+0200] {logging_mixin.py:188} INFO - [2024-01-11T20:26:17.523+0200] {dag.py:3033} INFO - Sync 1 DAGs
[2024-01-11T20:26:17.553+0200] {logging_mixin.py:188} INFO - [2024-01-11T20:26:17.552+0200] {dag.py:3820} INFO - Setting next_dagrun for example_trigger_controller_dag to 2021-01-01T00:00:00+00:00, run_after=2021-01-01T00:00:00+00:00
[2024-01-11T20:26:17.664+0200] {processor.py:183} INFO - Processing /Users/angel.georgiev/VsCodeProjects/PythonExamples/.venv/lib/python3.10/site-packages/airflow/example_dags/example_trigger_controller_dag.py took 0.313 seconds
[2024-01-11T20:28:57.083+0200] {processor.py:161} INFO - Started process (PID=34231) to work on /Users/angel.georgiev/VsCodeProjects/PythonExamples/.venv/lib/python3.10/site-packages/airflow/example_dags/example_trigger_controller_dag.py
[2024-01-11T20:28:57.088+0200] {processor.py:830} INFO - Processing file /Users/angel.georgiev/VsCodeProjects/PythonExamples/.venv/lib/python3.10/site-packages/airflow/example_dags/example_trigger_controller_dag.py for tasks to queue
[2024-01-11T20:28:57.088+0200] {logging_mixin.py:188} INFO - [2024-01-11T20:28:57.088+0200] {dagbag.py:538} INFO - Filling up the DagBag from /Users/angel.georgiev/VsCodeProjects/PythonExamples/.venv/lib/python3.10/site-packages/airflow/example_dags/example_trigger_controller_dag.py
[2024-01-11T20:28:57.166+0200] {processor.py:840} INFO - DAG(s) 'example_trigger_controller_dag' retrieved from /Users/angel.georgiev/VsCodeProjects/PythonExamples/.venv/lib/python3.10/site-packages/airflow/example_dags/example_trigger_controller_dag.py
[2024-01-11T20:28:57.267+0200] {logging_mixin.py:188} INFO - [2024-01-11T20:28:57.267+0200] {dag.py:3033} INFO - Sync 1 DAGs
[2024-01-11T20:28:57.282+0200] {logging_mixin.py:188} INFO - [2024-01-11T20:28:57.281+0200] {dag.py:3820} INFO - Setting next_dagrun for example_trigger_controller_dag to 2021-01-01T00:00:00+00:00, run_after=2021-01-01T00:00:00+00:00
[2024-01-11T20:28:57.301+0200] {processor.py:183} INFO - Processing /Users/angel.georgiev/VsCodeProjects/PythonExamples/.venv/lib/python3.10/site-packages/airflow/example_dags/example_trigger_controller_dag.py took 0.220 seconds
[2024-01-11T20:31:32.401+0200] {processor.py:161} INFO - Started process (PID=34421) to work on /Users/angel.georgiev/VsCodeProjects/PythonExamples/.venv/lib/python3.10/site-packages/airflow/example_dags/example_trigger_controller_dag.py
[2024-01-11T20:31:32.410+0200] {processor.py:830} INFO - Processing file /Users/angel.georgiev/VsCodeProjects/PythonExamples/.venv/lib/python3.10/site-packages/airflow/example_dags/example_trigger_controller_dag.py for tasks to queue
[2024-01-11T20:31:32.413+0200] {logging_mixin.py:188} INFO - [2024-01-11T20:31:32.413+0200] {dagbag.py:538} INFO - Filling up the DagBag from /Users/angel.georgiev/VsCodeProjects/PythonExamples/.venv/lib/python3.10/site-packages/airflow/example_dags/example_trigger_controller_dag.py
[2024-01-11T20:31:32.487+0200] {processor.py:840} INFO - DAG(s) 'example_trigger_controller_dag' retrieved from /Users/angel.georgiev/VsCodeProjects/PythonExamples/.venv/lib/python3.10/site-packages/airflow/example_dags/example_trigger_controller_dag.py
[2024-01-11T20:31:32.599+0200] {logging_mixin.py:188} INFO - [2024-01-11T20:31:32.599+0200] {dag.py:3033} INFO - Sync 1 DAGs
[2024-01-11T20:31:32.642+0200] {logging_mixin.py:188} INFO - [2024-01-11T20:31:32.642+0200] {dag.py:3820} INFO - Setting next_dagrun for example_trigger_controller_dag to 2021-01-01T00:00:00+00:00, run_after=2021-01-01T00:00:00+00:00
[2024-01-11T20:31:32.667+0200] {processor.py:183} INFO - Processing /Users/angel.georgiev/VsCodeProjects/PythonExamples/.venv/lib/python3.10/site-packages/airflow/example_dags/example_trigger_controller_dag.py took 0.268 seconds
[2024-01-11T20:34:22.814+0200] {processor.py:161} INFO - Started process (PID=34569) to work on /Users/angel.georgiev/VsCodeProjects/PythonExamples/.venv/lib/python3.10/site-packages/airflow/example_dags/example_trigger_controller_dag.py
[2024-01-11T20:34:22.820+0200] {processor.py:830} INFO - Processing file /Users/angel.georgiev/VsCodeProjects/PythonExamples/.venv/lib/python3.10/site-packages/airflow/example_dags/example_trigger_controller_dag.py for tasks to queue
[2024-01-11T20:34:22.820+0200] {logging_mixin.py:188} INFO - [2024-01-11T20:34:22.820+0200] {dagbag.py:538} INFO - Filling up the DagBag from /Users/angel.georgiev/VsCodeProjects/PythonExamples/.venv/lib/python3.10/site-packages/airflow/example_dags/example_trigger_controller_dag.py
[2024-01-11T20:34:22.894+0200] {processor.py:840} INFO - DAG(s) 'example_trigger_controller_dag' retrieved from /Users/angel.georgiev/VsCodeProjects/PythonExamples/.venv/lib/python3.10/site-packages/airflow/example_dags/example_trigger_controller_dag.py
[2024-01-11T20:34:23.012+0200] {logging_mixin.py:188} INFO - [2024-01-11T20:34:23.012+0200] {dag.py:3033} INFO - Sync 1 DAGs
[2024-01-11T20:34:23.029+0200] {logging_mixin.py:188} INFO - [2024-01-11T20:34:23.029+0200] {dag.py:3820} INFO - Setting next_dagrun for example_trigger_controller_dag to 2021-01-01T00:00:00+00:00, run_after=2021-01-01T00:00:00+00:00
[2024-01-11T20:34:23.049+0200] {processor.py:183} INFO - Processing /Users/angel.georgiev/VsCodeProjects/PythonExamples/.venv/lib/python3.10/site-packages/airflow/example_dags/example_trigger_controller_dag.py took 0.236 seconds
[2024-01-11T20:37:23.483+0200] {processor.py:161} INFO - Started process (PID=34840) to work on /Users/angel.georgiev/VsCodeProjects/PythonExamples/.venv/lib/python3.10/site-packages/airflow/example_dags/example_trigger_controller_dag.py
[2024-01-11T20:37:23.489+0200] {processor.py:830} INFO - Processing file /Users/angel.georgiev/VsCodeProjects/PythonExamples/.venv/lib/python3.10/site-packages/airflow/example_dags/example_trigger_controller_dag.py for tasks to queue
[2024-01-11T20:37:23.490+0200] {logging_mixin.py:188} INFO - [2024-01-11T20:37:23.489+0200] {dagbag.py:538} INFO - Filling up the DagBag from /Users/angel.georgiev/VsCodeProjects/PythonExamples/.venv/lib/python3.10/site-packages/airflow/example_dags/example_trigger_controller_dag.py
[2024-01-11T20:37:23.554+0200] {processor.py:840} INFO - DAG(s) 'example_trigger_controller_dag' retrieved from /Users/angel.georgiev/VsCodeProjects/PythonExamples/.venv/lib/python3.10/site-packages/airflow/example_dags/example_trigger_controller_dag.py
[2024-01-11T20:37:23.668+0200] {logging_mixin.py:188} INFO - [2024-01-11T20:37:23.667+0200] {dag.py:3033} INFO - Sync 1 DAGs
[2024-01-11T20:37:23.687+0200] {logging_mixin.py:188} INFO - [2024-01-11T20:37:23.687+0200] {dag.py:3820} INFO - Setting next_dagrun for example_trigger_controller_dag to 2021-01-01T00:00:00+00:00, run_after=2021-01-01T00:00:00+00:00
[2024-01-11T20:37:23.708+0200] {processor.py:183} INFO - Processing /Users/angel.georgiev/VsCodeProjects/PythonExamples/.venv/lib/python3.10/site-packages/airflow/example_dags/example_trigger_controller_dag.py took 0.226 seconds
[2024-01-11T20:40:27.812+0200] {processor.py:161} INFO - Started process (PID=35011) to work on /Users/angel.georgiev/VsCodeProjects/PythonExamples/.venv/lib/python3.10/site-packages/airflow/example_dags/example_trigger_controller_dag.py
[2024-01-11T20:40:27.817+0200] {processor.py:830} INFO - Processing file /Users/angel.georgiev/VsCodeProjects/PythonExamples/.venv/lib/python3.10/site-packages/airflow/example_dags/example_trigger_controller_dag.py for tasks to queue
[2024-01-11T20:40:27.818+0200] {logging_mixin.py:188} INFO - [2024-01-11T20:40:27.818+0200] {dagbag.py:538} INFO - Filling up the DagBag from /Users/angel.georgiev/VsCodeProjects/PythonExamples/.venv/lib/python3.10/site-packages/airflow/example_dags/example_trigger_controller_dag.py
[2024-01-11T20:40:27.880+0200] {processor.py:840} INFO - DAG(s) 'example_trigger_controller_dag' retrieved from /Users/angel.georgiev/VsCodeProjects/PythonExamples/.venv/lib/python3.10/site-packages/airflow/example_dags/example_trigger_controller_dag.py
[2024-01-11T20:40:27.983+0200] {logging_mixin.py:188} INFO - [2024-01-11T20:40:27.982+0200] {dag.py:3033} INFO - Sync 1 DAGs
[2024-01-11T20:40:27.999+0200] {logging_mixin.py:188} INFO - [2024-01-11T20:40:27.998+0200] {dag.py:3820} INFO - Setting next_dagrun for example_trigger_controller_dag to 2021-01-01T00:00:00+00:00, run_after=2021-01-01T00:00:00+00:00
[2024-01-11T20:40:28.018+0200] {processor.py:183} INFO - Processing /Users/angel.georgiev/VsCodeProjects/PythonExamples/.venv/lib/python3.10/site-packages/airflow/example_dags/example_trigger_controller_dag.py took 0.208 seconds
[2024-01-11T20:43:43.474+0200] {processor.py:161} INFO - Started process (PID=35305) to work on /Users/angel.georgiev/VsCodeProjects/PythonExamples/.venv/lib/python3.10/site-packages/airflow/example_dags/example_trigger_controller_dag.py
[2024-01-11T20:43:43.480+0200] {processor.py:830} INFO - Processing file /Users/angel.georgiev/VsCodeProjects/PythonExamples/.venv/lib/python3.10/site-packages/airflow/example_dags/example_trigger_controller_dag.py for tasks to queue
[2024-01-11T20:43:43.481+0200] {logging_mixin.py:188} INFO - [2024-01-11T20:43:43.481+0200] {dagbag.py:538} INFO - Filling up the DagBag from /Users/angel.georgiev/VsCodeProjects/PythonExamples/.venv/lib/python3.10/site-packages/airflow/example_dags/example_trigger_controller_dag.py
[2024-01-11T20:43:43.550+0200] {processor.py:840} INFO - DAG(s) 'example_trigger_controller_dag' retrieved from /Users/angel.georgiev/VsCodeProjects/PythonExamples/.venv/lib/python3.10/site-packages/airflow/example_dags/example_trigger_controller_dag.py
[2024-01-11T20:43:43.672+0200] {logging_mixin.py:188} INFO - [2024-01-11T20:43:43.672+0200] {dag.py:3033} INFO - Sync 1 DAGs
[2024-01-11T20:43:43.691+0200] {logging_mixin.py:188} INFO - [2024-01-11T20:43:43.691+0200] {dag.py:3820} INFO - Setting next_dagrun for example_trigger_controller_dag to 2021-01-01T00:00:00+00:00, run_after=2021-01-01T00:00:00+00:00
[2024-01-11T20:43:43.714+0200] {processor.py:183} INFO - Processing /Users/angel.georgiev/VsCodeProjects/PythonExamples/.venv/lib/python3.10/site-packages/airflow/example_dags/example_trigger_controller_dag.py took 0.241 seconds
[2024-01-11T20:45:49.634+0200] {processor.py:161} INFO - Started process (PID=35388) to work on /Users/angel.georgiev/VsCodeProjects/PythonExamples/.venv/lib/python3.10/site-packages/airflow/example_dags/example_trigger_controller_dag.py
[2024-01-11T20:45:49.638+0200] {processor.py:830} INFO - Processing file /Users/angel.georgiev/VsCodeProjects/PythonExamples/.venv/lib/python3.10/site-packages/airflow/example_dags/example_trigger_controller_dag.py for tasks to queue
[2024-01-11T20:45:49.639+0200] {logging_mixin.py:188} INFO - [2024-01-11T20:45:49.639+0200] {dagbag.py:538} INFO - Filling up the DagBag from /Users/angel.georgiev/VsCodeProjects/PythonExamples/.venv/lib/python3.10/site-packages/airflow/example_dags/example_trigger_controller_dag.py
[2024-01-11T20:45:49.716+0200] {processor.py:840} INFO - DAG(s) 'example_trigger_controller_dag' retrieved from /Users/angel.georgiev/VsCodeProjects/PythonExamples/.venv/lib/python3.10/site-packages/airflow/example_dags/example_trigger_controller_dag.py
[2024-01-11T20:45:49.816+0200] {logging_mixin.py:188} INFO - [2024-01-11T20:45:49.815+0200] {dag.py:3033} INFO - Sync 1 DAGs
[2024-01-11T20:45:49.830+0200] {logging_mixin.py:188} INFO - [2024-01-11T20:45:49.830+0200] {dag.py:3820} INFO - Setting next_dagrun for example_trigger_controller_dag to 2021-01-01T00:00:00+00:00, run_after=2021-01-01T00:00:00+00:00
[2024-01-11T20:45:49.846+0200] {processor.py:183} INFO - Processing /Users/angel.georgiev/VsCodeProjects/PythonExamples/.venv/lib/python3.10/site-packages/airflow/example_dags/example_trigger_controller_dag.py took 0.213 seconds
[2024-01-11T20:47:50.690+0200] {processor.py:161} INFO - Started process (PID=35475) to work on /Users/angel.georgiev/VsCodeProjects/PythonExamples/.venv/lib/python3.10/site-packages/airflow/example_dags/example_trigger_controller_dag.py
[2024-01-11T20:47:50.695+0200] {processor.py:830} INFO - Processing file /Users/angel.georgiev/VsCodeProjects/PythonExamples/.venv/lib/python3.10/site-packages/airflow/example_dags/example_trigger_controller_dag.py for tasks to queue
[2024-01-11T20:47:50.695+0200] {logging_mixin.py:188} INFO - [2024-01-11T20:47:50.695+0200] {dagbag.py:538} INFO - Filling up the DagBag from /Users/angel.georgiev/VsCodeProjects/PythonExamples/.venv/lib/python3.10/site-packages/airflow/example_dags/example_trigger_controller_dag.py
[2024-01-11T20:47:50.754+0200] {processor.py:840} INFO - DAG(s) 'example_trigger_controller_dag' retrieved from /Users/angel.georgiev/VsCodeProjects/PythonExamples/.venv/lib/python3.10/site-packages/airflow/example_dags/example_trigger_controller_dag.py
[2024-01-11T20:47:50.843+0200] {logging_mixin.py:188} INFO - [2024-01-11T20:47:50.843+0200] {dag.py:3033} INFO - Sync 1 DAGs
[2024-01-11T20:47:50.857+0200] {logging_mixin.py:188} INFO - [2024-01-11T20:47:50.857+0200] {dag.py:3820} INFO - Setting next_dagrun for example_trigger_controller_dag to 2021-01-01T00:00:00+00:00, run_after=2021-01-01T00:00:00+00:00
[2024-01-11T20:47:50.874+0200] {processor.py:183} INFO - Processing /Users/angel.georgiev/VsCodeProjects/PythonExamples/.venv/lib/python3.10/site-packages/airflow/example_dags/example_trigger_controller_dag.py took 0.185 seconds
[2024-01-11T20:49:45.451+0200] {processor.py:161} INFO - Started process (PID=35659) to work on /Users/angel.georgiev/VsCodeProjects/PythonExamples/.venv/lib/python3.10/site-packages/airflow/example_dags/example_trigger_controller_dag.py
[2024-01-11T20:49:45.456+0200] {processor.py:830} INFO - Processing file /Users/angel.georgiev/VsCodeProjects/PythonExamples/.venv/lib/python3.10/site-packages/airflow/example_dags/example_trigger_controller_dag.py for tasks to queue
[2024-01-11T20:49:45.457+0200] {logging_mixin.py:188} INFO - [2024-01-11T20:49:45.456+0200] {dagbag.py:538} INFO - Filling up the DagBag from /Users/angel.georgiev/VsCodeProjects/PythonExamples/.venv/lib/python3.10/site-packages/airflow/example_dags/example_trigger_controller_dag.py
[2024-01-11T20:49:45.513+0200] {processor.py:840} INFO - DAG(s) 'example_trigger_controller_dag' retrieved from /Users/angel.georgiev/VsCodeProjects/PythonExamples/.venv/lib/python3.10/site-packages/airflow/example_dags/example_trigger_controller_dag.py
[2024-01-11T20:49:45.600+0200] {logging_mixin.py:188} INFO - [2024-01-11T20:49:45.600+0200] {dag.py:3033} INFO - Sync 1 DAGs
[2024-01-11T20:49:45.614+0200] {logging_mixin.py:188} INFO - [2024-01-11T20:49:45.614+0200] {dag.py:3820} INFO - Setting next_dagrun for example_trigger_controller_dag to 2021-01-01T00:00:00+00:00, run_after=2021-01-01T00:00:00+00:00
[2024-01-11T20:49:45.632+0200] {processor.py:183} INFO - Processing /Users/angel.georgiev/VsCodeProjects/PythonExamples/.venv/lib/python3.10/site-packages/airflow/example_dags/example_trigger_controller_dag.py took 0.182 seconds
[2024-01-11T20:51:38.550+0200] {processor.py:161} INFO - Started process (PID=35753) to work on /Users/angel.georgiev/VsCodeProjects/PythonExamples/.venv/lib/python3.10/site-packages/airflow/example_dags/example_trigger_controller_dag.py
[2024-01-11T20:51:38.554+0200] {processor.py:830} INFO - Processing file /Users/angel.georgiev/VsCodeProjects/PythonExamples/.venv/lib/python3.10/site-packages/airflow/example_dags/example_trigger_controller_dag.py for tasks to queue
[2024-01-11T20:51:38.554+0200] {logging_mixin.py:188} INFO - [2024-01-11T20:51:38.554+0200] {dagbag.py:538} INFO - Filling up the DagBag from /Users/angel.georgiev/VsCodeProjects/PythonExamples/.venv/lib/python3.10/site-packages/airflow/example_dags/example_trigger_controller_dag.py
[2024-01-11T20:51:38.609+0200] {processor.py:840} INFO - DAG(s) 'example_trigger_controller_dag' retrieved from /Users/angel.georgiev/VsCodeProjects/PythonExamples/.venv/lib/python3.10/site-packages/airflow/example_dags/example_trigger_controller_dag.py
[2024-01-11T20:51:38.699+0200] {logging_mixin.py:188} INFO - [2024-01-11T20:51:38.699+0200] {dag.py:3033} INFO - Sync 1 DAGs
[2024-01-11T20:51:38.713+0200] {logging_mixin.py:188} INFO - [2024-01-11T20:51:38.712+0200] {dag.py:3820} INFO - Setting next_dagrun for example_trigger_controller_dag to 2021-01-01T00:00:00+00:00, run_after=2021-01-01T00:00:00+00:00
[2024-01-11T20:51:38.729+0200] {processor.py:183} INFO - Processing /Users/angel.georgiev/VsCodeProjects/PythonExamples/.venv/lib/python3.10/site-packages/airflow/example_dags/example_trigger_controller_dag.py took 0.181 seconds
[2024-01-11T20:53:39.507+0200] {processor.py:161} INFO - Started process (PID=35873) to work on /Users/angel.georgiev/VsCodeProjects/PythonExamples/.venv/lib/python3.10/site-packages/airflow/example_dags/example_trigger_controller_dag.py
[2024-01-11T20:53:39.522+0200] {processor.py:830} INFO - Processing file /Users/angel.georgiev/VsCodeProjects/PythonExamples/.venv/lib/python3.10/site-packages/airflow/example_dags/example_trigger_controller_dag.py for tasks to queue
[2024-01-11T20:53:39.523+0200] {logging_mixin.py:188} INFO - [2024-01-11T20:53:39.523+0200] {dagbag.py:538} INFO - Filling up the DagBag from /Users/angel.georgiev/VsCodeProjects/PythonExamples/.venv/lib/python3.10/site-packages/airflow/example_dags/example_trigger_controller_dag.py
[2024-01-11T20:53:39.595+0200] {processor.py:840} INFO - DAG(s) 'example_trigger_controller_dag' retrieved from /Users/angel.georgiev/VsCodeProjects/PythonExamples/.venv/lib/python3.10/site-packages/airflow/example_dags/example_trigger_controller_dag.py
[2024-01-11T20:53:39.715+0200] {logging_mixin.py:188} INFO - [2024-01-11T20:53:39.714+0200] {dag.py:3033} INFO - Sync 1 DAGs
[2024-01-11T20:53:39.741+0200] {logging_mixin.py:188} INFO - [2024-01-11T20:53:39.741+0200] {dag.py:3820} INFO - Setting next_dagrun for example_trigger_controller_dag to 2021-01-01T00:00:00+00:00, run_after=2021-01-01T00:00:00+00:00
[2024-01-11T20:53:39.761+0200] {processor.py:183} INFO - Processing /Users/angel.georgiev/VsCodeProjects/PythonExamples/.venv/lib/python3.10/site-packages/airflow/example_dags/example_trigger_controller_dag.py took 0.255 seconds
[2024-01-11T20:55:52.713+0200] {processor.py:161} INFO - Started process (PID=36070) to work on /Users/angel.georgiev/VsCodeProjects/PythonExamples/.venv/lib/python3.10/site-packages/airflow/example_dags/example_trigger_controller_dag.py
[2024-01-11T20:55:52.717+0200] {processor.py:830} INFO - Processing file /Users/angel.georgiev/VsCodeProjects/PythonExamples/.venv/lib/python3.10/site-packages/airflow/example_dags/example_trigger_controller_dag.py for tasks to queue
[2024-01-11T20:55:52.718+0200] {logging_mixin.py:188} INFO - [2024-01-11T20:55:52.718+0200] {dagbag.py:538} INFO - Filling up the DagBag from /Users/angel.georgiev/VsCodeProjects/PythonExamples/.venv/lib/python3.10/site-packages/airflow/example_dags/example_trigger_controller_dag.py
[2024-01-11T20:55:52.779+0200] {processor.py:840} INFO - DAG(s) 'example_trigger_controller_dag' retrieved from /Users/angel.georgiev/VsCodeProjects/PythonExamples/.venv/lib/python3.10/site-packages/airflow/example_dags/example_trigger_controller_dag.py
[2024-01-11T20:55:52.883+0200] {logging_mixin.py:188} INFO - [2024-01-11T20:55:52.883+0200] {dag.py:3033} INFO - Sync 1 DAGs
[2024-01-11T20:55:52.898+0200] {logging_mixin.py:188} INFO - [2024-01-11T20:55:52.897+0200] {dag.py:3820} INFO - Setting next_dagrun for example_trigger_controller_dag to 2021-01-01T00:00:00+00:00, run_after=2021-01-01T00:00:00+00:00
[2024-01-11T20:55:52.915+0200] {processor.py:183} INFO - Processing /Users/angel.georgiev/VsCodeProjects/PythonExamples/.venv/lib/python3.10/site-packages/airflow/example_dags/example_trigger_controller_dag.py took 0.204 seconds
[2024-01-11T20:58:21.321+0200] {processor.py:161} INFO - Started process (PID=36159) to work on /Users/angel.georgiev/VsCodeProjects/PythonExamples/.venv/lib/python3.10/site-packages/airflow/example_dags/example_trigger_controller_dag.py
[2024-01-11T20:58:21.327+0200] {processor.py:830} INFO - Processing file /Users/angel.georgiev/VsCodeProjects/PythonExamples/.venv/lib/python3.10/site-packages/airflow/example_dags/example_trigger_controller_dag.py for tasks to queue
[2024-01-11T20:58:21.328+0200] {logging_mixin.py:188} INFO - [2024-01-11T20:58:21.327+0200] {dagbag.py:538} INFO - Filling up the DagBag from /Users/angel.georgiev/VsCodeProjects/PythonExamples/.venv/lib/python3.10/site-packages/airflow/example_dags/example_trigger_controller_dag.py
[2024-01-11T20:58:21.392+0200] {processor.py:840} INFO - DAG(s) 'example_trigger_controller_dag' retrieved from /Users/angel.georgiev/VsCodeProjects/PythonExamples/.venv/lib/python3.10/site-packages/airflow/example_dags/example_trigger_controller_dag.py
[2024-01-11T20:58:21.495+0200] {logging_mixin.py:188} INFO - [2024-01-11T20:58:21.494+0200] {dag.py:3033} INFO - Sync 1 DAGs
[2024-01-11T20:58:21.511+0200] {logging_mixin.py:188} INFO - [2024-01-11T20:58:21.511+0200] {dag.py:3820} INFO - Setting next_dagrun for example_trigger_controller_dag to 2021-01-01T00:00:00+00:00, run_after=2021-01-01T00:00:00+00:00
[2024-01-11T20:58:21.531+0200] {processor.py:183} INFO - Processing /Users/angel.georgiev/VsCodeProjects/PythonExamples/.venv/lib/python3.10/site-packages/airflow/example_dags/example_trigger_controller_dag.py took 0.211 seconds
