[2024-01-11T20:12:32.410+0200] {processor.py:161} INFO - Started process (PID=33099) to work on /Users/angel.georgiev/VsCodeProjects/PythonExamples/.venv/lib/python3.10/site-packages/airflow/example_dags/tutorial.py
[2024-01-11T20:12:32.415+0200] {processor.py:830} INFO - Processing file /Users/angel.georgiev/VsCodeProjects/PythonExamples/.venv/lib/python3.10/site-packages/airflow/example_dags/tutorial.py for tasks to queue
[2024-01-11T20:12:32.416+0200] {logging_mixin.py:188} INFO - [2024-01-11T20:12:32.416+0200] {dagbag.py:538} INFO - Filling up the DagBag from /Users/angel.georgiev/VsCodeProjects/PythonExamples/.venv/lib/python3.10/site-packages/airflow/example_dags/tutorial.py
[2024-01-11T20:12:32.430+0200] {processor.py:840} INFO - DAG(s) 'tutorial' retrieved from /Users/angel.georgiev/VsCodeProjects/PythonExamples/.venv/lib/python3.10/site-packages/airflow/example_dags/tutorial.py
[2024-01-11T20:12:32.705+0200] {logging_mixin.py:188} INFO - [2024-01-11T20:12:32.705+0200] {dag.py:3033} INFO - Sync 1 DAGs
[2024-01-11T20:12:32.721+0200] {logging_mixin.py:188} INFO - [2024-01-11T20:12:32.721+0200] {dag.py:3820} INFO - Setting next_dagrun for tutorial to 2024-01-10T00:00:00+00:00, run_after=2024-01-11T00:00:00+00:00
[2024-01-11T20:12:32.739+0200] {processor.py:183} INFO - Processing /Users/angel.georgiev/VsCodeProjects/PythonExamples/.venv/lib/python3.10/site-packages/airflow/example_dags/tutorial.py took 0.330 seconds
[2024-01-11T20:13:34.624+0200] {processor.py:161} INFO - Started process (PID=33200) to work on /Users/angel.georgiev/VsCodeProjects/PythonExamples/.venv/lib/python3.10/site-packages/airflow/example_dags/tutorial.py
[2024-01-11T20:13:34.713+0200] {processor.py:830} INFO - Processing file /Users/angel.georgiev/VsCodeProjects/PythonExamples/.venv/lib/python3.10/site-packages/airflow/example_dags/tutorial.py for tasks to queue
[2024-01-11T20:13:34.715+0200] {logging_mixin.py:188} INFO - [2024-01-11T20:13:34.715+0200] {dagbag.py:538} INFO - Filling up the DagBag from /Users/angel.georgiev/VsCodeProjects/PythonExamples/.venv/lib/python3.10/site-packages/airflow/example_dags/tutorial.py
[2024-01-11T20:13:34.775+0200] {processor.py:840} INFO - DAG(s) 'tutorial' retrieved from /Users/angel.georgiev/VsCodeProjects/PythonExamples/.venv/lib/python3.10/site-packages/airflow/example_dags/tutorial.py
[2024-01-11T20:13:35.316+0200] {logging_mixin.py:188} INFO - [2024-01-11T20:13:35.316+0200] {dag.py:3033} INFO - Sync 1 DAGs
[2024-01-11T20:13:35.331+0200] {logging_mixin.py:188} INFO - [2024-01-11T20:13:35.331+0200] {dag.py:3820} INFO - Setting next_dagrun for tutorial to 2024-01-10T00:00:00+00:00, run_after=2024-01-11T00:00:00+00:00
[2024-01-11T20:13:35.349+0200] {processor.py:183} INFO - Processing /Users/angel.georgiev/VsCodeProjects/PythonExamples/.venv/lib/python3.10/site-packages/airflow/example_dags/tutorial.py took 0.891 seconds
[2024-01-11T20:16:40.580+0200] {processor.py:161} INFO - Started process (PID=33474) to work on /Users/angel.georgiev/VsCodeProjects/PythonExamples/.venv/lib/python3.10/site-packages/airflow/example_dags/tutorial.py
[2024-01-11T20:16:40.586+0200] {processor.py:830} INFO - Processing file /Users/angel.georgiev/VsCodeProjects/PythonExamples/.venv/lib/python3.10/site-packages/airflow/example_dags/tutorial.py for tasks to queue
[2024-01-11T20:16:40.587+0200] {logging_mixin.py:188} INFO - [2024-01-11T20:16:40.587+0200] {dagbag.py:538} INFO - Filling up the DagBag from /Users/angel.georgiev/VsCodeProjects/PythonExamples/.venv/lib/python3.10/site-packages/airflow/example_dags/tutorial.py
[2024-01-11T20:16:40.600+0200] {processor.py:840} INFO - DAG(s) 'tutorial' retrieved from /Users/angel.georgiev/VsCodeProjects/PythonExamples/.venv/lib/python3.10/site-packages/airflow/example_dags/tutorial.py
[2024-01-11T20:16:40.773+0200] {logging_mixin.py:188} INFO - [2024-01-11T20:16:40.773+0200] {dag.py:3033} INFO - Sync 1 DAGs
[2024-01-11T20:16:40.791+0200] {logging_mixin.py:188} INFO - [2024-01-11T20:16:40.791+0200] {dag.py:3820} INFO - Setting next_dagrun for tutorial to 2024-01-10T00:00:00+00:00, run_after=2024-01-11T00:00:00+00:00
[2024-01-11T20:16:40.813+0200] {processor.py:183} INFO - Processing /Users/angel.georgiev/VsCodeProjects/PythonExamples/.venv/lib/python3.10/site-packages/airflow/example_dags/tutorial.py took 0.234 seconds
[2024-01-11T20:19:06.631+0200] {processor.py:161} INFO - Started process (PID=33588) to work on /Users/angel.georgiev/VsCodeProjects/PythonExamples/.venv/lib/python3.10/site-packages/airflow/example_dags/tutorial.py
[2024-01-11T20:19:06.637+0200] {processor.py:830} INFO - Processing file /Users/angel.georgiev/VsCodeProjects/PythonExamples/.venv/lib/python3.10/site-packages/airflow/example_dags/tutorial.py for tasks to queue
[2024-01-11T20:19:06.637+0200] {logging_mixin.py:188} INFO - [2024-01-11T20:19:06.637+0200] {dagbag.py:538} INFO - Filling up the DagBag from /Users/angel.georgiev/VsCodeProjects/PythonExamples/.venv/lib/python3.10/site-packages/airflow/example_dags/tutorial.py
[2024-01-11T20:19:06.650+0200] {processor.py:840} INFO - DAG(s) 'tutorial' retrieved from /Users/angel.georgiev/VsCodeProjects/PythonExamples/.venv/lib/python3.10/site-packages/airflow/example_dags/tutorial.py
[2024-01-11T20:19:06.805+0200] {logging_mixin.py:188} INFO - [2024-01-11T20:19:06.805+0200] {dag.py:3033} INFO - Sync 1 DAGs
[2024-01-11T20:19:06.822+0200] {logging_mixin.py:188} INFO - [2024-01-11T20:19:06.822+0200] {dag.py:3820} INFO - Setting next_dagrun for tutorial to 2024-01-10T00:00:00+00:00, run_after=2024-01-11T00:00:00+00:00
[2024-01-11T20:19:06.844+0200] {processor.py:183} INFO - Processing /Users/angel.georgiev/VsCodeProjects/PythonExamples/.venv/lib/python3.10/site-packages/airflow/example_dags/tutorial.py took 0.215 seconds
[2024-01-11T20:21:32.645+0200] {processor.py:161} INFO - Started process (PID=33779) to work on /Users/angel.georgiev/VsCodeProjects/PythonExamples/.venv/lib/python3.10/site-packages/airflow/example_dags/tutorial.py
[2024-01-11T20:21:32.649+0200] {processor.py:830} INFO - Processing file /Users/angel.georgiev/VsCodeProjects/PythonExamples/.venv/lib/python3.10/site-packages/airflow/example_dags/tutorial.py for tasks to queue
[2024-01-11T20:21:32.650+0200] {logging_mixin.py:188} INFO - [2024-01-11T20:21:32.650+0200] {dagbag.py:538} INFO - Filling up the DagBag from /Users/angel.georgiev/VsCodeProjects/PythonExamples/.venv/lib/python3.10/site-packages/airflow/example_dags/tutorial.py
[2024-01-11T20:21:32.660+0200] {processor.py:840} INFO - DAG(s) 'tutorial' retrieved from /Users/angel.georgiev/VsCodeProjects/PythonExamples/.venv/lib/python3.10/site-packages/airflow/example_dags/tutorial.py
[2024-01-11T20:21:32.803+0200] {logging_mixin.py:188} INFO - [2024-01-11T20:21:32.802+0200] {dag.py:3033} INFO - Sync 1 DAGs
[2024-01-11T20:21:32.816+0200] {logging_mixin.py:188} INFO - [2024-01-11T20:21:32.816+0200] {dag.py:3820} INFO - Setting next_dagrun for tutorial to 2024-01-10T00:00:00+00:00, run_after=2024-01-11T00:00:00+00:00
[2024-01-11T20:21:32.833+0200] {processor.py:183} INFO - Processing /Users/angel.georgiev/VsCodeProjects/PythonExamples/.venv/lib/python3.10/site-packages/airflow/example_dags/tutorial.py took 0.190 seconds
[2024-01-11T20:23:46.716+0200] {processor.py:161} INFO - Started process (PID=33891) to work on /Users/angel.georgiev/VsCodeProjects/PythonExamples/.venv/lib/python3.10/site-packages/airflow/example_dags/tutorial.py
[2024-01-11T20:23:46.721+0200] {processor.py:830} INFO - Processing file /Users/angel.georgiev/VsCodeProjects/PythonExamples/.venv/lib/python3.10/site-packages/airflow/example_dags/tutorial.py for tasks to queue
[2024-01-11T20:23:46.722+0200] {logging_mixin.py:188} INFO - [2024-01-11T20:23:46.721+0200] {dagbag.py:538} INFO - Filling up the DagBag from /Users/angel.georgiev/VsCodeProjects/PythonExamples/.venv/lib/python3.10/site-packages/airflow/example_dags/tutorial.py
[2024-01-11T20:23:46.732+0200] {processor.py:840} INFO - DAG(s) 'tutorial' retrieved from /Users/angel.georgiev/VsCodeProjects/PythonExamples/.venv/lib/python3.10/site-packages/airflow/example_dags/tutorial.py
[2024-01-11T20:23:46.886+0200] {logging_mixin.py:188} INFO - [2024-01-11T20:23:46.885+0200] {dag.py:3033} INFO - Sync 1 DAGs
[2024-01-11T20:23:46.901+0200] {logging_mixin.py:188} INFO - [2024-01-11T20:23:46.901+0200] {dag.py:3820} INFO - Setting next_dagrun for tutorial to 2024-01-10T00:00:00+00:00, run_after=2024-01-11T00:00:00+00:00
[2024-01-11T20:23:46.921+0200] {processor.py:183} INFO - Processing /Users/angel.georgiev/VsCodeProjects/PythonExamples/.venv/lib/python3.10/site-packages/airflow/example_dags/tutorial.py took 0.206 seconds
[2024-01-11T20:26:03.761+0200] {processor.py:161} INFO - Started process (PID=34098) to work on /Users/angel.georgiev/VsCodeProjects/PythonExamples/.venv/lib/python3.10/site-packages/airflow/example_dags/tutorial.py
[2024-01-11T20:26:03.765+0200] {processor.py:830} INFO - Processing file /Users/angel.georgiev/VsCodeProjects/PythonExamples/.venv/lib/python3.10/site-packages/airflow/example_dags/tutorial.py for tasks to queue
[2024-01-11T20:26:03.766+0200] {logging_mixin.py:188} INFO - [2024-01-11T20:26:03.766+0200] {dagbag.py:538} INFO - Filling up the DagBag from /Users/angel.georgiev/VsCodeProjects/PythonExamples/.venv/lib/python3.10/site-packages/airflow/example_dags/tutorial.py
[2024-01-11T20:26:03.777+0200] {processor.py:840} INFO - DAG(s) 'tutorial' retrieved from /Users/angel.georgiev/VsCodeProjects/PythonExamples/.venv/lib/python3.10/site-packages/airflow/example_dags/tutorial.py
[2024-01-11T20:26:03.921+0200] {logging_mixin.py:188} INFO - [2024-01-11T20:26:03.921+0200] {dag.py:3033} INFO - Sync 1 DAGs
[2024-01-11T20:26:03.935+0200] {logging_mixin.py:188} INFO - [2024-01-11T20:26:03.935+0200] {dag.py:3820} INFO - Setting next_dagrun for tutorial to 2024-01-10T00:00:00+00:00, run_after=2024-01-11T00:00:00+00:00
[2024-01-11T20:26:03.952+0200] {processor.py:183} INFO - Processing /Users/angel.georgiev/VsCodeProjects/PythonExamples/.venv/lib/python3.10/site-packages/airflow/example_dags/tutorial.py took 0.192 seconds
[2024-01-11T20:28:42.518+0200] {processor.py:161} INFO - Started process (PID=34224) to work on /Users/angel.georgiev/VsCodeProjects/PythonExamples/.venv/lib/python3.10/site-packages/airflow/example_dags/tutorial.py
[2024-01-11T20:28:42.523+0200] {processor.py:830} INFO - Processing file /Users/angel.georgiev/VsCodeProjects/PythonExamples/.venv/lib/python3.10/site-packages/airflow/example_dags/tutorial.py for tasks to queue
[2024-01-11T20:28:42.524+0200] {logging_mixin.py:188} INFO - [2024-01-11T20:28:42.524+0200] {dagbag.py:538} INFO - Filling up the DagBag from /Users/angel.georgiev/VsCodeProjects/PythonExamples/.venv/lib/python3.10/site-packages/airflow/example_dags/tutorial.py
[2024-01-11T20:28:42.535+0200] {processor.py:840} INFO - DAG(s) 'tutorial' retrieved from /Users/angel.georgiev/VsCodeProjects/PythonExamples/.venv/lib/python3.10/site-packages/airflow/example_dags/tutorial.py
[2024-01-11T20:28:42.695+0200] {logging_mixin.py:188} INFO - [2024-01-11T20:28:42.694+0200] {dag.py:3033} INFO - Sync 1 DAGs
[2024-01-11T20:28:42.710+0200] {logging_mixin.py:188} INFO - [2024-01-11T20:28:42.709+0200] {dag.py:3820} INFO - Setting next_dagrun for tutorial to 2024-01-10T00:00:00+00:00, run_after=2024-01-11T00:00:00+00:00
[2024-01-11T20:28:42.729+0200] {processor.py:183} INFO - Processing /Users/angel.georgiev/VsCodeProjects/PythonExamples/.venv/lib/python3.10/site-packages/airflow/example_dags/tutorial.py took 0.212 seconds
[2024-01-11T20:31:12.279+0200] {processor.py:161} INFO - Started process (PID=34407) to work on /Users/angel.georgiev/VsCodeProjects/PythonExamples/.venv/lib/python3.10/site-packages/airflow/example_dags/tutorial.py
[2024-01-11T20:31:12.284+0200] {processor.py:830} INFO - Processing file /Users/angel.georgiev/VsCodeProjects/PythonExamples/.venv/lib/python3.10/site-packages/airflow/example_dags/tutorial.py for tasks to queue
[2024-01-11T20:31:12.285+0200] {logging_mixin.py:188} INFO - [2024-01-11T20:31:12.285+0200] {dagbag.py:538} INFO - Filling up the DagBag from /Users/angel.georgiev/VsCodeProjects/PythonExamples/.venv/lib/python3.10/site-packages/airflow/example_dags/tutorial.py
[2024-01-11T20:31:12.300+0200] {processor.py:840} INFO - DAG(s) 'tutorial' retrieved from /Users/angel.georgiev/VsCodeProjects/PythonExamples/.venv/lib/python3.10/site-packages/airflow/example_dags/tutorial.py
[2024-01-11T20:31:12.587+0200] {logging_mixin.py:188} INFO - [2024-01-11T20:31:12.586+0200] {dag.py:3033} INFO - Sync 1 DAGs
[2024-01-11T20:31:12.605+0200] {logging_mixin.py:188} INFO - [2024-01-11T20:31:12.605+0200] {dag.py:3820} INFO - Setting next_dagrun for tutorial to 2024-01-10T00:00:00+00:00, run_after=2024-01-11T00:00:00+00:00
[2024-01-11T20:31:12.630+0200] {processor.py:183} INFO - Processing /Users/angel.georgiev/VsCodeProjects/PythonExamples/.venv/lib/python3.10/site-packages/airflow/example_dags/tutorial.py took 0.353 seconds
[2024-01-11T20:34:06.915+0200] {processor.py:161} INFO - Started process (PID=34559) to work on /Users/angel.georgiev/VsCodeProjects/PythonExamples/.venv/lib/python3.10/site-packages/airflow/example_dags/tutorial.py
[2024-01-11T20:34:06.921+0200] {processor.py:830} INFO - Processing file /Users/angel.georgiev/VsCodeProjects/PythonExamples/.venv/lib/python3.10/site-packages/airflow/example_dags/tutorial.py for tasks to queue
[2024-01-11T20:34:06.921+0200] {logging_mixin.py:188} INFO - [2024-01-11T20:34:06.921+0200] {dagbag.py:538} INFO - Filling up the DagBag from /Users/angel.georgiev/VsCodeProjects/PythonExamples/.venv/lib/python3.10/site-packages/airflow/example_dags/tutorial.py
[2024-01-11T20:34:06.935+0200] {processor.py:840} INFO - DAG(s) 'tutorial' retrieved from /Users/angel.georgiev/VsCodeProjects/PythonExamples/.venv/lib/python3.10/site-packages/airflow/example_dags/tutorial.py
[2024-01-11T20:34:07.122+0200] {logging_mixin.py:188} INFO - [2024-01-11T20:34:07.122+0200] {dag.py:3033} INFO - Sync 1 DAGs
[2024-01-11T20:34:07.143+0200] {logging_mixin.py:188} INFO - [2024-01-11T20:34:07.143+0200] {dag.py:3820} INFO - Setting next_dagrun for tutorial to 2024-01-10T00:00:00+00:00, run_after=2024-01-11T00:00:00+00:00
[2024-01-11T20:34:07.172+0200] {processor.py:183} INFO - Processing /Users/angel.georgiev/VsCodeProjects/PythonExamples/.venv/lib/python3.10/site-packages/airflow/example_dags/tutorial.py took 0.259 seconds
[2024-01-11T20:37:03.367+0200] {processor.py:161} INFO - Started process (PID=34814) to work on /Users/angel.georgiev/VsCodeProjects/PythonExamples/.venv/lib/python3.10/site-packages/airflow/example_dags/tutorial.py
[2024-01-11T20:37:03.373+0200] {processor.py:830} INFO - Processing file /Users/angel.georgiev/VsCodeProjects/PythonExamples/.venv/lib/python3.10/site-packages/airflow/example_dags/tutorial.py for tasks to queue
[2024-01-11T20:37:03.373+0200] {logging_mixin.py:188} INFO - [2024-01-11T20:37:03.373+0200] {dagbag.py:538} INFO - Filling up the DagBag from /Users/angel.georgiev/VsCodeProjects/PythonExamples/.venv/lib/python3.10/site-packages/airflow/example_dags/tutorial.py
[2024-01-11T20:37:03.387+0200] {processor.py:840} INFO - DAG(s) 'tutorial' retrieved from /Users/angel.georgiev/VsCodeProjects/PythonExamples/.venv/lib/python3.10/site-packages/airflow/example_dags/tutorial.py
[2024-01-11T20:37:03.556+0200] {logging_mixin.py:188} INFO - [2024-01-11T20:37:03.556+0200] {dag.py:3033} INFO - Sync 1 DAGs
[2024-01-11T20:37:03.576+0200] {logging_mixin.py:188} INFO - [2024-01-11T20:37:03.575+0200] {dag.py:3820} INFO - Setting next_dagrun for tutorial to 2024-01-10T00:00:00+00:00, run_after=2024-01-11T00:00:00+00:00
[2024-01-11T20:37:03.600+0200] {processor.py:183} INFO - Processing /Users/angel.georgiev/VsCodeProjects/PythonExamples/.venv/lib/python3.10/site-packages/airflow/example_dags/tutorial.py took 0.234 seconds
[2024-01-11T20:40:13.065+0200] {processor.py:161} INFO - Started process (PID=35001) to work on /Users/angel.georgiev/VsCodeProjects/PythonExamples/.venv/lib/python3.10/site-packages/airflow/example_dags/tutorial.py
[2024-01-11T20:40:13.071+0200] {processor.py:830} INFO - Processing file /Users/angel.georgiev/VsCodeProjects/PythonExamples/.venv/lib/python3.10/site-packages/airflow/example_dags/tutorial.py for tasks to queue
[2024-01-11T20:40:13.072+0200] {logging_mixin.py:188} INFO - [2024-01-11T20:40:13.072+0200] {dagbag.py:538} INFO - Filling up the DagBag from /Users/angel.georgiev/VsCodeProjects/PythonExamples/.venv/lib/python3.10/site-packages/airflow/example_dags/tutorial.py
[2024-01-11T20:40:13.086+0200] {processor.py:840} INFO - DAG(s) 'tutorial' retrieved from /Users/angel.georgiev/VsCodeProjects/PythonExamples/.venv/lib/python3.10/site-packages/airflow/example_dags/tutorial.py
[2024-01-11T20:40:13.252+0200] {logging_mixin.py:188} INFO - [2024-01-11T20:40:13.252+0200] {dag.py:3033} INFO - Sync 1 DAGs
[2024-01-11T20:40:13.268+0200] {logging_mixin.py:188} INFO - [2024-01-11T20:40:13.268+0200] {dag.py:3820} INFO - Setting next_dagrun for tutorial to 2024-01-10T00:00:00+00:00, run_after=2024-01-11T00:00:00+00:00
[2024-01-11T20:40:13.290+0200] {processor.py:183} INFO - Processing /Users/angel.georgiev/VsCodeProjects/PythonExamples/.venv/lib/python3.10/site-packages/airflow/example_dags/tutorial.py took 0.226 seconds
[2024-01-11T20:43:23.279+0200] {processor.py:161} INFO - Started process (PID=35296) to work on /Users/angel.georgiev/VsCodeProjects/PythonExamples/.venv/lib/python3.10/site-packages/airflow/example_dags/tutorial.py
[2024-01-11T20:43:23.285+0200] {processor.py:830} INFO - Processing file /Users/angel.georgiev/VsCodeProjects/PythonExamples/.venv/lib/python3.10/site-packages/airflow/example_dags/tutorial.py for tasks to queue
[2024-01-11T20:43:23.285+0200] {logging_mixin.py:188} INFO - [2024-01-11T20:43:23.285+0200] {dagbag.py:538} INFO - Filling up the DagBag from /Users/angel.georgiev/VsCodeProjects/PythonExamples/.venv/lib/python3.10/site-packages/airflow/example_dags/tutorial.py
[2024-01-11T20:43:23.300+0200] {processor.py:840} INFO - DAG(s) 'tutorial' retrieved from /Users/angel.georgiev/VsCodeProjects/PythonExamples/.venv/lib/python3.10/site-packages/airflow/example_dags/tutorial.py
[2024-01-11T20:43:23.477+0200] {logging_mixin.py:188} INFO - [2024-01-11T20:43:23.477+0200] {dag.py:3033} INFO - Sync 1 DAGs
[2024-01-11T20:43:23.496+0200] {logging_mixin.py:188} INFO - [2024-01-11T20:43:23.496+0200] {dag.py:3820} INFO - Setting next_dagrun for tutorial to 2024-01-10T00:00:00+00:00, run_after=2024-01-11T00:00:00+00:00
[2024-01-11T20:43:23.519+0200] {processor.py:183} INFO - Processing /Users/angel.georgiev/VsCodeProjects/PythonExamples/.venv/lib/python3.10/site-packages/airflow/example_dags/tutorial.py took 0.242 seconds
[2024-01-11T20:45:38.074+0200] {processor.py:161} INFO - Started process (PID=35383) to work on /Users/angel.georgiev/VsCodeProjects/PythonExamples/.venv/lib/python3.10/site-packages/airflow/example_dags/tutorial.py
[2024-01-11T20:45:38.079+0200] {processor.py:830} INFO - Processing file /Users/angel.georgiev/VsCodeProjects/PythonExamples/.venv/lib/python3.10/site-packages/airflow/example_dags/tutorial.py for tasks to queue
[2024-01-11T20:45:38.079+0200] {logging_mixin.py:188} INFO - [2024-01-11T20:45:38.079+0200] {dagbag.py:538} INFO - Filling up the DagBag from /Users/angel.georgiev/VsCodeProjects/PythonExamples/.venv/lib/python3.10/site-packages/airflow/example_dags/tutorial.py
[2024-01-11T20:45:38.090+0200] {processor.py:840} INFO - DAG(s) 'tutorial' retrieved from /Users/angel.georgiev/VsCodeProjects/PythonExamples/.venv/lib/python3.10/site-packages/airflow/example_dags/tutorial.py
[2024-01-11T20:45:38.248+0200] {logging_mixin.py:188} INFO - [2024-01-11T20:45:38.247+0200] {dag.py:3033} INFO - Sync 1 DAGs
[2024-01-11T20:45:38.262+0200] {logging_mixin.py:188} INFO - [2024-01-11T20:45:38.262+0200] {dag.py:3820} INFO - Setting next_dagrun for tutorial to 2024-01-10T00:00:00+00:00, run_after=2024-01-11T00:00:00+00:00
[2024-01-11T20:45:38.280+0200] {processor.py:183} INFO - Processing /Users/angel.georgiev/VsCodeProjects/PythonExamples/.venv/lib/python3.10/site-packages/airflow/example_dags/tutorial.py took 0.208 seconds
[2024-01-11T20:47:38.675+0200] {processor.py:161} INFO - Started process (PID=35465) to work on /Users/angel.georgiev/VsCodeProjects/PythonExamples/.venv/lib/python3.10/site-packages/airflow/example_dags/tutorial.py
[2024-01-11T20:47:38.679+0200] {processor.py:830} INFO - Processing file /Users/angel.georgiev/VsCodeProjects/PythonExamples/.venv/lib/python3.10/site-packages/airflow/example_dags/tutorial.py for tasks to queue
[2024-01-11T20:47:38.680+0200] {logging_mixin.py:188} INFO - [2024-01-11T20:47:38.679+0200] {dagbag.py:538} INFO - Filling up the DagBag from /Users/angel.georgiev/VsCodeProjects/PythonExamples/.venv/lib/python3.10/site-packages/airflow/example_dags/tutorial.py
[2024-01-11T20:47:38.691+0200] {processor.py:840} INFO - DAG(s) 'tutorial' retrieved from /Users/angel.georgiev/VsCodeProjects/PythonExamples/.venv/lib/python3.10/site-packages/airflow/example_dags/tutorial.py
[2024-01-11T20:47:38.837+0200] {logging_mixin.py:188} INFO - [2024-01-11T20:47:38.837+0200] {dag.py:3033} INFO - Sync 1 DAGs
[2024-01-11T20:47:38.851+0200] {logging_mixin.py:188} INFO - [2024-01-11T20:47:38.851+0200] {dag.py:3820} INFO - Setting next_dagrun for tutorial to 2024-01-10T00:00:00+00:00, run_after=2024-01-11T00:00:00+00:00
[2024-01-11T20:47:38.869+0200] {processor.py:183} INFO - Processing /Users/angel.georgiev/VsCodeProjects/PythonExamples/.venv/lib/python3.10/site-packages/airflow/example_dags/tutorial.py took 0.196 seconds
[2024-01-11T20:49:33.960+0200] {processor.py:161} INFO - Started process (PID=35652) to work on /Users/angel.georgiev/VsCodeProjects/PythonExamples/.venv/lib/python3.10/site-packages/airflow/example_dags/tutorial.py
[2024-01-11T20:49:33.965+0200] {processor.py:830} INFO - Processing file /Users/angel.georgiev/VsCodeProjects/PythonExamples/.venv/lib/python3.10/site-packages/airflow/example_dags/tutorial.py for tasks to queue
[2024-01-11T20:49:33.965+0200] {logging_mixin.py:188} INFO - [2024-01-11T20:49:33.965+0200] {dagbag.py:538} INFO - Filling up the DagBag from /Users/angel.georgiev/VsCodeProjects/PythonExamples/.venv/lib/python3.10/site-packages/airflow/example_dags/tutorial.py
[2024-01-11T20:49:33.977+0200] {processor.py:840} INFO - DAG(s) 'tutorial' retrieved from /Users/angel.georgiev/VsCodeProjects/PythonExamples/.venv/lib/python3.10/site-packages/airflow/example_dags/tutorial.py
[2024-01-11T20:49:34.119+0200] {logging_mixin.py:188} INFO - [2024-01-11T20:49:34.119+0200] {dag.py:3033} INFO - Sync 1 DAGs
[2024-01-11T20:49:34.132+0200] {logging_mixin.py:188} INFO - [2024-01-11T20:49:34.132+0200] {dag.py:3820} INFO - Setting next_dagrun for tutorial to 2024-01-10T00:00:00+00:00, run_after=2024-01-11T00:00:00+00:00
[2024-01-11T20:49:34.150+0200] {processor.py:183} INFO - Processing /Users/angel.georgiev/VsCodeProjects/PythonExamples/.venv/lib/python3.10/site-packages/airflow/example_dags/tutorial.py took 0.190 seconds
[2024-01-11T20:51:26.532+0200] {processor.py:161} INFO - Started process (PID=35749) to work on /Users/angel.georgiev/VsCodeProjects/PythonExamples/.venv/lib/python3.10/site-packages/airflow/example_dags/tutorial.py
[2024-01-11T20:51:26.536+0200] {processor.py:830} INFO - Processing file /Users/angel.georgiev/VsCodeProjects/PythonExamples/.venv/lib/python3.10/site-packages/airflow/example_dags/tutorial.py for tasks to queue
[2024-01-11T20:51:26.536+0200] {logging_mixin.py:188} INFO - [2024-01-11T20:51:26.536+0200] {dagbag.py:538} INFO - Filling up the DagBag from /Users/angel.georgiev/VsCodeProjects/PythonExamples/.venv/lib/python3.10/site-packages/airflow/example_dags/tutorial.py
[2024-01-11T20:51:26.546+0200] {processor.py:840} INFO - DAG(s) 'tutorial' retrieved from /Users/angel.georgiev/VsCodeProjects/PythonExamples/.venv/lib/python3.10/site-packages/airflow/example_dags/tutorial.py
[2024-01-11T20:51:26.683+0200] {logging_mixin.py:188} INFO - [2024-01-11T20:51:26.683+0200] {dag.py:3033} INFO - Sync 1 DAGs
[2024-01-11T20:51:26.697+0200] {logging_mixin.py:188} INFO - [2024-01-11T20:51:26.697+0200] {dag.py:3820} INFO - Setting next_dagrun for tutorial to 2024-01-10T00:00:00+00:00, run_after=2024-01-11T00:00:00+00:00
[2024-01-11T20:51:26.713+0200] {processor.py:183} INFO - Processing /Users/angel.georgiev/VsCodeProjects/PythonExamples/.venv/lib/python3.10/site-packages/airflow/example_dags/tutorial.py took 0.182 seconds
[2024-01-11T20:53:22.512+0200] {processor.py:161} INFO - Started process (PID=35832) to work on /Users/angel.georgiev/VsCodeProjects/PythonExamples/.venv/lib/python3.10/site-packages/airflow/example_dags/tutorial.py
[2024-01-11T20:53:22.516+0200] {processor.py:830} INFO - Processing file /Users/angel.georgiev/VsCodeProjects/PythonExamples/.venv/lib/python3.10/site-packages/airflow/example_dags/tutorial.py for tasks to queue
[2024-01-11T20:53:22.517+0200] {logging_mixin.py:188} INFO - [2024-01-11T20:53:22.517+0200] {dagbag.py:538} INFO - Filling up the DagBag from /Users/angel.georgiev/VsCodeProjects/PythonExamples/.venv/lib/python3.10/site-packages/airflow/example_dags/tutorial.py
[2024-01-11T20:53:22.528+0200] {processor.py:840} INFO - DAG(s) 'tutorial' retrieved from /Users/angel.georgiev/VsCodeProjects/PythonExamples/.venv/lib/python3.10/site-packages/airflow/example_dags/tutorial.py
[2024-01-11T20:53:22.673+0200] {logging_mixin.py:188} INFO - [2024-01-11T20:53:22.672+0200] {dag.py:3033} INFO - Sync 1 DAGs
[2024-01-11T20:53:22.687+0200] {logging_mixin.py:188} INFO - [2024-01-11T20:53:22.687+0200] {dag.py:3820} INFO - Setting next_dagrun for tutorial to 2024-01-10T00:00:00+00:00, run_after=2024-01-11T00:00:00+00:00
[2024-01-11T20:53:22.704+0200] {processor.py:183} INFO - Processing /Users/angel.georgiev/VsCodeProjects/PythonExamples/.venv/lib/python3.10/site-packages/airflow/example_dags/tutorial.py took 0.194 seconds
[2024-01-11T20:55:39.166+0200] {processor.py:161} INFO - Started process (PID=36065) to work on /Users/angel.georgiev/VsCodeProjects/PythonExamples/.venv/lib/python3.10/site-packages/airflow/example_dags/tutorial.py
[2024-01-11T20:55:39.171+0200] {processor.py:830} INFO - Processing file /Users/angel.georgiev/VsCodeProjects/PythonExamples/.venv/lib/python3.10/site-packages/airflow/example_dags/tutorial.py for tasks to queue
[2024-01-11T20:55:39.172+0200] {logging_mixin.py:188} INFO - [2024-01-11T20:55:39.172+0200] {dagbag.py:538} INFO - Filling up the DagBag from /Users/angel.georgiev/VsCodeProjects/PythonExamples/.venv/lib/python3.10/site-packages/airflow/example_dags/tutorial.py
[2024-01-11T20:55:39.186+0200] {processor.py:840} INFO - DAG(s) 'tutorial' retrieved from /Users/angel.georgiev/VsCodeProjects/PythonExamples/.venv/lib/python3.10/site-packages/airflow/example_dags/tutorial.py
[2024-01-11T20:55:39.350+0200] {logging_mixin.py:188} INFO - [2024-01-11T20:55:39.350+0200] {dag.py:3033} INFO - Sync 1 DAGs
[2024-01-11T20:55:39.367+0200] {logging_mixin.py:188} INFO - [2024-01-11T20:55:39.367+0200] {dag.py:3820} INFO - Setting next_dagrun for tutorial to 2024-01-10T00:00:00+00:00, run_after=2024-01-11T00:00:00+00:00
[2024-01-11T20:55:39.391+0200] {processor.py:183} INFO - Processing /Users/angel.georgiev/VsCodeProjects/PythonExamples/.venv/lib/python3.10/site-packages/airflow/example_dags/tutorial.py took 0.226 seconds
[2024-01-11T20:58:08.816+0200] {processor.py:161} INFO - Started process (PID=36152) to work on /Users/angel.georgiev/VsCodeProjects/PythonExamples/.venv/lib/python3.10/site-packages/airflow/example_dags/tutorial.py
[2024-01-11T20:58:08.821+0200] {processor.py:830} INFO - Processing file /Users/angel.georgiev/VsCodeProjects/PythonExamples/.venv/lib/python3.10/site-packages/airflow/example_dags/tutorial.py for tasks to queue
[2024-01-11T20:58:08.822+0200] {logging_mixin.py:188} INFO - [2024-01-11T20:58:08.822+0200] {dagbag.py:538} INFO - Filling up the DagBag from /Users/angel.georgiev/VsCodeProjects/PythonExamples/.venv/lib/python3.10/site-packages/airflow/example_dags/tutorial.py
[2024-01-11T20:58:08.835+0200] {processor.py:840} INFO - DAG(s) 'tutorial' retrieved from /Users/angel.georgiev/VsCodeProjects/PythonExamples/.venv/lib/python3.10/site-packages/airflow/example_dags/tutorial.py
[2024-01-11T20:58:09.000+0200] {logging_mixin.py:188} INFO - [2024-01-11T20:58:09.000+0200] {dag.py:3033} INFO - Sync 1 DAGs
[2024-01-11T20:58:09.017+0200] {logging_mixin.py:188} INFO - [2024-01-11T20:58:09.017+0200] {dag.py:3820} INFO - Setting next_dagrun for tutorial to 2024-01-10T00:00:00+00:00, run_after=2024-01-11T00:00:00+00:00
[2024-01-11T20:58:09.042+0200] {processor.py:183} INFO - Processing /Users/angel.georgiev/VsCodeProjects/PythonExamples/.venv/lib/python3.10/site-packages/airflow/example_dags/tutorial.py took 0.228 seconds
