[2024-01-11T20:12:27.765+0200] {processor.py:161} INFO - Started process (PID=33093) to work on /Users/angel.georgiev/VsCodeProjects/PythonExamples/.venv/lib/python3.10/site-packages/airflow/example_dags/tutorial_dag.py
[2024-01-11T20:12:27.770+0200] {processor.py:830} INFO - Processing file /Users/angel.georgiev/VsCodeProjects/PythonExamples/.venv/lib/python3.10/site-packages/airflow/example_dags/tutorial_dag.py for tasks to queue
[2024-01-11T20:12:27.770+0200] {logging_mixin.py:188} INFO - [2024-01-11T20:12:27.770+0200] {dagbag.py:538} INFO - Filling up the DagBag from /Users/angel.georgiev/VsCodeProjects/PythonExamples/.venv/lib/python3.10/site-packages/airflow/example_dags/tutorial_dag.py
[2024-01-11T20:12:27.843+0200] {processor.py:840} INFO - DAG(s) 'tutorial_dag' retrieved from /Users/angel.georgiev/VsCodeProjects/PythonExamples/.venv/lib/python3.10/site-packages/airflow/example_dags/tutorial_dag.py
[2024-01-11T20:12:28.277+0200] {logging_mixin.py:188} INFO - [2024-01-11T20:12:28.276+0200] {dag.py:3033} INFO - Sync 1 DAGs
[2024-01-11T20:12:28.291+0200] {logging_mixin.py:188} INFO - [2024-01-11T20:12:28.290+0200] {dag.py:3820} INFO - Setting next_dagrun for tutorial_dag to None, run_after=None
[2024-01-11T20:12:28.339+0200] {processor.py:183} INFO - Processing /Users/angel.georgiev/VsCodeProjects/PythonExamples/.venv/lib/python3.10/site-packages/airflow/example_dags/tutorial_dag.py took 0.575 seconds
[2024-01-11T20:13:30.241+0200] {processor.py:161} INFO - Started process (PID=33195) to work on /Users/angel.georgiev/VsCodeProjects/PythonExamples/.venv/lib/python3.10/site-packages/airflow/example_dags/tutorial_dag.py
[2024-01-11T20:13:30.245+0200] {processor.py:830} INFO - Processing file /Users/angel.georgiev/VsCodeProjects/PythonExamples/.venv/lib/python3.10/site-packages/airflow/example_dags/tutorial_dag.py for tasks to queue
[2024-01-11T20:13:30.246+0200] {logging_mixin.py:188} INFO - [2024-01-11T20:13:30.245+0200] {dagbag.py:538} INFO - Filling up the DagBag from /Users/angel.georgiev/VsCodeProjects/PythonExamples/.venv/lib/python3.10/site-packages/airflow/example_dags/tutorial_dag.py
[2024-01-11T20:13:30.319+0200] {processor.py:840} INFO - DAG(s) 'tutorial_dag' retrieved from /Users/angel.georgiev/VsCodeProjects/PythonExamples/.venv/lib/python3.10/site-packages/airflow/example_dags/tutorial_dag.py
[2024-01-11T20:13:30.549+0200] {logging_mixin.py:188} INFO - [2024-01-11T20:13:30.549+0200] {dag.py:3033} INFO - Sync 1 DAGs
[2024-01-11T20:13:30.556+0200] {logging_mixin.py:188} INFO - [2024-01-11T20:13:30.555+0200] {dag.py:3820} INFO - Setting next_dagrun for tutorial_dag to None, run_after=None
[2024-01-11T20:13:30.575+0200] {processor.py:183} INFO - Processing /Users/angel.georgiev/VsCodeProjects/PythonExamples/.venv/lib/python3.10/site-packages/airflow/example_dags/tutorial_dag.py took 0.336 seconds
[2024-01-11T20:16:37.082+0200] {processor.py:161} INFO - Started process (PID=33472) to work on /Users/angel.georgiev/VsCodeProjects/PythonExamples/.venv/lib/python3.10/site-packages/airflow/example_dags/tutorial_dag.py
[2024-01-11T20:16:37.087+0200] {processor.py:830} INFO - Processing file /Users/angel.georgiev/VsCodeProjects/PythonExamples/.venv/lib/python3.10/site-packages/airflow/example_dags/tutorial_dag.py for tasks to queue
[2024-01-11T20:16:37.087+0200] {logging_mixin.py:188} INFO - [2024-01-11T20:16:37.087+0200] {dagbag.py:538} INFO - Filling up the DagBag from /Users/angel.georgiev/VsCodeProjects/PythonExamples/.venv/lib/python3.10/site-packages/airflow/example_dags/tutorial_dag.py
[2024-01-11T20:16:37.163+0200] {processor.py:840} INFO - DAG(s) 'tutorial_dag' retrieved from /Users/angel.georgiev/VsCodeProjects/PythonExamples/.venv/lib/python3.10/site-packages/airflow/example_dags/tutorial_dag.py
[2024-01-11T20:16:37.272+0200] {logging_mixin.py:188} INFO - [2024-01-11T20:16:37.271+0200] {dag.py:3033} INFO - Sync 1 DAGs
[2024-01-11T20:16:37.280+0200] {logging_mixin.py:188} INFO - [2024-01-11T20:16:37.280+0200] {dag.py:3820} INFO - Setting next_dagrun for tutorial_dag to None, run_after=None
[2024-01-11T20:16:37.303+0200] {processor.py:183} INFO - Processing /Users/angel.georgiev/VsCodeProjects/PythonExamples/.venv/lib/python3.10/site-packages/airflow/example_dags/tutorial_dag.py took 0.223 seconds
[2024-01-11T20:19:03.235+0200] {processor.py:161} INFO - Started process (PID=33587) to work on /Users/angel.georgiev/VsCodeProjects/PythonExamples/.venv/lib/python3.10/site-packages/airflow/example_dags/tutorial_dag.py
[2024-01-11T20:19:03.241+0200] {processor.py:830} INFO - Processing file /Users/angel.georgiev/VsCodeProjects/PythonExamples/.venv/lib/python3.10/site-packages/airflow/example_dags/tutorial_dag.py for tasks to queue
[2024-01-11T20:19:03.241+0200] {logging_mixin.py:188} INFO - [2024-01-11T20:19:03.241+0200] {dagbag.py:538} INFO - Filling up the DagBag from /Users/angel.georgiev/VsCodeProjects/PythonExamples/.venv/lib/python3.10/site-packages/airflow/example_dags/tutorial_dag.py
[2024-01-11T20:19:03.318+0200] {processor.py:840} INFO - DAG(s) 'tutorial_dag' retrieved from /Users/angel.georgiev/VsCodeProjects/PythonExamples/.venv/lib/python3.10/site-packages/airflow/example_dags/tutorial_dag.py
[2024-01-11T20:19:03.427+0200] {logging_mixin.py:188} INFO - [2024-01-11T20:19:03.426+0200] {dag.py:3033} INFO - Sync 1 DAGs
[2024-01-11T20:19:03.436+0200] {logging_mixin.py:188} INFO - [2024-01-11T20:19:03.436+0200] {dag.py:3820} INFO - Setting next_dagrun for tutorial_dag to None, run_after=None
[2024-01-11T20:19:03.456+0200] {processor.py:183} INFO - Processing /Users/angel.georgiev/VsCodeProjects/PythonExamples/.venv/lib/python3.10/site-packages/airflow/example_dags/tutorial_dag.py took 0.223 seconds
[2024-01-11T20:21:30.262+0200] {processor.py:161} INFO - Started process (PID=33778) to work on /Users/angel.georgiev/VsCodeProjects/PythonExamples/.venv/lib/python3.10/site-packages/airflow/example_dags/tutorial_dag.py
[2024-01-11T20:21:30.267+0200] {processor.py:830} INFO - Processing file /Users/angel.georgiev/VsCodeProjects/PythonExamples/.venv/lib/python3.10/site-packages/airflow/example_dags/tutorial_dag.py for tasks to queue
[2024-01-11T20:21:30.267+0200] {logging_mixin.py:188} INFO - [2024-01-11T20:21:30.267+0200] {dagbag.py:538} INFO - Filling up the DagBag from /Users/angel.georgiev/VsCodeProjects/PythonExamples/.venv/lib/python3.10/site-packages/airflow/example_dags/tutorial_dag.py
[2024-01-11T20:21:30.345+0200] {processor.py:840} INFO - DAG(s) 'tutorial_dag' retrieved from /Users/angel.georgiev/VsCodeProjects/PythonExamples/.venv/lib/python3.10/site-packages/airflow/example_dags/tutorial_dag.py
[2024-01-11T20:21:30.451+0200] {logging_mixin.py:188} INFO - [2024-01-11T20:21:30.451+0200] {dag.py:3033} INFO - Sync 1 DAGs
[2024-01-11T20:21:30.459+0200] {logging_mixin.py:188} INFO - [2024-01-11T20:21:30.458+0200] {dag.py:3820} INFO - Setting next_dagrun for tutorial_dag to None, run_after=None
[2024-01-11T20:21:30.512+0200] {processor.py:183} INFO - Processing /Users/angel.georgiev/VsCodeProjects/PythonExamples/.venv/lib/python3.10/site-packages/airflow/example_dags/tutorial_dag.py took 0.251 seconds
[2024-01-11T20:23:43.355+0200] {processor.py:161} INFO - Started process (PID=33886) to work on /Users/angel.georgiev/VsCodeProjects/PythonExamples/.venv/lib/python3.10/site-packages/airflow/example_dags/tutorial_dag.py
[2024-01-11T20:23:43.360+0200] {processor.py:830} INFO - Processing file /Users/angel.georgiev/VsCodeProjects/PythonExamples/.venv/lib/python3.10/site-packages/airflow/example_dags/tutorial_dag.py for tasks to queue
[2024-01-11T20:23:43.360+0200] {logging_mixin.py:188} INFO - [2024-01-11T20:23:43.360+0200] {dagbag.py:538} INFO - Filling up the DagBag from /Users/angel.georgiev/VsCodeProjects/PythonExamples/.venv/lib/python3.10/site-packages/airflow/example_dags/tutorial_dag.py
[2024-01-11T20:23:43.437+0200] {processor.py:840} INFO - DAG(s) 'tutorial_dag' retrieved from /Users/angel.georgiev/VsCodeProjects/PythonExamples/.venv/lib/python3.10/site-packages/airflow/example_dags/tutorial_dag.py
[2024-01-11T20:23:43.535+0200] {logging_mixin.py:188} INFO - [2024-01-11T20:23:43.535+0200] {dag.py:3033} INFO - Sync 1 DAGs
[2024-01-11T20:23:43.543+0200] {logging_mixin.py:188} INFO - [2024-01-11T20:23:43.543+0200] {dag.py:3820} INFO - Setting next_dagrun for tutorial_dag to None, run_after=None
[2024-01-11T20:23:43.565+0200] {processor.py:183} INFO - Processing /Users/angel.georgiev/VsCodeProjects/PythonExamples/.venv/lib/python3.10/site-packages/airflow/example_dags/tutorial_dag.py took 0.211 seconds
[2024-01-11T20:26:00.982+0200] {processor.py:161} INFO - Started process (PID=34097) to work on /Users/angel.georgiev/VsCodeProjects/PythonExamples/.venv/lib/python3.10/site-packages/airflow/example_dags/tutorial_dag.py
[2024-01-11T20:26:00.987+0200] {processor.py:830} INFO - Processing file /Users/angel.georgiev/VsCodeProjects/PythonExamples/.venv/lib/python3.10/site-packages/airflow/example_dags/tutorial_dag.py for tasks to queue
[2024-01-11T20:26:00.987+0200] {logging_mixin.py:188} INFO - [2024-01-11T20:26:00.987+0200] {dagbag.py:538} INFO - Filling up the DagBag from /Users/angel.georgiev/VsCodeProjects/PythonExamples/.venv/lib/python3.10/site-packages/airflow/example_dags/tutorial_dag.py
[2024-01-11T20:26:01.060+0200] {processor.py:840} INFO - DAG(s) 'tutorial_dag' retrieved from /Users/angel.georgiev/VsCodeProjects/PythonExamples/.venv/lib/python3.10/site-packages/airflow/example_dags/tutorial_dag.py
[2024-01-11T20:26:01.153+0200] {logging_mixin.py:188} INFO - [2024-01-11T20:26:01.153+0200] {dag.py:3033} INFO - Sync 1 DAGs
[2024-01-11T20:26:01.161+0200] {logging_mixin.py:188} INFO - [2024-01-11T20:26:01.160+0200] {dag.py:3820} INFO - Setting next_dagrun for tutorial_dag to None, run_after=None
[2024-01-11T20:26:01.181+0200] {processor.py:183} INFO - Processing /Users/angel.georgiev/VsCodeProjects/PythonExamples/.venv/lib/python3.10/site-packages/airflow/example_dags/tutorial_dag.py took 0.200 seconds
[2024-01-11T20:28:39.262+0200] {processor.py:161} INFO - Started process (PID=34221) to work on /Users/angel.georgiev/VsCodeProjects/PythonExamples/.venv/lib/python3.10/site-packages/airflow/example_dags/tutorial_dag.py
[2024-01-11T20:28:39.266+0200] {processor.py:830} INFO - Processing file /Users/angel.georgiev/VsCodeProjects/PythonExamples/.venv/lib/python3.10/site-packages/airflow/example_dags/tutorial_dag.py for tasks to queue
[2024-01-11T20:28:39.267+0200] {logging_mixin.py:188} INFO - [2024-01-11T20:28:39.267+0200] {dagbag.py:538} INFO - Filling up the DagBag from /Users/angel.georgiev/VsCodeProjects/PythonExamples/.venv/lib/python3.10/site-packages/airflow/example_dags/tutorial_dag.py
[2024-01-11T20:28:39.349+0200] {processor.py:840} INFO - DAG(s) 'tutorial_dag' retrieved from /Users/angel.georgiev/VsCodeProjects/PythonExamples/.venv/lib/python3.10/site-packages/airflow/example_dags/tutorial_dag.py
[2024-01-11T20:28:39.453+0200] {logging_mixin.py:188} INFO - [2024-01-11T20:28:39.453+0200] {dag.py:3033} INFO - Sync 1 DAGs
[2024-01-11T20:28:39.461+0200] {logging_mixin.py:188} INFO - [2024-01-11T20:28:39.461+0200] {dag.py:3820} INFO - Setting next_dagrun for tutorial_dag to None, run_after=None
[2024-01-11T20:28:39.481+0200] {processor.py:183} INFO - Processing /Users/angel.georgiev/VsCodeProjects/PythonExamples/.venv/lib/python3.10/site-packages/airflow/example_dags/tutorial_dag.py took 0.221 seconds
[2024-01-11T20:31:08.819+0200] {processor.py:161} INFO - Started process (PID=34406) to work on /Users/angel.georgiev/VsCodeProjects/PythonExamples/.venv/lib/python3.10/site-packages/airflow/example_dags/tutorial_dag.py
[2024-01-11T20:31:08.824+0200] {processor.py:830} INFO - Processing file /Users/angel.georgiev/VsCodeProjects/PythonExamples/.venv/lib/python3.10/site-packages/airflow/example_dags/tutorial_dag.py for tasks to queue
[2024-01-11T20:31:08.824+0200] {logging_mixin.py:188} INFO - [2024-01-11T20:31:08.824+0200] {dagbag.py:538} INFO - Filling up the DagBag from /Users/angel.georgiev/VsCodeProjects/PythonExamples/.venv/lib/python3.10/site-packages/airflow/example_dags/tutorial_dag.py
[2024-01-11T20:31:08.903+0200] {processor.py:840} INFO - DAG(s) 'tutorial_dag' retrieved from /Users/angel.georgiev/VsCodeProjects/PythonExamples/.venv/lib/python3.10/site-packages/airflow/example_dags/tutorial_dag.py
[2024-01-11T20:31:09.007+0200] {logging_mixin.py:188} INFO - [2024-01-11T20:31:09.006+0200] {dag.py:3033} INFO - Sync 1 DAGs
[2024-01-11T20:31:09.015+0200] {logging_mixin.py:188} INFO - [2024-01-11T20:31:09.015+0200] {dag.py:3820} INFO - Setting next_dagrun for tutorial_dag to None, run_after=None
[2024-01-11T20:31:09.034+0200] {processor.py:183} INFO - Processing /Users/angel.georgiev/VsCodeProjects/PythonExamples/.venv/lib/python3.10/site-packages/airflow/example_dags/tutorial_dag.py took 0.217 seconds
[2024-01-11T20:34:03.306+0200] {processor.py:161} INFO - Started process (PID=34558) to work on /Users/angel.georgiev/VsCodeProjects/PythonExamples/.venv/lib/python3.10/site-packages/airflow/example_dags/tutorial_dag.py
[2024-01-11T20:34:03.321+0200] {processor.py:830} INFO - Processing file /Users/angel.georgiev/VsCodeProjects/PythonExamples/.venv/lib/python3.10/site-packages/airflow/example_dags/tutorial_dag.py for tasks to queue
[2024-01-11T20:34:03.322+0200] {logging_mixin.py:188} INFO - [2024-01-11T20:34:03.321+0200] {dagbag.py:538} INFO - Filling up the DagBag from /Users/angel.georgiev/VsCodeProjects/PythonExamples/.venv/lib/python3.10/site-packages/airflow/example_dags/tutorial_dag.py
[2024-01-11T20:34:03.494+0200] {processor.py:840} INFO - DAG(s) 'tutorial_dag' retrieved from /Users/angel.georgiev/VsCodeProjects/PythonExamples/.venv/lib/python3.10/site-packages/airflow/example_dags/tutorial_dag.py
[2024-01-11T20:34:03.632+0200] {logging_mixin.py:188} INFO - [2024-01-11T20:34:03.631+0200] {dag.py:3033} INFO - Sync 1 DAGs
[2024-01-11T20:34:03.641+0200] {logging_mixin.py:188} INFO - [2024-01-11T20:34:03.641+0200] {dag.py:3820} INFO - Setting next_dagrun for tutorial_dag to None, run_after=None
[2024-01-11T20:34:03.662+0200] {processor.py:183} INFO - Processing /Users/angel.georgiev/VsCodeProjects/PythonExamples/.venv/lib/python3.10/site-packages/airflow/example_dags/tutorial_dag.py took 0.358 seconds
[2024-01-11T20:37:00.213+0200] {processor.py:161} INFO - Started process (PID=34812) to work on /Users/angel.georgiev/VsCodeProjects/PythonExamples/.venv/lib/python3.10/site-packages/airflow/example_dags/tutorial_dag.py
[2024-01-11T20:37:00.219+0200] {processor.py:830} INFO - Processing file /Users/angel.georgiev/VsCodeProjects/PythonExamples/.venv/lib/python3.10/site-packages/airflow/example_dags/tutorial_dag.py for tasks to queue
[2024-01-11T20:37:00.219+0200] {logging_mixin.py:188} INFO - [2024-01-11T20:37:00.219+0200] {dagbag.py:538} INFO - Filling up the DagBag from /Users/angel.georgiev/VsCodeProjects/PythonExamples/.venv/lib/python3.10/site-packages/airflow/example_dags/tutorial_dag.py
[2024-01-11T20:37:00.299+0200] {processor.py:840} INFO - DAG(s) 'tutorial_dag' retrieved from /Users/angel.georgiev/VsCodeProjects/PythonExamples/.venv/lib/python3.10/site-packages/airflow/example_dags/tutorial_dag.py
[2024-01-11T20:37:00.418+0200] {logging_mixin.py:188} INFO - [2024-01-11T20:37:00.418+0200] {dag.py:3033} INFO - Sync 1 DAGs
[2024-01-11T20:37:00.428+0200] {logging_mixin.py:188} INFO - [2024-01-11T20:37:00.428+0200] {dag.py:3820} INFO - Setting next_dagrun for tutorial_dag to None, run_after=None
[2024-01-11T20:37:00.451+0200] {processor.py:183} INFO - Processing /Users/angel.georgiev/VsCodeProjects/PythonExamples/.venv/lib/python3.10/site-packages/airflow/example_dags/tutorial_dag.py took 0.239 seconds
[2024-01-11T20:40:08.850+0200] {processor.py:161} INFO - Started process (PID=34998) to work on /Users/angel.georgiev/VsCodeProjects/PythonExamples/.venv/lib/python3.10/site-packages/airflow/example_dags/tutorial_dag.py
[2024-01-11T20:40:08.855+0200] {processor.py:830} INFO - Processing file /Users/angel.georgiev/VsCodeProjects/PythonExamples/.venv/lib/python3.10/site-packages/airflow/example_dags/tutorial_dag.py for tasks to queue
[2024-01-11T20:40:08.855+0200] {logging_mixin.py:188} INFO - [2024-01-11T20:40:08.855+0200] {dagbag.py:538} INFO - Filling up the DagBag from /Users/angel.georgiev/VsCodeProjects/PythonExamples/.venv/lib/python3.10/site-packages/airflow/example_dags/tutorial_dag.py
[2024-01-11T20:40:08.942+0200] {processor.py:840} INFO - DAG(s) 'tutorial_dag' retrieved from /Users/angel.georgiev/VsCodeProjects/PythonExamples/.venv/lib/python3.10/site-packages/airflow/example_dags/tutorial_dag.py
[2024-01-11T20:40:09.058+0200] {logging_mixin.py:188} INFO - [2024-01-11T20:40:09.057+0200] {dag.py:3033} INFO - Sync 1 DAGs
[2024-01-11T20:40:09.066+0200] {logging_mixin.py:188} INFO - [2024-01-11T20:40:09.066+0200] {dag.py:3820} INFO - Setting next_dagrun for tutorial_dag to None, run_after=None
[2024-01-11T20:40:09.086+0200] {processor.py:183} INFO - Processing /Users/angel.georgiev/VsCodeProjects/PythonExamples/.venv/lib/python3.10/site-packages/airflow/example_dags/tutorial_dag.py took 0.238 seconds
[2024-01-11T20:43:19.378+0200] {processor.py:161} INFO - Started process (PID=35293) to work on /Users/angel.georgiev/VsCodeProjects/PythonExamples/.venv/lib/python3.10/site-packages/airflow/example_dags/tutorial_dag.py
[2024-01-11T20:43:19.387+0200] {processor.py:830} INFO - Processing file /Users/angel.georgiev/VsCodeProjects/PythonExamples/.venv/lib/python3.10/site-packages/airflow/example_dags/tutorial_dag.py for tasks to queue
[2024-01-11T20:43:19.388+0200] {logging_mixin.py:188} INFO - [2024-01-11T20:43:19.387+0200] {dagbag.py:538} INFO - Filling up the DagBag from /Users/angel.georgiev/VsCodeProjects/PythonExamples/.venv/lib/python3.10/site-packages/airflow/example_dags/tutorial_dag.py
[2024-01-11T20:43:19.476+0200] {processor.py:840} INFO - DAG(s) 'tutorial_dag' retrieved from /Users/angel.georgiev/VsCodeProjects/PythonExamples/.venv/lib/python3.10/site-packages/airflow/example_dags/tutorial_dag.py
[2024-01-11T20:43:19.598+0200] {logging_mixin.py:188} INFO - [2024-01-11T20:43:19.598+0200] {dag.py:3033} INFO - Sync 1 DAGs
[2024-01-11T20:43:19.608+0200] {logging_mixin.py:188} INFO - [2024-01-11T20:43:19.608+0200] {dag.py:3820} INFO - Setting next_dagrun for tutorial_dag to None, run_after=None
[2024-01-11T20:43:19.633+0200] {processor.py:183} INFO - Processing /Users/angel.georgiev/VsCodeProjects/PythonExamples/.venv/lib/python3.10/site-packages/airflow/example_dags/tutorial_dag.py took 0.256 seconds
[2024-01-11T20:45:35.537+0200] {processor.py:161} INFO - Started process (PID=35382) to work on /Users/angel.georgiev/VsCodeProjects/PythonExamples/.venv/lib/python3.10/site-packages/airflow/example_dags/tutorial_dag.py
[2024-01-11T20:45:35.541+0200] {processor.py:830} INFO - Processing file /Users/angel.georgiev/VsCodeProjects/PythonExamples/.venv/lib/python3.10/site-packages/airflow/example_dags/tutorial_dag.py for tasks to queue
[2024-01-11T20:45:35.542+0200] {logging_mixin.py:188} INFO - [2024-01-11T20:45:35.541+0200] {dagbag.py:538} INFO - Filling up the DagBag from /Users/angel.georgiev/VsCodeProjects/PythonExamples/.venv/lib/python3.10/site-packages/airflow/example_dags/tutorial_dag.py
[2024-01-11T20:45:35.617+0200] {processor.py:840} INFO - DAG(s) 'tutorial_dag' retrieved from /Users/angel.georgiev/VsCodeProjects/PythonExamples/.venv/lib/python3.10/site-packages/airflow/example_dags/tutorial_dag.py
[2024-01-11T20:45:35.719+0200] {logging_mixin.py:188} INFO - [2024-01-11T20:45:35.719+0200] {dag.py:3033} INFO - Sync 1 DAGs
[2024-01-11T20:45:35.726+0200] {logging_mixin.py:188} INFO - [2024-01-11T20:45:35.726+0200] {dag.py:3820} INFO - Setting next_dagrun for tutorial_dag to None, run_after=None
[2024-01-11T20:45:35.744+0200] {processor.py:183} INFO - Processing /Users/angel.georgiev/VsCodeProjects/PythonExamples/.venv/lib/python3.10/site-packages/airflow/example_dags/tutorial_dag.py took 0.209 seconds
[2024-01-11T20:47:35.591+0200] {processor.py:161} INFO - Started process (PID=35462) to work on /Users/angel.georgiev/VsCodeProjects/PythonExamples/.venv/lib/python3.10/site-packages/airflow/example_dags/tutorial_dag.py
[2024-01-11T20:47:35.596+0200] {processor.py:830} INFO - Processing file /Users/angel.georgiev/VsCodeProjects/PythonExamples/.venv/lib/python3.10/site-packages/airflow/example_dags/tutorial_dag.py for tasks to queue
[2024-01-11T20:47:35.596+0200] {logging_mixin.py:188} INFO - [2024-01-11T20:47:35.596+0200] {dagbag.py:538} INFO - Filling up the DagBag from /Users/angel.georgiev/VsCodeProjects/PythonExamples/.venv/lib/python3.10/site-packages/airflow/example_dags/tutorial_dag.py
[2024-01-11T20:47:35.670+0200] {processor.py:840} INFO - DAG(s) 'tutorial_dag' retrieved from /Users/angel.georgiev/VsCodeProjects/PythonExamples/.venv/lib/python3.10/site-packages/airflow/example_dags/tutorial_dag.py
[2024-01-11T20:47:35.768+0200] {logging_mixin.py:188} INFO - [2024-01-11T20:47:35.768+0200] {dag.py:3033} INFO - Sync 1 DAGs
[2024-01-11T20:47:35.776+0200] {logging_mixin.py:188} INFO - [2024-01-11T20:47:35.776+0200] {dag.py:3820} INFO - Setting next_dagrun for tutorial_dag to None, run_after=None
[2024-01-11T20:47:35.793+0200] {processor.py:183} INFO - Processing /Users/angel.georgiev/VsCodeProjects/PythonExamples/.venv/lib/python3.10/site-packages/airflow/example_dags/tutorial_dag.py took 0.203 seconds
[2024-01-11T20:49:30.686+0200] {processor.py:161} INFO - Started process (PID=35641) to work on /Users/angel.georgiev/VsCodeProjects/PythonExamples/.venv/lib/python3.10/site-packages/airflow/example_dags/tutorial_dag.py
[2024-01-11T20:49:30.691+0200] {processor.py:830} INFO - Processing file /Users/angel.georgiev/VsCodeProjects/PythonExamples/.venv/lib/python3.10/site-packages/airflow/example_dags/tutorial_dag.py for tasks to queue
[2024-01-11T20:49:30.692+0200] {logging_mixin.py:188} INFO - [2024-01-11T20:49:30.691+0200] {dagbag.py:538} INFO - Filling up the DagBag from /Users/angel.georgiev/VsCodeProjects/PythonExamples/.venv/lib/python3.10/site-packages/airflow/example_dags/tutorial_dag.py
[2024-01-11T20:49:30.784+0200] {processor.py:840} INFO - DAG(s) 'tutorial_dag' retrieved from /Users/angel.georgiev/VsCodeProjects/PythonExamples/.venv/lib/python3.10/site-packages/airflow/example_dags/tutorial_dag.py
[2024-01-11T20:49:30.929+0200] {logging_mixin.py:188} INFO - [2024-01-11T20:49:30.929+0200] {dag.py:3033} INFO - Sync 1 DAGs
[2024-01-11T20:49:30.939+0200] {logging_mixin.py:188} INFO - [2024-01-11T20:49:30.939+0200] {dag.py:3820} INFO - Setting next_dagrun for tutorial_dag to None, run_after=None
[2024-01-11T20:49:30.959+0200] {processor.py:183} INFO - Processing /Users/angel.georgiev/VsCodeProjects/PythonExamples/.venv/lib/python3.10/site-packages/airflow/example_dags/tutorial_dag.py took 0.274 seconds
[2024-01-11T20:51:23.502+0200] {processor.py:161} INFO - Started process (PID=35748) to work on /Users/angel.georgiev/VsCodeProjects/PythonExamples/.venv/lib/python3.10/site-packages/airflow/example_dags/tutorial_dag.py
[2024-01-11T20:51:23.513+0200] {processor.py:830} INFO - Processing file /Users/angel.georgiev/VsCodeProjects/PythonExamples/.venv/lib/python3.10/site-packages/airflow/example_dags/tutorial_dag.py for tasks to queue
[2024-01-11T20:51:23.515+0200] {logging_mixin.py:188} INFO - [2024-01-11T20:51:23.514+0200] {dagbag.py:538} INFO - Filling up the DagBag from /Users/angel.georgiev/VsCodeProjects/PythonExamples/.venv/lib/python3.10/site-packages/airflow/example_dags/tutorial_dag.py
[2024-01-11T20:51:23.618+0200] {processor.py:840} INFO - DAG(s) 'tutorial_dag' retrieved from /Users/angel.georgiev/VsCodeProjects/PythonExamples/.venv/lib/python3.10/site-packages/airflow/example_dags/tutorial_dag.py
[2024-01-11T20:51:23.709+0200] {logging_mixin.py:188} INFO - [2024-01-11T20:51:23.709+0200] {dag.py:3033} INFO - Sync 1 DAGs
[2024-01-11T20:51:23.716+0200] {logging_mixin.py:188} INFO - [2024-01-11T20:51:23.716+0200] {dag.py:3820} INFO - Setting next_dagrun for tutorial_dag to None, run_after=None
[2024-01-11T20:51:23.735+0200] {processor.py:183} INFO - Processing /Users/angel.georgiev/VsCodeProjects/PythonExamples/.venv/lib/python3.10/site-packages/airflow/example_dags/tutorial_dag.py took 0.233 seconds
[2024-01-11T20:53:18.905+0200] {processor.py:161} INFO - Started process (PID=35831) to work on /Users/angel.georgiev/VsCodeProjects/PythonExamples/.venv/lib/python3.10/site-packages/airflow/example_dags/tutorial_dag.py
[2024-01-11T20:53:18.910+0200] {processor.py:830} INFO - Processing file /Users/angel.georgiev/VsCodeProjects/PythonExamples/.venv/lib/python3.10/site-packages/airflow/example_dags/tutorial_dag.py for tasks to queue
[2024-01-11T20:53:18.911+0200] {logging_mixin.py:188} INFO - [2024-01-11T20:53:18.910+0200] {dagbag.py:538} INFO - Filling up the DagBag from /Users/angel.georgiev/VsCodeProjects/PythonExamples/.venv/lib/python3.10/site-packages/airflow/example_dags/tutorial_dag.py
[2024-01-11T20:53:18.984+0200] {processor.py:840} INFO - DAG(s) 'tutorial_dag' retrieved from /Users/angel.georgiev/VsCodeProjects/PythonExamples/.venv/lib/python3.10/site-packages/airflow/example_dags/tutorial_dag.py
[2024-01-11T20:53:19.079+0200] {logging_mixin.py:188} INFO - [2024-01-11T20:53:19.078+0200] {dag.py:3033} INFO - Sync 1 DAGs
[2024-01-11T20:53:19.086+0200] {logging_mixin.py:188} INFO - [2024-01-11T20:53:19.086+0200] {dag.py:3820} INFO - Setting next_dagrun for tutorial_dag to None, run_after=None
[2024-01-11T20:53:19.105+0200] {processor.py:183} INFO - Processing /Users/angel.georgiev/VsCodeProjects/PythonExamples/.venv/lib/python3.10/site-packages/airflow/example_dags/tutorial_dag.py took 0.201 seconds
[2024-01-11T20:55:35.379+0200] {processor.py:161} INFO - Started process (PID=36064) to work on /Users/angel.georgiev/VsCodeProjects/PythonExamples/.venv/lib/python3.10/site-packages/airflow/example_dags/tutorial_dag.py
[2024-01-11T20:55:35.385+0200] {processor.py:830} INFO - Processing file /Users/angel.georgiev/VsCodeProjects/PythonExamples/.venv/lib/python3.10/site-packages/airflow/example_dags/tutorial_dag.py for tasks to queue
[2024-01-11T20:55:35.385+0200] {logging_mixin.py:188} INFO - [2024-01-11T20:55:35.385+0200] {dagbag.py:538} INFO - Filling up the DagBag from /Users/angel.georgiev/VsCodeProjects/PythonExamples/.venv/lib/python3.10/site-packages/airflow/example_dags/tutorial_dag.py
[2024-01-11T20:55:35.499+0200] {processor.py:840} INFO - DAG(s) 'tutorial_dag' retrieved from /Users/angel.georgiev/VsCodeProjects/PythonExamples/.venv/lib/python3.10/site-packages/airflow/example_dags/tutorial_dag.py
[2024-01-11T20:55:35.646+0200] {logging_mixin.py:188} INFO - [2024-01-11T20:55:35.645+0200] {dag.py:3033} INFO - Sync 1 DAGs
[2024-01-11T20:55:35.657+0200] {logging_mixin.py:188} INFO - [2024-01-11T20:55:35.657+0200] {dag.py:3820} INFO - Setting next_dagrun for tutorial_dag to None, run_after=None
[2024-01-11T20:55:35.680+0200] {processor.py:183} INFO - Processing /Users/angel.georgiev/VsCodeProjects/PythonExamples/.venv/lib/python3.10/site-packages/airflow/example_dags/tutorial_dag.py took 0.302 seconds
[2024-01-11T20:58:04.974+0200] {processor.py:161} INFO - Started process (PID=36151) to work on /Users/angel.georgiev/VsCodeProjects/PythonExamples/.venv/lib/python3.10/site-packages/airflow/example_dags/tutorial_dag.py
[2024-01-11T20:58:04.979+0200] {processor.py:830} INFO - Processing file /Users/angel.georgiev/VsCodeProjects/PythonExamples/.venv/lib/python3.10/site-packages/airflow/example_dags/tutorial_dag.py for tasks to queue
[2024-01-11T20:58:04.979+0200] {logging_mixin.py:188} INFO - [2024-01-11T20:58:04.979+0200] {dagbag.py:538} INFO - Filling up the DagBag from /Users/angel.georgiev/VsCodeProjects/PythonExamples/.venv/lib/python3.10/site-packages/airflow/example_dags/tutorial_dag.py
[2024-01-11T20:58:05.138+0200] {processor.py:840} INFO - DAG(s) 'tutorial_dag' retrieved from /Users/angel.georgiev/VsCodeProjects/PythonExamples/.venv/lib/python3.10/site-packages/airflow/example_dags/tutorial_dag.py
[2024-01-11T20:58:05.252+0200] {logging_mixin.py:188} INFO - [2024-01-11T20:58:05.251+0200] {dag.py:3033} INFO - Sync 1 DAGs
[2024-01-11T20:58:05.261+0200] {logging_mixin.py:188} INFO - [2024-01-11T20:58:05.261+0200] {dag.py:3820} INFO - Setting next_dagrun for tutorial_dag to None, run_after=None
[2024-01-11T20:58:05.282+0200] {processor.py:183} INFO - Processing /Users/angel.georgiev/VsCodeProjects/PythonExamples/.venv/lib/python3.10/site-packages/airflow/example_dags/tutorial_dag.py took 0.309 seconds
