[2024-01-11T20:12:21.995+0200] {processor.py:161} INFO - Started process (PID=33087) to work on /Users/angel.georgiev/VsCodeProjects/PythonExamples/.venv/lib/python3.10/site-packages/airflow/example_dags/tutorial_taskflow_api.py
[2024-01-11T20:12:22.009+0200] {processor.py:830} INFO - Processing file /Users/angel.georgiev/VsCodeProjects/PythonExamples/.venv/lib/python3.10/site-packages/airflow/example_dags/tutorial_taskflow_api.py for tasks to queue
[2024-01-11T20:12:22.010+0200] {logging_mixin.py:188} INFO - [2024-01-11T20:12:22.010+0200] {dagbag.py:538} INFO - Filling up the DagBag from /Users/angel.georgiev/VsCodeProjects/PythonExamples/.venv/lib/python3.10/site-packages/airflow/example_dags/tutorial_taskflow_api.py
[2024-01-11T20:12:22.116+0200] {processor.py:840} INFO - DAG(s) 'tutorial_taskflow_api' retrieved from /Users/angel.georgiev/VsCodeProjects/PythonExamples/.venv/lib/python3.10/site-packages/airflow/example_dags/tutorial_taskflow_api.py
[2024-01-11T20:12:22.130+0200] {logging_mixin.py:188} INFO - [2024-01-11T20:12:22.130+0200] {dag.py:3033} INFO - Sync 1 DAGs
[2024-01-11T20:12:22.205+0200] {logging_mixin.py:188} INFO - [2024-01-11T20:12:22.205+0200] {dag.py:3820} INFO - Setting next_dagrun for tutorial_taskflow_api to None, run_after=None
[2024-01-11T20:12:22.223+0200] {processor.py:183} INFO - Processing /Users/angel.georgiev/VsCodeProjects/PythonExamples/.venv/lib/python3.10/site-packages/airflow/example_dags/tutorial_taskflow_api.py took 0.229 seconds
[2024-01-11T20:13:25.039+0200] {processor.py:161} INFO - Started process (PID=33190) to work on /Users/angel.georgiev/VsCodeProjects/PythonExamples/.venv/lib/python3.10/site-packages/airflow/example_dags/tutorial_taskflow_api.py
[2024-01-11T20:13:25.043+0200] {processor.py:830} INFO - Processing file /Users/angel.georgiev/VsCodeProjects/PythonExamples/.venv/lib/python3.10/site-packages/airflow/example_dags/tutorial_taskflow_api.py for tasks to queue
[2024-01-11T20:13:25.044+0200] {logging_mixin.py:188} INFO - [2024-01-11T20:13:25.044+0200] {dagbag.py:538} INFO - Filling up the DagBag from /Users/angel.georgiev/VsCodeProjects/PythonExamples/.venv/lib/python3.10/site-packages/airflow/example_dags/tutorial_taskflow_api.py
[2024-01-11T20:13:25.130+0200] {processor.py:840} INFO - DAG(s) 'tutorial_taskflow_api' retrieved from /Users/angel.georgiev/VsCodeProjects/PythonExamples/.venv/lib/python3.10/site-packages/airflow/example_dags/tutorial_taskflow_api.py
[2024-01-11T20:13:25.146+0200] {logging_mixin.py:188} INFO - [2024-01-11T20:13:25.146+0200] {dag.py:3033} INFO - Sync 1 DAGs
[2024-01-11T20:13:25.224+0200] {logging_mixin.py:188} INFO - [2024-01-11T20:13:25.224+0200] {dag.py:3820} INFO - Setting next_dagrun for tutorial_taskflow_api to None, run_after=None
[2024-01-11T20:13:25.242+0200] {processor.py:183} INFO - Processing /Users/angel.georgiev/VsCodeProjects/PythonExamples/.venv/lib/python3.10/site-packages/airflow/example_dags/tutorial_taskflow_api.py took 0.204 seconds
[2024-01-11T20:16:30.190+0200] {processor.py:161} INFO - Started process (PID=33433) to work on /Users/angel.georgiev/VsCodeProjects/PythonExamples/.venv/lib/python3.10/site-packages/airflow/example_dags/tutorial_taskflow_api.py
[2024-01-11T20:16:30.195+0200] {processor.py:830} INFO - Processing file /Users/angel.georgiev/VsCodeProjects/PythonExamples/.venv/lib/python3.10/site-packages/airflow/example_dags/tutorial_taskflow_api.py for tasks to queue
[2024-01-11T20:16:30.195+0200] {logging_mixin.py:188} INFO - [2024-01-11T20:16:30.195+0200] {dagbag.py:538} INFO - Filling up the DagBag from /Users/angel.georgiev/VsCodeProjects/PythonExamples/.venv/lib/python3.10/site-packages/airflow/example_dags/tutorial_taskflow_api.py
[2024-01-11T20:16:30.287+0200] {processor.py:840} INFO - DAG(s) 'tutorial_taskflow_api' retrieved from /Users/angel.georgiev/VsCodeProjects/PythonExamples/.venv/lib/python3.10/site-packages/airflow/example_dags/tutorial_taskflow_api.py
[2024-01-11T20:16:30.532+0200] {logging_mixin.py:188} INFO - [2024-01-11T20:16:30.532+0200] {dag.py:3033} INFO - Sync 1 DAGs
[2024-01-11T20:16:30.539+0200] {logging_mixin.py:188} INFO - [2024-01-11T20:16:30.539+0200] {dag.py:3820} INFO - Setting next_dagrun for tutorial_taskflow_api to None, run_after=None
[2024-01-11T20:16:30.559+0200] {processor.py:183} INFO - Processing /Users/angel.georgiev/VsCodeProjects/PythonExamples/.venv/lib/python3.10/site-packages/airflow/example_dags/tutorial_taskflow_api.py took 0.370 seconds
[2024-01-11T20:18:56.096+0200] {processor.py:161} INFO - Started process (PID=33585) to work on /Users/angel.georgiev/VsCodeProjects/PythonExamples/.venv/lib/python3.10/site-packages/airflow/example_dags/tutorial_taskflow_api.py
[2024-01-11T20:18:56.106+0200] {processor.py:830} INFO - Processing file /Users/angel.georgiev/VsCodeProjects/PythonExamples/.venv/lib/python3.10/site-packages/airflow/example_dags/tutorial_taskflow_api.py for tasks to queue
[2024-01-11T20:18:56.107+0200] {logging_mixin.py:188} INFO - [2024-01-11T20:18:56.107+0200] {dagbag.py:538} INFO - Filling up the DagBag from /Users/angel.georgiev/VsCodeProjects/PythonExamples/.venv/lib/python3.10/site-packages/airflow/example_dags/tutorial_taskflow_api.py
[2024-01-11T20:18:56.212+0200] {processor.py:840} INFO - DAG(s) 'tutorial_taskflow_api' retrieved from /Users/angel.georgiev/VsCodeProjects/PythonExamples/.venv/lib/python3.10/site-packages/airflow/example_dags/tutorial_taskflow_api.py
[2024-01-11T20:18:56.337+0200] {logging_mixin.py:188} INFO - [2024-01-11T20:18:56.337+0200] {dag.py:3033} INFO - Sync 1 DAGs
[2024-01-11T20:18:56.347+0200] {logging_mixin.py:188} INFO - [2024-01-11T20:18:56.346+0200] {dag.py:3820} INFO - Setting next_dagrun for tutorial_taskflow_api to None, run_after=None
[2024-01-11T20:18:56.366+0200] {processor.py:183} INFO - Processing /Users/angel.georgiev/VsCodeProjects/PythonExamples/.venv/lib/python3.10/site-packages/airflow/example_dags/tutorial_taskflow_api.py took 0.271 seconds
[2024-01-11T20:21:23.840+0200] {processor.py:161} INFO - Started process (PID=33761) to work on /Users/angel.georgiev/VsCodeProjects/PythonExamples/.venv/lib/python3.10/site-packages/airflow/example_dags/tutorial_taskflow_api.py
[2024-01-11T20:21:23.844+0200] {processor.py:830} INFO - Processing file /Users/angel.georgiev/VsCodeProjects/PythonExamples/.venv/lib/python3.10/site-packages/airflow/example_dags/tutorial_taskflow_api.py for tasks to queue
[2024-01-11T20:21:23.845+0200] {logging_mixin.py:188} INFO - [2024-01-11T20:21:23.845+0200] {dagbag.py:538} INFO - Filling up the DagBag from /Users/angel.georgiev/VsCodeProjects/PythonExamples/.venv/lib/python3.10/site-packages/airflow/example_dags/tutorial_taskflow_api.py
[2024-01-11T20:21:23.937+0200] {processor.py:840} INFO - DAG(s) 'tutorial_taskflow_api' retrieved from /Users/angel.georgiev/VsCodeProjects/PythonExamples/.venv/lib/python3.10/site-packages/airflow/example_dags/tutorial_taskflow_api.py
[2024-01-11T20:21:24.042+0200] {logging_mixin.py:188} INFO - [2024-01-11T20:21:24.042+0200] {dag.py:3033} INFO - Sync 1 DAGs
[2024-01-11T20:21:24.050+0200] {logging_mixin.py:188} INFO - [2024-01-11T20:21:24.049+0200] {dag.py:3820} INFO - Setting next_dagrun for tutorial_taskflow_api to None, run_after=None
[2024-01-11T20:21:24.067+0200] {processor.py:183} INFO - Processing /Users/angel.georgiev/VsCodeProjects/PythonExamples/.venv/lib/python3.10/site-packages/airflow/example_dags/tutorial_taskflow_api.py took 0.228 seconds
[2024-01-11T20:23:34.835+0200] {processor.py:161} INFO - Started process (PID=33877) to work on /Users/angel.georgiev/VsCodeProjects/PythonExamples/.venv/lib/python3.10/site-packages/airflow/example_dags/tutorial_taskflow_api.py
[2024-01-11T20:23:34.840+0200] {processor.py:830} INFO - Processing file /Users/angel.georgiev/VsCodeProjects/PythonExamples/.venv/lib/python3.10/site-packages/airflow/example_dags/tutorial_taskflow_api.py for tasks to queue
[2024-01-11T20:23:34.841+0200] {logging_mixin.py:188} INFO - [2024-01-11T20:23:34.840+0200] {dagbag.py:538} INFO - Filling up the DagBag from /Users/angel.georgiev/VsCodeProjects/PythonExamples/.venv/lib/python3.10/site-packages/airflow/example_dags/tutorial_taskflow_api.py
[2024-01-11T20:23:34.932+0200] {processor.py:840} INFO - DAG(s) 'tutorial_taskflow_api' retrieved from /Users/angel.georgiev/VsCodeProjects/PythonExamples/.venv/lib/python3.10/site-packages/airflow/example_dags/tutorial_taskflow_api.py
[2024-01-11T20:23:35.038+0200] {logging_mixin.py:188} INFO - [2024-01-11T20:23:35.038+0200] {dag.py:3033} INFO - Sync 1 DAGs
[2024-01-11T20:23:35.046+0200] {logging_mixin.py:188} INFO - [2024-01-11T20:23:35.046+0200] {dag.py:3820} INFO - Setting next_dagrun for tutorial_taskflow_api to None, run_after=None
[2024-01-11T20:23:35.063+0200] {processor.py:183} INFO - Processing /Users/angel.georgiev/VsCodeProjects/PythonExamples/.venv/lib/python3.10/site-packages/airflow/example_dags/tutorial_taskflow_api.py took 0.229 seconds
[2024-01-11T20:25:54.769+0200] {processor.py:161} INFO - Started process (PID=34095) to work on /Users/angel.georgiev/VsCodeProjects/PythonExamples/.venv/lib/python3.10/site-packages/airflow/example_dags/tutorial_taskflow_api.py
[2024-01-11T20:25:54.773+0200] {processor.py:830} INFO - Processing file /Users/angel.georgiev/VsCodeProjects/PythonExamples/.venv/lib/python3.10/site-packages/airflow/example_dags/tutorial_taskflow_api.py for tasks to queue
[2024-01-11T20:25:54.774+0200] {logging_mixin.py:188} INFO - [2024-01-11T20:25:54.773+0200] {dagbag.py:538} INFO - Filling up the DagBag from /Users/angel.georgiev/VsCodeProjects/PythonExamples/.venv/lib/python3.10/site-packages/airflow/example_dags/tutorial_taskflow_api.py
[2024-01-11T20:25:54.864+0200] {processor.py:840} INFO - DAG(s) 'tutorial_taskflow_api' retrieved from /Users/angel.georgiev/VsCodeProjects/PythonExamples/.venv/lib/python3.10/site-packages/airflow/example_dags/tutorial_taskflow_api.py
[2024-01-11T20:25:54.967+0200] {logging_mixin.py:188} INFO - [2024-01-11T20:25:54.967+0200] {dag.py:3033} INFO - Sync 1 DAGs
[2024-01-11T20:25:54.975+0200] {logging_mixin.py:188} INFO - [2024-01-11T20:25:54.975+0200] {dag.py:3820} INFO - Setting next_dagrun for tutorial_taskflow_api to None, run_after=None
[2024-01-11T20:25:54.992+0200] {processor.py:183} INFO - Processing /Users/angel.georgiev/VsCodeProjects/PythonExamples/.venv/lib/python3.10/site-packages/airflow/example_dags/tutorial_taskflow_api.py took 0.224 seconds
[2024-01-11T20:28:32.215+0200] {processor.py:161} INFO - Started process (PID=34200) to work on /Users/angel.georgiev/VsCodeProjects/PythonExamples/.venv/lib/python3.10/site-packages/airflow/example_dags/tutorial_taskflow_api.py
[2024-01-11T20:28:32.220+0200] {processor.py:830} INFO - Processing file /Users/angel.georgiev/VsCodeProjects/PythonExamples/.venv/lib/python3.10/site-packages/airflow/example_dags/tutorial_taskflow_api.py for tasks to queue
[2024-01-11T20:28:32.221+0200] {logging_mixin.py:188} INFO - [2024-01-11T20:28:32.220+0200] {dagbag.py:538} INFO - Filling up the DagBag from /Users/angel.georgiev/VsCodeProjects/PythonExamples/.venv/lib/python3.10/site-packages/airflow/example_dags/tutorial_taskflow_api.py
[2024-01-11T20:28:32.318+0200] {processor.py:840} INFO - DAG(s) 'tutorial_taskflow_api' retrieved from /Users/angel.georgiev/VsCodeProjects/PythonExamples/.venv/lib/python3.10/site-packages/airflow/example_dags/tutorial_taskflow_api.py
[2024-01-11T20:28:32.432+0200] {logging_mixin.py:188} INFO - [2024-01-11T20:28:32.431+0200] {dag.py:3033} INFO - Sync 1 DAGs
[2024-01-11T20:28:32.440+0200] {logging_mixin.py:188} INFO - [2024-01-11T20:28:32.440+0200] {dag.py:3820} INFO - Setting next_dagrun for tutorial_taskflow_api to None, run_after=None
[2024-01-11T20:28:32.459+0200] {processor.py:183} INFO - Processing /Users/angel.georgiev/VsCodeProjects/PythonExamples/.venv/lib/python3.10/site-packages/airflow/example_dags/tutorial_taskflow_api.py took 0.245 seconds
[2024-01-11T20:31:02.063+0200] {processor.py:161} INFO - Started process (PID=34402) to work on /Users/angel.georgiev/VsCodeProjects/PythonExamples/.venv/lib/python3.10/site-packages/airflow/example_dags/tutorial_taskflow_api.py
[2024-01-11T20:31:02.070+0200] {processor.py:830} INFO - Processing file /Users/angel.georgiev/VsCodeProjects/PythonExamples/.venv/lib/python3.10/site-packages/airflow/example_dags/tutorial_taskflow_api.py for tasks to queue
[2024-01-11T20:31:02.070+0200] {logging_mixin.py:188} INFO - [2024-01-11T20:31:02.070+0200] {dagbag.py:538} INFO - Filling up the DagBag from /Users/angel.georgiev/VsCodeProjects/PythonExamples/.venv/lib/python3.10/site-packages/airflow/example_dags/tutorial_taskflow_api.py
[2024-01-11T20:31:02.176+0200] {processor.py:840} INFO - DAG(s) 'tutorial_taskflow_api' retrieved from /Users/angel.georgiev/VsCodeProjects/PythonExamples/.venv/lib/python3.10/site-packages/airflow/example_dags/tutorial_taskflow_api.py
[2024-01-11T20:31:02.308+0200] {logging_mixin.py:188} INFO - [2024-01-11T20:31:02.308+0200] {dag.py:3033} INFO - Sync 1 DAGs
[2024-01-11T20:31:02.319+0200] {logging_mixin.py:188} INFO - [2024-01-11T20:31:02.319+0200] {dag.py:3820} INFO - Setting next_dagrun for tutorial_taskflow_api to None, run_after=None
[2024-01-11T20:31:02.342+0200] {processor.py:183} INFO - Processing /Users/angel.georgiev/VsCodeProjects/PythonExamples/.venv/lib/python3.10/site-packages/airflow/example_dags/tutorial_taskflow_api.py took 0.281 seconds
[2024-01-11T20:33:55.322+0200] {processor.py:161} INFO - Started process (PID=34555) to work on /Users/angel.georgiev/VsCodeProjects/PythonExamples/.venv/lib/python3.10/site-packages/airflow/example_dags/tutorial_taskflow_api.py
[2024-01-11T20:33:55.327+0200] {processor.py:830} INFO - Processing file /Users/angel.georgiev/VsCodeProjects/PythonExamples/.venv/lib/python3.10/site-packages/airflow/example_dags/tutorial_taskflow_api.py for tasks to queue
[2024-01-11T20:33:55.327+0200] {logging_mixin.py:188} INFO - [2024-01-11T20:33:55.327+0200] {dagbag.py:538} INFO - Filling up the DagBag from /Users/angel.georgiev/VsCodeProjects/PythonExamples/.venv/lib/python3.10/site-packages/airflow/example_dags/tutorial_taskflow_api.py
[2024-01-11T20:33:55.424+0200] {processor.py:840} INFO - DAG(s) 'tutorial_taskflow_api' retrieved from /Users/angel.georgiev/VsCodeProjects/PythonExamples/.venv/lib/python3.10/site-packages/airflow/example_dags/tutorial_taskflow_api.py
[2024-01-11T20:33:55.559+0200] {logging_mixin.py:188} INFO - [2024-01-11T20:33:55.558+0200] {dag.py:3033} INFO - Sync 1 DAGs
[2024-01-11T20:33:55.569+0200] {logging_mixin.py:188} INFO - [2024-01-11T20:33:55.569+0200] {dag.py:3820} INFO - Setting next_dagrun for tutorial_taskflow_api to None, run_after=None
[2024-01-11T20:33:55.593+0200] {processor.py:183} INFO - Processing /Users/angel.georgiev/VsCodeProjects/PythonExamples/.venv/lib/python3.10/site-packages/airflow/example_dags/tutorial_taskflow_api.py took 0.273 seconds
[2024-01-11T20:36:50.510+0200] {processor.py:161} INFO - Started process (PID=34794) to work on /Users/angel.georgiev/VsCodeProjects/PythonExamples/.venv/lib/python3.10/site-packages/airflow/example_dags/tutorial_taskflow_api.py
[2024-01-11T20:36:50.517+0200] {processor.py:830} INFO - Processing file /Users/angel.georgiev/VsCodeProjects/PythonExamples/.venv/lib/python3.10/site-packages/airflow/example_dags/tutorial_taskflow_api.py for tasks to queue
[2024-01-11T20:36:50.518+0200] {logging_mixin.py:188} INFO - [2024-01-11T20:36:50.518+0200] {dagbag.py:538} INFO - Filling up the DagBag from /Users/angel.georgiev/VsCodeProjects/PythonExamples/.venv/lib/python3.10/site-packages/airflow/example_dags/tutorial_taskflow_api.py
[2024-01-11T20:36:50.637+0200] {processor.py:840} INFO - DAG(s) 'tutorial_taskflow_api' retrieved from /Users/angel.georgiev/VsCodeProjects/PythonExamples/.venv/lib/python3.10/site-packages/airflow/example_dags/tutorial_taskflow_api.py
[2024-01-11T20:36:50.806+0200] {logging_mixin.py:188} INFO - [2024-01-11T20:36:50.806+0200] {dag.py:3033} INFO - Sync 1 DAGs
[2024-01-11T20:36:50.826+0200] {logging_mixin.py:188} INFO - [2024-01-11T20:36:50.826+0200] {dag.py:3820} INFO - Setting next_dagrun for tutorial_taskflow_api to None, run_after=None
[2024-01-11T20:36:50.852+0200] {processor.py:183} INFO - Processing /Users/angel.georgiev/VsCodeProjects/PythonExamples/.venv/lib/python3.10/site-packages/airflow/example_dags/tutorial_taskflow_api.py took 0.344 seconds
[2024-01-11T20:39:58.905+0200] {processor.py:161} INFO - Started process (PID=34976) to work on /Users/angel.georgiev/VsCodeProjects/PythonExamples/.venv/lib/python3.10/site-packages/airflow/example_dags/tutorial_taskflow_api.py
[2024-01-11T20:39:58.910+0200] {processor.py:830} INFO - Processing file /Users/angel.georgiev/VsCodeProjects/PythonExamples/.venv/lib/python3.10/site-packages/airflow/example_dags/tutorial_taskflow_api.py for tasks to queue
[2024-01-11T20:39:58.910+0200] {logging_mixin.py:188} INFO - [2024-01-11T20:39:58.910+0200] {dagbag.py:538} INFO - Filling up the DagBag from /Users/angel.georgiev/VsCodeProjects/PythonExamples/.venv/lib/python3.10/site-packages/airflow/example_dags/tutorial_taskflow_api.py
[2024-01-11T20:39:59.034+0200] {processor.py:840} INFO - DAG(s) 'tutorial_taskflow_api' retrieved from /Users/angel.georgiev/VsCodeProjects/PythonExamples/.venv/lib/python3.10/site-packages/airflow/example_dags/tutorial_taskflow_api.py
[2024-01-11T20:39:59.179+0200] {logging_mixin.py:188} INFO - [2024-01-11T20:39:59.178+0200] {dag.py:3033} INFO - Sync 1 DAGs
[2024-01-11T20:39:59.189+0200] {logging_mixin.py:188} INFO - [2024-01-11T20:39:59.189+0200] {dag.py:3820} INFO - Setting next_dagrun for tutorial_taskflow_api to None, run_after=None
[2024-01-11T20:39:59.211+0200] {processor.py:183} INFO - Processing /Users/angel.georgiev/VsCodeProjects/PythonExamples/.venv/lib/python3.10/site-packages/airflow/example_dags/tutorial_taskflow_api.py took 0.308 seconds
[2024-01-11T20:43:10.611+0200] {processor.py:161} INFO - Started process (PID=35289) to work on /Users/angel.georgiev/VsCodeProjects/PythonExamples/.venv/lib/python3.10/site-packages/airflow/example_dags/tutorial_taskflow_api.py
[2024-01-11T20:43:10.617+0200] {processor.py:830} INFO - Processing file /Users/angel.georgiev/VsCodeProjects/PythonExamples/.venv/lib/python3.10/site-packages/airflow/example_dags/tutorial_taskflow_api.py for tasks to queue
[2024-01-11T20:43:10.618+0200] {logging_mixin.py:188} INFO - [2024-01-11T20:43:10.618+0200] {dagbag.py:538} INFO - Filling up the DagBag from /Users/angel.georgiev/VsCodeProjects/PythonExamples/.venv/lib/python3.10/site-packages/airflow/example_dags/tutorial_taskflow_api.py
[2024-01-11T20:43:10.724+0200] {processor.py:840} INFO - DAG(s) 'tutorial_taskflow_api' retrieved from /Users/angel.georgiev/VsCodeProjects/PythonExamples/.venv/lib/python3.10/site-packages/airflow/example_dags/tutorial_taskflow_api.py
[2024-01-11T20:43:10.864+0200] {logging_mixin.py:188} INFO - [2024-01-11T20:43:10.863+0200] {dag.py:3033} INFO - Sync 1 DAGs
[2024-01-11T20:43:10.874+0200] {logging_mixin.py:188} INFO - [2024-01-11T20:43:10.874+0200] {dag.py:3820} INFO - Setting next_dagrun for tutorial_taskflow_api to None, run_after=None
[2024-01-11T20:43:10.898+0200] {processor.py:183} INFO - Processing /Users/angel.georgiev/VsCodeProjects/PythonExamples/.venv/lib/python3.10/site-packages/airflow/example_dags/tutorial_taskflow_api.py took 0.289 seconds
[2024-01-11T20:45:29.159+0200] {processor.py:161} INFO - Started process (PID=35380) to work on /Users/angel.georgiev/VsCodeProjects/PythonExamples/.venv/lib/python3.10/site-packages/airflow/example_dags/tutorial_taskflow_api.py
[2024-01-11T20:45:29.163+0200] {processor.py:830} INFO - Processing file /Users/angel.georgiev/VsCodeProjects/PythonExamples/.venv/lib/python3.10/site-packages/airflow/example_dags/tutorial_taskflow_api.py for tasks to queue
[2024-01-11T20:45:29.164+0200] {logging_mixin.py:188} INFO - [2024-01-11T20:45:29.164+0200] {dagbag.py:538} INFO - Filling up the DagBag from /Users/angel.georgiev/VsCodeProjects/PythonExamples/.venv/lib/python3.10/site-packages/airflow/example_dags/tutorial_taskflow_api.py
[2024-01-11T20:45:29.252+0200] {processor.py:840} INFO - DAG(s) 'tutorial_taskflow_api' retrieved from /Users/angel.georgiev/VsCodeProjects/PythonExamples/.venv/lib/python3.10/site-packages/airflow/example_dags/tutorial_taskflow_api.py
[2024-01-11T20:45:29.346+0200] {logging_mixin.py:188} INFO - [2024-01-11T20:45:29.345+0200] {dag.py:3033} INFO - Sync 1 DAGs
[2024-01-11T20:45:29.354+0200] {logging_mixin.py:188} INFO - [2024-01-11T20:45:29.354+0200] {dag.py:3820} INFO - Setting next_dagrun for tutorial_taskflow_api to None, run_after=None
[2024-01-11T20:45:29.372+0200] {processor.py:183} INFO - Processing /Users/angel.georgiev/VsCodeProjects/PythonExamples/.venv/lib/python3.10/site-packages/airflow/example_dags/tutorial_taskflow_api.py took 0.215 seconds
[2024-01-11T20:47:27.490+0200] {processor.py:161} INFO - Started process (PID=35459) to work on /Users/angel.georgiev/VsCodeProjects/PythonExamples/.venv/lib/python3.10/site-packages/airflow/example_dags/tutorial_taskflow_api.py
[2024-01-11T20:47:27.495+0200] {processor.py:830} INFO - Processing file /Users/angel.georgiev/VsCodeProjects/PythonExamples/.venv/lib/python3.10/site-packages/airflow/example_dags/tutorial_taskflow_api.py for tasks to queue
[2024-01-11T20:47:27.496+0200] {logging_mixin.py:188} INFO - [2024-01-11T20:47:27.496+0200] {dagbag.py:538} INFO - Filling up the DagBag from /Users/angel.georgiev/VsCodeProjects/PythonExamples/.venv/lib/python3.10/site-packages/airflow/example_dags/tutorial_taskflow_api.py
[2024-01-11T20:47:27.590+0200] {processor.py:840} INFO - DAG(s) 'tutorial_taskflow_api' retrieved from /Users/angel.georgiev/VsCodeProjects/PythonExamples/.venv/lib/python3.10/site-packages/airflow/example_dags/tutorial_taskflow_api.py
[2024-01-11T20:47:27.700+0200] {logging_mixin.py:188} INFO - [2024-01-11T20:47:27.700+0200] {dag.py:3033} INFO - Sync 1 DAGs
[2024-01-11T20:47:27.708+0200] {logging_mixin.py:188} INFO - [2024-01-11T20:47:27.708+0200] {dag.py:3820} INFO - Setting next_dagrun for tutorial_taskflow_api to None, run_after=None
[2024-01-11T20:47:27.726+0200] {processor.py:183} INFO - Processing /Users/angel.georgiev/VsCodeProjects/PythonExamples/.venv/lib/python3.10/site-packages/airflow/example_dags/tutorial_taskflow_api.py took 0.237 seconds
[2024-01-11T20:49:24.399+0200] {processor.py:161} INFO - Started process (PID=35639) to work on /Users/angel.georgiev/VsCodeProjects/PythonExamples/.venv/lib/python3.10/site-packages/airflow/example_dags/tutorial_taskflow_api.py
[2024-01-11T20:49:24.403+0200] {processor.py:830} INFO - Processing file /Users/angel.georgiev/VsCodeProjects/PythonExamples/.venv/lib/python3.10/site-packages/airflow/example_dags/tutorial_taskflow_api.py for tasks to queue
[2024-01-11T20:49:24.404+0200] {logging_mixin.py:188} INFO - [2024-01-11T20:49:24.404+0200] {dagbag.py:538} INFO - Filling up the DagBag from /Users/angel.georgiev/VsCodeProjects/PythonExamples/.venv/lib/python3.10/site-packages/airflow/example_dags/tutorial_taskflow_api.py
[2024-01-11T20:49:24.494+0200] {processor.py:840} INFO - DAG(s) 'tutorial_taskflow_api' retrieved from /Users/angel.georgiev/VsCodeProjects/PythonExamples/.venv/lib/python3.10/site-packages/airflow/example_dags/tutorial_taskflow_api.py
[2024-01-11T20:49:24.596+0200] {logging_mixin.py:188} INFO - [2024-01-11T20:49:24.596+0200] {dag.py:3033} INFO - Sync 1 DAGs
[2024-01-11T20:49:24.604+0200] {logging_mixin.py:188} INFO - [2024-01-11T20:49:24.604+0200] {dag.py:3820} INFO - Setting next_dagrun for tutorial_taskflow_api to None, run_after=None
[2024-01-11T20:49:24.620+0200] {processor.py:183} INFO - Processing /Users/angel.georgiev/VsCodeProjects/PythonExamples/.venv/lib/python3.10/site-packages/airflow/example_dags/tutorial_taskflow_api.py took 0.223 seconds
[2024-01-11T20:51:17.327+0200] {processor.py:161} INFO - Started process (PID=35730) to work on /Users/angel.georgiev/VsCodeProjects/PythonExamples/.venv/lib/python3.10/site-packages/airflow/example_dags/tutorial_taskflow_api.py
[2024-01-11T20:51:17.331+0200] {processor.py:830} INFO - Processing file /Users/angel.georgiev/VsCodeProjects/PythonExamples/.venv/lib/python3.10/site-packages/airflow/example_dags/tutorial_taskflow_api.py for tasks to queue
[2024-01-11T20:51:17.332+0200] {logging_mixin.py:188} INFO - [2024-01-11T20:51:17.332+0200] {dagbag.py:538} INFO - Filling up the DagBag from /Users/angel.georgiev/VsCodeProjects/PythonExamples/.venv/lib/python3.10/site-packages/airflow/example_dags/tutorial_taskflow_api.py
[2024-01-11T20:51:17.415+0200] {processor.py:840} INFO - DAG(s) 'tutorial_taskflow_api' retrieved from /Users/angel.georgiev/VsCodeProjects/PythonExamples/.venv/lib/python3.10/site-packages/airflow/example_dags/tutorial_taskflow_api.py
[2024-01-11T20:51:17.542+0200] {logging_mixin.py:188} INFO - [2024-01-11T20:51:17.542+0200] {dag.py:3033} INFO - Sync 1 DAGs
[2024-01-11T20:51:17.551+0200] {logging_mixin.py:188} INFO - [2024-01-11T20:51:17.551+0200] {dag.py:3820} INFO - Setting next_dagrun for tutorial_taskflow_api to None, run_after=None
[2024-01-11T20:51:17.570+0200] {processor.py:183} INFO - Processing /Users/angel.georgiev/VsCodeProjects/PythonExamples/.venv/lib/python3.10/site-packages/airflow/example_dags/tutorial_taskflow_api.py took 0.244 seconds
[2024-01-11T20:53:12.863+0200] {processor.py:161} INFO - Started process (PID=35829) to work on /Users/angel.georgiev/VsCodeProjects/PythonExamples/.venv/lib/python3.10/site-packages/airflow/example_dags/tutorial_taskflow_api.py
[2024-01-11T20:53:12.868+0200] {processor.py:830} INFO - Processing file /Users/angel.georgiev/VsCodeProjects/PythonExamples/.venv/lib/python3.10/site-packages/airflow/example_dags/tutorial_taskflow_api.py for tasks to queue
[2024-01-11T20:53:12.869+0200] {logging_mixin.py:188} INFO - [2024-01-11T20:53:12.869+0200] {dagbag.py:538} INFO - Filling up the DagBag from /Users/angel.georgiev/VsCodeProjects/PythonExamples/.venv/lib/python3.10/site-packages/airflow/example_dags/tutorial_taskflow_api.py
[2024-01-11T20:53:12.959+0200] {processor.py:840} INFO - DAG(s) 'tutorial_taskflow_api' retrieved from /Users/angel.georgiev/VsCodeProjects/PythonExamples/.venv/lib/python3.10/site-packages/airflow/example_dags/tutorial_taskflow_api.py
[2024-01-11T20:53:13.052+0200] {logging_mixin.py:188} INFO - [2024-01-11T20:53:13.052+0200] {dag.py:3033} INFO - Sync 1 DAGs
[2024-01-11T20:53:13.059+0200] {logging_mixin.py:188} INFO - [2024-01-11T20:53:13.059+0200] {dag.py:3820} INFO - Setting next_dagrun for tutorial_taskflow_api to None, run_after=None
[2024-01-11T20:53:13.081+0200] {processor.py:183} INFO - Processing /Users/angel.georgiev/VsCodeProjects/PythonExamples/.venv/lib/python3.10/site-packages/airflow/example_dags/tutorial_taskflow_api.py took 0.219 seconds
[2024-01-11T20:55:24.634+0200] {processor.py:161} INFO - Started process (PID=36040) to work on /Users/angel.georgiev/VsCodeProjects/PythonExamples/.venv/lib/python3.10/site-packages/airflow/example_dags/tutorial_taskflow_api.py
[2024-01-11T20:55:24.639+0200] {processor.py:830} INFO - Processing file /Users/angel.georgiev/VsCodeProjects/PythonExamples/.venv/lib/python3.10/site-packages/airflow/example_dags/tutorial_taskflow_api.py for tasks to queue
[2024-01-11T20:55:24.640+0200] {logging_mixin.py:188} INFO - [2024-01-11T20:55:24.639+0200] {dagbag.py:538} INFO - Filling up the DagBag from /Users/angel.georgiev/VsCodeProjects/PythonExamples/.venv/lib/python3.10/site-packages/airflow/example_dags/tutorial_taskflow_api.py
[2024-01-11T20:55:24.839+0200] {processor.py:840} INFO - DAG(s) 'tutorial_taskflow_api' retrieved from /Users/angel.georgiev/VsCodeProjects/PythonExamples/.venv/lib/python3.10/site-packages/airflow/example_dags/tutorial_taskflow_api.py
[2024-01-11T20:55:24.971+0200] {logging_mixin.py:188} INFO - [2024-01-11T20:55:24.970+0200] {dag.py:3033} INFO - Sync 1 DAGs
[2024-01-11T20:55:24.981+0200] {logging_mixin.py:188} INFO - [2024-01-11T20:55:24.980+0200] {dag.py:3820} INFO - Setting next_dagrun for tutorial_taskflow_api to None, run_after=None
[2024-01-11T20:55:25.015+0200] {processor.py:183} INFO - Processing /Users/angel.georgiev/VsCodeProjects/PythonExamples/.venv/lib/python3.10/site-packages/airflow/example_dags/tutorial_taskflow_api.py took 0.383 seconds
[2024-01-11T20:57:58.452+0200] {processor.py:161} INFO - Started process (PID=36149) to work on /Users/angel.georgiev/VsCodeProjects/PythonExamples/.venv/lib/python3.10/site-packages/airflow/example_dags/tutorial_taskflow_api.py
[2024-01-11T20:57:58.457+0200] {processor.py:830} INFO - Processing file /Users/angel.georgiev/VsCodeProjects/PythonExamples/.venv/lib/python3.10/site-packages/airflow/example_dags/tutorial_taskflow_api.py for tasks to queue
[2024-01-11T20:57:58.458+0200] {logging_mixin.py:188} INFO - [2024-01-11T20:57:58.458+0200] {dagbag.py:538} INFO - Filling up the DagBag from /Users/angel.georgiev/VsCodeProjects/PythonExamples/.venv/lib/python3.10/site-packages/airflow/example_dags/tutorial_taskflow_api.py
[2024-01-11T20:57:58.564+0200] {processor.py:840} INFO - DAG(s) 'tutorial_taskflow_api' retrieved from /Users/angel.georgiev/VsCodeProjects/PythonExamples/.venv/lib/python3.10/site-packages/airflow/example_dags/tutorial_taskflow_api.py
[2024-01-11T20:57:58.697+0200] {logging_mixin.py:188} INFO - [2024-01-11T20:57:58.697+0200] {dag.py:3033} INFO - Sync 1 DAGs
[2024-01-11T20:57:58.707+0200] {logging_mixin.py:188} INFO - [2024-01-11T20:57:58.707+0200] {dag.py:3820} INFO - Setting next_dagrun for tutorial_taskflow_api to None, run_after=None
[2024-01-11T20:57:58.728+0200] {processor.py:183} INFO - Processing /Users/angel.georgiev/VsCodeProjects/PythonExamples/.venv/lib/python3.10/site-packages/airflow/example_dags/tutorial_taskflow_api.py took 0.278 seconds
