[2024-01-11T20:12:24.734+0200] {processor.py:161} INFO - Started process (PID=33090) to work on /Users/angel.georgiev/VsCodeProjects/PythonExamples/.venv/lib/python3.10/site-packages/airflow/example_dags/tutorial_objectstorage.py
[2024-01-11T20:12:24.739+0200] {processor.py:830} INFO - Processing file /Users/angel.georgiev/VsCodeProjects/PythonExamples/.venv/lib/python3.10/site-packages/airflow/example_dags/tutorial_objectstorage.py for tasks to queue
[2024-01-11T20:12:24.740+0200] {logging_mixin.py:188} INFO - [2024-01-11T20:12:24.740+0200] {dagbag.py:538} INFO - Filling up the DagBag from /Users/angel.georgiev/VsCodeProjects/PythonExamples/.venv/lib/python3.10/site-packages/airflow/example_dags/tutorial_objectstorage.py
[2024-01-11T20:12:24.872+0200] {processor.py:840} INFO - DAG(s) 'tutorial_objectstorage' retrieved from /Users/angel.georgiev/VsCodeProjects/PythonExamples/.venv/lib/python3.10/site-packages/airflow/example_dags/tutorial_objectstorage.py
[2024-01-11T20:12:24.882+0200] {logging_mixin.py:188} INFO - [2024-01-11T20:12:24.881+0200] {dag.py:3033} INFO - Sync 1 DAGs
[2024-01-11T20:12:24.949+0200] {logging_mixin.py:188} INFO - [2024-01-11T20:12:24.949+0200] {dag.py:3820} INFO - Setting next_dagrun for tutorial_objectstorage to None, run_after=None
[2024-01-11T20:12:24.966+0200] {processor.py:183} INFO - Processing /Users/angel.georgiev/VsCodeProjects/PythonExamples/.venv/lib/python3.10/site-packages/airflow/example_dags/tutorial_objectstorage.py took 0.234 seconds
[2024-01-11T20:13:27.154+0200] {processor.py:161} INFO - Started process (PID=33193) to work on /Users/angel.georgiev/VsCodeProjects/PythonExamples/.venv/lib/python3.10/site-packages/airflow/example_dags/tutorial_objectstorage.py
[2024-01-11T20:13:27.159+0200] {processor.py:830} INFO - Processing file /Users/angel.georgiev/VsCodeProjects/PythonExamples/.venv/lib/python3.10/site-packages/airflow/example_dags/tutorial_objectstorage.py for tasks to queue
[2024-01-11T20:13:27.159+0200] {logging_mixin.py:188} INFO - [2024-01-11T20:13:27.159+0200] {dagbag.py:538} INFO - Filling up the DagBag from /Users/angel.georgiev/VsCodeProjects/PythonExamples/.venv/lib/python3.10/site-packages/airflow/example_dags/tutorial_objectstorage.py
[2024-01-11T20:13:27.296+0200] {processor.py:840} INFO - DAG(s) 'tutorial_objectstorage' retrieved from /Users/angel.georgiev/VsCodeProjects/PythonExamples/.venv/lib/python3.10/site-packages/airflow/example_dags/tutorial_objectstorage.py
[2024-01-11T20:13:27.305+0200] {logging_mixin.py:188} INFO - [2024-01-11T20:13:27.305+0200] {dag.py:3033} INFO - Sync 1 DAGs
[2024-01-11T20:13:27.377+0200] {logging_mixin.py:188} INFO - [2024-01-11T20:13:27.377+0200] {dag.py:3820} INFO - Setting next_dagrun for tutorial_objectstorage to None, run_after=None
[2024-01-11T20:13:27.395+0200] {processor.py:183} INFO - Processing /Users/angel.georgiev/VsCodeProjects/PythonExamples/.venv/lib/python3.10/site-packages/airflow/example_dags/tutorial_objectstorage.py took 0.242 seconds
[2024-01-11T20:16:33.658+0200] {processor.py:161} INFO - Started process (PID=33470) to work on /Users/angel.georgiev/VsCodeProjects/PythonExamples/.venv/lib/python3.10/site-packages/airflow/example_dags/tutorial_objectstorage.py
[2024-01-11T20:16:33.663+0200] {processor.py:830} INFO - Processing file /Users/angel.georgiev/VsCodeProjects/PythonExamples/.venv/lib/python3.10/site-packages/airflow/example_dags/tutorial_objectstorage.py for tasks to queue
[2024-01-11T20:16:33.664+0200] {logging_mixin.py:188} INFO - [2024-01-11T20:16:33.664+0200] {dagbag.py:538} INFO - Filling up the DagBag from /Users/angel.georgiev/VsCodeProjects/PythonExamples/.venv/lib/python3.10/site-packages/airflow/example_dags/tutorial_objectstorage.py
[2024-01-11T20:16:33.820+0200] {processor.py:840} INFO - DAG(s) 'tutorial_objectstorage' retrieved from /Users/angel.georgiev/VsCodeProjects/PythonExamples/.venv/lib/python3.10/site-packages/airflow/example_dags/tutorial_objectstorage.py
[2024-01-11T20:16:34.003+0200] {logging_mixin.py:188} INFO - [2024-01-11T20:16:34.003+0200] {dag.py:3033} INFO - Sync 1 DAGs
[2024-01-11T20:16:34.011+0200] {logging_mixin.py:188} INFO - [2024-01-11T20:16:34.011+0200] {dag.py:3820} INFO - Setting next_dagrun for tutorial_objectstorage to None, run_after=None
[2024-01-11T20:16:34.030+0200] {processor.py:183} INFO - Processing /Users/angel.georgiev/VsCodeProjects/PythonExamples/.venv/lib/python3.10/site-packages/airflow/example_dags/tutorial_objectstorage.py took 0.374 seconds
[2024-01-11T20:19:00.201+0200] {processor.py:161} INFO - Started process (PID=33586) to work on /Users/angel.georgiev/VsCodeProjects/PythonExamples/.venv/lib/python3.10/site-packages/airflow/example_dags/tutorial_objectstorage.py
[2024-01-11T20:19:00.206+0200] {processor.py:830} INFO - Processing file /Users/angel.georgiev/VsCodeProjects/PythonExamples/.venv/lib/python3.10/site-packages/airflow/example_dags/tutorial_objectstorage.py for tasks to queue
[2024-01-11T20:19:00.207+0200] {logging_mixin.py:188} INFO - [2024-01-11T20:19:00.207+0200] {dagbag.py:538} INFO - Filling up the DagBag from /Users/angel.georgiev/VsCodeProjects/PythonExamples/.venv/lib/python3.10/site-packages/airflow/example_dags/tutorial_objectstorage.py
[2024-01-11T20:19:00.381+0200] {processor.py:840} INFO - DAG(s) 'tutorial_objectstorage' retrieved from /Users/angel.georgiev/VsCodeProjects/PythonExamples/.venv/lib/python3.10/site-packages/airflow/example_dags/tutorial_objectstorage.py
[2024-01-11T20:19:00.484+0200] {logging_mixin.py:188} INFO - [2024-01-11T20:19:00.483+0200] {dag.py:3033} INFO - Sync 1 DAGs
[2024-01-11T20:19:00.494+0200] {logging_mixin.py:188} INFO - [2024-01-11T20:19:00.494+0200] {dag.py:3820} INFO - Setting next_dagrun for tutorial_objectstorage to None, run_after=None
[2024-01-11T20:19:00.516+0200] {processor.py:183} INFO - Processing /Users/angel.georgiev/VsCodeProjects/PythonExamples/.venv/lib/python3.10/site-packages/airflow/example_dags/tutorial_objectstorage.py took 0.316 seconds
[2024-01-11T20:21:27.118+0200] {processor.py:161} INFO - Started process (PID=33775) to work on /Users/angel.georgiev/VsCodeProjects/PythonExamples/.venv/lib/python3.10/site-packages/airflow/example_dags/tutorial_objectstorage.py
[2024-01-11T20:21:27.122+0200] {processor.py:830} INFO - Processing file /Users/angel.georgiev/VsCodeProjects/PythonExamples/.venv/lib/python3.10/site-packages/airflow/example_dags/tutorial_objectstorage.py for tasks to queue
[2024-01-11T20:21:27.123+0200] {logging_mixin.py:188} INFO - [2024-01-11T20:21:27.123+0200] {dagbag.py:538} INFO - Filling up the DagBag from /Users/angel.georgiev/VsCodeProjects/PythonExamples/.venv/lib/python3.10/site-packages/airflow/example_dags/tutorial_objectstorage.py
[2024-01-11T20:21:27.282+0200] {processor.py:840} INFO - DAG(s) 'tutorial_objectstorage' retrieved from /Users/angel.georgiev/VsCodeProjects/PythonExamples/.venv/lib/python3.10/site-packages/airflow/example_dags/tutorial_objectstorage.py
[2024-01-11T20:21:27.374+0200] {logging_mixin.py:188} INFO - [2024-01-11T20:21:27.373+0200] {dag.py:3033} INFO - Sync 1 DAGs
[2024-01-11T20:21:27.383+0200] {logging_mixin.py:188} INFO - [2024-01-11T20:21:27.383+0200] {dag.py:3820} INFO - Setting next_dagrun for tutorial_objectstorage to None, run_after=None
[2024-01-11T20:21:27.400+0200] {processor.py:183} INFO - Processing /Users/angel.georgiev/VsCodeProjects/PythonExamples/.venv/lib/python3.10/site-packages/airflow/example_dags/tutorial_objectstorage.py took 0.283 seconds
[2024-01-11T20:23:38.470+0200] {processor.py:161} INFO - Started process (PID=33878) to work on /Users/angel.georgiev/VsCodeProjects/PythonExamples/.venv/lib/python3.10/site-packages/airflow/example_dags/tutorial_objectstorage.py
[2024-01-11T20:23:38.475+0200] {processor.py:830} INFO - Processing file /Users/angel.georgiev/VsCodeProjects/PythonExamples/.venv/lib/python3.10/site-packages/airflow/example_dags/tutorial_objectstorage.py for tasks to queue
[2024-01-11T20:23:38.475+0200] {logging_mixin.py:188} INFO - [2024-01-11T20:23:38.475+0200] {dagbag.py:538} INFO - Filling up the DagBag from /Users/angel.georgiev/VsCodeProjects/PythonExamples/.venv/lib/python3.10/site-packages/airflow/example_dags/tutorial_objectstorage.py
[2024-01-11T20:23:39.069+0200] {processor.py:840} INFO - DAG(s) 'tutorial_objectstorage' retrieved from /Users/angel.georgiev/VsCodeProjects/PythonExamples/.venv/lib/python3.10/site-packages/airflow/example_dags/tutorial_objectstorage.py
[2024-01-11T20:23:39.413+0200] {logging_mixin.py:188} INFO - [2024-01-11T20:23:39.412+0200] {dag.py:3033} INFO - Sync 1 DAGs
[2024-01-11T20:23:39.434+0200] {logging_mixin.py:188} INFO - [2024-01-11T20:23:39.433+0200] {dag.py:3820} INFO - Setting next_dagrun for tutorial_objectstorage to None, run_after=None
[2024-01-11T20:23:39.459+0200] {processor.py:183} INFO - Processing /Users/angel.georgiev/VsCodeProjects/PythonExamples/.venv/lib/python3.10/site-packages/airflow/example_dags/tutorial_objectstorage.py took 0.991 seconds
[2024-01-11T20:25:57.855+0200] {processor.py:161} INFO - Started process (PID=34096) to work on /Users/angel.georgiev/VsCodeProjects/PythonExamples/.venv/lib/python3.10/site-packages/airflow/example_dags/tutorial_objectstorage.py
[2024-01-11T20:25:57.859+0200] {processor.py:830} INFO - Processing file /Users/angel.georgiev/VsCodeProjects/PythonExamples/.venv/lib/python3.10/site-packages/airflow/example_dags/tutorial_objectstorage.py for tasks to queue
[2024-01-11T20:25:57.860+0200] {logging_mixin.py:188} INFO - [2024-01-11T20:25:57.860+0200] {dagbag.py:538} INFO - Filling up the DagBag from /Users/angel.georgiev/VsCodeProjects/PythonExamples/.venv/lib/python3.10/site-packages/airflow/example_dags/tutorial_objectstorage.py
[2024-01-11T20:25:58.015+0200] {processor.py:840} INFO - DAG(s) 'tutorial_objectstorage' retrieved from /Users/angel.georgiev/VsCodeProjects/PythonExamples/.venv/lib/python3.10/site-packages/airflow/example_dags/tutorial_objectstorage.py
[2024-01-11T20:25:58.100+0200] {logging_mixin.py:188} INFO - [2024-01-11T20:25:58.100+0200] {dag.py:3033} INFO - Sync 1 DAGs
[2024-01-11T20:25:58.109+0200] {logging_mixin.py:188} INFO - [2024-01-11T20:25:58.109+0200] {dag.py:3820} INFO - Setting next_dagrun for tutorial_objectstorage to None, run_after=None
[2024-01-11T20:25:58.129+0200] {processor.py:183} INFO - Processing /Users/angel.georgiev/VsCodeProjects/PythonExamples/.venv/lib/python3.10/site-packages/airflow/example_dags/tutorial_objectstorage.py took 0.276 seconds
[2024-01-11T20:28:35.545+0200] {processor.py:161} INFO - Started process (PID=34202) to work on /Users/angel.georgiev/VsCodeProjects/PythonExamples/.venv/lib/python3.10/site-packages/airflow/example_dags/tutorial_objectstorage.py
[2024-01-11T20:28:35.550+0200] {processor.py:830} INFO - Processing file /Users/angel.georgiev/VsCodeProjects/PythonExamples/.venv/lib/python3.10/site-packages/airflow/example_dags/tutorial_objectstorage.py for tasks to queue
[2024-01-11T20:28:35.551+0200] {logging_mixin.py:188} INFO - [2024-01-11T20:28:35.551+0200] {dagbag.py:538} INFO - Filling up the DagBag from /Users/angel.georgiev/VsCodeProjects/PythonExamples/.venv/lib/python3.10/site-packages/airflow/example_dags/tutorial_objectstorage.py
[2024-01-11T20:28:35.716+0200] {processor.py:840} INFO - DAG(s) 'tutorial_objectstorage' retrieved from /Users/angel.georgiev/VsCodeProjects/PythonExamples/.venv/lib/python3.10/site-packages/airflow/example_dags/tutorial_objectstorage.py
[2024-01-11T20:28:35.882+0200] {logging_mixin.py:188} INFO - [2024-01-11T20:28:35.881+0200] {dag.py:3033} INFO - Sync 1 DAGs
[2024-01-11T20:28:35.901+0200] {logging_mixin.py:188} INFO - [2024-01-11T20:28:35.901+0200] {dag.py:3820} INFO - Setting next_dagrun for tutorial_objectstorage to None, run_after=None
[2024-01-11T20:28:35.937+0200] {processor.py:183} INFO - Processing /Users/angel.georgiev/VsCodeProjects/PythonExamples/.venv/lib/python3.10/site-packages/airflow/example_dags/tutorial_objectstorage.py took 0.393 seconds
[2024-01-11T20:31:05.687+0200] {processor.py:161} INFO - Started process (PID=34403) to work on /Users/angel.georgiev/VsCodeProjects/PythonExamples/.venv/lib/python3.10/site-packages/airflow/example_dags/tutorial_objectstorage.py
[2024-01-11T20:31:05.693+0200] {processor.py:830} INFO - Processing file /Users/angel.georgiev/VsCodeProjects/PythonExamples/.venv/lib/python3.10/site-packages/airflow/example_dags/tutorial_objectstorage.py for tasks to queue
[2024-01-11T20:31:05.694+0200] {logging_mixin.py:188} INFO - [2024-01-11T20:31:05.694+0200] {dagbag.py:538} INFO - Filling up the DagBag from /Users/angel.georgiev/VsCodeProjects/PythonExamples/.venv/lib/python3.10/site-packages/airflow/example_dags/tutorial_objectstorage.py
[2024-01-11T20:31:05.875+0200] {processor.py:840} INFO - DAG(s) 'tutorial_objectstorage' retrieved from /Users/angel.georgiev/VsCodeProjects/PythonExamples/.venv/lib/python3.10/site-packages/airflow/example_dags/tutorial_objectstorage.py
[2024-01-11T20:31:05.981+0200] {logging_mixin.py:188} INFO - [2024-01-11T20:31:05.981+0200] {dag.py:3033} INFO - Sync 1 DAGs
[2024-01-11T20:31:05.994+0200] {logging_mixin.py:188} INFO - [2024-01-11T20:31:05.994+0200] {dag.py:3820} INFO - Setting next_dagrun for tutorial_objectstorage to None, run_after=None
[2024-01-11T20:31:06.013+0200] {processor.py:183} INFO - Processing /Users/angel.georgiev/VsCodeProjects/PythonExamples/.venv/lib/python3.10/site-packages/airflow/example_dags/tutorial_objectstorage.py took 0.327 seconds
[2024-01-11T20:33:58.957+0200] {processor.py:161} INFO - Started process (PID=34556) to work on /Users/angel.georgiev/VsCodeProjects/PythonExamples/.venv/lib/python3.10/site-packages/airflow/example_dags/tutorial_objectstorage.py
[2024-01-11T20:33:58.962+0200] {processor.py:830} INFO - Processing file /Users/angel.georgiev/VsCodeProjects/PythonExamples/.venv/lib/python3.10/site-packages/airflow/example_dags/tutorial_objectstorage.py for tasks to queue
[2024-01-11T20:33:58.963+0200] {logging_mixin.py:188} INFO - [2024-01-11T20:33:58.963+0200] {dagbag.py:538} INFO - Filling up the DagBag from /Users/angel.georgiev/VsCodeProjects/PythonExamples/.venv/lib/python3.10/site-packages/airflow/example_dags/tutorial_objectstorage.py
[2024-01-11T20:33:59.138+0200] {processor.py:840} INFO - DAG(s) 'tutorial_objectstorage' retrieved from /Users/angel.georgiev/VsCodeProjects/PythonExamples/.venv/lib/python3.10/site-packages/airflow/example_dags/tutorial_objectstorage.py
[2024-01-11T20:33:59.259+0200] {logging_mixin.py:188} INFO - [2024-01-11T20:33:59.259+0200] {dag.py:3033} INFO - Sync 1 DAGs
[2024-01-11T20:33:59.271+0200] {logging_mixin.py:188} INFO - [2024-01-11T20:33:59.271+0200] {dag.py:3820} INFO - Setting next_dagrun for tutorial_objectstorage to None, run_after=None
[2024-01-11T20:33:59.294+0200] {processor.py:183} INFO - Processing /Users/angel.georgiev/VsCodeProjects/PythonExamples/.venv/lib/python3.10/site-packages/airflow/example_dags/tutorial_objectstorage.py took 0.338 seconds
[2024-01-11T20:36:54.512+0200] {processor.py:161} INFO - Started process (PID=34796) to work on /Users/angel.georgiev/VsCodeProjects/PythonExamples/.venv/lib/python3.10/site-packages/airflow/example_dags/tutorial_objectstorage.py
[2024-01-11T20:36:54.526+0200] {processor.py:830} INFO - Processing file /Users/angel.georgiev/VsCodeProjects/PythonExamples/.venv/lib/python3.10/site-packages/airflow/example_dags/tutorial_objectstorage.py for tasks to queue
[2024-01-11T20:36:54.527+0200] {logging_mixin.py:188} INFO - [2024-01-11T20:36:54.527+0200] {dagbag.py:538} INFO - Filling up the DagBag from /Users/angel.georgiev/VsCodeProjects/PythonExamples/.venv/lib/python3.10/site-packages/airflow/example_dags/tutorial_objectstorage.py
[2024-01-11T20:36:54.724+0200] {processor.py:840} INFO - DAG(s) 'tutorial_objectstorage' retrieved from /Users/angel.georgiev/VsCodeProjects/PythonExamples/.venv/lib/python3.10/site-packages/airflow/example_dags/tutorial_objectstorage.py
[2024-01-11T20:36:54.850+0200] {logging_mixin.py:188} INFO - [2024-01-11T20:36:54.850+0200] {dag.py:3033} INFO - Sync 1 DAGs
[2024-01-11T20:36:54.867+0200] {logging_mixin.py:188} INFO - [2024-01-11T20:36:54.867+0200] {dag.py:3820} INFO - Setting next_dagrun for tutorial_objectstorage to None, run_after=None
[2024-01-11T20:36:54.889+0200] {processor.py:183} INFO - Processing /Users/angel.georgiev/VsCodeProjects/PythonExamples/.venv/lib/python3.10/site-packages/airflow/example_dags/tutorial_objectstorage.py took 0.380 seconds
[2024-01-11T20:40:04.542+0200] {processor.py:161} INFO - Started process (PID=34990) to work on /Users/angel.georgiev/VsCodeProjects/PythonExamples/.venv/lib/python3.10/site-packages/airflow/example_dags/tutorial_objectstorage.py
[2024-01-11T20:40:04.554+0200] {processor.py:830} INFO - Processing file /Users/angel.georgiev/VsCodeProjects/PythonExamples/.venv/lib/python3.10/site-packages/airflow/example_dags/tutorial_objectstorage.py for tasks to queue
[2024-01-11T20:40:04.555+0200] {logging_mixin.py:188} INFO - [2024-01-11T20:40:04.555+0200] {dagbag.py:538} INFO - Filling up the DagBag from /Users/angel.georgiev/VsCodeProjects/PythonExamples/.venv/lib/python3.10/site-packages/airflow/example_dags/tutorial_objectstorage.py
[2024-01-11T20:40:04.924+0200] {processor.py:840} INFO - DAG(s) 'tutorial_objectstorage' retrieved from /Users/angel.georgiev/VsCodeProjects/PythonExamples/.venv/lib/python3.10/site-packages/airflow/example_dags/tutorial_objectstorage.py
[2024-01-11T20:40:05.144+0200] {logging_mixin.py:188} INFO - [2024-01-11T20:40:05.144+0200] {dag.py:3033} INFO - Sync 1 DAGs
[2024-01-11T20:40:05.165+0200] {logging_mixin.py:188} INFO - [2024-01-11T20:40:05.164+0200] {dag.py:3820} INFO - Setting next_dagrun for tutorial_objectstorage to None, run_after=None
[2024-01-11T20:40:05.207+0200] {processor.py:183} INFO - Processing /Users/angel.georgiev/VsCodeProjects/PythonExamples/.venv/lib/python3.10/site-packages/airflow/example_dags/tutorial_objectstorage.py took 0.668 seconds
[2024-01-11T20:43:14.698+0200] {processor.py:161} INFO - Started process (PID=35292) to work on /Users/angel.georgiev/VsCodeProjects/PythonExamples/.venv/lib/python3.10/site-packages/airflow/example_dags/tutorial_objectstorage.py
[2024-01-11T20:43:14.704+0200] {processor.py:830} INFO - Processing file /Users/angel.georgiev/VsCodeProjects/PythonExamples/.venv/lib/python3.10/site-packages/airflow/example_dags/tutorial_objectstorage.py for tasks to queue
[2024-01-11T20:43:14.705+0200] {logging_mixin.py:188} INFO - [2024-01-11T20:43:14.705+0200] {dagbag.py:538} INFO - Filling up the DagBag from /Users/angel.georgiev/VsCodeProjects/PythonExamples/.venv/lib/python3.10/site-packages/airflow/example_dags/tutorial_objectstorage.py
[2024-01-11T20:43:14.893+0200] {processor.py:840} INFO - DAG(s) 'tutorial_objectstorage' retrieved from /Users/angel.georgiev/VsCodeProjects/PythonExamples/.venv/lib/python3.10/site-packages/airflow/example_dags/tutorial_objectstorage.py
[2024-01-11T20:43:15.022+0200] {logging_mixin.py:188} INFO - [2024-01-11T20:43:15.021+0200] {dag.py:3033} INFO - Sync 1 DAGs
[2024-01-11T20:43:15.033+0200] {logging_mixin.py:188} INFO - [2024-01-11T20:43:15.033+0200] {dag.py:3820} INFO - Setting next_dagrun for tutorial_objectstorage to None, run_after=None
[2024-01-11T20:43:15.054+0200] {processor.py:183} INFO - Processing /Users/angel.georgiev/VsCodeProjects/PythonExamples/.venv/lib/python3.10/site-packages/airflow/example_dags/tutorial_objectstorage.py took 0.358 seconds
[2024-01-11T20:45:32.265+0200] {processor.py:161} INFO - Started process (PID=35381) to work on /Users/angel.georgiev/VsCodeProjects/PythonExamples/.venv/lib/python3.10/site-packages/airflow/example_dags/tutorial_objectstorage.py
[2024-01-11T20:45:32.270+0200] {processor.py:830} INFO - Processing file /Users/angel.georgiev/VsCodeProjects/PythonExamples/.venv/lib/python3.10/site-packages/airflow/example_dags/tutorial_objectstorage.py for tasks to queue
[2024-01-11T20:45:32.270+0200] {logging_mixin.py:188} INFO - [2024-01-11T20:45:32.270+0200] {dagbag.py:538} INFO - Filling up the DagBag from /Users/angel.georgiev/VsCodeProjects/PythonExamples/.venv/lib/python3.10/site-packages/airflow/example_dags/tutorial_objectstorage.py
[2024-01-11T20:45:32.428+0200] {processor.py:840} INFO - DAG(s) 'tutorial_objectstorage' retrieved from /Users/angel.georgiev/VsCodeProjects/PythonExamples/.venv/lib/python3.10/site-packages/airflow/example_dags/tutorial_objectstorage.py
[2024-01-11T20:45:32.514+0200] {logging_mixin.py:188} INFO - [2024-01-11T20:45:32.514+0200] {dag.py:3033} INFO - Sync 1 DAGs
[2024-01-11T20:45:32.523+0200] {logging_mixin.py:188} INFO - [2024-01-11T20:45:32.522+0200] {dag.py:3820} INFO - Setting next_dagrun for tutorial_objectstorage to None, run_after=None
[2024-01-11T20:45:32.540+0200] {processor.py:183} INFO - Processing /Users/angel.georgiev/VsCodeProjects/PythonExamples/.venv/lib/python3.10/site-packages/airflow/example_dags/tutorial_objectstorage.py took 0.276 seconds
[2024-01-11T20:47:31.271+0200] {processor.py:161} INFO - Started process (PID=35460) to work on /Users/angel.georgiev/VsCodeProjects/PythonExamples/.venv/lib/python3.10/site-packages/airflow/example_dags/tutorial_objectstorage.py
[2024-01-11T20:47:31.275+0200] {processor.py:830} INFO - Processing file /Users/angel.georgiev/VsCodeProjects/PythonExamples/.venv/lib/python3.10/site-packages/airflow/example_dags/tutorial_objectstorage.py for tasks to queue
[2024-01-11T20:47:31.276+0200] {logging_mixin.py:188} INFO - [2024-01-11T20:47:31.276+0200] {dagbag.py:538} INFO - Filling up the DagBag from /Users/angel.georgiev/VsCodeProjects/PythonExamples/.venv/lib/python3.10/site-packages/airflow/example_dags/tutorial_objectstorage.py
[2024-01-11T20:47:31.626+0200] {processor.py:840} INFO - DAG(s) 'tutorial_objectstorage' retrieved from /Users/angel.georgiev/VsCodeProjects/PythonExamples/.venv/lib/python3.10/site-packages/airflow/example_dags/tutorial_objectstorage.py
[2024-01-11T20:47:31.774+0200] {logging_mixin.py:188} INFO - [2024-01-11T20:47:31.774+0200] {dag.py:3033} INFO - Sync 1 DAGs
[2024-01-11T20:47:31.786+0200] {logging_mixin.py:188} INFO - [2024-01-11T20:47:31.786+0200] {dag.py:3820} INFO - Setting next_dagrun for tutorial_objectstorage to None, run_after=None
[2024-01-11T20:47:31.812+0200] {processor.py:183} INFO - Processing /Users/angel.georgiev/VsCodeProjects/PythonExamples/.venv/lib/python3.10/site-packages/airflow/example_dags/tutorial_objectstorage.py took 0.542 seconds
[2024-01-11T20:49:27.420+0200] {processor.py:161} INFO - Started process (PID=35640) to work on /Users/angel.georgiev/VsCodeProjects/PythonExamples/.venv/lib/python3.10/site-packages/airflow/example_dags/tutorial_objectstorage.py
[2024-01-11T20:49:27.424+0200] {processor.py:830} INFO - Processing file /Users/angel.georgiev/VsCodeProjects/PythonExamples/.venv/lib/python3.10/site-packages/airflow/example_dags/tutorial_objectstorage.py for tasks to queue
[2024-01-11T20:49:27.425+0200] {logging_mixin.py:188} INFO - [2024-01-11T20:49:27.425+0200] {dagbag.py:538} INFO - Filling up the DagBag from /Users/angel.georgiev/VsCodeProjects/PythonExamples/.venv/lib/python3.10/site-packages/airflow/example_dags/tutorial_objectstorage.py
[2024-01-11T20:49:27.577+0200] {processor.py:840} INFO - DAG(s) 'tutorial_objectstorage' retrieved from /Users/angel.georgiev/VsCodeProjects/PythonExamples/.venv/lib/python3.10/site-packages/airflow/example_dags/tutorial_objectstorage.py
[2024-01-11T20:49:27.660+0200] {logging_mixin.py:188} INFO - [2024-01-11T20:49:27.660+0200] {dag.py:3033} INFO - Sync 1 DAGs
[2024-01-11T20:49:27.668+0200] {logging_mixin.py:188} INFO - [2024-01-11T20:49:27.668+0200] {dag.py:3820} INFO - Setting next_dagrun for tutorial_objectstorage to None, run_after=None
[2024-01-11T20:49:27.688+0200] {processor.py:183} INFO - Processing /Users/angel.georgiev/VsCodeProjects/PythonExamples/.venv/lib/python3.10/site-packages/airflow/example_dags/tutorial_objectstorage.py took 0.270 seconds
[2024-01-11T20:51:20.426+0200] {processor.py:161} INFO - Started process (PID=35733) to work on /Users/angel.georgiev/VsCodeProjects/PythonExamples/.venv/lib/python3.10/site-packages/airflow/example_dags/tutorial_objectstorage.py
[2024-01-11T20:51:20.431+0200] {processor.py:830} INFO - Processing file /Users/angel.georgiev/VsCodeProjects/PythonExamples/.venv/lib/python3.10/site-packages/airflow/example_dags/tutorial_objectstorage.py for tasks to queue
[2024-01-11T20:51:20.431+0200] {logging_mixin.py:188} INFO - [2024-01-11T20:51:20.431+0200] {dagbag.py:538} INFO - Filling up the DagBag from /Users/angel.georgiev/VsCodeProjects/PythonExamples/.venv/lib/python3.10/site-packages/airflow/example_dags/tutorial_objectstorage.py
[2024-01-11T20:51:20.584+0200] {processor.py:840} INFO - DAG(s) 'tutorial_objectstorage' retrieved from /Users/angel.georgiev/VsCodeProjects/PythonExamples/.venv/lib/python3.10/site-packages/airflow/example_dags/tutorial_objectstorage.py
[2024-01-11T20:51:20.667+0200] {logging_mixin.py:188} INFO - [2024-01-11T20:51:20.667+0200] {dag.py:3033} INFO - Sync 1 DAGs
[2024-01-11T20:51:20.676+0200] {logging_mixin.py:188} INFO - [2024-01-11T20:51:20.675+0200] {dag.py:3820} INFO - Setting next_dagrun for tutorial_objectstorage to None, run_after=None
[2024-01-11T20:51:20.693+0200] {processor.py:183} INFO - Processing /Users/angel.georgiev/VsCodeProjects/PythonExamples/.venv/lib/python3.10/site-packages/airflow/example_dags/tutorial_objectstorage.py took 0.268 seconds
[2024-01-11T20:53:15.913+0200] {processor.py:161} INFO - Started process (PID=35830) to work on /Users/angel.georgiev/VsCodeProjects/PythonExamples/.venv/lib/python3.10/site-packages/airflow/example_dags/tutorial_objectstorage.py
[2024-01-11T20:53:15.917+0200] {processor.py:830} INFO - Processing file /Users/angel.georgiev/VsCodeProjects/PythonExamples/.venv/lib/python3.10/site-packages/airflow/example_dags/tutorial_objectstorage.py for tasks to queue
[2024-01-11T20:53:15.918+0200] {logging_mixin.py:188} INFO - [2024-01-11T20:53:15.918+0200] {dagbag.py:538} INFO - Filling up the DagBag from /Users/angel.georgiev/VsCodeProjects/PythonExamples/.venv/lib/python3.10/site-packages/airflow/example_dags/tutorial_objectstorage.py
[2024-01-11T20:53:16.073+0200] {processor.py:840} INFO - DAG(s) 'tutorial_objectstorage' retrieved from /Users/angel.georgiev/VsCodeProjects/PythonExamples/.venv/lib/python3.10/site-packages/airflow/example_dags/tutorial_objectstorage.py
[2024-01-11T20:53:16.159+0200] {logging_mixin.py:188} INFO - [2024-01-11T20:53:16.159+0200] {dag.py:3033} INFO - Sync 1 DAGs
[2024-01-11T20:53:16.168+0200] {logging_mixin.py:188} INFO - [2024-01-11T20:53:16.168+0200] {dag.py:3820} INFO - Setting next_dagrun for tutorial_objectstorage to None, run_after=None
[2024-01-11T20:53:16.186+0200] {processor.py:183} INFO - Processing /Users/angel.georgiev/VsCodeProjects/PythonExamples/.venv/lib/python3.10/site-packages/airflow/example_dags/tutorial_objectstorage.py took 0.274 seconds
[2024-01-11T20:55:30.780+0200] {processor.py:161} INFO - Started process (PID=36059) to work on /Users/angel.georgiev/VsCodeProjects/PythonExamples/.venv/lib/python3.10/site-packages/airflow/example_dags/tutorial_objectstorage.py
[2024-01-11T20:55:30.786+0200] {processor.py:830} INFO - Processing file /Users/angel.georgiev/VsCodeProjects/PythonExamples/.venv/lib/python3.10/site-packages/airflow/example_dags/tutorial_objectstorage.py for tasks to queue
[2024-01-11T20:55:30.787+0200] {logging_mixin.py:188} INFO - [2024-01-11T20:55:30.787+0200] {dagbag.py:538} INFO - Filling up the DagBag from /Users/angel.georgiev/VsCodeProjects/PythonExamples/.venv/lib/python3.10/site-packages/airflow/example_dags/tutorial_objectstorage.py
[2024-01-11T20:55:30.994+0200] {processor.py:840} INFO - DAG(s) 'tutorial_objectstorage' retrieved from /Users/angel.georgiev/VsCodeProjects/PythonExamples/.venv/lib/python3.10/site-packages/airflow/example_dags/tutorial_objectstorage.py
[2024-01-11T20:55:31.131+0200] {logging_mixin.py:188} INFO - [2024-01-11T20:55:31.130+0200] {dag.py:3033} INFO - Sync 1 DAGs
[2024-01-11T20:55:31.143+0200] {logging_mixin.py:188} INFO - [2024-01-11T20:55:31.143+0200] {dag.py:3820} INFO - Setting next_dagrun for tutorial_objectstorage to None, run_after=None
[2024-01-11T20:55:31.186+0200] {processor.py:183} INFO - Processing /Users/angel.georgiev/VsCodeProjects/PythonExamples/.venv/lib/python3.10/site-packages/airflow/example_dags/tutorial_objectstorage.py took 0.407 seconds
[2024-01-11T20:58:02.142+0200] {processor.py:161} INFO - Started process (PID=36150) to work on /Users/angel.georgiev/VsCodeProjects/PythonExamples/.venv/lib/python3.10/site-packages/airflow/example_dags/tutorial_objectstorage.py
[2024-01-11T20:58:02.148+0200] {processor.py:830} INFO - Processing file /Users/angel.georgiev/VsCodeProjects/PythonExamples/.venv/lib/python3.10/site-packages/airflow/example_dags/tutorial_objectstorage.py for tasks to queue
[2024-01-11T20:58:02.149+0200] {logging_mixin.py:188} INFO - [2024-01-11T20:58:02.149+0200] {dagbag.py:538} INFO - Filling up the DagBag from /Users/angel.georgiev/VsCodeProjects/PythonExamples/.venv/lib/python3.10/site-packages/airflow/example_dags/tutorial_objectstorage.py
[2024-01-11T20:58:02.322+0200] {processor.py:840} INFO - DAG(s) 'tutorial_objectstorage' retrieved from /Users/angel.georgiev/VsCodeProjects/PythonExamples/.venv/lib/python3.10/site-packages/airflow/example_dags/tutorial_objectstorage.py
[2024-01-11T20:58:02.442+0200] {logging_mixin.py:188} INFO - [2024-01-11T20:58:02.441+0200] {dag.py:3033} INFO - Sync 1 DAGs
[2024-01-11T20:58:02.456+0200] {logging_mixin.py:188} INFO - [2024-01-11T20:58:02.456+0200] {dag.py:3820} INFO - Setting next_dagrun for tutorial_objectstorage to None, run_after=None
[2024-01-11T20:58:02.482+0200] {processor.py:183} INFO - Processing /Users/angel.georgiev/VsCodeProjects/PythonExamples/.venv/lib/python3.10/site-packages/airflow/example_dags/tutorial_objectstorage.py took 0.341 seconds
