[2024-01-14T09:35:52.515+0200] {processor.py:161} INFO - Started process (PID=48644) to work on /Library/Frameworks/Python.framework/Versions/3.10/lib/python3.10/site-packages/airflow/example_dags/subdags/subdag.py
[2024-01-14T09:35:52.534+0200] {processor.py:830} INFO - Processing file /Library/Frameworks/Python.framework/Versions/3.10/lib/python3.10/site-packages/airflow/example_dags/subdags/subdag.py for tasks to queue
[2024-01-14T09:35:52.537+0200] {logging_mixin.py:188} INFO - [2024-01-14T09:35:52.536+0200] {dagbag.py:538} INFO - Filling up the DagBag from /Library/Frameworks/Python.framework/Versions/3.10/lib/python3.10/site-packages/airflow/example_dags/subdags/subdag.py
[2024-01-14T09:35:52.549+0200] {processor.py:842} WARNING - No viable dags retrieved from /Library/Frameworks/Python.framework/Versions/3.10/lib/python3.10/site-packages/airflow/example_dags/subdags/subdag.py
[2024-01-14T09:35:53.304+0200] {processor.py:183} INFO - Processing /Library/Frameworks/Python.framework/Versions/3.10/lib/python3.10/site-packages/airflow/example_dags/subdags/subdag.py took 0.794 seconds
[2024-01-14T17:48:26.138+0200] {processor.py:161} INFO - Started process (PID=49175) to work on /Library/Frameworks/Python.framework/Versions/3.10/lib/python3.10/site-packages/airflow/example_dags/subdags/subdag.py
[2024-01-14T17:48:26.142+0200] {processor.py:830} INFO - Processing file /Library/Frameworks/Python.framework/Versions/3.10/lib/python3.10/site-packages/airflow/example_dags/subdags/subdag.py for tasks to queue
[2024-01-14T17:48:26.143+0200] {logging_mixin.py:188} INFO - [2024-01-14T17:48:26.142+0200] {dagbag.py:538} INFO - Filling up the DagBag from /Library/Frameworks/Python.framework/Versions/3.10/lib/python3.10/site-packages/airflow/example_dags/subdags/subdag.py
[2024-01-14T17:48:26.145+0200] {processor.py:842} WARNING - No viable dags retrieved from /Library/Frameworks/Python.framework/Versions/3.10/lib/python3.10/site-packages/airflow/example_dags/subdags/subdag.py
[2024-01-14T17:48:26.268+0200] {processor.py:183} INFO - Processing /Library/Frameworks/Python.framework/Versions/3.10/lib/python3.10/site-packages/airflow/example_dags/subdags/subdag.py took 0.132 seconds
[2024-01-15T00:19:27.993+0200] {processor.py:161} INFO - Started process (PID=49660) to work on /Library/Frameworks/Python.framework/Versions/3.10/lib/python3.10/site-packages/airflow/example_dags/subdags/subdag.py
[2024-01-15T00:19:28.000+0200] {processor.py:830} INFO - Processing file /Library/Frameworks/Python.framework/Versions/3.10/lib/python3.10/site-packages/airflow/example_dags/subdags/subdag.py for tasks to queue
[2024-01-15T00:19:28.001+0200] {logging_mixin.py:188} INFO - [2024-01-15T00:19:28.001+0200] {dagbag.py:538} INFO - Filling up the DagBag from /Library/Frameworks/Python.framework/Versions/3.10/lib/python3.10/site-packages/airflow/example_dags/subdags/subdag.py
[2024-01-15T00:19:28.007+0200] {processor.py:842} WARNING - No viable dags retrieved from /Library/Frameworks/Python.framework/Versions/3.10/lib/python3.10/site-packages/airflow/example_dags/subdags/subdag.py
[2024-01-15T00:19:28.172+0200] {processor.py:183} INFO - Processing /Library/Frameworks/Python.framework/Versions/3.10/lib/python3.10/site-packages/airflow/example_dags/subdags/subdag.py took 0.181 seconds
[2024-01-15T00:22:07.212+0200] {processor.py:161} INFO - Started process (PID=50226) to work on /Library/Frameworks/Python.framework/Versions/3.10/lib/python3.10/site-packages/airflow/example_dags/subdags/subdag.py
[2024-01-15T00:22:07.216+0200] {processor.py:830} INFO - Processing file /Library/Frameworks/Python.framework/Versions/3.10/lib/python3.10/site-packages/airflow/example_dags/subdags/subdag.py for tasks to queue
[2024-01-15T00:22:07.217+0200] {logging_mixin.py:188} INFO - [2024-01-15T00:22:07.216+0200] {dagbag.py:538} INFO - Filling up the DagBag from /Library/Frameworks/Python.framework/Versions/3.10/lib/python3.10/site-packages/airflow/example_dags/subdags/subdag.py
[2024-01-15T00:22:07.220+0200] {processor.py:842} WARNING - No viable dags retrieved from /Library/Frameworks/Python.framework/Versions/3.10/lib/python3.10/site-packages/airflow/example_dags/subdags/subdag.py
[2024-01-15T00:22:07.355+0200] {processor.py:183} INFO - Processing /Library/Frameworks/Python.framework/Versions/3.10/lib/python3.10/site-packages/airflow/example_dags/subdags/subdag.py took 0.145 seconds
[2024-01-15T00:24:39.709+0200] {processor.py:161} INFO - Started process (PID=50340) to work on /Library/Frameworks/Python.framework/Versions/3.10/lib/python3.10/site-packages/airflow/example_dags/subdags/subdag.py
[2024-01-15T00:24:39.714+0200] {processor.py:830} INFO - Processing file /Library/Frameworks/Python.framework/Versions/3.10/lib/python3.10/site-packages/airflow/example_dags/subdags/subdag.py for tasks to queue
[2024-01-15T00:24:39.714+0200] {logging_mixin.py:188} INFO - [2024-01-15T00:24:39.714+0200] {dagbag.py:538} INFO - Filling up the DagBag from /Library/Frameworks/Python.framework/Versions/3.10/lib/python3.10/site-packages/airflow/example_dags/subdags/subdag.py
[2024-01-15T00:24:39.717+0200] {processor.py:842} WARNING - No viable dags retrieved from /Library/Frameworks/Python.framework/Versions/3.10/lib/python3.10/site-packages/airflow/example_dags/subdags/subdag.py
[2024-01-15T00:24:39.896+0200] {processor.py:183} INFO - Processing /Library/Frameworks/Python.framework/Versions/3.10/lib/python3.10/site-packages/airflow/example_dags/subdags/subdag.py took 0.188 seconds
[2024-01-15T00:27:01.232+0200] {processor.py:161} INFO - Started process (PID=50423) to work on /Library/Frameworks/Python.framework/Versions/3.10/lib/python3.10/site-packages/airflow/example_dags/subdags/subdag.py
[2024-01-15T00:27:01.237+0200] {processor.py:830} INFO - Processing file /Library/Frameworks/Python.framework/Versions/3.10/lib/python3.10/site-packages/airflow/example_dags/subdags/subdag.py for tasks to queue
[2024-01-15T00:27:01.237+0200] {logging_mixin.py:188} INFO - [2024-01-15T00:27:01.237+0200] {dagbag.py:538} INFO - Filling up the DagBag from /Library/Frameworks/Python.framework/Versions/3.10/lib/python3.10/site-packages/airflow/example_dags/subdags/subdag.py
[2024-01-15T00:27:01.240+0200] {processor.py:842} WARNING - No viable dags retrieved from /Library/Frameworks/Python.framework/Versions/3.10/lib/python3.10/site-packages/airflow/example_dags/subdags/subdag.py
[2024-01-15T00:27:01.375+0200] {processor.py:183} INFO - Processing /Library/Frameworks/Python.framework/Versions/3.10/lib/python3.10/site-packages/airflow/example_dags/subdags/subdag.py took 0.145 seconds
[2024-01-15T00:29:37.489+0200] {processor.py:161} INFO - Started process (PID=50628) to work on /Library/Frameworks/Python.framework/Versions/3.10/lib/python3.10/site-packages/airflow/example_dags/subdags/subdag.py
[2024-01-15T00:29:37.494+0200] {processor.py:830} INFO - Processing file /Library/Frameworks/Python.framework/Versions/3.10/lib/python3.10/site-packages/airflow/example_dags/subdags/subdag.py for tasks to queue
[2024-01-15T00:29:37.494+0200] {logging_mixin.py:188} INFO - [2024-01-15T00:29:37.494+0200] {dagbag.py:538} INFO - Filling up the DagBag from /Library/Frameworks/Python.framework/Versions/3.10/lib/python3.10/site-packages/airflow/example_dags/subdags/subdag.py
[2024-01-15T00:29:37.498+0200] {processor.py:842} WARNING - No viable dags retrieved from /Library/Frameworks/Python.framework/Versions/3.10/lib/python3.10/site-packages/airflow/example_dags/subdags/subdag.py
[2024-01-15T00:29:37.635+0200] {processor.py:183} INFO - Processing /Library/Frameworks/Python.framework/Versions/3.10/lib/python3.10/site-packages/airflow/example_dags/subdags/subdag.py took 0.148 seconds
