[2024-01-13T10:07:43.291+0200] {processor.py:161} INFO - Started process (PID=21794) to work on /Library/Frameworks/Python.framework/Versions/3.10/lib/python3.10/site-packages/airflow/example_dags/example_branch_day_of_week_operator.py
[2024-01-13T10:07:43.295+0200] {processor.py:830} INFO - Processing file /Library/Frameworks/Python.framework/Versions/3.10/lib/python3.10/site-packages/airflow/example_dags/example_branch_day_of_week_operator.py for tasks to queue
[2024-01-13T10:07:43.296+0200] {logging_mixin.py:188} INFO - [2024-01-13T10:07:43.296+0200] {dagbag.py:538} INFO - Filling up the DagBag from /Library/Frameworks/Python.framework/Versions/3.10/lib/python3.10/site-packages/airflow/example_dags/example_branch_day_of_week_operator.py
[2024-01-13T10:07:43.308+0200] {processor.py:840} INFO - DAG(s) 'example_weekday_branch_operator' retrieved from /Library/Frameworks/Python.framework/Versions/3.10/lib/python3.10/site-packages/airflow/example_dags/example_branch_day_of_week_operator.py
[2024-01-13T10:07:43.443+0200] {logging_mixin.py:188} INFO - [2024-01-13T10:07:43.443+0200] {dag.py:3033} INFO - Sync 1 DAGs
[2024-01-13T10:07:43.460+0200] {logging_mixin.py:188} INFO - [2024-01-13T10:07:43.460+0200] {dag.py:3820} INFO - Setting next_dagrun for example_weekday_branch_operator to 2024-01-12T00:00:00+00:00, run_after=2024-01-13T00:00:00+00:00
[2024-01-13T10:07:43.477+0200] {processor.py:183} INFO - Processing /Library/Frameworks/Python.framework/Versions/3.10/lib/python3.10/site-packages/airflow/example_dags/example_branch_day_of_week_operator.py took 0.187 seconds
[2024-01-13T10:11:50.155+0200] {processor.py:161} INFO - Started process (PID=22106) to work on /Library/Frameworks/Python.framework/Versions/3.10/lib/python3.10/site-packages/airflow/example_dags/example_branch_day_of_week_operator.py
[2024-01-13T10:11:50.162+0200] {processor.py:830} INFO - Processing file /Library/Frameworks/Python.framework/Versions/3.10/lib/python3.10/site-packages/airflow/example_dags/example_branch_day_of_week_operator.py for tasks to queue
[2024-01-13T10:11:50.163+0200] {logging_mixin.py:188} INFO - [2024-01-13T10:11:50.163+0200] {dagbag.py:538} INFO - Filling up the DagBag from /Library/Frameworks/Python.framework/Versions/3.10/lib/python3.10/site-packages/airflow/example_dags/example_branch_day_of_week_operator.py
[2024-01-13T10:11:50.180+0200] {processor.py:840} INFO - DAG(s) 'example_weekday_branch_operator' retrieved from /Library/Frameworks/Python.framework/Versions/3.10/lib/python3.10/site-packages/airflow/example_dags/example_branch_day_of_week_operator.py
[2024-01-13T10:11:50.343+0200] {logging_mixin.py:188} INFO - [2024-01-13T10:11:50.343+0200] {dag.py:3033} INFO - Sync 1 DAGs
[2024-01-13T10:11:50.368+0200] {logging_mixin.py:188} INFO - [2024-01-13T10:11:50.368+0200] {dag.py:3820} INFO - Setting next_dagrun for example_weekday_branch_operator to 2024-01-12T00:00:00+00:00, run_after=2024-01-13T00:00:00+00:00
[2024-01-13T10:11:50.388+0200] {processor.py:183} INFO - Processing /Library/Frameworks/Python.framework/Versions/3.10/lib/python3.10/site-packages/airflow/example_dags/example_branch_day_of_week_operator.py took 0.235 seconds
[2024-01-13T10:16:07.118+0200] {processor.py:161} INFO - Started process (PID=23239) to work on /Library/Frameworks/Python.framework/Versions/3.10/lib/python3.10/site-packages/airflow/example_dags/example_branch_day_of_week_operator.py
[2024-01-13T10:16:07.122+0200] {processor.py:830} INFO - Processing file /Library/Frameworks/Python.framework/Versions/3.10/lib/python3.10/site-packages/airflow/example_dags/example_branch_day_of_week_operator.py for tasks to queue
[2024-01-13T10:16:07.122+0200] {logging_mixin.py:188} INFO - [2024-01-13T10:16:07.122+0200] {dagbag.py:538} INFO - Filling up the DagBag from /Library/Frameworks/Python.framework/Versions/3.10/lib/python3.10/site-packages/airflow/example_dags/example_branch_day_of_week_operator.py
[2024-01-13T10:16:07.137+0200] {processor.py:840} INFO - DAG(s) 'example_weekday_branch_operator' retrieved from /Library/Frameworks/Python.framework/Versions/3.10/lib/python3.10/site-packages/airflow/example_dags/example_branch_day_of_week_operator.py
[2024-01-13T10:16:07.273+0200] {logging_mixin.py:188} INFO - [2024-01-13T10:16:07.273+0200] {dag.py:3033} INFO - Sync 1 DAGs
[2024-01-13T10:16:07.289+0200] {logging_mixin.py:188} INFO - [2024-01-13T10:16:07.289+0200] {dag.py:3820} INFO - Setting next_dagrun for example_weekday_branch_operator to 2024-01-12T00:00:00+00:00, run_after=2024-01-13T00:00:00+00:00
[2024-01-13T10:16:07.308+0200] {processor.py:183} INFO - Processing /Library/Frameworks/Python.framework/Versions/3.10/lib/python3.10/site-packages/airflow/example_dags/example_branch_day_of_week_operator.py took 0.192 seconds
[2024-01-13T10:20:04.422+0200] {processor.py:161} INFO - Started process (PID=23461) to work on /Library/Frameworks/Python.framework/Versions/3.10/lib/python3.10/site-packages/airflow/example_dags/example_branch_day_of_week_operator.py
[2024-01-13T10:20:04.427+0200] {processor.py:830} INFO - Processing file /Library/Frameworks/Python.framework/Versions/3.10/lib/python3.10/site-packages/airflow/example_dags/example_branch_day_of_week_operator.py for tasks to queue
[2024-01-13T10:20:04.427+0200] {logging_mixin.py:188} INFO - [2024-01-13T10:20:04.427+0200] {dagbag.py:538} INFO - Filling up the DagBag from /Library/Frameworks/Python.framework/Versions/3.10/lib/python3.10/site-packages/airflow/example_dags/example_branch_day_of_week_operator.py
[2024-01-13T10:20:04.443+0200] {processor.py:840} INFO - DAG(s) 'example_weekday_branch_operator' retrieved from /Library/Frameworks/Python.framework/Versions/3.10/lib/python3.10/site-packages/airflow/example_dags/example_branch_day_of_week_operator.py
[2024-01-13T10:20:04.585+0200] {logging_mixin.py:188} INFO - [2024-01-13T10:20:04.584+0200] {dag.py:3033} INFO - Sync 1 DAGs
[2024-01-13T10:20:04.600+0200] {logging_mixin.py:188} INFO - [2024-01-13T10:20:04.600+0200] {dag.py:3820} INFO - Setting next_dagrun for example_weekday_branch_operator to 2024-01-12T00:00:00+00:00, run_after=2024-01-13T00:00:00+00:00
[2024-01-13T10:20:04.617+0200] {processor.py:183} INFO - Processing /Library/Frameworks/Python.framework/Versions/3.10/lib/python3.10/site-packages/airflow/example_dags/example_branch_day_of_week_operator.py took 0.197 seconds
[2024-01-13T10:23:56.737+0200] {processor.py:161} INFO - Started process (PID=23614) to work on /Library/Frameworks/Python.framework/Versions/3.10/lib/python3.10/site-packages/airflow/example_dags/example_branch_day_of_week_operator.py
[2024-01-13T10:23:56.742+0200] {processor.py:830} INFO - Processing file /Library/Frameworks/Python.framework/Versions/3.10/lib/python3.10/site-packages/airflow/example_dags/example_branch_day_of_week_operator.py for tasks to queue
[2024-01-13T10:23:56.743+0200] {logging_mixin.py:188} INFO - [2024-01-13T10:23:56.742+0200] {dagbag.py:538} INFO - Filling up the DagBag from /Library/Frameworks/Python.framework/Versions/3.10/lib/python3.10/site-packages/airflow/example_dags/example_branch_day_of_week_operator.py
[2024-01-13T10:23:56.758+0200] {processor.py:840} INFO - DAG(s) 'example_weekday_branch_operator' retrieved from /Library/Frameworks/Python.framework/Versions/3.10/lib/python3.10/site-packages/airflow/example_dags/example_branch_day_of_week_operator.py
[2024-01-13T10:23:56.901+0200] {logging_mixin.py:188} INFO - [2024-01-13T10:23:56.901+0200] {dag.py:3033} INFO - Sync 1 DAGs
[2024-01-13T10:23:56.916+0200] {logging_mixin.py:188} INFO - [2024-01-13T10:23:56.916+0200] {dag.py:3820} INFO - Setting next_dagrun for example_weekday_branch_operator to 2024-01-12T00:00:00+00:00, run_after=2024-01-13T00:00:00+00:00
[2024-01-13T10:23:56.933+0200] {processor.py:183} INFO - Processing /Library/Frameworks/Python.framework/Versions/3.10/lib/python3.10/site-packages/airflow/example_dags/example_branch_day_of_week_operator.py took 0.197 seconds
[2024-01-13T10:27:50.554+0200] {processor.py:161} INFO - Started process (PID=23866) to work on /Library/Frameworks/Python.framework/Versions/3.10/lib/python3.10/site-packages/airflow/example_dags/example_branch_day_of_week_operator.py
[2024-01-13T10:27:50.558+0200] {processor.py:830} INFO - Processing file /Library/Frameworks/Python.framework/Versions/3.10/lib/python3.10/site-packages/airflow/example_dags/example_branch_day_of_week_operator.py for tasks to queue
[2024-01-13T10:27:50.559+0200] {logging_mixin.py:188} INFO - [2024-01-13T10:27:50.559+0200] {dagbag.py:538} INFO - Filling up the DagBag from /Library/Frameworks/Python.framework/Versions/3.10/lib/python3.10/site-packages/airflow/example_dags/example_branch_day_of_week_operator.py
[2024-01-13T10:27:50.573+0200] {processor.py:840} INFO - DAG(s) 'example_weekday_branch_operator' retrieved from /Library/Frameworks/Python.framework/Versions/3.10/lib/python3.10/site-packages/airflow/example_dags/example_branch_day_of_week_operator.py
[2024-01-13T10:27:50.713+0200] {logging_mixin.py:188} INFO - [2024-01-13T10:27:50.713+0200] {dag.py:3033} INFO - Sync 1 DAGs
[2024-01-13T10:27:50.729+0200] {logging_mixin.py:188} INFO - [2024-01-13T10:27:50.728+0200] {dag.py:3820} INFO - Setting next_dagrun for example_weekday_branch_operator to 2024-01-12T00:00:00+00:00, run_after=2024-01-13T00:00:00+00:00
[2024-01-13T10:27:50.745+0200] {processor.py:183} INFO - Processing /Library/Frameworks/Python.framework/Versions/3.10/lib/python3.10/site-packages/airflow/example_dags/example_branch_day_of_week_operator.py took 0.193 seconds
[2024-01-13T10:31:47.482+0200] {processor.py:161} INFO - Started process (PID=24044) to work on /Library/Frameworks/Python.framework/Versions/3.10/lib/python3.10/site-packages/airflow/example_dags/example_branch_day_of_week_operator.py
[2024-01-13T10:31:47.487+0200] {processor.py:830} INFO - Processing file /Library/Frameworks/Python.framework/Versions/3.10/lib/python3.10/site-packages/airflow/example_dags/example_branch_day_of_week_operator.py for tasks to queue
[2024-01-13T10:31:47.488+0200] {logging_mixin.py:188} INFO - [2024-01-13T10:31:47.487+0200] {dagbag.py:538} INFO - Filling up the DagBag from /Library/Frameworks/Python.framework/Versions/3.10/lib/python3.10/site-packages/airflow/example_dags/example_branch_day_of_week_operator.py
[2024-01-13T10:31:47.503+0200] {processor.py:840} INFO - DAG(s) 'example_weekday_branch_operator' retrieved from /Library/Frameworks/Python.framework/Versions/3.10/lib/python3.10/site-packages/airflow/example_dags/example_branch_day_of_week_operator.py
[2024-01-13T10:31:47.643+0200] {logging_mixin.py:188} INFO - [2024-01-13T10:31:47.643+0200] {dag.py:3033} INFO - Sync 1 DAGs
[2024-01-13T10:31:47.658+0200] {logging_mixin.py:188} INFO - [2024-01-13T10:31:47.658+0200] {dag.py:3820} INFO - Setting next_dagrun for example_weekday_branch_operator to 2024-01-12T00:00:00+00:00, run_after=2024-01-13T00:00:00+00:00
[2024-01-13T10:31:47.676+0200] {processor.py:183} INFO - Processing /Library/Frameworks/Python.framework/Versions/3.10/lib/python3.10/site-packages/airflow/example_dags/example_branch_day_of_week_operator.py took 0.195 seconds
[2024-01-13T10:35:37.319+0200] {processor.py:161} INFO - Started process (PID=24326) to work on /Library/Frameworks/Python.framework/Versions/3.10/lib/python3.10/site-packages/airflow/example_dags/example_branch_day_of_week_operator.py
[2024-01-13T10:35:37.324+0200] {processor.py:830} INFO - Processing file /Library/Frameworks/Python.framework/Versions/3.10/lib/python3.10/site-packages/airflow/example_dags/example_branch_day_of_week_operator.py for tasks to queue
[2024-01-13T10:35:37.325+0200] {logging_mixin.py:188} INFO - [2024-01-13T10:35:37.325+0200] {dagbag.py:538} INFO - Filling up the DagBag from /Library/Frameworks/Python.framework/Versions/3.10/lib/python3.10/site-packages/airflow/example_dags/example_branch_day_of_week_operator.py
[2024-01-13T10:35:37.340+0200] {processor.py:840} INFO - DAG(s) 'example_weekday_branch_operator' retrieved from /Library/Frameworks/Python.framework/Versions/3.10/lib/python3.10/site-packages/airflow/example_dags/example_branch_day_of_week_operator.py
[2024-01-13T10:35:37.486+0200] {logging_mixin.py:188} INFO - [2024-01-13T10:35:37.486+0200] {dag.py:3033} INFO - Sync 1 DAGs
[2024-01-13T10:35:37.502+0200] {logging_mixin.py:188} INFO - [2024-01-13T10:35:37.502+0200] {dag.py:3820} INFO - Setting next_dagrun for example_weekday_branch_operator to 2024-01-12T00:00:00+00:00, run_after=2024-01-13T00:00:00+00:00
[2024-01-13T10:35:37.519+0200] {processor.py:183} INFO - Processing /Library/Frameworks/Python.framework/Versions/3.10/lib/python3.10/site-packages/airflow/example_dags/example_branch_day_of_week_operator.py took 0.201 seconds
[2024-01-13T10:39:34.389+0200] {processor.py:161} INFO - Started process (PID=24596) to work on /Library/Frameworks/Python.framework/Versions/3.10/lib/python3.10/site-packages/airflow/example_dags/example_branch_day_of_week_operator.py
[2024-01-13T10:39:34.393+0200] {processor.py:830} INFO - Processing file /Library/Frameworks/Python.framework/Versions/3.10/lib/python3.10/site-packages/airflow/example_dags/example_branch_day_of_week_operator.py for tasks to queue
[2024-01-13T10:39:34.394+0200] {logging_mixin.py:188} INFO - [2024-01-13T10:39:34.394+0200] {dagbag.py:538} INFO - Filling up the DagBag from /Library/Frameworks/Python.framework/Versions/3.10/lib/python3.10/site-packages/airflow/example_dags/example_branch_day_of_week_operator.py
[2024-01-13T10:39:34.410+0200] {processor.py:840} INFO - DAG(s) 'example_weekday_branch_operator' retrieved from /Library/Frameworks/Python.framework/Versions/3.10/lib/python3.10/site-packages/airflow/example_dags/example_branch_day_of_week_operator.py
[2024-01-13T10:39:34.553+0200] {logging_mixin.py:188} INFO - [2024-01-13T10:39:34.552+0200] {dag.py:3033} INFO - Sync 1 DAGs
[2024-01-13T10:39:34.569+0200] {logging_mixin.py:188} INFO - [2024-01-13T10:39:34.569+0200] {dag.py:3820} INFO - Setting next_dagrun for example_weekday_branch_operator to 2024-01-12T00:00:00+00:00, run_after=2024-01-13T00:00:00+00:00
[2024-01-13T10:39:34.588+0200] {processor.py:183} INFO - Processing /Library/Frameworks/Python.framework/Versions/3.10/lib/python3.10/site-packages/airflow/example_dags/example_branch_day_of_week_operator.py took 0.200 seconds
[2024-01-13T10:43:28.021+0200] {processor.py:161} INFO - Started process (PID=24768) to work on /Library/Frameworks/Python.framework/Versions/3.10/lib/python3.10/site-packages/airflow/example_dags/example_branch_day_of_week_operator.py
[2024-01-13T10:43:28.025+0200] {processor.py:830} INFO - Processing file /Library/Frameworks/Python.framework/Versions/3.10/lib/python3.10/site-packages/airflow/example_dags/example_branch_day_of_week_operator.py for tasks to queue
[2024-01-13T10:43:28.026+0200] {logging_mixin.py:188} INFO - [2024-01-13T10:43:28.026+0200] {dagbag.py:538} INFO - Filling up the DagBag from /Library/Frameworks/Python.framework/Versions/3.10/lib/python3.10/site-packages/airflow/example_dags/example_branch_day_of_week_operator.py
[2024-01-13T10:43:28.044+0200] {processor.py:840} INFO - DAG(s) 'example_weekday_branch_operator' retrieved from /Library/Frameworks/Python.framework/Versions/3.10/lib/python3.10/site-packages/airflow/example_dags/example_branch_day_of_week_operator.py
[2024-01-13T10:43:28.188+0200] {logging_mixin.py:188} INFO - [2024-01-13T10:43:28.188+0200] {dag.py:3033} INFO - Sync 1 DAGs
[2024-01-13T10:43:28.204+0200] {logging_mixin.py:188} INFO - [2024-01-13T10:43:28.204+0200] {dag.py:3820} INFO - Setting next_dagrun for example_weekday_branch_operator to 2024-01-12T00:00:00+00:00, run_after=2024-01-13T00:00:00+00:00
[2024-01-13T10:43:28.223+0200] {processor.py:183} INFO - Processing /Library/Frameworks/Python.framework/Versions/3.10/lib/python3.10/site-packages/airflow/example_dags/example_branch_day_of_week_operator.py took 0.203 seconds
[2024-01-13T10:47:19.137+0200] {processor.py:161} INFO - Started process (PID=25008) to work on /Library/Frameworks/Python.framework/Versions/3.10/lib/python3.10/site-packages/airflow/example_dags/example_branch_day_of_week_operator.py
[2024-01-13T10:47:19.142+0200] {processor.py:830} INFO - Processing file /Library/Frameworks/Python.framework/Versions/3.10/lib/python3.10/site-packages/airflow/example_dags/example_branch_day_of_week_operator.py for tasks to queue
[2024-01-13T10:47:19.142+0200] {logging_mixin.py:188} INFO - [2024-01-13T10:47:19.142+0200] {dagbag.py:538} INFO - Filling up the DagBag from /Library/Frameworks/Python.framework/Versions/3.10/lib/python3.10/site-packages/airflow/example_dags/example_branch_day_of_week_operator.py
[2024-01-13T10:47:19.156+0200] {processor.py:840} INFO - DAG(s) 'example_weekday_branch_operator' retrieved from /Library/Frameworks/Python.framework/Versions/3.10/lib/python3.10/site-packages/airflow/example_dags/example_branch_day_of_week_operator.py
[2024-01-13T10:47:19.296+0200] {logging_mixin.py:188} INFO - [2024-01-13T10:47:19.296+0200] {dag.py:3033} INFO - Sync 1 DAGs
[2024-01-13T10:47:19.311+0200] {logging_mixin.py:188} INFO - [2024-01-13T10:47:19.311+0200] {dag.py:3820} INFO - Setting next_dagrun for example_weekday_branch_operator to 2024-01-12T00:00:00+00:00, run_after=2024-01-13T00:00:00+00:00
[2024-01-13T10:47:19.328+0200] {processor.py:183} INFO - Processing /Library/Frameworks/Python.framework/Versions/3.10/lib/python3.10/site-packages/airflow/example_dags/example_branch_day_of_week_operator.py took 0.192 seconds
[2024-01-13T10:50:59.097+0200] {processor.py:161} INFO - Started process (PID=25256) to work on /Library/Frameworks/Python.framework/Versions/3.10/lib/python3.10/site-packages/airflow/example_dags/example_branch_day_of_week_operator.py
[2024-01-13T10:50:59.100+0200] {processor.py:830} INFO - Processing file /Library/Frameworks/Python.framework/Versions/3.10/lib/python3.10/site-packages/airflow/example_dags/example_branch_day_of_week_operator.py for tasks to queue
[2024-01-13T10:50:59.101+0200] {logging_mixin.py:188} INFO - [2024-01-13T10:50:59.101+0200] {dagbag.py:538} INFO - Filling up the DagBag from /Library/Frameworks/Python.framework/Versions/3.10/lib/python3.10/site-packages/airflow/example_dags/example_branch_day_of_week_operator.py
[2024-01-13T10:50:59.113+0200] {processor.py:840} INFO - DAG(s) 'example_weekday_branch_operator' retrieved from /Library/Frameworks/Python.framework/Versions/3.10/lib/python3.10/site-packages/airflow/example_dags/example_branch_day_of_week_operator.py
[2024-01-13T10:50:59.251+0200] {logging_mixin.py:188} INFO - [2024-01-13T10:50:59.251+0200] {dag.py:3033} INFO - Sync 1 DAGs
[2024-01-13T10:50:59.266+0200] {logging_mixin.py:188} INFO - [2024-01-13T10:50:59.266+0200] {dag.py:3820} INFO - Setting next_dagrun for example_weekday_branch_operator to 2024-01-12T00:00:00+00:00, run_after=2024-01-13T00:00:00+00:00
[2024-01-13T10:50:59.282+0200] {processor.py:183} INFO - Processing /Library/Frameworks/Python.framework/Versions/3.10/lib/python3.10/site-packages/airflow/example_dags/example_branch_day_of_week_operator.py took 0.187 seconds
[2024-01-13T10:54:43.968+0200] {processor.py:161} INFO - Started process (PID=25433) to work on /Library/Frameworks/Python.framework/Versions/3.10/lib/python3.10/site-packages/airflow/example_dags/example_branch_day_of_week_operator.py
[2024-01-13T10:54:43.973+0200] {processor.py:830} INFO - Processing file /Library/Frameworks/Python.framework/Versions/3.10/lib/python3.10/site-packages/airflow/example_dags/example_branch_day_of_week_operator.py for tasks to queue
[2024-01-13T10:54:43.973+0200] {logging_mixin.py:188} INFO - [2024-01-13T10:54:43.973+0200] {dagbag.py:538} INFO - Filling up the DagBag from /Library/Frameworks/Python.framework/Versions/3.10/lib/python3.10/site-packages/airflow/example_dags/example_branch_day_of_week_operator.py
[2024-01-13T10:54:43.987+0200] {processor.py:840} INFO - DAG(s) 'example_weekday_branch_operator' retrieved from /Library/Frameworks/Python.framework/Versions/3.10/lib/python3.10/site-packages/airflow/example_dags/example_branch_day_of_week_operator.py
[2024-01-13T10:54:44.127+0200] {logging_mixin.py:188} INFO - [2024-01-13T10:54:44.127+0200] {dag.py:3033} INFO - Sync 1 DAGs
[2024-01-13T10:54:44.141+0200] {logging_mixin.py:188} INFO - [2024-01-13T10:54:44.141+0200] {dag.py:3820} INFO - Setting next_dagrun for example_weekday_branch_operator to 2024-01-12T00:00:00+00:00, run_after=2024-01-13T00:00:00+00:00
[2024-01-13T10:54:44.158+0200] {processor.py:183} INFO - Processing /Library/Frameworks/Python.framework/Versions/3.10/lib/python3.10/site-packages/airflow/example_dags/example_branch_day_of_week_operator.py took 0.191 seconds
[2024-01-13T10:58:44.320+0200] {processor.py:161} INFO - Started process (PID=25689) to work on /Library/Frameworks/Python.framework/Versions/3.10/lib/python3.10/site-packages/airflow/example_dags/example_branch_day_of_week_operator.py
[2024-01-13T10:58:44.324+0200] {processor.py:830} INFO - Processing file /Library/Frameworks/Python.framework/Versions/3.10/lib/python3.10/site-packages/airflow/example_dags/example_branch_day_of_week_operator.py for tasks to queue
[2024-01-13T10:58:44.325+0200] {logging_mixin.py:188} INFO - [2024-01-13T10:58:44.325+0200] {dagbag.py:538} INFO - Filling up the DagBag from /Library/Frameworks/Python.framework/Versions/3.10/lib/python3.10/site-packages/airflow/example_dags/example_branch_day_of_week_operator.py
[2024-01-13T10:58:44.338+0200] {processor.py:840} INFO - DAG(s) 'example_weekday_branch_operator' retrieved from /Library/Frameworks/Python.framework/Versions/3.10/lib/python3.10/site-packages/airflow/example_dags/example_branch_day_of_week_operator.py
[2024-01-13T10:58:44.475+0200] {logging_mixin.py:188} INFO - [2024-01-13T10:58:44.475+0200] {dag.py:3033} INFO - Sync 1 DAGs
[2024-01-13T10:58:44.490+0200] {logging_mixin.py:188} INFO - [2024-01-13T10:58:44.490+0200] {dag.py:3820} INFO - Setting next_dagrun for example_weekday_branch_operator to 2024-01-12T00:00:00+00:00, run_after=2024-01-13T00:00:00+00:00
[2024-01-13T10:58:44.507+0200] {processor.py:183} INFO - Processing /Library/Frameworks/Python.framework/Versions/3.10/lib/python3.10/site-packages/airflow/example_dags/example_branch_day_of_week_operator.py took 0.189 seconds
[2024-01-13T11:02:37.077+0200] {processor.py:161} INFO - Started process (PID=25850) to work on /Library/Frameworks/Python.framework/Versions/3.10/lib/python3.10/site-packages/airflow/example_dags/example_branch_day_of_week_operator.py
[2024-01-13T11:02:37.081+0200] {processor.py:830} INFO - Processing file /Library/Frameworks/Python.framework/Versions/3.10/lib/python3.10/site-packages/airflow/example_dags/example_branch_day_of_week_operator.py for tasks to queue
[2024-01-13T11:02:37.081+0200] {logging_mixin.py:188} INFO - [2024-01-13T11:02:37.081+0200] {dagbag.py:538} INFO - Filling up the DagBag from /Library/Frameworks/Python.framework/Versions/3.10/lib/python3.10/site-packages/airflow/example_dags/example_branch_day_of_week_operator.py
[2024-01-13T11:02:37.093+0200] {processor.py:840} INFO - DAG(s) 'example_weekday_branch_operator' retrieved from /Library/Frameworks/Python.framework/Versions/3.10/lib/python3.10/site-packages/airflow/example_dags/example_branch_day_of_week_operator.py
[2024-01-13T11:02:37.228+0200] {logging_mixin.py:188} INFO - [2024-01-13T11:02:37.228+0200] {dag.py:3033} INFO - Sync 1 DAGs
[2024-01-13T11:02:37.243+0200] {logging_mixin.py:188} INFO - [2024-01-13T11:02:37.243+0200] {dag.py:3820} INFO - Setting next_dagrun for example_weekday_branch_operator to 2024-01-12T00:00:00+00:00, run_after=2024-01-13T00:00:00+00:00
[2024-01-13T11:02:37.260+0200] {processor.py:183} INFO - Processing /Library/Frameworks/Python.framework/Versions/3.10/lib/python3.10/site-packages/airflow/example_dags/example_branch_day_of_week_operator.py took 0.184 seconds
[2024-01-13T11:06:23.763+0200] {processor.py:161} INFO - Started process (PID=26109) to work on /Library/Frameworks/Python.framework/Versions/3.10/lib/python3.10/site-packages/airflow/example_dags/example_branch_day_of_week_operator.py
[2024-01-13T11:06:23.767+0200] {processor.py:830} INFO - Processing file /Library/Frameworks/Python.framework/Versions/3.10/lib/python3.10/site-packages/airflow/example_dags/example_branch_day_of_week_operator.py for tasks to queue
[2024-01-13T11:06:23.767+0200] {logging_mixin.py:188} INFO - [2024-01-13T11:06:23.767+0200] {dagbag.py:538} INFO - Filling up the DagBag from /Library/Frameworks/Python.framework/Versions/3.10/lib/python3.10/site-packages/airflow/example_dags/example_branch_day_of_week_operator.py
[2024-01-13T11:06:23.784+0200] {processor.py:840} INFO - DAG(s) 'example_weekday_branch_operator' retrieved from /Library/Frameworks/Python.framework/Versions/3.10/lib/python3.10/site-packages/airflow/example_dags/example_branch_day_of_week_operator.py
[2024-01-13T11:06:23.973+0200] {logging_mixin.py:188} INFO - [2024-01-13T11:06:23.973+0200] {dag.py:3033} INFO - Sync 1 DAGs
[2024-01-13T11:06:23.991+0200] {logging_mixin.py:188} INFO - [2024-01-13T11:06:23.990+0200] {dag.py:3820} INFO - Setting next_dagrun for example_weekday_branch_operator to 2024-01-12T00:00:00+00:00, run_after=2024-01-13T00:00:00+00:00
[2024-01-13T11:06:24.010+0200] {processor.py:183} INFO - Processing /Library/Frameworks/Python.framework/Versions/3.10/lib/python3.10/site-packages/airflow/example_dags/example_branch_day_of_week_operator.py took 0.249 seconds
[2024-01-13T11:10:27.024+0200] {processor.py:161} INFO - Started process (PID=26286) to work on /Library/Frameworks/Python.framework/Versions/3.10/lib/python3.10/site-packages/airflow/example_dags/example_branch_day_of_week_operator.py
[2024-01-13T11:10:27.029+0200] {processor.py:830} INFO - Processing file /Library/Frameworks/Python.framework/Versions/3.10/lib/python3.10/site-packages/airflow/example_dags/example_branch_day_of_week_operator.py for tasks to queue
[2024-01-13T11:10:27.030+0200] {logging_mixin.py:188} INFO - [2024-01-13T11:10:27.029+0200] {dagbag.py:538} INFO - Filling up the DagBag from /Library/Frameworks/Python.framework/Versions/3.10/lib/python3.10/site-packages/airflow/example_dags/example_branch_day_of_week_operator.py
[2024-01-13T11:10:27.045+0200] {processor.py:840} INFO - DAG(s) 'example_weekday_branch_operator' retrieved from /Library/Frameworks/Python.framework/Versions/3.10/lib/python3.10/site-packages/airflow/example_dags/example_branch_day_of_week_operator.py
[2024-01-13T11:10:27.181+0200] {logging_mixin.py:188} INFO - [2024-01-13T11:10:27.181+0200] {dag.py:3033} INFO - Sync 1 DAGs
[2024-01-13T11:10:27.195+0200] {logging_mixin.py:188} INFO - [2024-01-13T11:10:27.195+0200] {dag.py:3820} INFO - Setting next_dagrun for example_weekday_branch_operator to 2024-01-12T00:00:00+00:00, run_after=2024-01-13T00:00:00+00:00
[2024-01-13T11:10:27.212+0200] {processor.py:183} INFO - Processing /Library/Frameworks/Python.framework/Versions/3.10/lib/python3.10/site-packages/airflow/example_dags/example_branch_day_of_week_operator.py took 0.189 seconds
[2024-01-13T11:14:15.186+0200] {processor.py:161} INFO - Started process (PID=26548) to work on /Library/Frameworks/Python.framework/Versions/3.10/lib/python3.10/site-packages/airflow/example_dags/example_branch_day_of_week_operator.py
[2024-01-13T11:14:15.190+0200] {processor.py:830} INFO - Processing file /Library/Frameworks/Python.framework/Versions/3.10/lib/python3.10/site-packages/airflow/example_dags/example_branch_day_of_week_operator.py for tasks to queue
[2024-01-13T11:14:15.190+0200] {logging_mixin.py:188} INFO - [2024-01-13T11:14:15.190+0200] {dagbag.py:538} INFO - Filling up the DagBag from /Library/Frameworks/Python.framework/Versions/3.10/lib/python3.10/site-packages/airflow/example_dags/example_branch_day_of_week_operator.py
[2024-01-13T11:14:15.207+0200] {processor.py:840} INFO - DAG(s) 'example_weekday_branch_operator' retrieved from /Library/Frameworks/Python.framework/Versions/3.10/lib/python3.10/site-packages/airflow/example_dags/example_branch_day_of_week_operator.py
[2024-01-13T11:14:15.349+0200] {logging_mixin.py:188} INFO - [2024-01-13T11:14:15.349+0200] {dag.py:3033} INFO - Sync 1 DAGs
[2024-01-13T11:14:15.365+0200] {logging_mixin.py:188} INFO - [2024-01-13T11:14:15.365+0200] {dag.py:3820} INFO - Setting next_dagrun for example_weekday_branch_operator to 2024-01-12T00:00:00+00:00, run_after=2024-01-13T00:00:00+00:00
[2024-01-13T11:14:15.382+0200] {processor.py:183} INFO - Processing /Library/Frameworks/Python.framework/Versions/3.10/lib/python3.10/site-packages/airflow/example_dags/example_branch_day_of_week_operator.py took 0.198 seconds
[2024-01-13T11:18:11.467+0200] {processor.py:161} INFO - Started process (PID=26724) to work on /Library/Frameworks/Python.framework/Versions/3.10/lib/python3.10/site-packages/airflow/example_dags/example_branch_day_of_week_operator.py
[2024-01-13T11:18:11.472+0200] {processor.py:830} INFO - Processing file /Library/Frameworks/Python.framework/Versions/3.10/lib/python3.10/site-packages/airflow/example_dags/example_branch_day_of_week_operator.py for tasks to queue
[2024-01-13T11:18:11.473+0200] {logging_mixin.py:188} INFO - [2024-01-13T11:18:11.473+0200] {dagbag.py:538} INFO - Filling up the DagBag from /Library/Frameworks/Python.framework/Versions/3.10/lib/python3.10/site-packages/airflow/example_dags/example_branch_day_of_week_operator.py
[2024-01-13T11:18:11.489+0200] {processor.py:840} INFO - DAG(s) 'example_weekday_branch_operator' retrieved from /Library/Frameworks/Python.framework/Versions/3.10/lib/python3.10/site-packages/airflow/example_dags/example_branch_day_of_week_operator.py
[2024-01-13T11:18:11.642+0200] {logging_mixin.py:188} INFO - [2024-01-13T11:18:11.641+0200] {dag.py:3033} INFO - Sync 1 DAGs
[2024-01-13T11:18:11.658+0200] {logging_mixin.py:188} INFO - [2024-01-13T11:18:11.658+0200] {dag.py:3820} INFO - Setting next_dagrun for example_weekday_branch_operator to 2024-01-12T00:00:00+00:00, run_after=2024-01-13T00:00:00+00:00
[2024-01-13T11:18:11.676+0200] {processor.py:183} INFO - Processing /Library/Frameworks/Python.framework/Versions/3.10/lib/python3.10/site-packages/airflow/example_dags/example_branch_day_of_week_operator.py took 0.210 seconds
[2024-01-13T11:22:07.186+0200] {processor.py:161} INFO - Started process (PID=27029) to work on /Library/Frameworks/Python.framework/Versions/3.10/lib/python3.10/site-packages/airflow/example_dags/example_branch_day_of_week_operator.py
[2024-01-13T11:22:07.191+0200] {processor.py:830} INFO - Processing file /Library/Frameworks/Python.framework/Versions/3.10/lib/python3.10/site-packages/airflow/example_dags/example_branch_day_of_week_operator.py for tasks to queue
[2024-01-13T11:22:07.191+0200] {logging_mixin.py:188} INFO - [2024-01-13T11:22:07.191+0200] {dagbag.py:538} INFO - Filling up the DagBag from /Library/Frameworks/Python.framework/Versions/3.10/lib/python3.10/site-packages/airflow/example_dags/example_branch_day_of_week_operator.py
[2024-01-13T11:22:07.206+0200] {processor.py:840} INFO - DAG(s) 'example_weekday_branch_operator' retrieved from /Library/Frameworks/Python.framework/Versions/3.10/lib/python3.10/site-packages/airflow/example_dags/example_branch_day_of_week_operator.py
[2024-01-13T11:22:07.348+0200] {logging_mixin.py:188} INFO - [2024-01-13T11:22:07.348+0200] {dag.py:3033} INFO - Sync 1 DAGs
[2024-01-13T11:22:07.363+0200] {logging_mixin.py:188} INFO - [2024-01-13T11:22:07.363+0200] {dag.py:3820} INFO - Setting next_dagrun for example_weekday_branch_operator to 2024-01-12T00:00:00+00:00, run_after=2024-01-13T00:00:00+00:00
[2024-01-13T11:22:07.380+0200] {processor.py:183} INFO - Processing /Library/Frameworks/Python.framework/Versions/3.10/lib/python3.10/site-packages/airflow/example_dags/example_branch_day_of_week_operator.py took 0.195 seconds
[2024-01-13T11:26:00.174+0200] {processor.py:161} INFO - Started process (PID=27280) to work on /Library/Frameworks/Python.framework/Versions/3.10/lib/python3.10/site-packages/airflow/example_dags/example_branch_day_of_week_operator.py
[2024-01-13T11:26:00.179+0200] {processor.py:830} INFO - Processing file /Library/Frameworks/Python.framework/Versions/3.10/lib/python3.10/site-packages/airflow/example_dags/example_branch_day_of_week_operator.py for tasks to queue
[2024-01-13T11:26:00.179+0200] {logging_mixin.py:188} INFO - [2024-01-13T11:26:00.179+0200] {dagbag.py:538} INFO - Filling up the DagBag from /Library/Frameworks/Python.framework/Versions/3.10/lib/python3.10/site-packages/airflow/example_dags/example_branch_day_of_week_operator.py
[2024-01-13T11:26:00.194+0200] {processor.py:840} INFO - DAG(s) 'example_weekday_branch_operator' retrieved from /Library/Frameworks/Python.framework/Versions/3.10/lib/python3.10/site-packages/airflow/example_dags/example_branch_day_of_week_operator.py
[2024-01-13T11:26:00.334+0200] {logging_mixin.py:188} INFO - [2024-01-13T11:26:00.333+0200] {dag.py:3033} INFO - Sync 1 DAGs
[2024-01-13T11:26:00.348+0200] {logging_mixin.py:188} INFO - [2024-01-13T11:26:00.348+0200] {dag.py:3820} INFO - Setting next_dagrun for example_weekday_branch_operator to 2024-01-12T00:00:00+00:00, run_after=2024-01-13T00:00:00+00:00
[2024-01-13T11:26:00.365+0200] {processor.py:183} INFO - Processing /Library/Frameworks/Python.framework/Versions/3.10/lib/python3.10/site-packages/airflow/example_dags/example_branch_day_of_week_operator.py took 0.193 seconds
[2024-01-13T11:29:51.564+0200] {processor.py:161} INFO - Started process (PID=27449) to work on /Library/Frameworks/Python.framework/Versions/3.10/lib/python3.10/site-packages/airflow/example_dags/example_branch_day_of_week_operator.py
[2024-01-13T11:29:51.576+0200] {processor.py:830} INFO - Processing file /Library/Frameworks/Python.framework/Versions/3.10/lib/python3.10/site-packages/airflow/example_dags/example_branch_day_of_week_operator.py for tasks to queue
[2024-01-13T11:29:51.577+0200] {logging_mixin.py:188} INFO - [2024-01-13T11:29:51.576+0200] {dagbag.py:538} INFO - Filling up the DagBag from /Library/Frameworks/Python.framework/Versions/3.10/lib/python3.10/site-packages/airflow/example_dags/example_branch_day_of_week_operator.py
[2024-01-13T11:29:51.676+0200] {processor.py:840} INFO - DAG(s) 'example_weekday_branch_operator' retrieved from /Library/Frameworks/Python.framework/Versions/3.10/lib/python3.10/site-packages/airflow/example_dags/example_branch_day_of_week_operator.py
[2024-01-13T11:29:52.082+0200] {logging_mixin.py:188} INFO - [2024-01-13T11:29:52.082+0200] {dag.py:3033} INFO - Sync 1 DAGs
[2024-01-13T11:29:52.110+0200] {logging_mixin.py:188} INFO - [2024-01-13T11:29:52.109+0200] {dag.py:3820} INFO - Setting next_dagrun for example_weekday_branch_operator to 2024-01-12T00:00:00+00:00, run_after=2024-01-13T00:00:00+00:00
[2024-01-13T11:29:52.139+0200] {processor.py:183} INFO - Processing /Library/Frameworks/Python.framework/Versions/3.10/lib/python3.10/site-packages/airflow/example_dags/example_branch_day_of_week_operator.py took 0.576 seconds
[2024-01-13T11:33:44.606+0200] {processor.py:161} INFO - Started process (PID=27705) to work on /Library/Frameworks/Python.framework/Versions/3.10/lib/python3.10/site-packages/airflow/example_dags/example_branch_day_of_week_operator.py
[2024-01-13T11:33:44.610+0200] {processor.py:830} INFO - Processing file /Library/Frameworks/Python.framework/Versions/3.10/lib/python3.10/site-packages/airflow/example_dags/example_branch_day_of_week_operator.py for tasks to queue
[2024-01-13T11:33:44.611+0200] {logging_mixin.py:188} INFO - [2024-01-13T11:33:44.611+0200] {dagbag.py:538} INFO - Filling up the DagBag from /Library/Frameworks/Python.framework/Versions/3.10/lib/python3.10/site-packages/airflow/example_dags/example_branch_day_of_week_operator.py
[2024-01-13T11:33:44.626+0200] {processor.py:840} INFO - DAG(s) 'example_weekday_branch_operator' retrieved from /Library/Frameworks/Python.framework/Versions/3.10/lib/python3.10/site-packages/airflow/example_dags/example_branch_day_of_week_operator.py
[2024-01-13T11:33:44.777+0200] {logging_mixin.py:188} INFO - [2024-01-13T11:33:44.777+0200] {dag.py:3033} INFO - Sync 1 DAGs
[2024-01-13T11:33:44.793+0200] {logging_mixin.py:188} INFO - [2024-01-13T11:33:44.793+0200] {dag.py:3820} INFO - Setting next_dagrun for example_weekday_branch_operator to 2024-01-12T00:00:00+00:00, run_after=2024-01-13T00:00:00+00:00
[2024-01-13T11:33:44.810+0200] {processor.py:183} INFO - Processing /Library/Frameworks/Python.framework/Versions/3.10/lib/python3.10/site-packages/airflow/example_dags/example_branch_day_of_week_operator.py took 0.206 seconds
[2024-01-13T11:37:54.605+0200] {processor.py:161} INFO - Started process (PID=29241) to work on /Library/Frameworks/Python.framework/Versions/3.10/lib/python3.10/site-packages/airflow/example_dags/example_branch_day_of_week_operator.py
[2024-01-13T11:37:54.610+0200] {processor.py:830} INFO - Processing file /Library/Frameworks/Python.framework/Versions/3.10/lib/python3.10/site-packages/airflow/example_dags/example_branch_day_of_week_operator.py for tasks to queue
[2024-01-13T11:37:54.610+0200] {logging_mixin.py:188} INFO - [2024-01-13T11:37:54.610+0200] {dagbag.py:538} INFO - Filling up the DagBag from /Library/Frameworks/Python.framework/Versions/3.10/lib/python3.10/site-packages/airflow/example_dags/example_branch_day_of_week_operator.py
[2024-01-13T11:37:54.626+0200] {processor.py:840} INFO - DAG(s) 'example_weekday_branch_operator' retrieved from /Library/Frameworks/Python.framework/Versions/3.10/lib/python3.10/site-packages/airflow/example_dags/example_branch_day_of_week_operator.py
[2024-01-13T11:37:54.852+0200] {logging_mixin.py:188} INFO - [2024-01-13T11:37:54.851+0200] {dag.py:3033} INFO - Sync 1 DAGs
[2024-01-13T11:37:54.873+0200] {logging_mixin.py:188} INFO - [2024-01-13T11:37:54.872+0200] {dag.py:3820} INFO - Setting next_dagrun for example_weekday_branch_operator to 2024-01-12T00:00:00+00:00, run_after=2024-01-13T00:00:00+00:00
[2024-01-13T11:37:54.893+0200] {processor.py:183} INFO - Processing /Library/Frameworks/Python.framework/Versions/3.10/lib/python3.10/site-packages/airflow/example_dags/example_branch_day_of_week_operator.py took 0.289 seconds
[2024-01-13T11:42:55.361+0200] {processor.py:161} INFO - Started process (PID=29677) to work on /Library/Frameworks/Python.framework/Versions/3.10/lib/python3.10/site-packages/airflow/example_dags/example_branch_day_of_week_operator.py
[2024-01-13T11:42:55.369+0200] {processor.py:830} INFO - Processing file /Library/Frameworks/Python.framework/Versions/3.10/lib/python3.10/site-packages/airflow/example_dags/example_branch_day_of_week_operator.py for tasks to queue
[2024-01-13T11:42:55.370+0200] {logging_mixin.py:188} INFO - [2024-01-13T11:42:55.370+0200] {dagbag.py:538} INFO - Filling up the DagBag from /Library/Frameworks/Python.framework/Versions/3.10/lib/python3.10/site-packages/airflow/example_dags/example_branch_day_of_week_operator.py
[2024-01-13T11:42:55.392+0200] {processor.py:840} INFO - DAG(s) 'example_weekday_branch_operator' retrieved from /Library/Frameworks/Python.framework/Versions/3.10/lib/python3.10/site-packages/airflow/example_dags/example_branch_day_of_week_operator.py
[2024-01-13T11:42:55.596+0200] {logging_mixin.py:188} INFO - [2024-01-13T11:42:55.596+0200] {dag.py:3033} INFO - Sync 1 DAGs
[2024-01-13T11:42:55.624+0200] {logging_mixin.py:188} INFO - [2024-01-13T11:42:55.623+0200] {dag.py:3820} INFO - Setting next_dagrun for example_weekday_branch_operator to 2024-01-12T00:00:00+00:00, run_after=2024-01-13T00:00:00+00:00
[2024-01-13T11:42:55.650+0200] {processor.py:183} INFO - Processing /Library/Frameworks/Python.framework/Versions/3.10/lib/python3.10/site-packages/airflow/example_dags/example_branch_day_of_week_operator.py took 0.291 seconds
[2024-01-13T11:48:12.243+0200] {processor.py:161} INFO - Started process (PID=30112) to work on /Library/Frameworks/Python.framework/Versions/3.10/lib/python3.10/site-packages/airflow/example_dags/example_branch_day_of_week_operator.py
[2024-01-13T11:48:12.250+0200] {processor.py:830} INFO - Processing file /Library/Frameworks/Python.framework/Versions/3.10/lib/python3.10/site-packages/airflow/example_dags/example_branch_day_of_week_operator.py for tasks to queue
[2024-01-13T11:48:12.250+0200] {logging_mixin.py:188} INFO - [2024-01-13T11:48:12.250+0200] {dagbag.py:538} INFO - Filling up the DagBag from /Library/Frameworks/Python.framework/Versions/3.10/lib/python3.10/site-packages/airflow/example_dags/example_branch_day_of_week_operator.py
[2024-01-13T11:48:12.269+0200] {processor.py:840} INFO - DAG(s) 'example_weekday_branch_operator' retrieved from /Library/Frameworks/Python.framework/Versions/3.10/lib/python3.10/site-packages/airflow/example_dags/example_branch_day_of_week_operator.py
[2024-01-13T11:48:12.455+0200] {logging_mixin.py:188} INFO - [2024-01-13T11:48:12.455+0200] {dag.py:3033} INFO - Sync 1 DAGs
[2024-01-13T11:48:12.479+0200] {logging_mixin.py:188} INFO - [2024-01-13T11:48:12.478+0200] {dag.py:3820} INFO - Setting next_dagrun for example_weekday_branch_operator to 2024-01-12T00:00:00+00:00, run_after=2024-01-13T00:00:00+00:00
[2024-01-13T11:48:12.503+0200] {processor.py:183} INFO - Processing /Library/Frameworks/Python.framework/Versions/3.10/lib/python3.10/site-packages/airflow/example_dags/example_branch_day_of_week_operator.py took 0.262 seconds
[2024-01-13T11:55:13.258+0200] {processor.py:161} INFO - Started process (PID=31875) to work on /Library/Frameworks/Python.framework/Versions/3.10/lib/python3.10/site-packages/airflow/example_dags/example_branch_day_of_week_operator.py
[2024-01-13T11:55:13.273+0200] {processor.py:830} INFO - Processing file /Library/Frameworks/Python.framework/Versions/3.10/lib/python3.10/site-packages/airflow/example_dags/example_branch_day_of_week_operator.py for tasks to queue
[2024-01-13T11:55:13.279+0200] {logging_mixin.py:188} INFO - [2024-01-13T11:55:13.278+0200] {dagbag.py:538} INFO - Filling up the DagBag from /Library/Frameworks/Python.framework/Versions/3.10/lib/python3.10/site-packages/airflow/example_dags/example_branch_day_of_week_operator.py
[2024-01-13T11:55:13.309+0200] {processor.py:840} INFO - DAG(s) 'example_weekday_branch_operator' retrieved from /Library/Frameworks/Python.framework/Versions/3.10/lib/python3.10/site-packages/airflow/example_dags/example_branch_day_of_week_operator.py
[2024-01-13T11:55:13.503+0200] {logging_mixin.py:188} INFO - [2024-01-13T11:55:13.503+0200] {dag.py:3033} INFO - Sync 1 DAGs
[2024-01-13T11:55:13.526+0200] {logging_mixin.py:188} INFO - [2024-01-13T11:55:13.526+0200] {dag.py:3820} INFO - Setting next_dagrun for example_weekday_branch_operator to 2024-01-12T00:00:00+00:00, run_after=2024-01-13T00:00:00+00:00
[2024-01-13T11:55:13.551+0200] {processor.py:183} INFO - Processing /Library/Frameworks/Python.framework/Versions/3.10/lib/python3.10/site-packages/airflow/example_dags/example_branch_day_of_week_operator.py took 0.295 seconds
[2024-01-13T12:01:41.770+0200] {processor.py:161} INFO - Started process (PID=32150) to work on /Library/Frameworks/Python.framework/Versions/3.10/lib/python3.10/site-packages/airflow/example_dags/example_branch_day_of_week_operator.py
[2024-01-13T12:01:41.780+0200] {processor.py:830} INFO - Processing file /Library/Frameworks/Python.framework/Versions/3.10/lib/python3.10/site-packages/airflow/example_dags/example_branch_day_of_week_operator.py for tasks to queue
[2024-01-13T12:01:41.782+0200] {logging_mixin.py:188} INFO - [2024-01-13T12:01:41.782+0200] {dagbag.py:538} INFO - Filling up the DagBag from /Library/Frameworks/Python.framework/Versions/3.10/lib/python3.10/site-packages/airflow/example_dags/example_branch_day_of_week_operator.py
[2024-01-13T12:01:41.818+0200] {processor.py:840} INFO - DAG(s) 'example_weekday_branch_operator' retrieved from /Library/Frameworks/Python.framework/Versions/3.10/lib/python3.10/site-packages/airflow/example_dags/example_branch_day_of_week_operator.py
[2024-01-13T12:01:42.086+0200] {logging_mixin.py:188} INFO - [2024-01-13T12:01:42.086+0200] {dag.py:3033} INFO - Sync 1 DAGs
[2024-01-13T12:01:42.114+0200] {logging_mixin.py:188} INFO - [2024-01-13T12:01:42.114+0200] {dag.py:3820} INFO - Setting next_dagrun for example_weekday_branch_operator to 2024-01-12T00:00:00+00:00, run_after=2024-01-13T00:00:00+00:00
[2024-01-13T12:01:42.149+0200] {processor.py:183} INFO - Processing /Library/Frameworks/Python.framework/Versions/3.10/lib/python3.10/site-packages/airflow/example_dags/example_branch_day_of_week_operator.py took 0.382 seconds
[2024-01-13T12:08:27.933+0200] {processor.py:161} INFO - Started process (PID=34003) to work on /Library/Frameworks/Python.framework/Versions/3.10/lib/python3.10/site-packages/airflow/example_dags/example_branch_day_of_week_operator.py
[2024-01-13T12:08:27.938+0200] {processor.py:830} INFO - Processing file /Library/Frameworks/Python.framework/Versions/3.10/lib/python3.10/site-packages/airflow/example_dags/example_branch_day_of_week_operator.py for tasks to queue
[2024-01-13T12:08:27.938+0200] {logging_mixin.py:188} INFO - [2024-01-13T12:08:27.938+0200] {dagbag.py:538} INFO - Filling up the DagBag from /Library/Frameworks/Python.framework/Versions/3.10/lib/python3.10/site-packages/airflow/example_dags/example_branch_day_of_week_operator.py
[2024-01-13T12:08:27.955+0200] {processor.py:840} INFO - DAG(s) 'example_weekday_branch_operator' retrieved from /Library/Frameworks/Python.framework/Versions/3.10/lib/python3.10/site-packages/airflow/example_dags/example_branch_day_of_week_operator.py
[2024-01-13T12:08:28.107+0200] {logging_mixin.py:188} INFO - [2024-01-13T12:08:28.107+0200] {dag.py:3033} INFO - Sync 1 DAGs
[2024-01-13T12:08:28.125+0200] {logging_mixin.py:188} INFO - [2024-01-13T12:08:28.125+0200] {dag.py:3820} INFO - Setting next_dagrun for example_weekday_branch_operator to 2024-01-12T00:00:00+00:00, run_after=2024-01-13T00:00:00+00:00
[2024-01-13T12:08:28.144+0200] {processor.py:183} INFO - Processing /Library/Frameworks/Python.framework/Versions/3.10/lib/python3.10/site-packages/airflow/example_dags/example_branch_day_of_week_operator.py took 0.212 seconds
[2024-01-13T12:13:17.886+0200] {processor.py:161} INFO - Started process (PID=34305) to work on /Library/Frameworks/Python.framework/Versions/3.10/lib/python3.10/site-packages/airflow/example_dags/example_branch_day_of_week_operator.py
[2024-01-13T12:13:17.891+0200] {processor.py:830} INFO - Processing file /Library/Frameworks/Python.framework/Versions/3.10/lib/python3.10/site-packages/airflow/example_dags/example_branch_day_of_week_operator.py for tasks to queue
[2024-01-13T12:13:17.891+0200] {logging_mixin.py:188} INFO - [2024-01-13T12:13:17.891+0200] {dagbag.py:538} INFO - Filling up the DagBag from /Library/Frameworks/Python.framework/Versions/3.10/lib/python3.10/site-packages/airflow/example_dags/example_branch_day_of_week_operator.py
[2024-01-13T12:13:17.909+0200] {processor.py:840} INFO - DAG(s) 'example_weekday_branch_operator' retrieved from /Library/Frameworks/Python.framework/Versions/3.10/lib/python3.10/site-packages/airflow/example_dags/example_branch_day_of_week_operator.py
[2024-01-13T12:13:18.073+0200] {logging_mixin.py:188} INFO - [2024-01-13T12:13:18.072+0200] {dag.py:3033} INFO - Sync 1 DAGs
[2024-01-13T12:13:18.092+0200] {logging_mixin.py:188} INFO - [2024-01-13T12:13:18.092+0200] {dag.py:3820} INFO - Setting next_dagrun for example_weekday_branch_operator to 2024-01-12T00:00:00+00:00, run_after=2024-01-13T00:00:00+00:00
[2024-01-13T12:13:18.113+0200] {processor.py:183} INFO - Processing /Library/Frameworks/Python.framework/Versions/3.10/lib/python3.10/site-packages/airflow/example_dags/example_branch_day_of_week_operator.py took 0.229 seconds
[2024-01-13T13:27:30.165+0200] {processor.py:161} INFO - Started process (PID=35414) to work on /Library/Frameworks/Python.framework/Versions/3.10/lib/python3.10/site-packages/airflow/example_dags/example_branch_day_of_week_operator.py
[2024-01-13T13:27:30.172+0200] {processor.py:830} INFO - Processing file /Library/Frameworks/Python.framework/Versions/3.10/lib/python3.10/site-packages/airflow/example_dags/example_branch_day_of_week_operator.py for tasks to queue
[2024-01-13T13:27:30.172+0200] {logging_mixin.py:188} INFO - [2024-01-13T13:27:30.172+0200] {dagbag.py:538} INFO - Filling up the DagBag from /Library/Frameworks/Python.framework/Versions/3.10/lib/python3.10/site-packages/airflow/example_dags/example_branch_day_of_week_operator.py
[2024-01-13T13:27:30.194+0200] {processor.py:840} INFO - DAG(s) 'example_weekday_branch_operator' retrieved from /Library/Frameworks/Python.framework/Versions/3.10/lib/python3.10/site-packages/airflow/example_dags/example_branch_day_of_week_operator.py
[2024-01-13T13:27:30.489+0200] {logging_mixin.py:188} INFO - [2024-01-13T13:27:30.489+0200] {dag.py:3033} INFO - Sync 1 DAGs
[2024-01-13T13:27:30.520+0200] {logging_mixin.py:188} INFO - [2024-01-13T13:27:30.520+0200] {dag.py:3820} INFO - Setting next_dagrun for example_weekday_branch_operator to 2024-01-12T00:00:00+00:00, run_after=2024-01-13T00:00:00+00:00
[2024-01-13T13:27:30.552+0200] {processor.py:183} INFO - Processing /Library/Frameworks/Python.framework/Versions/3.10/lib/python3.10/site-packages/airflow/example_dags/example_branch_day_of_week_operator.py took 0.388 seconds
[2024-01-13T13:31:47.680+0200] {processor.py:161} INFO - Started process (PID=35592) to work on /Library/Frameworks/Python.framework/Versions/3.10/lib/python3.10/site-packages/airflow/example_dags/example_branch_day_of_week_operator.py
[2024-01-13T13:31:47.685+0200] {processor.py:830} INFO - Processing file /Library/Frameworks/Python.framework/Versions/3.10/lib/python3.10/site-packages/airflow/example_dags/example_branch_day_of_week_operator.py for tasks to queue
[2024-01-13T13:31:47.686+0200] {logging_mixin.py:188} INFO - [2024-01-13T13:31:47.686+0200] {dagbag.py:538} INFO - Filling up the DagBag from /Library/Frameworks/Python.framework/Versions/3.10/lib/python3.10/site-packages/airflow/example_dags/example_branch_day_of_week_operator.py
[2024-01-13T13:31:47.701+0200] {processor.py:840} INFO - DAG(s) 'example_weekday_branch_operator' retrieved from /Library/Frameworks/Python.framework/Versions/3.10/lib/python3.10/site-packages/airflow/example_dags/example_branch_day_of_week_operator.py
[2024-01-13T13:31:47.841+0200] {logging_mixin.py:188} INFO - [2024-01-13T13:31:47.840+0200] {dag.py:3033} INFO - Sync 1 DAGs
[2024-01-13T13:31:47.858+0200] {logging_mixin.py:188} INFO - [2024-01-13T13:31:47.858+0200] {dag.py:3820} INFO - Setting next_dagrun for example_weekday_branch_operator to 2024-01-12T00:00:00+00:00, run_after=2024-01-13T00:00:00+00:00
[2024-01-13T13:31:47.876+0200] {processor.py:183} INFO - Processing /Library/Frameworks/Python.framework/Versions/3.10/lib/python3.10/site-packages/airflow/example_dags/example_branch_day_of_week_operator.py took 0.198 seconds
[2024-01-13T15:18:40.994+0200] {processor.py:161} INFO - Started process (PID=42777) to work on /Library/Frameworks/Python.framework/Versions/3.10/lib/python3.10/site-packages/airflow/example_dags/example_branch_day_of_week_operator.py
[2024-01-13T15:18:40.998+0200] {processor.py:830} INFO - Processing file /Library/Frameworks/Python.framework/Versions/3.10/lib/python3.10/site-packages/airflow/example_dags/example_branch_day_of_week_operator.py for tasks to queue
[2024-01-13T15:18:40.999+0200] {logging_mixin.py:188} INFO - [2024-01-13T15:18:40.999+0200] {dagbag.py:538} INFO - Filling up the DagBag from /Library/Frameworks/Python.framework/Versions/3.10/lib/python3.10/site-packages/airflow/example_dags/example_branch_day_of_week_operator.py
[2024-01-13T15:18:41.013+0200] {processor.py:840} INFO - DAG(s) 'example_weekday_branch_operator' retrieved from /Library/Frameworks/Python.framework/Versions/3.10/lib/python3.10/site-packages/airflow/example_dags/example_branch_day_of_week_operator.py
[2024-01-13T15:18:41.250+0200] {logging_mixin.py:188} INFO - [2024-01-13T15:18:41.250+0200] {dag.py:3033} INFO - Sync 1 DAGs
[2024-01-13T15:18:41.266+0200] {logging_mixin.py:188} INFO - [2024-01-13T15:18:41.266+0200] {dag.py:3820} INFO - Setting next_dagrun for example_weekday_branch_operator to 2024-01-12T00:00:00+00:00, run_after=2024-01-13T00:00:00+00:00
[2024-01-13T15:18:41.284+0200] {processor.py:183} INFO - Processing /Library/Frameworks/Python.framework/Versions/3.10/lib/python3.10/site-packages/airflow/example_dags/example_branch_day_of_week_operator.py took 0.291 seconds
[2024-01-13T15:23:26.380+0200] {processor.py:161} INFO - Started process (PID=43008) to work on /Library/Frameworks/Python.framework/Versions/3.10/lib/python3.10/site-packages/airflow/example_dags/example_branch_day_of_week_operator.py
[2024-01-13T15:23:26.385+0200] {processor.py:830} INFO - Processing file /Library/Frameworks/Python.framework/Versions/3.10/lib/python3.10/site-packages/airflow/example_dags/example_branch_day_of_week_operator.py for tasks to queue
[2024-01-13T15:23:26.385+0200] {logging_mixin.py:188} INFO - [2024-01-13T15:23:26.385+0200] {dagbag.py:538} INFO - Filling up the DagBag from /Library/Frameworks/Python.framework/Versions/3.10/lib/python3.10/site-packages/airflow/example_dags/example_branch_day_of_week_operator.py
[2024-01-13T15:23:26.401+0200] {processor.py:840} INFO - DAG(s) 'example_weekday_branch_operator' retrieved from /Library/Frameworks/Python.framework/Versions/3.10/lib/python3.10/site-packages/airflow/example_dags/example_branch_day_of_week_operator.py
[2024-01-13T15:23:26.548+0200] {logging_mixin.py:188} INFO - [2024-01-13T15:23:26.548+0200] {dag.py:3033} INFO - Sync 1 DAGs
[2024-01-13T15:23:26.563+0200] {logging_mixin.py:188} INFO - [2024-01-13T15:23:26.563+0200] {dag.py:3820} INFO - Setting next_dagrun for example_weekday_branch_operator to 2024-01-12T00:00:00+00:00, run_after=2024-01-13T00:00:00+00:00
[2024-01-13T15:23:26.580+0200] {processor.py:183} INFO - Processing /Library/Frameworks/Python.framework/Versions/3.10/lib/python3.10/site-packages/airflow/example_dags/example_branch_day_of_week_operator.py took 0.202 seconds
[2024-01-13T15:28:34.914+0200] {processor.py:161} INFO - Started process (PID=43368) to work on /Library/Frameworks/Python.framework/Versions/3.10/lib/python3.10/site-packages/airflow/example_dags/example_branch_day_of_week_operator.py
[2024-01-13T15:28:34.918+0200] {processor.py:830} INFO - Processing file /Library/Frameworks/Python.framework/Versions/3.10/lib/python3.10/site-packages/airflow/example_dags/example_branch_day_of_week_operator.py for tasks to queue
[2024-01-13T15:28:34.919+0200] {logging_mixin.py:188} INFO - [2024-01-13T15:28:34.919+0200] {dagbag.py:538} INFO - Filling up the DagBag from /Library/Frameworks/Python.framework/Versions/3.10/lib/python3.10/site-packages/airflow/example_dags/example_branch_day_of_week_operator.py
[2024-01-13T15:28:34.936+0200] {processor.py:840} INFO - DAG(s) 'example_weekday_branch_operator' retrieved from /Library/Frameworks/Python.framework/Versions/3.10/lib/python3.10/site-packages/airflow/example_dags/example_branch_day_of_week_operator.py
[2024-01-13T15:28:35.100+0200] {logging_mixin.py:188} INFO - [2024-01-13T15:28:35.100+0200] {dag.py:3033} INFO - Sync 1 DAGs
[2024-01-13T15:28:35.118+0200] {logging_mixin.py:188} INFO - [2024-01-13T15:28:35.117+0200] {dag.py:3820} INFO - Setting next_dagrun for example_weekday_branch_operator to 2024-01-12T00:00:00+00:00, run_after=2024-01-13T00:00:00+00:00
[2024-01-13T15:28:35.136+0200] {processor.py:183} INFO - Processing /Library/Frameworks/Python.framework/Versions/3.10/lib/python3.10/site-packages/airflow/example_dags/example_branch_day_of_week_operator.py took 0.225 seconds
[2024-01-13T15:34:21.530+0200] {processor.py:161} INFO - Started process (PID=43749) to work on /Library/Frameworks/Python.framework/Versions/3.10/lib/python3.10/site-packages/airflow/example_dags/example_branch_day_of_week_operator.py
[2024-01-13T15:34:21.535+0200] {processor.py:830} INFO - Processing file /Library/Frameworks/Python.framework/Versions/3.10/lib/python3.10/site-packages/airflow/example_dags/example_branch_day_of_week_operator.py for tasks to queue
[2024-01-13T15:34:21.536+0200] {logging_mixin.py:188} INFO - [2024-01-13T15:34:21.535+0200] {dagbag.py:538} INFO - Filling up the DagBag from /Library/Frameworks/Python.framework/Versions/3.10/lib/python3.10/site-packages/airflow/example_dags/example_branch_day_of_week_operator.py
[2024-01-13T15:34:21.552+0200] {processor.py:840} INFO - DAG(s) 'example_weekday_branch_operator' retrieved from /Library/Frameworks/Python.framework/Versions/3.10/lib/python3.10/site-packages/airflow/example_dags/example_branch_day_of_week_operator.py
[2024-01-13T15:34:21.811+0200] {logging_mixin.py:188} INFO - [2024-01-13T15:34:21.811+0200] {dag.py:3033} INFO - Sync 1 DAGs
[2024-01-13T15:34:21.829+0200] {logging_mixin.py:188} INFO - [2024-01-13T15:34:21.829+0200] {dag.py:3820} INFO - Setting next_dagrun for example_weekday_branch_operator to 2024-01-12T00:00:00+00:00, run_after=2024-01-13T00:00:00+00:00
[2024-01-13T15:34:21.850+0200] {processor.py:183} INFO - Processing /Library/Frameworks/Python.framework/Versions/3.10/lib/python3.10/site-packages/airflow/example_dags/example_branch_day_of_week_operator.py took 0.322 seconds
[2024-01-13T15:41:13.422+0200] {processor.py:161} INFO - Started process (PID=44281) to work on /Library/Frameworks/Python.framework/Versions/3.10/lib/python3.10/site-packages/airflow/example_dags/example_branch_day_of_week_operator.py
[2024-01-13T15:41:13.427+0200] {processor.py:830} INFO - Processing file /Library/Frameworks/Python.framework/Versions/3.10/lib/python3.10/site-packages/airflow/example_dags/example_branch_day_of_week_operator.py for tasks to queue
[2024-01-13T15:41:13.427+0200] {logging_mixin.py:188} INFO - [2024-01-13T15:41:13.427+0200] {dagbag.py:538} INFO - Filling up the DagBag from /Library/Frameworks/Python.framework/Versions/3.10/lib/python3.10/site-packages/airflow/example_dags/example_branch_day_of_week_operator.py
[2024-01-13T15:41:13.441+0200] {processor.py:840} INFO - DAG(s) 'example_weekday_branch_operator' retrieved from /Library/Frameworks/Python.framework/Versions/3.10/lib/python3.10/site-packages/airflow/example_dags/example_branch_day_of_week_operator.py
[2024-01-13T15:41:13.687+0200] {logging_mixin.py:188} INFO - [2024-01-13T15:41:13.687+0200] {dag.py:3033} INFO - Sync 1 DAGs
[2024-01-13T15:41:13.703+0200] {logging_mixin.py:188} INFO - [2024-01-13T15:41:13.703+0200] {dag.py:3820} INFO - Setting next_dagrun for example_weekday_branch_operator to 2024-01-12T00:00:00+00:00, run_after=2024-01-13T00:00:00+00:00
[2024-01-13T15:41:13.722+0200] {processor.py:183} INFO - Processing /Library/Frameworks/Python.framework/Versions/3.10/lib/python3.10/site-packages/airflow/example_dags/example_branch_day_of_week_operator.py took 0.302 seconds
[2024-01-14T00:34:42.037+0200] {processor.py:161} INFO - Started process (PID=45809) to work on /Library/Frameworks/Python.framework/Versions/3.10/lib/python3.10/site-packages/airflow/example_dags/example_branch_day_of_week_operator.py
[2024-01-14T00:34:42.044+0200] {processor.py:830} INFO - Processing file /Library/Frameworks/Python.framework/Versions/3.10/lib/python3.10/site-packages/airflow/example_dags/example_branch_day_of_week_operator.py for tasks to queue
[2024-01-14T00:34:42.045+0200] {logging_mixin.py:188} INFO - [2024-01-14T00:34:42.045+0200] {dagbag.py:538} INFO - Filling up the DagBag from /Library/Frameworks/Python.framework/Versions/3.10/lib/python3.10/site-packages/airflow/example_dags/example_branch_day_of_week_operator.py
[2024-01-14T00:34:42.064+0200] {processor.py:840} INFO - DAG(s) 'example_weekday_branch_operator' retrieved from /Library/Frameworks/Python.framework/Versions/3.10/lib/python3.10/site-packages/airflow/example_dags/example_branch_day_of_week_operator.py
[2024-01-14T00:34:42.572+0200] {logging_mixin.py:188} INFO - [2024-01-14T00:34:42.572+0200] {dag.py:3033} INFO - Sync 1 DAGs
[2024-01-14T00:34:42.588+0200] {logging_mixin.py:188} INFO - [2024-01-14T00:34:42.587+0200] {dag.py:3820} INFO - Setting next_dagrun for example_weekday_branch_operator to 2024-01-12T00:00:00+00:00, run_after=2024-01-13T00:00:00+00:00
[2024-01-14T00:34:42.607+0200] {processor.py:183} INFO - Processing /Library/Frameworks/Python.framework/Versions/3.10/lib/python3.10/site-packages/airflow/example_dags/example_branch_day_of_week_operator.py took 0.570 seconds
[2024-01-14T00:39:50.581+0200] {processor.py:161} INFO - Started process (PID=46510) to work on /Library/Frameworks/Python.framework/Versions/3.10/lib/python3.10/site-packages/airflow/example_dags/example_branch_day_of_week_operator.py
[2024-01-14T00:39:50.587+0200] {processor.py:830} INFO - Processing file /Library/Frameworks/Python.framework/Versions/3.10/lib/python3.10/site-packages/airflow/example_dags/example_branch_day_of_week_operator.py for tasks to queue
[2024-01-14T00:39:50.587+0200] {logging_mixin.py:188} INFO - [2024-01-14T00:39:50.587+0200] {dagbag.py:538} INFO - Filling up the DagBag from /Library/Frameworks/Python.framework/Versions/3.10/lib/python3.10/site-packages/airflow/example_dags/example_branch_day_of_week_operator.py
[2024-01-14T00:39:50.605+0200] {processor.py:840} INFO - DAG(s) 'example_weekday_branch_operator' retrieved from /Library/Frameworks/Python.framework/Versions/3.10/lib/python3.10/site-packages/airflow/example_dags/example_branch_day_of_week_operator.py
[2024-01-14T00:39:50.754+0200] {logging_mixin.py:188} INFO - [2024-01-14T00:39:50.754+0200] {dag.py:3033} INFO - Sync 1 DAGs
[2024-01-14T00:39:50.770+0200] {logging_mixin.py:188} INFO - [2024-01-14T00:39:50.770+0200] {dag.py:3820} INFO - Setting next_dagrun for example_weekday_branch_operator to 2024-01-12T00:00:00+00:00, run_after=2024-01-13T00:00:00+00:00
[2024-01-14T00:39:50.786+0200] {processor.py:183} INFO - Processing /Library/Frameworks/Python.framework/Versions/3.10/lib/python3.10/site-packages/airflow/example_dags/example_branch_day_of_week_operator.py took 0.208 seconds
[2024-01-14T00:44:50.985+0200] {processor.py:161} INFO - Started process (PID=46889) to work on /Library/Frameworks/Python.framework/Versions/3.10/lib/python3.10/site-packages/airflow/example_dags/example_branch_day_of_week_operator.py
[2024-01-14T00:44:50.995+0200] {processor.py:830} INFO - Processing file /Library/Frameworks/Python.framework/Versions/3.10/lib/python3.10/site-packages/airflow/example_dags/example_branch_day_of_week_operator.py for tasks to queue
[2024-01-14T00:44:50.997+0200] {logging_mixin.py:188} INFO - [2024-01-14T00:44:50.996+0200] {dagbag.py:538} INFO - Filling up the DagBag from /Library/Frameworks/Python.framework/Versions/3.10/lib/python3.10/site-packages/airflow/example_dags/example_branch_day_of_week_operator.py
[2024-01-14T00:44:51.048+0200] {processor.py:840} INFO - DAG(s) 'example_weekday_branch_operator' retrieved from /Library/Frameworks/Python.framework/Versions/3.10/lib/python3.10/site-packages/airflow/example_dags/example_branch_day_of_week_operator.py
[2024-01-14T00:44:51.439+0200] {logging_mixin.py:188} INFO - [2024-01-14T00:44:51.439+0200] {dag.py:3033} INFO - Sync 1 DAGs
[2024-01-14T00:44:51.473+0200] {logging_mixin.py:188} INFO - [2024-01-14T00:44:51.473+0200] {dag.py:3820} INFO - Setting next_dagrun for example_weekday_branch_operator to 2024-01-12T00:00:00+00:00, run_after=2024-01-13T00:00:00+00:00
[2024-01-14T00:44:51.507+0200] {processor.py:183} INFO - Processing /Library/Frameworks/Python.framework/Versions/3.10/lib/python3.10/site-packages/airflow/example_dags/example_branch_day_of_week_operator.py took 0.523 seconds
[2024-01-14T00:50:24.374+0200] {processor.py:161} INFO - Started process (PID=47185) to work on /Library/Frameworks/Python.framework/Versions/3.10/lib/python3.10/site-packages/airflow/example_dags/example_branch_day_of_week_operator.py
[2024-01-14T00:50:24.382+0200] {processor.py:830} INFO - Processing file /Library/Frameworks/Python.framework/Versions/3.10/lib/python3.10/site-packages/airflow/example_dags/example_branch_day_of_week_operator.py for tasks to queue
[2024-01-14T00:50:24.383+0200] {logging_mixin.py:188} INFO - [2024-01-14T00:50:24.383+0200] {dagbag.py:538} INFO - Filling up the DagBag from /Library/Frameworks/Python.framework/Versions/3.10/lib/python3.10/site-packages/airflow/example_dags/example_branch_day_of_week_operator.py
[2024-01-14T00:50:24.401+0200] {processor.py:840} INFO - DAG(s) 'example_weekday_branch_operator' retrieved from /Library/Frameworks/Python.framework/Versions/3.10/lib/python3.10/site-packages/airflow/example_dags/example_branch_day_of_week_operator.py
[2024-01-14T00:50:24.556+0200] {logging_mixin.py:188} INFO - [2024-01-14T00:50:24.555+0200] {dag.py:3033} INFO - Sync 1 DAGs
[2024-01-14T00:50:24.571+0200] {logging_mixin.py:188} INFO - [2024-01-14T00:50:24.571+0200] {dag.py:3820} INFO - Setting next_dagrun for example_weekday_branch_operator to 2024-01-12T00:00:00+00:00, run_after=2024-01-13T00:00:00+00:00
[2024-01-14T00:50:24.597+0200] {processor.py:183} INFO - Processing /Library/Frameworks/Python.framework/Versions/3.10/lib/python3.10/site-packages/airflow/example_dags/example_branch_day_of_week_operator.py took 0.224 seconds
