[2024-01-13T10:07:19.574+0200] {processor.py:161} INFO - Started process (PID=21784) to work on /Library/Frameworks/Python.framework/Versions/3.10/lib/python3.10/site-packages/airflow/example_dags/example_latest_only.py
[2024-01-13T10:07:19.577+0200] {processor.py:830} INFO - Processing file /Library/Frameworks/Python.framework/Versions/3.10/lib/python3.10/site-packages/airflow/example_dags/example_latest_only.py for tasks to queue
[2024-01-13T10:07:19.578+0200] {logging_mixin.py:188} INFO - [2024-01-13T10:07:19.578+0200] {dagbag.py:538} INFO - Filling up the DagBag from /Library/Frameworks/Python.framework/Versions/3.10/lib/python3.10/site-packages/airflow/example_dags/example_latest_only.py
[2024-01-13T10:07:19.588+0200] {processor.py:840} INFO - DAG(s) 'latest_only' retrieved from /Library/Frameworks/Python.framework/Versions/3.10/lib/python3.10/site-packages/airflow/example_dags/example_latest_only.py
[2024-01-13T10:07:19.733+0200] {logging_mixin.py:188} INFO - [2024-01-13T10:07:19.732+0200] {dag.py:3033} INFO - Sync 1 DAGs
[2024-01-13T10:07:19.746+0200] {logging_mixin.py:188} INFO - [2024-01-13T10:07:19.746+0200] {dag.py:3820} INFO - Setting next_dagrun for latest_only to 2024-01-13T04:00:00+00:00, run_after=2024-01-13T08:00:00+00:00
[2024-01-13T10:07:19.762+0200] {processor.py:183} INFO - Processing /Library/Frameworks/Python.framework/Versions/3.10/lib/python3.10/site-packages/airflow/example_dags/example_latest_only.py took 0.190 seconds
[2024-01-13T10:09:35.084+0200] {processor.py:161} INFO - Started process (PID=21949) to work on /Library/Frameworks/Python.framework/Versions/3.10/lib/python3.10/site-packages/airflow/example_dags/example_latest_only.py
[2024-01-13T10:09:35.089+0200] {processor.py:830} INFO - Processing file /Library/Frameworks/Python.framework/Versions/3.10/lib/python3.10/site-packages/airflow/example_dags/example_latest_only.py for tasks to queue
[2024-01-13T10:09:35.090+0200] {logging_mixin.py:188} INFO - [2024-01-13T10:09:35.090+0200] {dagbag.py:538} INFO - Filling up the DagBag from /Library/Frameworks/Python.framework/Versions/3.10/lib/python3.10/site-packages/airflow/example_dags/example_latest_only.py
[2024-01-13T10:09:35.100+0200] {processor.py:840} INFO - DAG(s) 'latest_only' retrieved from /Library/Frameworks/Python.framework/Versions/3.10/lib/python3.10/site-packages/airflow/example_dags/example_latest_only.py
[2024-01-13T10:09:35.239+0200] {logging_mixin.py:188} INFO - [2024-01-13T10:09:35.239+0200] {dag.py:3033} INFO - Sync 1 DAGs
[2024-01-13T10:09:35.254+0200] {logging_mixin.py:188} INFO - [2024-01-13T10:09:35.254+0200] {dag.py:3820} INFO - Setting next_dagrun for latest_only to 2024-01-13T04:00:00+00:00, run_after=2024-01-13T08:00:00+00:00
[2024-01-13T10:09:35.271+0200] {processor.py:183} INFO - Processing /Library/Frameworks/Python.framework/Versions/3.10/lib/python3.10/site-packages/airflow/example_dags/example_latest_only.py took 0.189 seconds
[2024-01-13T10:13:43.832+0200] {processor.py:161} INFO - Started process (PID=22228) to work on /Library/Frameworks/Python.framework/Versions/3.10/lib/python3.10/site-packages/airflow/example_dags/example_latest_only.py
[2024-01-13T10:13:43.837+0200] {processor.py:830} INFO - Processing file /Library/Frameworks/Python.framework/Versions/3.10/lib/python3.10/site-packages/airflow/example_dags/example_latest_only.py for tasks to queue
[2024-01-13T10:13:43.837+0200] {logging_mixin.py:188} INFO - [2024-01-13T10:13:43.837+0200] {dagbag.py:538} INFO - Filling up the DagBag from /Library/Frameworks/Python.framework/Versions/3.10/lib/python3.10/site-packages/airflow/example_dags/example_latest_only.py
[2024-01-13T10:13:43.848+0200] {processor.py:840} INFO - DAG(s) 'latest_only' retrieved from /Library/Frameworks/Python.framework/Versions/3.10/lib/python3.10/site-packages/airflow/example_dags/example_latest_only.py
[2024-01-13T10:13:44.002+0200] {logging_mixin.py:188} INFO - [2024-01-13T10:13:44.002+0200] {dag.py:3033} INFO - Sync 1 DAGs
[2024-01-13T10:13:44.020+0200] {logging_mixin.py:188} INFO - [2024-01-13T10:13:44.020+0200] {dag.py:3820} INFO - Setting next_dagrun for latest_only to 2024-01-13T04:00:00+00:00, run_after=2024-01-13T08:00:00+00:00
[2024-01-13T10:13:44.038+0200] {processor.py:183} INFO - Processing /Library/Frameworks/Python.framework/Versions/3.10/lib/python3.10/site-packages/airflow/example_dags/example_latest_only.py took 0.208 seconds
[2024-01-13T10:17:55.309+0200] {processor.py:161} INFO - Started process (PID=23361) to work on /Library/Frameworks/Python.framework/Versions/3.10/lib/python3.10/site-packages/airflow/example_dags/example_latest_only.py
[2024-01-13T10:17:55.313+0200] {processor.py:830} INFO - Processing file /Library/Frameworks/Python.framework/Versions/3.10/lib/python3.10/site-packages/airflow/example_dags/example_latest_only.py for tasks to queue
[2024-01-13T10:17:55.314+0200] {logging_mixin.py:188} INFO - [2024-01-13T10:17:55.314+0200] {dagbag.py:538} INFO - Filling up the DagBag from /Library/Frameworks/Python.framework/Versions/3.10/lib/python3.10/site-packages/airflow/example_dags/example_latest_only.py
[2024-01-13T10:17:55.323+0200] {processor.py:840} INFO - DAG(s) 'latest_only' retrieved from /Library/Frameworks/Python.framework/Versions/3.10/lib/python3.10/site-packages/airflow/example_dags/example_latest_only.py
[2024-01-13T10:17:55.481+0200] {logging_mixin.py:188} INFO - [2024-01-13T10:17:55.480+0200] {dag.py:3033} INFO - Sync 1 DAGs
[2024-01-13T10:17:55.496+0200] {logging_mixin.py:188} INFO - [2024-01-13T10:17:55.496+0200] {dag.py:3820} INFO - Setting next_dagrun for latest_only to 2024-01-13T04:00:00+00:00, run_after=2024-01-13T08:00:00+00:00
[2024-01-13T10:17:55.514+0200] {processor.py:183} INFO - Processing /Library/Frameworks/Python.framework/Versions/3.10/lib/python3.10/site-packages/airflow/example_dags/example_latest_only.py took 0.206 seconds
[2024-01-13T10:21:49.957+0200] {processor.py:161} INFO - Started process (PID=23531) to work on /Library/Frameworks/Python.framework/Versions/3.10/lib/python3.10/site-packages/airflow/example_dags/example_latest_only.py
[2024-01-13T10:21:49.961+0200] {processor.py:830} INFO - Processing file /Library/Frameworks/Python.framework/Versions/3.10/lib/python3.10/site-packages/airflow/example_dags/example_latest_only.py for tasks to queue
[2024-01-13T10:21:49.962+0200] {logging_mixin.py:188} INFO - [2024-01-13T10:21:49.962+0200] {dagbag.py:538} INFO - Filling up the DagBag from /Library/Frameworks/Python.framework/Versions/3.10/lib/python3.10/site-packages/airflow/example_dags/example_latest_only.py
[2024-01-13T10:21:49.973+0200] {processor.py:840} INFO - DAG(s) 'latest_only' retrieved from /Library/Frameworks/Python.framework/Versions/3.10/lib/python3.10/site-packages/airflow/example_dags/example_latest_only.py
[2024-01-13T10:21:50.113+0200] {logging_mixin.py:188} INFO - [2024-01-13T10:21:50.113+0200] {dag.py:3033} INFO - Sync 1 DAGs
[2024-01-13T10:21:50.127+0200] {logging_mixin.py:188} INFO - [2024-01-13T10:21:50.127+0200] {dag.py:3820} INFO - Setting next_dagrun for latest_only to 2024-01-13T04:00:00+00:00, run_after=2024-01-13T08:00:00+00:00
[2024-01-13T10:21:50.144+0200] {processor.py:183} INFO - Processing /Library/Frameworks/Python.framework/Versions/3.10/lib/python3.10/site-packages/airflow/example_dags/example_latest_only.py took 0.189 seconds
[2024-01-13T10:25:43.609+0200] {processor.py:161} INFO - Started process (PID=23784) to work on /Library/Frameworks/Python.framework/Versions/3.10/lib/python3.10/site-packages/airflow/example_dags/example_latest_only.py
[2024-01-13T10:25:43.613+0200] {processor.py:830} INFO - Processing file /Library/Frameworks/Python.framework/Versions/3.10/lib/python3.10/site-packages/airflow/example_dags/example_latest_only.py for tasks to queue
[2024-01-13T10:25:43.614+0200] {logging_mixin.py:188} INFO - [2024-01-13T10:25:43.614+0200] {dagbag.py:538} INFO - Filling up the DagBag from /Library/Frameworks/Python.framework/Versions/3.10/lib/python3.10/site-packages/airflow/example_dags/example_latest_only.py
[2024-01-13T10:25:43.625+0200] {processor.py:840} INFO - DAG(s) 'latest_only' retrieved from /Library/Frameworks/Python.framework/Versions/3.10/lib/python3.10/site-packages/airflow/example_dags/example_latest_only.py
[2024-01-13T10:25:43.780+0200] {logging_mixin.py:188} INFO - [2024-01-13T10:25:43.780+0200] {dag.py:3033} INFO - Sync 1 DAGs
[2024-01-13T10:25:43.796+0200] {logging_mixin.py:188} INFO - [2024-01-13T10:25:43.796+0200] {dag.py:3820} INFO - Setting next_dagrun for latest_only to 2024-01-13T04:00:00+00:00, run_after=2024-01-13T08:00:00+00:00
[2024-01-13T10:25:43.813+0200] {processor.py:183} INFO - Processing /Library/Frameworks/Python.framework/Versions/3.10/lib/python3.10/site-packages/airflow/example_dags/example_latest_only.py took 0.206 seconds
[2024-01-13T10:29:39.071+0200] {processor.py:161} INFO - Started process (PID=23946) to work on /Library/Frameworks/Python.framework/Versions/3.10/lib/python3.10/site-packages/airflow/example_dags/example_latest_only.py
[2024-01-13T10:29:39.076+0200] {processor.py:830} INFO - Processing file /Library/Frameworks/Python.framework/Versions/3.10/lib/python3.10/site-packages/airflow/example_dags/example_latest_only.py for tasks to queue
[2024-01-13T10:29:39.077+0200] {logging_mixin.py:188} INFO - [2024-01-13T10:29:39.077+0200] {dagbag.py:538} INFO - Filling up the DagBag from /Library/Frameworks/Python.framework/Versions/3.10/lib/python3.10/site-packages/airflow/example_dags/example_latest_only.py
[2024-01-13T10:29:39.089+0200] {processor.py:840} INFO - DAG(s) 'latest_only' retrieved from /Library/Frameworks/Python.framework/Versions/3.10/lib/python3.10/site-packages/airflow/example_dags/example_latest_only.py
[2024-01-13T10:29:39.230+0200] {logging_mixin.py:188} INFO - [2024-01-13T10:29:39.230+0200] {dag.py:3033} INFO - Sync 1 DAGs
[2024-01-13T10:29:39.243+0200] {logging_mixin.py:188} INFO - [2024-01-13T10:29:39.243+0200] {dag.py:3820} INFO - Setting next_dagrun for latest_only to 2024-01-13T04:00:00+00:00, run_after=2024-01-13T08:00:00+00:00
[2024-01-13T10:29:39.261+0200] {processor.py:183} INFO - Processing /Library/Frameworks/Python.framework/Versions/3.10/lib/python3.10/site-packages/airflow/example_dags/example_latest_only.py took 0.191 seconds
[2024-01-13T10:33:28.539+0200] {processor.py:161} INFO - Started process (PID=24223) to work on /Library/Frameworks/Python.framework/Versions/3.10/lib/python3.10/site-packages/airflow/example_dags/example_latest_only.py
[2024-01-13T10:33:28.544+0200] {processor.py:830} INFO - Processing file /Library/Frameworks/Python.framework/Versions/3.10/lib/python3.10/site-packages/airflow/example_dags/example_latest_only.py for tasks to queue
[2024-01-13T10:33:28.545+0200] {logging_mixin.py:188} INFO - [2024-01-13T10:33:28.544+0200] {dagbag.py:538} INFO - Filling up the DagBag from /Library/Frameworks/Python.framework/Versions/3.10/lib/python3.10/site-packages/airflow/example_dags/example_latest_only.py
[2024-01-13T10:33:28.555+0200] {processor.py:840} INFO - DAG(s) 'latest_only' retrieved from /Library/Frameworks/Python.framework/Versions/3.10/lib/python3.10/site-packages/airflow/example_dags/example_latest_only.py
[2024-01-13T10:33:28.695+0200] {logging_mixin.py:188} INFO - [2024-01-13T10:33:28.695+0200] {dag.py:3033} INFO - Sync 1 DAGs
[2024-01-13T10:33:28.709+0200] {logging_mixin.py:188} INFO - [2024-01-13T10:33:28.709+0200] {dag.py:3820} INFO - Setting next_dagrun for latest_only to 2024-01-13T04:00:00+00:00, run_after=2024-01-13T08:00:00+00:00
[2024-01-13T10:33:28.725+0200] {processor.py:183} INFO - Processing /Library/Frameworks/Python.framework/Versions/3.10/lib/python3.10/site-packages/airflow/example_dags/example_latest_only.py took 0.187 seconds
[2024-01-13T10:37:22.451+0200] {processor.py:161} INFO - Started process (PID=24406) to work on /Library/Frameworks/Python.framework/Versions/3.10/lib/python3.10/site-packages/airflow/example_dags/example_latest_only.py
[2024-01-13T10:37:22.456+0200] {processor.py:830} INFO - Processing file /Library/Frameworks/Python.framework/Versions/3.10/lib/python3.10/site-packages/airflow/example_dags/example_latest_only.py for tasks to queue
[2024-01-13T10:37:22.457+0200] {logging_mixin.py:188} INFO - [2024-01-13T10:37:22.457+0200] {dagbag.py:538} INFO - Filling up the DagBag from /Library/Frameworks/Python.framework/Versions/3.10/lib/python3.10/site-packages/airflow/example_dags/example_latest_only.py
[2024-01-13T10:37:22.468+0200] {processor.py:840} INFO - DAG(s) 'latest_only' retrieved from /Library/Frameworks/Python.framework/Versions/3.10/lib/python3.10/site-packages/airflow/example_dags/example_latest_only.py
[2024-01-13T10:37:22.618+0200] {logging_mixin.py:188} INFO - [2024-01-13T10:37:22.618+0200] {dag.py:3033} INFO - Sync 1 DAGs
[2024-01-13T10:37:22.633+0200] {logging_mixin.py:188} INFO - [2024-01-13T10:37:22.633+0200] {dag.py:3820} INFO - Setting next_dagrun for latest_only to 2024-01-13T04:00:00+00:00, run_after=2024-01-13T08:00:00+00:00
[2024-01-13T10:37:22.650+0200] {processor.py:183} INFO - Processing /Library/Frameworks/Python.framework/Versions/3.10/lib/python3.10/site-packages/airflow/example_dags/example_latest_only.py took 0.200 seconds
[2024-01-13T10:41:17.394+0200] {processor.py:161} INFO - Started process (PID=24656) to work on /Library/Frameworks/Python.framework/Versions/3.10/lib/python3.10/site-packages/airflow/example_dags/example_latest_only.py
[2024-01-13T10:41:17.398+0200] {processor.py:830} INFO - Processing file /Library/Frameworks/Python.framework/Versions/3.10/lib/python3.10/site-packages/airflow/example_dags/example_latest_only.py for tasks to queue
[2024-01-13T10:41:17.399+0200] {logging_mixin.py:188} INFO - [2024-01-13T10:41:17.399+0200] {dagbag.py:538} INFO - Filling up the DagBag from /Library/Frameworks/Python.framework/Versions/3.10/lib/python3.10/site-packages/airflow/example_dags/example_latest_only.py
[2024-01-13T10:41:17.410+0200] {processor.py:840} INFO - DAG(s) 'latest_only' retrieved from /Library/Frameworks/Python.framework/Versions/3.10/lib/python3.10/site-packages/airflow/example_dags/example_latest_only.py
[2024-01-13T10:41:17.551+0200] {logging_mixin.py:188} INFO - [2024-01-13T10:41:17.551+0200] {dag.py:3033} INFO - Sync 1 DAGs
[2024-01-13T10:41:17.566+0200] {logging_mixin.py:188} INFO - [2024-01-13T10:41:17.566+0200] {dag.py:3820} INFO - Setting next_dagrun for latest_only to 2024-01-13T04:00:00+00:00, run_after=2024-01-13T08:00:00+00:00
[2024-01-13T10:41:17.583+0200] {processor.py:183} INFO - Processing /Library/Frameworks/Python.framework/Versions/3.10/lib/python3.10/site-packages/airflow/example_dags/example_latest_only.py took 0.191 seconds
[2024-01-13T10:45:15.775+0200] {processor.py:161} INFO - Started process (PID=24926) to work on /Library/Frameworks/Python.framework/Versions/3.10/lib/python3.10/site-packages/airflow/example_dags/example_latest_only.py
[2024-01-13T10:45:15.779+0200] {processor.py:830} INFO - Processing file /Library/Frameworks/Python.framework/Versions/3.10/lib/python3.10/site-packages/airflow/example_dags/example_latest_only.py for tasks to queue
[2024-01-13T10:45:15.780+0200] {logging_mixin.py:188} INFO - [2024-01-13T10:45:15.780+0200] {dagbag.py:538} INFO - Filling up the DagBag from /Library/Frameworks/Python.framework/Versions/3.10/lib/python3.10/site-packages/airflow/example_dags/example_latest_only.py
[2024-01-13T10:45:15.791+0200] {processor.py:840} INFO - DAG(s) 'latest_only' retrieved from /Library/Frameworks/Python.framework/Versions/3.10/lib/python3.10/site-packages/airflow/example_dags/example_latest_only.py
[2024-01-13T10:45:15.935+0200] {logging_mixin.py:188} INFO - [2024-01-13T10:45:15.935+0200] {dag.py:3033} INFO - Sync 1 DAGs
[2024-01-13T10:45:15.949+0200] {logging_mixin.py:188} INFO - [2024-01-13T10:45:15.949+0200] {dag.py:3820} INFO - Setting next_dagrun for latest_only to 2024-01-13T04:00:00+00:00, run_after=2024-01-13T08:00:00+00:00
[2024-01-13T10:45:15.967+0200] {processor.py:183} INFO - Processing /Library/Frameworks/Python.framework/Versions/3.10/lib/python3.10/site-packages/airflow/example_dags/example_latest_only.py took 0.194 seconds
[2024-01-13T10:48:57.014+0200] {processor.py:161} INFO - Started process (PID=25078) to work on /Library/Frameworks/Python.framework/Versions/3.10/lib/python3.10/site-packages/airflow/example_dags/example_latest_only.py
[2024-01-13T10:48:57.019+0200] {processor.py:830} INFO - Processing file /Library/Frameworks/Python.framework/Versions/3.10/lib/python3.10/site-packages/airflow/example_dags/example_latest_only.py for tasks to queue
[2024-01-13T10:48:57.020+0200] {logging_mixin.py:188} INFO - [2024-01-13T10:48:57.020+0200] {dagbag.py:538} INFO - Filling up the DagBag from /Library/Frameworks/Python.framework/Versions/3.10/lib/python3.10/site-packages/airflow/example_dags/example_latest_only.py
[2024-01-13T10:48:57.031+0200] {processor.py:840} INFO - DAG(s) 'latest_only' retrieved from /Library/Frameworks/Python.framework/Versions/3.10/lib/python3.10/site-packages/airflow/example_dags/example_latest_only.py
[2024-01-13T10:48:57.167+0200] {logging_mixin.py:188} INFO - [2024-01-13T10:48:57.167+0200] {dag.py:3033} INFO - Sync 1 DAGs
[2024-01-13T10:48:57.181+0200] {logging_mixin.py:188} INFO - [2024-01-13T10:48:57.181+0200] {dag.py:3820} INFO - Setting next_dagrun for latest_only to 2024-01-13T04:00:00+00:00, run_after=2024-01-13T08:00:00+00:00
[2024-01-13T10:48:57.198+0200] {processor.py:183} INFO - Processing /Library/Frameworks/Python.framework/Versions/3.10/lib/python3.10/site-packages/airflow/example_dags/example_latest_only.py took 0.185 seconds
[2024-01-13T10:52:37.099+0200] {processor.py:161} INFO - Started process (PID=25328) to work on /Library/Frameworks/Python.framework/Versions/3.10/lib/python3.10/site-packages/airflow/example_dags/example_latest_only.py
[2024-01-13T10:52:37.104+0200] {processor.py:830} INFO - Processing file /Library/Frameworks/Python.framework/Versions/3.10/lib/python3.10/site-packages/airflow/example_dags/example_latest_only.py for tasks to queue
[2024-01-13T10:52:37.104+0200] {logging_mixin.py:188} INFO - [2024-01-13T10:52:37.104+0200] {dagbag.py:538} INFO - Filling up the DagBag from /Library/Frameworks/Python.framework/Versions/3.10/lib/python3.10/site-packages/airflow/example_dags/example_latest_only.py
[2024-01-13T10:52:37.116+0200] {processor.py:840} INFO - DAG(s) 'latest_only' retrieved from /Library/Frameworks/Python.framework/Versions/3.10/lib/python3.10/site-packages/airflow/example_dags/example_latest_only.py
[2024-01-13T10:52:37.257+0200] {logging_mixin.py:188} INFO - [2024-01-13T10:52:37.256+0200] {dag.py:3033} INFO - Sync 1 DAGs
[2024-01-13T10:52:37.270+0200] {logging_mixin.py:188} INFO - [2024-01-13T10:52:37.270+0200] {dag.py:3820} INFO - Setting next_dagrun for latest_only to 2024-01-13T04:00:00+00:00, run_after=2024-01-13T08:00:00+00:00
[2024-01-13T10:52:37.286+0200] {processor.py:183} INFO - Processing /Library/Frameworks/Python.framework/Versions/3.10/lib/python3.10/site-packages/airflow/example_dags/example_latest_only.py took 0.188 seconds
[2024-01-13T10:56:40.687+0200] {processor.py:161} INFO - Started process (PID=25609) to work on /Library/Frameworks/Python.framework/Versions/3.10/lib/python3.10/site-packages/airflow/example_dags/example_latest_only.py
[2024-01-13T10:56:40.692+0200] {processor.py:830} INFO - Processing file /Library/Frameworks/Python.framework/Versions/3.10/lib/python3.10/site-packages/airflow/example_dags/example_latest_only.py for tasks to queue
[2024-01-13T10:56:40.693+0200] {logging_mixin.py:188} INFO - [2024-01-13T10:56:40.693+0200] {dagbag.py:538} INFO - Filling up the DagBag from /Library/Frameworks/Python.framework/Versions/3.10/lib/python3.10/site-packages/airflow/example_dags/example_latest_only.py
[2024-01-13T10:56:40.702+0200] {processor.py:840} INFO - DAG(s) 'latest_only' retrieved from /Library/Frameworks/Python.framework/Versions/3.10/lib/python3.10/site-packages/airflow/example_dags/example_latest_only.py
[2024-01-13T10:56:40.828+0200] {logging_mixin.py:188} INFO - [2024-01-13T10:56:40.828+0200] {dag.py:3033} INFO - Sync 1 DAGs
[2024-01-13T10:56:40.842+0200] {logging_mixin.py:188} INFO - [2024-01-13T10:56:40.842+0200] {dag.py:3820} INFO - Setting next_dagrun for latest_only to 2024-01-13T04:00:00+00:00, run_after=2024-01-13T08:00:00+00:00
[2024-01-13T10:56:40.857+0200] {processor.py:183} INFO - Processing /Library/Frameworks/Python.framework/Versions/3.10/lib/python3.10/site-packages/airflow/example_dags/example_latest_only.py took 0.172 seconds
[2024-01-13T11:00:29.537+0200] {processor.py:161} INFO - Started process (PID=25765) to work on /Library/Frameworks/Python.framework/Versions/3.10/lib/python3.10/site-packages/airflow/example_dags/example_latest_only.py
[2024-01-13T11:00:29.541+0200] {processor.py:830} INFO - Processing file /Library/Frameworks/Python.framework/Versions/3.10/lib/python3.10/site-packages/airflow/example_dags/example_latest_only.py for tasks to queue
[2024-01-13T11:00:29.542+0200] {logging_mixin.py:188} INFO - [2024-01-13T11:00:29.542+0200] {dagbag.py:538} INFO - Filling up the DagBag from /Library/Frameworks/Python.framework/Versions/3.10/lib/python3.10/site-packages/airflow/example_dags/example_latest_only.py
[2024-01-13T11:00:29.552+0200] {processor.py:840} INFO - DAG(s) 'latest_only' retrieved from /Library/Frameworks/Python.framework/Versions/3.10/lib/python3.10/site-packages/airflow/example_dags/example_latest_only.py
[2024-01-13T11:00:29.700+0200] {logging_mixin.py:188} INFO - [2024-01-13T11:00:29.700+0200] {dag.py:3033} INFO - Sync 1 DAGs
[2024-01-13T11:00:29.715+0200] {logging_mixin.py:188} INFO - [2024-01-13T11:00:29.715+0200] {dag.py:3820} INFO - Setting next_dagrun for latest_only to 2024-01-13T04:00:00+00:00, run_after=2024-01-13T08:00:00+00:00
[2024-01-13T11:00:29.731+0200] {processor.py:183} INFO - Processing /Library/Frameworks/Python.framework/Versions/3.10/lib/python3.10/site-packages/airflow/example_dags/example_latest_only.py took 0.196 seconds
[2024-01-13T11:04:17.329+0200] {processor.py:161} INFO - Started process (PID=25923) to work on /Library/Frameworks/Python.framework/Versions/3.10/lib/python3.10/site-packages/airflow/example_dags/example_latest_only.py
[2024-01-13T11:04:17.334+0200] {processor.py:830} INFO - Processing file /Library/Frameworks/Python.framework/Versions/3.10/lib/python3.10/site-packages/airflow/example_dags/example_latest_only.py for tasks to queue
[2024-01-13T11:04:17.334+0200] {logging_mixin.py:188} INFO - [2024-01-13T11:04:17.334+0200] {dagbag.py:538} INFO - Filling up the DagBag from /Library/Frameworks/Python.framework/Versions/3.10/lib/python3.10/site-packages/airflow/example_dags/example_latest_only.py
[2024-01-13T11:04:17.343+0200] {processor.py:840} INFO - DAG(s) 'latest_only' retrieved from /Library/Frameworks/Python.framework/Versions/3.10/lib/python3.10/site-packages/airflow/example_dags/example_latest_only.py
[2024-01-13T11:04:17.479+0200] {logging_mixin.py:188} INFO - [2024-01-13T11:04:17.479+0200] {dag.py:3033} INFO - Sync 1 DAGs
[2024-01-13T11:04:17.493+0200] {logging_mixin.py:188} INFO - [2024-01-13T11:04:17.493+0200] {dag.py:3820} INFO - Setting next_dagrun for latest_only to 2024-01-13T04:00:00+00:00, run_after=2024-01-13T08:00:00+00:00
[2024-01-13T11:04:17.509+0200] {processor.py:183} INFO - Processing /Library/Frameworks/Python.framework/Versions/3.10/lib/python3.10/site-packages/airflow/example_dags/example_latest_only.py took 0.181 seconds
[2024-01-13T11:08:14.843+0200] {processor.py:161} INFO - Started process (PID=26199) to work on /Library/Frameworks/Python.framework/Versions/3.10/lib/python3.10/site-packages/airflow/example_dags/example_latest_only.py
[2024-01-13T11:08:14.848+0200] {processor.py:830} INFO - Processing file /Library/Frameworks/Python.framework/Versions/3.10/lib/python3.10/site-packages/airflow/example_dags/example_latest_only.py for tasks to queue
[2024-01-13T11:08:14.849+0200] {logging_mixin.py:188} INFO - [2024-01-13T11:08:14.849+0200] {dagbag.py:538} INFO - Filling up the DagBag from /Library/Frameworks/Python.framework/Versions/3.10/lib/python3.10/site-packages/airflow/example_dags/example_latest_only.py
[2024-01-13T11:08:14.861+0200] {processor.py:840} INFO - DAG(s) 'latest_only' retrieved from /Library/Frameworks/Python.framework/Versions/3.10/lib/python3.10/site-packages/airflow/example_dags/example_latest_only.py
[2024-01-13T11:08:15.003+0200] {logging_mixin.py:188} INFO - [2024-01-13T11:08:15.002+0200] {dag.py:3033} INFO - Sync 1 DAGs
[2024-01-13T11:08:15.017+0200] {logging_mixin.py:188} INFO - [2024-01-13T11:08:15.017+0200] {dag.py:3820} INFO - Setting next_dagrun for latest_only to 2024-01-13T04:00:00+00:00, run_after=2024-01-13T08:00:00+00:00
[2024-01-13T11:08:15.043+0200] {processor.py:183} INFO - Processing /Library/Frameworks/Python.framework/Versions/3.10/lib/python3.10/site-packages/airflow/example_dags/example_latest_only.py took 0.201 seconds
[2024-01-13T11:12:08.800+0200] {processor.py:161} INFO - Started process (PID=26370) to work on /Library/Frameworks/Python.framework/Versions/3.10/lib/python3.10/site-packages/airflow/example_dags/example_latest_only.py
[2024-01-13T11:12:08.805+0200] {processor.py:830} INFO - Processing file /Library/Frameworks/Python.framework/Versions/3.10/lib/python3.10/site-packages/airflow/example_dags/example_latest_only.py for tasks to queue
[2024-01-13T11:12:08.805+0200] {logging_mixin.py:188} INFO - [2024-01-13T11:12:08.805+0200] {dagbag.py:538} INFO - Filling up the DagBag from /Library/Frameworks/Python.framework/Versions/3.10/lib/python3.10/site-packages/airflow/example_dags/example_latest_only.py
[2024-01-13T11:12:08.816+0200] {processor.py:840} INFO - DAG(s) 'latest_only' retrieved from /Library/Frameworks/Python.framework/Versions/3.10/lib/python3.10/site-packages/airflow/example_dags/example_latest_only.py
[2024-01-13T11:12:08.954+0200] {logging_mixin.py:188} INFO - [2024-01-13T11:12:08.954+0200] {dag.py:3033} INFO - Sync 1 DAGs
[2024-01-13T11:12:08.968+0200] {logging_mixin.py:188} INFO - [2024-01-13T11:12:08.968+0200] {dag.py:3820} INFO - Setting next_dagrun for latest_only to 2024-01-13T04:00:00+00:00, run_after=2024-01-13T08:00:00+00:00
[2024-01-13T11:12:08.985+0200] {processor.py:183} INFO - Processing /Library/Frameworks/Python.framework/Versions/3.10/lib/python3.10/site-packages/airflow/example_dags/example_latest_only.py took 0.187 seconds
[2024-01-13T11:16:01.720+0200] {processor.py:161} INFO - Started process (PID=26626) to work on /Library/Frameworks/Python.framework/Versions/3.10/lib/python3.10/site-packages/airflow/example_dags/example_latest_only.py
[2024-01-13T11:16:01.725+0200] {processor.py:830} INFO - Processing file /Library/Frameworks/Python.framework/Versions/3.10/lib/python3.10/site-packages/airflow/example_dags/example_latest_only.py for tasks to queue
[2024-01-13T11:16:01.726+0200] {logging_mixin.py:188} INFO - [2024-01-13T11:16:01.725+0200] {dagbag.py:538} INFO - Filling up the DagBag from /Library/Frameworks/Python.framework/Versions/3.10/lib/python3.10/site-packages/airflow/example_dags/example_latest_only.py
[2024-01-13T11:16:01.737+0200] {processor.py:840} INFO - DAG(s) 'latest_only' retrieved from /Library/Frameworks/Python.framework/Versions/3.10/lib/python3.10/site-packages/airflow/example_dags/example_latest_only.py
[2024-01-13T11:16:01.887+0200] {logging_mixin.py:188} INFO - [2024-01-13T11:16:01.886+0200] {dag.py:3033} INFO - Sync 1 DAGs
[2024-01-13T11:16:01.901+0200] {logging_mixin.py:188} INFO - [2024-01-13T11:16:01.901+0200] {dag.py:3820} INFO - Setting next_dagrun for latest_only to 2024-01-13T04:00:00+00:00, run_after=2024-01-13T08:00:00+00:00
[2024-01-13T11:16:01.920+0200] {processor.py:183} INFO - Processing /Library/Frameworks/Python.framework/Versions/3.10/lib/python3.10/site-packages/airflow/example_dags/example_latest_only.py took 0.202 seconds
[2024-01-13T11:19:56.481+0200] {processor.py:161} INFO - Started process (PID=26895) to work on /Library/Frameworks/Python.framework/Versions/3.10/lib/python3.10/site-packages/airflow/example_dags/example_latest_only.py
[2024-01-13T11:19:56.486+0200] {processor.py:830} INFO - Processing file /Library/Frameworks/Python.framework/Versions/3.10/lib/python3.10/site-packages/airflow/example_dags/example_latest_only.py for tasks to queue
[2024-01-13T11:19:56.486+0200] {logging_mixin.py:188} INFO - [2024-01-13T11:19:56.486+0200] {dagbag.py:538} INFO - Filling up the DagBag from /Library/Frameworks/Python.framework/Versions/3.10/lib/python3.10/site-packages/airflow/example_dags/example_latest_only.py
[2024-01-13T11:19:56.497+0200] {processor.py:840} INFO - DAG(s) 'latest_only' retrieved from /Library/Frameworks/Python.framework/Versions/3.10/lib/python3.10/site-packages/airflow/example_dags/example_latest_only.py
[2024-01-13T11:19:56.646+0200] {logging_mixin.py:188} INFO - [2024-01-13T11:19:56.645+0200] {dag.py:3033} INFO - Sync 1 DAGs
[2024-01-13T11:19:56.660+0200] {logging_mixin.py:188} INFO - [2024-01-13T11:19:56.660+0200] {dag.py:3820} INFO - Setting next_dagrun for latest_only to 2024-01-13T04:00:00+00:00, run_after=2024-01-13T08:00:00+00:00
[2024-01-13T11:19:56.677+0200] {processor.py:183} INFO - Processing /Library/Frameworks/Python.framework/Versions/3.10/lib/python3.10/site-packages/airflow/example_dags/example_latest_only.py took 0.197 seconds
[2024-01-13T11:23:52.108+0200] {processor.py:161} INFO - Started process (PID=27103) to work on /Library/Frameworks/Python.framework/Versions/3.10/lib/python3.10/site-packages/airflow/example_dags/example_latest_only.py
[2024-01-13T11:23:52.112+0200] {processor.py:830} INFO - Processing file /Library/Frameworks/Python.framework/Versions/3.10/lib/python3.10/site-packages/airflow/example_dags/example_latest_only.py for tasks to queue
[2024-01-13T11:23:52.113+0200] {logging_mixin.py:188} INFO - [2024-01-13T11:23:52.113+0200] {dagbag.py:538} INFO - Filling up the DagBag from /Library/Frameworks/Python.framework/Versions/3.10/lib/python3.10/site-packages/airflow/example_dags/example_latest_only.py
[2024-01-13T11:23:52.125+0200] {processor.py:840} INFO - DAG(s) 'latest_only' retrieved from /Library/Frameworks/Python.framework/Versions/3.10/lib/python3.10/site-packages/airflow/example_dags/example_latest_only.py
[2024-01-13T11:23:52.270+0200] {logging_mixin.py:188} INFO - [2024-01-13T11:23:52.270+0200] {dag.py:3033} INFO - Sync 1 DAGs
[2024-01-13T11:23:52.285+0200] {logging_mixin.py:188} INFO - [2024-01-13T11:23:52.285+0200] {dag.py:3820} INFO - Setting next_dagrun for latest_only to 2024-01-13T04:00:00+00:00, run_after=2024-01-13T08:00:00+00:00
[2024-01-13T11:23:52.302+0200] {processor.py:183} INFO - Processing /Library/Frameworks/Python.framework/Versions/3.10/lib/python3.10/site-packages/airflow/example_dags/example_latest_only.py took 0.195 seconds
[2024-01-13T11:27:45.448+0200] {processor.py:161} INFO - Started process (PID=27364) to work on /Library/Frameworks/Python.framework/Versions/3.10/lib/python3.10/site-packages/airflow/example_dags/example_latest_only.py
[2024-01-13T11:27:45.452+0200] {processor.py:830} INFO - Processing file /Library/Frameworks/Python.framework/Versions/3.10/lib/python3.10/site-packages/airflow/example_dags/example_latest_only.py for tasks to queue
[2024-01-13T11:27:45.453+0200] {logging_mixin.py:188} INFO - [2024-01-13T11:27:45.453+0200] {dagbag.py:538} INFO - Filling up the DagBag from /Library/Frameworks/Python.framework/Versions/3.10/lib/python3.10/site-packages/airflow/example_dags/example_latest_only.py
[2024-01-13T11:27:45.463+0200] {processor.py:840} INFO - DAG(s) 'latest_only' retrieved from /Library/Frameworks/Python.framework/Versions/3.10/lib/python3.10/site-packages/airflow/example_dags/example_latest_only.py
[2024-01-13T11:27:45.607+0200] {logging_mixin.py:188} INFO - [2024-01-13T11:27:45.607+0200] {dag.py:3033} INFO - Sync 1 DAGs
[2024-01-13T11:27:45.622+0200] {logging_mixin.py:188} INFO - [2024-01-13T11:27:45.622+0200] {dag.py:3820} INFO - Setting next_dagrun for latest_only to 2024-01-13T04:00:00+00:00, run_after=2024-01-13T08:00:00+00:00
[2024-01-13T11:27:45.640+0200] {processor.py:183} INFO - Processing /Library/Frameworks/Python.framework/Versions/3.10/lib/python3.10/site-packages/airflow/example_dags/example_latest_only.py took 0.194 seconds
[2024-01-13T11:31:35.226+0200] {processor.py:161} INFO - Started process (PID=27528) to work on /Library/Frameworks/Python.framework/Versions/3.10/lib/python3.10/site-packages/airflow/example_dags/example_latest_only.py
[2024-01-13T11:31:35.231+0200] {processor.py:830} INFO - Processing file /Library/Frameworks/Python.framework/Versions/3.10/lib/python3.10/site-packages/airflow/example_dags/example_latest_only.py for tasks to queue
[2024-01-13T11:31:35.232+0200] {logging_mixin.py:188} INFO - [2024-01-13T11:31:35.231+0200] {dagbag.py:538} INFO - Filling up the DagBag from /Library/Frameworks/Python.framework/Versions/3.10/lib/python3.10/site-packages/airflow/example_dags/example_latest_only.py
[2024-01-13T11:31:35.243+0200] {processor.py:840} INFO - DAG(s) 'latest_only' retrieved from /Library/Frameworks/Python.framework/Versions/3.10/lib/python3.10/site-packages/airflow/example_dags/example_latest_only.py
[2024-01-13T11:31:35.377+0200] {logging_mixin.py:188} INFO - [2024-01-13T11:31:35.377+0200] {dag.py:3033} INFO - Sync 1 DAGs
[2024-01-13T11:31:35.390+0200] {logging_mixin.py:188} INFO - [2024-01-13T11:31:35.390+0200] {dag.py:3820} INFO - Setting next_dagrun for latest_only to 2024-01-13T04:00:00+00:00, run_after=2024-01-13T08:00:00+00:00
[2024-01-13T11:31:35.407+0200] {processor.py:183} INFO - Processing /Library/Frameworks/Python.framework/Versions/3.10/lib/python3.10/site-packages/airflow/example_dags/example_latest_only.py took 0.182 seconds
[2024-01-13T11:35:37.182+0200] {processor.py:161} INFO - Started process (PID=28458) to work on /Library/Frameworks/Python.framework/Versions/3.10/lib/python3.10/site-packages/airflow/example_dags/example_latest_only.py
[2024-01-13T11:35:37.187+0200] {processor.py:830} INFO - Processing file /Library/Frameworks/Python.framework/Versions/3.10/lib/python3.10/site-packages/airflow/example_dags/example_latest_only.py for tasks to queue
[2024-01-13T11:35:37.188+0200] {logging_mixin.py:188} INFO - [2024-01-13T11:35:37.187+0200] {dagbag.py:538} INFO - Filling up the DagBag from /Library/Frameworks/Python.framework/Versions/3.10/lib/python3.10/site-packages/airflow/example_dags/example_latest_only.py
[2024-01-13T11:35:37.200+0200] {processor.py:840} INFO - DAG(s) 'latest_only' retrieved from /Library/Frameworks/Python.framework/Versions/3.10/lib/python3.10/site-packages/airflow/example_dags/example_latest_only.py
[2024-01-13T11:35:37.334+0200] {logging_mixin.py:188} INFO - [2024-01-13T11:35:37.334+0200] {dag.py:3033} INFO - Sync 1 DAGs
[2024-01-13T11:35:37.348+0200] {logging_mixin.py:188} INFO - [2024-01-13T11:35:37.348+0200] {dag.py:3820} INFO - Setting next_dagrun for latest_only to 2024-01-13T04:00:00+00:00, run_after=2024-01-13T08:00:00+00:00
[2024-01-13T11:35:37.436+0200] {processor.py:183} INFO - Processing /Library/Frameworks/Python.framework/Versions/3.10/lib/python3.10/site-packages/airflow/example_dags/example_latest_only.py took 0.255 seconds
[2024-01-13T11:39:56.552+0200] {processor.py:161} INFO - Started process (PID=29450) to work on /Library/Frameworks/Python.framework/Versions/3.10/lib/python3.10/site-packages/airflow/example_dags/example_latest_only.py
[2024-01-13T11:39:56.559+0200] {processor.py:830} INFO - Processing file /Library/Frameworks/Python.framework/Versions/3.10/lib/python3.10/site-packages/airflow/example_dags/example_latest_only.py for tasks to queue
[2024-01-13T11:39:56.559+0200] {logging_mixin.py:188} INFO - [2024-01-13T11:39:56.559+0200] {dagbag.py:538} INFO - Filling up the DagBag from /Library/Frameworks/Python.framework/Versions/3.10/lib/python3.10/site-packages/airflow/example_dags/example_latest_only.py
[2024-01-13T11:39:56.574+0200] {processor.py:840} INFO - DAG(s) 'latest_only' retrieved from /Library/Frameworks/Python.framework/Versions/3.10/lib/python3.10/site-packages/airflow/example_dags/example_latest_only.py
[2024-01-13T11:39:56.726+0200] {logging_mixin.py:188} INFO - [2024-01-13T11:39:56.726+0200] {dag.py:3033} INFO - Sync 1 DAGs
[2024-01-13T11:39:56.743+0200] {logging_mixin.py:188} INFO - [2024-01-13T11:39:56.743+0200] {dag.py:3820} INFO - Setting next_dagrun for latest_only to 2024-01-13T04:00:00+00:00, run_after=2024-01-13T08:00:00+00:00
[2024-01-13T11:39:56.762+0200] {processor.py:183} INFO - Processing /Library/Frameworks/Python.framework/Versions/3.10/lib/python3.10/site-packages/airflow/example_dags/example_latest_only.py took 0.211 seconds
[2024-01-13T11:45:13.675+0200] {processor.py:161} INFO - Started process (PID=29861) to work on /Library/Frameworks/Python.framework/Versions/3.10/lib/python3.10/site-packages/airflow/example_dags/example_latest_only.py
[2024-01-13T11:45:13.681+0200] {processor.py:830} INFO - Processing file /Library/Frameworks/Python.framework/Versions/3.10/lib/python3.10/site-packages/airflow/example_dags/example_latest_only.py for tasks to queue
[2024-01-13T11:45:13.682+0200] {logging_mixin.py:188} INFO - [2024-01-13T11:45:13.682+0200] {dagbag.py:538} INFO - Filling up the DagBag from /Library/Frameworks/Python.framework/Versions/3.10/lib/python3.10/site-packages/airflow/example_dags/example_latest_only.py
[2024-01-13T11:45:13.696+0200] {processor.py:840} INFO - DAG(s) 'latest_only' retrieved from /Library/Frameworks/Python.framework/Versions/3.10/lib/python3.10/site-packages/airflow/example_dags/example_latest_only.py
[2024-01-13T11:45:13.872+0200] {logging_mixin.py:188} INFO - [2024-01-13T11:45:13.871+0200] {dag.py:3033} INFO - Sync 1 DAGs
[2024-01-13T11:45:13.891+0200] {logging_mixin.py:188} INFO - [2024-01-13T11:45:13.891+0200] {dag.py:3820} INFO - Setting next_dagrun for latest_only to 2024-01-13T04:00:00+00:00, run_after=2024-01-13T08:00:00+00:00
[2024-01-13T11:45:13.914+0200] {processor.py:183} INFO - Processing /Library/Frameworks/Python.framework/Versions/3.10/lib/python3.10/site-packages/airflow/example_dags/example_latest_only.py took 0.241 seconds
[2024-01-13T11:51:07.410+0200] {processor.py:161} INFO - Started process (PID=30465) to work on /Library/Frameworks/Python.framework/Versions/3.10/lib/python3.10/site-packages/airflow/example_dags/example_latest_only.py
[2024-01-13T11:51:07.425+0200] {processor.py:830} INFO - Processing file /Library/Frameworks/Python.framework/Versions/3.10/lib/python3.10/site-packages/airflow/example_dags/example_latest_only.py for tasks to queue
[2024-01-13T11:51:07.426+0200] {logging_mixin.py:188} INFO - [2024-01-13T11:51:07.426+0200] {dagbag.py:538} INFO - Filling up the DagBag from /Library/Frameworks/Python.framework/Versions/3.10/lib/python3.10/site-packages/airflow/example_dags/example_latest_only.py
[2024-01-13T11:51:07.461+0200] {processor.py:840} INFO - DAG(s) 'latest_only' retrieved from /Library/Frameworks/Python.framework/Versions/3.10/lib/python3.10/site-packages/airflow/example_dags/example_latest_only.py
[2024-01-13T11:51:07.955+0200] {logging_mixin.py:188} INFO - [2024-01-13T11:51:07.955+0200] {dag.py:3033} INFO - Sync 1 DAGs
[2024-01-13T11:51:08.023+0200] {logging_mixin.py:188} INFO - [2024-01-13T11:51:08.022+0200] {dag.py:3820} INFO - Setting next_dagrun for latest_only to 2024-01-13T04:00:00+00:00, run_after=2024-01-13T08:00:00+00:00
[2024-01-13T11:51:08.069+0200] {processor.py:183} INFO - Processing /Library/Frameworks/Python.framework/Versions/3.10/lib/python3.10/site-packages/airflow/example_dags/example_latest_only.py took 0.660 seconds
[2024-01-13T11:54:42.927+0200] {processor.py:161} INFO - Started process (PID=31860) to work on /Library/Frameworks/Python.framework/Versions/3.10/lib/python3.10/site-packages/airflow/example_dags/example_latest_only.py
[2024-01-13T11:54:42.936+0200] {processor.py:830} INFO - Processing file /Library/Frameworks/Python.framework/Versions/3.10/lib/python3.10/site-packages/airflow/example_dags/example_latest_only.py for tasks to queue
[2024-01-13T11:54:42.937+0200] {logging_mixin.py:188} INFO - [2024-01-13T11:54:42.937+0200] {dagbag.py:538} INFO - Filling up the DagBag from /Library/Frameworks/Python.framework/Versions/3.10/lib/python3.10/site-packages/airflow/example_dags/example_latest_only.py
[2024-01-13T11:54:42.953+0200] {processor.py:840} INFO - DAG(s) 'latest_only' retrieved from /Library/Frameworks/Python.framework/Versions/3.10/lib/python3.10/site-packages/airflow/example_dags/example_latest_only.py
[2024-01-13T11:54:43.153+0200] {logging_mixin.py:188} INFO - [2024-01-13T11:54:43.152+0200] {dag.py:3033} INFO - Sync 1 DAGs
[2024-01-13T11:54:43.174+0200] {logging_mixin.py:188} INFO - [2024-01-13T11:54:43.173+0200] {dag.py:3820} INFO - Setting next_dagrun for latest_only to 2024-01-13T04:00:00+00:00, run_after=2024-01-13T08:00:00+00:00
[2024-01-13T11:54:43.202+0200] {processor.py:183} INFO - Processing /Library/Frameworks/Python.framework/Versions/3.10/lib/python3.10/site-packages/airflow/example_dags/example_latest_only.py took 0.277 seconds
[2024-01-13T11:57:56.452+0200] {processor.py:161} INFO - Started process (PID=31974) to work on /Library/Frameworks/Python.framework/Versions/3.10/lib/python3.10/site-packages/airflow/example_dags/example_latest_only.py
[2024-01-13T11:57:56.458+0200] {processor.py:830} INFO - Processing file /Library/Frameworks/Python.framework/Versions/3.10/lib/python3.10/site-packages/airflow/example_dags/example_latest_only.py for tasks to queue
[2024-01-13T11:57:56.459+0200] {logging_mixin.py:188} INFO - [2024-01-13T11:57:56.459+0200] {dagbag.py:538} INFO - Filling up the DagBag from /Library/Frameworks/Python.framework/Versions/3.10/lib/python3.10/site-packages/airflow/example_dags/example_latest_only.py
[2024-01-13T11:57:56.473+0200] {processor.py:840} INFO - DAG(s) 'latest_only' retrieved from /Library/Frameworks/Python.framework/Versions/3.10/lib/python3.10/site-packages/airflow/example_dags/example_latest_only.py
[2024-01-13T11:57:56.642+0200] {logging_mixin.py:188} INFO - [2024-01-13T11:57:56.642+0200] {dag.py:3033} INFO - Sync 1 DAGs
[2024-01-13T11:57:56.660+0200] {logging_mixin.py:188} INFO - [2024-01-13T11:57:56.660+0200] {dag.py:3820} INFO - Setting next_dagrun for latest_only to 2024-01-13T04:00:00+00:00, run_after=2024-01-13T08:00:00+00:00
[2024-01-13T11:57:56.683+0200] {processor.py:183} INFO - Processing /Library/Frameworks/Python.framework/Versions/3.10/lib/python3.10/site-packages/airflow/example_dags/example_latest_only.py took 0.233 seconds
[2024-01-13T12:01:13.730+0200] {processor.py:161} INFO - Started process (PID=32126) to work on /Library/Frameworks/Python.framework/Versions/3.10/lib/python3.10/site-packages/airflow/example_dags/example_latest_only.py
[2024-01-13T12:01:13.738+0200] {processor.py:830} INFO - Processing file /Library/Frameworks/Python.framework/Versions/3.10/lib/python3.10/site-packages/airflow/example_dags/example_latest_only.py for tasks to queue
[2024-01-13T12:01:13.739+0200] {logging_mixin.py:188} INFO - [2024-01-13T12:01:13.738+0200] {dagbag.py:538} INFO - Filling up the DagBag from /Library/Frameworks/Python.framework/Versions/3.10/lib/python3.10/site-packages/airflow/example_dags/example_latest_only.py
[2024-01-13T12:01:13.757+0200] {processor.py:840} INFO - DAG(s) 'latest_only' retrieved from /Library/Frameworks/Python.framework/Versions/3.10/lib/python3.10/site-packages/airflow/example_dags/example_latest_only.py
[2024-01-13T12:01:13.941+0200] {logging_mixin.py:188} INFO - [2024-01-13T12:01:13.940+0200] {dag.py:3033} INFO - Sync 1 DAGs
[2024-01-13T12:01:13.974+0200] {logging_mixin.py:188} INFO - [2024-01-13T12:01:13.974+0200] {dag.py:3820} INFO - Setting next_dagrun for latest_only to 2024-01-13T04:00:00+00:00, run_after=2024-01-13T08:00:00+00:00
[2024-01-13T12:01:14.017+0200] {processor.py:183} INFO - Processing /Library/Frameworks/Python.framework/Versions/3.10/lib/python3.10/site-packages/airflow/example_dags/example_latest_only.py took 0.289 seconds
[2024-01-13T12:05:03.937+0200] {processor.py:161} INFO - Started process (PID=33336) to work on /Library/Frameworks/Python.framework/Versions/3.10/lib/python3.10/site-packages/airflow/example_dags/example_latest_only.py
[2024-01-13T12:05:03.948+0200] {processor.py:830} INFO - Processing file /Library/Frameworks/Python.framework/Versions/3.10/lib/python3.10/site-packages/airflow/example_dags/example_latest_only.py for tasks to queue
[2024-01-13T12:05:03.949+0200] {logging_mixin.py:188} INFO - [2024-01-13T12:05:03.949+0200] {dagbag.py:538} INFO - Filling up the DagBag from /Library/Frameworks/Python.framework/Versions/3.10/lib/python3.10/site-packages/airflow/example_dags/example_latest_only.py
[2024-01-13T12:05:03.974+0200] {processor.py:840} INFO - DAG(s) 'latest_only' retrieved from /Library/Frameworks/Python.framework/Versions/3.10/lib/python3.10/site-packages/airflow/example_dags/example_latest_only.py
[2024-01-13T12:05:04.242+0200] {logging_mixin.py:188} INFO - [2024-01-13T12:05:04.242+0200] {dag.py:3033} INFO - Sync 1 DAGs
[2024-01-13T12:05:04.271+0200] {logging_mixin.py:188} INFO - [2024-01-13T12:05:04.271+0200] {dag.py:3820} INFO - Setting next_dagrun for latest_only to 2024-01-13T04:00:00+00:00, run_after=2024-01-13T08:00:00+00:00
[2024-01-13T12:05:04.305+0200] {processor.py:183} INFO - Processing /Library/Frameworks/Python.framework/Versions/3.10/lib/python3.10/site-packages/airflow/example_dags/example_latest_only.py took 0.370 seconds
[2024-01-13T12:08:00.233+0200] {processor.py:161} INFO - Started process (PID=33995) to work on /Library/Frameworks/Python.framework/Versions/3.10/lib/python3.10/site-packages/airflow/example_dags/example_latest_only.py
[2024-01-13T12:08:00.240+0200] {processor.py:830} INFO - Processing file /Library/Frameworks/Python.framework/Versions/3.10/lib/python3.10/site-packages/airflow/example_dags/example_latest_only.py for tasks to queue
[2024-01-13T12:08:00.241+0200] {logging_mixin.py:188} INFO - [2024-01-13T12:08:00.240+0200] {dagbag.py:538} INFO - Filling up the DagBag from /Library/Frameworks/Python.framework/Versions/3.10/lib/python3.10/site-packages/airflow/example_dags/example_latest_only.py
[2024-01-13T12:08:00.254+0200] {processor.py:840} INFO - DAG(s) 'latest_only' retrieved from /Library/Frameworks/Python.framework/Versions/3.10/lib/python3.10/site-packages/airflow/example_dags/example_latest_only.py
[2024-01-13T12:08:00.407+0200] {logging_mixin.py:188} INFO - [2024-01-13T12:08:00.407+0200] {dag.py:3033} INFO - Sync 1 DAGs
[2024-01-13T12:08:00.424+0200] {logging_mixin.py:188} INFO - [2024-01-13T12:08:00.424+0200] {dag.py:3820} INFO - Setting next_dagrun for latest_only to 2024-01-13T04:00:00+00:00, run_after=2024-01-13T08:00:00+00:00
[2024-01-13T12:08:00.444+0200] {processor.py:183} INFO - Processing /Library/Frameworks/Python.framework/Versions/3.10/lib/python3.10/site-packages/airflow/example_dags/example_latest_only.py took 0.212 seconds
[2024-01-13T12:10:42.348+0200] {processor.py:161} INFO - Started process (PID=34119) to work on /Library/Frameworks/Python.framework/Versions/3.10/lib/python3.10/site-packages/airflow/example_dags/example_latest_only.py
[2024-01-13T12:10:42.353+0200] {processor.py:830} INFO - Processing file /Library/Frameworks/Python.framework/Versions/3.10/lib/python3.10/site-packages/airflow/example_dags/example_latest_only.py for tasks to queue
[2024-01-13T12:10:42.354+0200] {logging_mixin.py:188} INFO - [2024-01-13T12:10:42.354+0200] {dagbag.py:538} INFO - Filling up the DagBag from /Library/Frameworks/Python.framework/Versions/3.10/lib/python3.10/site-packages/airflow/example_dags/example_latest_only.py
[2024-01-13T12:10:42.367+0200] {processor.py:840} INFO - DAG(s) 'latest_only' retrieved from /Library/Frameworks/Python.framework/Versions/3.10/lib/python3.10/site-packages/airflow/example_dags/example_latest_only.py
[2024-01-13T12:10:42.516+0200] {logging_mixin.py:188} INFO - [2024-01-13T12:10:42.516+0200] {dag.py:3033} INFO - Sync 1 DAGs
[2024-01-13T12:10:42.533+0200] {logging_mixin.py:188} INFO - [2024-01-13T12:10:42.533+0200] {dag.py:3820} INFO - Setting next_dagrun for latest_only to 2024-01-13T04:00:00+00:00, run_after=2024-01-13T08:00:00+00:00
[2024-01-13T12:10:42.552+0200] {processor.py:183} INFO - Processing /Library/Frameworks/Python.framework/Versions/3.10/lib/python3.10/site-packages/airflow/example_dags/example_latest_only.py took 0.206 seconds
[2024-01-13T12:15:42.039+0200] {processor.py:161} INFO - Started process (PID=34402) to work on /Library/Frameworks/Python.framework/Versions/3.10/lib/python3.10/site-packages/airflow/example_dags/example_latest_only.py
[2024-01-13T12:15:42.047+0200] {processor.py:830} INFO - Processing file /Library/Frameworks/Python.framework/Versions/3.10/lib/python3.10/site-packages/airflow/example_dags/example_latest_only.py for tasks to queue
[2024-01-13T12:15:42.048+0200] {logging_mixin.py:188} INFO - [2024-01-13T12:15:42.048+0200] {dagbag.py:538} INFO - Filling up the DagBag from /Library/Frameworks/Python.framework/Versions/3.10/lib/python3.10/site-packages/airflow/example_dags/example_latest_only.py
[2024-01-13T12:15:42.071+0200] {processor.py:840} INFO - DAG(s) 'latest_only' retrieved from /Library/Frameworks/Python.framework/Versions/3.10/lib/python3.10/site-packages/airflow/example_dags/example_latest_only.py
[2024-01-13T12:15:42.277+0200] {logging_mixin.py:188} INFO - [2024-01-13T12:15:42.277+0200] {dag.py:3033} INFO - Sync 1 DAGs
[2024-01-13T12:15:42.296+0200] {logging_mixin.py:188} INFO - [2024-01-13T12:15:42.296+0200] {dag.py:3820} INFO - Setting next_dagrun for latest_only to 2024-01-13T04:00:00+00:00, run_after=2024-01-13T08:00:00+00:00
[2024-01-13T12:15:42.323+0200] {processor.py:183} INFO - Processing /Library/Frameworks/Python.framework/Versions/3.10/lib/python3.10/site-packages/airflow/example_dags/example_latest_only.py took 0.285 seconds
[2024-01-13T13:29:29.450+0200] {processor.py:161} INFO - Started process (PID=35500) to work on /Library/Frameworks/Python.framework/Versions/3.10/lib/python3.10/site-packages/airflow/example_dags/example_latest_only.py
[2024-01-13T13:29:29.456+0200] {processor.py:830} INFO - Processing file /Library/Frameworks/Python.framework/Versions/3.10/lib/python3.10/site-packages/airflow/example_dags/example_latest_only.py for tasks to queue
[2024-01-13T13:29:29.456+0200] {logging_mixin.py:188} INFO - [2024-01-13T13:29:29.456+0200] {dagbag.py:538} INFO - Filling up the DagBag from /Library/Frameworks/Python.framework/Versions/3.10/lib/python3.10/site-packages/airflow/example_dags/example_latest_only.py
[2024-01-13T13:29:29.469+0200] {processor.py:840} INFO - DAG(s) 'latest_only' retrieved from /Library/Frameworks/Python.framework/Versions/3.10/lib/python3.10/site-packages/airflow/example_dags/example_latest_only.py
[2024-01-13T13:29:29.615+0200] {logging_mixin.py:188} INFO - [2024-01-13T13:29:29.615+0200] {dag.py:3033} INFO - Sync 1 DAGs
[2024-01-13T13:29:29.631+0200] {logging_mixin.py:188} INFO - [2024-01-13T13:29:29.631+0200] {dag.py:3820} INFO - Setting next_dagrun for latest_only to 2024-01-13T04:00:00+00:00, run_after=2024-01-13T08:00:00+00:00
[2024-01-13T13:29:29.652+0200] {processor.py:183} INFO - Processing /Library/Frameworks/Python.framework/Versions/3.10/lib/python3.10/site-packages/airflow/example_dags/example_latest_only.py took 0.204 seconds
[2024-01-13T15:18:05.152+0200] {processor.py:161} INFO - Started process (PID=42753) to work on /Library/Frameworks/Python.framework/Versions/3.10/lib/python3.10/site-packages/airflow/example_dags/example_latest_only.py
[2024-01-13T15:18:05.156+0200] {processor.py:830} INFO - Processing file /Library/Frameworks/Python.framework/Versions/3.10/lib/python3.10/site-packages/airflow/example_dags/example_latest_only.py for tasks to queue
[2024-01-13T15:18:05.157+0200] {logging_mixin.py:188} INFO - [2024-01-13T15:18:05.157+0200] {dagbag.py:538} INFO - Filling up the DagBag from /Library/Frameworks/Python.framework/Versions/3.10/lib/python3.10/site-packages/airflow/example_dags/example_latest_only.py
[2024-01-13T15:18:05.168+0200] {processor.py:840} INFO - DAG(s) 'latest_only' retrieved from /Library/Frameworks/Python.framework/Versions/3.10/lib/python3.10/site-packages/airflow/example_dags/example_latest_only.py
[2024-01-13T15:18:05.409+0200] {logging_mixin.py:188} INFO - [2024-01-13T15:18:05.408+0200] {dag.py:3033} INFO - Sync 1 DAGs
[2024-01-13T15:18:05.424+0200] {logging_mixin.py:188} INFO - [2024-01-13T15:18:05.424+0200] {dag.py:3820} INFO - Setting next_dagrun for latest_only to 2024-01-13T08:00:00+00:00, run_after=2024-01-13T12:00:00+00:00
[2024-01-13T15:18:05.442+0200] {processor.py:183} INFO - Processing /Library/Frameworks/Python.framework/Versions/3.10/lib/python3.10/site-packages/airflow/example_dags/example_latest_only.py took 0.292 seconds
[2024-01-13T15:20:49.087+0200] {processor.py:161} INFO - Started process (PID=42873) to work on /Library/Frameworks/Python.framework/Versions/3.10/lib/python3.10/site-packages/airflow/example_dags/example_latest_only.py
[2024-01-13T15:20:49.092+0200] {processor.py:830} INFO - Processing file /Library/Frameworks/Python.framework/Versions/3.10/lib/python3.10/site-packages/airflow/example_dags/example_latest_only.py for tasks to queue
[2024-01-13T15:20:49.092+0200] {logging_mixin.py:188} INFO - [2024-01-13T15:20:49.092+0200] {dagbag.py:538} INFO - Filling up the DagBag from /Library/Frameworks/Python.framework/Versions/3.10/lib/python3.10/site-packages/airflow/example_dags/example_latest_only.py
[2024-01-13T15:20:49.105+0200] {processor.py:840} INFO - DAG(s) 'latest_only' retrieved from /Library/Frameworks/Python.framework/Versions/3.10/lib/python3.10/site-packages/airflow/example_dags/example_latest_only.py
[2024-01-13T15:20:49.252+0200] {logging_mixin.py:188} INFO - [2024-01-13T15:20:49.252+0200] {dag.py:3033} INFO - Sync 1 DAGs
[2024-01-13T15:20:49.267+0200] {logging_mixin.py:188} INFO - [2024-01-13T15:20:49.267+0200] {dag.py:3820} INFO - Setting next_dagrun for latest_only to 2024-01-13T08:00:00+00:00, run_after=2024-01-13T12:00:00+00:00
[2024-01-13T15:20:49.284+0200] {processor.py:183} INFO - Processing /Library/Frameworks/Python.framework/Versions/3.10/lib/python3.10/site-packages/airflow/example_dags/example_latest_only.py took 0.199 seconds
[2024-01-13T15:25:44.348+0200] {processor.py:161} INFO - Started process (PID=43149) to work on /Library/Frameworks/Python.framework/Versions/3.10/lib/python3.10/site-packages/airflow/example_dags/example_latest_only.py
[2024-01-13T15:25:44.355+0200] {processor.py:830} INFO - Processing file /Library/Frameworks/Python.framework/Versions/3.10/lib/python3.10/site-packages/airflow/example_dags/example_latest_only.py for tasks to queue
[2024-01-13T15:25:44.356+0200] {logging_mixin.py:188} INFO - [2024-01-13T15:25:44.356+0200] {dagbag.py:538} INFO - Filling up the DagBag from /Library/Frameworks/Python.framework/Versions/3.10/lib/python3.10/site-packages/airflow/example_dags/example_latest_only.py
[2024-01-13T15:25:44.370+0200] {processor.py:840} INFO - DAG(s) 'latest_only' retrieved from /Library/Frameworks/Python.framework/Versions/3.10/lib/python3.10/site-packages/airflow/example_dags/example_latest_only.py
[2024-01-13T15:25:44.581+0200] {logging_mixin.py:188} INFO - [2024-01-13T15:25:44.580+0200] {dag.py:3033} INFO - Sync 1 DAGs
[2024-01-13T15:25:44.604+0200] {logging_mixin.py:188} INFO - [2024-01-13T15:25:44.604+0200] {dag.py:3820} INFO - Setting next_dagrun for latest_only to 2024-01-13T08:00:00+00:00, run_after=2024-01-13T12:00:00+00:00
[2024-01-13T15:25:44.626+0200] {processor.py:183} INFO - Processing /Library/Frameworks/Python.framework/Versions/3.10/lib/python3.10/site-packages/airflow/example_dags/example_latest_only.py took 0.280 seconds
[2024-01-13T15:33:40.569+0200] {processor.py:161} INFO - Started process (PID=43724) to work on /Library/Frameworks/Python.framework/Versions/3.10/lib/python3.10/site-packages/airflow/example_dags/example_latest_only.py
[2024-01-13T15:33:40.574+0200] {processor.py:830} INFO - Processing file /Library/Frameworks/Python.framework/Versions/3.10/lib/python3.10/site-packages/airflow/example_dags/example_latest_only.py for tasks to queue
[2024-01-13T15:33:40.575+0200] {logging_mixin.py:188} INFO - [2024-01-13T15:33:40.574+0200] {dagbag.py:538} INFO - Filling up the DagBag from /Library/Frameworks/Python.framework/Versions/3.10/lib/python3.10/site-packages/airflow/example_dags/example_latest_only.py
[2024-01-13T15:33:40.585+0200] {processor.py:840} INFO - DAG(s) 'latest_only' retrieved from /Library/Frameworks/Python.framework/Versions/3.10/lib/python3.10/site-packages/airflow/example_dags/example_latest_only.py
[2024-01-13T15:33:40.826+0200] {logging_mixin.py:188} INFO - [2024-01-13T15:33:40.826+0200] {dag.py:3033} INFO - Sync 1 DAGs
[2024-01-13T15:33:40.841+0200] {logging_mixin.py:188} INFO - [2024-01-13T15:33:40.841+0200] {dag.py:3820} INFO - Setting next_dagrun for latest_only to 2024-01-13T08:00:00+00:00, run_after=2024-01-13T12:00:00+00:00
[2024-01-13T15:33:40.861+0200] {processor.py:183} INFO - Processing /Library/Frameworks/Python.framework/Versions/3.10/lib/python3.10/site-packages/airflow/example_dags/example_latest_only.py took 0.293 seconds
[2024-01-13T15:40:23.122+0200] {processor.py:161} INFO - Started process (PID=44235) to work on /Library/Frameworks/Python.framework/Versions/3.10/lib/python3.10/site-packages/airflow/example_dags/example_latest_only.py
[2024-01-13T15:40:23.127+0200] {processor.py:830} INFO - Processing file /Library/Frameworks/Python.framework/Versions/3.10/lib/python3.10/site-packages/airflow/example_dags/example_latest_only.py for tasks to queue
[2024-01-13T15:40:23.128+0200] {logging_mixin.py:188} INFO - [2024-01-13T15:40:23.127+0200] {dagbag.py:538} INFO - Filling up the DagBag from /Library/Frameworks/Python.framework/Versions/3.10/lib/python3.10/site-packages/airflow/example_dags/example_latest_only.py
[2024-01-13T15:40:23.140+0200] {processor.py:840} INFO - DAG(s) 'latest_only' retrieved from /Library/Frameworks/Python.framework/Versions/3.10/lib/python3.10/site-packages/airflow/example_dags/example_latest_only.py
[2024-01-13T15:40:23.371+0200] {logging_mixin.py:188} INFO - [2024-01-13T15:40:23.371+0200] {dag.py:3033} INFO - Sync 1 DAGs
[2024-01-13T15:40:23.385+0200] {logging_mixin.py:188} INFO - [2024-01-13T15:40:23.384+0200] {dag.py:3820} INFO - Setting next_dagrun for latest_only to 2024-01-13T08:00:00+00:00, run_after=2024-01-13T12:00:00+00:00
[2024-01-13T15:40:23.400+0200] {processor.py:183} INFO - Processing /Library/Frameworks/Python.framework/Versions/3.10/lib/python3.10/site-packages/airflow/example_dags/example_latest_only.py took 0.279 seconds
[2024-01-13T21:45:37.956+0200] {processor.py:161} INFO - Started process (PID=45360) to work on /Library/Frameworks/Python.framework/Versions/3.10/lib/python3.10/site-packages/airflow/example_dags/example_latest_only.py
[2024-01-13T21:45:37.962+0200] {processor.py:830} INFO - Processing file /Library/Frameworks/Python.framework/Versions/3.10/lib/python3.10/site-packages/airflow/example_dags/example_latest_only.py for tasks to queue
[2024-01-13T21:45:37.962+0200] {logging_mixin.py:188} INFO - [2024-01-13T21:45:37.962+0200] {dagbag.py:538} INFO - Filling up the DagBag from /Library/Frameworks/Python.framework/Versions/3.10/lib/python3.10/site-packages/airflow/example_dags/example_latest_only.py
[2024-01-13T21:45:37.973+0200] {processor.py:840} INFO - DAG(s) 'latest_only' retrieved from /Library/Frameworks/Python.framework/Versions/3.10/lib/python3.10/site-packages/airflow/example_dags/example_latest_only.py
[2024-01-13T21:45:38.107+0200] {logging_mixin.py:188} INFO - [2024-01-13T21:45:38.107+0200] {dag.py:3033} INFO - Sync 1 DAGs
[2024-01-13T21:45:38.121+0200] {logging_mixin.py:188} INFO - [2024-01-13T21:45:38.121+0200] {dag.py:3820} INFO - Setting next_dagrun for latest_only to 2024-01-13T12:00:00+00:00, run_after=2024-01-13T16:00:00+00:00
[2024-01-13T21:45:38.138+0200] {processor.py:183} INFO - Processing /Library/Frameworks/Python.framework/Versions/3.10/lib/python3.10/site-packages/airflow/example_dags/example_latest_only.py took 0.183 seconds
[2024-01-14T00:34:05.095+0200] {processor.py:161} INFO - Started process (PID=45783) to work on /Library/Frameworks/Python.framework/Versions/3.10/lib/python3.10/site-packages/airflow/example_dags/example_latest_only.py
[2024-01-14T00:34:05.102+0200] {processor.py:830} INFO - Processing file /Library/Frameworks/Python.framework/Versions/3.10/lib/python3.10/site-packages/airflow/example_dags/example_latest_only.py for tasks to queue
[2024-01-14T00:34:05.104+0200] {logging_mixin.py:188} INFO - [2024-01-14T00:34:05.103+0200] {dagbag.py:538} INFO - Filling up the DagBag from /Library/Frameworks/Python.framework/Versions/3.10/lib/python3.10/site-packages/airflow/example_dags/example_latest_only.py
[2024-01-14T00:34:05.126+0200] {processor.py:840} INFO - DAG(s) 'latest_only' retrieved from /Library/Frameworks/Python.framework/Versions/3.10/lib/python3.10/site-packages/airflow/example_dags/example_latest_only.py
[2024-01-14T00:34:05.302+0200] {logging_mixin.py:188} INFO - [2024-01-14T00:34:05.301+0200] {dag.py:3033} INFO - Sync 1 DAGs
[2024-01-14T00:34:05.318+0200] {logging_mixin.py:188} INFO - [2024-01-14T00:34:05.318+0200] {dag.py:3820} INFO - Setting next_dagrun for latest_only to 2024-01-13T16:00:00+00:00, run_after=2024-01-13T20:00:00+00:00
[2024-01-14T00:34:05.336+0200] {processor.py:183} INFO - Processing /Library/Frameworks/Python.framework/Versions/3.10/lib/python3.10/site-packages/airflow/example_dags/example_latest_only.py took 0.244 seconds
[2024-01-14T00:37:14.926+0200] {processor.py:161} INFO - Started process (PID=46306) to work on /Library/Frameworks/Python.framework/Versions/3.10/lib/python3.10/site-packages/airflow/example_dags/example_latest_only.py
[2024-01-14T00:37:14.930+0200] {processor.py:830} INFO - Processing file /Library/Frameworks/Python.framework/Versions/3.10/lib/python3.10/site-packages/airflow/example_dags/example_latest_only.py for tasks to queue
[2024-01-14T00:37:14.930+0200] {logging_mixin.py:188} INFO - [2024-01-14T00:37:14.930+0200] {dagbag.py:538} INFO - Filling up the DagBag from /Library/Frameworks/Python.framework/Versions/3.10/lib/python3.10/site-packages/airflow/example_dags/example_latest_only.py
[2024-01-14T00:37:14.940+0200] {processor.py:840} INFO - DAG(s) 'latest_only' retrieved from /Library/Frameworks/Python.framework/Versions/3.10/lib/python3.10/site-packages/airflow/example_dags/example_latest_only.py
[2024-01-14T00:37:15.084+0200] {logging_mixin.py:188} INFO - [2024-01-14T00:37:15.083+0200] {dag.py:3033} INFO - Sync 1 DAGs
[2024-01-14T00:37:15.097+0200] {logging_mixin.py:188} INFO - [2024-01-14T00:37:15.097+0200] {dag.py:3820} INFO - Setting next_dagrun for latest_only to 2024-01-13T16:00:00+00:00, run_after=2024-01-13T20:00:00+00:00
[2024-01-14T00:37:15.114+0200] {processor.py:183} INFO - Processing /Library/Frameworks/Python.framework/Versions/3.10/lib/python3.10/site-packages/airflow/example_dags/example_latest_only.py took 0.190 seconds
[2024-01-14T00:42:10.817+0200] {processor.py:161} INFO - Started process (PID=46665) to work on /Library/Frameworks/Python.framework/Versions/3.10/lib/python3.10/site-packages/airflow/example_dags/example_latest_only.py
[2024-01-14T00:42:10.822+0200] {processor.py:830} INFO - Processing file /Library/Frameworks/Python.framework/Versions/3.10/lib/python3.10/site-packages/airflow/example_dags/example_latest_only.py for tasks to queue
[2024-01-14T00:42:10.822+0200] {logging_mixin.py:188} INFO - [2024-01-14T00:42:10.822+0200] {dagbag.py:538} INFO - Filling up the DagBag from /Library/Frameworks/Python.framework/Versions/3.10/lib/python3.10/site-packages/airflow/example_dags/example_latest_only.py
[2024-01-14T00:42:10.834+0200] {processor.py:840} INFO - DAG(s) 'latest_only' retrieved from /Library/Frameworks/Python.framework/Versions/3.10/lib/python3.10/site-packages/airflow/example_dags/example_latest_only.py
[2024-01-14T00:42:10.983+0200] {logging_mixin.py:188} INFO - [2024-01-14T00:42:10.983+0200] {dag.py:3033} INFO - Sync 1 DAGs
[2024-01-14T00:42:10.997+0200] {logging_mixin.py:188} INFO - [2024-01-14T00:42:10.997+0200] {dag.py:3820} INFO - Setting next_dagrun for latest_only to 2024-01-13T16:00:00+00:00, run_after=2024-01-13T20:00:00+00:00
[2024-01-14T00:42:11.013+0200] {processor.py:183} INFO - Processing /Library/Frameworks/Python.framework/Versions/3.10/lib/python3.10/site-packages/airflow/example_dags/example_latest_only.py took 0.197 seconds
[2024-01-14T00:47:23.568+0200] {processor.py:161} INFO - Started process (PID=47012) to work on /Library/Frameworks/Python.framework/Versions/3.10/lib/python3.10/site-packages/airflow/example_dags/example_latest_only.py
[2024-01-14T00:47:23.572+0200] {processor.py:830} INFO - Processing file /Library/Frameworks/Python.framework/Versions/3.10/lib/python3.10/site-packages/airflow/example_dags/example_latest_only.py for tasks to queue
[2024-01-14T00:47:23.573+0200] {logging_mixin.py:188} INFO - [2024-01-14T00:47:23.573+0200] {dagbag.py:538} INFO - Filling up the DagBag from /Library/Frameworks/Python.framework/Versions/3.10/lib/python3.10/site-packages/airflow/example_dags/example_latest_only.py
[2024-01-14T00:47:23.583+0200] {processor.py:840} INFO - DAG(s) 'latest_only' retrieved from /Library/Frameworks/Python.framework/Versions/3.10/lib/python3.10/site-packages/airflow/example_dags/example_latest_only.py
[2024-01-14T00:47:23.727+0200] {logging_mixin.py:188} INFO - [2024-01-14T00:47:23.726+0200] {dag.py:3033} INFO - Sync 1 DAGs
[2024-01-14T00:47:23.741+0200] {logging_mixin.py:188} INFO - [2024-01-14T00:47:23.741+0200] {dag.py:3820} INFO - Setting next_dagrun for latest_only to 2024-01-13T16:00:00+00:00, run_after=2024-01-13T20:00:00+00:00
[2024-01-14T00:47:23.758+0200] {processor.py:183} INFO - Processing /Library/Frameworks/Python.framework/Versions/3.10/lib/python3.10/site-packages/airflow/example_dags/example_latest_only.py took 0.192 seconds
[2024-01-14T00:50:09.883+0200] {processor.py:161} INFO - Started process (PID=47169) to work on /Library/Frameworks/Python.framework/Versions/3.10/lib/python3.10/site-packages/airflow/example_dags/example_latest_only.py
[2024-01-14T00:50:09.887+0200] {processor.py:830} INFO - Processing file /Library/Frameworks/Python.framework/Versions/3.10/lib/python3.10/site-packages/airflow/example_dags/example_latest_only.py for tasks to queue
[2024-01-14T00:50:09.888+0200] {logging_mixin.py:188} INFO - [2024-01-14T00:50:09.888+0200] {dagbag.py:538} INFO - Filling up the DagBag from /Library/Frameworks/Python.framework/Versions/3.10/lib/python3.10/site-packages/airflow/example_dags/example_latest_only.py
[2024-01-14T00:50:09.900+0200] {processor.py:840} INFO - DAG(s) 'latest_only' retrieved from /Library/Frameworks/Python.framework/Versions/3.10/lib/python3.10/site-packages/airflow/example_dags/example_latest_only.py
[2024-01-14T00:50:10.049+0200] {logging_mixin.py:188} INFO - [2024-01-14T00:50:10.049+0200] {dag.py:3033} INFO - Sync 1 DAGs
[2024-01-14T00:50:10.063+0200] {logging_mixin.py:188} INFO - [2024-01-14T00:50:10.063+0200] {dag.py:3820} INFO - Setting next_dagrun for latest_only to 2024-01-13T16:00:00+00:00, run_after=2024-01-13T20:00:00+00:00
[2024-01-14T00:50:10.088+0200] {processor.py:183} INFO - Processing /Library/Frameworks/Python.framework/Versions/3.10/lib/python3.10/site-packages/airflow/example_dags/example_latest_only.py took 0.207 seconds
