[2024-01-13T10:07:10.758+0200] {processor.py:161} INFO - Started process (PID=21781) to work on /Library/Frameworks/Python.framework/Versions/3.10/lib/python3.10/site-packages/airflow/example_dags/example_nested_branch_dag.py
[2024-01-13T10:07:10.762+0200] {processor.py:830} INFO - Processing file /Library/Frameworks/Python.framework/Versions/3.10/lib/python3.10/site-packages/airflow/example_dags/example_nested_branch_dag.py for tasks to queue
[2024-01-13T10:07:10.763+0200] {logging_mixin.py:188} INFO - [2024-01-13T10:07:10.762+0200] {dagbag.py:538} INFO - Filling up the DagBag from /Library/Frameworks/Python.framework/Versions/3.10/lib/python3.10/site-packages/airflow/example_dags/example_nested_branch_dag.py
[2024-01-13T10:07:10.859+0200] {processor.py:840} INFO - DAG(s) 'example_nested_branch_dag' retrieved from /Library/Frameworks/Python.framework/Versions/3.10/lib/python3.10/site-packages/airflow/example_dags/example_nested_branch_dag.py
[2024-01-13T10:07:10.951+0200] {logging_mixin.py:188} INFO - [2024-01-13T10:07:10.951+0200] {dag.py:3033} INFO - Sync 1 DAGs
[2024-01-13T10:07:10.969+0200] {logging_mixin.py:188} INFO - [2024-01-13T10:07:10.969+0200] {dag.py:3820} INFO - Setting next_dagrun for example_nested_branch_dag to 2024-01-12T00:00:00+00:00, run_after=2024-01-13T00:00:00+00:00
[2024-01-13T10:07:10.989+0200] {processor.py:183} INFO - Processing /Library/Frameworks/Python.framework/Versions/3.10/lib/python3.10/site-packages/airflow/example_dags/example_nested_branch_dag.py took 0.233 seconds
[2024-01-13T10:09:25.942+0200] {processor.py:161} INFO - Started process (PID=21936) to work on /Library/Frameworks/Python.framework/Versions/3.10/lib/python3.10/site-packages/airflow/example_dags/example_nested_branch_dag.py
[2024-01-13T10:09:25.947+0200] {processor.py:830} INFO - Processing file /Library/Frameworks/Python.framework/Versions/3.10/lib/python3.10/site-packages/airflow/example_dags/example_nested_branch_dag.py for tasks to queue
[2024-01-13T10:09:25.948+0200] {logging_mixin.py:188} INFO - [2024-01-13T10:09:25.948+0200] {dagbag.py:538} INFO - Filling up the DagBag from /Library/Frameworks/Python.framework/Versions/3.10/lib/python3.10/site-packages/airflow/example_dags/example_nested_branch_dag.py
[2024-01-13T10:09:26.044+0200] {processor.py:840} INFO - DAG(s) 'example_nested_branch_dag' retrieved from /Library/Frameworks/Python.framework/Versions/3.10/lib/python3.10/site-packages/airflow/example_dags/example_nested_branch_dag.py
[2024-01-13T10:09:26.135+0200] {logging_mixin.py:188} INFO - [2024-01-13T10:09:26.134+0200] {dag.py:3033} INFO - Sync 1 DAGs
[2024-01-13T10:09:26.149+0200] {logging_mixin.py:188} INFO - [2024-01-13T10:09:26.149+0200] {dag.py:3820} INFO - Setting next_dagrun for example_nested_branch_dag to 2024-01-12T00:00:00+00:00, run_after=2024-01-13T00:00:00+00:00
[2024-01-13T10:09:26.167+0200] {processor.py:183} INFO - Processing /Library/Frameworks/Python.framework/Versions/3.10/lib/python3.10/site-packages/airflow/example_dags/example_nested_branch_dag.py took 0.226 seconds
[2024-01-13T10:13:33.048+0200] {processor.py:161} INFO - Started process (PID=22224) to work on /Library/Frameworks/Python.framework/Versions/3.10/lib/python3.10/site-packages/airflow/example_dags/example_nested_branch_dag.py
[2024-01-13T10:13:33.054+0200] {processor.py:830} INFO - Processing file /Library/Frameworks/Python.framework/Versions/3.10/lib/python3.10/site-packages/airflow/example_dags/example_nested_branch_dag.py for tasks to queue
[2024-01-13T10:13:33.054+0200] {logging_mixin.py:188} INFO - [2024-01-13T10:13:33.054+0200] {dagbag.py:538} INFO - Filling up the DagBag from /Library/Frameworks/Python.framework/Versions/3.10/lib/python3.10/site-packages/airflow/example_dags/example_nested_branch_dag.py
[2024-01-13T10:13:33.143+0200] {processor.py:840} INFO - DAG(s) 'example_nested_branch_dag' retrieved from /Library/Frameworks/Python.framework/Versions/3.10/lib/python3.10/site-packages/airflow/example_dags/example_nested_branch_dag.py
[2024-01-13T10:13:33.243+0200] {logging_mixin.py:188} INFO - [2024-01-13T10:13:33.243+0200] {dag.py:3033} INFO - Sync 1 DAGs
[2024-01-13T10:13:33.259+0200] {logging_mixin.py:188} INFO - [2024-01-13T10:13:33.259+0200] {dag.py:3820} INFO - Setting next_dagrun for example_nested_branch_dag to 2024-01-12T00:00:00+00:00, run_after=2024-01-13T00:00:00+00:00
[2024-01-13T10:13:33.280+0200] {processor.py:183} INFO - Processing /Library/Frameworks/Python.framework/Versions/3.10/lib/python3.10/site-packages/airflow/example_dags/example_nested_branch_dag.py took 0.234 seconds
[2024-01-13T10:15:47.298+0200] {processor.py:161} INFO - Started process (PID=22840) to work on /Library/Frameworks/Python.framework/Versions/3.10/lib/python3.10/site-packages/airflow/example_dags/example_nested_branch_dag.py
[2024-01-13T10:15:47.302+0200] {processor.py:830} INFO - Processing file /Library/Frameworks/Python.framework/Versions/3.10/lib/python3.10/site-packages/airflow/example_dags/example_nested_branch_dag.py for tasks to queue
[2024-01-13T10:15:47.303+0200] {logging_mixin.py:188} INFO - [2024-01-13T10:15:47.303+0200] {dagbag.py:538} INFO - Filling up the DagBag from /Library/Frameworks/Python.framework/Versions/3.10/lib/python3.10/site-packages/airflow/example_dags/example_nested_branch_dag.py
[2024-01-13T10:15:47.392+0200] {processor.py:840} INFO - DAG(s) 'example_nested_branch_dag' retrieved from /Library/Frameworks/Python.framework/Versions/3.10/lib/python3.10/site-packages/airflow/example_dags/example_nested_branch_dag.py
[2024-01-13T10:15:47.483+0200] {logging_mixin.py:188} INFO - [2024-01-13T10:15:47.483+0200] {dag.py:3033} INFO - Sync 1 DAGs
[2024-01-13T10:15:47.497+0200] {logging_mixin.py:188} INFO - [2024-01-13T10:15:47.497+0200] {dag.py:3820} INFO - Setting next_dagrun for example_nested_branch_dag to 2024-01-12T00:00:00+00:00, run_after=2024-01-13T00:00:00+00:00
[2024-01-13T10:15:47.514+0200] {processor.py:183} INFO - Processing /Library/Frameworks/Python.framework/Versions/3.10/lib/python3.10/site-packages/airflow/example_dags/example_nested_branch_dag.py took 0.218 seconds
[2024-01-13T10:19:46.412+0200] {processor.py:161} INFO - Started process (PID=23438) to work on /Library/Frameworks/Python.framework/Versions/3.10/lib/python3.10/site-packages/airflow/example_dags/example_nested_branch_dag.py
[2024-01-13T10:19:46.416+0200] {processor.py:830} INFO - Processing file /Library/Frameworks/Python.framework/Versions/3.10/lib/python3.10/site-packages/airflow/example_dags/example_nested_branch_dag.py for tasks to queue
[2024-01-13T10:19:46.417+0200] {logging_mixin.py:188} INFO - [2024-01-13T10:19:46.417+0200] {dagbag.py:538} INFO - Filling up the DagBag from /Library/Frameworks/Python.framework/Versions/3.10/lib/python3.10/site-packages/airflow/example_dags/example_nested_branch_dag.py
[2024-01-13T10:19:46.513+0200] {processor.py:840} INFO - DAG(s) 'example_nested_branch_dag' retrieved from /Library/Frameworks/Python.framework/Versions/3.10/lib/python3.10/site-packages/airflow/example_dags/example_nested_branch_dag.py
[2024-01-13T10:19:46.616+0200] {logging_mixin.py:188} INFO - [2024-01-13T10:19:46.616+0200] {dag.py:3033} INFO - Sync 1 DAGs
[2024-01-13T10:19:46.632+0200] {logging_mixin.py:188} INFO - [2024-01-13T10:19:46.631+0200] {dag.py:3820} INFO - Setting next_dagrun for example_nested_branch_dag to 2024-01-12T00:00:00+00:00, run_after=2024-01-13T00:00:00+00:00
[2024-01-13T10:19:46.652+0200] {processor.py:183} INFO - Processing /Library/Frameworks/Python.framework/Versions/3.10/lib/python3.10/site-packages/airflow/example_dags/example_nested_branch_dag.py took 0.242 seconds
[2024-01-13T10:23:38.354+0200] {processor.py:161} INFO - Started process (PID=23605) to work on /Library/Frameworks/Python.framework/Versions/3.10/lib/python3.10/site-packages/airflow/example_dags/example_nested_branch_dag.py
[2024-01-13T10:23:38.359+0200] {processor.py:830} INFO - Processing file /Library/Frameworks/Python.framework/Versions/3.10/lib/python3.10/site-packages/airflow/example_dags/example_nested_branch_dag.py for tasks to queue
[2024-01-13T10:23:38.359+0200] {logging_mixin.py:188} INFO - [2024-01-13T10:23:38.359+0200] {dagbag.py:538} INFO - Filling up the DagBag from /Library/Frameworks/Python.framework/Versions/3.10/lib/python3.10/site-packages/airflow/example_dags/example_nested_branch_dag.py
[2024-01-13T10:23:38.451+0200] {processor.py:840} INFO - DAG(s) 'example_nested_branch_dag' retrieved from /Library/Frameworks/Python.framework/Versions/3.10/lib/python3.10/site-packages/airflow/example_dags/example_nested_branch_dag.py
[2024-01-13T10:23:38.552+0200] {logging_mixin.py:188} INFO - [2024-01-13T10:23:38.551+0200] {dag.py:3033} INFO - Sync 1 DAGs
[2024-01-13T10:23:38.567+0200] {logging_mixin.py:188} INFO - [2024-01-13T10:23:38.566+0200] {dag.py:3820} INFO - Setting next_dagrun for example_nested_branch_dag to 2024-01-12T00:00:00+00:00, run_after=2024-01-13T00:00:00+00:00
[2024-01-13T10:23:38.585+0200] {processor.py:183} INFO - Processing /Library/Frameworks/Python.framework/Versions/3.10/lib/python3.10/site-packages/airflow/example_dags/example_nested_branch_dag.py took 0.233 seconds
[2024-01-13T10:27:33.295+0200] {processor.py:161} INFO - Started process (PID=23859) to work on /Library/Frameworks/Python.framework/Versions/3.10/lib/python3.10/site-packages/airflow/example_dags/example_nested_branch_dag.py
[2024-01-13T10:27:33.300+0200] {processor.py:830} INFO - Processing file /Library/Frameworks/Python.framework/Versions/3.10/lib/python3.10/site-packages/airflow/example_dags/example_nested_branch_dag.py for tasks to queue
[2024-01-13T10:27:33.301+0200] {logging_mixin.py:188} INFO - [2024-01-13T10:27:33.301+0200] {dagbag.py:538} INFO - Filling up the DagBag from /Library/Frameworks/Python.framework/Versions/3.10/lib/python3.10/site-packages/airflow/example_dags/example_nested_branch_dag.py
[2024-01-13T10:27:33.390+0200] {processor.py:840} INFO - DAG(s) 'example_nested_branch_dag' retrieved from /Library/Frameworks/Python.framework/Versions/3.10/lib/python3.10/site-packages/airflow/example_dags/example_nested_branch_dag.py
[2024-01-13T10:27:33.482+0200] {logging_mixin.py:188} INFO - [2024-01-13T10:27:33.481+0200] {dag.py:3033} INFO - Sync 1 DAGs
[2024-01-13T10:27:33.496+0200] {logging_mixin.py:188} INFO - [2024-01-13T10:27:33.496+0200] {dag.py:3820} INFO - Setting next_dagrun for example_nested_branch_dag to 2024-01-12T00:00:00+00:00, run_after=2024-01-13T00:00:00+00:00
[2024-01-13T10:27:33.514+0200] {processor.py:183} INFO - Processing /Library/Frameworks/Python.framework/Versions/3.10/lib/python3.10/site-packages/airflow/example_dags/example_nested_branch_dag.py took 0.220 seconds
[2024-01-13T10:31:30.405+0200] {processor.py:161} INFO - Started process (PID=24038) to work on /Library/Frameworks/Python.framework/Versions/3.10/lib/python3.10/site-packages/airflow/example_dags/example_nested_branch_dag.py
[2024-01-13T10:31:30.411+0200] {processor.py:830} INFO - Processing file /Library/Frameworks/Python.framework/Versions/3.10/lib/python3.10/site-packages/airflow/example_dags/example_nested_branch_dag.py for tasks to queue
[2024-01-13T10:31:30.412+0200] {logging_mixin.py:188} INFO - [2024-01-13T10:31:30.412+0200] {dagbag.py:538} INFO - Filling up the DagBag from /Library/Frameworks/Python.framework/Versions/3.10/lib/python3.10/site-packages/airflow/example_dags/example_nested_branch_dag.py
[2024-01-13T10:31:30.501+0200] {processor.py:840} INFO - DAG(s) 'example_nested_branch_dag' retrieved from /Library/Frameworks/Python.framework/Versions/3.10/lib/python3.10/site-packages/airflow/example_dags/example_nested_branch_dag.py
[2024-01-13T10:31:30.592+0200] {logging_mixin.py:188} INFO - [2024-01-13T10:31:30.592+0200] {dag.py:3033} INFO - Sync 1 DAGs
[2024-01-13T10:31:30.606+0200] {logging_mixin.py:188} INFO - [2024-01-13T10:31:30.606+0200] {dag.py:3820} INFO - Setting next_dagrun for example_nested_branch_dag to 2024-01-12T00:00:00+00:00, run_after=2024-01-13T00:00:00+00:00
[2024-01-13T10:31:30.624+0200] {processor.py:183} INFO - Processing /Library/Frameworks/Python.framework/Versions/3.10/lib/python3.10/site-packages/airflow/example_dags/example_nested_branch_dag.py took 0.221 seconds
[2024-01-13T10:35:20.263+0200] {processor.py:161} INFO - Started process (PID=24317) to work on /Library/Frameworks/Python.framework/Versions/3.10/lib/python3.10/site-packages/airflow/example_dags/example_nested_branch_dag.py
[2024-01-13T10:35:20.268+0200] {processor.py:830} INFO - Processing file /Library/Frameworks/Python.framework/Versions/3.10/lib/python3.10/site-packages/airflow/example_dags/example_nested_branch_dag.py for tasks to queue
[2024-01-13T10:35:20.268+0200] {logging_mixin.py:188} INFO - [2024-01-13T10:35:20.268+0200] {dagbag.py:538} INFO - Filling up the DagBag from /Library/Frameworks/Python.framework/Versions/3.10/lib/python3.10/site-packages/airflow/example_dags/example_nested_branch_dag.py
[2024-01-13T10:35:20.357+0200] {processor.py:840} INFO - DAG(s) 'example_nested_branch_dag' retrieved from /Library/Frameworks/Python.framework/Versions/3.10/lib/python3.10/site-packages/airflow/example_dags/example_nested_branch_dag.py
[2024-01-13T10:35:20.452+0200] {logging_mixin.py:188} INFO - [2024-01-13T10:35:20.451+0200] {dag.py:3033} INFO - Sync 1 DAGs
[2024-01-13T10:35:20.467+0200] {logging_mixin.py:188} INFO - [2024-01-13T10:35:20.467+0200] {dag.py:3820} INFO - Setting next_dagrun for example_nested_branch_dag to 2024-01-12T00:00:00+00:00, run_after=2024-01-13T00:00:00+00:00
[2024-01-13T10:35:20.487+0200] {processor.py:183} INFO - Processing /Library/Frameworks/Python.framework/Versions/3.10/lib/python3.10/site-packages/airflow/example_dags/example_nested_branch_dag.py took 0.225 seconds
[2024-01-13T10:39:14.111+0200] {processor.py:161} INFO - Started process (PID=24565) to work on /Library/Frameworks/Python.framework/Versions/3.10/lib/python3.10/site-packages/airflow/example_dags/example_nested_branch_dag.py
[2024-01-13T10:39:14.116+0200] {processor.py:830} INFO - Processing file /Library/Frameworks/Python.framework/Versions/3.10/lib/python3.10/site-packages/airflow/example_dags/example_nested_branch_dag.py for tasks to queue
[2024-01-13T10:39:14.116+0200] {logging_mixin.py:188} INFO - [2024-01-13T10:39:14.116+0200] {dagbag.py:538} INFO - Filling up the DagBag from /Library/Frameworks/Python.framework/Versions/3.10/lib/python3.10/site-packages/airflow/example_dags/example_nested_branch_dag.py
[2024-01-13T10:39:14.208+0200] {processor.py:840} INFO - DAG(s) 'example_nested_branch_dag' retrieved from /Library/Frameworks/Python.framework/Versions/3.10/lib/python3.10/site-packages/airflow/example_dags/example_nested_branch_dag.py
[2024-01-13T10:39:14.319+0200] {logging_mixin.py:188} INFO - [2024-01-13T10:39:14.319+0200] {dag.py:3033} INFO - Sync 1 DAGs
[2024-01-13T10:39:14.333+0200] {logging_mixin.py:188} INFO - [2024-01-13T10:39:14.333+0200] {dag.py:3820} INFO - Setting next_dagrun for example_nested_branch_dag to 2024-01-12T00:00:00+00:00, run_after=2024-01-13T00:00:00+00:00
[2024-01-13T10:39:14.354+0200] {processor.py:183} INFO - Processing /Library/Frameworks/Python.framework/Versions/3.10/lib/python3.10/site-packages/airflow/example_dags/example_nested_branch_dag.py took 0.245 seconds
[2024-01-13T10:43:09.122+0200] {processor.py:161} INFO - Started process (PID=24746) to work on /Library/Frameworks/Python.framework/Versions/3.10/lib/python3.10/site-packages/airflow/example_dags/example_nested_branch_dag.py
[2024-01-13T10:43:09.129+0200] {processor.py:830} INFO - Processing file /Library/Frameworks/Python.framework/Versions/3.10/lib/python3.10/site-packages/airflow/example_dags/example_nested_branch_dag.py for tasks to queue
[2024-01-13T10:43:09.130+0200] {logging_mixin.py:188} INFO - [2024-01-13T10:43:09.129+0200] {dagbag.py:538} INFO - Filling up the DagBag from /Library/Frameworks/Python.framework/Versions/3.10/lib/python3.10/site-packages/airflow/example_dags/example_nested_branch_dag.py
[2024-01-13T10:43:09.265+0200] {processor.py:840} INFO - DAG(s) 'example_nested_branch_dag' retrieved from /Library/Frameworks/Python.framework/Versions/3.10/lib/python3.10/site-packages/airflow/example_dags/example_nested_branch_dag.py
[2024-01-13T10:43:09.405+0200] {logging_mixin.py:188} INFO - [2024-01-13T10:43:09.405+0200] {dag.py:3033} INFO - Sync 1 DAGs
[2024-01-13T10:43:09.435+0200] {logging_mixin.py:188} INFO - [2024-01-13T10:43:09.435+0200] {dag.py:3820} INFO - Setting next_dagrun for example_nested_branch_dag to 2024-01-12T00:00:00+00:00, run_after=2024-01-13T00:00:00+00:00
[2024-01-13T10:43:09.462+0200] {processor.py:183} INFO - Processing /Library/Frameworks/Python.framework/Versions/3.10/lib/python3.10/site-packages/airflow/example_dags/example_nested_branch_dag.py took 0.341 seconds
[2024-01-13T10:47:01.408+0200] {processor.py:161} INFO - Started process (PID=25002) to work on /Library/Frameworks/Python.framework/Versions/3.10/lib/python3.10/site-packages/airflow/example_dags/example_nested_branch_dag.py
[2024-01-13T10:47:01.413+0200] {processor.py:830} INFO - Processing file /Library/Frameworks/Python.framework/Versions/3.10/lib/python3.10/site-packages/airflow/example_dags/example_nested_branch_dag.py for tasks to queue
[2024-01-13T10:47:01.413+0200] {logging_mixin.py:188} INFO - [2024-01-13T10:47:01.413+0200] {dagbag.py:538} INFO - Filling up the DagBag from /Library/Frameworks/Python.framework/Versions/3.10/lib/python3.10/site-packages/airflow/example_dags/example_nested_branch_dag.py
[2024-01-13T10:47:01.506+0200] {processor.py:840} INFO - DAG(s) 'example_nested_branch_dag' retrieved from /Library/Frameworks/Python.framework/Versions/3.10/lib/python3.10/site-packages/airflow/example_dags/example_nested_branch_dag.py
[2024-01-13T10:47:01.607+0200] {logging_mixin.py:188} INFO - [2024-01-13T10:47:01.607+0200] {dag.py:3033} INFO - Sync 1 DAGs
[2024-01-13T10:47:01.623+0200] {logging_mixin.py:188} INFO - [2024-01-13T10:47:01.623+0200] {dag.py:3820} INFO - Setting next_dagrun for example_nested_branch_dag to 2024-01-12T00:00:00+00:00, run_after=2024-01-13T00:00:00+00:00
[2024-01-13T10:47:01.641+0200] {processor.py:183} INFO - Processing /Library/Frameworks/Python.framework/Versions/3.10/lib/python3.10/site-packages/airflow/example_dags/example_nested_branch_dag.py took 0.235 seconds
[2024-01-13T10:50:42.163+0200] {processor.py:161} INFO - Started process (PID=25157) to work on /Library/Frameworks/Python.framework/Versions/3.10/lib/python3.10/site-packages/airflow/example_dags/example_nested_branch_dag.py
[2024-01-13T10:50:42.167+0200] {processor.py:830} INFO - Processing file /Library/Frameworks/Python.framework/Versions/3.10/lib/python3.10/site-packages/airflow/example_dags/example_nested_branch_dag.py for tasks to queue
[2024-01-13T10:50:42.167+0200] {logging_mixin.py:188} INFO - [2024-01-13T10:50:42.167+0200] {dagbag.py:538} INFO - Filling up the DagBag from /Library/Frameworks/Python.framework/Versions/3.10/lib/python3.10/site-packages/airflow/example_dags/example_nested_branch_dag.py
[2024-01-13T10:50:42.248+0200] {processor.py:840} INFO - DAG(s) 'example_nested_branch_dag' retrieved from /Library/Frameworks/Python.framework/Versions/3.10/lib/python3.10/site-packages/airflow/example_dags/example_nested_branch_dag.py
[2024-01-13T10:50:42.336+0200] {logging_mixin.py:188} INFO - [2024-01-13T10:50:42.335+0200] {dag.py:3033} INFO - Sync 1 DAGs
[2024-01-13T10:50:42.350+0200] {logging_mixin.py:188} INFO - [2024-01-13T10:50:42.350+0200] {dag.py:3820} INFO - Setting next_dagrun for example_nested_branch_dag to 2024-01-12T00:00:00+00:00, run_after=2024-01-13T00:00:00+00:00
[2024-01-13T10:50:42.368+0200] {processor.py:183} INFO - Processing /Library/Frameworks/Python.framework/Versions/3.10/lib/python3.10/site-packages/airflow/example_dags/example_nested_branch_dag.py took 0.207 seconds
[2024-01-13T10:54:25.930+0200] {processor.py:161} INFO - Started process (PID=25409) to work on /Library/Frameworks/Python.framework/Versions/3.10/lib/python3.10/site-packages/airflow/example_dags/example_nested_branch_dag.py
[2024-01-13T10:54:25.934+0200] {processor.py:830} INFO - Processing file /Library/Frameworks/Python.framework/Versions/3.10/lib/python3.10/site-packages/airflow/example_dags/example_nested_branch_dag.py for tasks to queue
[2024-01-13T10:54:25.935+0200] {logging_mixin.py:188} INFO - [2024-01-13T10:54:25.935+0200] {dagbag.py:538} INFO - Filling up the DagBag from /Library/Frameworks/Python.framework/Versions/3.10/lib/python3.10/site-packages/airflow/example_dags/example_nested_branch_dag.py
[2024-01-13T10:54:26.025+0200] {processor.py:840} INFO - DAG(s) 'example_nested_branch_dag' retrieved from /Library/Frameworks/Python.framework/Versions/3.10/lib/python3.10/site-packages/airflow/example_dags/example_nested_branch_dag.py
[2024-01-13T10:54:26.118+0200] {logging_mixin.py:188} INFO - [2024-01-13T10:54:26.118+0200] {dag.py:3033} INFO - Sync 1 DAGs
[2024-01-13T10:54:26.132+0200] {logging_mixin.py:188} INFO - [2024-01-13T10:54:26.132+0200] {dag.py:3820} INFO - Setting next_dagrun for example_nested_branch_dag to 2024-01-12T00:00:00+00:00, run_after=2024-01-13T00:00:00+00:00
[2024-01-13T10:54:26.149+0200] {processor.py:183} INFO - Processing /Library/Frameworks/Python.framework/Versions/3.10/lib/python3.10/site-packages/airflow/example_dags/example_nested_branch_dag.py took 0.221 seconds
[2024-01-13T10:58:25.858+0200] {processor.py:161} INFO - Started process (PID=25680) to work on /Library/Frameworks/Python.framework/Versions/3.10/lib/python3.10/site-packages/airflow/example_dags/example_nested_branch_dag.py
[2024-01-13T10:58:25.862+0200] {processor.py:830} INFO - Processing file /Library/Frameworks/Python.framework/Versions/3.10/lib/python3.10/site-packages/airflow/example_dags/example_nested_branch_dag.py for tasks to queue
[2024-01-13T10:58:25.863+0200] {logging_mixin.py:188} INFO - [2024-01-13T10:58:25.863+0200] {dagbag.py:538} INFO - Filling up the DagBag from /Library/Frameworks/Python.framework/Versions/3.10/lib/python3.10/site-packages/airflow/example_dags/example_nested_branch_dag.py
[2024-01-13T10:58:25.948+0200] {processor.py:840} INFO - DAG(s) 'example_nested_branch_dag' retrieved from /Library/Frameworks/Python.framework/Versions/3.10/lib/python3.10/site-packages/airflow/example_dags/example_nested_branch_dag.py
[2024-01-13T10:58:26.038+0200] {logging_mixin.py:188} INFO - [2024-01-13T10:58:26.038+0200] {dag.py:3033} INFO - Sync 1 DAGs
[2024-01-13T10:58:26.052+0200] {logging_mixin.py:188} INFO - [2024-01-13T10:58:26.052+0200] {dag.py:3820} INFO - Setting next_dagrun for example_nested_branch_dag to 2024-01-12T00:00:00+00:00, run_after=2024-01-13T00:00:00+00:00
[2024-01-13T10:58:26.070+0200] {processor.py:183} INFO - Processing /Library/Frameworks/Python.framework/Versions/3.10/lib/python3.10/site-packages/airflow/example_dags/example_nested_branch_dag.py took 0.214 seconds
[2024-01-13T11:02:20.895+0200] {processor.py:161} INFO - Started process (PID=25841) to work on /Library/Frameworks/Python.framework/Versions/3.10/lib/python3.10/site-packages/airflow/example_dags/example_nested_branch_dag.py
[2024-01-13T11:02:20.899+0200] {processor.py:830} INFO - Processing file /Library/Frameworks/Python.framework/Versions/3.10/lib/python3.10/site-packages/airflow/example_dags/example_nested_branch_dag.py for tasks to queue
[2024-01-13T11:02:20.900+0200] {logging_mixin.py:188} INFO - [2024-01-13T11:02:20.900+0200] {dagbag.py:538} INFO - Filling up the DagBag from /Library/Frameworks/Python.framework/Versions/3.10/lib/python3.10/site-packages/airflow/example_dags/example_nested_branch_dag.py
[2024-01-13T11:02:20.988+0200] {processor.py:840} INFO - DAG(s) 'example_nested_branch_dag' retrieved from /Library/Frameworks/Python.framework/Versions/3.10/lib/python3.10/site-packages/airflow/example_dags/example_nested_branch_dag.py
[2024-01-13T11:02:21.079+0200] {logging_mixin.py:188} INFO - [2024-01-13T11:02:21.079+0200] {dag.py:3033} INFO - Sync 1 DAGs
[2024-01-13T11:02:21.094+0200] {logging_mixin.py:188} INFO - [2024-01-13T11:02:21.094+0200] {dag.py:3820} INFO - Setting next_dagrun for example_nested_branch_dag to 2024-01-12T00:00:00+00:00, run_after=2024-01-13T00:00:00+00:00
[2024-01-13T11:02:21.111+0200] {processor.py:183} INFO - Processing /Library/Frameworks/Python.framework/Versions/3.10/lib/python3.10/site-packages/airflow/example_dags/example_nested_branch_dag.py took 0.216 seconds
[2024-01-13T11:06:03.395+0200] {processor.py:161} INFO - Started process (PID=26092) to work on /Library/Frameworks/Python.framework/Versions/3.10/lib/python3.10/site-packages/airflow/example_dags/example_nested_branch_dag.py
[2024-01-13T11:06:03.399+0200] {processor.py:830} INFO - Processing file /Library/Frameworks/Python.framework/Versions/3.10/lib/python3.10/site-packages/airflow/example_dags/example_nested_branch_dag.py for tasks to queue
[2024-01-13T11:06:03.400+0200] {logging_mixin.py:188} INFO - [2024-01-13T11:06:03.400+0200] {dagbag.py:538} INFO - Filling up the DagBag from /Library/Frameworks/Python.framework/Versions/3.10/lib/python3.10/site-packages/airflow/example_dags/example_nested_branch_dag.py
[2024-01-13T11:06:03.485+0200] {processor.py:840} INFO - DAG(s) 'example_nested_branch_dag' retrieved from /Library/Frameworks/Python.framework/Versions/3.10/lib/python3.10/site-packages/airflow/example_dags/example_nested_branch_dag.py
[2024-01-13T11:06:03.575+0200] {logging_mixin.py:188} INFO - [2024-01-13T11:06:03.575+0200] {dag.py:3033} INFO - Sync 1 DAGs
[2024-01-13T11:06:03.589+0200] {logging_mixin.py:188} INFO - [2024-01-13T11:06:03.589+0200] {dag.py:3820} INFO - Setting next_dagrun for example_nested_branch_dag to 2024-01-12T00:00:00+00:00, run_after=2024-01-13T00:00:00+00:00
[2024-01-13T11:06:03.606+0200] {processor.py:183} INFO - Processing /Library/Frameworks/Python.framework/Versions/3.10/lib/python3.10/site-packages/airflow/example_dags/example_nested_branch_dag.py took 0.212 seconds
[2024-01-13T11:10:09.050+0200] {processor.py:161} INFO - Started process (PID=26280) to work on /Library/Frameworks/Python.framework/Versions/3.10/lib/python3.10/site-packages/airflow/example_dags/example_nested_branch_dag.py
[2024-01-13T11:10:09.055+0200] {processor.py:830} INFO - Processing file /Library/Frameworks/Python.framework/Versions/3.10/lib/python3.10/site-packages/airflow/example_dags/example_nested_branch_dag.py for tasks to queue
[2024-01-13T11:10:09.055+0200] {logging_mixin.py:188} INFO - [2024-01-13T11:10:09.055+0200] {dagbag.py:538} INFO - Filling up the DagBag from /Library/Frameworks/Python.framework/Versions/3.10/lib/python3.10/site-packages/airflow/example_dags/example_nested_branch_dag.py
[2024-01-13T11:10:09.138+0200] {processor.py:840} INFO - DAG(s) 'example_nested_branch_dag' retrieved from /Library/Frameworks/Python.framework/Versions/3.10/lib/python3.10/site-packages/airflow/example_dags/example_nested_branch_dag.py
[2024-01-13T11:10:09.226+0200] {logging_mixin.py:188} INFO - [2024-01-13T11:10:09.225+0200] {dag.py:3033} INFO - Sync 1 DAGs
[2024-01-13T11:10:09.241+0200] {logging_mixin.py:188} INFO - [2024-01-13T11:10:09.240+0200] {dag.py:3820} INFO - Setting next_dagrun for example_nested_branch_dag to 2024-01-12T00:00:00+00:00, run_after=2024-01-13T00:00:00+00:00
[2024-01-13T11:10:09.257+0200] {processor.py:183} INFO - Processing /Library/Frameworks/Python.framework/Versions/3.10/lib/python3.10/site-packages/airflow/example_dags/example_nested_branch_dag.py took 0.209 seconds
[2024-01-13T11:13:58.115+0200] {processor.py:161} INFO - Started process (PID=26525) to work on /Library/Frameworks/Python.framework/Versions/3.10/lib/python3.10/site-packages/airflow/example_dags/example_nested_branch_dag.py
[2024-01-13T11:13:58.120+0200] {processor.py:830} INFO - Processing file /Library/Frameworks/Python.framework/Versions/3.10/lib/python3.10/site-packages/airflow/example_dags/example_nested_branch_dag.py for tasks to queue
[2024-01-13T11:13:58.121+0200] {logging_mixin.py:188} INFO - [2024-01-13T11:13:58.121+0200] {dagbag.py:538} INFO - Filling up the DagBag from /Library/Frameworks/Python.framework/Versions/3.10/lib/python3.10/site-packages/airflow/example_dags/example_nested_branch_dag.py
[2024-01-13T11:13:58.212+0200] {processor.py:840} INFO - DAG(s) 'example_nested_branch_dag' retrieved from /Library/Frameworks/Python.framework/Versions/3.10/lib/python3.10/site-packages/airflow/example_dags/example_nested_branch_dag.py
[2024-01-13T11:13:58.300+0200] {logging_mixin.py:188} INFO - [2024-01-13T11:13:58.300+0200] {dag.py:3033} INFO - Sync 1 DAGs
[2024-01-13T11:13:58.313+0200] {logging_mixin.py:188} INFO - [2024-01-13T11:13:58.313+0200] {dag.py:3820} INFO - Setting next_dagrun for example_nested_branch_dag to 2024-01-12T00:00:00+00:00, run_after=2024-01-13T00:00:00+00:00
[2024-01-13T11:13:58.331+0200] {processor.py:183} INFO - Processing /Library/Frameworks/Python.framework/Versions/3.10/lib/python3.10/site-packages/airflow/example_dags/example_nested_branch_dag.py took 0.217 seconds
[2024-01-13T11:17:53.137+0200] {processor.py:161} INFO - Started process (PID=26702) to work on /Library/Frameworks/Python.framework/Versions/3.10/lib/python3.10/site-packages/airflow/example_dags/example_nested_branch_dag.py
[2024-01-13T11:17:53.142+0200] {processor.py:830} INFO - Processing file /Library/Frameworks/Python.framework/Versions/3.10/lib/python3.10/site-packages/airflow/example_dags/example_nested_branch_dag.py for tasks to queue
[2024-01-13T11:17:53.142+0200] {logging_mixin.py:188} INFO - [2024-01-13T11:17:53.142+0200] {dagbag.py:538} INFO - Filling up the DagBag from /Library/Frameworks/Python.framework/Versions/3.10/lib/python3.10/site-packages/airflow/example_dags/example_nested_branch_dag.py
[2024-01-13T11:17:53.233+0200] {processor.py:840} INFO - DAG(s) 'example_nested_branch_dag' retrieved from /Library/Frameworks/Python.framework/Versions/3.10/lib/python3.10/site-packages/airflow/example_dags/example_nested_branch_dag.py
[2024-01-13T11:17:53.321+0200] {logging_mixin.py:188} INFO - [2024-01-13T11:17:53.321+0200] {dag.py:3033} INFO - Sync 1 DAGs
[2024-01-13T11:17:53.334+0200] {logging_mixin.py:188} INFO - [2024-01-13T11:17:53.334+0200] {dag.py:3820} INFO - Setting next_dagrun for example_nested_branch_dag to 2024-01-12T00:00:00+00:00, run_after=2024-01-13T00:00:00+00:00
[2024-01-13T11:17:53.352+0200] {processor.py:183} INFO - Processing /Library/Frameworks/Python.framework/Versions/3.10/lib/python3.10/site-packages/airflow/example_dags/example_nested_branch_dag.py took 0.217 seconds
[2024-01-13T11:21:48.068+0200] {processor.py:161} INFO - Started process (PID=27017) to work on /Library/Frameworks/Python.framework/Versions/3.10/lib/python3.10/site-packages/airflow/example_dags/example_nested_branch_dag.py
[2024-01-13T11:21:48.082+0200] {processor.py:830} INFO - Processing file /Library/Frameworks/Python.framework/Versions/3.10/lib/python3.10/site-packages/airflow/example_dags/example_nested_branch_dag.py for tasks to queue
[2024-01-13T11:21:48.082+0200] {logging_mixin.py:188} INFO - [2024-01-13T11:21:48.082+0200] {dagbag.py:538} INFO - Filling up the DagBag from /Library/Frameworks/Python.framework/Versions/3.10/lib/python3.10/site-packages/airflow/example_dags/example_nested_branch_dag.py
[2024-01-13T11:21:48.269+0200] {processor.py:840} INFO - DAG(s) 'example_nested_branch_dag' retrieved from /Library/Frameworks/Python.framework/Versions/3.10/lib/python3.10/site-packages/airflow/example_dags/example_nested_branch_dag.py
[2024-01-13T11:21:48.422+0200] {logging_mixin.py:188} INFO - [2024-01-13T11:21:48.422+0200] {dag.py:3033} INFO - Sync 1 DAGs
[2024-01-13T11:21:48.448+0200] {logging_mixin.py:188} INFO - [2024-01-13T11:21:48.448+0200] {dag.py:3820} INFO - Setting next_dagrun for example_nested_branch_dag to 2024-01-12T00:00:00+00:00, run_after=2024-01-13T00:00:00+00:00
[2024-01-13T11:21:48.468+0200] {processor.py:183} INFO - Processing /Library/Frameworks/Python.framework/Versions/3.10/lib/python3.10/site-packages/airflow/example_dags/example_nested_branch_dag.py took 0.402 seconds
[2024-01-13T11:25:43.158+0200] {processor.py:161} INFO - Started process (PID=27274) to work on /Library/Frameworks/Python.framework/Versions/3.10/lib/python3.10/site-packages/airflow/example_dags/example_nested_branch_dag.py
[2024-01-13T11:25:43.162+0200] {processor.py:830} INFO - Processing file /Library/Frameworks/Python.framework/Versions/3.10/lib/python3.10/site-packages/airflow/example_dags/example_nested_branch_dag.py for tasks to queue
[2024-01-13T11:25:43.162+0200] {logging_mixin.py:188} INFO - [2024-01-13T11:25:43.162+0200] {dagbag.py:538} INFO - Filling up the DagBag from /Library/Frameworks/Python.framework/Versions/3.10/lib/python3.10/site-packages/airflow/example_dags/example_nested_branch_dag.py
[2024-01-13T11:25:43.247+0200] {processor.py:840} INFO - DAG(s) 'example_nested_branch_dag' retrieved from /Library/Frameworks/Python.framework/Versions/3.10/lib/python3.10/site-packages/airflow/example_dags/example_nested_branch_dag.py
[2024-01-13T11:25:43.335+0200] {logging_mixin.py:188} INFO - [2024-01-13T11:25:43.335+0200] {dag.py:3033} INFO - Sync 1 DAGs
[2024-01-13T11:25:43.349+0200] {logging_mixin.py:188} INFO - [2024-01-13T11:25:43.349+0200] {dag.py:3820} INFO - Setting next_dagrun for example_nested_branch_dag to 2024-01-12T00:00:00+00:00, run_after=2024-01-13T00:00:00+00:00
[2024-01-13T11:25:43.367+0200] {processor.py:183} INFO - Processing /Library/Frameworks/Python.framework/Versions/3.10/lib/python3.10/site-packages/airflow/example_dags/example_nested_branch_dag.py took 0.211 seconds
[2024-01-13T11:29:33.063+0200] {processor.py:161} INFO - Started process (PID=27439) to work on /Library/Frameworks/Python.framework/Versions/3.10/lib/python3.10/site-packages/airflow/example_dags/example_nested_branch_dag.py
[2024-01-13T11:29:33.067+0200] {processor.py:830} INFO - Processing file /Library/Frameworks/Python.framework/Versions/3.10/lib/python3.10/site-packages/airflow/example_dags/example_nested_branch_dag.py for tasks to queue
[2024-01-13T11:29:33.068+0200] {logging_mixin.py:188} INFO - [2024-01-13T11:29:33.068+0200] {dagbag.py:538} INFO - Filling up the DagBag from /Library/Frameworks/Python.framework/Versions/3.10/lib/python3.10/site-packages/airflow/example_dags/example_nested_branch_dag.py
[2024-01-13T11:29:33.157+0200] {processor.py:840} INFO - DAG(s) 'example_nested_branch_dag' retrieved from /Library/Frameworks/Python.framework/Versions/3.10/lib/python3.10/site-packages/airflow/example_dags/example_nested_branch_dag.py
[2024-01-13T11:29:33.247+0200] {logging_mixin.py:188} INFO - [2024-01-13T11:29:33.247+0200] {dag.py:3033} INFO - Sync 1 DAGs
[2024-01-13T11:29:33.261+0200] {logging_mixin.py:188} INFO - [2024-01-13T11:29:33.261+0200] {dag.py:3820} INFO - Setting next_dagrun for example_nested_branch_dag to 2024-01-12T00:00:00+00:00, run_after=2024-01-13T00:00:00+00:00
[2024-01-13T11:29:33.279+0200] {processor.py:183} INFO - Processing /Library/Frameworks/Python.framework/Versions/3.10/lib/python3.10/site-packages/airflow/example_dags/example_nested_branch_dag.py took 0.218 seconds
[2024-01-13T11:33:26.336+0200] {processor.py:161} INFO - Started process (PID=27695) to work on /Library/Frameworks/Python.framework/Versions/3.10/lib/python3.10/site-packages/airflow/example_dags/example_nested_branch_dag.py
[2024-01-13T11:33:26.341+0200] {processor.py:830} INFO - Processing file /Library/Frameworks/Python.framework/Versions/3.10/lib/python3.10/site-packages/airflow/example_dags/example_nested_branch_dag.py for tasks to queue
[2024-01-13T11:33:26.342+0200] {logging_mixin.py:188} INFO - [2024-01-13T11:33:26.341+0200] {dagbag.py:538} INFO - Filling up the DagBag from /Library/Frameworks/Python.framework/Versions/3.10/lib/python3.10/site-packages/airflow/example_dags/example_nested_branch_dag.py
[2024-01-13T11:33:26.434+0200] {processor.py:840} INFO - DAG(s) 'example_nested_branch_dag' retrieved from /Library/Frameworks/Python.framework/Versions/3.10/lib/python3.10/site-packages/airflow/example_dags/example_nested_branch_dag.py
[2024-01-13T11:33:26.524+0200] {logging_mixin.py:188} INFO - [2024-01-13T11:33:26.523+0200] {dag.py:3033} INFO - Sync 1 DAGs
[2024-01-13T11:33:26.538+0200] {logging_mixin.py:188} INFO - [2024-01-13T11:33:26.538+0200] {dag.py:3820} INFO - Setting next_dagrun for example_nested_branch_dag to 2024-01-12T00:00:00+00:00, run_after=2024-01-13T00:00:00+00:00
[2024-01-13T11:33:26.558+0200] {processor.py:183} INFO - Processing /Library/Frameworks/Python.framework/Versions/3.10/lib/python3.10/site-packages/airflow/example_dags/example_nested_branch_dag.py took 0.223 seconds
[2024-01-13T11:37:36.119+0200] {processor.py:161} INFO - Started process (PID=29233) to work on /Library/Frameworks/Python.framework/Versions/3.10/lib/python3.10/site-packages/airflow/example_dags/example_nested_branch_dag.py
[2024-01-13T11:37:36.124+0200] {processor.py:830} INFO - Processing file /Library/Frameworks/Python.framework/Versions/3.10/lib/python3.10/site-packages/airflow/example_dags/example_nested_branch_dag.py for tasks to queue
[2024-01-13T11:37:36.124+0200] {logging_mixin.py:188} INFO - [2024-01-13T11:37:36.124+0200] {dagbag.py:538} INFO - Filling up the DagBag from /Library/Frameworks/Python.framework/Versions/3.10/lib/python3.10/site-packages/airflow/example_dags/example_nested_branch_dag.py
[2024-01-13T11:37:36.215+0200] {processor.py:840} INFO - DAG(s) 'example_nested_branch_dag' retrieved from /Library/Frameworks/Python.framework/Versions/3.10/lib/python3.10/site-packages/airflow/example_dags/example_nested_branch_dag.py
[2024-01-13T11:37:36.316+0200] {logging_mixin.py:188} INFO - [2024-01-13T11:37:36.316+0200] {dag.py:3033} INFO - Sync 1 DAGs
[2024-01-13T11:37:36.335+0200] {logging_mixin.py:188} INFO - [2024-01-13T11:37:36.335+0200] {dag.py:3820} INFO - Setting next_dagrun for example_nested_branch_dag to 2024-01-12T00:00:00+00:00, run_after=2024-01-13T00:00:00+00:00
[2024-01-13T11:37:36.356+0200] {processor.py:183} INFO - Processing /Library/Frameworks/Python.framework/Versions/3.10/lib/python3.10/site-packages/airflow/example_dags/example_nested_branch_dag.py took 0.238 seconds
[2024-01-13T11:42:27.535+0200] {processor.py:161} INFO - Started process (PID=29642) to work on /Library/Frameworks/Python.framework/Versions/3.10/lib/python3.10/site-packages/airflow/example_dags/example_nested_branch_dag.py
[2024-01-13T11:42:27.540+0200] {processor.py:830} INFO - Processing file /Library/Frameworks/Python.framework/Versions/3.10/lib/python3.10/site-packages/airflow/example_dags/example_nested_branch_dag.py for tasks to queue
[2024-01-13T11:42:27.541+0200] {logging_mixin.py:188} INFO - [2024-01-13T11:42:27.541+0200] {dagbag.py:538} INFO - Filling up the DagBag from /Library/Frameworks/Python.framework/Versions/3.10/lib/python3.10/site-packages/airflow/example_dags/example_nested_branch_dag.py
[2024-01-13T11:42:27.640+0200] {processor.py:840} INFO - DAG(s) 'example_nested_branch_dag' retrieved from /Library/Frameworks/Python.framework/Versions/3.10/lib/python3.10/site-packages/airflow/example_dags/example_nested_branch_dag.py
[2024-01-13T11:42:27.761+0200] {logging_mixin.py:188} INFO - [2024-01-13T11:42:27.761+0200] {dag.py:3033} INFO - Sync 1 DAGs
[2024-01-13T11:42:27.780+0200] {logging_mixin.py:188} INFO - [2024-01-13T11:42:27.780+0200] {dag.py:3820} INFO - Setting next_dagrun for example_nested_branch_dag to 2024-01-12T00:00:00+00:00, run_after=2024-01-13T00:00:00+00:00
[2024-01-13T11:42:27.866+0200] {processor.py:183} INFO - Processing /Library/Frameworks/Python.framework/Versions/3.10/lib/python3.10/site-packages/airflow/example_dags/example_nested_branch_dag.py took 0.334 seconds
[2024-01-13T11:45:02.453+0200] {processor.py:161} INFO - Started process (PID=29858) to work on /Library/Frameworks/Python.framework/Versions/3.10/lib/python3.10/site-packages/airflow/example_dags/example_nested_branch_dag.py
[2024-01-13T11:45:02.461+0200] {processor.py:830} INFO - Processing file /Library/Frameworks/Python.framework/Versions/3.10/lib/python3.10/site-packages/airflow/example_dags/example_nested_branch_dag.py for tasks to queue
[2024-01-13T11:45:02.462+0200] {logging_mixin.py:188} INFO - [2024-01-13T11:45:02.462+0200] {dagbag.py:538} INFO - Filling up the DagBag from /Library/Frameworks/Python.framework/Versions/3.10/lib/python3.10/site-packages/airflow/example_dags/example_nested_branch_dag.py
[2024-01-13T11:45:02.557+0200] {processor.py:840} INFO - DAG(s) 'example_nested_branch_dag' retrieved from /Library/Frameworks/Python.framework/Versions/3.10/lib/python3.10/site-packages/airflow/example_dags/example_nested_branch_dag.py
[2024-01-13T11:45:02.706+0200] {logging_mixin.py:188} INFO - [2024-01-13T11:45:02.705+0200] {dag.py:3033} INFO - Sync 1 DAGs
[2024-01-13T11:45:02.731+0200] {logging_mixin.py:188} INFO - [2024-01-13T11:45:02.730+0200] {dag.py:3820} INFO - Setting next_dagrun for example_nested_branch_dag to 2024-01-12T00:00:00+00:00, run_after=2024-01-13T00:00:00+00:00
[2024-01-13T11:45:02.752+0200] {processor.py:183} INFO - Processing /Library/Frameworks/Python.framework/Versions/3.10/lib/python3.10/site-packages/airflow/example_dags/example_nested_branch_dag.py took 0.301 seconds
[2024-01-13T11:47:41.824+0200] {processor.py:161} INFO - Started process (PID=30089) to work on /Library/Frameworks/Python.framework/Versions/3.10/lib/python3.10/site-packages/airflow/example_dags/example_nested_branch_dag.py
[2024-01-13T11:47:41.831+0200] {processor.py:830} INFO - Processing file /Library/Frameworks/Python.framework/Versions/3.10/lib/python3.10/site-packages/airflow/example_dags/example_nested_branch_dag.py for tasks to queue
[2024-01-13T11:47:41.832+0200] {logging_mixin.py:188} INFO - [2024-01-13T11:47:41.831+0200] {dagbag.py:538} INFO - Filling up the DagBag from /Library/Frameworks/Python.framework/Versions/3.10/lib/python3.10/site-packages/airflow/example_dags/example_nested_branch_dag.py
[2024-01-13T11:47:41.949+0200] {processor.py:840} INFO - DAG(s) 'example_nested_branch_dag' retrieved from /Library/Frameworks/Python.framework/Versions/3.10/lib/python3.10/site-packages/airflow/example_dags/example_nested_branch_dag.py
[2024-01-13T11:47:42.078+0200] {logging_mixin.py:188} INFO - [2024-01-13T11:47:42.078+0200] {dag.py:3033} INFO - Sync 1 DAGs
[2024-01-13T11:47:42.098+0200] {logging_mixin.py:188} INFO - [2024-01-13T11:47:42.098+0200] {dag.py:3820} INFO - Setting next_dagrun for example_nested_branch_dag to 2024-01-12T00:00:00+00:00, run_after=2024-01-13T00:00:00+00:00
[2024-01-13T11:47:42.121+0200] {processor.py:183} INFO - Processing /Library/Frameworks/Python.framework/Versions/3.10/lib/python3.10/site-packages/airflow/example_dags/example_nested_branch_dag.py took 0.298 seconds
[2024-01-13T11:50:49.994+0200] {processor.py:161} INFO - Started process (PID=30423) to work on /Library/Frameworks/Python.framework/Versions/3.10/lib/python3.10/site-packages/airflow/example_dags/example_nested_branch_dag.py
[2024-01-13T11:50:50.007+0200] {processor.py:830} INFO - Processing file /Library/Frameworks/Python.framework/Versions/3.10/lib/python3.10/site-packages/airflow/example_dags/example_nested_branch_dag.py for tasks to queue
[2024-01-13T11:50:50.008+0200] {logging_mixin.py:188} INFO - [2024-01-13T11:50:50.008+0200] {dagbag.py:538} INFO - Filling up the DagBag from /Library/Frameworks/Python.framework/Versions/3.10/lib/python3.10/site-packages/airflow/example_dags/example_nested_branch_dag.py
[2024-01-13T11:50:50.184+0200] {processor.py:840} INFO - DAG(s) 'example_nested_branch_dag' retrieved from /Library/Frameworks/Python.framework/Versions/3.10/lib/python3.10/site-packages/airflow/example_dags/example_nested_branch_dag.py
[2024-01-13T11:50:50.437+0200] {logging_mixin.py:188} INFO - [2024-01-13T11:50:50.436+0200] {dag.py:3033} INFO - Sync 1 DAGs
[2024-01-13T11:50:50.490+0200] {logging_mixin.py:188} INFO - [2024-01-13T11:50:50.490+0200] {dag.py:3820} INFO - Setting next_dagrun for example_nested_branch_dag to 2024-01-12T00:00:00+00:00, run_after=2024-01-13T00:00:00+00:00
[2024-01-13T11:50:50.541+0200] {processor.py:183} INFO - Processing /Library/Frameworks/Python.framework/Versions/3.10/lib/python3.10/site-packages/airflow/example_dags/example_nested_branch_dag.py took 0.549 seconds
[2024-01-13T11:54:30.265+0200] {processor.py:161} INFO - Started process (PID=31736) to work on /Library/Frameworks/Python.framework/Versions/3.10/lib/python3.10/site-packages/airflow/example_dags/example_nested_branch_dag.py
[2024-01-13T11:54:30.271+0200] {processor.py:830} INFO - Processing file /Library/Frameworks/Python.framework/Versions/3.10/lib/python3.10/site-packages/airflow/example_dags/example_nested_branch_dag.py for tasks to queue
[2024-01-13T11:54:30.272+0200] {logging_mixin.py:188} INFO - [2024-01-13T11:54:30.272+0200] {dagbag.py:538} INFO - Filling up the DagBag from /Library/Frameworks/Python.framework/Versions/3.10/lib/python3.10/site-packages/airflow/example_dags/example_nested_branch_dag.py
[2024-01-13T11:54:30.381+0200] {processor.py:840} INFO - DAG(s) 'example_nested_branch_dag' retrieved from /Library/Frameworks/Python.framework/Versions/3.10/lib/python3.10/site-packages/airflow/example_dags/example_nested_branch_dag.py
[2024-01-13T11:54:30.556+0200] {logging_mixin.py:188} INFO - [2024-01-13T11:54:30.555+0200] {dag.py:3033} INFO - Sync 1 DAGs
[2024-01-13T11:54:30.583+0200] {logging_mixin.py:188} INFO - [2024-01-13T11:54:30.582+0200] {dag.py:3820} INFO - Setting next_dagrun for example_nested_branch_dag to 2024-01-12T00:00:00+00:00, run_after=2024-01-13T00:00:00+00:00
[2024-01-13T11:54:30.620+0200] {processor.py:183} INFO - Processing /Library/Frameworks/Python.framework/Versions/3.10/lib/python3.10/site-packages/airflow/example_dags/example_nested_branch_dag.py took 0.356 seconds
[2024-01-13T11:57:41.650+0200] {processor.py:161} INFO - Started process (PID=31965) to work on /Library/Frameworks/Python.framework/Versions/3.10/lib/python3.10/site-packages/airflow/example_dags/example_nested_branch_dag.py
[2024-01-13T11:57:41.655+0200] {processor.py:830} INFO - Processing file /Library/Frameworks/Python.framework/Versions/3.10/lib/python3.10/site-packages/airflow/example_dags/example_nested_branch_dag.py for tasks to queue
[2024-01-13T11:57:41.656+0200] {logging_mixin.py:188} INFO - [2024-01-13T11:57:41.656+0200] {dagbag.py:538} INFO - Filling up the DagBag from /Library/Frameworks/Python.framework/Versions/3.10/lib/python3.10/site-packages/airflow/example_dags/example_nested_branch_dag.py
[2024-01-13T11:57:41.781+0200] {processor.py:840} INFO - DAG(s) 'example_nested_branch_dag' retrieved from /Library/Frameworks/Python.framework/Versions/3.10/lib/python3.10/site-packages/airflow/example_dags/example_nested_branch_dag.py
[2024-01-13T11:57:42.045+0200] {logging_mixin.py:188} INFO - [2024-01-13T11:57:42.045+0200] {dag.py:3033} INFO - Sync 1 DAGs
[2024-01-13T11:57:42.098+0200] {logging_mixin.py:188} INFO - [2024-01-13T11:57:42.098+0200] {dag.py:3820} INFO - Setting next_dagrun for example_nested_branch_dag to 2024-01-12T00:00:00+00:00, run_after=2024-01-13T00:00:00+00:00
[2024-01-13T11:57:42.201+0200] {processor.py:183} INFO - Processing /Library/Frameworks/Python.framework/Versions/3.10/lib/python3.10/site-packages/airflow/example_dags/example_nested_branch_dag.py took 0.552 seconds
[2024-01-13T12:01:00.794+0200] {processor.py:161} INFO - Started process (PID=32123) to work on /Library/Frameworks/Python.framework/Versions/3.10/lib/python3.10/site-packages/airflow/example_dags/example_nested_branch_dag.py
[2024-01-13T12:01:00.804+0200] {processor.py:830} INFO - Processing file /Library/Frameworks/Python.framework/Versions/3.10/lib/python3.10/site-packages/airflow/example_dags/example_nested_branch_dag.py for tasks to queue
[2024-01-13T12:01:00.805+0200] {logging_mixin.py:188} INFO - [2024-01-13T12:01:00.805+0200] {dagbag.py:538} INFO - Filling up the DagBag from /Library/Frameworks/Python.framework/Versions/3.10/lib/python3.10/site-packages/airflow/example_dags/example_nested_branch_dag.py
[2024-01-13T12:01:00.918+0200] {processor.py:840} INFO - DAG(s) 'example_nested_branch_dag' retrieved from /Library/Frameworks/Python.framework/Versions/3.10/lib/python3.10/site-packages/airflow/example_dags/example_nested_branch_dag.py
[2024-01-13T12:01:01.090+0200] {logging_mixin.py:188} INFO - [2024-01-13T12:01:01.090+0200] {dag.py:3033} INFO - Sync 1 DAGs
[2024-01-13T12:01:01.117+0200] {logging_mixin.py:188} INFO - [2024-01-13T12:01:01.117+0200] {dag.py:3820} INFO - Setting next_dagrun for example_nested_branch_dag to 2024-01-12T00:00:00+00:00, run_after=2024-01-13T00:00:00+00:00
[2024-01-13T12:01:01.145+0200] {processor.py:183} INFO - Processing /Library/Frameworks/Python.framework/Versions/3.10/lib/python3.10/site-packages/airflow/example_dags/example_nested_branch_dag.py took 0.353 seconds
[2024-01-13T12:04:44.994+0200] {processor.py:161} INFO - Started process (PID=33288) to work on /Library/Frameworks/Python.framework/Versions/3.10/lib/python3.10/site-packages/airflow/example_dags/example_nested_branch_dag.py
[2024-01-13T12:04:45.008+0200] {processor.py:830} INFO - Processing file /Library/Frameworks/Python.framework/Versions/3.10/lib/python3.10/site-packages/airflow/example_dags/example_nested_branch_dag.py for tasks to queue
[2024-01-13T12:04:45.010+0200] {logging_mixin.py:188} INFO - [2024-01-13T12:04:45.010+0200] {dagbag.py:538} INFO - Filling up the DagBag from /Library/Frameworks/Python.framework/Versions/3.10/lib/python3.10/site-packages/airflow/example_dags/example_nested_branch_dag.py
[2024-01-13T12:04:45.537+0200] {processor.py:840} INFO - DAG(s) 'example_nested_branch_dag' retrieved from /Library/Frameworks/Python.framework/Versions/3.10/lib/python3.10/site-packages/airflow/example_dags/example_nested_branch_dag.py
[2024-01-13T12:04:45.873+0200] {logging_mixin.py:188} INFO - [2024-01-13T12:04:45.872+0200] {dag.py:3033} INFO - Sync 1 DAGs
[2024-01-13T12:04:45.911+0200] {logging_mixin.py:188} INFO - [2024-01-13T12:04:45.911+0200] {dag.py:3820} INFO - Setting next_dagrun for example_nested_branch_dag to 2024-01-12T00:00:00+00:00, run_after=2024-01-13T00:00:00+00:00
[2024-01-13T12:04:45.953+0200] {processor.py:183} INFO - Processing /Library/Frameworks/Python.framework/Versions/3.10/lib/python3.10/site-packages/airflow/example_dags/example_nested_branch_dag.py took 0.960 seconds
[2024-01-13T12:07:49.627+0200] {processor.py:161} INFO - Started process (PID=33992) to work on /Library/Frameworks/Python.framework/Versions/3.10/lib/python3.10/site-packages/airflow/example_dags/example_nested_branch_dag.py
[2024-01-13T12:07:49.634+0200] {processor.py:830} INFO - Processing file /Library/Frameworks/Python.framework/Versions/3.10/lib/python3.10/site-packages/airflow/example_dags/example_nested_branch_dag.py for tasks to queue
[2024-01-13T12:07:49.635+0200] {logging_mixin.py:188} INFO - [2024-01-13T12:07:49.634+0200] {dagbag.py:538} INFO - Filling up the DagBag from /Library/Frameworks/Python.framework/Versions/3.10/lib/python3.10/site-packages/airflow/example_dags/example_nested_branch_dag.py
[2024-01-13T12:07:49.740+0200] {processor.py:840} INFO - DAG(s) 'example_nested_branch_dag' retrieved from /Library/Frameworks/Python.framework/Versions/3.10/lib/python3.10/site-packages/airflow/example_dags/example_nested_branch_dag.py
[2024-01-13T12:07:49.862+0200] {logging_mixin.py:188} INFO - [2024-01-13T12:07:49.861+0200] {dag.py:3033} INFO - Sync 1 DAGs
[2024-01-13T12:07:49.883+0200] {logging_mixin.py:188} INFO - [2024-01-13T12:07:49.883+0200] {dag.py:3820} INFO - Setting next_dagrun for example_nested_branch_dag to 2024-01-12T00:00:00+00:00, run_after=2024-01-13T00:00:00+00:00
[2024-01-13T12:07:49.906+0200] {processor.py:183} INFO - Processing /Library/Frameworks/Python.framework/Versions/3.10/lib/python3.10/site-packages/airflow/example_dags/example_nested_branch_dag.py took 0.280 seconds
[2024-01-13T12:10:31.625+0200] {processor.py:161} INFO - Started process (PID=34099) to work on /Library/Frameworks/Python.framework/Versions/3.10/lib/python3.10/site-packages/airflow/example_dags/example_nested_branch_dag.py
[2024-01-13T12:10:31.630+0200] {processor.py:830} INFO - Processing file /Library/Frameworks/Python.framework/Versions/3.10/lib/python3.10/site-packages/airflow/example_dags/example_nested_branch_dag.py for tasks to queue
[2024-01-13T12:10:31.631+0200] {logging_mixin.py:188} INFO - [2024-01-13T12:10:31.631+0200] {dagbag.py:538} INFO - Filling up the DagBag from /Library/Frameworks/Python.framework/Versions/3.10/lib/python3.10/site-packages/airflow/example_dags/example_nested_branch_dag.py
[2024-01-13T12:10:31.724+0200] {processor.py:840} INFO - DAG(s) 'example_nested_branch_dag' retrieved from /Library/Frameworks/Python.framework/Versions/3.10/lib/python3.10/site-packages/airflow/example_dags/example_nested_branch_dag.py
[2024-01-13T12:10:31.834+0200] {logging_mixin.py:188} INFO - [2024-01-13T12:10:31.833+0200] {dag.py:3033} INFO - Sync 1 DAGs
[2024-01-13T12:10:31.851+0200] {logging_mixin.py:188} INFO - [2024-01-13T12:10:31.851+0200] {dag.py:3820} INFO - Setting next_dagrun for example_nested_branch_dag to 2024-01-12T00:00:00+00:00, run_after=2024-01-13T00:00:00+00:00
[2024-01-13T12:10:31.874+0200] {processor.py:183} INFO - Processing /Library/Frameworks/Python.framework/Versions/3.10/lib/python3.10/site-packages/airflow/example_dags/example_nested_branch_dag.py took 0.251 seconds
[2024-01-13T12:15:24.250+0200] {processor.py:161} INFO - Started process (PID=34394) to work on /Library/Frameworks/Python.framework/Versions/3.10/lib/python3.10/site-packages/airflow/example_dags/example_nested_branch_dag.py
[2024-01-13T12:15:24.256+0200] {processor.py:830} INFO - Processing file /Library/Frameworks/Python.framework/Versions/3.10/lib/python3.10/site-packages/airflow/example_dags/example_nested_branch_dag.py for tasks to queue
[2024-01-13T12:15:24.256+0200] {logging_mixin.py:188} INFO - [2024-01-13T12:15:24.256+0200] {dagbag.py:538} INFO - Filling up the DagBag from /Library/Frameworks/Python.framework/Versions/3.10/lib/python3.10/site-packages/airflow/example_dags/example_nested_branch_dag.py
[2024-01-13T12:15:24.357+0200] {processor.py:840} INFO - DAG(s) 'example_nested_branch_dag' retrieved from /Library/Frameworks/Python.framework/Versions/3.10/lib/python3.10/site-packages/airflow/example_dags/example_nested_branch_dag.py
[2024-01-13T12:15:24.470+0200] {logging_mixin.py:188} INFO - [2024-01-13T12:15:24.469+0200] {dag.py:3033} INFO - Sync 1 DAGs
[2024-01-13T12:15:24.487+0200] {logging_mixin.py:188} INFO - [2024-01-13T12:15:24.487+0200] {dag.py:3820} INFO - Setting next_dagrun for example_nested_branch_dag to 2024-01-12T00:00:00+00:00, run_after=2024-01-13T00:00:00+00:00
[2024-01-13T12:15:24.509+0200] {processor.py:183} INFO - Processing /Library/Frameworks/Python.framework/Versions/3.10/lib/python3.10/site-packages/airflow/example_dags/example_nested_branch_dag.py took 0.261 seconds
[2024-01-13T13:27:02.006+0200] {processor.py:161} INFO - Started process (PID=35390) to work on /Library/Frameworks/Python.framework/Versions/3.10/lib/python3.10/site-packages/airflow/example_dags/example_nested_branch_dag.py
[2024-01-13T13:27:02.013+0200] {processor.py:830} INFO - Processing file /Library/Frameworks/Python.framework/Versions/3.10/lib/python3.10/site-packages/airflow/example_dags/example_nested_branch_dag.py for tasks to queue
[2024-01-13T13:27:02.014+0200] {logging_mixin.py:188} INFO - [2024-01-13T13:27:02.014+0200] {dagbag.py:538} INFO - Filling up the DagBag from /Library/Frameworks/Python.framework/Versions/3.10/lib/python3.10/site-packages/airflow/example_dags/example_nested_branch_dag.py
[2024-01-13T13:27:02.113+0200] {processor.py:840} INFO - DAG(s) 'example_nested_branch_dag' retrieved from /Library/Frameworks/Python.framework/Versions/3.10/lib/python3.10/site-packages/airflow/example_dags/example_nested_branch_dag.py
[2024-01-13T13:27:02.231+0200] {logging_mixin.py:188} INFO - [2024-01-13T13:27:02.231+0200] {dag.py:3033} INFO - Sync 1 DAGs
[2024-01-13T13:27:02.251+0200] {logging_mixin.py:188} INFO - [2024-01-13T13:27:02.251+0200] {dag.py:3820} INFO - Setting next_dagrun for example_nested_branch_dag to 2024-01-12T00:00:00+00:00, run_after=2024-01-13T00:00:00+00:00
[2024-01-13T13:27:02.272+0200] {processor.py:183} INFO - Processing /Library/Frameworks/Python.framework/Versions/3.10/lib/python3.10/site-packages/airflow/example_dags/example_nested_branch_dag.py took 0.267 seconds
[2024-01-13T13:29:22.392+0200] {processor.py:161} INFO - Started process (PID=35497) to work on /Library/Frameworks/Python.framework/Versions/3.10/lib/python3.10/site-packages/airflow/example_dags/example_nested_branch_dag.py
[2024-01-13T13:29:22.400+0200] {processor.py:830} INFO - Processing file /Library/Frameworks/Python.framework/Versions/3.10/lib/python3.10/site-packages/airflow/example_dags/example_nested_branch_dag.py for tasks to queue
[2024-01-13T13:29:22.401+0200] {logging_mixin.py:188} INFO - [2024-01-13T13:29:22.400+0200] {dagbag.py:538} INFO - Filling up the DagBag from /Library/Frameworks/Python.framework/Versions/3.10/lib/python3.10/site-packages/airflow/example_dags/example_nested_branch_dag.py
[2024-01-13T13:29:22.484+0200] {processor.py:840} INFO - DAG(s) 'example_nested_branch_dag' retrieved from /Library/Frameworks/Python.framework/Versions/3.10/lib/python3.10/site-packages/airflow/example_dags/example_nested_branch_dag.py
[2024-01-13T13:29:22.586+0200] {logging_mixin.py:188} INFO - [2024-01-13T13:29:22.586+0200] {dag.py:3033} INFO - Sync 1 DAGs
[2024-01-13T13:29:22.605+0200] {logging_mixin.py:188} INFO - [2024-01-13T13:29:22.605+0200] {dag.py:3820} INFO - Setting next_dagrun for example_nested_branch_dag to 2024-01-12T00:00:00+00:00, run_after=2024-01-13T00:00:00+00:00
[2024-01-13T13:29:22.625+0200] {processor.py:183} INFO - Processing /Library/Frameworks/Python.framework/Versions/3.10/lib/python3.10/site-packages/airflow/example_dags/example_nested_branch_dag.py took 0.234 seconds
[2024-01-13T15:17:55.729+0200] {processor.py:161} INFO - Started process (PID=42747) to work on /Library/Frameworks/Python.framework/Versions/3.10/lib/python3.10/site-packages/airflow/example_dags/example_nested_branch_dag.py
[2024-01-13T15:17:55.733+0200] {processor.py:830} INFO - Processing file /Library/Frameworks/Python.framework/Versions/3.10/lib/python3.10/site-packages/airflow/example_dags/example_nested_branch_dag.py for tasks to queue
[2024-01-13T15:17:55.734+0200] {logging_mixin.py:188} INFO - [2024-01-13T15:17:55.734+0200] {dagbag.py:538} INFO - Filling up the DagBag from /Library/Frameworks/Python.framework/Versions/3.10/lib/python3.10/site-packages/airflow/example_dags/example_nested_branch_dag.py
[2024-01-13T15:17:55.826+0200] {processor.py:840} INFO - DAG(s) 'example_nested_branch_dag' retrieved from /Library/Frameworks/Python.framework/Versions/3.10/lib/python3.10/site-packages/airflow/example_dags/example_nested_branch_dag.py
[2024-01-13T15:17:56.037+0200] {logging_mixin.py:188} INFO - [2024-01-13T15:17:56.037+0200] {dag.py:3033} INFO - Sync 1 DAGs
[2024-01-13T15:17:56.053+0200] {logging_mixin.py:188} INFO - [2024-01-13T15:17:56.053+0200] {dag.py:3820} INFO - Setting next_dagrun for example_nested_branch_dag to 2024-01-12T00:00:00+00:00, run_after=2024-01-13T00:00:00+00:00
[2024-01-13T15:17:56.074+0200] {processor.py:183} INFO - Processing /Library/Frameworks/Python.framework/Versions/3.10/lib/python3.10/site-packages/airflow/example_dags/example_nested_branch_dag.py took 0.347 seconds
[2024-01-13T15:20:39.706+0200] {processor.py:161} INFO - Started process (PID=42868) to work on /Library/Frameworks/Python.framework/Versions/3.10/lib/python3.10/site-packages/airflow/example_dags/example_nested_branch_dag.py
[2024-01-13T15:20:39.710+0200] {processor.py:830} INFO - Processing file /Library/Frameworks/Python.framework/Versions/3.10/lib/python3.10/site-packages/airflow/example_dags/example_nested_branch_dag.py for tasks to queue
[2024-01-13T15:20:39.711+0200] {logging_mixin.py:188} INFO - [2024-01-13T15:20:39.710+0200] {dagbag.py:538} INFO - Filling up the DagBag from /Library/Frameworks/Python.framework/Versions/3.10/lib/python3.10/site-packages/airflow/example_dags/example_nested_branch_dag.py
[2024-01-13T15:20:39.822+0200] {processor.py:840} INFO - DAG(s) 'example_nested_branch_dag' retrieved from /Library/Frameworks/Python.framework/Versions/3.10/lib/python3.10/site-packages/airflow/example_dags/example_nested_branch_dag.py
[2024-01-13T15:20:39.950+0200] {logging_mixin.py:188} INFO - [2024-01-13T15:20:39.950+0200] {dag.py:3033} INFO - Sync 1 DAGs
[2024-01-13T15:20:39.966+0200] {logging_mixin.py:188} INFO - [2024-01-13T15:20:39.966+0200] {dag.py:3820} INFO - Setting next_dagrun for example_nested_branch_dag to 2024-01-12T00:00:00+00:00, run_after=2024-01-13T00:00:00+00:00
[2024-01-13T15:20:39.985+0200] {processor.py:183} INFO - Processing /Library/Frameworks/Python.framework/Versions/3.10/lib/python3.10/site-packages/airflow/example_dags/example_nested_branch_dag.py took 0.281 seconds
[2024-01-13T15:25:32.109+0200] {processor.py:161} INFO - Started process (PID=43145) to work on /Library/Frameworks/Python.framework/Versions/3.10/lib/python3.10/site-packages/airflow/example_dags/example_nested_branch_dag.py
[2024-01-13T15:25:32.114+0200] {processor.py:830} INFO - Processing file /Library/Frameworks/Python.framework/Versions/3.10/lib/python3.10/site-packages/airflow/example_dags/example_nested_branch_dag.py for tasks to queue
[2024-01-13T15:25:32.115+0200] {logging_mixin.py:188} INFO - [2024-01-13T15:25:32.115+0200] {dagbag.py:538} INFO - Filling up the DagBag from /Library/Frameworks/Python.framework/Versions/3.10/lib/python3.10/site-packages/airflow/example_dags/example_nested_branch_dag.py
[2024-01-13T15:25:32.229+0200] {processor.py:840} INFO - DAG(s) 'example_nested_branch_dag' retrieved from /Library/Frameworks/Python.framework/Versions/3.10/lib/python3.10/site-packages/airflow/example_dags/example_nested_branch_dag.py
[2024-01-13T15:25:32.360+0200] {logging_mixin.py:188} INFO - [2024-01-13T15:25:32.360+0200] {dag.py:3033} INFO - Sync 1 DAGs
[2024-01-13T15:25:32.381+0200] {logging_mixin.py:188} INFO - [2024-01-13T15:25:32.381+0200] {dag.py:3820} INFO - Setting next_dagrun for example_nested_branch_dag to 2024-01-12T00:00:00+00:00, run_after=2024-01-13T00:00:00+00:00
[2024-01-13T15:25:32.407+0200] {processor.py:183} INFO - Processing /Library/Frameworks/Python.framework/Versions/3.10/lib/python3.10/site-packages/airflow/example_dags/example_nested_branch_dag.py took 0.300 seconds
[2024-01-13T15:33:31.058+0200] {processor.py:161} INFO - Started process (PID=43716) to work on /Library/Frameworks/Python.framework/Versions/3.10/lib/python3.10/site-packages/airflow/example_dags/example_nested_branch_dag.py
[2024-01-13T15:33:31.062+0200] {processor.py:830} INFO - Processing file /Library/Frameworks/Python.framework/Versions/3.10/lib/python3.10/site-packages/airflow/example_dags/example_nested_branch_dag.py for tasks to queue
[2024-01-13T15:33:31.063+0200] {logging_mixin.py:188} INFO - [2024-01-13T15:33:31.063+0200] {dagbag.py:538} INFO - Filling up the DagBag from /Library/Frameworks/Python.framework/Versions/3.10/lib/python3.10/site-packages/airflow/example_dags/example_nested_branch_dag.py
[2024-01-13T15:33:31.156+0200] {processor.py:840} INFO - DAG(s) 'example_nested_branch_dag' retrieved from /Library/Frameworks/Python.framework/Versions/3.10/lib/python3.10/site-packages/airflow/example_dags/example_nested_branch_dag.py
[2024-01-13T15:33:31.341+0200] {logging_mixin.py:188} INFO - [2024-01-13T15:33:31.340+0200] {dag.py:3033} INFO - Sync 1 DAGs
[2024-01-13T15:33:31.355+0200] {logging_mixin.py:188} INFO - [2024-01-13T15:33:31.355+0200] {dag.py:3820} INFO - Setting next_dagrun for example_nested_branch_dag to 2024-01-12T00:00:00+00:00, run_after=2024-01-13T00:00:00+00:00
[2024-01-13T15:33:31.372+0200] {processor.py:183} INFO - Processing /Library/Frameworks/Python.framework/Versions/3.10/lib/python3.10/site-packages/airflow/example_dags/example_nested_branch_dag.py took 0.316 seconds
[2024-01-13T15:36:38.840+0200] {processor.py:161} INFO - Started process (PID=43912) to work on /Library/Frameworks/Python.framework/Versions/3.10/lib/python3.10/site-packages/airflow/example_dags/example_nested_branch_dag.py
[2024-01-13T15:36:38.848+0200] {processor.py:830} INFO - Processing file /Library/Frameworks/Python.framework/Versions/3.10/lib/python3.10/site-packages/airflow/example_dags/example_nested_branch_dag.py for tasks to queue
[2024-01-13T15:36:38.849+0200] {logging_mixin.py:188} INFO - [2024-01-13T15:36:38.849+0200] {dagbag.py:538} INFO - Filling up the DagBag from /Library/Frameworks/Python.framework/Versions/3.10/lib/python3.10/site-packages/airflow/example_dags/example_nested_branch_dag.py
[2024-01-13T15:36:39.089+0200] {processor.py:840} INFO - DAG(s) 'example_nested_branch_dag' retrieved from /Library/Frameworks/Python.framework/Versions/3.10/lib/python3.10/site-packages/airflow/example_dags/example_nested_branch_dag.py
[2024-01-13T15:40:14.161+0200] {processor.py:161} INFO - Started process (PID=44219) to work on /Library/Frameworks/Python.framework/Versions/3.10/lib/python3.10/site-packages/airflow/example_dags/example_nested_branch_dag.py
[2024-01-13T15:40:14.166+0200] {processor.py:830} INFO - Processing file /Library/Frameworks/Python.framework/Versions/3.10/lib/python3.10/site-packages/airflow/example_dags/example_nested_branch_dag.py for tasks to queue
[2024-01-13T15:40:14.167+0200] {logging_mixin.py:188} INFO - [2024-01-13T15:40:14.166+0200] {dagbag.py:538} INFO - Filling up the DagBag from /Library/Frameworks/Python.framework/Versions/3.10/lib/python3.10/site-packages/airflow/example_dags/example_nested_branch_dag.py
[2024-01-13T15:40:14.257+0200] {processor.py:840} INFO - DAG(s) 'example_nested_branch_dag' retrieved from /Library/Frameworks/Python.framework/Versions/3.10/lib/python3.10/site-packages/airflow/example_dags/example_nested_branch_dag.py
[2024-01-13T15:40:14.447+0200] {logging_mixin.py:188} INFO - [2024-01-13T15:40:14.446+0200] {dag.py:3033} INFO - Sync 1 DAGs
[2024-01-13T15:40:14.461+0200] {logging_mixin.py:188} INFO - [2024-01-13T15:40:14.461+0200] {dag.py:3820} INFO - Setting next_dagrun for example_nested_branch_dag to 2024-01-12T00:00:00+00:00, run_after=2024-01-13T00:00:00+00:00
[2024-01-13T15:40:14.479+0200] {processor.py:183} INFO - Processing /Library/Frameworks/Python.framework/Versions/3.10/lib/python3.10/site-packages/airflow/example_dags/example_nested_branch_dag.py took 0.320 seconds
[2024-01-13T21:06:38.100+0200] {processor.py:161} INFO - Started process (PID=45257) to work on /Library/Frameworks/Python.framework/Versions/3.10/lib/python3.10/site-packages/airflow/example_dags/example_nested_branch_dag.py
[2024-01-13T21:06:38.161+0200] {processor.py:830} INFO - Processing file /Library/Frameworks/Python.framework/Versions/3.10/lib/python3.10/site-packages/airflow/example_dags/example_nested_branch_dag.py for tasks to queue
[2024-01-13T21:06:38.167+0200] {logging_mixin.py:188} INFO - [2024-01-13T21:06:38.165+0200] {dagbag.py:538} INFO - Filling up the DagBag from /Library/Frameworks/Python.framework/Versions/3.10/lib/python3.10/site-packages/airflow/example_dags/example_nested_branch_dag.py
[2024-01-13T21:06:38.975+0200] {processor.py:840} INFO - DAG(s) 'example_nested_branch_dag' retrieved from /Library/Frameworks/Python.framework/Versions/3.10/lib/python3.10/site-packages/airflow/example_dags/example_nested_branch_dag.py
[2024-01-13T21:06:40.351+0200] {logging_mixin.py:188} INFO - [2024-01-13T21:06:40.347+0200] {dag.py:3033} INFO - Sync 1 DAGs
[2024-01-13T21:06:40.706+0200] {logging_mixin.py:188} INFO - [2024-01-13T21:06:40.704+0200] {dag.py:3820} INFO - Setting next_dagrun for example_nested_branch_dag to 2024-01-12T00:00:00+00:00, run_after=2024-01-13T00:00:00+00:00
[2024-01-13T21:06:40.988+0200] {processor.py:183} INFO - Processing /Library/Frameworks/Python.framework/Versions/3.10/lib/python3.10/site-packages/airflow/example_dags/example_nested_branch_dag.py took 2.913 seconds
[2024-01-14T00:33:55.793+0200] {processor.py:161} INFO - Started process (PID=45780) to work on /Library/Frameworks/Python.framework/Versions/3.10/lib/python3.10/site-packages/airflow/example_dags/example_nested_branch_dag.py
[2024-01-14T00:33:55.798+0200] {processor.py:830} INFO - Processing file /Library/Frameworks/Python.framework/Versions/3.10/lib/python3.10/site-packages/airflow/example_dags/example_nested_branch_dag.py for tasks to queue
[2024-01-14T00:33:55.798+0200] {logging_mixin.py:188} INFO - [2024-01-14T00:33:55.798+0200] {dagbag.py:538} INFO - Filling up the DagBag from /Library/Frameworks/Python.framework/Versions/3.10/lib/python3.10/site-packages/airflow/example_dags/example_nested_branch_dag.py
[2024-01-14T00:33:55.892+0200] {processor.py:840} INFO - DAG(s) 'example_nested_branch_dag' retrieved from /Library/Frameworks/Python.framework/Versions/3.10/lib/python3.10/site-packages/airflow/example_dags/example_nested_branch_dag.py
[2024-01-14T00:33:55.988+0200] {logging_mixin.py:188} INFO - [2024-01-14T00:33:55.987+0200] {dag.py:3033} INFO - Sync 1 DAGs
[2024-01-14T00:33:56.003+0200] {logging_mixin.py:188} INFO - [2024-01-14T00:33:56.002+0200] {dag.py:3820} INFO - Setting next_dagrun for example_nested_branch_dag to 2024-01-12T00:00:00+00:00, run_after=2024-01-13T00:00:00+00:00
[2024-01-14T00:33:56.024+0200] {processor.py:183} INFO - Processing /Library/Frameworks/Python.framework/Versions/3.10/lib/python3.10/site-packages/airflow/example_dags/example_nested_branch_dag.py took 0.233 seconds
[2024-01-14T00:37:06.734+0200] {processor.py:161} INFO - Started process (PID=46287) to work on /Library/Frameworks/Python.framework/Versions/3.10/lib/python3.10/site-packages/airflow/example_dags/example_nested_branch_dag.py
[2024-01-14T00:37:06.738+0200] {processor.py:830} INFO - Processing file /Library/Frameworks/Python.framework/Versions/3.10/lib/python3.10/site-packages/airflow/example_dags/example_nested_branch_dag.py for tasks to queue
[2024-01-14T00:37:06.739+0200] {logging_mixin.py:188} INFO - [2024-01-14T00:37:06.739+0200] {dagbag.py:538} INFO - Filling up the DagBag from /Library/Frameworks/Python.framework/Versions/3.10/lib/python3.10/site-packages/airflow/example_dags/example_nested_branch_dag.py
[2024-01-14T00:37:06.830+0200] {processor.py:840} INFO - DAG(s) 'example_nested_branch_dag' retrieved from /Library/Frameworks/Python.framework/Versions/3.10/lib/python3.10/site-packages/airflow/example_dags/example_nested_branch_dag.py
[2024-01-14T00:37:06.939+0200] {logging_mixin.py:188} INFO - [2024-01-14T00:37:06.939+0200] {dag.py:3033} INFO - Sync 1 DAGs
[2024-01-14T00:37:06.958+0200] {logging_mixin.py:188} INFO - [2024-01-14T00:37:06.958+0200] {dag.py:3820} INFO - Setting next_dagrun for example_nested_branch_dag to 2024-01-12T00:00:00+00:00, run_after=2024-01-13T00:00:00+00:00
[2024-01-14T00:37:06.982+0200] {processor.py:183} INFO - Processing /Library/Frameworks/Python.framework/Versions/3.10/lib/python3.10/site-packages/airflow/example_dags/example_nested_branch_dag.py took 0.250 seconds
[2024-01-14T00:39:33.503+0200] {processor.py:161} INFO - Started process (PID=46503) to work on /Library/Frameworks/Python.framework/Versions/3.10/lib/python3.10/site-packages/airflow/example_dags/example_nested_branch_dag.py
[2024-01-14T00:39:33.508+0200] {processor.py:830} INFO - Processing file /Library/Frameworks/Python.framework/Versions/3.10/lib/python3.10/site-packages/airflow/example_dags/example_nested_branch_dag.py for tasks to queue
[2024-01-14T00:39:33.508+0200] {logging_mixin.py:188} INFO - [2024-01-14T00:39:33.508+0200] {dagbag.py:538} INFO - Filling up the DagBag from /Library/Frameworks/Python.framework/Versions/3.10/lib/python3.10/site-packages/airflow/example_dags/example_nested_branch_dag.py
[2024-01-14T00:39:33.597+0200] {processor.py:840} INFO - DAG(s) 'example_nested_branch_dag' retrieved from /Library/Frameworks/Python.framework/Versions/3.10/lib/python3.10/site-packages/airflow/example_dags/example_nested_branch_dag.py
[2024-01-14T00:39:33.692+0200] {logging_mixin.py:188} INFO - [2024-01-14T00:39:33.692+0200] {dag.py:3033} INFO - Sync 1 DAGs
[2024-01-14T00:39:33.707+0200] {logging_mixin.py:188} INFO - [2024-01-14T00:39:33.707+0200] {dag.py:3820} INFO - Setting next_dagrun for example_nested_branch_dag to 2024-01-12T00:00:00+00:00, run_after=2024-01-13T00:00:00+00:00
[2024-01-14T00:39:33.725+0200] {processor.py:183} INFO - Processing /Library/Frameworks/Python.framework/Versions/3.10/lib/python3.10/site-packages/airflow/example_dags/example_nested_branch_dag.py took 0.223 seconds
[2024-01-14T00:44:30.770+0200] {processor.py:161} INFO - Started process (PID=46874) to work on /Library/Frameworks/Python.framework/Versions/3.10/lib/python3.10/site-packages/airflow/example_dags/example_nested_branch_dag.py
[2024-01-14T00:44:30.774+0200] {processor.py:830} INFO - Processing file /Library/Frameworks/Python.framework/Versions/3.10/lib/python3.10/site-packages/airflow/example_dags/example_nested_branch_dag.py for tasks to queue
[2024-01-14T00:44:30.775+0200] {logging_mixin.py:188} INFO - [2024-01-14T00:44:30.775+0200] {dagbag.py:538} INFO - Filling up the DagBag from /Library/Frameworks/Python.framework/Versions/3.10/lib/python3.10/site-packages/airflow/example_dags/example_nested_branch_dag.py
[2024-01-14T00:44:30.863+0200] {processor.py:840} INFO - DAG(s) 'example_nested_branch_dag' retrieved from /Library/Frameworks/Python.framework/Versions/3.10/lib/python3.10/site-packages/airflow/example_dags/example_nested_branch_dag.py
[2024-01-14T00:44:30.956+0200] {logging_mixin.py:188} INFO - [2024-01-14T00:44:30.956+0200] {dag.py:3033} INFO - Sync 1 DAGs
[2024-01-14T00:44:30.970+0200] {logging_mixin.py:188} INFO - [2024-01-14T00:44:30.970+0200] {dag.py:3820} INFO - Setting next_dagrun for example_nested_branch_dag to 2024-01-12T00:00:00+00:00, run_after=2024-01-13T00:00:00+00:00
[2024-01-14T00:44:30.988+0200] {processor.py:183} INFO - Processing /Library/Frameworks/Python.framework/Versions/3.10/lib/python3.10/site-packages/airflow/example_dags/example_nested_branch_dag.py took 0.220 seconds
[2024-01-14T00:47:14.548+0200] {processor.py:161} INFO - Started process (PID=47009) to work on /Library/Frameworks/Python.framework/Versions/3.10/lib/python3.10/site-packages/airflow/example_dags/example_nested_branch_dag.py
[2024-01-14T00:47:14.552+0200] {processor.py:830} INFO - Processing file /Library/Frameworks/Python.framework/Versions/3.10/lib/python3.10/site-packages/airflow/example_dags/example_nested_branch_dag.py for tasks to queue
[2024-01-14T00:47:14.553+0200] {logging_mixin.py:188} INFO - [2024-01-14T00:47:14.553+0200] {dagbag.py:538} INFO - Filling up the DagBag from /Library/Frameworks/Python.framework/Versions/3.10/lib/python3.10/site-packages/airflow/example_dags/example_nested_branch_dag.py
[2024-01-14T00:47:14.639+0200] {processor.py:840} INFO - DAG(s) 'example_nested_branch_dag' retrieved from /Library/Frameworks/Python.framework/Versions/3.10/lib/python3.10/site-packages/airflow/example_dags/example_nested_branch_dag.py
[2024-01-14T00:47:14.730+0200] {logging_mixin.py:188} INFO - [2024-01-14T00:47:14.729+0200] {dag.py:3033} INFO - Sync 1 DAGs
[2024-01-14T00:47:14.744+0200] {logging_mixin.py:188} INFO - [2024-01-14T00:47:14.744+0200] {dag.py:3820} INFO - Setting next_dagrun for example_nested_branch_dag to 2024-01-12T00:00:00+00:00, run_after=2024-01-13T00:00:00+00:00
[2024-01-14T00:47:14.760+0200] {processor.py:183} INFO - Processing /Library/Frameworks/Python.framework/Versions/3.10/lib/python3.10/site-packages/airflow/example_dags/example_nested_branch_dag.py took 0.214 seconds
[2024-01-14T00:49:59.890+0200] {processor.py:161} INFO - Started process (PID=47166) to work on /Library/Frameworks/Python.framework/Versions/3.10/lib/python3.10/site-packages/airflow/example_dags/example_nested_branch_dag.py
[2024-01-14T00:49:59.894+0200] {processor.py:830} INFO - Processing file /Library/Frameworks/Python.framework/Versions/3.10/lib/python3.10/site-packages/airflow/example_dags/example_nested_branch_dag.py for tasks to queue
[2024-01-14T00:49:59.894+0200] {logging_mixin.py:188} INFO - [2024-01-14T00:49:59.894+0200] {dagbag.py:538} INFO - Filling up the DagBag from /Library/Frameworks/Python.framework/Versions/3.10/lib/python3.10/site-packages/airflow/example_dags/example_nested_branch_dag.py
[2024-01-14T00:49:59.987+0200] {processor.py:840} INFO - DAG(s) 'example_nested_branch_dag' retrieved from /Library/Frameworks/Python.framework/Versions/3.10/lib/python3.10/site-packages/airflow/example_dags/example_nested_branch_dag.py
[2024-01-14T00:50:00.092+0200] {logging_mixin.py:188} INFO - [2024-01-14T00:50:00.091+0200] {dag.py:3033} INFO - Sync 1 DAGs
[2024-01-14T00:50:00.108+0200] {logging_mixin.py:188} INFO - [2024-01-14T00:50:00.108+0200] {dag.py:3820} INFO - Setting next_dagrun for example_nested_branch_dag to 2024-01-12T00:00:00+00:00, run_after=2024-01-13T00:00:00+00:00
[2024-01-14T00:50:00.128+0200] {processor.py:183} INFO - Processing /Library/Frameworks/Python.framework/Versions/3.10/lib/python3.10/site-packages/airflow/example_dags/example_nested_branch_dag.py took 0.240 seconds
