[2024-01-13T10:07:49.305+0200] {processor.py:161} INFO - Started process (PID=21814) to work on /Library/Frameworks/Python.framework/Versions/3.10/lib/python3.10/site-packages/airflow/example_dags/example_bash_operator.py
[2024-01-13T10:07:49.309+0200] {processor.py:830} INFO - Processing file /Library/Frameworks/Python.framework/Versions/3.10/lib/python3.10/site-packages/airflow/example_dags/example_bash_operator.py for tasks to queue
[2024-01-13T10:07:49.310+0200] {logging_mixin.py:188} INFO - [2024-01-13T10:07:49.309+0200] {dagbag.py:538} INFO - Filling up the DagBag from /Library/Frameworks/Python.framework/Versions/3.10/lib/python3.10/site-packages/airflow/example_dags/example_bash_operator.py
[2024-01-13T10:07:49.371+0200] {processor.py:840} INFO - DAG(s) 'example_bash_operator' retrieved from /Library/Frameworks/Python.framework/Versions/3.10/lib/python3.10/site-packages/airflow/example_dags/example_bash_operator.py
[2024-01-13T10:07:49.476+0200] {logging_mixin.py:188} INFO - [2024-01-13T10:07:49.476+0200] {dag.py:3033} INFO - Sync 1 DAGs
[2024-01-13T10:07:49.491+0200] {logging_mixin.py:188} INFO - [2024-01-13T10:07:49.491+0200] {dag.py:3820} INFO - Setting next_dagrun for example_bash_operator to 2024-01-12T00:00:00+00:00, run_after=2024-01-13T00:00:00+00:00
[2024-01-13T10:07:49.507+0200] {processor.py:183} INFO - Processing /Library/Frameworks/Python.framework/Versions/3.10/lib/python3.10/site-packages/airflow/example_dags/example_bash_operator.py took 0.203 seconds
[2024-01-13T10:11:56.617+0200] {processor.py:161} INFO - Started process (PID=22136) to work on /Library/Frameworks/Python.framework/Versions/3.10/lib/python3.10/site-packages/airflow/example_dags/example_bash_operator.py
[2024-01-13T10:11:56.622+0200] {processor.py:830} INFO - Processing file /Library/Frameworks/Python.framework/Versions/3.10/lib/python3.10/site-packages/airflow/example_dags/example_bash_operator.py for tasks to queue
[2024-01-13T10:11:56.622+0200] {logging_mixin.py:188} INFO - [2024-01-13T10:11:56.622+0200] {dagbag.py:538} INFO - Filling up the DagBag from /Library/Frameworks/Python.framework/Versions/3.10/lib/python3.10/site-packages/airflow/example_dags/example_bash_operator.py
[2024-01-13T10:11:56.682+0200] {processor.py:840} INFO - DAG(s) 'example_bash_operator' retrieved from /Library/Frameworks/Python.framework/Versions/3.10/lib/python3.10/site-packages/airflow/example_dags/example_bash_operator.py
[2024-01-13T10:11:56.790+0200] {logging_mixin.py:188} INFO - [2024-01-13T10:11:56.790+0200] {dag.py:3033} INFO - Sync 1 DAGs
[2024-01-13T10:11:56.805+0200] {logging_mixin.py:188} INFO - [2024-01-13T10:11:56.805+0200] {dag.py:3820} INFO - Setting next_dagrun for example_bash_operator to 2024-01-12T00:00:00+00:00, run_after=2024-01-13T00:00:00+00:00
[2024-01-13T10:11:56.826+0200] {processor.py:183} INFO - Processing /Library/Frameworks/Python.framework/Versions/3.10/lib/python3.10/site-packages/airflow/example_dags/example_bash_operator.py took 0.210 seconds
[2024-01-13T10:16:13.661+0200] {processor.py:161} INFO - Started process (PID=23278) to work on /Library/Frameworks/Python.framework/Versions/3.10/lib/python3.10/site-packages/airflow/example_dags/example_bash_operator.py
[2024-01-13T10:16:13.666+0200] {processor.py:830} INFO - Processing file /Library/Frameworks/Python.framework/Versions/3.10/lib/python3.10/site-packages/airflow/example_dags/example_bash_operator.py for tasks to queue
[2024-01-13T10:16:13.666+0200] {logging_mixin.py:188} INFO - [2024-01-13T10:16:13.666+0200] {dagbag.py:538} INFO - Filling up the DagBag from /Library/Frameworks/Python.framework/Versions/3.10/lib/python3.10/site-packages/airflow/example_dags/example_bash_operator.py
[2024-01-13T10:16:13.722+0200] {processor.py:840} INFO - DAG(s) 'example_bash_operator' retrieved from /Library/Frameworks/Python.framework/Versions/3.10/lib/python3.10/site-packages/airflow/example_dags/example_bash_operator.py
[2024-01-13T10:16:13.828+0200] {logging_mixin.py:188} INFO - [2024-01-13T10:16:13.827+0200] {dag.py:3033} INFO - Sync 1 DAGs
[2024-01-13T10:16:13.843+0200] {logging_mixin.py:188} INFO - [2024-01-13T10:16:13.843+0200] {dag.py:3820} INFO - Setting next_dagrun for example_bash_operator to 2024-01-12T00:00:00+00:00, run_after=2024-01-13T00:00:00+00:00
[2024-01-13T10:16:13.861+0200] {processor.py:183} INFO - Processing /Library/Frameworks/Python.framework/Versions/3.10/lib/python3.10/site-packages/airflow/example_dags/example_bash_operator.py took 0.201 seconds
[2024-01-13T10:20:10.335+0200] {processor.py:161} INFO - Started process (PID=23463) to work on /Library/Frameworks/Python.framework/Versions/3.10/lib/python3.10/site-packages/airflow/example_dags/example_bash_operator.py
[2024-01-13T10:20:10.340+0200] {processor.py:830} INFO - Processing file /Library/Frameworks/Python.framework/Versions/3.10/lib/python3.10/site-packages/airflow/example_dags/example_bash_operator.py for tasks to queue
[2024-01-13T10:20:10.341+0200] {logging_mixin.py:188} INFO - [2024-01-13T10:20:10.341+0200] {dagbag.py:538} INFO - Filling up the DagBag from /Library/Frameworks/Python.framework/Versions/3.10/lib/python3.10/site-packages/airflow/example_dags/example_bash_operator.py
[2024-01-13T10:20:10.396+0200] {processor.py:840} INFO - DAG(s) 'example_bash_operator' retrieved from /Library/Frameworks/Python.framework/Versions/3.10/lib/python3.10/site-packages/airflow/example_dags/example_bash_operator.py
[2024-01-13T10:20:10.499+0200] {logging_mixin.py:188} INFO - [2024-01-13T10:20:10.499+0200] {dag.py:3033} INFO - Sync 1 DAGs
[2024-01-13T10:20:10.514+0200] {logging_mixin.py:188} INFO - [2024-01-13T10:20:10.514+0200] {dag.py:3820} INFO - Setting next_dagrun for example_bash_operator to 2024-01-12T00:00:00+00:00, run_after=2024-01-13T00:00:00+00:00
[2024-01-13T10:20:10.531+0200] {processor.py:183} INFO - Processing /Library/Frameworks/Python.framework/Versions/3.10/lib/python3.10/site-packages/airflow/example_dags/example_bash_operator.py took 0.197 seconds
[2024-01-13T10:24:02.195+0200] {processor.py:161} INFO - Started process (PID=23616) to work on /Library/Frameworks/Python.framework/Versions/3.10/lib/python3.10/site-packages/airflow/example_dags/example_bash_operator.py
[2024-01-13T10:24:02.204+0200] {processor.py:830} INFO - Processing file /Library/Frameworks/Python.framework/Versions/3.10/lib/python3.10/site-packages/airflow/example_dags/example_bash_operator.py for tasks to queue
[2024-01-13T10:24:02.205+0200] {logging_mixin.py:188} INFO - [2024-01-13T10:24:02.205+0200] {dagbag.py:538} INFO - Filling up the DagBag from /Library/Frameworks/Python.framework/Versions/3.10/lib/python3.10/site-packages/airflow/example_dags/example_bash_operator.py
[2024-01-13T10:24:02.265+0200] {processor.py:840} INFO - DAG(s) 'example_bash_operator' retrieved from /Library/Frameworks/Python.framework/Versions/3.10/lib/python3.10/site-packages/airflow/example_dags/example_bash_operator.py
[2024-01-13T10:24:02.371+0200] {logging_mixin.py:188} INFO - [2024-01-13T10:24:02.371+0200] {dag.py:3033} INFO - Sync 1 DAGs
[2024-01-13T10:24:02.387+0200] {logging_mixin.py:188} INFO - [2024-01-13T10:24:02.387+0200] {dag.py:3820} INFO - Setting next_dagrun for example_bash_operator to 2024-01-12T00:00:00+00:00, run_after=2024-01-13T00:00:00+00:00
[2024-01-13T10:24:02.403+0200] {processor.py:183} INFO - Processing /Library/Frameworks/Python.framework/Versions/3.10/lib/python3.10/site-packages/airflow/example_dags/example_bash_operator.py took 0.210 seconds
[2024-01-13T10:27:56.656+0200] {processor.py:161} INFO - Started process (PID=23868) to work on /Library/Frameworks/Python.framework/Versions/3.10/lib/python3.10/site-packages/airflow/example_dags/example_bash_operator.py
[2024-01-13T10:27:56.661+0200] {processor.py:830} INFO - Processing file /Library/Frameworks/Python.framework/Versions/3.10/lib/python3.10/site-packages/airflow/example_dags/example_bash_operator.py for tasks to queue
[2024-01-13T10:27:56.662+0200] {logging_mixin.py:188} INFO - [2024-01-13T10:27:56.662+0200] {dagbag.py:538} INFO - Filling up the DagBag from /Library/Frameworks/Python.framework/Versions/3.10/lib/python3.10/site-packages/airflow/example_dags/example_bash_operator.py
[2024-01-13T10:27:56.719+0200] {processor.py:840} INFO - DAG(s) 'example_bash_operator' retrieved from /Library/Frameworks/Python.framework/Versions/3.10/lib/python3.10/site-packages/airflow/example_dags/example_bash_operator.py
[2024-01-13T10:27:56.831+0200] {logging_mixin.py:188} INFO - [2024-01-13T10:27:56.830+0200] {dag.py:3033} INFO - Sync 1 DAGs
[2024-01-13T10:27:56.847+0200] {logging_mixin.py:188} INFO - [2024-01-13T10:27:56.847+0200] {dag.py:3820} INFO - Setting next_dagrun for example_bash_operator to 2024-01-12T00:00:00+00:00, run_after=2024-01-13T00:00:00+00:00
[2024-01-13T10:27:56.864+0200] {processor.py:183} INFO - Processing /Library/Frameworks/Python.framework/Versions/3.10/lib/python3.10/site-packages/airflow/example_dags/example_bash_operator.py took 0.209 seconds
[2024-01-13T10:31:52.617+0200] {processor.py:161} INFO - Started process (PID=24124) to work on /Library/Frameworks/Python.framework/Versions/3.10/lib/python3.10/site-packages/airflow/example_dags/example_bash_operator.py
[2024-01-13T10:31:52.621+0200] {processor.py:830} INFO - Processing file /Library/Frameworks/Python.framework/Versions/3.10/lib/python3.10/site-packages/airflow/example_dags/example_bash_operator.py for tasks to queue
[2024-01-13T10:31:52.622+0200] {logging_mixin.py:188} INFO - [2024-01-13T10:31:52.622+0200] {dagbag.py:538} INFO - Filling up the DagBag from /Library/Frameworks/Python.framework/Versions/3.10/lib/python3.10/site-packages/airflow/example_dags/example_bash_operator.py
[2024-01-13T10:31:52.681+0200] {processor.py:840} INFO - DAG(s) 'example_bash_operator' retrieved from /Library/Frameworks/Python.framework/Versions/3.10/lib/python3.10/site-packages/airflow/example_dags/example_bash_operator.py
[2024-01-13T10:31:52.784+0200] {logging_mixin.py:188} INFO - [2024-01-13T10:31:52.784+0200] {dag.py:3033} INFO - Sync 1 DAGs
[2024-01-13T10:31:52.799+0200] {logging_mixin.py:188} INFO - [2024-01-13T10:31:52.799+0200] {dag.py:3820} INFO - Setting next_dagrun for example_bash_operator to 2024-01-12T00:00:00+00:00, run_after=2024-01-13T00:00:00+00:00
[2024-01-13T10:31:52.815+0200] {processor.py:183} INFO - Processing /Library/Frameworks/Python.framework/Versions/3.10/lib/python3.10/site-packages/airflow/example_dags/example_bash_operator.py took 0.200 seconds
[2024-01-13T10:35:43.474+0200] {processor.py:161} INFO - Started process (PID=24328) to work on /Library/Frameworks/Python.framework/Versions/3.10/lib/python3.10/site-packages/airflow/example_dags/example_bash_operator.py
[2024-01-13T10:35:43.479+0200] {processor.py:830} INFO - Processing file /Library/Frameworks/Python.framework/Versions/3.10/lib/python3.10/site-packages/airflow/example_dags/example_bash_operator.py for tasks to queue
[2024-01-13T10:35:43.480+0200] {logging_mixin.py:188} INFO - [2024-01-13T10:35:43.479+0200] {dagbag.py:538} INFO - Filling up the DagBag from /Library/Frameworks/Python.framework/Versions/3.10/lib/python3.10/site-packages/airflow/example_dags/example_bash_operator.py
[2024-01-13T10:35:43.538+0200] {processor.py:840} INFO - DAG(s) 'example_bash_operator' retrieved from /Library/Frameworks/Python.framework/Versions/3.10/lib/python3.10/site-packages/airflow/example_dags/example_bash_operator.py
[2024-01-13T10:35:43.645+0200] {logging_mixin.py:188} INFO - [2024-01-13T10:35:43.645+0200] {dag.py:3033} INFO - Sync 1 DAGs
[2024-01-13T10:35:43.659+0200] {logging_mixin.py:188} INFO - [2024-01-13T10:35:43.659+0200] {dag.py:3820} INFO - Setting next_dagrun for example_bash_operator to 2024-01-12T00:00:00+00:00, run_after=2024-01-13T00:00:00+00:00
[2024-01-13T10:35:43.677+0200] {processor.py:183} INFO - Processing /Library/Frameworks/Python.framework/Versions/3.10/lib/python3.10/site-packages/airflow/example_dags/example_bash_operator.py took 0.204 seconds
[2024-01-13T10:39:39.781+0200] {processor.py:161} INFO - Started process (PID=24598) to work on /Library/Frameworks/Python.framework/Versions/3.10/lib/python3.10/site-packages/airflow/example_dags/example_bash_operator.py
[2024-01-13T10:39:39.786+0200] {processor.py:830} INFO - Processing file /Library/Frameworks/Python.framework/Versions/3.10/lib/python3.10/site-packages/airflow/example_dags/example_bash_operator.py for tasks to queue
[2024-01-13T10:39:39.786+0200] {logging_mixin.py:188} INFO - [2024-01-13T10:39:39.786+0200] {dagbag.py:538} INFO - Filling up the DagBag from /Library/Frameworks/Python.framework/Versions/3.10/lib/python3.10/site-packages/airflow/example_dags/example_bash_operator.py
[2024-01-13T10:39:39.847+0200] {processor.py:840} INFO - DAG(s) 'example_bash_operator' retrieved from /Library/Frameworks/Python.framework/Versions/3.10/lib/python3.10/site-packages/airflow/example_dags/example_bash_operator.py
[2024-01-13T10:39:39.962+0200] {logging_mixin.py:188} INFO - [2024-01-13T10:39:39.962+0200] {dag.py:3033} INFO - Sync 1 DAGs
[2024-01-13T10:39:39.979+0200] {logging_mixin.py:188} INFO - [2024-01-13T10:39:39.979+0200] {dag.py:3820} INFO - Setting next_dagrun for example_bash_operator to 2024-01-12T00:00:00+00:00, run_after=2024-01-13T00:00:00+00:00
[2024-01-13T10:39:39.998+0200] {processor.py:183} INFO - Processing /Library/Frameworks/Python.framework/Versions/3.10/lib/python3.10/site-packages/airflow/example_dags/example_bash_operator.py took 0.218 seconds
[2024-01-13T10:43:34.341+0200] {processor.py:161} INFO - Started process (PID=24772) to work on /Library/Frameworks/Python.framework/Versions/3.10/lib/python3.10/site-packages/airflow/example_dags/example_bash_operator.py
[2024-01-13T10:43:34.346+0200] {processor.py:830} INFO - Processing file /Library/Frameworks/Python.framework/Versions/3.10/lib/python3.10/site-packages/airflow/example_dags/example_bash_operator.py for tasks to queue
[2024-01-13T10:43:34.351+0200] {logging_mixin.py:188} INFO - [2024-01-13T10:43:34.351+0200] {dagbag.py:538} INFO - Filling up the DagBag from /Library/Frameworks/Python.framework/Versions/3.10/lib/python3.10/site-packages/airflow/example_dags/example_bash_operator.py
[2024-01-13T10:43:34.413+0200] {processor.py:840} INFO - DAG(s) 'example_bash_operator' retrieved from /Library/Frameworks/Python.framework/Versions/3.10/lib/python3.10/site-packages/airflow/example_dags/example_bash_operator.py
[2024-01-13T10:43:34.536+0200] {logging_mixin.py:188} INFO - [2024-01-13T10:43:34.536+0200] {dag.py:3033} INFO - Sync 1 DAGs
[2024-01-13T10:43:34.552+0200] {logging_mixin.py:188} INFO - [2024-01-13T10:43:34.552+0200] {dag.py:3820} INFO - Setting next_dagrun for example_bash_operator to 2024-01-12T00:00:00+00:00, run_after=2024-01-13T00:00:00+00:00
[2024-01-13T10:43:34.570+0200] {processor.py:183} INFO - Processing /Library/Frameworks/Python.framework/Versions/3.10/lib/python3.10/site-packages/airflow/example_dags/example_bash_operator.py took 0.231 seconds
[2024-01-13T10:47:25.128+0200] {processor.py:161} INFO - Started process (PID=25010) to work on /Library/Frameworks/Python.framework/Versions/3.10/lib/python3.10/site-packages/airflow/example_dags/example_bash_operator.py
[2024-01-13T10:47:25.133+0200] {processor.py:830} INFO - Processing file /Library/Frameworks/Python.framework/Versions/3.10/lib/python3.10/site-packages/airflow/example_dags/example_bash_operator.py for tasks to queue
[2024-01-13T10:47:25.133+0200] {logging_mixin.py:188} INFO - [2024-01-13T10:47:25.133+0200] {dagbag.py:538} INFO - Filling up the DagBag from /Library/Frameworks/Python.framework/Versions/3.10/lib/python3.10/site-packages/airflow/example_dags/example_bash_operator.py
[2024-01-13T10:47:25.189+0200] {processor.py:840} INFO - DAG(s) 'example_bash_operator' retrieved from /Library/Frameworks/Python.framework/Versions/3.10/lib/python3.10/site-packages/airflow/example_dags/example_bash_operator.py
[2024-01-13T10:47:25.293+0200] {logging_mixin.py:188} INFO - [2024-01-13T10:47:25.293+0200] {dag.py:3033} INFO - Sync 1 DAGs
[2024-01-13T10:47:25.308+0200] {logging_mixin.py:188} INFO - [2024-01-13T10:47:25.308+0200] {dag.py:3820} INFO - Setting next_dagrun for example_bash_operator to 2024-01-12T00:00:00+00:00, run_after=2024-01-13T00:00:00+00:00
[2024-01-13T10:47:25.325+0200] {processor.py:183} INFO - Processing /Library/Frameworks/Python.framework/Versions/3.10/lib/python3.10/site-packages/airflow/example_dags/example_bash_operator.py took 0.199 seconds
[2024-01-13T10:51:05.075+0200] {processor.py:161} INFO - Started process (PID=25258) to work on /Library/Frameworks/Python.framework/Versions/3.10/lib/python3.10/site-packages/airflow/example_dags/example_bash_operator.py
[2024-01-13T10:51:05.079+0200] {processor.py:830} INFO - Processing file /Library/Frameworks/Python.framework/Versions/3.10/lib/python3.10/site-packages/airflow/example_dags/example_bash_operator.py for tasks to queue
[2024-01-13T10:51:05.079+0200] {logging_mixin.py:188} INFO - [2024-01-13T10:51:05.079+0200] {dagbag.py:538} INFO - Filling up the DagBag from /Library/Frameworks/Python.framework/Versions/3.10/lib/python3.10/site-packages/airflow/example_dags/example_bash_operator.py
[2024-01-13T10:51:05.133+0200] {processor.py:840} INFO - DAG(s) 'example_bash_operator' retrieved from /Library/Frameworks/Python.framework/Versions/3.10/lib/python3.10/site-packages/airflow/example_dags/example_bash_operator.py
[2024-01-13T10:51:05.237+0200] {logging_mixin.py:188} INFO - [2024-01-13T10:51:05.236+0200] {dag.py:3033} INFO - Sync 1 DAGs
[2024-01-13T10:51:05.252+0200] {logging_mixin.py:188} INFO - [2024-01-13T10:51:05.251+0200] {dag.py:3820} INFO - Setting next_dagrun for example_bash_operator to 2024-01-12T00:00:00+00:00, run_after=2024-01-13T00:00:00+00:00
[2024-01-13T10:51:05.267+0200] {processor.py:183} INFO - Processing /Library/Frameworks/Python.framework/Versions/3.10/lib/python3.10/site-packages/airflow/example_dags/example_bash_operator.py took 0.194 seconds
[2024-01-13T10:54:49.968+0200] {processor.py:161} INFO - Started process (PID=25435) to work on /Library/Frameworks/Python.framework/Versions/3.10/lib/python3.10/site-packages/airflow/example_dags/example_bash_operator.py
[2024-01-13T10:54:49.973+0200] {processor.py:830} INFO - Processing file /Library/Frameworks/Python.framework/Versions/3.10/lib/python3.10/site-packages/airflow/example_dags/example_bash_operator.py for tasks to queue
[2024-01-13T10:54:49.973+0200] {logging_mixin.py:188} INFO - [2024-01-13T10:54:49.973+0200] {dagbag.py:538} INFO - Filling up the DagBag from /Library/Frameworks/Python.framework/Versions/3.10/lib/python3.10/site-packages/airflow/example_dags/example_bash_operator.py
[2024-01-13T10:54:50.030+0200] {processor.py:840} INFO - DAG(s) 'example_bash_operator' retrieved from /Library/Frameworks/Python.framework/Versions/3.10/lib/python3.10/site-packages/airflow/example_dags/example_bash_operator.py
[2024-01-13T10:54:50.134+0200] {logging_mixin.py:188} INFO - [2024-01-13T10:54:50.134+0200] {dag.py:3033} INFO - Sync 1 DAGs
[2024-01-13T10:54:50.149+0200] {logging_mixin.py:188} INFO - [2024-01-13T10:54:50.149+0200] {dag.py:3820} INFO - Setting next_dagrun for example_bash_operator to 2024-01-12T00:00:00+00:00, run_after=2024-01-13T00:00:00+00:00
[2024-01-13T10:54:50.166+0200] {processor.py:183} INFO - Processing /Library/Frameworks/Python.framework/Versions/3.10/lib/python3.10/site-packages/airflow/example_dags/example_bash_operator.py took 0.200 seconds
[2024-01-13T10:58:50.409+0200] {processor.py:161} INFO - Started process (PID=25708) to work on /Library/Frameworks/Python.framework/Versions/3.10/lib/python3.10/site-packages/airflow/example_dags/example_bash_operator.py
[2024-01-13T10:58:50.413+0200] {processor.py:830} INFO - Processing file /Library/Frameworks/Python.framework/Versions/3.10/lib/python3.10/site-packages/airflow/example_dags/example_bash_operator.py for tasks to queue
[2024-01-13T10:58:50.414+0200] {logging_mixin.py:188} INFO - [2024-01-13T10:58:50.414+0200] {dagbag.py:538} INFO - Filling up the DagBag from /Library/Frameworks/Python.framework/Versions/3.10/lib/python3.10/site-packages/airflow/example_dags/example_bash_operator.py
[2024-01-13T10:58:50.468+0200] {processor.py:840} INFO - DAG(s) 'example_bash_operator' retrieved from /Library/Frameworks/Python.framework/Versions/3.10/lib/python3.10/site-packages/airflow/example_dags/example_bash_operator.py
[2024-01-13T10:58:50.573+0200] {logging_mixin.py:188} INFO - [2024-01-13T10:58:50.573+0200] {dag.py:3033} INFO - Sync 1 DAGs
[2024-01-13T10:58:50.589+0200] {logging_mixin.py:188} INFO - [2024-01-13T10:58:50.588+0200] {dag.py:3820} INFO - Setting next_dagrun for example_bash_operator to 2024-01-12T00:00:00+00:00, run_after=2024-01-13T00:00:00+00:00
[2024-01-13T10:58:50.605+0200] {processor.py:183} INFO - Processing /Library/Frameworks/Python.framework/Versions/3.10/lib/python3.10/site-packages/airflow/example_dags/example_bash_operator.py took 0.198 seconds
[2024-01-13T11:02:43.076+0200] {processor.py:161} INFO - Started process (PID=25852) to work on /Library/Frameworks/Python.framework/Versions/3.10/lib/python3.10/site-packages/airflow/example_dags/example_bash_operator.py
[2024-01-13T11:02:43.079+0200] {processor.py:830} INFO - Processing file /Library/Frameworks/Python.framework/Versions/3.10/lib/python3.10/site-packages/airflow/example_dags/example_bash_operator.py for tasks to queue
[2024-01-13T11:02:43.080+0200] {logging_mixin.py:188} INFO - [2024-01-13T11:02:43.080+0200] {dagbag.py:538} INFO - Filling up the DagBag from /Library/Frameworks/Python.framework/Versions/3.10/lib/python3.10/site-packages/airflow/example_dags/example_bash_operator.py
[2024-01-13T11:02:43.133+0200] {processor.py:840} INFO - DAG(s) 'example_bash_operator' retrieved from /Library/Frameworks/Python.framework/Versions/3.10/lib/python3.10/site-packages/airflow/example_dags/example_bash_operator.py
[2024-01-13T11:02:43.235+0200] {logging_mixin.py:188} INFO - [2024-01-13T11:02:43.235+0200] {dag.py:3033} INFO - Sync 1 DAGs
[2024-01-13T11:02:43.250+0200] {logging_mixin.py:188} INFO - [2024-01-13T11:02:43.250+0200] {dag.py:3820} INFO - Setting next_dagrun for example_bash_operator to 2024-01-12T00:00:00+00:00, run_after=2024-01-13T00:00:00+00:00
[2024-01-13T11:02:43.268+0200] {processor.py:183} INFO - Processing /Library/Frameworks/Python.framework/Versions/3.10/lib/python3.10/site-packages/airflow/example_dags/example_bash_operator.py took 0.194 seconds
[2024-01-13T11:06:29.753+0200] {processor.py:161} INFO - Started process (PID=26111) to work on /Library/Frameworks/Python.framework/Versions/3.10/lib/python3.10/site-packages/airflow/example_dags/example_bash_operator.py
[2024-01-13T11:06:29.758+0200] {processor.py:830} INFO - Processing file /Library/Frameworks/Python.framework/Versions/3.10/lib/python3.10/site-packages/airflow/example_dags/example_bash_operator.py for tasks to queue
[2024-01-13T11:06:29.758+0200] {logging_mixin.py:188} INFO - [2024-01-13T11:06:29.758+0200] {dagbag.py:538} INFO - Filling up the DagBag from /Library/Frameworks/Python.framework/Versions/3.10/lib/python3.10/site-packages/airflow/example_dags/example_bash_operator.py
[2024-01-13T11:06:29.813+0200] {processor.py:840} INFO - DAG(s) 'example_bash_operator' retrieved from /Library/Frameworks/Python.framework/Versions/3.10/lib/python3.10/site-packages/airflow/example_dags/example_bash_operator.py
[2024-01-13T11:06:29.912+0200] {logging_mixin.py:188} INFO - [2024-01-13T11:06:29.912+0200] {dag.py:3033} INFO - Sync 1 DAGs
[2024-01-13T11:06:29.927+0200] {logging_mixin.py:188} INFO - [2024-01-13T11:06:29.927+0200] {dag.py:3820} INFO - Setting next_dagrun for example_bash_operator to 2024-01-12T00:00:00+00:00, run_after=2024-01-13T00:00:00+00:00
[2024-01-13T11:06:29.947+0200] {processor.py:183} INFO - Processing /Library/Frameworks/Python.framework/Versions/3.10/lib/python3.10/site-packages/airflow/example_dags/example_bash_operator.py took 0.196 seconds
[2024-01-13T11:10:32.098+0200] {processor.py:161} INFO - Started process (PID=26291) to work on /Library/Frameworks/Python.framework/Versions/3.10/lib/python3.10/site-packages/airflow/example_dags/example_bash_operator.py
[2024-01-13T11:10:32.102+0200] {processor.py:830} INFO - Processing file /Library/Frameworks/Python.framework/Versions/3.10/lib/python3.10/site-packages/airflow/example_dags/example_bash_operator.py for tasks to queue
[2024-01-13T11:10:32.103+0200] {logging_mixin.py:188} INFO - [2024-01-13T11:10:32.103+0200] {dagbag.py:538} INFO - Filling up the DagBag from /Library/Frameworks/Python.framework/Versions/3.10/lib/python3.10/site-packages/airflow/example_dags/example_bash_operator.py
[2024-01-13T11:10:32.164+0200] {processor.py:840} INFO - DAG(s) 'example_bash_operator' retrieved from /Library/Frameworks/Python.framework/Versions/3.10/lib/python3.10/site-packages/airflow/example_dags/example_bash_operator.py
[2024-01-13T11:10:32.265+0200] {logging_mixin.py:188} INFO - [2024-01-13T11:10:32.265+0200] {dag.py:3033} INFO - Sync 1 DAGs
[2024-01-13T11:10:32.280+0200] {logging_mixin.py:188} INFO - [2024-01-13T11:10:32.280+0200] {dag.py:3820} INFO - Setting next_dagrun for example_bash_operator to 2024-01-12T00:00:00+00:00, run_after=2024-01-13T00:00:00+00:00
[2024-01-13T11:10:32.295+0200] {processor.py:183} INFO - Processing /Library/Frameworks/Python.framework/Versions/3.10/lib/python3.10/site-packages/airflow/example_dags/example_bash_operator.py took 0.199 seconds
[2024-01-13T11:14:21.513+0200] {processor.py:161} INFO - Started process (PID=26550) to work on /Library/Frameworks/Python.framework/Versions/3.10/lib/python3.10/site-packages/airflow/example_dags/example_bash_operator.py
[2024-01-13T11:14:21.519+0200] {processor.py:830} INFO - Processing file /Library/Frameworks/Python.framework/Versions/3.10/lib/python3.10/site-packages/airflow/example_dags/example_bash_operator.py for tasks to queue
[2024-01-13T11:14:21.520+0200] {logging_mixin.py:188} INFO - [2024-01-13T11:14:21.520+0200] {dagbag.py:538} INFO - Filling up the DagBag from /Library/Frameworks/Python.framework/Versions/3.10/lib/python3.10/site-packages/airflow/example_dags/example_bash_operator.py
[2024-01-13T11:14:21.581+0200] {processor.py:840} INFO - DAG(s) 'example_bash_operator' retrieved from /Library/Frameworks/Python.framework/Versions/3.10/lib/python3.10/site-packages/airflow/example_dags/example_bash_operator.py
[2024-01-13T11:14:21.682+0200] {logging_mixin.py:188} INFO - [2024-01-13T11:14:21.682+0200] {dag.py:3033} INFO - Sync 1 DAGs
[2024-01-13T11:14:21.697+0200] {logging_mixin.py:188} INFO - [2024-01-13T11:14:21.697+0200] {dag.py:3820} INFO - Setting next_dagrun for example_bash_operator to 2024-01-12T00:00:00+00:00, run_after=2024-01-13T00:00:00+00:00
[2024-01-13T11:14:21.714+0200] {processor.py:183} INFO - Processing /Library/Frameworks/Python.framework/Versions/3.10/lib/python3.10/site-packages/airflow/example_dags/example_bash_operator.py took 0.202 seconds
[2024-01-13T11:18:17.354+0200] {processor.py:161} INFO - Started process (PID=26727) to work on /Library/Frameworks/Python.framework/Versions/3.10/lib/python3.10/site-packages/airflow/example_dags/example_bash_operator.py
[2024-01-13T11:18:17.359+0200] {processor.py:830} INFO - Processing file /Library/Frameworks/Python.framework/Versions/3.10/lib/python3.10/site-packages/airflow/example_dags/example_bash_operator.py for tasks to queue
[2024-01-13T11:18:17.360+0200] {logging_mixin.py:188} INFO - [2024-01-13T11:18:17.360+0200] {dagbag.py:538} INFO - Filling up the DagBag from /Library/Frameworks/Python.framework/Versions/3.10/lib/python3.10/site-packages/airflow/example_dags/example_bash_operator.py
[2024-01-13T11:18:17.419+0200] {processor.py:840} INFO - DAG(s) 'example_bash_operator' retrieved from /Library/Frameworks/Python.framework/Versions/3.10/lib/python3.10/site-packages/airflow/example_dags/example_bash_operator.py
[2024-01-13T11:18:17.524+0200] {logging_mixin.py:188} INFO - [2024-01-13T11:18:17.524+0200] {dag.py:3033} INFO - Sync 1 DAGs
[2024-01-13T11:18:17.540+0200] {logging_mixin.py:188} INFO - [2024-01-13T11:18:17.540+0200] {dag.py:3820} INFO - Setting next_dagrun for example_bash_operator to 2024-01-12T00:00:00+00:00, run_after=2024-01-13T00:00:00+00:00
[2024-01-13T11:18:17.556+0200] {processor.py:183} INFO - Processing /Library/Frameworks/Python.framework/Versions/3.10/lib/python3.10/site-packages/airflow/example_dags/example_bash_operator.py took 0.203 seconds
[2024-01-13T11:22:13.204+0200] {processor.py:161} INFO - Started process (PID=27046) to work on /Library/Frameworks/Python.framework/Versions/3.10/lib/python3.10/site-packages/airflow/example_dags/example_bash_operator.py
[2024-01-13T11:22:13.209+0200] {processor.py:830} INFO - Processing file /Library/Frameworks/Python.framework/Versions/3.10/lib/python3.10/site-packages/airflow/example_dags/example_bash_operator.py for tasks to queue
[2024-01-13T11:22:13.210+0200] {logging_mixin.py:188} INFO - [2024-01-13T11:22:13.210+0200] {dagbag.py:538} INFO - Filling up the DagBag from /Library/Frameworks/Python.framework/Versions/3.10/lib/python3.10/site-packages/airflow/example_dags/example_bash_operator.py
[2024-01-13T11:22:13.266+0200] {processor.py:840} INFO - DAG(s) 'example_bash_operator' retrieved from /Library/Frameworks/Python.framework/Versions/3.10/lib/python3.10/site-packages/airflow/example_dags/example_bash_operator.py
[2024-01-13T11:22:13.367+0200] {logging_mixin.py:188} INFO - [2024-01-13T11:22:13.367+0200] {dag.py:3033} INFO - Sync 1 DAGs
[2024-01-13T11:22:13.382+0200] {logging_mixin.py:188} INFO - [2024-01-13T11:22:13.381+0200] {dag.py:3820} INFO - Setting next_dagrun for example_bash_operator to 2024-01-12T00:00:00+00:00, run_after=2024-01-13T00:00:00+00:00
[2024-01-13T11:22:13.400+0200] {processor.py:183} INFO - Processing /Library/Frameworks/Python.framework/Versions/3.10/lib/python3.10/site-packages/airflow/example_dags/example_bash_operator.py took 0.197 seconds
[2024-01-13T11:26:06.176+0200] {processor.py:161} INFO - Started process (PID=27282) to work on /Library/Frameworks/Python.framework/Versions/3.10/lib/python3.10/site-packages/airflow/example_dags/example_bash_operator.py
[2024-01-13T11:26:06.181+0200] {processor.py:830} INFO - Processing file /Library/Frameworks/Python.framework/Versions/3.10/lib/python3.10/site-packages/airflow/example_dags/example_bash_operator.py for tasks to queue
[2024-01-13T11:26:06.182+0200] {logging_mixin.py:188} INFO - [2024-01-13T11:26:06.182+0200] {dagbag.py:538} INFO - Filling up the DagBag from /Library/Frameworks/Python.framework/Versions/3.10/lib/python3.10/site-packages/airflow/example_dags/example_bash_operator.py
[2024-01-13T11:26:06.241+0200] {processor.py:840} INFO - DAG(s) 'example_bash_operator' retrieved from /Library/Frameworks/Python.framework/Versions/3.10/lib/python3.10/site-packages/airflow/example_dags/example_bash_operator.py
[2024-01-13T11:26:06.344+0200] {logging_mixin.py:188} INFO - [2024-01-13T11:26:06.344+0200] {dag.py:3033} INFO - Sync 1 DAGs
[2024-01-13T11:26:06.359+0200] {logging_mixin.py:188} INFO - [2024-01-13T11:26:06.358+0200] {dag.py:3820} INFO - Setting next_dagrun for example_bash_operator to 2024-01-12T00:00:00+00:00, run_after=2024-01-13T00:00:00+00:00
[2024-01-13T11:26:06.378+0200] {processor.py:183} INFO - Processing /Library/Frameworks/Python.framework/Versions/3.10/lib/python3.10/site-packages/airflow/example_dags/example_bash_operator.py took 0.203 seconds
[2024-01-13T11:29:58.263+0200] {processor.py:161} INFO - Started process (PID=27456) to work on /Library/Frameworks/Python.framework/Versions/3.10/lib/python3.10/site-packages/airflow/example_dags/example_bash_operator.py
[2024-01-13T11:29:58.269+0200] {processor.py:830} INFO - Processing file /Library/Frameworks/Python.framework/Versions/3.10/lib/python3.10/site-packages/airflow/example_dags/example_bash_operator.py for tasks to queue
[2024-01-13T11:29:58.270+0200] {logging_mixin.py:188} INFO - [2024-01-13T11:29:58.270+0200] {dagbag.py:538} INFO - Filling up the DagBag from /Library/Frameworks/Python.framework/Versions/3.10/lib/python3.10/site-packages/airflow/example_dags/example_bash_operator.py
[2024-01-13T11:29:58.335+0200] {processor.py:840} INFO - DAG(s) 'example_bash_operator' retrieved from /Library/Frameworks/Python.framework/Versions/3.10/lib/python3.10/site-packages/airflow/example_dags/example_bash_operator.py
[2024-01-13T11:29:58.444+0200] {logging_mixin.py:188} INFO - [2024-01-13T11:29:58.444+0200] {dag.py:3033} INFO - Sync 1 DAGs
[2024-01-13T11:29:58.463+0200] {logging_mixin.py:188} INFO - [2024-01-13T11:29:58.463+0200] {dag.py:3820} INFO - Setting next_dagrun for example_bash_operator to 2024-01-12T00:00:00+00:00, run_after=2024-01-13T00:00:00+00:00
[2024-01-13T11:29:58.480+0200] {processor.py:183} INFO - Processing /Library/Frameworks/Python.framework/Versions/3.10/lib/python3.10/site-packages/airflow/example_dags/example_bash_operator.py took 0.219 seconds
[2024-01-13T11:33:50.589+0200] {processor.py:161} INFO - Started process (PID=27707) to work on /Library/Frameworks/Python.framework/Versions/3.10/lib/python3.10/site-packages/airflow/example_dags/example_bash_operator.py
[2024-01-13T11:33:50.593+0200] {processor.py:830} INFO - Processing file /Library/Frameworks/Python.framework/Versions/3.10/lib/python3.10/site-packages/airflow/example_dags/example_bash_operator.py for tasks to queue
[2024-01-13T11:33:50.594+0200] {logging_mixin.py:188} INFO - [2024-01-13T11:33:50.594+0200] {dagbag.py:538} INFO - Filling up the DagBag from /Library/Frameworks/Python.framework/Versions/3.10/lib/python3.10/site-packages/airflow/example_dags/example_bash_operator.py
[2024-01-13T11:33:50.655+0200] {processor.py:840} INFO - DAG(s) 'example_bash_operator' retrieved from /Library/Frameworks/Python.framework/Versions/3.10/lib/python3.10/site-packages/airflow/example_dags/example_bash_operator.py
[2024-01-13T11:33:50.764+0200] {logging_mixin.py:188} INFO - [2024-01-13T11:33:50.764+0200] {dag.py:3033} INFO - Sync 1 DAGs
[2024-01-13T11:33:50.780+0200] {logging_mixin.py:188} INFO - [2024-01-13T11:33:50.779+0200] {dag.py:3820} INFO - Setting next_dagrun for example_bash_operator to 2024-01-12T00:00:00+00:00, run_after=2024-01-13T00:00:00+00:00
[2024-01-13T11:33:50.796+0200] {processor.py:183} INFO - Processing /Library/Frameworks/Python.framework/Versions/3.10/lib/python3.10/site-packages/airflow/example_dags/example_bash_operator.py took 0.208 seconds
[2024-01-13T11:38:01.265+0200] {processor.py:161} INFO - Started process (PID=29244) to work on /Library/Frameworks/Python.framework/Versions/3.10/lib/python3.10/site-packages/airflow/example_dags/example_bash_operator.py
[2024-01-13T11:38:01.272+0200] {processor.py:830} INFO - Processing file /Library/Frameworks/Python.framework/Versions/3.10/lib/python3.10/site-packages/airflow/example_dags/example_bash_operator.py for tasks to queue
[2024-01-13T11:38:01.273+0200] {logging_mixin.py:188} INFO - [2024-01-13T11:38:01.273+0200] {dagbag.py:538} INFO - Filling up the DagBag from /Library/Frameworks/Python.framework/Versions/3.10/lib/python3.10/site-packages/airflow/example_dags/example_bash_operator.py
[2024-01-13T11:38:01.349+0200] {processor.py:840} INFO - DAG(s) 'example_bash_operator' retrieved from /Library/Frameworks/Python.framework/Versions/3.10/lib/python3.10/site-packages/airflow/example_dags/example_bash_operator.py
[2024-01-13T11:38:01.495+0200] {logging_mixin.py:188} INFO - [2024-01-13T11:38:01.494+0200] {dag.py:3033} INFO - Sync 1 DAGs
[2024-01-13T11:38:01.519+0200] {logging_mixin.py:188} INFO - [2024-01-13T11:38:01.519+0200] {dag.py:3820} INFO - Setting next_dagrun for example_bash_operator to 2024-01-12T00:00:00+00:00, run_after=2024-01-13T00:00:00+00:00
[2024-01-13T11:38:01.538+0200] {processor.py:183} INFO - Processing /Library/Frameworks/Python.framework/Versions/3.10/lib/python3.10/site-packages/airflow/example_dags/example_bash_operator.py took 0.275 seconds
[2024-01-13T11:43:02.940+0200] {processor.py:161} INFO - Started process (PID=29681) to work on /Library/Frameworks/Python.framework/Versions/3.10/lib/python3.10/site-packages/airflow/example_dags/example_bash_operator.py
[2024-01-13T11:43:02.946+0200] {processor.py:830} INFO - Processing file /Library/Frameworks/Python.framework/Versions/3.10/lib/python3.10/site-packages/airflow/example_dags/example_bash_operator.py for tasks to queue
[2024-01-13T11:43:02.946+0200] {logging_mixin.py:188} INFO - [2024-01-13T11:43:02.946+0200] {dagbag.py:538} INFO - Filling up the DagBag from /Library/Frameworks/Python.framework/Versions/3.10/lib/python3.10/site-packages/airflow/example_dags/example_bash_operator.py
[2024-01-13T11:43:03.010+0200] {processor.py:840} INFO - DAG(s) 'example_bash_operator' retrieved from /Library/Frameworks/Python.framework/Versions/3.10/lib/python3.10/site-packages/airflow/example_dags/example_bash_operator.py
[2024-01-13T11:43:03.128+0200] {logging_mixin.py:188} INFO - [2024-01-13T11:43:03.128+0200] {dag.py:3033} INFO - Sync 1 DAGs
[2024-01-13T11:43:03.146+0200] {logging_mixin.py:188} INFO - [2024-01-13T11:43:03.146+0200] {dag.py:3820} INFO - Setting next_dagrun for example_bash_operator to 2024-01-12T00:00:00+00:00, run_after=2024-01-13T00:00:00+00:00
[2024-01-13T11:43:03.167+0200] {processor.py:183} INFO - Processing /Library/Frameworks/Python.framework/Versions/3.10/lib/python3.10/site-packages/airflow/example_dags/example_bash_operator.py took 0.229 seconds
[2024-01-13T11:48:19.917+0200] {processor.py:161} INFO - Started process (PID=30114) to work on /Library/Frameworks/Python.framework/Versions/3.10/lib/python3.10/site-packages/airflow/example_dags/example_bash_operator.py
[2024-01-13T11:48:19.923+0200] {processor.py:830} INFO - Processing file /Library/Frameworks/Python.framework/Versions/3.10/lib/python3.10/site-packages/airflow/example_dags/example_bash_operator.py for tasks to queue
[2024-01-13T11:48:19.924+0200] {logging_mixin.py:188} INFO - [2024-01-13T11:48:19.924+0200] {dagbag.py:538} INFO - Filling up the DagBag from /Library/Frameworks/Python.framework/Versions/3.10/lib/python3.10/site-packages/airflow/example_dags/example_bash_operator.py
[2024-01-13T11:48:19.989+0200] {processor.py:840} INFO - DAG(s) 'example_bash_operator' retrieved from /Library/Frameworks/Python.framework/Versions/3.10/lib/python3.10/site-packages/airflow/example_dags/example_bash_operator.py
[2024-01-13T11:48:20.118+0200] {logging_mixin.py:188} INFO - [2024-01-13T11:48:20.117+0200] {dag.py:3033} INFO - Sync 1 DAGs
[2024-01-13T11:48:20.138+0200] {logging_mixin.py:188} INFO - [2024-01-13T11:48:20.138+0200] {dag.py:3820} INFO - Setting next_dagrun for example_bash_operator to 2024-01-12T00:00:00+00:00, run_after=2024-01-13T00:00:00+00:00
[2024-01-13T11:48:20.161+0200] {processor.py:183} INFO - Processing /Library/Frameworks/Python.framework/Versions/3.10/lib/python3.10/site-packages/airflow/example_dags/example_bash_operator.py took 0.246 seconds
[2024-01-13T11:55:21.475+0200] {processor.py:161} INFO - Started process (PID=31877) to work on /Library/Frameworks/Python.framework/Versions/3.10/lib/python3.10/site-packages/airflow/example_dags/example_bash_operator.py
[2024-01-13T11:55:21.485+0200] {processor.py:830} INFO - Processing file /Library/Frameworks/Python.framework/Versions/3.10/lib/python3.10/site-packages/airflow/example_dags/example_bash_operator.py for tasks to queue
[2024-01-13T11:55:21.486+0200] {logging_mixin.py:188} INFO - [2024-01-13T11:55:21.486+0200] {dagbag.py:538} INFO - Filling up the DagBag from /Library/Frameworks/Python.framework/Versions/3.10/lib/python3.10/site-packages/airflow/example_dags/example_bash_operator.py
[2024-01-13T11:55:21.563+0200] {processor.py:840} INFO - DAG(s) 'example_bash_operator' retrieved from /Library/Frameworks/Python.framework/Versions/3.10/lib/python3.10/site-packages/airflow/example_dags/example_bash_operator.py
[2024-01-13T11:55:21.751+0200] {logging_mixin.py:188} INFO - [2024-01-13T11:55:21.751+0200] {dag.py:3033} INFO - Sync 1 DAGs
[2024-01-13T11:55:21.782+0200] {logging_mixin.py:188} INFO - [2024-01-13T11:55:21.781+0200] {dag.py:3820} INFO - Setting next_dagrun for example_bash_operator to 2024-01-12T00:00:00+00:00, run_after=2024-01-13T00:00:00+00:00
[2024-01-13T11:55:21.810+0200] {processor.py:183} INFO - Processing /Library/Frameworks/Python.framework/Versions/3.10/lib/python3.10/site-packages/airflow/example_dags/example_bash_operator.py took 0.337 seconds
[2024-01-13T12:01:50.252+0200] {processor.py:161} INFO - Started process (PID=32152) to work on /Library/Frameworks/Python.framework/Versions/3.10/lib/python3.10/site-packages/airflow/example_dags/example_bash_operator.py
[2024-01-13T12:01:50.262+0200] {processor.py:830} INFO - Processing file /Library/Frameworks/Python.framework/Versions/3.10/lib/python3.10/site-packages/airflow/example_dags/example_bash_operator.py for tasks to queue
[2024-01-13T12:01:50.263+0200] {logging_mixin.py:188} INFO - [2024-01-13T12:01:50.263+0200] {dagbag.py:538} INFO - Filling up the DagBag from /Library/Frameworks/Python.framework/Versions/3.10/lib/python3.10/site-packages/airflow/example_dags/example_bash_operator.py
[2024-01-13T12:01:50.332+0200] {processor.py:840} INFO - DAG(s) 'example_bash_operator' retrieved from /Library/Frameworks/Python.framework/Versions/3.10/lib/python3.10/site-packages/airflow/example_dags/example_bash_operator.py
[2024-01-13T12:01:50.479+0200] {logging_mixin.py:188} INFO - [2024-01-13T12:01:50.479+0200] {dag.py:3033} INFO - Sync 1 DAGs
[2024-01-13T12:01:50.514+0200] {logging_mixin.py:188} INFO - [2024-01-13T12:01:50.514+0200] {dag.py:3820} INFO - Setting next_dagrun for example_bash_operator to 2024-01-12T00:00:00+00:00, run_after=2024-01-13T00:00:00+00:00
[2024-01-13T12:01:50.553+0200] {processor.py:183} INFO - Processing /Library/Frameworks/Python.framework/Versions/3.10/lib/python3.10/site-packages/airflow/example_dags/example_bash_operator.py took 0.303 seconds
[2024-01-13T12:08:35.052+0200] {processor.py:161} INFO - Started process (PID=34007) to work on /Library/Frameworks/Python.framework/Versions/3.10/lib/python3.10/site-packages/airflow/example_dags/example_bash_operator.py
[2024-01-13T12:08:35.058+0200] {processor.py:830} INFO - Processing file /Library/Frameworks/Python.framework/Versions/3.10/lib/python3.10/site-packages/airflow/example_dags/example_bash_operator.py for tasks to queue
[2024-01-13T12:08:35.058+0200] {logging_mixin.py:188} INFO - [2024-01-13T12:08:35.058+0200] {dagbag.py:538} INFO - Filling up the DagBag from /Library/Frameworks/Python.framework/Versions/3.10/lib/python3.10/site-packages/airflow/example_dags/example_bash_operator.py
[2024-01-13T12:08:35.118+0200] {processor.py:840} INFO - DAG(s) 'example_bash_operator' retrieved from /Library/Frameworks/Python.framework/Versions/3.10/lib/python3.10/site-packages/airflow/example_dags/example_bash_operator.py
[2024-01-13T12:08:35.242+0200] {logging_mixin.py:188} INFO - [2024-01-13T12:08:35.242+0200] {dag.py:3033} INFO - Sync 1 DAGs
[2024-01-13T12:08:35.260+0200] {logging_mixin.py:188} INFO - [2024-01-13T12:08:35.260+0200] {dag.py:3820} INFO - Setting next_dagrun for example_bash_operator to 2024-01-12T00:00:00+00:00, run_after=2024-01-13T00:00:00+00:00
[2024-01-13T12:08:35.279+0200] {processor.py:183} INFO - Processing /Library/Frameworks/Python.framework/Versions/3.10/lib/python3.10/site-packages/airflow/example_dags/example_bash_operator.py took 0.229 seconds
[2024-01-13T12:13:26.091+0200] {processor.py:161} INFO - Started process (PID=34313) to work on /Library/Frameworks/Python.framework/Versions/3.10/lib/python3.10/site-packages/airflow/example_dags/example_bash_operator.py
[2024-01-13T12:13:26.102+0200] {processor.py:830} INFO - Processing file /Library/Frameworks/Python.framework/Versions/3.10/lib/python3.10/site-packages/airflow/example_dags/example_bash_operator.py for tasks to queue
[2024-01-13T12:13:26.103+0200] {logging_mixin.py:188} INFO - [2024-01-13T12:13:26.102+0200] {dagbag.py:538} INFO - Filling up the DagBag from /Library/Frameworks/Python.framework/Versions/3.10/lib/python3.10/site-packages/airflow/example_dags/example_bash_operator.py
[2024-01-13T12:13:26.180+0200] {processor.py:840} INFO - DAG(s) 'example_bash_operator' retrieved from /Library/Frameworks/Python.framework/Versions/3.10/lib/python3.10/site-packages/airflow/example_dags/example_bash_operator.py
[2024-01-13T12:13:26.331+0200] {logging_mixin.py:188} INFO - [2024-01-13T12:13:26.331+0200] {dag.py:3033} INFO - Sync 1 DAGs
[2024-01-13T12:13:26.356+0200] {logging_mixin.py:188} INFO - [2024-01-13T12:13:26.356+0200] {dag.py:3820} INFO - Setting next_dagrun for example_bash_operator to 2024-01-12T00:00:00+00:00, run_after=2024-01-13T00:00:00+00:00
[2024-01-13T12:13:26.381+0200] {processor.py:183} INFO - Processing /Library/Frameworks/Python.framework/Versions/3.10/lib/python3.10/site-packages/airflow/example_dags/example_bash_operator.py took 0.292 seconds
[2024-01-13T13:27:36.913+0200] {processor.py:161} INFO - Started process (PID=35420) to work on /Library/Frameworks/Python.framework/Versions/3.10/lib/python3.10/site-packages/airflow/example_dags/example_bash_operator.py
[2024-01-13T13:27:36.917+0200] {processor.py:830} INFO - Processing file /Library/Frameworks/Python.framework/Versions/3.10/lib/python3.10/site-packages/airflow/example_dags/example_bash_operator.py for tasks to queue
[2024-01-13T13:27:36.918+0200] {logging_mixin.py:188} INFO - [2024-01-13T13:27:36.918+0200] {dagbag.py:538} INFO - Filling up the DagBag from /Library/Frameworks/Python.framework/Versions/3.10/lib/python3.10/site-packages/airflow/example_dags/example_bash_operator.py
[2024-01-13T13:27:36.979+0200] {processor.py:840} INFO - DAG(s) 'example_bash_operator' retrieved from /Library/Frameworks/Python.framework/Versions/3.10/lib/python3.10/site-packages/airflow/example_dags/example_bash_operator.py
[2024-01-13T13:27:37.106+0200] {logging_mixin.py:188} INFO - [2024-01-13T13:27:37.106+0200] {dag.py:3033} INFO - Sync 1 DAGs
[2024-01-13T13:27:37.124+0200] {logging_mixin.py:188} INFO - [2024-01-13T13:27:37.124+0200] {dag.py:3820} INFO - Setting next_dagrun for example_bash_operator to 2024-01-12T00:00:00+00:00, run_after=2024-01-13T00:00:00+00:00
[2024-01-13T13:27:37.145+0200] {processor.py:183} INFO - Processing /Library/Frameworks/Python.framework/Versions/3.10/lib/python3.10/site-packages/airflow/example_dags/example_bash_operator.py took 0.234 seconds
[2024-01-13T13:31:54.077+0200] {processor.py:161} INFO - Started process (PID=35594) to work on /Library/Frameworks/Python.framework/Versions/3.10/lib/python3.10/site-packages/airflow/example_dags/example_bash_operator.py
[2024-01-13T13:31:54.082+0200] {processor.py:830} INFO - Processing file /Library/Frameworks/Python.framework/Versions/3.10/lib/python3.10/site-packages/airflow/example_dags/example_bash_operator.py for tasks to queue
[2024-01-13T13:31:54.082+0200] {logging_mixin.py:188} INFO - [2024-01-13T13:31:54.082+0200] {dagbag.py:538} INFO - Filling up the DagBag from /Library/Frameworks/Python.framework/Versions/3.10/lib/python3.10/site-packages/airflow/example_dags/example_bash_operator.py
[2024-01-13T13:31:54.137+0200] {processor.py:840} INFO - DAG(s) 'example_bash_operator' retrieved from /Library/Frameworks/Python.framework/Versions/3.10/lib/python3.10/site-packages/airflow/example_dags/example_bash_operator.py
[2024-01-13T13:31:54.245+0200] {logging_mixin.py:188} INFO - [2024-01-13T13:31:54.245+0200] {dag.py:3033} INFO - Sync 1 DAGs
[2024-01-13T13:31:54.262+0200] {logging_mixin.py:188} INFO - [2024-01-13T13:31:54.261+0200] {dag.py:3820} INFO - Setting next_dagrun for example_bash_operator to 2024-01-12T00:00:00+00:00, run_after=2024-01-13T00:00:00+00:00
[2024-01-13T13:31:54.280+0200] {processor.py:183} INFO - Processing /Library/Frameworks/Python.framework/Versions/3.10/lib/python3.10/site-packages/airflow/example_dags/example_bash_operator.py took 0.204 seconds
[2024-01-13T15:18:47.267+0200] {processor.py:161} INFO - Started process (PID=42779) to work on /Library/Frameworks/Python.framework/Versions/3.10/lib/python3.10/site-packages/airflow/example_dags/example_bash_operator.py
[2024-01-13T15:18:47.272+0200] {processor.py:830} INFO - Processing file /Library/Frameworks/Python.framework/Versions/3.10/lib/python3.10/site-packages/airflow/example_dags/example_bash_operator.py for tasks to queue
[2024-01-13T15:18:47.272+0200] {logging_mixin.py:188} INFO - [2024-01-13T15:18:47.272+0200] {dagbag.py:538} INFO - Filling up the DagBag from /Library/Frameworks/Python.framework/Versions/3.10/lib/python3.10/site-packages/airflow/example_dags/example_bash_operator.py
[2024-01-13T15:18:47.330+0200] {processor.py:840} INFO - DAG(s) 'example_bash_operator' retrieved from /Library/Frameworks/Python.framework/Versions/3.10/lib/python3.10/site-packages/airflow/example_dags/example_bash_operator.py
[2024-01-13T15:18:47.552+0200] {logging_mixin.py:188} INFO - [2024-01-13T15:18:47.552+0200] {dag.py:3033} INFO - Sync 1 DAGs
[2024-01-13T15:18:47.569+0200] {logging_mixin.py:188} INFO - [2024-01-13T15:18:47.568+0200] {dag.py:3820} INFO - Setting next_dagrun for example_bash_operator to 2024-01-12T00:00:00+00:00, run_after=2024-01-13T00:00:00+00:00
[2024-01-13T15:18:47.590+0200] {processor.py:183} INFO - Processing /Library/Frameworks/Python.framework/Versions/3.10/lib/python3.10/site-packages/airflow/example_dags/example_bash_operator.py took 0.324 seconds
[2024-01-13T15:23:32.258+0200] {processor.py:161} INFO - Started process (PID=43012) to work on /Library/Frameworks/Python.framework/Versions/3.10/lib/python3.10/site-packages/airflow/example_dags/example_bash_operator.py
[2024-01-13T15:23:32.262+0200] {processor.py:830} INFO - Processing file /Library/Frameworks/Python.framework/Versions/3.10/lib/python3.10/site-packages/airflow/example_dags/example_bash_operator.py for tasks to queue
[2024-01-13T15:23:32.263+0200] {logging_mixin.py:188} INFO - [2024-01-13T15:23:32.262+0200] {dagbag.py:538} INFO - Filling up the DagBag from /Library/Frameworks/Python.framework/Versions/3.10/lib/python3.10/site-packages/airflow/example_dags/example_bash_operator.py
[2024-01-13T15:23:32.320+0200] {processor.py:840} INFO - DAG(s) 'example_bash_operator' retrieved from /Library/Frameworks/Python.framework/Versions/3.10/lib/python3.10/site-packages/airflow/example_dags/example_bash_operator.py
[2024-01-13T15:23:32.429+0200] {logging_mixin.py:188} INFO - [2024-01-13T15:23:32.429+0200] {dag.py:3033} INFO - Sync 1 DAGs
[2024-01-13T15:23:32.445+0200] {logging_mixin.py:188} INFO - [2024-01-13T15:23:32.445+0200] {dag.py:3820} INFO - Setting next_dagrun for example_bash_operator to 2024-01-12T00:00:00+00:00, run_after=2024-01-13T00:00:00+00:00
[2024-01-13T15:23:32.462+0200] {processor.py:183} INFO - Processing /Library/Frameworks/Python.framework/Versions/3.10/lib/python3.10/site-packages/airflow/example_dags/example_bash_operator.py took 0.206 seconds
[2024-01-13T15:28:41.632+0200] {processor.py:161} INFO - Started process (PID=43370) to work on /Library/Frameworks/Python.framework/Versions/3.10/lib/python3.10/site-packages/airflow/example_dags/example_bash_operator.py
[2024-01-13T15:28:41.637+0200] {processor.py:830} INFO - Processing file /Library/Frameworks/Python.framework/Versions/3.10/lib/python3.10/site-packages/airflow/example_dags/example_bash_operator.py for tasks to queue
[2024-01-13T15:28:41.638+0200] {logging_mixin.py:188} INFO - [2024-01-13T15:28:41.638+0200] {dagbag.py:538} INFO - Filling up the DagBag from /Library/Frameworks/Python.framework/Versions/3.10/lib/python3.10/site-packages/airflow/example_dags/example_bash_operator.py
[2024-01-13T15:28:41.699+0200] {processor.py:840} INFO - DAG(s) 'example_bash_operator' retrieved from /Library/Frameworks/Python.framework/Versions/3.10/lib/python3.10/site-packages/airflow/example_dags/example_bash_operator.py
[2024-01-13T15:28:41.812+0200] {logging_mixin.py:188} INFO - [2024-01-13T15:28:41.812+0200] {dag.py:3033} INFO - Sync 1 DAGs
[2024-01-13T15:28:41.830+0200] {logging_mixin.py:188} INFO - [2024-01-13T15:28:41.830+0200] {dag.py:3820} INFO - Setting next_dagrun for example_bash_operator to 2024-01-12T00:00:00+00:00, run_after=2024-01-13T00:00:00+00:00
[2024-01-13T15:28:41.854+0200] {processor.py:183} INFO - Processing /Library/Frameworks/Python.framework/Versions/3.10/lib/python3.10/site-packages/airflow/example_dags/example_bash_operator.py took 0.224 seconds
[2024-01-13T15:41:20.270+0200] {processor.py:161} INFO - Started process (PID=44283) to work on /Library/Frameworks/Python.framework/Versions/3.10/lib/python3.10/site-packages/airflow/example_dags/example_bash_operator.py
[2024-01-13T15:41:20.274+0200] {processor.py:830} INFO - Processing file /Library/Frameworks/Python.framework/Versions/3.10/lib/python3.10/site-packages/airflow/example_dags/example_bash_operator.py for tasks to queue
[2024-01-13T15:41:20.275+0200] {logging_mixin.py:188} INFO - [2024-01-13T15:41:20.275+0200] {dagbag.py:538} INFO - Filling up the DagBag from /Library/Frameworks/Python.framework/Versions/3.10/lib/python3.10/site-packages/airflow/example_dags/example_bash_operator.py
[2024-01-13T15:41:20.334+0200] {processor.py:840} INFO - DAG(s) 'example_bash_operator' retrieved from /Library/Frameworks/Python.framework/Versions/3.10/lib/python3.10/site-packages/airflow/example_dags/example_bash_operator.py
[2024-01-13T15:41:20.525+0200] {logging_mixin.py:188} INFO - [2024-01-13T15:41:20.524+0200] {dag.py:3033} INFO - Sync 1 DAGs
[2024-01-13T15:41:20.540+0200] {logging_mixin.py:188} INFO - [2024-01-13T15:41:20.540+0200] {dag.py:3820} INFO - Setting next_dagrun for example_bash_operator to 2024-01-12T00:00:00+00:00, run_after=2024-01-13T00:00:00+00:00
[2024-01-13T15:41:20.561+0200] {processor.py:183} INFO - Processing /Library/Frameworks/Python.framework/Versions/3.10/lib/python3.10/site-packages/airflow/example_dags/example_bash_operator.py took 0.293 seconds
[2024-01-14T00:34:51.335+0200] {processor.py:161} INFO - Started process (PID=45812) to work on /Library/Frameworks/Python.framework/Versions/3.10/lib/python3.10/site-packages/airflow/example_dags/example_bash_operator.py
[2024-01-14T00:34:51.343+0200] {processor.py:830} INFO - Processing file /Library/Frameworks/Python.framework/Versions/3.10/lib/python3.10/site-packages/airflow/example_dags/example_bash_operator.py for tasks to queue
[2024-01-14T00:34:51.344+0200] {logging_mixin.py:188} INFO - [2024-01-14T00:34:51.344+0200] {dagbag.py:538} INFO - Filling up the DagBag from /Library/Frameworks/Python.framework/Versions/3.10/lib/python3.10/site-packages/airflow/example_dags/example_bash_operator.py
[2024-01-14T00:34:51.464+0200] {processor.py:840} INFO - DAG(s) 'example_bash_operator' retrieved from /Library/Frameworks/Python.framework/Versions/3.10/lib/python3.10/site-packages/airflow/example_dags/example_bash_operator.py
[2024-01-14T00:34:51.665+0200] {logging_mixin.py:188} INFO - [2024-01-14T00:34:51.665+0200] {dag.py:3033} INFO - Sync 1 DAGs
[2024-01-14T00:34:51.703+0200] {logging_mixin.py:188} INFO - [2024-01-14T00:34:51.702+0200] {dag.py:3820} INFO - Setting next_dagrun for example_bash_operator to 2024-01-12T00:00:00+00:00, run_after=2024-01-13T00:00:00+00:00
[2024-01-14T00:34:51.740+0200] {processor.py:183} INFO - Processing /Library/Frameworks/Python.framework/Versions/3.10/lib/python3.10/site-packages/airflow/example_dags/example_bash_operator.py took 0.408 seconds
[2024-01-14T00:39:56.093+0200] {processor.py:161} INFO - Started process (PID=46512) to work on /Library/Frameworks/Python.framework/Versions/3.10/lib/python3.10/site-packages/airflow/example_dags/example_bash_operator.py
[2024-01-14T00:39:56.098+0200] {processor.py:830} INFO - Processing file /Library/Frameworks/Python.framework/Versions/3.10/lib/python3.10/site-packages/airflow/example_dags/example_bash_operator.py for tasks to queue
[2024-01-14T00:39:56.099+0200] {logging_mixin.py:188} INFO - [2024-01-14T00:39:56.099+0200] {dagbag.py:538} INFO - Filling up the DagBag from /Library/Frameworks/Python.framework/Versions/3.10/lib/python3.10/site-packages/airflow/example_dags/example_bash_operator.py
[2024-01-14T00:39:56.161+0200] {processor.py:840} INFO - DAG(s) 'example_bash_operator' retrieved from /Library/Frameworks/Python.framework/Versions/3.10/lib/python3.10/site-packages/airflow/example_dags/example_bash_operator.py
[2024-01-14T00:39:56.271+0200] {logging_mixin.py:188} INFO - [2024-01-14T00:39:56.271+0200] {dag.py:3033} INFO - Sync 1 DAGs
[2024-01-14T00:39:56.287+0200] {logging_mixin.py:188} INFO - [2024-01-14T00:39:56.287+0200] {dag.py:3820} INFO - Setting next_dagrun for example_bash_operator to 2024-01-12T00:00:00+00:00, run_after=2024-01-13T00:00:00+00:00
[2024-01-14T00:39:56.304+0200] {processor.py:183} INFO - Processing /Library/Frameworks/Python.framework/Versions/3.10/lib/python3.10/site-packages/airflow/example_dags/example_bash_operator.py took 0.213 seconds
[2024-01-14T00:45:09.574+0200] {processor.py:161} INFO - Started process (PID=46924) to work on /Library/Frameworks/Python.framework/Versions/3.10/lib/python3.10/site-packages/airflow/example_dags/example_bash_operator.py
[2024-01-14T00:45:09.581+0200] {processor.py:830} INFO - Processing file /Library/Frameworks/Python.framework/Versions/3.10/lib/python3.10/site-packages/airflow/example_dags/example_bash_operator.py for tasks to queue
[2024-01-14T00:45:09.581+0200] {logging_mixin.py:188} INFO - [2024-01-14T00:45:09.581+0200] {dagbag.py:538} INFO - Filling up the DagBag from /Library/Frameworks/Python.framework/Versions/3.10/lib/python3.10/site-packages/airflow/example_dags/example_bash_operator.py
[2024-01-14T00:45:09.655+0200] {processor.py:840} INFO - DAG(s) 'example_bash_operator' retrieved from /Library/Frameworks/Python.framework/Versions/3.10/lib/python3.10/site-packages/airflow/example_dags/example_bash_operator.py
[2024-01-14T00:45:09.796+0200] {logging_mixin.py:188} INFO - [2024-01-14T00:45:09.796+0200] {dag.py:3033} INFO - Sync 1 DAGs
[2024-01-14T00:45:09.815+0200] {logging_mixin.py:188} INFO - [2024-01-14T00:45:09.815+0200] {dag.py:3820} INFO - Setting next_dagrun for example_bash_operator to 2024-01-12T00:00:00+00:00, run_after=2024-01-13T00:00:00+00:00
[2024-01-14T00:45:09.835+0200] {processor.py:183} INFO - Processing /Library/Frameworks/Python.framework/Versions/3.10/lib/python3.10/site-packages/airflow/example_dags/example_bash_operator.py took 0.262 seconds
[2024-01-14T00:50:30.586+0200] {processor.py:161} INFO - Started process (PID=47192) to work on /Library/Frameworks/Python.framework/Versions/3.10/lib/python3.10/site-packages/airflow/example_dags/example_bash_operator.py
[2024-01-14T00:50:30.591+0200] {processor.py:830} INFO - Processing file /Library/Frameworks/Python.framework/Versions/3.10/lib/python3.10/site-packages/airflow/example_dags/example_bash_operator.py for tasks to queue
[2024-01-14T00:50:30.591+0200] {logging_mixin.py:188} INFO - [2024-01-14T00:50:30.591+0200] {dagbag.py:538} INFO - Filling up the DagBag from /Library/Frameworks/Python.framework/Versions/3.10/lib/python3.10/site-packages/airflow/example_dags/example_bash_operator.py
[2024-01-14T00:50:30.649+0200] {processor.py:840} INFO - DAG(s) 'example_bash_operator' retrieved from /Library/Frameworks/Python.framework/Versions/3.10/lib/python3.10/site-packages/airflow/example_dags/example_bash_operator.py
[2024-01-14T00:50:30.752+0200] {logging_mixin.py:188} INFO - [2024-01-14T00:50:30.752+0200] {dag.py:3033} INFO - Sync 1 DAGs
[2024-01-14T00:50:30.767+0200] {logging_mixin.py:188} INFO - [2024-01-14T00:50:30.767+0200] {dag.py:3820} INFO - Setting next_dagrun for example_bash_operator to 2024-01-12T00:00:00+00:00, run_after=2024-01-13T00:00:00+00:00
[2024-01-14T00:50:30.786+0200] {processor.py:183} INFO - Processing /Library/Frameworks/Python.framework/Versions/3.10/lib/python3.10/site-packages/airflow/example_dags/example_bash_operator.py took 0.201 seconds
