[2024-01-13T10:07:46.246+0200] {processor.py:161} INFO - Started process (PID=21813) to work on /Library/Frameworks/Python.framework/Versions/3.10/lib/python3.10/site-packages/airflow/example_dags/example_branch_datetime_operator.py
[2024-01-13T10:07:46.251+0200] {processor.py:830} INFO - Processing file /Library/Frameworks/Python.framework/Versions/3.10/lib/python3.10/site-packages/airflow/example_dags/example_branch_datetime_operator.py for tasks to queue
[2024-01-13T10:07:46.251+0200] {logging_mixin.py:188} INFO - [2024-01-13T10:07:46.251+0200] {dagbag.py:538} INFO - Filling up the DagBag from /Library/Frameworks/Python.framework/Versions/3.10/lib/python3.10/site-packages/airflow/example_dags/example_branch_datetime_operator.py
[2024-01-13T10:07:46.268+0200] {processor.py:840} INFO - DAG(s) 'example_branch_datetime_operator_2', 'example_branch_datetime_operator_3', 'example_branch_datetime_operator' retrieved from /Library/Frameworks/Python.framework/Versions/3.10/lib/python3.10/site-packages/airflow/example_dags/example_branch_datetime_operator.py
[2024-01-13T10:07:46.421+0200] {logging_mixin.py:188} INFO - [2024-01-13T10:07:46.420+0200] {dag.py:3033} INFO - Sync 3 DAGs
[2024-01-13T10:07:46.437+0200] {logging_mixin.py:188} INFO - [2024-01-13T10:07:46.437+0200] {dag.py:3820} INFO - Setting next_dagrun for example_branch_datetime_operator to 2024-01-12T00:00:00+00:00, run_after=2024-01-13T00:00:00+00:00
[2024-01-13T10:07:46.441+0200] {logging_mixin.py:188} INFO - [2024-01-13T10:07:46.440+0200] {dag.py:3820} INFO - Setting next_dagrun for example_branch_datetime_operator_2 to 2024-01-12T00:00:00+00:00, run_after=2024-01-13T00:00:00+00:00
[2024-01-13T10:07:46.442+0200] {logging_mixin.py:188} INFO - [2024-01-13T10:07:46.442+0200] {dag.py:3820} INFO - Setting next_dagrun for example_branch_datetime_operator_3 to 2024-01-12T00:00:00+00:00, run_after=2024-01-13T00:00:00+00:00
[2024-01-13T10:07:46.460+0200] {processor.py:183} INFO - Processing /Library/Frameworks/Python.framework/Versions/3.10/lib/python3.10/site-packages/airflow/example_dags/example_branch_datetime_operator.py took 0.215 seconds
[2024-01-13T10:11:53.311+0200] {processor.py:161} INFO - Started process (PID=22133) to work on /Library/Frameworks/Python.framework/Versions/3.10/lib/python3.10/site-packages/airflow/example_dags/example_branch_datetime_operator.py
[2024-01-13T10:11:53.318+0200] {processor.py:830} INFO - Processing file /Library/Frameworks/Python.framework/Versions/3.10/lib/python3.10/site-packages/airflow/example_dags/example_branch_datetime_operator.py for tasks to queue
[2024-01-13T10:11:53.319+0200] {logging_mixin.py:188} INFO - [2024-01-13T10:11:53.319+0200] {dagbag.py:538} INFO - Filling up the DagBag from /Library/Frameworks/Python.framework/Versions/3.10/lib/python3.10/site-packages/airflow/example_dags/example_branch_datetime_operator.py
[2024-01-13T10:11:53.338+0200] {processor.py:840} INFO - DAG(s) 'example_branch_datetime_operator', 'example_branch_datetime_operator_2', 'example_branch_datetime_operator_3' retrieved from /Library/Frameworks/Python.framework/Versions/3.10/lib/python3.10/site-packages/airflow/example_dags/example_branch_datetime_operator.py
[2024-01-13T10:11:53.525+0200] {logging_mixin.py:188} INFO - [2024-01-13T10:11:53.524+0200] {dag.py:3033} INFO - Sync 3 DAGs
[2024-01-13T10:11:53.546+0200] {logging_mixin.py:188} INFO - [2024-01-13T10:11:53.546+0200] {dag.py:3820} INFO - Setting next_dagrun for example_branch_datetime_operator to 2024-01-12T00:00:00+00:00, run_after=2024-01-13T00:00:00+00:00
[2024-01-13T10:11:53.551+0200] {logging_mixin.py:188} INFO - [2024-01-13T10:11:53.551+0200] {dag.py:3820} INFO - Setting next_dagrun for example_branch_datetime_operator_2 to 2024-01-12T00:00:00+00:00, run_after=2024-01-13T00:00:00+00:00
[2024-01-13T10:11:53.553+0200] {logging_mixin.py:188} INFO - [2024-01-13T10:11:53.553+0200] {dag.py:3820} INFO - Setting next_dagrun for example_branch_datetime_operator_3 to 2024-01-12T00:00:00+00:00, run_after=2024-01-13T00:00:00+00:00
[2024-01-13T10:11:53.577+0200] {processor.py:183} INFO - Processing /Library/Frameworks/Python.framework/Versions/3.10/lib/python3.10/site-packages/airflow/example_dags/example_branch_datetime_operator.py took 0.269 seconds
[2024-01-13T10:16:10.430+0200] {processor.py:161} INFO - Started process (PID=23268) to work on /Library/Frameworks/Python.framework/Versions/3.10/lib/python3.10/site-packages/airflow/example_dags/example_branch_datetime_operator.py
[2024-01-13T10:16:10.435+0200] {processor.py:830} INFO - Processing file /Library/Frameworks/Python.framework/Versions/3.10/lib/python3.10/site-packages/airflow/example_dags/example_branch_datetime_operator.py for tasks to queue
[2024-01-13T10:16:10.435+0200] {logging_mixin.py:188} INFO - [2024-01-13T10:16:10.435+0200] {dagbag.py:538} INFO - Filling up the DagBag from /Library/Frameworks/Python.framework/Versions/3.10/lib/python3.10/site-packages/airflow/example_dags/example_branch_datetime_operator.py
[2024-01-13T10:16:10.454+0200] {processor.py:840} INFO - DAG(s) 'example_branch_datetime_operator_2', 'example_branch_datetime_operator', 'example_branch_datetime_operator_3' retrieved from /Library/Frameworks/Python.framework/Versions/3.10/lib/python3.10/site-packages/airflow/example_dags/example_branch_datetime_operator.py
[2024-01-13T10:16:10.608+0200] {logging_mixin.py:188} INFO - [2024-01-13T10:16:10.607+0200] {dag.py:3033} INFO - Sync 3 DAGs
[2024-01-13T10:16:10.625+0200] {logging_mixin.py:188} INFO - [2024-01-13T10:16:10.624+0200] {dag.py:3820} INFO - Setting next_dagrun for example_branch_datetime_operator to 2024-01-12T00:00:00+00:00, run_after=2024-01-13T00:00:00+00:00
[2024-01-13T10:16:10.628+0200] {logging_mixin.py:188} INFO - [2024-01-13T10:16:10.628+0200] {dag.py:3820} INFO - Setting next_dagrun for example_branch_datetime_operator_2 to 2024-01-12T00:00:00+00:00, run_after=2024-01-13T00:00:00+00:00
[2024-01-13T10:16:10.630+0200] {logging_mixin.py:188} INFO - [2024-01-13T10:16:10.630+0200] {dag.py:3820} INFO - Setting next_dagrun for example_branch_datetime_operator_3 to 2024-01-12T00:00:00+00:00, run_after=2024-01-13T00:00:00+00:00
[2024-01-13T10:16:10.648+0200] {processor.py:183} INFO - Processing /Library/Frameworks/Python.framework/Versions/3.10/lib/python3.10/site-packages/airflow/example_dags/example_branch_datetime_operator.py took 0.219 seconds
[2024-01-13T10:20:07.307+0200] {processor.py:161} INFO - Started process (PID=23462) to work on /Library/Frameworks/Python.framework/Versions/3.10/lib/python3.10/site-packages/airflow/example_dags/example_branch_datetime_operator.py
[2024-01-13T10:20:07.312+0200] {processor.py:830} INFO - Processing file /Library/Frameworks/Python.framework/Versions/3.10/lib/python3.10/site-packages/airflow/example_dags/example_branch_datetime_operator.py for tasks to queue
[2024-01-13T10:20:07.313+0200] {logging_mixin.py:188} INFO - [2024-01-13T10:20:07.312+0200] {dagbag.py:538} INFO - Filling up the DagBag from /Library/Frameworks/Python.framework/Versions/3.10/lib/python3.10/site-packages/airflow/example_dags/example_branch_datetime_operator.py
[2024-01-13T10:20:07.329+0200] {processor.py:840} INFO - DAG(s) 'example_branch_datetime_operator', 'example_branch_datetime_operator_2', 'example_branch_datetime_operator_3' retrieved from /Library/Frameworks/Python.framework/Versions/3.10/lib/python3.10/site-packages/airflow/example_dags/example_branch_datetime_operator.py
[2024-01-13T10:20:07.478+0200] {logging_mixin.py:188} INFO - [2024-01-13T10:20:07.478+0200] {dag.py:3033} INFO - Sync 3 DAGs
[2024-01-13T10:20:07.494+0200] {logging_mixin.py:188} INFO - [2024-01-13T10:20:07.493+0200] {dag.py:3820} INFO - Setting next_dagrun for example_branch_datetime_operator to 2024-01-12T00:00:00+00:00, run_after=2024-01-13T00:00:00+00:00
[2024-01-13T10:20:07.497+0200] {logging_mixin.py:188} INFO - [2024-01-13T10:20:07.497+0200] {dag.py:3820} INFO - Setting next_dagrun for example_branch_datetime_operator_2 to 2024-01-12T00:00:00+00:00, run_after=2024-01-13T00:00:00+00:00
[2024-01-13T10:20:07.499+0200] {logging_mixin.py:188} INFO - [2024-01-13T10:20:07.499+0200] {dag.py:3820} INFO - Setting next_dagrun for example_branch_datetime_operator_3 to 2024-01-12T00:00:00+00:00, run_after=2024-01-13T00:00:00+00:00
[2024-01-13T10:20:07.515+0200] {processor.py:183} INFO - Processing /Library/Frameworks/Python.framework/Versions/3.10/lib/python3.10/site-packages/airflow/example_dags/example_branch_datetime_operator.py took 0.210 seconds
[2024-01-13T10:23:59.756+0200] {processor.py:161} INFO - Started process (PID=23615) to work on /Library/Frameworks/Python.framework/Versions/3.10/lib/python3.10/site-packages/airflow/example_dags/example_branch_datetime_operator.py
[2024-01-13T10:23:59.760+0200] {processor.py:830} INFO - Processing file /Library/Frameworks/Python.framework/Versions/3.10/lib/python3.10/site-packages/airflow/example_dags/example_branch_datetime_operator.py for tasks to queue
[2024-01-13T10:23:59.761+0200] {logging_mixin.py:188} INFO - [2024-01-13T10:23:59.761+0200] {dagbag.py:538} INFO - Filling up the DagBag from /Library/Frameworks/Python.framework/Versions/3.10/lib/python3.10/site-packages/airflow/example_dags/example_branch_datetime_operator.py
[2024-01-13T10:23:59.781+0200] {processor.py:840} INFO - DAG(s) 'example_branch_datetime_operator_3', 'example_branch_datetime_operator_2', 'example_branch_datetime_operator' retrieved from /Library/Frameworks/Python.framework/Versions/3.10/lib/python3.10/site-packages/airflow/example_dags/example_branch_datetime_operator.py
[2024-01-13T10:23:59.926+0200] {logging_mixin.py:188} INFO - [2024-01-13T10:23:59.926+0200] {dag.py:3033} INFO - Sync 3 DAGs
[2024-01-13T10:23:59.942+0200] {logging_mixin.py:188} INFO - [2024-01-13T10:23:59.942+0200] {dag.py:3820} INFO - Setting next_dagrun for example_branch_datetime_operator to 2024-01-12T00:00:00+00:00, run_after=2024-01-13T00:00:00+00:00
[2024-01-13T10:23:59.945+0200] {logging_mixin.py:188} INFO - [2024-01-13T10:23:59.945+0200] {dag.py:3820} INFO - Setting next_dagrun for example_branch_datetime_operator_2 to 2024-01-12T00:00:00+00:00, run_after=2024-01-13T00:00:00+00:00
[2024-01-13T10:23:59.947+0200] {logging_mixin.py:188} INFO - [2024-01-13T10:23:59.947+0200] {dag.py:3820} INFO - Setting next_dagrun for example_branch_datetime_operator_3 to 2024-01-12T00:00:00+00:00, run_after=2024-01-13T00:00:00+00:00
[2024-01-13T10:23:59.961+0200] {processor.py:183} INFO - Processing /Library/Frameworks/Python.framework/Versions/3.10/lib/python3.10/site-packages/airflow/example_dags/example_branch_datetime_operator.py took 0.207 seconds
[2024-01-13T10:27:53.587+0200] {processor.py:161} INFO - Started process (PID=23867) to work on /Library/Frameworks/Python.framework/Versions/3.10/lib/python3.10/site-packages/airflow/example_dags/example_branch_datetime_operator.py
[2024-01-13T10:27:53.591+0200] {processor.py:830} INFO - Processing file /Library/Frameworks/Python.framework/Versions/3.10/lib/python3.10/site-packages/airflow/example_dags/example_branch_datetime_operator.py for tasks to queue
[2024-01-13T10:27:53.592+0200] {logging_mixin.py:188} INFO - [2024-01-13T10:27:53.592+0200] {dagbag.py:538} INFO - Filling up the DagBag from /Library/Frameworks/Python.framework/Versions/3.10/lib/python3.10/site-packages/airflow/example_dags/example_branch_datetime_operator.py
[2024-01-13T10:27:53.607+0200] {processor.py:840} INFO - DAG(s) 'example_branch_datetime_operator', 'example_branch_datetime_operator_2', 'example_branch_datetime_operator_3' retrieved from /Library/Frameworks/Python.framework/Versions/3.10/lib/python3.10/site-packages/airflow/example_dags/example_branch_datetime_operator.py
[2024-01-13T10:27:53.755+0200] {logging_mixin.py:188} INFO - [2024-01-13T10:27:53.755+0200] {dag.py:3033} INFO - Sync 3 DAGs
[2024-01-13T10:27:53.771+0200] {logging_mixin.py:188} INFO - [2024-01-13T10:27:53.771+0200] {dag.py:3820} INFO - Setting next_dagrun for example_branch_datetime_operator to 2024-01-12T00:00:00+00:00, run_after=2024-01-13T00:00:00+00:00
[2024-01-13T10:27:53.775+0200] {logging_mixin.py:188} INFO - [2024-01-13T10:27:53.775+0200] {dag.py:3820} INFO - Setting next_dagrun for example_branch_datetime_operator_2 to 2024-01-12T00:00:00+00:00, run_after=2024-01-13T00:00:00+00:00
[2024-01-13T10:27:53.776+0200] {logging_mixin.py:188} INFO - [2024-01-13T10:27:53.776+0200] {dag.py:3820} INFO - Setting next_dagrun for example_branch_datetime_operator_3 to 2024-01-12T00:00:00+00:00, run_after=2024-01-13T00:00:00+00:00
[2024-01-13T10:27:53.793+0200] {processor.py:183} INFO - Processing /Library/Frameworks/Python.framework/Versions/3.10/lib/python3.10/site-packages/airflow/example_dags/example_branch_datetime_operator.py took 0.208 seconds
[2024-01-13T10:31:49.560+0200] {processor.py:161} INFO - Started process (PID=24057) to work on /Library/Frameworks/Python.framework/Versions/3.10/lib/python3.10/site-packages/airflow/example_dags/example_branch_datetime_operator.py
[2024-01-13T10:31:49.564+0200] {processor.py:830} INFO - Processing file /Library/Frameworks/Python.framework/Versions/3.10/lib/python3.10/site-packages/airflow/example_dags/example_branch_datetime_operator.py for tasks to queue
[2024-01-13T10:31:49.564+0200] {logging_mixin.py:188} INFO - [2024-01-13T10:31:49.564+0200] {dagbag.py:538} INFO - Filling up the DagBag from /Library/Frameworks/Python.framework/Versions/3.10/lib/python3.10/site-packages/airflow/example_dags/example_branch_datetime_operator.py
[2024-01-13T10:31:49.582+0200] {processor.py:840} INFO - DAG(s) 'example_branch_datetime_operator', 'example_branch_datetime_operator_3', 'example_branch_datetime_operator_2' retrieved from /Library/Frameworks/Python.framework/Versions/3.10/lib/python3.10/site-packages/airflow/example_dags/example_branch_datetime_operator.py
[2024-01-13T10:31:49.724+0200] {logging_mixin.py:188} INFO - [2024-01-13T10:31:49.724+0200] {dag.py:3033} INFO - Sync 3 DAGs
[2024-01-13T10:31:49.741+0200] {logging_mixin.py:188} INFO - [2024-01-13T10:31:49.741+0200] {dag.py:3820} INFO - Setting next_dagrun for example_branch_datetime_operator to 2024-01-12T00:00:00+00:00, run_after=2024-01-13T00:00:00+00:00
[2024-01-13T10:31:49.744+0200] {logging_mixin.py:188} INFO - [2024-01-13T10:31:49.744+0200] {dag.py:3820} INFO - Setting next_dagrun for example_branch_datetime_operator_2 to 2024-01-12T00:00:00+00:00, run_after=2024-01-13T00:00:00+00:00
[2024-01-13T10:31:49.746+0200] {logging_mixin.py:188} INFO - [2024-01-13T10:31:49.746+0200] {dag.py:3820} INFO - Setting next_dagrun for example_branch_datetime_operator_3 to 2024-01-12T00:00:00+00:00, run_after=2024-01-13T00:00:00+00:00
[2024-01-13T10:31:49.760+0200] {processor.py:183} INFO - Processing /Library/Frameworks/Python.framework/Versions/3.10/lib/python3.10/site-packages/airflow/example_dags/example_branch_datetime_operator.py took 0.202 seconds
[2024-01-13T10:35:40.380+0200] {processor.py:161} INFO - Started process (PID=24327) to work on /Library/Frameworks/Python.framework/Versions/3.10/lib/python3.10/site-packages/airflow/example_dags/example_branch_datetime_operator.py
[2024-01-13T10:35:40.385+0200] {processor.py:830} INFO - Processing file /Library/Frameworks/Python.framework/Versions/3.10/lib/python3.10/site-packages/airflow/example_dags/example_branch_datetime_operator.py for tasks to queue
[2024-01-13T10:35:40.386+0200] {logging_mixin.py:188} INFO - [2024-01-13T10:35:40.385+0200] {dagbag.py:538} INFO - Filling up the DagBag from /Library/Frameworks/Python.framework/Versions/3.10/lib/python3.10/site-packages/airflow/example_dags/example_branch_datetime_operator.py
[2024-01-13T10:35:40.402+0200] {processor.py:840} INFO - DAG(s) 'example_branch_datetime_operator_2', 'example_branch_datetime_operator', 'example_branch_datetime_operator_3' retrieved from /Library/Frameworks/Python.framework/Versions/3.10/lib/python3.10/site-packages/airflow/example_dags/example_branch_datetime_operator.py
[2024-01-13T10:35:40.546+0200] {logging_mixin.py:188} INFO - [2024-01-13T10:35:40.545+0200] {dag.py:3033} INFO - Sync 3 DAGs
[2024-01-13T10:35:40.561+0200] {logging_mixin.py:188} INFO - [2024-01-13T10:35:40.561+0200] {dag.py:3820} INFO - Setting next_dagrun for example_branch_datetime_operator to 2024-01-12T00:00:00+00:00, run_after=2024-01-13T00:00:00+00:00
[2024-01-13T10:35:40.564+0200] {logging_mixin.py:188} INFO - [2024-01-13T10:35:40.564+0200] {dag.py:3820} INFO - Setting next_dagrun for example_branch_datetime_operator_2 to 2024-01-12T00:00:00+00:00, run_after=2024-01-13T00:00:00+00:00
[2024-01-13T10:35:40.566+0200] {logging_mixin.py:188} INFO - [2024-01-13T10:35:40.566+0200] {dag.py:3820} INFO - Setting next_dagrun for example_branch_datetime_operator_3 to 2024-01-12T00:00:00+00:00, run_after=2024-01-13T00:00:00+00:00
[2024-01-13T10:35:40.582+0200] {processor.py:183} INFO - Processing /Library/Frameworks/Python.framework/Versions/3.10/lib/python3.10/site-packages/airflow/example_dags/example_branch_datetime_operator.py took 0.204 seconds
[2024-01-13T10:39:36.423+0200] {processor.py:161} INFO - Started process (PID=24597) to work on /Library/Frameworks/Python.framework/Versions/3.10/lib/python3.10/site-packages/airflow/example_dags/example_branch_datetime_operator.py
[2024-01-13T10:39:36.428+0200] {processor.py:830} INFO - Processing file /Library/Frameworks/Python.framework/Versions/3.10/lib/python3.10/site-packages/airflow/example_dags/example_branch_datetime_operator.py for tasks to queue
[2024-01-13T10:39:36.428+0200] {logging_mixin.py:188} INFO - [2024-01-13T10:39:36.428+0200] {dagbag.py:538} INFO - Filling up the DagBag from /Library/Frameworks/Python.framework/Versions/3.10/lib/python3.10/site-packages/airflow/example_dags/example_branch_datetime_operator.py
[2024-01-13T10:39:36.444+0200] {processor.py:840} INFO - DAG(s) 'example_branch_datetime_operator_2', 'example_branch_datetime_operator', 'example_branch_datetime_operator_3' retrieved from /Library/Frameworks/Python.framework/Versions/3.10/lib/python3.10/site-packages/airflow/example_dags/example_branch_datetime_operator.py
[2024-01-13T10:39:36.586+0200] {logging_mixin.py:188} INFO - [2024-01-13T10:39:36.585+0200] {dag.py:3033} INFO - Sync 3 DAGs
[2024-01-13T10:39:36.601+0200] {logging_mixin.py:188} INFO - [2024-01-13T10:39:36.601+0200] {dag.py:3820} INFO - Setting next_dagrun for example_branch_datetime_operator to 2024-01-12T00:00:00+00:00, run_after=2024-01-13T00:00:00+00:00
[2024-01-13T10:39:36.605+0200] {logging_mixin.py:188} INFO - [2024-01-13T10:39:36.605+0200] {dag.py:3820} INFO - Setting next_dagrun for example_branch_datetime_operator_2 to 2024-01-12T00:00:00+00:00, run_after=2024-01-13T00:00:00+00:00
[2024-01-13T10:39:36.607+0200] {logging_mixin.py:188} INFO - [2024-01-13T10:39:36.607+0200] {dag.py:3820} INFO - Setting next_dagrun for example_branch_datetime_operator_3 to 2024-01-12T00:00:00+00:00, run_after=2024-01-13T00:00:00+00:00
[2024-01-13T10:39:36.624+0200] {processor.py:183} INFO - Processing /Library/Frameworks/Python.framework/Versions/3.10/lib/python3.10/site-packages/airflow/example_dags/example_branch_datetime_operator.py took 0.202 seconds
[2024-01-13T10:43:31.190+0200] {processor.py:161} INFO - Started process (PID=24771) to work on /Library/Frameworks/Python.framework/Versions/3.10/lib/python3.10/site-packages/airflow/example_dags/example_branch_datetime_operator.py
[2024-01-13T10:43:31.195+0200] {processor.py:830} INFO - Processing file /Library/Frameworks/Python.framework/Versions/3.10/lib/python3.10/site-packages/airflow/example_dags/example_branch_datetime_operator.py for tasks to queue
[2024-01-13T10:43:31.196+0200] {logging_mixin.py:188} INFO - [2024-01-13T10:43:31.196+0200] {dagbag.py:538} INFO - Filling up the DagBag from /Library/Frameworks/Python.framework/Versions/3.10/lib/python3.10/site-packages/airflow/example_dags/example_branch_datetime_operator.py
[2024-01-13T10:43:31.212+0200] {processor.py:840} INFO - DAG(s) 'example_branch_datetime_operator_3', 'example_branch_datetime_operator', 'example_branch_datetime_operator_2' retrieved from /Library/Frameworks/Python.framework/Versions/3.10/lib/python3.10/site-packages/airflow/example_dags/example_branch_datetime_operator.py
[2024-01-13T10:43:31.360+0200] {logging_mixin.py:188} INFO - [2024-01-13T10:43:31.360+0200] {dag.py:3033} INFO - Sync 3 DAGs
[2024-01-13T10:43:31.376+0200] {logging_mixin.py:188} INFO - [2024-01-13T10:43:31.376+0200] {dag.py:3820} INFO - Setting next_dagrun for example_branch_datetime_operator to 2024-01-12T00:00:00+00:00, run_after=2024-01-13T00:00:00+00:00
[2024-01-13T10:43:31.380+0200] {logging_mixin.py:188} INFO - [2024-01-13T10:43:31.379+0200] {dag.py:3820} INFO - Setting next_dagrun for example_branch_datetime_operator_2 to 2024-01-12T00:00:00+00:00, run_after=2024-01-13T00:00:00+00:00
[2024-01-13T10:43:31.382+0200] {logging_mixin.py:188} INFO - [2024-01-13T10:43:31.381+0200] {dag.py:3820} INFO - Setting next_dagrun for example_branch_datetime_operator_3 to 2024-01-12T00:00:00+00:00, run_after=2024-01-13T00:00:00+00:00
[2024-01-13T10:43:31.398+0200] {processor.py:183} INFO - Processing /Library/Frameworks/Python.framework/Versions/3.10/lib/python3.10/site-packages/airflow/example_dags/example_branch_datetime_operator.py took 0.210 seconds
[2024-01-13T10:47:22.126+0200] {processor.py:161} INFO - Started process (PID=25009) to work on /Library/Frameworks/Python.framework/Versions/3.10/lib/python3.10/site-packages/airflow/example_dags/example_branch_datetime_operator.py
[2024-01-13T10:47:22.131+0200] {processor.py:830} INFO - Processing file /Library/Frameworks/Python.framework/Versions/3.10/lib/python3.10/site-packages/airflow/example_dags/example_branch_datetime_operator.py for tasks to queue
[2024-01-13T10:47:22.131+0200] {logging_mixin.py:188} INFO - [2024-01-13T10:47:22.131+0200] {dagbag.py:538} INFO - Filling up the DagBag from /Library/Frameworks/Python.framework/Versions/3.10/lib/python3.10/site-packages/airflow/example_dags/example_branch_datetime_operator.py
[2024-01-13T10:47:22.149+0200] {processor.py:840} INFO - DAG(s) 'example_branch_datetime_operator', 'example_branch_datetime_operator_2', 'example_branch_datetime_operator_3' retrieved from /Library/Frameworks/Python.framework/Versions/3.10/lib/python3.10/site-packages/airflow/example_dags/example_branch_datetime_operator.py
[2024-01-13T10:47:22.293+0200] {logging_mixin.py:188} INFO - [2024-01-13T10:47:22.292+0200] {dag.py:3033} INFO - Sync 3 DAGs
[2024-01-13T10:47:22.308+0200] {logging_mixin.py:188} INFO - [2024-01-13T10:47:22.308+0200] {dag.py:3820} INFO - Setting next_dagrun for example_branch_datetime_operator to 2024-01-12T00:00:00+00:00, run_after=2024-01-13T00:00:00+00:00
[2024-01-13T10:47:22.311+0200] {logging_mixin.py:188} INFO - [2024-01-13T10:47:22.311+0200] {dag.py:3820} INFO - Setting next_dagrun for example_branch_datetime_operator_2 to 2024-01-12T00:00:00+00:00, run_after=2024-01-13T00:00:00+00:00
[2024-01-13T10:47:22.313+0200] {logging_mixin.py:188} INFO - [2024-01-13T10:47:22.313+0200] {dag.py:3820} INFO - Setting next_dagrun for example_branch_datetime_operator_3 to 2024-01-12T00:00:00+00:00, run_after=2024-01-13T00:00:00+00:00
[2024-01-13T10:47:22.328+0200] {processor.py:183} INFO - Processing /Library/Frameworks/Python.framework/Versions/3.10/lib/python3.10/site-packages/airflow/example_dags/example_branch_datetime_operator.py took 0.204 seconds
[2024-01-13T10:51:02.056+0200] {processor.py:161} INFO - Started process (PID=25257) to work on /Library/Frameworks/Python.framework/Versions/3.10/lib/python3.10/site-packages/airflow/example_dags/example_branch_datetime_operator.py
[2024-01-13T10:51:02.060+0200] {processor.py:830} INFO - Processing file /Library/Frameworks/Python.framework/Versions/3.10/lib/python3.10/site-packages/airflow/example_dags/example_branch_datetime_operator.py for tasks to queue
[2024-01-13T10:51:02.060+0200] {logging_mixin.py:188} INFO - [2024-01-13T10:51:02.060+0200] {dagbag.py:538} INFO - Filling up the DagBag from /Library/Frameworks/Python.framework/Versions/3.10/lib/python3.10/site-packages/airflow/example_dags/example_branch_datetime_operator.py
[2024-01-13T10:51:02.074+0200] {processor.py:840} INFO - DAG(s) 'example_branch_datetime_operator', 'example_branch_datetime_operator_2', 'example_branch_datetime_operator_3' retrieved from /Library/Frameworks/Python.framework/Versions/3.10/lib/python3.10/site-packages/airflow/example_dags/example_branch_datetime_operator.py
[2024-01-13T10:51:02.213+0200] {logging_mixin.py:188} INFO - [2024-01-13T10:51:02.213+0200] {dag.py:3033} INFO - Sync 3 DAGs
[2024-01-13T10:51:02.228+0200] {logging_mixin.py:188} INFO - [2024-01-13T10:51:02.228+0200] {dag.py:3820} INFO - Setting next_dagrun for example_branch_datetime_operator to 2024-01-12T00:00:00+00:00, run_after=2024-01-13T00:00:00+00:00
[2024-01-13T10:51:02.232+0200] {logging_mixin.py:188} INFO - [2024-01-13T10:51:02.232+0200] {dag.py:3820} INFO - Setting next_dagrun for example_branch_datetime_operator_2 to 2024-01-12T00:00:00+00:00, run_after=2024-01-13T00:00:00+00:00
[2024-01-13T10:51:02.234+0200] {logging_mixin.py:188} INFO - [2024-01-13T10:51:02.234+0200] {dag.py:3820} INFO - Setting next_dagrun for example_branch_datetime_operator_3 to 2024-01-12T00:00:00+00:00, run_after=2024-01-13T00:00:00+00:00
[2024-01-13T10:51:02.249+0200] {processor.py:183} INFO - Processing /Library/Frameworks/Python.framework/Versions/3.10/lib/python3.10/site-packages/airflow/example_dags/example_branch_datetime_operator.py took 0.195 seconds
[2024-01-13T10:54:46.945+0200] {processor.py:161} INFO - Started process (PID=25434) to work on /Library/Frameworks/Python.framework/Versions/3.10/lib/python3.10/site-packages/airflow/example_dags/example_branch_datetime_operator.py
[2024-01-13T10:54:46.950+0200] {processor.py:830} INFO - Processing file /Library/Frameworks/Python.framework/Versions/3.10/lib/python3.10/site-packages/airflow/example_dags/example_branch_datetime_operator.py for tasks to queue
[2024-01-13T10:54:46.951+0200] {logging_mixin.py:188} INFO - [2024-01-13T10:54:46.951+0200] {dagbag.py:538} INFO - Filling up the DagBag from /Library/Frameworks/Python.framework/Versions/3.10/lib/python3.10/site-packages/airflow/example_dags/example_branch_datetime_operator.py
[2024-01-13T10:54:46.968+0200] {processor.py:840} INFO - DAG(s) 'example_branch_datetime_operator_3', 'example_branch_datetime_operator_2', 'example_branch_datetime_operator' retrieved from /Library/Frameworks/Python.framework/Versions/3.10/lib/python3.10/site-packages/airflow/example_dags/example_branch_datetime_operator.py
[2024-01-13T10:54:47.112+0200] {logging_mixin.py:188} INFO - [2024-01-13T10:54:47.112+0200] {dag.py:3033} INFO - Sync 3 DAGs
[2024-01-13T10:54:47.127+0200] {logging_mixin.py:188} INFO - [2024-01-13T10:54:47.127+0200] {dag.py:3820} INFO - Setting next_dagrun for example_branch_datetime_operator to 2024-01-12T00:00:00+00:00, run_after=2024-01-13T00:00:00+00:00
[2024-01-13T10:54:47.131+0200] {logging_mixin.py:188} INFO - [2024-01-13T10:54:47.130+0200] {dag.py:3820} INFO - Setting next_dagrun for example_branch_datetime_operator_2 to 2024-01-12T00:00:00+00:00, run_after=2024-01-13T00:00:00+00:00
[2024-01-13T10:54:47.132+0200] {logging_mixin.py:188} INFO - [2024-01-13T10:54:47.132+0200] {dag.py:3820} INFO - Setting next_dagrun for example_branch_datetime_operator_3 to 2024-01-12T00:00:00+00:00, run_after=2024-01-13T00:00:00+00:00
[2024-01-13T10:54:47.149+0200] {processor.py:183} INFO - Processing /Library/Frameworks/Python.framework/Versions/3.10/lib/python3.10/site-packages/airflow/example_dags/example_branch_datetime_operator.py took 0.205 seconds
[2024-01-13T10:58:47.352+0200] {processor.py:161} INFO - Started process (PID=25707) to work on /Library/Frameworks/Python.framework/Versions/3.10/lib/python3.10/site-packages/airflow/example_dags/example_branch_datetime_operator.py
[2024-01-13T10:58:47.356+0200] {processor.py:830} INFO - Processing file /Library/Frameworks/Python.framework/Versions/3.10/lib/python3.10/site-packages/airflow/example_dags/example_branch_datetime_operator.py for tasks to queue
[2024-01-13T10:58:47.357+0200] {logging_mixin.py:188} INFO - [2024-01-13T10:58:47.357+0200] {dagbag.py:538} INFO - Filling up the DagBag from /Library/Frameworks/Python.framework/Versions/3.10/lib/python3.10/site-packages/airflow/example_dags/example_branch_datetime_operator.py
[2024-01-13T10:58:47.374+0200] {processor.py:840} INFO - DAG(s) 'example_branch_datetime_operator_2', 'example_branch_datetime_operator_3', 'example_branch_datetime_operator' retrieved from /Library/Frameworks/Python.framework/Versions/3.10/lib/python3.10/site-packages/airflow/example_dags/example_branch_datetime_operator.py
[2024-01-13T10:58:47.523+0200] {logging_mixin.py:188} INFO - [2024-01-13T10:58:47.523+0200] {dag.py:3033} INFO - Sync 3 DAGs
[2024-01-13T10:58:47.539+0200] {logging_mixin.py:188} INFO - [2024-01-13T10:58:47.539+0200] {dag.py:3820} INFO - Setting next_dagrun for example_branch_datetime_operator to 2024-01-12T00:00:00+00:00, run_after=2024-01-13T00:00:00+00:00
[2024-01-13T10:58:47.542+0200] {logging_mixin.py:188} INFO - [2024-01-13T10:58:47.542+0200] {dag.py:3820} INFO - Setting next_dagrun for example_branch_datetime_operator_2 to 2024-01-12T00:00:00+00:00, run_after=2024-01-13T00:00:00+00:00
[2024-01-13T10:58:47.544+0200] {logging_mixin.py:188} INFO - [2024-01-13T10:58:47.544+0200] {dag.py:3820} INFO - Setting next_dagrun for example_branch_datetime_operator_3 to 2024-01-12T00:00:00+00:00, run_after=2024-01-13T00:00:00+00:00
[2024-01-13T10:58:47.560+0200] {processor.py:183} INFO - Processing /Library/Frameworks/Python.framework/Versions/3.10/lib/python3.10/site-packages/airflow/example_dags/example_branch_datetime_operator.py took 0.209 seconds
[2024-01-13T11:02:40.073+0200] {processor.py:161} INFO - Started process (PID=25851) to work on /Library/Frameworks/Python.framework/Versions/3.10/lib/python3.10/site-packages/airflow/example_dags/example_branch_datetime_operator.py
[2024-01-13T11:02:40.076+0200] {processor.py:830} INFO - Processing file /Library/Frameworks/Python.framework/Versions/3.10/lib/python3.10/site-packages/airflow/example_dags/example_branch_datetime_operator.py for tasks to queue
[2024-01-13T11:02:40.077+0200] {logging_mixin.py:188} INFO - [2024-01-13T11:02:40.077+0200] {dagbag.py:538} INFO - Filling up the DagBag from /Library/Frameworks/Python.framework/Versions/3.10/lib/python3.10/site-packages/airflow/example_dags/example_branch_datetime_operator.py
[2024-01-13T11:02:40.091+0200] {processor.py:840} INFO - DAG(s) 'example_branch_datetime_operator_2', 'example_branch_datetime_operator', 'example_branch_datetime_operator_3' retrieved from /Library/Frameworks/Python.framework/Versions/3.10/lib/python3.10/site-packages/airflow/example_dags/example_branch_datetime_operator.py
[2024-01-13T11:02:40.230+0200] {logging_mixin.py:188} INFO - [2024-01-13T11:02:40.230+0200] {dag.py:3033} INFO - Sync 3 DAGs
[2024-01-13T11:02:40.245+0200] {logging_mixin.py:188} INFO - [2024-01-13T11:02:40.245+0200] {dag.py:3820} INFO - Setting next_dagrun for example_branch_datetime_operator to 2024-01-12T00:00:00+00:00, run_after=2024-01-13T00:00:00+00:00
[2024-01-13T11:02:40.248+0200] {logging_mixin.py:188} INFO - [2024-01-13T11:02:40.248+0200] {dag.py:3820} INFO - Setting next_dagrun for example_branch_datetime_operator_2 to 2024-01-12T00:00:00+00:00, run_after=2024-01-13T00:00:00+00:00
[2024-01-13T11:02:40.250+0200] {logging_mixin.py:188} INFO - [2024-01-13T11:02:40.250+0200] {dag.py:3820} INFO - Setting next_dagrun for example_branch_datetime_operator_3 to 2024-01-12T00:00:00+00:00, run_after=2024-01-13T00:00:00+00:00
[2024-01-13T11:02:40.266+0200] {processor.py:183} INFO - Processing /Library/Frameworks/Python.framework/Versions/3.10/lib/python3.10/site-packages/airflow/example_dags/example_branch_datetime_operator.py took 0.194 seconds
[2024-01-13T11:06:26.602+0200] {processor.py:161} INFO - Started process (PID=26110) to work on /Library/Frameworks/Python.framework/Versions/3.10/lib/python3.10/site-packages/airflow/example_dags/example_branch_datetime_operator.py
[2024-01-13T11:06:26.607+0200] {processor.py:830} INFO - Processing file /Library/Frameworks/Python.framework/Versions/3.10/lib/python3.10/site-packages/airflow/example_dags/example_branch_datetime_operator.py for tasks to queue
[2024-01-13T11:06:26.608+0200] {logging_mixin.py:188} INFO - [2024-01-13T11:06:26.608+0200] {dagbag.py:538} INFO - Filling up the DagBag from /Library/Frameworks/Python.framework/Versions/3.10/lib/python3.10/site-packages/airflow/example_dags/example_branch_datetime_operator.py
[2024-01-13T11:06:26.627+0200] {processor.py:840} INFO - DAG(s) 'example_branch_datetime_operator_3', 'example_branch_datetime_operator', 'example_branch_datetime_operator_2' retrieved from /Library/Frameworks/Python.framework/Versions/3.10/lib/python3.10/site-packages/airflow/example_dags/example_branch_datetime_operator.py
[2024-01-13T11:06:26.784+0200] {logging_mixin.py:188} INFO - [2024-01-13T11:06:26.784+0200] {dag.py:3033} INFO - Sync 3 DAGs
[2024-01-13T11:06:26.802+0200] {logging_mixin.py:188} INFO - [2024-01-13T11:06:26.802+0200] {dag.py:3820} INFO - Setting next_dagrun for example_branch_datetime_operator to 2024-01-12T00:00:00+00:00, run_after=2024-01-13T00:00:00+00:00
[2024-01-13T11:06:26.807+0200] {logging_mixin.py:188} INFO - [2024-01-13T11:06:26.807+0200] {dag.py:3820} INFO - Setting next_dagrun for example_branch_datetime_operator_2 to 2024-01-12T00:00:00+00:00, run_after=2024-01-13T00:00:00+00:00
[2024-01-13T11:06:26.809+0200] {logging_mixin.py:188} INFO - [2024-01-13T11:06:26.809+0200] {dag.py:3820} INFO - Setting next_dagrun for example_branch_datetime_operator_3 to 2024-01-12T00:00:00+00:00, run_after=2024-01-13T00:00:00+00:00
[2024-01-13T11:06:26.827+0200] {processor.py:183} INFO - Processing /Library/Frameworks/Python.framework/Versions/3.10/lib/python3.10/site-packages/airflow/example_dags/example_branch_datetime_operator.py took 0.227 seconds
[2024-01-13T11:10:29.826+0200] {processor.py:161} INFO - Started process (PID=26288) to work on /Library/Frameworks/Python.framework/Versions/3.10/lib/python3.10/site-packages/airflow/example_dags/example_branch_datetime_operator.py
[2024-01-13T11:10:29.831+0200] {processor.py:830} INFO - Processing file /Library/Frameworks/Python.framework/Versions/3.10/lib/python3.10/site-packages/airflow/example_dags/example_branch_datetime_operator.py for tasks to queue
[2024-01-13T11:10:29.832+0200] {logging_mixin.py:188} INFO - [2024-01-13T11:10:29.832+0200] {dagbag.py:538} INFO - Filling up the DagBag from /Library/Frameworks/Python.framework/Versions/3.10/lib/python3.10/site-packages/airflow/example_dags/example_branch_datetime_operator.py
[2024-01-13T11:10:29.848+0200] {processor.py:840} INFO - DAG(s) 'example_branch_datetime_operator_2', 'example_branch_datetime_operator', 'example_branch_datetime_operator_3' retrieved from /Library/Frameworks/Python.framework/Versions/3.10/lib/python3.10/site-packages/airflow/example_dags/example_branch_datetime_operator.py
[2024-01-13T11:10:29.993+0200] {logging_mixin.py:188} INFO - [2024-01-13T11:10:29.993+0200] {dag.py:3033} INFO - Sync 3 DAGs
[2024-01-13T11:10:30.009+0200] {logging_mixin.py:188} INFO - [2024-01-13T11:10:30.009+0200] {dag.py:3820} INFO - Setting next_dagrun for example_branch_datetime_operator to 2024-01-12T00:00:00+00:00, run_after=2024-01-13T00:00:00+00:00
[2024-01-13T11:10:30.012+0200] {logging_mixin.py:188} INFO - [2024-01-13T11:10:30.012+0200] {dag.py:3820} INFO - Setting next_dagrun for example_branch_datetime_operator_2 to 2024-01-12T00:00:00+00:00, run_after=2024-01-13T00:00:00+00:00
[2024-01-13T11:10:30.014+0200] {logging_mixin.py:188} INFO - [2024-01-13T11:10:30.014+0200] {dag.py:3820} INFO - Setting next_dagrun for example_branch_datetime_operator_3 to 2024-01-12T00:00:00+00:00, run_after=2024-01-13T00:00:00+00:00
[2024-01-13T11:10:30.030+0200] {processor.py:183} INFO - Processing /Library/Frameworks/Python.framework/Versions/3.10/lib/python3.10/site-packages/airflow/example_dags/example_branch_datetime_operator.py took 0.206 seconds
[2024-01-13T11:14:18.507+0200] {processor.py:161} INFO - Started process (PID=26549) to work on /Library/Frameworks/Python.framework/Versions/3.10/lib/python3.10/site-packages/airflow/example_dags/example_branch_datetime_operator.py
[2024-01-13T11:14:18.511+0200] {processor.py:830} INFO - Processing file /Library/Frameworks/Python.framework/Versions/3.10/lib/python3.10/site-packages/airflow/example_dags/example_branch_datetime_operator.py for tasks to queue
[2024-01-13T11:14:18.512+0200] {logging_mixin.py:188} INFO - [2024-01-13T11:14:18.512+0200] {dagbag.py:538} INFO - Filling up the DagBag from /Library/Frameworks/Python.framework/Versions/3.10/lib/python3.10/site-packages/airflow/example_dags/example_branch_datetime_operator.py
[2024-01-13T11:14:18.528+0200] {processor.py:840} INFO - DAG(s) 'example_branch_datetime_operator', 'example_branch_datetime_operator_2', 'example_branch_datetime_operator_3' retrieved from /Library/Frameworks/Python.framework/Versions/3.10/lib/python3.10/site-packages/airflow/example_dags/example_branch_datetime_operator.py
[2024-01-13T11:14:18.673+0200] {logging_mixin.py:188} INFO - [2024-01-13T11:14:18.673+0200] {dag.py:3033} INFO - Sync 3 DAGs
[2024-01-13T11:14:18.689+0200] {logging_mixin.py:188} INFO - [2024-01-13T11:14:18.689+0200] {dag.py:3820} INFO - Setting next_dagrun for example_branch_datetime_operator to 2024-01-12T00:00:00+00:00, run_after=2024-01-13T00:00:00+00:00
[2024-01-13T11:14:18.692+0200] {logging_mixin.py:188} INFO - [2024-01-13T11:14:18.692+0200] {dag.py:3820} INFO - Setting next_dagrun for example_branch_datetime_operator_2 to 2024-01-12T00:00:00+00:00, run_after=2024-01-13T00:00:00+00:00
[2024-01-13T11:14:18.694+0200] {logging_mixin.py:188} INFO - [2024-01-13T11:14:18.694+0200] {dag.py:3820} INFO - Setting next_dagrun for example_branch_datetime_operator_3 to 2024-01-12T00:00:00+00:00, run_after=2024-01-13T00:00:00+00:00
[2024-01-13T11:14:18.709+0200] {processor.py:183} INFO - Processing /Library/Frameworks/Python.framework/Versions/3.10/lib/python3.10/site-packages/airflow/example_dags/example_branch_datetime_operator.py took 0.204 seconds
[2024-01-13T11:18:14.532+0200] {processor.py:161} INFO - Started process (PID=26726) to work on /Library/Frameworks/Python.framework/Versions/3.10/lib/python3.10/site-packages/airflow/example_dags/example_branch_datetime_operator.py
[2024-01-13T11:18:14.537+0200] {processor.py:830} INFO - Processing file /Library/Frameworks/Python.framework/Versions/3.10/lib/python3.10/site-packages/airflow/example_dags/example_branch_datetime_operator.py for tasks to queue
[2024-01-13T11:18:14.538+0200] {logging_mixin.py:188} INFO - [2024-01-13T11:18:14.538+0200] {dagbag.py:538} INFO - Filling up the DagBag from /Library/Frameworks/Python.framework/Versions/3.10/lib/python3.10/site-packages/airflow/example_dags/example_branch_datetime_operator.py
[2024-01-13T11:18:14.556+0200] {processor.py:840} INFO - DAG(s) 'example_branch_datetime_operator', 'example_branch_datetime_operator_2', 'example_branch_datetime_operator_3' retrieved from /Library/Frameworks/Python.framework/Versions/3.10/lib/python3.10/site-packages/airflow/example_dags/example_branch_datetime_operator.py
[2024-01-13T11:18:14.708+0200] {logging_mixin.py:188} INFO - [2024-01-13T11:18:14.708+0200] {dag.py:3033} INFO - Sync 3 DAGs
[2024-01-13T11:18:14.724+0200] {logging_mixin.py:188} INFO - [2024-01-13T11:18:14.724+0200] {dag.py:3820} INFO - Setting next_dagrun for example_branch_datetime_operator to 2024-01-12T00:00:00+00:00, run_after=2024-01-13T00:00:00+00:00
[2024-01-13T11:18:14.728+0200] {logging_mixin.py:188} INFO - [2024-01-13T11:18:14.728+0200] {dag.py:3820} INFO - Setting next_dagrun for example_branch_datetime_operator_2 to 2024-01-12T00:00:00+00:00, run_after=2024-01-13T00:00:00+00:00
[2024-01-13T11:18:14.730+0200] {logging_mixin.py:188} INFO - [2024-01-13T11:18:14.730+0200] {dag.py:3820} INFO - Setting next_dagrun for example_branch_datetime_operator_3 to 2024-01-12T00:00:00+00:00, run_after=2024-01-13T00:00:00+00:00
[2024-01-13T11:18:14.746+0200] {processor.py:183} INFO - Processing /Library/Frameworks/Python.framework/Versions/3.10/lib/python3.10/site-packages/airflow/example_dags/example_branch_datetime_operator.py took 0.215 seconds
[2024-01-13T11:22:10.187+0200] {processor.py:161} INFO - Started process (PID=27030) to work on /Library/Frameworks/Python.framework/Versions/3.10/lib/python3.10/site-packages/airflow/example_dags/example_branch_datetime_operator.py
[2024-01-13T11:22:10.191+0200] {processor.py:830} INFO - Processing file /Library/Frameworks/Python.framework/Versions/3.10/lib/python3.10/site-packages/airflow/example_dags/example_branch_datetime_operator.py for tasks to queue
[2024-01-13T11:22:10.192+0200] {logging_mixin.py:188} INFO - [2024-01-13T11:22:10.192+0200] {dagbag.py:538} INFO - Filling up the DagBag from /Library/Frameworks/Python.framework/Versions/3.10/lib/python3.10/site-packages/airflow/example_dags/example_branch_datetime_operator.py
[2024-01-13T11:22:10.209+0200] {processor.py:840} INFO - DAG(s) 'example_branch_datetime_operator_3', 'example_branch_datetime_operator', 'example_branch_datetime_operator_2' retrieved from /Library/Frameworks/Python.framework/Versions/3.10/lib/python3.10/site-packages/airflow/example_dags/example_branch_datetime_operator.py
[2024-01-13T11:22:10.351+0200] {logging_mixin.py:188} INFO - [2024-01-13T11:22:10.351+0200] {dag.py:3033} INFO - Sync 3 DAGs
[2024-01-13T11:22:10.366+0200] {logging_mixin.py:188} INFO - [2024-01-13T11:22:10.366+0200] {dag.py:3820} INFO - Setting next_dagrun for example_branch_datetime_operator to 2024-01-12T00:00:00+00:00, run_after=2024-01-13T00:00:00+00:00
[2024-01-13T11:22:10.370+0200] {logging_mixin.py:188} INFO - [2024-01-13T11:22:10.370+0200] {dag.py:3820} INFO - Setting next_dagrun for example_branch_datetime_operator_2 to 2024-01-12T00:00:00+00:00, run_after=2024-01-13T00:00:00+00:00
[2024-01-13T11:22:10.371+0200] {logging_mixin.py:188} INFO - [2024-01-13T11:22:10.371+0200] {dag.py:3820} INFO - Setting next_dagrun for example_branch_datetime_operator_3 to 2024-01-12T00:00:00+00:00, run_after=2024-01-13T00:00:00+00:00
[2024-01-13T11:22:10.388+0200] {processor.py:183} INFO - Processing /Library/Frameworks/Python.framework/Versions/3.10/lib/python3.10/site-packages/airflow/example_dags/example_branch_datetime_operator.py took 0.203 seconds
[2024-01-13T11:26:03.175+0200] {processor.py:161} INFO - Started process (PID=27281) to work on /Library/Frameworks/Python.framework/Versions/3.10/lib/python3.10/site-packages/airflow/example_dags/example_branch_datetime_operator.py
[2024-01-13T11:26:03.181+0200] {processor.py:830} INFO - Processing file /Library/Frameworks/Python.framework/Versions/3.10/lib/python3.10/site-packages/airflow/example_dags/example_branch_datetime_operator.py for tasks to queue
[2024-01-13T11:26:03.181+0200] {logging_mixin.py:188} INFO - [2024-01-13T11:26:03.181+0200] {dagbag.py:538} INFO - Filling up the DagBag from /Library/Frameworks/Python.framework/Versions/3.10/lib/python3.10/site-packages/airflow/example_dags/example_branch_datetime_operator.py
[2024-01-13T11:26:03.199+0200] {processor.py:840} INFO - DAG(s) 'example_branch_datetime_operator_3', 'example_branch_datetime_operator_2', 'example_branch_datetime_operator' retrieved from /Library/Frameworks/Python.framework/Versions/3.10/lib/python3.10/site-packages/airflow/example_dags/example_branch_datetime_operator.py
[2024-01-13T11:26:03.340+0200] {logging_mixin.py:188} INFO - [2024-01-13T11:26:03.339+0200] {dag.py:3033} INFO - Sync 3 DAGs
[2024-01-13T11:26:03.355+0200] {logging_mixin.py:188} INFO - [2024-01-13T11:26:03.354+0200] {dag.py:3820} INFO - Setting next_dagrun for example_branch_datetime_operator to 2024-01-12T00:00:00+00:00, run_after=2024-01-13T00:00:00+00:00
[2024-01-13T11:26:03.358+0200] {logging_mixin.py:188} INFO - [2024-01-13T11:26:03.358+0200] {dag.py:3820} INFO - Setting next_dagrun for example_branch_datetime_operator_2 to 2024-01-12T00:00:00+00:00, run_after=2024-01-13T00:00:00+00:00
[2024-01-13T11:26:03.360+0200] {logging_mixin.py:188} INFO - [2024-01-13T11:26:03.360+0200] {dag.py:3820} INFO - Setting next_dagrun for example_branch_datetime_operator_3 to 2024-01-12T00:00:00+00:00, run_after=2024-01-13T00:00:00+00:00
[2024-01-13T11:26:03.376+0200] {processor.py:183} INFO - Processing /Library/Frameworks/Python.framework/Versions/3.10/lib/python3.10/site-packages/airflow/example_dags/example_branch_datetime_operator.py took 0.202 seconds
[2024-01-13T11:29:54.281+0200] {processor.py:161} INFO - Started process (PID=27453) to work on /Library/Frameworks/Python.framework/Versions/3.10/lib/python3.10/site-packages/airflow/example_dags/example_branch_datetime_operator.py
[2024-01-13T11:29:54.285+0200] {processor.py:830} INFO - Processing file /Library/Frameworks/Python.framework/Versions/3.10/lib/python3.10/site-packages/airflow/example_dags/example_branch_datetime_operator.py for tasks to queue
[2024-01-13T11:29:54.286+0200] {logging_mixin.py:188} INFO - [2024-01-13T11:29:54.286+0200] {dagbag.py:538} INFO - Filling up the DagBag from /Library/Frameworks/Python.framework/Versions/3.10/lib/python3.10/site-packages/airflow/example_dags/example_branch_datetime_operator.py
[2024-01-13T11:29:54.303+0200] {processor.py:840} INFO - DAG(s) 'example_branch_datetime_operator_2', 'example_branch_datetime_operator_3', 'example_branch_datetime_operator' retrieved from /Library/Frameworks/Python.framework/Versions/3.10/lib/python3.10/site-packages/airflow/example_dags/example_branch_datetime_operator.py
[2024-01-13T11:29:54.448+0200] {logging_mixin.py:188} INFO - [2024-01-13T11:29:54.448+0200] {dag.py:3033} INFO - Sync 3 DAGs
[2024-01-13T11:29:54.463+0200] {logging_mixin.py:188} INFO - [2024-01-13T11:29:54.463+0200] {dag.py:3820} INFO - Setting next_dagrun for example_branch_datetime_operator to 2024-01-12T00:00:00+00:00, run_after=2024-01-13T00:00:00+00:00
[2024-01-13T11:29:54.467+0200] {logging_mixin.py:188} INFO - [2024-01-13T11:29:54.467+0200] {dag.py:3820} INFO - Setting next_dagrun for example_branch_datetime_operator_2 to 2024-01-12T00:00:00+00:00, run_after=2024-01-13T00:00:00+00:00
[2024-01-13T11:29:54.468+0200] {logging_mixin.py:188} INFO - [2024-01-13T11:29:54.468+0200] {dag.py:3820} INFO - Setting next_dagrun for example_branch_datetime_operator_3 to 2024-01-12T00:00:00+00:00, run_after=2024-01-13T00:00:00+00:00
[2024-01-13T11:29:54.483+0200] {processor.py:183} INFO - Processing /Library/Frameworks/Python.framework/Versions/3.10/lib/python3.10/site-packages/airflow/example_dags/example_branch_datetime_operator.py took 0.204 seconds
[2024-01-13T11:33:47.894+0200] {processor.py:161} INFO - Started process (PID=27706) to work on /Library/Frameworks/Python.framework/Versions/3.10/lib/python3.10/site-packages/airflow/example_dags/example_branch_datetime_operator.py
[2024-01-13T11:33:47.899+0200] {processor.py:830} INFO - Processing file /Library/Frameworks/Python.framework/Versions/3.10/lib/python3.10/site-packages/airflow/example_dags/example_branch_datetime_operator.py for tasks to queue
[2024-01-13T11:33:47.899+0200] {logging_mixin.py:188} INFO - [2024-01-13T11:33:47.899+0200] {dagbag.py:538} INFO - Filling up the DagBag from /Library/Frameworks/Python.framework/Versions/3.10/lib/python3.10/site-packages/airflow/example_dags/example_branch_datetime_operator.py
[2024-01-13T11:33:47.916+0200] {processor.py:840} INFO - DAG(s) 'example_branch_datetime_operator_3', 'example_branch_datetime_operator_2', 'example_branch_datetime_operator' retrieved from /Library/Frameworks/Python.framework/Versions/3.10/lib/python3.10/site-packages/airflow/example_dags/example_branch_datetime_operator.py
[2024-01-13T11:33:48.068+0200] {logging_mixin.py:188} INFO - [2024-01-13T11:33:48.067+0200] {dag.py:3033} INFO - Sync 3 DAGs
[2024-01-13T11:33:48.084+0200] {logging_mixin.py:188} INFO - [2024-01-13T11:33:48.084+0200] {dag.py:3820} INFO - Setting next_dagrun for example_branch_datetime_operator to 2024-01-12T00:00:00+00:00, run_after=2024-01-13T00:00:00+00:00
[2024-01-13T11:33:48.087+0200] {logging_mixin.py:188} INFO - [2024-01-13T11:33:48.087+0200] {dag.py:3820} INFO - Setting next_dagrun for example_branch_datetime_operator_2 to 2024-01-12T00:00:00+00:00, run_after=2024-01-13T00:00:00+00:00
[2024-01-13T11:33:48.089+0200] {logging_mixin.py:188} INFO - [2024-01-13T11:33:48.089+0200] {dag.py:3820} INFO - Setting next_dagrun for example_branch_datetime_operator_3 to 2024-01-12T00:00:00+00:00, run_after=2024-01-13T00:00:00+00:00
[2024-01-13T11:33:48.104+0200] {processor.py:183} INFO - Processing /Library/Frameworks/Python.framework/Versions/3.10/lib/python3.10/site-packages/airflow/example_dags/example_branch_datetime_operator.py took 0.212 seconds
[2024-01-13T11:37:57.925+0200] {processor.py:161} INFO - Started process (PID=29242) to work on /Library/Frameworks/Python.framework/Versions/3.10/lib/python3.10/site-packages/airflow/example_dags/example_branch_datetime_operator.py
[2024-01-13T11:37:57.930+0200] {processor.py:830} INFO - Processing file /Library/Frameworks/Python.framework/Versions/3.10/lib/python3.10/site-packages/airflow/example_dags/example_branch_datetime_operator.py for tasks to queue
[2024-01-13T11:37:57.931+0200] {logging_mixin.py:188} INFO - [2024-01-13T11:37:57.931+0200] {dagbag.py:538} INFO - Filling up the DagBag from /Library/Frameworks/Python.framework/Versions/3.10/lib/python3.10/site-packages/airflow/example_dags/example_branch_datetime_operator.py
[2024-01-13T11:37:57.948+0200] {processor.py:840} INFO - DAG(s) 'example_branch_datetime_operator', 'example_branch_datetime_operator_3', 'example_branch_datetime_operator_2' retrieved from /Library/Frameworks/Python.framework/Versions/3.10/lib/python3.10/site-packages/airflow/example_dags/example_branch_datetime_operator.py
[2024-01-13T11:37:58.085+0200] {logging_mixin.py:188} INFO - [2024-01-13T11:37:58.085+0200] {dag.py:3033} INFO - Sync 3 DAGs
[2024-01-13T11:37:58.103+0200] {logging_mixin.py:188} INFO - [2024-01-13T11:37:58.103+0200] {dag.py:3820} INFO - Setting next_dagrun for example_branch_datetime_operator to 2024-01-12T00:00:00+00:00, run_after=2024-01-13T00:00:00+00:00
[2024-01-13T11:37:58.106+0200] {logging_mixin.py:188} INFO - [2024-01-13T11:37:58.106+0200] {dag.py:3820} INFO - Setting next_dagrun for example_branch_datetime_operator_2 to 2024-01-12T00:00:00+00:00, run_after=2024-01-13T00:00:00+00:00
[2024-01-13T11:37:58.108+0200] {logging_mixin.py:188} INFO - [2024-01-13T11:37:58.108+0200] {dag.py:3820} INFO - Setting next_dagrun for example_branch_datetime_operator_3 to 2024-01-12T00:00:00+00:00, run_after=2024-01-13T00:00:00+00:00
[2024-01-13T11:37:58.124+0200] {processor.py:183} INFO - Processing /Library/Frameworks/Python.framework/Versions/3.10/lib/python3.10/site-packages/airflow/example_dags/example_branch_datetime_operator.py took 0.200 seconds
[2024-01-13T11:42:59.033+0200] {processor.py:161} INFO - Started process (PID=29680) to work on /Library/Frameworks/Python.framework/Versions/3.10/lib/python3.10/site-packages/airflow/example_dags/example_branch_datetime_operator.py
[2024-01-13T11:42:59.038+0200] {processor.py:830} INFO - Processing file /Library/Frameworks/Python.framework/Versions/3.10/lib/python3.10/site-packages/airflow/example_dags/example_branch_datetime_operator.py for tasks to queue
[2024-01-13T11:42:59.039+0200] {logging_mixin.py:188} INFO - [2024-01-13T11:42:59.039+0200] {dagbag.py:538} INFO - Filling up the DagBag from /Library/Frameworks/Python.framework/Versions/3.10/lib/python3.10/site-packages/airflow/example_dags/example_branch_datetime_operator.py
[2024-01-13T11:42:59.058+0200] {processor.py:840} INFO - DAG(s) 'example_branch_datetime_operator_2', 'example_branch_datetime_operator_3', 'example_branch_datetime_operator' retrieved from /Library/Frameworks/Python.framework/Versions/3.10/lib/python3.10/site-packages/airflow/example_dags/example_branch_datetime_operator.py
[2024-01-13T11:42:59.371+0200] {logging_mixin.py:188} INFO - [2024-01-13T11:42:59.371+0200] {dag.py:3033} INFO - Sync 3 DAGs
[2024-01-13T11:42:59.393+0200] {logging_mixin.py:188} INFO - [2024-01-13T11:42:59.393+0200] {dag.py:3820} INFO - Setting next_dagrun for example_branch_datetime_operator to 2024-01-12T00:00:00+00:00, run_after=2024-01-13T00:00:00+00:00
[2024-01-13T11:42:59.398+0200] {logging_mixin.py:188} INFO - [2024-01-13T11:42:59.398+0200] {dag.py:3820} INFO - Setting next_dagrun for example_branch_datetime_operator_2 to 2024-01-12T00:00:00+00:00, run_after=2024-01-13T00:00:00+00:00
[2024-01-13T11:42:59.400+0200] {logging_mixin.py:188} INFO - [2024-01-13T11:42:59.400+0200] {dag.py:3820} INFO - Setting next_dagrun for example_branch_datetime_operator_3 to 2024-01-12T00:00:00+00:00, run_after=2024-01-13T00:00:00+00:00
[2024-01-13T11:42:59.419+0200] {processor.py:183} INFO - Processing /Library/Frameworks/Python.framework/Versions/3.10/lib/python3.10/site-packages/airflow/example_dags/example_branch_datetime_operator.py took 0.388 seconds
[2024-01-13T11:48:16.138+0200] {processor.py:161} INFO - Started process (PID=30113) to work on /Library/Frameworks/Python.framework/Versions/3.10/lib/python3.10/site-packages/airflow/example_dags/example_branch_datetime_operator.py
[2024-01-13T11:48:16.143+0200] {processor.py:830} INFO - Processing file /Library/Frameworks/Python.framework/Versions/3.10/lib/python3.10/site-packages/airflow/example_dags/example_branch_datetime_operator.py for tasks to queue
[2024-01-13T11:48:16.144+0200] {logging_mixin.py:188} INFO - [2024-01-13T11:48:16.144+0200] {dagbag.py:538} INFO - Filling up the DagBag from /Library/Frameworks/Python.framework/Versions/3.10/lib/python3.10/site-packages/airflow/example_dags/example_branch_datetime_operator.py
[2024-01-13T11:48:16.166+0200] {processor.py:840} INFO - DAG(s) 'example_branch_datetime_operator_3', 'example_branch_datetime_operator_2', 'example_branch_datetime_operator' retrieved from /Library/Frameworks/Python.framework/Versions/3.10/lib/python3.10/site-packages/airflow/example_dags/example_branch_datetime_operator.py
[2024-01-13T11:48:16.336+0200] {logging_mixin.py:188} INFO - [2024-01-13T11:48:16.336+0200] {dag.py:3033} INFO - Sync 3 DAGs
[2024-01-13T11:48:16.357+0200] {logging_mixin.py:188} INFO - [2024-01-13T11:48:16.357+0200] {dag.py:3820} INFO - Setting next_dagrun for example_branch_datetime_operator to 2024-01-12T00:00:00+00:00, run_after=2024-01-13T00:00:00+00:00
[2024-01-13T11:48:16.364+0200] {logging_mixin.py:188} INFO - [2024-01-13T11:48:16.364+0200] {dag.py:3820} INFO - Setting next_dagrun for example_branch_datetime_operator_2 to 2024-01-12T00:00:00+00:00, run_after=2024-01-13T00:00:00+00:00
[2024-01-13T11:48:16.367+0200] {logging_mixin.py:188} INFO - [2024-01-13T11:48:16.366+0200] {dag.py:3820} INFO - Setting next_dagrun for example_branch_datetime_operator_3 to 2024-01-12T00:00:00+00:00, run_after=2024-01-13T00:00:00+00:00
[2024-01-13T11:48:16.386+0200] {processor.py:183} INFO - Processing /Library/Frameworks/Python.framework/Versions/3.10/lib/python3.10/site-packages/airflow/example_dags/example_branch_datetime_operator.py took 0.250 seconds
[2024-01-13T11:55:17.393+0200] {processor.py:161} INFO - Started process (PID=31876) to work on /Library/Frameworks/Python.framework/Versions/3.10/lib/python3.10/site-packages/airflow/example_dags/example_branch_datetime_operator.py
[2024-01-13T11:55:17.399+0200] {processor.py:830} INFO - Processing file /Library/Frameworks/Python.framework/Versions/3.10/lib/python3.10/site-packages/airflow/example_dags/example_branch_datetime_operator.py for tasks to queue
[2024-01-13T11:55:17.399+0200] {logging_mixin.py:188} INFO - [2024-01-13T11:55:17.399+0200] {dagbag.py:538} INFO - Filling up the DagBag from /Library/Frameworks/Python.framework/Versions/3.10/lib/python3.10/site-packages/airflow/example_dags/example_branch_datetime_operator.py
[2024-01-13T11:55:17.420+0200] {processor.py:840} INFO - DAG(s) 'example_branch_datetime_operator_2', 'example_branch_datetime_operator', 'example_branch_datetime_operator_3' retrieved from /Library/Frameworks/Python.framework/Versions/3.10/lib/python3.10/site-packages/airflow/example_dags/example_branch_datetime_operator.py
[2024-01-13T11:55:17.605+0200] {logging_mixin.py:188} INFO - [2024-01-13T11:55:17.605+0200] {dag.py:3033} INFO - Sync 3 DAGs
[2024-01-13T11:55:17.626+0200] {logging_mixin.py:188} INFO - [2024-01-13T11:55:17.625+0200] {dag.py:3820} INFO - Setting next_dagrun for example_branch_datetime_operator to 2024-01-12T00:00:00+00:00, run_after=2024-01-13T00:00:00+00:00
[2024-01-13T11:55:17.631+0200] {logging_mixin.py:188} INFO - [2024-01-13T11:55:17.630+0200] {dag.py:3820} INFO - Setting next_dagrun for example_branch_datetime_operator_2 to 2024-01-12T00:00:00+00:00, run_after=2024-01-13T00:00:00+00:00
[2024-01-13T11:55:17.633+0200] {logging_mixin.py:188} INFO - [2024-01-13T11:55:17.633+0200] {dag.py:3820} INFO - Setting next_dagrun for example_branch_datetime_operator_3 to 2024-01-12T00:00:00+00:00, run_after=2024-01-13T00:00:00+00:00
[2024-01-13T11:55:17.656+0200] {processor.py:183} INFO - Processing /Library/Frameworks/Python.framework/Versions/3.10/lib/python3.10/site-packages/airflow/example_dags/example_branch_datetime_operator.py took 0.265 seconds
[2024-01-13T12:01:45.992+0200] {processor.py:161} INFO - Started process (PID=32151) to work on /Library/Frameworks/Python.framework/Versions/3.10/lib/python3.10/site-packages/airflow/example_dags/example_branch_datetime_operator.py
[2024-01-13T12:01:46.002+0200] {processor.py:830} INFO - Processing file /Library/Frameworks/Python.framework/Versions/3.10/lib/python3.10/site-packages/airflow/example_dags/example_branch_datetime_operator.py for tasks to queue
[2024-01-13T12:01:46.004+0200] {logging_mixin.py:188} INFO - [2024-01-13T12:01:46.003+0200] {dagbag.py:538} INFO - Filling up the DagBag from /Library/Frameworks/Python.framework/Versions/3.10/lib/python3.10/site-packages/airflow/example_dags/example_branch_datetime_operator.py
[2024-01-13T12:01:46.031+0200] {processor.py:840} INFO - DAG(s) 'example_branch_datetime_operator_2', 'example_branch_datetime_operator', 'example_branch_datetime_operator_3' retrieved from /Library/Frameworks/Python.framework/Versions/3.10/lib/python3.10/site-packages/airflow/example_dags/example_branch_datetime_operator.py
[2024-01-13T12:01:46.253+0200] {logging_mixin.py:188} INFO - [2024-01-13T12:01:46.253+0200] {dag.py:3033} INFO - Sync 3 DAGs
[2024-01-13T12:01:46.277+0200] {logging_mixin.py:188} INFO - [2024-01-13T12:01:46.276+0200] {dag.py:3820} INFO - Setting next_dagrun for example_branch_datetime_operator to 2024-01-12T00:00:00+00:00, run_after=2024-01-13T00:00:00+00:00
[2024-01-13T12:01:46.282+0200] {logging_mixin.py:188} INFO - [2024-01-13T12:01:46.282+0200] {dag.py:3820} INFO - Setting next_dagrun for example_branch_datetime_operator_2 to 2024-01-12T00:00:00+00:00, run_after=2024-01-13T00:00:00+00:00
[2024-01-13T12:01:46.286+0200] {logging_mixin.py:188} INFO - [2024-01-13T12:01:46.286+0200] {dag.py:3820} INFO - Setting next_dagrun for example_branch_datetime_operator_3 to 2024-01-12T00:00:00+00:00, run_after=2024-01-13T00:00:00+00:00
[2024-01-13T12:01:46.313+0200] {processor.py:183} INFO - Processing /Library/Frameworks/Python.framework/Versions/3.10/lib/python3.10/site-packages/airflow/example_dags/example_branch_datetime_operator.py took 0.323 seconds
[2024-01-13T12:08:31.350+0200] {processor.py:161} INFO - Started process (PID=34004) to work on /Library/Frameworks/Python.framework/Versions/3.10/lib/python3.10/site-packages/airflow/example_dags/example_branch_datetime_operator.py
[2024-01-13T12:08:31.355+0200] {processor.py:830} INFO - Processing file /Library/Frameworks/Python.framework/Versions/3.10/lib/python3.10/site-packages/airflow/example_dags/example_branch_datetime_operator.py for tasks to queue
[2024-01-13T12:08:31.356+0200] {logging_mixin.py:188} INFO - [2024-01-13T12:08:31.356+0200] {dagbag.py:538} INFO - Filling up the DagBag from /Library/Frameworks/Python.framework/Versions/3.10/lib/python3.10/site-packages/airflow/example_dags/example_branch_datetime_operator.py
[2024-01-13T12:08:31.376+0200] {processor.py:840} INFO - DAG(s) 'example_branch_datetime_operator_2', 'example_branch_datetime_operator', 'example_branch_datetime_operator_3' retrieved from /Library/Frameworks/Python.framework/Versions/3.10/lib/python3.10/site-packages/airflow/example_dags/example_branch_datetime_operator.py
[2024-01-13T12:08:31.528+0200] {logging_mixin.py:188} INFO - [2024-01-13T12:08:31.527+0200] {dag.py:3033} INFO - Sync 3 DAGs
[2024-01-13T12:08:31.546+0200] {logging_mixin.py:188} INFO - [2024-01-13T12:08:31.546+0200] {dag.py:3820} INFO - Setting next_dagrun for example_branch_datetime_operator to 2024-01-12T00:00:00+00:00, run_after=2024-01-13T00:00:00+00:00
[2024-01-13T12:08:31.550+0200] {logging_mixin.py:188} INFO - [2024-01-13T12:08:31.550+0200] {dag.py:3820} INFO - Setting next_dagrun for example_branch_datetime_operator_2 to 2024-01-12T00:00:00+00:00, run_after=2024-01-13T00:00:00+00:00
[2024-01-13T12:08:31.552+0200] {logging_mixin.py:188} INFO - [2024-01-13T12:08:31.552+0200] {dag.py:3820} INFO - Setting next_dagrun for example_branch_datetime_operator_3 to 2024-01-12T00:00:00+00:00, run_after=2024-01-13T00:00:00+00:00
[2024-01-13T12:08:31.572+0200] {processor.py:183} INFO - Processing /Library/Frameworks/Python.framework/Versions/3.10/lib/python3.10/site-packages/airflow/example_dags/example_branch_datetime_operator.py took 0.224 seconds
[2024-01-13T12:13:22.140+0200] {processor.py:161} INFO - Started process (PID=34307) to work on /Library/Frameworks/Python.framework/Versions/3.10/lib/python3.10/site-packages/airflow/example_dags/example_branch_datetime_operator.py
[2024-01-13T12:13:22.147+0200] {processor.py:830} INFO - Processing file /Library/Frameworks/Python.framework/Versions/3.10/lib/python3.10/site-packages/airflow/example_dags/example_branch_datetime_operator.py for tasks to queue
[2024-01-13T12:13:22.148+0200] {logging_mixin.py:188} INFO - [2024-01-13T12:13:22.147+0200] {dagbag.py:538} INFO - Filling up the DagBag from /Library/Frameworks/Python.framework/Versions/3.10/lib/python3.10/site-packages/airflow/example_dags/example_branch_datetime_operator.py
[2024-01-13T12:13:22.170+0200] {processor.py:840} INFO - DAG(s) 'example_branch_datetime_operator_2', 'example_branch_datetime_operator_3', 'example_branch_datetime_operator' retrieved from /Library/Frameworks/Python.framework/Versions/3.10/lib/python3.10/site-packages/airflow/example_dags/example_branch_datetime_operator.py
[2024-01-13T12:13:22.406+0200] {logging_mixin.py:188} INFO - [2024-01-13T12:13:22.406+0200] {dag.py:3033} INFO - Sync 3 DAGs
[2024-01-13T12:13:22.433+0200] {logging_mixin.py:188} INFO - [2024-01-13T12:13:22.433+0200] {dag.py:3820} INFO - Setting next_dagrun for example_branch_datetime_operator to 2024-01-12T00:00:00+00:00, run_after=2024-01-13T00:00:00+00:00
[2024-01-13T12:13:22.444+0200] {logging_mixin.py:188} INFO - [2024-01-13T12:13:22.444+0200] {dag.py:3820} INFO - Setting next_dagrun for example_branch_datetime_operator_2 to 2024-01-12T00:00:00+00:00, run_after=2024-01-13T00:00:00+00:00
[2024-01-13T12:13:22.461+0200] {logging_mixin.py:188} INFO - [2024-01-13T12:13:22.461+0200] {dag.py:3820} INFO - Setting next_dagrun for example_branch_datetime_operator_3 to 2024-01-12T00:00:00+00:00, run_after=2024-01-13T00:00:00+00:00
[2024-01-13T12:13:22.486+0200] {processor.py:183} INFO - Processing /Library/Frameworks/Python.framework/Versions/3.10/lib/python3.10/site-packages/airflow/example_dags/example_branch_datetime_operator.py took 0.348 seconds
[2024-01-13T13:27:33.862+0200] {processor.py:161} INFO - Started process (PID=35419) to work on /Library/Frameworks/Python.framework/Versions/3.10/lib/python3.10/site-packages/airflow/example_dags/example_branch_datetime_operator.py
[2024-01-13T13:27:33.868+0200] {processor.py:830} INFO - Processing file /Library/Frameworks/Python.framework/Versions/3.10/lib/python3.10/site-packages/airflow/example_dags/example_branch_datetime_operator.py for tasks to queue
[2024-01-13T13:27:33.868+0200] {logging_mixin.py:188} INFO - [2024-01-13T13:27:33.868+0200] {dagbag.py:538} INFO - Filling up the DagBag from /Library/Frameworks/Python.framework/Versions/3.10/lib/python3.10/site-packages/airflow/example_dags/example_branch_datetime_operator.py
[2024-01-13T13:27:33.886+0200] {processor.py:840} INFO - DAG(s) 'example_branch_datetime_operator', 'example_branch_datetime_operator_2', 'example_branch_datetime_operator_3' retrieved from /Library/Frameworks/Python.framework/Versions/3.10/lib/python3.10/site-packages/airflow/example_dags/example_branch_datetime_operator.py
[2024-01-13T13:27:34.036+0200] {logging_mixin.py:188} INFO - [2024-01-13T13:27:34.036+0200] {dag.py:3033} INFO - Sync 3 DAGs
[2024-01-13T13:27:34.054+0200] {logging_mixin.py:188} INFO - [2024-01-13T13:27:34.054+0200] {dag.py:3820} INFO - Setting next_dagrun for example_branch_datetime_operator to 2024-01-12T00:00:00+00:00, run_after=2024-01-13T00:00:00+00:00
[2024-01-13T13:27:34.058+0200] {logging_mixin.py:188} INFO - [2024-01-13T13:27:34.058+0200] {dag.py:3820} INFO - Setting next_dagrun for example_branch_datetime_operator_2 to 2024-01-12T00:00:00+00:00, run_after=2024-01-13T00:00:00+00:00
[2024-01-13T13:27:34.060+0200] {logging_mixin.py:188} INFO - [2024-01-13T13:27:34.060+0200] {dag.py:3820} INFO - Setting next_dagrun for example_branch_datetime_operator_3 to 2024-01-12T00:00:00+00:00, run_after=2024-01-13T00:00:00+00:00
[2024-01-13T13:27:34.079+0200] {processor.py:183} INFO - Processing /Library/Frameworks/Python.framework/Versions/3.10/lib/python3.10/site-packages/airflow/example_dags/example_branch_datetime_operator.py took 0.218 seconds
[2024-01-13T13:31:50.885+0200] {processor.py:161} INFO - Started process (PID=35593) to work on /Library/Frameworks/Python.framework/Versions/3.10/lib/python3.10/site-packages/airflow/example_dags/example_branch_datetime_operator.py
[2024-01-13T13:31:50.891+0200] {processor.py:830} INFO - Processing file /Library/Frameworks/Python.framework/Versions/3.10/lib/python3.10/site-packages/airflow/example_dags/example_branch_datetime_operator.py for tasks to queue
[2024-01-13T13:31:50.892+0200] {logging_mixin.py:188} INFO - [2024-01-13T13:31:50.892+0200] {dagbag.py:538} INFO - Filling up the DagBag from /Library/Frameworks/Python.framework/Versions/3.10/lib/python3.10/site-packages/airflow/example_dags/example_branch_datetime_operator.py
[2024-01-13T13:31:50.909+0200] {processor.py:840} INFO - DAG(s) 'example_branch_datetime_operator_3', 'example_branch_datetime_operator_2', 'example_branch_datetime_operator' retrieved from /Library/Frameworks/Python.framework/Versions/3.10/lib/python3.10/site-packages/airflow/example_dags/example_branch_datetime_operator.py
[2024-01-13T13:31:51.050+0200] {logging_mixin.py:188} INFO - [2024-01-13T13:31:51.050+0200] {dag.py:3033} INFO - Sync 3 DAGs
[2024-01-13T13:31:51.067+0200] {logging_mixin.py:188} INFO - [2024-01-13T13:31:51.067+0200] {dag.py:3820} INFO - Setting next_dagrun for example_branch_datetime_operator to 2024-01-12T00:00:00+00:00, run_after=2024-01-13T00:00:00+00:00
[2024-01-13T13:31:51.071+0200] {logging_mixin.py:188} INFO - [2024-01-13T13:31:51.071+0200] {dag.py:3820} INFO - Setting next_dagrun for example_branch_datetime_operator_2 to 2024-01-12T00:00:00+00:00, run_after=2024-01-13T00:00:00+00:00
[2024-01-13T13:31:51.073+0200] {logging_mixin.py:188} INFO - [2024-01-13T13:31:51.073+0200] {dag.py:3820} INFO - Setting next_dagrun for example_branch_datetime_operator_3 to 2024-01-12T00:00:00+00:00, run_after=2024-01-13T00:00:00+00:00
[2024-01-13T13:31:51.090+0200] {processor.py:183} INFO - Processing /Library/Frameworks/Python.framework/Versions/3.10/lib/python3.10/site-packages/airflow/example_dags/example_branch_datetime_operator.py took 0.207 seconds
[2024-01-13T15:18:44.169+0200] {processor.py:161} INFO - Started process (PID=42778) to work on /Library/Frameworks/Python.framework/Versions/3.10/lib/python3.10/site-packages/airflow/example_dags/example_branch_datetime_operator.py
[2024-01-13T15:18:44.174+0200] {processor.py:830} INFO - Processing file /Library/Frameworks/Python.framework/Versions/3.10/lib/python3.10/site-packages/airflow/example_dags/example_branch_datetime_operator.py for tasks to queue
[2024-01-13T15:18:44.175+0200] {logging_mixin.py:188} INFO - [2024-01-13T15:18:44.175+0200] {dagbag.py:538} INFO - Filling up the DagBag from /Library/Frameworks/Python.framework/Versions/3.10/lib/python3.10/site-packages/airflow/example_dags/example_branch_datetime_operator.py
[2024-01-13T15:18:44.192+0200] {processor.py:840} INFO - DAG(s) 'example_branch_datetime_operator_3', 'example_branch_datetime_operator_2', 'example_branch_datetime_operator' retrieved from /Library/Frameworks/Python.framework/Versions/3.10/lib/python3.10/site-packages/airflow/example_dags/example_branch_datetime_operator.py
[2024-01-13T15:18:44.448+0200] {logging_mixin.py:188} INFO - [2024-01-13T15:18:44.448+0200] {dag.py:3033} INFO - Sync 3 DAGs
[2024-01-13T15:18:44.464+0200] {logging_mixin.py:188} INFO - [2024-01-13T15:18:44.464+0200] {dag.py:3820} INFO - Setting next_dagrun for example_branch_datetime_operator to 2024-01-12T00:00:00+00:00, run_after=2024-01-13T00:00:00+00:00
[2024-01-13T15:18:44.467+0200] {logging_mixin.py:188} INFO - [2024-01-13T15:18:44.467+0200] {dag.py:3820} INFO - Setting next_dagrun for example_branch_datetime_operator_2 to 2024-01-12T00:00:00+00:00, run_after=2024-01-13T00:00:00+00:00
[2024-01-13T15:18:44.470+0200] {logging_mixin.py:188} INFO - [2024-01-13T15:18:44.470+0200] {dag.py:3820} INFO - Setting next_dagrun for example_branch_datetime_operator_3 to 2024-01-12T00:00:00+00:00, run_after=2024-01-13T00:00:00+00:00
[2024-01-13T15:18:44.491+0200] {processor.py:183} INFO - Processing /Library/Frameworks/Python.framework/Versions/3.10/lib/python3.10/site-packages/airflow/example_dags/example_branch_datetime_operator.py took 0.324 seconds
[2024-01-13T15:23:29.760+0200] {processor.py:161} INFO - Started process (PID=43009) to work on /Library/Frameworks/Python.framework/Versions/3.10/lib/python3.10/site-packages/airflow/example_dags/example_branch_datetime_operator.py
[2024-01-13T15:23:29.766+0200] {processor.py:830} INFO - Processing file /Library/Frameworks/Python.framework/Versions/3.10/lib/python3.10/site-packages/airflow/example_dags/example_branch_datetime_operator.py for tasks to queue
[2024-01-13T15:23:29.766+0200] {logging_mixin.py:188} INFO - [2024-01-13T15:23:29.766+0200] {dagbag.py:538} INFO - Filling up the DagBag from /Library/Frameworks/Python.framework/Versions/3.10/lib/python3.10/site-packages/airflow/example_dags/example_branch_datetime_operator.py
[2024-01-13T15:23:29.796+0200] {processor.py:840} INFO - DAG(s) 'example_branch_datetime_operator_2', 'example_branch_datetime_operator', 'example_branch_datetime_operator_3' retrieved from /Library/Frameworks/Python.framework/Versions/3.10/lib/python3.10/site-packages/airflow/example_dags/example_branch_datetime_operator.py
[2024-01-13T15:23:30.020+0200] {logging_mixin.py:188} INFO - [2024-01-13T15:23:30.019+0200] {dag.py:3033} INFO - Sync 3 DAGs
[2024-01-13T15:23:30.058+0200] {logging_mixin.py:188} INFO - [2024-01-13T15:23:30.058+0200] {dag.py:3820} INFO - Setting next_dagrun for example_branch_datetime_operator to 2024-01-12T00:00:00+00:00, run_after=2024-01-13T00:00:00+00:00
[2024-01-13T15:23:30.065+0200] {logging_mixin.py:188} INFO - [2024-01-13T15:23:30.065+0200] {dag.py:3820} INFO - Setting next_dagrun for example_branch_datetime_operator_2 to 2024-01-12T00:00:00+00:00, run_after=2024-01-13T00:00:00+00:00
[2024-01-13T15:23:30.067+0200] {logging_mixin.py:188} INFO - [2024-01-13T15:23:30.067+0200] {dag.py:3820} INFO - Setting next_dagrun for example_branch_datetime_operator_3 to 2024-01-12T00:00:00+00:00, run_after=2024-01-13T00:00:00+00:00
[2024-01-13T15:23:30.091+0200] {processor.py:183} INFO - Processing /Library/Frameworks/Python.framework/Versions/3.10/lib/python3.10/site-packages/airflow/example_dags/example_branch_datetime_operator.py took 0.331 seconds
[2024-01-13T15:28:38.326+0200] {processor.py:161} INFO - Started process (PID=43369) to work on /Library/Frameworks/Python.framework/Versions/3.10/lib/python3.10/site-packages/airflow/example_dags/example_branch_datetime_operator.py
[2024-01-13T15:28:38.331+0200] {processor.py:830} INFO - Processing file /Library/Frameworks/Python.framework/Versions/3.10/lib/python3.10/site-packages/airflow/example_dags/example_branch_datetime_operator.py for tasks to queue
[2024-01-13T15:28:38.331+0200] {logging_mixin.py:188} INFO - [2024-01-13T15:28:38.331+0200] {dagbag.py:538} INFO - Filling up the DagBag from /Library/Frameworks/Python.framework/Versions/3.10/lib/python3.10/site-packages/airflow/example_dags/example_branch_datetime_operator.py
[2024-01-13T15:28:38.349+0200] {processor.py:840} INFO - DAG(s) 'example_branch_datetime_operator_3', 'example_branch_datetime_operator_2', 'example_branch_datetime_operator' retrieved from /Library/Frameworks/Python.framework/Versions/3.10/lib/python3.10/site-packages/airflow/example_dags/example_branch_datetime_operator.py
[2024-01-13T15:28:38.499+0200] {logging_mixin.py:188} INFO - [2024-01-13T15:28:38.499+0200] {dag.py:3033} INFO - Sync 3 DAGs
[2024-01-13T15:28:38.517+0200] {logging_mixin.py:188} INFO - [2024-01-13T15:28:38.517+0200] {dag.py:3820} INFO - Setting next_dagrun for example_branch_datetime_operator to 2024-01-12T00:00:00+00:00, run_after=2024-01-13T00:00:00+00:00
[2024-01-13T15:28:38.521+0200] {logging_mixin.py:188} INFO - [2024-01-13T15:28:38.521+0200] {dag.py:3820} INFO - Setting next_dagrun for example_branch_datetime_operator_2 to 2024-01-12T00:00:00+00:00, run_after=2024-01-13T00:00:00+00:00
[2024-01-13T15:28:38.523+0200] {logging_mixin.py:188} INFO - [2024-01-13T15:28:38.523+0200] {dag.py:3820} INFO - Setting next_dagrun for example_branch_datetime_operator_3 to 2024-01-12T00:00:00+00:00, run_after=2024-01-13T00:00:00+00:00
[2024-01-13T15:28:38.540+0200] {processor.py:183} INFO - Processing /Library/Frameworks/Python.framework/Versions/3.10/lib/python3.10/site-packages/airflow/example_dags/example_branch_datetime_operator.py took 0.216 seconds
[2024-01-13T15:41:16.653+0200] {processor.py:161} INFO - Started process (PID=44282) to work on /Library/Frameworks/Python.framework/Versions/3.10/lib/python3.10/site-packages/airflow/example_dags/example_branch_datetime_operator.py
[2024-01-13T15:41:16.658+0200] {processor.py:830} INFO - Processing file /Library/Frameworks/Python.framework/Versions/3.10/lib/python3.10/site-packages/airflow/example_dags/example_branch_datetime_operator.py for tasks to queue
[2024-01-13T15:41:16.659+0200] {logging_mixin.py:188} INFO - [2024-01-13T15:41:16.659+0200] {dagbag.py:538} INFO - Filling up the DagBag from /Library/Frameworks/Python.framework/Versions/3.10/lib/python3.10/site-packages/airflow/example_dags/example_branch_datetime_operator.py
[2024-01-13T15:41:16.674+0200] {processor.py:840} INFO - DAG(s) 'example_branch_datetime_operator_2', 'example_branch_datetime_operator', 'example_branch_datetime_operator_3' retrieved from /Library/Frameworks/Python.framework/Versions/3.10/lib/python3.10/site-packages/airflow/example_dags/example_branch_datetime_operator.py
[2024-01-13T15:41:16.929+0200] {logging_mixin.py:188} INFO - [2024-01-13T15:41:16.929+0200] {dag.py:3033} INFO - Sync 3 DAGs
[2024-01-13T15:41:16.946+0200] {logging_mixin.py:188} INFO - [2024-01-13T15:41:16.945+0200] {dag.py:3820} INFO - Setting next_dagrun for example_branch_datetime_operator to 2024-01-12T00:00:00+00:00, run_after=2024-01-13T00:00:00+00:00
[2024-01-13T15:41:16.949+0200] {logging_mixin.py:188} INFO - [2024-01-13T15:41:16.948+0200] {dag.py:3820} INFO - Setting next_dagrun for example_branch_datetime_operator_2 to 2024-01-12T00:00:00+00:00, run_after=2024-01-13T00:00:00+00:00
[2024-01-13T15:41:16.950+0200] {logging_mixin.py:188} INFO - [2024-01-13T15:41:16.950+0200] {dag.py:3820} INFO - Setting next_dagrun for example_branch_datetime_operator_3 to 2024-01-12T00:00:00+00:00, run_after=2024-01-13T00:00:00+00:00
[2024-01-13T15:41:16.969+0200] {processor.py:183} INFO - Processing /Library/Frameworks/Python.framework/Versions/3.10/lib/python3.10/site-packages/airflow/example_dags/example_branch_datetime_operator.py took 0.318 seconds
[2024-01-14T00:34:47.277+0200] {processor.py:161} INFO - Started process (PID=45811) to work on /Library/Frameworks/Python.framework/Versions/3.10/lib/python3.10/site-packages/airflow/example_dags/example_branch_datetime_operator.py
[2024-01-14T00:34:47.283+0200] {processor.py:830} INFO - Processing file /Library/Frameworks/Python.framework/Versions/3.10/lib/python3.10/site-packages/airflow/example_dags/example_branch_datetime_operator.py for tasks to queue
[2024-01-14T00:34:47.284+0200] {logging_mixin.py:188} INFO - [2024-01-14T00:34:47.283+0200] {dagbag.py:538} INFO - Filling up the DagBag from /Library/Frameworks/Python.framework/Versions/3.10/lib/python3.10/site-packages/airflow/example_dags/example_branch_datetime_operator.py
[2024-01-14T00:34:47.325+0200] {processor.py:840} INFO - DAG(s) 'example_branch_datetime_operator', 'example_branch_datetime_operator_2', 'example_branch_datetime_operator_3' retrieved from /Library/Frameworks/Python.framework/Versions/3.10/lib/python3.10/site-packages/airflow/example_dags/example_branch_datetime_operator.py
[2024-01-14T00:34:47.646+0200] {logging_mixin.py:188} INFO - [2024-01-14T00:34:47.646+0200] {dag.py:3033} INFO - Sync 3 DAGs
[2024-01-14T00:34:47.670+0200] {logging_mixin.py:188} INFO - [2024-01-14T00:34:47.670+0200] {dag.py:3820} INFO - Setting next_dagrun for example_branch_datetime_operator to 2024-01-12T00:00:00+00:00, run_after=2024-01-13T00:00:00+00:00
[2024-01-14T00:34:47.674+0200] {logging_mixin.py:188} INFO - [2024-01-14T00:34:47.674+0200] {dag.py:3820} INFO - Setting next_dagrun for example_branch_datetime_operator_2 to 2024-01-12T00:00:00+00:00, run_after=2024-01-13T00:00:00+00:00
[2024-01-14T00:34:47.676+0200] {logging_mixin.py:188} INFO - [2024-01-14T00:34:47.676+0200] {dag.py:3820} INFO - Setting next_dagrun for example_branch_datetime_operator_3 to 2024-01-12T00:00:00+00:00, run_after=2024-01-13T00:00:00+00:00
[2024-01-14T00:34:47.699+0200] {processor.py:183} INFO - Processing /Library/Frameworks/Python.framework/Versions/3.10/lib/python3.10/site-packages/airflow/example_dags/example_branch_datetime_operator.py took 0.423 seconds
[2024-01-14T00:39:53.037+0200] {processor.py:161} INFO - Started process (PID=46511) to work on /Library/Frameworks/Python.framework/Versions/3.10/lib/python3.10/site-packages/airflow/example_dags/example_branch_datetime_operator.py
[2024-01-14T00:39:53.041+0200] {processor.py:830} INFO - Processing file /Library/Frameworks/Python.framework/Versions/3.10/lib/python3.10/site-packages/airflow/example_dags/example_branch_datetime_operator.py for tasks to queue
[2024-01-14T00:39:53.042+0200] {logging_mixin.py:188} INFO - [2024-01-14T00:39:53.042+0200] {dagbag.py:538} INFO - Filling up the DagBag from /Library/Frameworks/Python.framework/Versions/3.10/lib/python3.10/site-packages/airflow/example_dags/example_branch_datetime_operator.py
[2024-01-14T00:39:53.061+0200] {processor.py:840} INFO - DAG(s) 'example_branch_datetime_operator', 'example_branch_datetime_operator_3', 'example_branch_datetime_operator_2' retrieved from /Library/Frameworks/Python.framework/Versions/3.10/lib/python3.10/site-packages/airflow/example_dags/example_branch_datetime_operator.py
[2024-01-14T00:39:53.207+0200] {logging_mixin.py:188} INFO - [2024-01-14T00:39:53.207+0200] {dag.py:3033} INFO - Sync 3 DAGs
[2024-01-14T00:39:53.222+0200] {logging_mixin.py:188} INFO - [2024-01-14T00:39:53.222+0200] {dag.py:3820} INFO - Setting next_dagrun for example_branch_datetime_operator to 2024-01-12T00:00:00+00:00, run_after=2024-01-13T00:00:00+00:00
[2024-01-14T00:39:53.226+0200] {logging_mixin.py:188} INFO - [2024-01-14T00:39:53.226+0200] {dag.py:3820} INFO - Setting next_dagrun for example_branch_datetime_operator_2 to 2024-01-12T00:00:00+00:00, run_after=2024-01-13T00:00:00+00:00
[2024-01-14T00:39:53.227+0200] {logging_mixin.py:188} INFO - [2024-01-14T00:39:53.227+0200] {dag.py:3820} INFO - Setting next_dagrun for example_branch_datetime_operator_3 to 2024-01-12T00:00:00+00:00, run_after=2024-01-13T00:00:00+00:00
[2024-01-14T00:39:53.242+0200] {processor.py:183} INFO - Processing /Library/Frameworks/Python.framework/Versions/3.10/lib/python3.10/site-packages/airflow/example_dags/example_branch_datetime_operator.py took 0.207 seconds
[2024-01-14T00:45:01.847+0200] {processor.py:161} INFO - Started process (PID=46904) to work on /Library/Frameworks/Python.framework/Versions/3.10/lib/python3.10/site-packages/airflow/example_dags/example_branch_datetime_operator.py
[2024-01-14T00:45:01.856+0200] {processor.py:830} INFO - Processing file /Library/Frameworks/Python.framework/Versions/3.10/lib/python3.10/site-packages/airflow/example_dags/example_branch_datetime_operator.py for tasks to queue
[2024-01-14T00:45:01.858+0200] {logging_mixin.py:188} INFO - [2024-01-14T00:45:01.858+0200] {dagbag.py:538} INFO - Filling up the DagBag from /Library/Frameworks/Python.framework/Versions/3.10/lib/python3.10/site-packages/airflow/example_dags/example_branch_datetime_operator.py
[2024-01-14T00:45:01.899+0200] {processor.py:840} INFO - DAG(s) 'example_branch_datetime_operator_2', 'example_branch_datetime_operator', 'example_branch_datetime_operator_3' retrieved from /Library/Frameworks/Python.framework/Versions/3.10/lib/python3.10/site-packages/airflow/example_dags/example_branch_datetime_operator.py
[2024-01-14T00:45:02.764+0200] {logging_mixin.py:188} INFO - [2024-01-14T00:45:02.764+0200] {dag.py:3033} INFO - Sync 3 DAGs
[2024-01-14T00:45:02.806+0200] {logging_mixin.py:188} INFO - [2024-01-14T00:45:02.805+0200] {dag.py:3820} INFO - Setting next_dagrun for example_branch_datetime_operator to 2024-01-12T00:00:00+00:00, run_after=2024-01-13T00:00:00+00:00
[2024-01-14T00:45:02.854+0200] {logging_mixin.py:188} INFO - [2024-01-14T00:45:02.853+0200] {dag.py:3820} INFO - Setting next_dagrun for example_branch_datetime_operator_2 to 2024-01-12T00:00:00+00:00, run_after=2024-01-13T00:00:00+00:00
[2024-01-14T00:45:02.858+0200] {logging_mixin.py:188} INFO - [2024-01-14T00:45:02.857+0200] {dag.py:3820} INFO - Setting next_dagrun for example_branch_datetime_operator_3 to 2024-01-12T00:00:00+00:00, run_after=2024-01-13T00:00:00+00:00
[2024-01-14T00:45:02.916+0200] {processor.py:183} INFO - Processing /Library/Frameworks/Python.framework/Versions/3.10/lib/python3.10/site-packages/airflow/example_dags/example_branch_datetime_operator.py took 1.071 seconds
[2024-01-14T00:50:27.519+0200] {processor.py:161} INFO - Started process (PID=47187) to work on /Library/Frameworks/Python.framework/Versions/3.10/lib/python3.10/site-packages/airflow/example_dags/example_branch_datetime_operator.py
[2024-01-14T00:50:27.523+0200] {processor.py:830} INFO - Processing file /Library/Frameworks/Python.framework/Versions/3.10/lib/python3.10/site-packages/airflow/example_dags/example_branch_datetime_operator.py for tasks to queue
[2024-01-14T00:50:27.524+0200] {logging_mixin.py:188} INFO - [2024-01-14T00:50:27.524+0200] {dagbag.py:538} INFO - Filling up the DagBag from /Library/Frameworks/Python.framework/Versions/3.10/lib/python3.10/site-packages/airflow/example_dags/example_branch_datetime_operator.py
[2024-01-14T00:50:27.541+0200] {processor.py:840} INFO - DAG(s) 'example_branch_datetime_operator_3', 'example_branch_datetime_operator_2', 'example_branch_datetime_operator' retrieved from /Library/Frameworks/Python.framework/Versions/3.10/lib/python3.10/site-packages/airflow/example_dags/example_branch_datetime_operator.py
[2024-01-14T00:50:27.707+0200] {logging_mixin.py:188} INFO - [2024-01-14T00:50:27.707+0200] {dag.py:3033} INFO - Sync 3 DAGs
[2024-01-14T00:50:27.722+0200] {logging_mixin.py:188} INFO - [2024-01-14T00:50:27.722+0200] {dag.py:3820} INFO - Setting next_dagrun for example_branch_datetime_operator to 2024-01-12T00:00:00+00:00, run_after=2024-01-13T00:00:00+00:00
[2024-01-14T00:50:27.725+0200] {logging_mixin.py:188} INFO - [2024-01-14T00:50:27.725+0200] {dag.py:3820} INFO - Setting next_dagrun for example_branch_datetime_operator_2 to 2024-01-12T00:00:00+00:00, run_after=2024-01-13T00:00:00+00:00
[2024-01-14T00:50:27.727+0200] {logging_mixin.py:188} INFO - [2024-01-14T00:50:27.727+0200] {dag.py:3820} INFO - Setting next_dagrun for example_branch_datetime_operator_3 to 2024-01-12T00:00:00+00:00, run_after=2024-01-13T00:00:00+00:00
[2024-01-14T00:50:27.744+0200] {processor.py:183} INFO - Processing /Library/Frameworks/Python.framework/Versions/3.10/lib/python3.10/site-packages/airflow/example_dags/example_branch_datetime_operator.py took 0.226 seconds
