[2024-01-13T10:07:28.103+0200] {processor.py:161} INFO - Started process (PID=21789) to work on /Library/Frameworks/Python.framework/Versions/3.10/lib/python3.10/site-packages/airflow/example_dags/example_complex.py
[2024-01-13T10:07:28.106+0200] {processor.py:830} INFO - Processing file /Library/Frameworks/Python.framework/Versions/3.10/lib/python3.10/site-packages/airflow/example_dags/example_complex.py for tasks to queue
[2024-01-13T10:07:28.107+0200] {logging_mixin.py:188} INFO - [2024-01-13T10:07:28.107+0200] {dagbag.py:538} INFO - Filling up the DagBag from /Library/Frameworks/Python.framework/Versions/3.10/lib/python3.10/site-packages/airflow/example_dags/example_complex.py
[2024-01-13T10:07:28.170+0200] {processor.py:840} INFO - DAG(s) 'example_complex' retrieved from /Library/Frameworks/Python.framework/Versions/3.10/lib/python3.10/site-packages/airflow/example_dags/example_complex.py
[2024-01-13T10:07:28.279+0200] {logging_mixin.py:188} INFO - [2024-01-13T10:07:28.279+0200] {dag.py:3033} INFO - Sync 1 DAGs
[2024-01-13T10:07:28.287+0200] {logging_mixin.py:188} INFO - [2024-01-13T10:07:28.286+0200] {dag.py:3820} INFO - Setting next_dagrun for example_complex to None, run_after=None
[2024-01-13T10:07:28.306+0200] {processor.py:183} INFO - Processing /Library/Frameworks/Python.framework/Versions/3.10/lib/python3.10/site-packages/airflow/example_dags/example_complex.py took 0.204 seconds
[2024-01-13T10:11:28.696+0200] {processor.py:161} INFO - Started process (PID=22064) to work on /Library/Frameworks/Python.framework/Versions/3.10/lib/python3.10/site-packages/airflow/example_dags/example_complex.py
[2024-01-13T10:11:28.704+0200] {processor.py:830} INFO - Processing file /Library/Frameworks/Python.framework/Versions/3.10/lib/python3.10/site-packages/airflow/example_dags/example_complex.py for tasks to queue
[2024-01-13T10:11:28.704+0200] {logging_mixin.py:188} INFO - [2024-01-13T10:11:28.704+0200] {dagbag.py:538} INFO - Filling up the DagBag from /Library/Frameworks/Python.framework/Versions/3.10/lib/python3.10/site-packages/airflow/example_dags/example_complex.py
[2024-01-13T10:11:28.769+0200] {processor.py:840} INFO - DAG(s) 'example_complex' retrieved from /Library/Frameworks/Python.framework/Versions/3.10/lib/python3.10/site-packages/airflow/example_dags/example_complex.py
[2024-01-13T10:11:28.893+0200] {logging_mixin.py:188} INFO - [2024-01-13T10:11:28.892+0200] {dag.py:3033} INFO - Sync 1 DAGs
[2024-01-13T10:11:28.901+0200] {logging_mixin.py:188} INFO - [2024-01-13T10:11:28.901+0200] {dag.py:3820} INFO - Setting next_dagrun for example_complex to None, run_after=None
[2024-01-13T10:11:28.925+0200] {processor.py:183} INFO - Processing /Library/Frameworks/Python.framework/Versions/3.10/lib/python3.10/site-packages/airflow/example_dags/example_complex.py took 0.231 seconds
[2024-01-13T10:15:50.185+0200] {processor.py:161} INFO - Started process (PID=22841) to work on /Library/Frameworks/Python.framework/Versions/3.10/lib/python3.10/site-packages/airflow/example_dags/example_complex.py
[2024-01-13T10:15:50.190+0200] {processor.py:830} INFO - Processing file /Library/Frameworks/Python.framework/Versions/3.10/lib/python3.10/site-packages/airflow/example_dags/example_complex.py for tasks to queue
[2024-01-13T10:15:50.191+0200] {logging_mixin.py:188} INFO - [2024-01-13T10:15:50.191+0200] {dagbag.py:538} INFO - Filling up the DagBag from /Library/Frameworks/Python.framework/Versions/3.10/lib/python3.10/site-packages/airflow/example_dags/example_complex.py
[2024-01-13T10:15:50.247+0200] {processor.py:840} INFO - DAG(s) 'example_complex' retrieved from /Library/Frameworks/Python.framework/Versions/3.10/lib/python3.10/site-packages/airflow/example_dags/example_complex.py
[2024-01-13T10:15:50.355+0200] {logging_mixin.py:188} INFO - [2024-01-13T10:15:50.354+0200] {dag.py:3033} INFO - Sync 1 DAGs
[2024-01-13T10:15:50.362+0200] {logging_mixin.py:188} INFO - [2024-01-13T10:15:50.362+0200] {dag.py:3820} INFO - Setting next_dagrun for example_complex to None, run_after=None
[2024-01-13T10:15:50.390+0200] {processor.py:183} INFO - Processing /Library/Frameworks/Python.framework/Versions/3.10/lib/python3.10/site-packages/airflow/example_dags/example_complex.py took 0.206 seconds
[2024-01-13T10:19:49.483+0200] {processor.py:161} INFO - Started process (PID=23439) to work on /Library/Frameworks/Python.framework/Versions/3.10/lib/python3.10/site-packages/airflow/example_dags/example_complex.py
[2024-01-13T10:19:49.488+0200] {processor.py:830} INFO - Processing file /Library/Frameworks/Python.framework/Versions/3.10/lib/python3.10/site-packages/airflow/example_dags/example_complex.py for tasks to queue
[2024-01-13T10:19:49.489+0200] {logging_mixin.py:188} INFO - [2024-01-13T10:19:49.489+0200] {dagbag.py:538} INFO - Filling up the DagBag from /Library/Frameworks/Python.framework/Versions/3.10/lib/python3.10/site-packages/airflow/example_dags/example_complex.py
[2024-01-13T10:19:49.548+0200] {processor.py:840} INFO - DAG(s) 'example_complex' retrieved from /Library/Frameworks/Python.framework/Versions/3.10/lib/python3.10/site-packages/airflow/example_dags/example_complex.py
[2024-01-13T10:19:49.660+0200] {logging_mixin.py:188} INFO - [2024-01-13T10:19:49.660+0200] {dag.py:3033} INFO - Sync 1 DAGs
[2024-01-13T10:19:49.667+0200] {logging_mixin.py:188} INFO - [2024-01-13T10:19:49.667+0200] {dag.py:3820} INFO - Setting next_dagrun for example_complex to None, run_after=None
[2024-01-13T10:19:49.686+0200] {processor.py:183} INFO - Processing /Library/Frameworks/Python.framework/Versions/3.10/lib/python3.10/site-packages/airflow/example_dags/example_complex.py took 0.204 seconds
[2024-01-13T10:23:41.624+0200] {processor.py:161} INFO - Started process (PID=23606) to work on /Library/Frameworks/Python.framework/Versions/3.10/lib/python3.10/site-packages/airflow/example_dags/example_complex.py
[2024-01-13T10:23:41.629+0200] {processor.py:830} INFO - Processing file /Library/Frameworks/Python.framework/Versions/3.10/lib/python3.10/site-packages/airflow/example_dags/example_complex.py for tasks to queue
[2024-01-13T10:23:41.629+0200] {logging_mixin.py:188} INFO - [2024-01-13T10:23:41.629+0200] {dagbag.py:538} INFO - Filling up the DagBag from /Library/Frameworks/Python.framework/Versions/3.10/lib/python3.10/site-packages/airflow/example_dags/example_complex.py
[2024-01-13T10:23:41.690+0200] {processor.py:840} INFO - DAG(s) 'example_complex' retrieved from /Library/Frameworks/Python.framework/Versions/3.10/lib/python3.10/site-packages/airflow/example_dags/example_complex.py
[2024-01-13T10:23:41.804+0200] {logging_mixin.py:188} INFO - [2024-01-13T10:23:41.804+0200] {dag.py:3033} INFO - Sync 1 DAGs
[2024-01-13T10:23:41.812+0200] {logging_mixin.py:188} INFO - [2024-01-13T10:23:41.812+0200] {dag.py:3820} INFO - Setting next_dagrun for example_complex to None, run_after=None
[2024-01-13T10:23:41.830+0200] {processor.py:183} INFO - Processing /Library/Frameworks/Python.framework/Versions/3.10/lib/python3.10/site-packages/airflow/example_dags/example_complex.py took 0.207 seconds
[2024-01-13T10:27:36.357+0200] {processor.py:161} INFO - Started process (PID=23861) to work on /Library/Frameworks/Python.framework/Versions/3.10/lib/python3.10/site-packages/airflow/example_dags/example_complex.py
[2024-01-13T10:27:36.362+0200] {processor.py:830} INFO - Processing file /Library/Frameworks/Python.framework/Versions/3.10/lib/python3.10/site-packages/airflow/example_dags/example_complex.py for tasks to queue
[2024-01-13T10:27:36.363+0200] {logging_mixin.py:188} INFO - [2024-01-13T10:27:36.363+0200] {dagbag.py:538} INFO - Filling up the DagBag from /Library/Frameworks/Python.framework/Versions/3.10/lib/python3.10/site-packages/airflow/example_dags/example_complex.py
[2024-01-13T10:27:36.418+0200] {processor.py:840} INFO - DAG(s) 'example_complex' retrieved from /Library/Frameworks/Python.framework/Versions/3.10/lib/python3.10/site-packages/airflow/example_dags/example_complex.py
[2024-01-13T10:27:36.524+0200] {logging_mixin.py:188} INFO - [2024-01-13T10:27:36.524+0200] {dag.py:3033} INFO - Sync 1 DAGs
[2024-01-13T10:27:36.531+0200] {logging_mixin.py:188} INFO - [2024-01-13T10:27:36.531+0200] {dag.py:3820} INFO - Setting next_dagrun for example_complex to None, run_after=None
[2024-01-13T10:27:36.548+0200] {processor.py:183} INFO - Processing /Library/Frameworks/Python.framework/Versions/3.10/lib/python3.10/site-packages/airflow/example_dags/example_complex.py took 0.192 seconds
[2024-01-13T10:31:33.684+0200] {processor.py:161} INFO - Started process (PID=24039) to work on /Library/Frameworks/Python.framework/Versions/3.10/lib/python3.10/site-packages/airflow/example_dags/example_complex.py
[2024-01-13T10:31:33.689+0200] {processor.py:830} INFO - Processing file /Library/Frameworks/Python.framework/Versions/3.10/lib/python3.10/site-packages/airflow/example_dags/example_complex.py for tasks to queue
[2024-01-13T10:31:33.689+0200] {logging_mixin.py:188} INFO - [2024-01-13T10:31:33.689+0200] {dagbag.py:538} INFO - Filling up the DagBag from /Library/Frameworks/Python.framework/Versions/3.10/lib/python3.10/site-packages/airflow/example_dags/example_complex.py
[2024-01-13T10:31:33.746+0200] {processor.py:840} INFO - DAG(s) 'example_complex' retrieved from /Library/Frameworks/Python.framework/Versions/3.10/lib/python3.10/site-packages/airflow/example_dags/example_complex.py
[2024-01-13T10:31:33.857+0200] {logging_mixin.py:188} INFO - [2024-01-13T10:31:33.856+0200] {dag.py:3033} INFO - Sync 1 DAGs
[2024-01-13T10:31:33.864+0200] {logging_mixin.py:188} INFO - [2024-01-13T10:31:33.864+0200] {dag.py:3820} INFO - Setting next_dagrun for example_complex to None, run_after=None
[2024-01-13T10:31:33.880+0200] {processor.py:183} INFO - Processing /Library/Frameworks/Python.framework/Versions/3.10/lib/python3.10/site-packages/airflow/example_dags/example_complex.py took 0.197 seconds
[2024-01-13T10:35:23.384+0200] {processor.py:161} INFO - Started process (PID=24318) to work on /Library/Frameworks/Python.framework/Versions/3.10/lib/python3.10/site-packages/airflow/example_dags/example_complex.py
[2024-01-13T10:35:23.389+0200] {processor.py:830} INFO - Processing file /Library/Frameworks/Python.framework/Versions/3.10/lib/python3.10/site-packages/airflow/example_dags/example_complex.py for tasks to queue
[2024-01-13T10:35:23.390+0200] {logging_mixin.py:188} INFO - [2024-01-13T10:35:23.389+0200] {dagbag.py:538} INFO - Filling up the DagBag from /Library/Frameworks/Python.framework/Versions/3.10/lib/python3.10/site-packages/airflow/example_dags/example_complex.py
[2024-01-13T10:35:23.448+0200] {processor.py:840} INFO - DAG(s) 'example_complex' retrieved from /Library/Frameworks/Python.framework/Versions/3.10/lib/python3.10/site-packages/airflow/example_dags/example_complex.py
[2024-01-13T10:35:23.555+0200] {logging_mixin.py:188} INFO - [2024-01-13T10:35:23.555+0200] {dag.py:3033} INFO - Sync 1 DAGs
[2024-01-13T10:35:23.564+0200] {logging_mixin.py:188} INFO - [2024-01-13T10:35:23.564+0200] {dag.py:3820} INFO - Setting next_dagrun for example_complex to None, run_after=None
[2024-01-13T10:35:23.583+0200] {processor.py:183} INFO - Processing /Library/Frameworks/Python.framework/Versions/3.10/lib/python3.10/site-packages/airflow/example_dags/example_complex.py took 0.200 seconds
[2024-01-13T10:39:17.205+0200] {processor.py:161} INFO - Started process (PID=24567) to work on /Library/Frameworks/Python.framework/Versions/3.10/lib/python3.10/site-packages/airflow/example_dags/example_complex.py
[2024-01-13T10:39:17.210+0200] {processor.py:830} INFO - Processing file /Library/Frameworks/Python.framework/Versions/3.10/lib/python3.10/site-packages/airflow/example_dags/example_complex.py for tasks to queue
[2024-01-13T10:39:17.211+0200] {logging_mixin.py:188} INFO - [2024-01-13T10:39:17.211+0200] {dagbag.py:538} INFO - Filling up the DagBag from /Library/Frameworks/Python.framework/Versions/3.10/lib/python3.10/site-packages/airflow/example_dags/example_complex.py
[2024-01-13T10:39:17.267+0200] {processor.py:840} INFO - DAG(s) 'example_complex' retrieved from /Library/Frameworks/Python.framework/Versions/3.10/lib/python3.10/site-packages/airflow/example_dags/example_complex.py
[2024-01-13T10:39:17.375+0200] {logging_mixin.py:188} INFO - [2024-01-13T10:39:17.375+0200] {dag.py:3033} INFO - Sync 1 DAGs
[2024-01-13T10:39:17.383+0200] {logging_mixin.py:188} INFO - [2024-01-13T10:39:17.383+0200] {dag.py:3820} INFO - Setting next_dagrun for example_complex to None, run_after=None
[2024-01-13T10:39:17.399+0200] {processor.py:183} INFO - Processing /Library/Frameworks/Python.framework/Versions/3.10/lib/python3.10/site-packages/airflow/example_dags/example_complex.py took 0.196 seconds
[2024-01-13T10:43:12.696+0200] {processor.py:161} INFO - Started process (PID=24747) to work on /Library/Frameworks/Python.framework/Versions/3.10/lib/python3.10/site-packages/airflow/example_dags/example_complex.py
[2024-01-13T10:43:12.703+0200] {processor.py:830} INFO - Processing file /Library/Frameworks/Python.framework/Versions/3.10/lib/python3.10/site-packages/airflow/example_dags/example_complex.py for tasks to queue
[2024-01-13T10:43:12.704+0200] {logging_mixin.py:188} INFO - [2024-01-13T10:43:12.703+0200] {dagbag.py:538} INFO - Filling up the DagBag from /Library/Frameworks/Python.framework/Versions/3.10/lib/python3.10/site-packages/airflow/example_dags/example_complex.py
[2024-01-13T10:43:12.764+0200] {processor.py:840} INFO - DAG(s) 'example_complex' retrieved from /Library/Frameworks/Python.framework/Versions/3.10/lib/python3.10/site-packages/airflow/example_dags/example_complex.py
[2024-01-13T10:43:12.903+0200] {logging_mixin.py:188} INFO - [2024-01-13T10:43:12.902+0200] {dag.py:3033} INFO - Sync 1 DAGs
[2024-01-13T10:43:12.913+0200] {logging_mixin.py:188} INFO - [2024-01-13T10:43:12.913+0200] {dag.py:3820} INFO - Setting next_dagrun for example_complex to None, run_after=None
[2024-01-13T10:43:12.934+0200] {processor.py:183} INFO - Processing /Library/Frameworks/Python.framework/Versions/3.10/lib/python3.10/site-packages/airflow/example_dags/example_complex.py took 0.239 seconds
[2024-01-13T10:47:04.546+0200] {processor.py:161} INFO - Started process (PID=25003) to work on /Library/Frameworks/Python.framework/Versions/3.10/lib/python3.10/site-packages/airflow/example_dags/example_complex.py
[2024-01-13T10:47:04.550+0200] {processor.py:830} INFO - Processing file /Library/Frameworks/Python.framework/Versions/3.10/lib/python3.10/site-packages/airflow/example_dags/example_complex.py for tasks to queue
[2024-01-13T10:47:04.551+0200] {logging_mixin.py:188} INFO - [2024-01-13T10:47:04.551+0200] {dagbag.py:538} INFO - Filling up the DagBag from /Library/Frameworks/Python.framework/Versions/3.10/lib/python3.10/site-packages/airflow/example_dags/example_complex.py
[2024-01-13T10:47:04.612+0200] {processor.py:840} INFO - DAG(s) 'example_complex' retrieved from /Library/Frameworks/Python.framework/Versions/3.10/lib/python3.10/site-packages/airflow/example_dags/example_complex.py
[2024-01-13T10:47:04.733+0200] {logging_mixin.py:188} INFO - [2024-01-13T10:47:04.733+0200] {dag.py:3033} INFO - Sync 1 DAGs
[2024-01-13T10:47:04.743+0200] {logging_mixin.py:188} INFO - [2024-01-13T10:47:04.743+0200] {dag.py:3820} INFO - Setting next_dagrun for example_complex to None, run_after=None
[2024-01-13T10:47:04.763+0200] {processor.py:183} INFO - Processing /Library/Frameworks/Python.framework/Versions/3.10/lib/python3.10/site-packages/airflow/example_dags/example_complex.py took 0.219 seconds
[2024-01-13T10:50:45.224+0200] {processor.py:161} INFO - Started process (PID=25220) to work on /Library/Frameworks/Python.framework/Versions/3.10/lib/python3.10/site-packages/airflow/example_dags/example_complex.py
[2024-01-13T10:50:45.227+0200] {processor.py:830} INFO - Processing file /Library/Frameworks/Python.framework/Versions/3.10/lib/python3.10/site-packages/airflow/example_dags/example_complex.py for tasks to queue
[2024-01-13T10:50:45.228+0200] {logging_mixin.py:188} INFO - [2024-01-13T10:50:45.228+0200] {dagbag.py:538} INFO - Filling up the DagBag from /Library/Frameworks/Python.framework/Versions/3.10/lib/python3.10/site-packages/airflow/example_dags/example_complex.py
[2024-01-13T10:50:45.278+0200] {processor.py:840} INFO - DAG(s) 'example_complex' retrieved from /Library/Frameworks/Python.framework/Versions/3.10/lib/python3.10/site-packages/airflow/example_dags/example_complex.py
[2024-01-13T10:50:45.377+0200] {logging_mixin.py:188} INFO - [2024-01-13T10:50:45.377+0200] {dag.py:3033} INFO - Sync 1 DAGs
[2024-01-13T10:50:45.385+0200] {logging_mixin.py:188} INFO - [2024-01-13T10:50:45.385+0200] {dag.py:3820} INFO - Setting next_dagrun for example_complex to None, run_after=None
[2024-01-13T10:50:45.401+0200] {processor.py:183} INFO - Processing /Library/Frameworks/Python.framework/Versions/3.10/lib/python3.10/site-packages/airflow/example_dags/example_complex.py took 0.179 seconds
[2024-01-13T10:54:28.961+0200] {processor.py:161} INFO - Started process (PID=25410) to work on /Library/Frameworks/Python.framework/Versions/3.10/lib/python3.10/site-packages/airflow/example_dags/example_complex.py
[2024-01-13T10:54:28.966+0200] {processor.py:830} INFO - Processing file /Library/Frameworks/Python.framework/Versions/3.10/lib/python3.10/site-packages/airflow/example_dags/example_complex.py for tasks to queue
[2024-01-13T10:54:28.967+0200] {logging_mixin.py:188} INFO - [2024-01-13T10:54:28.966+0200] {dagbag.py:538} INFO - Filling up the DagBag from /Library/Frameworks/Python.framework/Versions/3.10/lib/python3.10/site-packages/airflow/example_dags/example_complex.py
[2024-01-13T10:54:29.023+0200] {processor.py:840} INFO - DAG(s) 'example_complex' retrieved from /Library/Frameworks/Python.framework/Versions/3.10/lib/python3.10/site-packages/airflow/example_dags/example_complex.py
[2024-01-13T10:54:29.134+0200] {logging_mixin.py:188} INFO - [2024-01-13T10:54:29.133+0200] {dag.py:3033} INFO - Sync 1 DAGs
[2024-01-13T10:54:29.141+0200] {logging_mixin.py:188} INFO - [2024-01-13T10:54:29.141+0200] {dag.py:3820} INFO - Setting next_dagrun for example_complex to None, run_after=None
[2024-01-13T10:54:29.158+0200] {processor.py:183} INFO - Processing /Library/Frameworks/Python.framework/Versions/3.10/lib/python3.10/site-packages/airflow/example_dags/example_complex.py took 0.199 seconds
[2024-01-13T10:58:28.858+0200] {processor.py:161} INFO - Started process (PID=25681) to work on /Library/Frameworks/Python.framework/Versions/3.10/lib/python3.10/site-packages/airflow/example_dags/example_complex.py
[2024-01-13T10:58:28.862+0200] {processor.py:830} INFO - Processing file /Library/Frameworks/Python.framework/Versions/3.10/lib/python3.10/site-packages/airflow/example_dags/example_complex.py for tasks to queue
[2024-01-13T10:58:28.863+0200] {logging_mixin.py:188} INFO - [2024-01-13T10:58:28.863+0200] {dagbag.py:538} INFO - Filling up the DagBag from /Library/Frameworks/Python.framework/Versions/3.10/lib/python3.10/site-packages/airflow/example_dags/example_complex.py
[2024-01-13T10:58:28.919+0200] {processor.py:840} INFO - DAG(s) 'example_complex' retrieved from /Library/Frameworks/Python.framework/Versions/3.10/lib/python3.10/site-packages/airflow/example_dags/example_complex.py
[2024-01-13T10:58:29.030+0200] {logging_mixin.py:188} INFO - [2024-01-13T10:58:29.030+0200] {dag.py:3033} INFO - Sync 1 DAGs
[2024-01-13T10:58:29.037+0200] {logging_mixin.py:188} INFO - [2024-01-13T10:58:29.037+0200] {dag.py:3820} INFO - Setting next_dagrun for example_complex to None, run_after=None
[2024-01-13T10:58:29.056+0200] {processor.py:183} INFO - Processing /Library/Frameworks/Python.framework/Versions/3.10/lib/python3.10/site-packages/airflow/example_dags/example_complex.py took 0.200 seconds
[2024-01-13T11:02:24.076+0200] {processor.py:161} INFO - Started process (PID=25843) to work on /Library/Frameworks/Python.framework/Versions/3.10/lib/python3.10/site-packages/airflow/example_dags/example_complex.py
[2024-01-13T11:02:24.080+0200] {processor.py:830} INFO - Processing file /Library/Frameworks/Python.framework/Versions/3.10/lib/python3.10/site-packages/airflow/example_dags/example_complex.py for tasks to queue
[2024-01-13T11:02:24.080+0200] {logging_mixin.py:188} INFO - [2024-01-13T11:02:24.080+0200] {dagbag.py:538} INFO - Filling up the DagBag from /Library/Frameworks/Python.framework/Versions/3.10/lib/python3.10/site-packages/airflow/example_dags/example_complex.py
[2024-01-13T11:02:24.135+0200] {processor.py:840} INFO - DAG(s) 'example_complex' retrieved from /Library/Frameworks/Python.framework/Versions/3.10/lib/python3.10/site-packages/airflow/example_dags/example_complex.py
[2024-01-13T11:02:24.239+0200] {logging_mixin.py:188} INFO - [2024-01-13T11:02:24.239+0200] {dag.py:3033} INFO - Sync 1 DAGs
[2024-01-13T11:02:24.247+0200] {logging_mixin.py:188} INFO - [2024-01-13T11:02:24.246+0200] {dag.py:3820} INFO - Setting next_dagrun for example_complex to None, run_after=None
[2024-01-13T11:02:24.263+0200] {processor.py:183} INFO - Processing /Library/Frameworks/Python.framework/Versions/3.10/lib/python3.10/site-packages/airflow/example_dags/example_complex.py took 0.189 seconds
[2024-01-13T11:06:06.543+0200] {processor.py:161} INFO - Started process (PID=26097) to work on /Library/Frameworks/Python.framework/Versions/3.10/lib/python3.10/site-packages/airflow/example_dags/example_complex.py
[2024-01-13T11:06:06.547+0200] {processor.py:830} INFO - Processing file /Library/Frameworks/Python.framework/Versions/3.10/lib/python3.10/site-packages/airflow/example_dags/example_complex.py for tasks to queue
[2024-01-13T11:06:06.547+0200] {logging_mixin.py:188} INFO - [2024-01-13T11:06:06.547+0200] {dagbag.py:538} INFO - Filling up the DagBag from /Library/Frameworks/Python.framework/Versions/3.10/lib/python3.10/site-packages/airflow/example_dags/example_complex.py
[2024-01-13T11:06:06.604+0200] {processor.py:840} INFO - DAG(s) 'example_complex' retrieved from /Library/Frameworks/Python.framework/Versions/3.10/lib/python3.10/site-packages/airflow/example_dags/example_complex.py
[2024-01-13T11:06:06.711+0200] {logging_mixin.py:188} INFO - [2024-01-13T11:06:06.711+0200] {dag.py:3033} INFO - Sync 1 DAGs
[2024-01-13T11:06:06.719+0200] {logging_mixin.py:188} INFO - [2024-01-13T11:06:06.719+0200] {dag.py:3820} INFO - Setting next_dagrun for example_complex to None, run_after=None
[2024-01-13T11:06:06.735+0200] {processor.py:183} INFO - Processing /Library/Frameworks/Python.framework/Versions/3.10/lib/python3.10/site-packages/airflow/example_dags/example_complex.py took 0.194 seconds
[2024-01-13T11:10:12.066+0200] {processor.py:161} INFO - Started process (PID=26281) to work on /Library/Frameworks/Python.framework/Versions/3.10/lib/python3.10/site-packages/airflow/example_dags/example_complex.py
[2024-01-13T11:10:12.071+0200] {processor.py:830} INFO - Processing file /Library/Frameworks/Python.framework/Versions/3.10/lib/python3.10/site-packages/airflow/example_dags/example_complex.py for tasks to queue
[2024-01-13T11:10:12.071+0200] {logging_mixin.py:188} INFO - [2024-01-13T11:10:12.071+0200] {dagbag.py:538} INFO - Filling up the DagBag from /Library/Frameworks/Python.framework/Versions/3.10/lib/python3.10/site-packages/airflow/example_dags/example_complex.py
[2024-01-13T11:10:12.130+0200] {processor.py:840} INFO - DAG(s) 'example_complex' retrieved from /Library/Frameworks/Python.framework/Versions/3.10/lib/python3.10/site-packages/airflow/example_dags/example_complex.py
[2024-01-13T11:10:12.235+0200] {logging_mixin.py:188} INFO - [2024-01-13T11:10:12.235+0200] {dag.py:3033} INFO - Sync 1 DAGs
[2024-01-13T11:10:12.243+0200] {logging_mixin.py:188} INFO - [2024-01-13T11:10:12.242+0200] {dag.py:3820} INFO - Setting next_dagrun for example_complex to None, run_after=None
[2024-01-13T11:10:12.258+0200] {processor.py:183} INFO - Processing /Library/Frameworks/Python.framework/Versions/3.10/lib/python3.10/site-packages/airflow/example_dags/example_complex.py took 0.194 seconds
[2024-01-13T11:14:01.213+0200] {processor.py:161} INFO - Started process (PID=26526) to work on /Library/Frameworks/Python.framework/Versions/3.10/lib/python3.10/site-packages/airflow/example_dags/example_complex.py
[2024-01-13T11:14:01.218+0200] {processor.py:830} INFO - Processing file /Library/Frameworks/Python.framework/Versions/3.10/lib/python3.10/site-packages/airflow/example_dags/example_complex.py for tasks to queue
[2024-01-13T11:14:01.219+0200] {logging_mixin.py:188} INFO - [2024-01-13T11:14:01.218+0200] {dagbag.py:538} INFO - Filling up the DagBag from /Library/Frameworks/Python.framework/Versions/3.10/lib/python3.10/site-packages/airflow/example_dags/example_complex.py
[2024-01-13T11:14:01.272+0200] {processor.py:840} INFO - DAG(s) 'example_complex' retrieved from /Library/Frameworks/Python.framework/Versions/3.10/lib/python3.10/site-packages/airflow/example_dags/example_complex.py
[2024-01-13T11:14:01.371+0200] {logging_mixin.py:188} INFO - [2024-01-13T11:14:01.371+0200] {dag.py:3033} INFO - Sync 1 DAGs
[2024-01-13T11:14:01.378+0200] {logging_mixin.py:188} INFO - [2024-01-13T11:14:01.378+0200] {dag.py:3820} INFO - Setting next_dagrun for example_complex to None, run_after=None
[2024-01-13T11:14:01.394+0200] {processor.py:183} INFO - Processing /Library/Frameworks/Python.framework/Versions/3.10/lib/python3.10/site-packages/airflow/example_dags/example_complex.py took 0.182 seconds
[2024-01-13T11:17:56.310+0200] {processor.py:161} INFO - Started process (PID=26704) to work on /Library/Frameworks/Python.framework/Versions/3.10/lib/python3.10/site-packages/airflow/example_dags/example_complex.py
[2024-01-13T11:17:56.315+0200] {processor.py:830} INFO - Processing file /Library/Frameworks/Python.framework/Versions/3.10/lib/python3.10/site-packages/airflow/example_dags/example_complex.py for tasks to queue
[2024-01-13T11:17:56.316+0200] {logging_mixin.py:188} INFO - [2024-01-13T11:17:56.316+0200] {dagbag.py:538} INFO - Filling up the DagBag from /Library/Frameworks/Python.framework/Versions/3.10/lib/python3.10/site-packages/airflow/example_dags/example_complex.py
[2024-01-13T11:17:56.376+0200] {processor.py:840} INFO - DAG(s) 'example_complex' retrieved from /Library/Frameworks/Python.framework/Versions/3.10/lib/python3.10/site-packages/airflow/example_dags/example_complex.py
[2024-01-13T11:17:56.483+0200] {logging_mixin.py:188} INFO - [2024-01-13T11:17:56.483+0200] {dag.py:3033} INFO - Sync 1 DAGs
[2024-01-13T11:17:56.490+0200] {logging_mixin.py:188} INFO - [2024-01-13T11:17:56.490+0200] {dag.py:3820} INFO - Setting next_dagrun for example_complex to None, run_after=None
[2024-01-13T11:17:56.508+0200] {processor.py:183} INFO - Processing /Library/Frameworks/Python.framework/Versions/3.10/lib/python3.10/site-packages/airflow/example_dags/example_complex.py took 0.199 seconds
[2024-01-13T11:21:51.966+0200] {processor.py:161} INFO - Started process (PID=27022) to work on /Library/Frameworks/Python.framework/Versions/3.10/lib/python3.10/site-packages/airflow/example_dags/example_complex.py
[2024-01-13T11:21:51.971+0200] {processor.py:830} INFO - Processing file /Library/Frameworks/Python.framework/Versions/3.10/lib/python3.10/site-packages/airflow/example_dags/example_complex.py for tasks to queue
[2024-01-13T11:21:51.972+0200] {logging_mixin.py:188} INFO - [2024-01-13T11:21:51.971+0200] {dagbag.py:538} INFO - Filling up the DagBag from /Library/Frameworks/Python.framework/Versions/3.10/lib/python3.10/site-packages/airflow/example_dags/example_complex.py
[2024-01-13T11:21:52.030+0200] {processor.py:840} INFO - DAG(s) 'example_complex' retrieved from /Library/Frameworks/Python.framework/Versions/3.10/lib/python3.10/site-packages/airflow/example_dags/example_complex.py
[2024-01-13T11:21:52.144+0200] {logging_mixin.py:188} INFO - [2024-01-13T11:21:52.143+0200] {dag.py:3033} INFO - Sync 1 DAGs
[2024-01-13T11:21:52.151+0200] {logging_mixin.py:188} INFO - [2024-01-13T11:21:52.151+0200] {dag.py:3820} INFO - Setting next_dagrun for example_complex to None, run_after=None
[2024-01-13T11:21:52.169+0200] {processor.py:183} INFO - Processing /Library/Frameworks/Python.framework/Versions/3.10/lib/python3.10/site-packages/airflow/example_dags/example_complex.py took 0.204 seconds
[2024-01-13T11:25:46.171+0200] {processor.py:161} INFO - Started process (PID=27275) to work on /Library/Frameworks/Python.framework/Versions/3.10/lib/python3.10/site-packages/airflow/example_dags/example_complex.py
[2024-01-13T11:25:46.175+0200] {processor.py:830} INFO - Processing file /Library/Frameworks/Python.framework/Versions/3.10/lib/python3.10/site-packages/airflow/example_dags/example_complex.py for tasks to queue
[2024-01-13T11:25:46.176+0200] {logging_mixin.py:188} INFO - [2024-01-13T11:25:46.175+0200] {dagbag.py:538} INFO - Filling up the DagBag from /Library/Frameworks/Python.framework/Versions/3.10/lib/python3.10/site-packages/airflow/example_dags/example_complex.py
[2024-01-13T11:25:46.235+0200] {processor.py:840} INFO - DAG(s) 'example_complex' retrieved from /Library/Frameworks/Python.framework/Versions/3.10/lib/python3.10/site-packages/airflow/example_dags/example_complex.py
[2024-01-13T11:25:46.342+0200] {logging_mixin.py:188} INFO - [2024-01-13T11:25:46.342+0200] {dag.py:3033} INFO - Sync 1 DAGs
[2024-01-13T11:25:46.350+0200] {logging_mixin.py:188} INFO - [2024-01-13T11:25:46.350+0200] {dag.py:3820} INFO - Setting next_dagrun for example_complex to None, run_after=None
[2024-01-13T11:25:46.367+0200] {processor.py:183} INFO - Processing /Library/Frameworks/Python.framework/Versions/3.10/lib/python3.10/site-packages/airflow/example_dags/example_complex.py took 0.197 seconds
[2024-01-13T11:29:36.143+0200] {processor.py:161} INFO - Started process (PID=27441) to work on /Library/Frameworks/Python.framework/Versions/3.10/lib/python3.10/site-packages/airflow/example_dags/example_complex.py
[2024-01-13T11:29:36.147+0200] {processor.py:830} INFO - Processing file /Library/Frameworks/Python.framework/Versions/3.10/lib/python3.10/site-packages/airflow/example_dags/example_complex.py for tasks to queue
[2024-01-13T11:29:36.147+0200] {logging_mixin.py:188} INFO - [2024-01-13T11:29:36.147+0200] {dagbag.py:538} INFO - Filling up the DagBag from /Library/Frameworks/Python.framework/Versions/3.10/lib/python3.10/site-packages/airflow/example_dags/example_complex.py
[2024-01-13T11:29:36.203+0200] {processor.py:840} INFO - DAG(s) 'example_complex' retrieved from /Library/Frameworks/Python.framework/Versions/3.10/lib/python3.10/site-packages/airflow/example_dags/example_complex.py
[2024-01-13T11:29:36.316+0200] {logging_mixin.py:188} INFO - [2024-01-13T11:29:36.316+0200] {dag.py:3033} INFO - Sync 1 DAGs
[2024-01-13T11:29:36.328+0200] {logging_mixin.py:188} INFO - [2024-01-13T11:29:36.328+0200] {dag.py:3820} INFO - Setting next_dagrun for example_complex to None, run_after=None
[2024-01-13T11:29:36.348+0200] {processor.py:183} INFO - Processing /Library/Frameworks/Python.framework/Versions/3.10/lib/python3.10/site-packages/airflow/example_dags/example_complex.py took 0.207 seconds
[2024-01-13T11:33:29.441+0200] {processor.py:161} INFO - Started process (PID=27697) to work on /Library/Frameworks/Python.framework/Versions/3.10/lib/python3.10/site-packages/airflow/example_dags/example_complex.py
[2024-01-13T11:33:29.447+0200] {processor.py:830} INFO - Processing file /Library/Frameworks/Python.framework/Versions/3.10/lib/python3.10/site-packages/airflow/example_dags/example_complex.py for tasks to queue
[2024-01-13T11:33:29.447+0200] {logging_mixin.py:188} INFO - [2024-01-13T11:33:29.447+0200] {dagbag.py:538} INFO - Filling up the DagBag from /Library/Frameworks/Python.framework/Versions/3.10/lib/python3.10/site-packages/airflow/example_dags/example_complex.py
[2024-01-13T11:33:29.509+0200] {processor.py:840} INFO - DAG(s) 'example_complex' retrieved from /Library/Frameworks/Python.framework/Versions/3.10/lib/python3.10/site-packages/airflow/example_dags/example_complex.py
[2024-01-13T11:33:29.618+0200] {logging_mixin.py:188} INFO - [2024-01-13T11:33:29.617+0200] {dag.py:3033} INFO - Sync 1 DAGs
[2024-01-13T11:33:29.625+0200] {logging_mixin.py:188} INFO - [2024-01-13T11:33:29.625+0200] {dag.py:3820} INFO - Setting next_dagrun for example_complex to None, run_after=None
[2024-01-13T11:33:29.643+0200] {processor.py:183} INFO - Processing /Library/Frameworks/Python.framework/Versions/3.10/lib/python3.10/site-packages/airflow/example_dags/example_complex.py took 0.203 seconds
[2024-01-13T11:37:38.919+0200] {processor.py:161} INFO - Started process (PID=29234) to work on /Library/Frameworks/Python.framework/Versions/3.10/lib/python3.10/site-packages/airflow/example_dags/example_complex.py
[2024-01-13T11:37:38.925+0200] {processor.py:830} INFO - Processing file /Library/Frameworks/Python.framework/Versions/3.10/lib/python3.10/site-packages/airflow/example_dags/example_complex.py for tasks to queue
[2024-01-13T11:37:38.925+0200] {logging_mixin.py:188} INFO - [2024-01-13T11:37:38.925+0200] {dagbag.py:538} INFO - Filling up the DagBag from /Library/Frameworks/Python.framework/Versions/3.10/lib/python3.10/site-packages/airflow/example_dags/example_complex.py
[2024-01-13T11:37:38.976+0200] {processor.py:840} INFO - DAG(s) 'example_complex' retrieved from /Library/Frameworks/Python.framework/Versions/3.10/lib/python3.10/site-packages/airflow/example_dags/example_complex.py
[2024-01-13T11:37:39.076+0200] {logging_mixin.py:188} INFO - [2024-01-13T11:37:39.076+0200] {dag.py:3033} INFO - Sync 1 DAGs
[2024-01-13T11:37:39.083+0200] {logging_mixin.py:188} INFO - [2024-01-13T11:37:39.083+0200] {dag.py:3820} INFO - Setting next_dagrun for example_complex to None, run_after=None
[2024-01-13T11:37:39.099+0200] {processor.py:183} INFO - Processing /Library/Frameworks/Python.framework/Versions/3.10/lib/python3.10/site-packages/airflow/example_dags/example_complex.py took 0.181 seconds
[2024-01-13T11:42:35.252+0200] {processor.py:161} INFO - Started process (PID=29652) to work on /Library/Frameworks/Python.framework/Versions/3.10/lib/python3.10/site-packages/airflow/example_dags/example_complex.py
[2024-01-13T11:42:35.258+0200] {processor.py:830} INFO - Processing file /Library/Frameworks/Python.framework/Versions/3.10/lib/python3.10/site-packages/airflow/example_dags/example_complex.py for tasks to queue
[2024-01-13T11:42:35.259+0200] {logging_mixin.py:188} INFO - [2024-01-13T11:42:35.259+0200] {dagbag.py:538} INFO - Filling up the DagBag from /Library/Frameworks/Python.framework/Versions/3.10/lib/python3.10/site-packages/airflow/example_dags/example_complex.py
[2024-01-13T11:42:35.323+0200] {processor.py:840} INFO - DAG(s) 'example_complex' retrieved from /Library/Frameworks/Python.framework/Versions/3.10/lib/python3.10/site-packages/airflow/example_dags/example_complex.py
[2024-01-13T11:42:35.458+0200] {logging_mixin.py:188} INFO - [2024-01-13T11:42:35.458+0200] {dag.py:3033} INFO - Sync 1 DAGs
[2024-01-13T11:42:35.468+0200] {logging_mixin.py:188} INFO - [2024-01-13T11:42:35.468+0200] {dag.py:3820} INFO - Setting next_dagrun for example_complex to None, run_after=None
[2024-01-13T11:42:35.492+0200] {processor.py:183} INFO - Processing /Library/Frameworks/Python.framework/Versions/3.10/lib/python3.10/site-packages/airflow/example_dags/example_complex.py took 0.241 seconds
[2024-01-13T11:47:52.137+0200] {processor.py:161} INFO - Started process (PID=30107) to work on /Library/Frameworks/Python.framework/Versions/3.10/lib/python3.10/site-packages/airflow/example_dags/example_complex.py
[2024-01-13T11:47:52.143+0200] {processor.py:830} INFO - Processing file /Library/Frameworks/Python.framework/Versions/3.10/lib/python3.10/site-packages/airflow/example_dags/example_complex.py for tasks to queue
[2024-01-13T11:47:52.144+0200] {logging_mixin.py:188} INFO - [2024-01-13T11:47:52.143+0200] {dagbag.py:538} INFO - Filling up the DagBag from /Library/Frameworks/Python.framework/Versions/3.10/lib/python3.10/site-packages/airflow/example_dags/example_complex.py
[2024-01-13T11:47:52.211+0200] {processor.py:840} INFO - DAG(s) 'example_complex' retrieved from /Library/Frameworks/Python.framework/Versions/3.10/lib/python3.10/site-packages/airflow/example_dags/example_complex.py
[2024-01-13T11:47:52.360+0200] {logging_mixin.py:188} INFO - [2024-01-13T11:47:52.360+0200] {dag.py:3033} INFO - Sync 1 DAGs
[2024-01-13T11:47:52.372+0200] {logging_mixin.py:188} INFO - [2024-01-13T11:47:52.371+0200] {dag.py:3820} INFO - Setting next_dagrun for example_complex to None, run_after=None
[2024-01-13T11:47:52.399+0200] {processor.py:183} INFO - Processing /Library/Frameworks/Python.framework/Versions/3.10/lib/python3.10/site-packages/airflow/example_dags/example_complex.py took 0.264 seconds
[2024-01-13T11:54:46.861+0200] {processor.py:161} INFO - Started process (PID=31861) to work on /Library/Frameworks/Python.framework/Versions/3.10/lib/python3.10/site-packages/airflow/example_dags/example_complex.py
[2024-01-13T11:54:46.869+0200] {processor.py:830} INFO - Processing file /Library/Frameworks/Python.framework/Versions/3.10/lib/python3.10/site-packages/airflow/example_dags/example_complex.py for tasks to queue
[2024-01-13T11:54:46.869+0200] {logging_mixin.py:188} INFO - [2024-01-13T11:54:46.869+0200] {dagbag.py:538} INFO - Filling up the DagBag from /Library/Frameworks/Python.framework/Versions/3.10/lib/python3.10/site-packages/airflow/example_dags/example_complex.py
[2024-01-13T11:54:46.960+0200] {processor.py:840} INFO - DAG(s) 'example_complex' retrieved from /Library/Frameworks/Python.framework/Versions/3.10/lib/python3.10/site-packages/airflow/example_dags/example_complex.py
[2024-01-13T11:54:47.110+0200] {logging_mixin.py:188} INFO - [2024-01-13T11:54:47.110+0200] {dag.py:3033} INFO - Sync 1 DAGs
[2024-01-13T11:54:47.121+0200] {logging_mixin.py:188} INFO - [2024-01-13T11:54:47.121+0200] {dag.py:3820} INFO - Setting next_dagrun for example_complex to None, run_after=None
[2024-01-13T11:54:47.147+0200] {processor.py:183} INFO - Processing /Library/Frameworks/Python.framework/Versions/3.10/lib/python3.10/site-packages/airflow/example_dags/example_complex.py took 0.288 seconds
[2024-01-13T11:58:34.389+0200] {processor.py:161} INFO - Started process (PID=32008) to work on /Library/Frameworks/Python.framework/Versions/3.10/lib/python3.10/site-packages/airflow/example_dags/example_complex.py
[2024-01-13T11:58:34.395+0200] {processor.py:830} INFO - Processing file /Library/Frameworks/Python.framework/Versions/3.10/lib/python3.10/site-packages/airflow/example_dags/example_complex.py for tasks to queue
[2024-01-13T11:58:34.396+0200] {logging_mixin.py:188} INFO - [2024-01-13T11:58:34.396+0200] {dagbag.py:538} INFO - Filling up the DagBag from /Library/Frameworks/Python.framework/Versions/3.10/lib/python3.10/site-packages/airflow/example_dags/example_complex.py
[2024-01-13T11:58:34.468+0200] {processor.py:840} INFO - DAG(s) 'example_complex' retrieved from /Library/Frameworks/Python.framework/Versions/3.10/lib/python3.10/site-packages/airflow/example_dags/example_complex.py
[2024-01-13T11:58:34.630+0200] {logging_mixin.py:188} INFO - [2024-01-13T11:58:34.630+0200] {dag.py:3033} INFO - Sync 1 DAGs
[2024-01-13T11:58:34.645+0200] {logging_mixin.py:188} INFO - [2024-01-13T11:58:34.645+0200] {dag.py:3820} INFO - Setting next_dagrun for example_complex to None, run_after=None
[2024-01-13T11:58:34.670+0200] {processor.py:183} INFO - Processing /Library/Frameworks/Python.framework/Versions/3.10/lib/python3.10/site-packages/airflow/example_dags/example_complex.py took 0.283 seconds
[2024-01-13T12:05:41.068+0200] {processor.py:161} INFO - Started process (PID=33801) to work on /Library/Frameworks/Python.framework/Versions/3.10/lib/python3.10/site-packages/airflow/example_dags/example_complex.py
[2024-01-13T12:05:41.079+0200] {processor.py:830} INFO - Processing file /Library/Frameworks/Python.framework/Versions/3.10/lib/python3.10/site-packages/airflow/example_dags/example_complex.py for tasks to queue
[2024-01-13T12:05:41.081+0200] {logging_mixin.py:188} INFO - [2024-01-13T12:05:41.080+0200] {dagbag.py:538} INFO - Filling up the DagBag from /Library/Frameworks/Python.framework/Versions/3.10/lib/python3.10/site-packages/airflow/example_dags/example_complex.py
[2024-01-13T12:05:41.223+0200] {processor.py:840} INFO - DAG(s) 'example_complex' retrieved from /Library/Frameworks/Python.framework/Versions/3.10/lib/python3.10/site-packages/airflow/example_dags/example_complex.py
[2024-01-13T12:05:41.450+0200] {logging_mixin.py:188} INFO - [2024-01-13T12:05:41.449+0200] {dag.py:3033} INFO - Sync 1 DAGs
[2024-01-13T12:05:41.468+0200] {logging_mixin.py:188} INFO - [2024-01-13T12:05:41.468+0200] {dag.py:3820} INFO - Setting next_dagrun for example_complex to None, run_after=None
[2024-01-13T12:05:41.500+0200] {processor.py:183} INFO - Processing /Library/Frameworks/Python.framework/Versions/3.10/lib/python3.10/site-packages/airflow/example_dags/example_complex.py took 0.434 seconds
[2024-01-13T12:10:56.825+0200] {processor.py:161} INFO - Started process (PID=34124) to work on /Library/Frameworks/Python.framework/Versions/3.10/lib/python3.10/site-packages/airflow/example_dags/example_complex.py
[2024-01-13T12:10:56.831+0200] {processor.py:830} INFO - Processing file /Library/Frameworks/Python.framework/Versions/3.10/lib/python3.10/site-packages/airflow/example_dags/example_complex.py for tasks to queue
[2024-01-13T12:10:56.831+0200] {logging_mixin.py:188} INFO - [2024-01-13T12:10:56.831+0200] {dagbag.py:538} INFO - Filling up the DagBag from /Library/Frameworks/Python.framework/Versions/3.10/lib/python3.10/site-packages/airflow/example_dags/example_complex.py
[2024-01-13T12:10:56.895+0200] {processor.py:840} INFO - DAG(s) 'example_complex' retrieved from /Library/Frameworks/Python.framework/Versions/3.10/lib/python3.10/site-packages/airflow/example_dags/example_complex.py
[2024-01-13T12:10:57.025+0200] {logging_mixin.py:188} INFO - [2024-01-13T12:10:57.025+0200] {dag.py:3033} INFO - Sync 1 DAGs
[2024-01-13T12:10:57.035+0200] {logging_mixin.py:188} INFO - [2024-01-13T12:10:57.035+0200] {dag.py:3820} INFO - Setting next_dagrun for example_complex to None, run_after=None
[2024-01-13T12:10:57.057+0200] {processor.py:183} INFO - Processing /Library/Frameworks/Python.framework/Versions/3.10/lib/python3.10/site-packages/airflow/example_dags/example_complex.py took 0.234 seconds
[2024-01-13T12:16:04.935+0200] {processor.py:161} INFO - Started process (PID=34434) to work on /Library/Frameworks/Python.framework/Versions/3.10/lib/python3.10/site-packages/airflow/example_dags/example_complex.py
[2024-01-13T12:16:04.941+0200] {processor.py:830} INFO - Processing file /Library/Frameworks/Python.framework/Versions/3.10/lib/python3.10/site-packages/airflow/example_dags/example_complex.py for tasks to queue
[2024-01-13T12:16:04.942+0200] {logging_mixin.py:188} INFO - [2024-01-13T12:16:04.942+0200] {dagbag.py:538} INFO - Filling up the DagBag from /Library/Frameworks/Python.framework/Versions/3.10/lib/python3.10/site-packages/airflow/example_dags/example_complex.py
[2024-01-13T12:16:05.019+0200] {processor.py:840} INFO - DAG(s) 'example_complex' retrieved from /Library/Frameworks/Python.framework/Versions/3.10/lib/python3.10/site-packages/airflow/example_dags/example_complex.py
[2024-01-13T12:16:05.162+0200] {logging_mixin.py:188} INFO - [2024-01-13T12:16:05.161+0200] {dag.py:3033} INFO - Sync 1 DAGs
[2024-01-13T12:16:05.172+0200] {logging_mixin.py:188} INFO - [2024-01-13T12:16:05.172+0200] {dag.py:3820} INFO - Setting next_dagrun for example_complex to None, run_after=None
[2024-01-13T12:16:05.200+0200] {processor.py:183} INFO - Processing /Library/Frameworks/Python.framework/Versions/3.10/lib/python3.10/site-packages/airflow/example_dags/example_complex.py took 0.267 seconds
[2024-01-13T13:29:45.557+0200] {processor.py:161} INFO - Started process (PID=35508) to work on /Library/Frameworks/Python.framework/Versions/3.10/lib/python3.10/site-packages/airflow/example_dags/example_complex.py
[2024-01-13T13:29:45.562+0200] {processor.py:830} INFO - Processing file /Library/Frameworks/Python.framework/Versions/3.10/lib/python3.10/site-packages/airflow/example_dags/example_complex.py for tasks to queue
[2024-01-13T13:29:45.563+0200] {logging_mixin.py:188} INFO - [2024-01-13T13:29:45.562+0200] {dagbag.py:538} INFO - Filling up the DagBag from /Library/Frameworks/Python.framework/Versions/3.10/lib/python3.10/site-packages/airflow/example_dags/example_complex.py
[2024-01-13T13:29:45.621+0200] {processor.py:840} INFO - DAG(s) 'example_complex' retrieved from /Library/Frameworks/Python.framework/Versions/3.10/lib/python3.10/site-packages/airflow/example_dags/example_complex.py
[2024-01-13T13:29:45.739+0200] {logging_mixin.py:188} INFO - [2024-01-13T13:29:45.738+0200] {dag.py:3033} INFO - Sync 1 DAGs
[2024-01-13T13:29:45.748+0200] {logging_mixin.py:188} INFO - [2024-01-13T13:29:45.748+0200] {dag.py:3820} INFO - Setting next_dagrun for example_complex to None, run_after=None
[2024-01-13T13:29:45.769+0200] {processor.py:183} INFO - Processing /Library/Frameworks/Python.framework/Versions/3.10/lib/python3.10/site-packages/airflow/example_dags/example_complex.py took 0.213 seconds
[2024-01-13T15:18:26.176+0200] {processor.py:161} INFO - Started process (PID=42772) to work on /Library/Frameworks/Python.framework/Versions/3.10/lib/python3.10/site-packages/airflow/example_dags/example_complex.py
[2024-01-13T15:18:26.183+0200] {processor.py:830} INFO - Processing file /Library/Frameworks/Python.framework/Versions/3.10/lib/python3.10/site-packages/airflow/example_dags/example_complex.py for tasks to queue
[2024-01-13T15:18:26.183+0200] {logging_mixin.py:188} INFO - [2024-01-13T15:18:26.183+0200] {dagbag.py:538} INFO - Filling up the DagBag from /Library/Frameworks/Python.framework/Versions/3.10/lib/python3.10/site-packages/airflow/example_dags/example_complex.py
[2024-01-13T15:18:26.245+0200] {processor.py:840} INFO - DAG(s) 'example_complex' retrieved from /Library/Frameworks/Python.framework/Versions/3.10/lib/python3.10/site-packages/airflow/example_dags/example_complex.py
[2024-01-13T15:18:26.445+0200] {logging_mixin.py:188} INFO - [2024-01-13T15:18:26.445+0200] {dag.py:3033} INFO - Sync 1 DAGs
[2024-01-13T15:18:26.453+0200] {logging_mixin.py:188} INFO - [2024-01-13T15:18:26.453+0200] {dag.py:3820} INFO - Setting next_dagrun for example_complex to None, run_after=None
[2024-01-13T15:18:26.475+0200] {processor.py:183} INFO - Processing /Library/Frameworks/Python.framework/Versions/3.10/lib/python3.10/site-packages/airflow/example_dags/example_complex.py took 0.300 seconds
[2024-01-13T15:23:10.793+0200] {processor.py:161} INFO - Started process (PID=42987) to work on /Library/Frameworks/Python.framework/Versions/3.10/lib/python3.10/site-packages/airflow/example_dags/example_complex.py
[2024-01-13T15:23:10.797+0200] {processor.py:830} INFO - Processing file /Library/Frameworks/Python.framework/Versions/3.10/lib/python3.10/site-packages/airflow/example_dags/example_complex.py for tasks to queue
[2024-01-13T15:23:10.798+0200] {logging_mixin.py:188} INFO - [2024-01-13T15:23:10.798+0200] {dagbag.py:538} INFO - Filling up the DagBag from /Library/Frameworks/Python.framework/Versions/3.10/lib/python3.10/site-packages/airflow/example_dags/example_complex.py
[2024-01-13T15:23:10.860+0200] {processor.py:840} INFO - DAG(s) 'example_complex' retrieved from /Library/Frameworks/Python.framework/Versions/3.10/lib/python3.10/site-packages/airflow/example_dags/example_complex.py
[2024-01-13T15:23:10.978+0200] {logging_mixin.py:188} INFO - [2024-01-13T15:23:10.978+0200] {dag.py:3033} INFO - Sync 1 DAGs
[2024-01-13T15:23:10.986+0200] {logging_mixin.py:188} INFO - [2024-01-13T15:23:10.986+0200] {dag.py:3820} INFO - Setting next_dagrun for example_complex to None, run_after=None
[2024-01-13T15:23:11.005+0200] {processor.py:183} INFO - Processing /Library/Frameworks/Python.framework/Versions/3.10/lib/python3.10/site-packages/airflow/example_dags/example_complex.py took 0.213 seconds
[2024-01-13T15:28:17.894+0200] {processor.py:161} INFO - Started process (PID=43348) to work on /Library/Frameworks/Python.framework/Versions/3.10/lib/python3.10/site-packages/airflow/example_dags/example_complex.py
[2024-01-13T15:28:17.901+0200] {processor.py:830} INFO - Processing file /Library/Frameworks/Python.framework/Versions/3.10/lib/python3.10/site-packages/airflow/example_dags/example_complex.py for tasks to queue
[2024-01-13T15:28:17.902+0200] {logging_mixin.py:188} INFO - [2024-01-13T15:28:17.901+0200] {dagbag.py:538} INFO - Filling up the DagBag from /Library/Frameworks/Python.framework/Versions/3.10/lib/python3.10/site-packages/airflow/example_dags/example_complex.py
[2024-01-13T15:28:17.966+0200] {processor.py:840} INFO - DAG(s) 'example_complex' retrieved from /Library/Frameworks/Python.framework/Versions/3.10/lib/python3.10/site-packages/airflow/example_dags/example_complex.py
[2024-01-13T15:28:18.106+0200] {logging_mixin.py:188} INFO - [2024-01-13T15:28:18.106+0200] {dag.py:3033} INFO - Sync 1 DAGs
[2024-01-13T15:28:18.117+0200] {logging_mixin.py:188} INFO - [2024-01-13T15:28:18.117+0200] {dag.py:3820} INFO - Setting next_dagrun for example_complex to None, run_after=None
[2024-01-13T15:28:18.141+0200] {processor.py:183} INFO - Processing /Library/Frameworks/Python.framework/Versions/3.10/lib/python3.10/site-packages/airflow/example_dags/example_complex.py took 0.249 seconds
[2024-01-13T15:34:03.939+0200] {processor.py:161} INFO - Started process (PID=43738) to work on /Library/Frameworks/Python.framework/Versions/3.10/lib/python3.10/site-packages/airflow/example_dags/example_complex.py
[2024-01-13T15:34:03.945+0200] {processor.py:830} INFO - Processing file /Library/Frameworks/Python.framework/Versions/3.10/lib/python3.10/site-packages/airflow/example_dags/example_complex.py for tasks to queue
[2024-01-13T15:34:03.946+0200] {logging_mixin.py:188} INFO - [2024-01-13T15:34:03.946+0200] {dagbag.py:538} INFO - Filling up the DagBag from /Library/Frameworks/Python.framework/Versions/3.10/lib/python3.10/site-packages/airflow/example_dags/example_complex.py
[2024-01-13T15:34:04.011+0200] {processor.py:840} INFO - DAG(s) 'example_complex' retrieved from /Library/Frameworks/Python.framework/Versions/3.10/lib/python3.10/site-packages/airflow/example_dags/example_complex.py
[2024-01-13T15:34:04.232+0200] {logging_mixin.py:188} INFO - [2024-01-13T15:34:04.232+0200] {dag.py:3033} INFO - Sync 1 DAGs
[2024-01-13T15:34:04.241+0200] {logging_mixin.py:188} INFO - [2024-01-13T15:34:04.241+0200] {dag.py:3820} INFO - Setting next_dagrun for example_complex to None, run_after=None
[2024-01-13T15:34:04.264+0200] {processor.py:183} INFO - Processing /Library/Frameworks/Python.framework/Versions/3.10/lib/python3.10/site-packages/airflow/example_dags/example_complex.py took 0.326 seconds
[2024-01-13T15:40:56.064+0200] {processor.py:161} INFO - Started process (PID=44275) to work on /Library/Frameworks/Python.framework/Versions/3.10/lib/python3.10/site-packages/airflow/example_dags/example_complex.py
[2024-01-13T15:40:56.070+0200] {processor.py:830} INFO - Processing file /Library/Frameworks/Python.framework/Versions/3.10/lib/python3.10/site-packages/airflow/example_dags/example_complex.py for tasks to queue
[2024-01-13T15:40:56.071+0200] {logging_mixin.py:188} INFO - [2024-01-13T15:40:56.071+0200] {dagbag.py:538} INFO - Filling up the DagBag from /Library/Frameworks/Python.framework/Versions/3.10/lib/python3.10/site-packages/airflow/example_dags/example_complex.py
[2024-01-13T15:40:56.138+0200] {processor.py:840} INFO - DAG(s) 'example_complex' retrieved from /Library/Frameworks/Python.framework/Versions/3.10/lib/python3.10/site-packages/airflow/example_dags/example_complex.py
[2024-01-13T15:40:56.384+0200] {logging_mixin.py:188} INFO - [2024-01-13T15:40:56.384+0200] {dag.py:3033} INFO - Sync 1 DAGs
[2024-01-13T15:40:56.394+0200] {logging_mixin.py:188} INFO - [2024-01-13T15:40:56.394+0200] {dag.py:3820} INFO - Setting next_dagrun for example_complex to None, run_after=None
[2024-01-13T15:40:56.419+0200] {processor.py:183} INFO - Processing /Library/Frameworks/Python.framework/Versions/3.10/lib/python3.10/site-packages/airflow/example_dags/example_complex.py took 0.357 seconds
[2024-01-14T00:34:23.809+0200] {processor.py:161} INFO - Started process (PID=45803) to work on /Library/Frameworks/Python.framework/Versions/3.10/lib/python3.10/site-packages/airflow/example_dags/example_complex.py
[2024-01-14T00:34:23.814+0200] {processor.py:830} INFO - Processing file /Library/Frameworks/Python.framework/Versions/3.10/lib/python3.10/site-packages/airflow/example_dags/example_complex.py for tasks to queue
[2024-01-14T00:34:23.815+0200] {logging_mixin.py:188} INFO - [2024-01-14T00:34:23.814+0200] {dagbag.py:538} INFO - Filling up the DagBag from /Library/Frameworks/Python.framework/Versions/3.10/lib/python3.10/site-packages/airflow/example_dags/example_complex.py
[2024-01-14T00:34:23.892+0200] {processor.py:840} INFO - DAG(s) 'example_complex' retrieved from /Library/Frameworks/Python.framework/Versions/3.10/lib/python3.10/site-packages/airflow/example_dags/example_complex.py
[2024-01-14T00:34:24.031+0200] {logging_mixin.py:188} INFO - [2024-01-14T00:34:24.031+0200] {dag.py:3033} INFO - Sync 1 DAGs
[2024-01-14T00:34:24.042+0200] {logging_mixin.py:188} INFO - [2024-01-14T00:34:24.041+0200] {dag.py:3820} INFO - Setting next_dagrun for example_complex to None, run_after=None
[2024-01-14T00:34:24.062+0200] {processor.py:183} INFO - Processing /Library/Frameworks/Python.framework/Versions/3.10/lib/python3.10/site-packages/airflow/example_dags/example_complex.py took 0.256 seconds
[2024-01-14T00:39:35.608+0200] {processor.py:161} INFO - Started process (PID=46504) to work on /Library/Frameworks/Python.framework/Versions/3.10/lib/python3.10/site-packages/airflow/example_dags/example_complex.py
[2024-01-14T00:39:35.612+0200] {processor.py:830} INFO - Processing file /Library/Frameworks/Python.framework/Versions/3.10/lib/python3.10/site-packages/airflow/example_dags/example_complex.py for tasks to queue
[2024-01-14T00:39:35.613+0200] {logging_mixin.py:188} INFO - [2024-01-14T00:39:35.613+0200] {dagbag.py:538} INFO - Filling up the DagBag from /Library/Frameworks/Python.framework/Versions/3.10/lib/python3.10/site-packages/airflow/example_dags/example_complex.py
[2024-01-14T00:39:35.671+0200] {processor.py:840} INFO - DAG(s) 'example_complex' retrieved from /Library/Frameworks/Python.framework/Versions/3.10/lib/python3.10/site-packages/airflow/example_dags/example_complex.py
[2024-01-14T00:39:35.782+0200] {logging_mixin.py:188} INFO - [2024-01-14T00:39:35.782+0200] {dag.py:3033} INFO - Sync 1 DAGs
[2024-01-14T00:39:35.790+0200] {logging_mixin.py:188} INFO - [2024-01-14T00:39:35.789+0200] {dag.py:3820} INFO - Setting next_dagrun for example_complex to None, run_after=None
[2024-01-14T00:39:35.807+0200] {processor.py:183} INFO - Processing /Library/Frameworks/Python.framework/Versions/3.10/lib/python3.10/site-packages/airflow/example_dags/example_complex.py took 0.201 seconds
[2024-01-14T00:44:34.021+0200] {processor.py:161} INFO - Started process (PID=46875) to work on /Library/Frameworks/Python.framework/Versions/3.10/lib/python3.10/site-packages/airflow/example_dags/example_complex.py
[2024-01-14T00:44:34.025+0200] {processor.py:830} INFO - Processing file /Library/Frameworks/Python.framework/Versions/3.10/lib/python3.10/site-packages/airflow/example_dags/example_complex.py for tasks to queue
[2024-01-14T00:44:34.026+0200] {logging_mixin.py:188} INFO - [2024-01-14T00:44:34.026+0200] {dagbag.py:538} INFO - Filling up the DagBag from /Library/Frameworks/Python.framework/Versions/3.10/lib/python3.10/site-packages/airflow/example_dags/example_complex.py
[2024-01-14T00:44:34.085+0200] {processor.py:840} INFO - DAG(s) 'example_complex' retrieved from /Library/Frameworks/Python.framework/Versions/3.10/lib/python3.10/site-packages/airflow/example_dags/example_complex.py
[2024-01-14T00:44:34.200+0200] {logging_mixin.py:188} INFO - [2024-01-14T00:44:34.199+0200] {dag.py:3033} INFO - Sync 1 DAGs
[2024-01-14T00:44:34.207+0200] {logging_mixin.py:188} INFO - [2024-01-14T00:44:34.207+0200] {dag.py:3820} INFO - Setting next_dagrun for example_complex to None, run_after=None
[2024-01-14T00:44:34.225+0200] {processor.py:183} INFO - Processing /Library/Frameworks/Python.framework/Versions/3.10/lib/python3.10/site-packages/airflow/example_dags/example_complex.py took 0.206 seconds
[2024-01-14T00:47:48.760+0200] {processor.py:161} INFO - Started process (PID=47041) to work on /Library/Frameworks/Python.framework/Versions/3.10/lib/python3.10/site-packages/airflow/example_dags/example_complex.py
[2024-01-14T00:47:48.766+0200] {processor.py:830} INFO - Processing file /Library/Frameworks/Python.framework/Versions/3.10/lib/python3.10/site-packages/airflow/example_dags/example_complex.py for tasks to queue
[2024-01-14T00:47:48.767+0200] {logging_mixin.py:188} INFO - [2024-01-14T00:47:48.767+0200] {dagbag.py:538} INFO - Filling up the DagBag from /Library/Frameworks/Python.framework/Versions/3.10/lib/python3.10/site-packages/airflow/example_dags/example_complex.py
[2024-01-14T00:47:48.831+0200] {processor.py:840} INFO - DAG(s) 'example_complex' retrieved from /Library/Frameworks/Python.framework/Versions/3.10/lib/python3.10/site-packages/airflow/example_dags/example_complex.py
[2024-01-14T00:47:48.949+0200] {logging_mixin.py:188} INFO - [2024-01-14T00:47:48.949+0200] {dag.py:3033} INFO - Sync 1 DAGs
[2024-01-14T00:47:48.958+0200] {logging_mixin.py:188} INFO - [2024-01-14T00:47:48.958+0200] {dag.py:3820} INFO - Setting next_dagrun for example_complex to None, run_after=None
[2024-01-14T00:47:49.007+0200] {processor.py:183} INFO - Processing /Library/Frameworks/Python.framework/Versions/3.10/lib/python3.10/site-packages/airflow/example_dags/example_complex.py took 0.249 seconds
