[2024-01-13T10:07:16.839+0200] {processor.py:161} INFO - Started process (PID=21783) to work on /Library/Frameworks/Python.framework/Versions/3.10/lib/python3.10/site-packages/airflow/example_dags/example_latest_only_with_trigger.py
[2024-01-13T10:07:16.843+0200] {processor.py:830} INFO - Processing file /Library/Frameworks/Python.framework/Versions/3.10/lib/python3.10/site-packages/airflow/example_dags/example_latest_only_with_trigger.py for tasks to queue
[2024-01-13T10:07:16.844+0200] {logging_mixin.py:188} INFO - [2024-01-13T10:07:16.843+0200] {dagbag.py:538} INFO - Filling up the DagBag from /Library/Frameworks/Python.framework/Versions/3.10/lib/python3.10/site-packages/airflow/example_dags/example_latest_only_with_trigger.py
[2024-01-13T10:07:16.857+0200] {processor.py:840} INFO - DAG(s) 'latest_only_with_trigger' retrieved from /Library/Frameworks/Python.framework/Versions/3.10/lib/python3.10/site-packages/airflow/example_dags/example_latest_only_with_trigger.py
[2024-01-13T10:07:17.003+0200] {logging_mixin.py:188} INFO - [2024-01-13T10:07:17.002+0200] {dag.py:3033} INFO - Sync 1 DAGs
[2024-01-13T10:07:17.016+0200] {logging_mixin.py:188} INFO - [2024-01-13T10:07:17.016+0200] {dag.py:3820} INFO - Setting next_dagrun for latest_only_with_trigger to 2024-01-13T04:00:00+00:00, run_after=2024-01-13T08:00:00+00:00
[2024-01-13T10:07:17.033+0200] {processor.py:183} INFO - Processing /Library/Frameworks/Python.framework/Versions/3.10/lib/python3.10/site-packages/airflow/example_dags/example_latest_only_with_trigger.py took 0.195 seconds
[2024-01-13T10:09:31.794+0200] {processor.py:161} INFO - Started process (PID=21940) to work on /Library/Frameworks/Python.framework/Versions/3.10/lib/python3.10/site-packages/airflow/example_dags/example_latest_only_with_trigger.py
[2024-01-13T10:09:31.798+0200] {processor.py:830} INFO - Processing file /Library/Frameworks/Python.framework/Versions/3.10/lib/python3.10/site-packages/airflow/example_dags/example_latest_only_with_trigger.py for tasks to queue
[2024-01-13T10:09:31.799+0200] {logging_mixin.py:188} INFO - [2024-01-13T10:09:31.799+0200] {dagbag.py:538} INFO - Filling up the DagBag from /Library/Frameworks/Python.framework/Versions/3.10/lib/python3.10/site-packages/airflow/example_dags/example_latest_only_with_trigger.py
[2024-01-13T10:09:31.811+0200] {processor.py:840} INFO - DAG(s) 'latest_only_with_trigger' retrieved from /Library/Frameworks/Python.framework/Versions/3.10/lib/python3.10/site-packages/airflow/example_dags/example_latest_only_with_trigger.py
[2024-01-13T10:09:31.957+0200] {logging_mixin.py:188} INFO - [2024-01-13T10:09:31.957+0200] {dag.py:3033} INFO - Sync 1 DAGs
[2024-01-13T10:09:31.970+0200] {logging_mixin.py:188} INFO - [2024-01-13T10:09:31.970+0200] {dag.py:3820} INFO - Setting next_dagrun for latest_only_with_trigger to 2024-01-13T04:00:00+00:00, run_after=2024-01-13T08:00:00+00:00
[2024-01-13T10:09:31.994+0200] {processor.py:183} INFO - Processing /Library/Frameworks/Python.framework/Versions/3.10/lib/python3.10/site-packages/airflow/example_dags/example_latest_only_with_trigger.py took 0.202 seconds
[2024-01-13T10:13:40.682+0200] {processor.py:161} INFO - Started process (PID=22227) to work on /Library/Frameworks/Python.framework/Versions/3.10/lib/python3.10/site-packages/airflow/example_dags/example_latest_only_with_trigger.py
[2024-01-13T10:13:40.687+0200] {processor.py:830} INFO - Processing file /Library/Frameworks/Python.framework/Versions/3.10/lib/python3.10/site-packages/airflow/example_dags/example_latest_only_with_trigger.py for tasks to queue
[2024-01-13T10:13:40.687+0200] {logging_mixin.py:188} INFO - [2024-01-13T10:13:40.687+0200] {dagbag.py:538} INFO - Filling up the DagBag from /Library/Frameworks/Python.framework/Versions/3.10/lib/python3.10/site-packages/airflow/example_dags/example_latest_only_with_trigger.py
[2024-01-13T10:13:40.701+0200] {processor.py:840} INFO - DAG(s) 'latest_only_with_trigger' retrieved from /Library/Frameworks/Python.framework/Versions/3.10/lib/python3.10/site-packages/airflow/example_dags/example_latest_only_with_trigger.py
[2024-01-13T10:13:40.856+0200] {logging_mixin.py:188} INFO - [2024-01-13T10:13:40.856+0200] {dag.py:3033} INFO - Sync 1 DAGs
[2024-01-13T10:13:40.875+0200] {logging_mixin.py:188} INFO - [2024-01-13T10:13:40.875+0200] {dag.py:3820} INFO - Setting next_dagrun for latest_only_with_trigger to 2024-01-13T04:00:00+00:00, run_after=2024-01-13T08:00:00+00:00
[2024-01-13T10:13:40.893+0200] {processor.py:183} INFO - Processing /Library/Frameworks/Python.framework/Versions/3.10/lib/python3.10/site-packages/airflow/example_dags/example_latest_only_with_trigger.py took 0.212 seconds
[2024-01-13T10:17:52.321+0200] {processor.py:161} INFO - Started process (PID=23360) to work on /Library/Frameworks/Python.framework/Versions/3.10/lib/python3.10/site-packages/airflow/example_dags/example_latest_only_with_trigger.py
[2024-01-13T10:17:52.326+0200] {processor.py:830} INFO - Processing file /Library/Frameworks/Python.framework/Versions/3.10/lib/python3.10/site-packages/airflow/example_dags/example_latest_only_with_trigger.py for tasks to queue
[2024-01-13T10:17:52.326+0200] {logging_mixin.py:188} INFO - [2024-01-13T10:17:52.326+0200] {dagbag.py:538} INFO - Filling up the DagBag from /Library/Frameworks/Python.framework/Versions/3.10/lib/python3.10/site-packages/airflow/example_dags/example_latest_only_with_trigger.py
[2024-01-13T10:17:52.339+0200] {processor.py:840} INFO - DAG(s) 'latest_only_with_trigger' retrieved from /Library/Frameworks/Python.framework/Versions/3.10/lib/python3.10/site-packages/airflow/example_dags/example_latest_only_with_trigger.py
[2024-01-13T10:17:52.480+0200] {logging_mixin.py:188} INFO - [2024-01-13T10:17:52.480+0200] {dag.py:3033} INFO - Sync 1 DAGs
[2024-01-13T10:17:52.494+0200] {logging_mixin.py:188} INFO - [2024-01-13T10:17:52.493+0200] {dag.py:3820} INFO - Setting next_dagrun for latest_only_with_trigger to 2024-01-13T04:00:00+00:00, run_after=2024-01-13T08:00:00+00:00
[2024-01-13T10:17:52.511+0200] {processor.py:183} INFO - Processing /Library/Frameworks/Python.framework/Versions/3.10/lib/python3.10/site-packages/airflow/example_dags/example_latest_only_with_trigger.py took 0.192 seconds
[2024-01-13T10:21:46.896+0200] {processor.py:161} INFO - Started process (PID=23530) to work on /Library/Frameworks/Python.framework/Versions/3.10/lib/python3.10/site-packages/airflow/example_dags/example_latest_only_with_trigger.py
[2024-01-13T10:21:46.901+0200] {processor.py:830} INFO - Processing file /Library/Frameworks/Python.framework/Versions/3.10/lib/python3.10/site-packages/airflow/example_dags/example_latest_only_with_trigger.py for tasks to queue
[2024-01-13T10:21:46.901+0200] {logging_mixin.py:188} INFO - [2024-01-13T10:21:46.901+0200] {dagbag.py:538} INFO - Filling up the DagBag from /Library/Frameworks/Python.framework/Versions/3.10/lib/python3.10/site-packages/airflow/example_dags/example_latest_only_with_trigger.py
[2024-01-13T10:21:46.913+0200] {processor.py:840} INFO - DAG(s) 'latest_only_with_trigger' retrieved from /Library/Frameworks/Python.framework/Versions/3.10/lib/python3.10/site-packages/airflow/example_dags/example_latest_only_with_trigger.py
[2024-01-13T10:21:47.055+0200] {logging_mixin.py:188} INFO - [2024-01-13T10:21:47.055+0200] {dag.py:3033} INFO - Sync 1 DAGs
[2024-01-13T10:21:47.069+0200] {logging_mixin.py:188} INFO - [2024-01-13T10:21:47.069+0200] {dag.py:3820} INFO - Setting next_dagrun for latest_only_with_trigger to 2024-01-13T04:00:00+00:00, run_after=2024-01-13T08:00:00+00:00
[2024-01-13T10:21:47.086+0200] {processor.py:183} INFO - Processing /Library/Frameworks/Python.framework/Versions/3.10/lib/python3.10/site-packages/airflow/example_dags/example_latest_only_with_trigger.py took 0.192 seconds
[2024-01-13T10:25:40.543+0200] {processor.py:161} INFO - Started process (PID=23783) to work on /Library/Frameworks/Python.framework/Versions/3.10/lib/python3.10/site-packages/airflow/example_dags/example_latest_only_with_trigger.py
[2024-01-13T10:25:40.549+0200] {processor.py:830} INFO - Processing file /Library/Frameworks/Python.framework/Versions/3.10/lib/python3.10/site-packages/airflow/example_dags/example_latest_only_with_trigger.py for tasks to queue
[2024-01-13T10:25:40.549+0200] {logging_mixin.py:188} INFO - [2024-01-13T10:25:40.549+0200] {dagbag.py:538} INFO - Filling up the DagBag from /Library/Frameworks/Python.framework/Versions/3.10/lib/python3.10/site-packages/airflow/example_dags/example_latest_only_with_trigger.py
[2024-01-13T10:25:40.563+0200] {processor.py:840} INFO - DAG(s) 'latest_only_with_trigger' retrieved from /Library/Frameworks/Python.framework/Versions/3.10/lib/python3.10/site-packages/airflow/example_dags/example_latest_only_with_trigger.py
[2024-01-13T10:25:40.712+0200] {logging_mixin.py:188} INFO - [2024-01-13T10:25:40.712+0200] {dag.py:3033} INFO - Sync 1 DAGs
[2024-01-13T10:25:40.726+0200] {logging_mixin.py:188} INFO - [2024-01-13T10:25:40.726+0200] {dag.py:3820} INFO - Setting next_dagrun for latest_only_with_trigger to 2024-01-13T04:00:00+00:00, run_after=2024-01-13T08:00:00+00:00
[2024-01-13T10:25:40.743+0200] {processor.py:183} INFO - Processing /Library/Frameworks/Python.framework/Versions/3.10/lib/python3.10/site-packages/airflow/example_dags/example_latest_only_with_trigger.py took 0.201 seconds
[2024-01-13T10:29:35.980+0200] {processor.py:161} INFO - Started process (PID=23945) to work on /Library/Frameworks/Python.framework/Versions/3.10/lib/python3.10/site-packages/airflow/example_dags/example_latest_only_with_trigger.py
[2024-01-13T10:29:35.985+0200] {processor.py:830} INFO - Processing file /Library/Frameworks/Python.framework/Versions/3.10/lib/python3.10/site-packages/airflow/example_dags/example_latest_only_with_trigger.py for tasks to queue
[2024-01-13T10:29:35.986+0200] {logging_mixin.py:188} INFO - [2024-01-13T10:29:35.986+0200] {dagbag.py:538} INFO - Filling up the DagBag from /Library/Frameworks/Python.framework/Versions/3.10/lib/python3.10/site-packages/airflow/example_dags/example_latest_only_with_trigger.py
[2024-01-13T10:29:35.998+0200] {processor.py:840} INFO - DAG(s) 'latest_only_with_trigger' retrieved from /Library/Frameworks/Python.framework/Versions/3.10/lib/python3.10/site-packages/airflow/example_dags/example_latest_only_with_trigger.py
[2024-01-13T10:29:36.147+0200] {logging_mixin.py:188} INFO - [2024-01-13T10:29:36.146+0200] {dag.py:3033} INFO - Sync 1 DAGs
[2024-01-13T10:29:36.161+0200] {logging_mixin.py:188} INFO - [2024-01-13T10:29:36.161+0200] {dag.py:3820} INFO - Setting next_dagrun for latest_only_with_trigger to 2024-01-13T04:00:00+00:00, run_after=2024-01-13T08:00:00+00:00
[2024-01-13T10:29:36.177+0200] {processor.py:183} INFO - Processing /Library/Frameworks/Python.framework/Versions/3.10/lib/python3.10/site-packages/airflow/example_dags/example_latest_only_with_trigger.py took 0.198 seconds
[2024-01-13T10:33:25.504+0200] {processor.py:161} INFO - Started process (PID=24219) to work on /Library/Frameworks/Python.framework/Versions/3.10/lib/python3.10/site-packages/airflow/example_dags/example_latest_only_with_trigger.py
[2024-01-13T10:33:25.509+0200] {processor.py:830} INFO - Processing file /Library/Frameworks/Python.framework/Versions/3.10/lib/python3.10/site-packages/airflow/example_dags/example_latest_only_with_trigger.py for tasks to queue
[2024-01-13T10:33:25.510+0200] {logging_mixin.py:188} INFO - [2024-01-13T10:33:25.509+0200] {dagbag.py:538} INFO - Filling up the DagBag from /Library/Frameworks/Python.framework/Versions/3.10/lib/python3.10/site-packages/airflow/example_dags/example_latest_only_with_trigger.py
[2024-01-13T10:33:25.522+0200] {processor.py:840} INFO - DAG(s) 'latest_only_with_trigger' retrieved from /Library/Frameworks/Python.framework/Versions/3.10/lib/python3.10/site-packages/airflow/example_dags/example_latest_only_with_trigger.py
[2024-01-13T10:33:25.664+0200] {logging_mixin.py:188} INFO - [2024-01-13T10:33:25.663+0200] {dag.py:3033} INFO - Sync 1 DAGs
[2024-01-13T10:33:25.677+0200] {logging_mixin.py:188} INFO - [2024-01-13T10:33:25.677+0200] {dag.py:3820} INFO - Setting next_dagrun for latest_only_with_trigger to 2024-01-13T04:00:00+00:00, run_after=2024-01-13T08:00:00+00:00
[2024-01-13T10:33:25.695+0200] {processor.py:183} INFO - Processing /Library/Frameworks/Python.framework/Versions/3.10/lib/python3.10/site-packages/airflow/example_dags/example_latest_only_with_trigger.py took 0.193 seconds
[2024-01-13T10:37:19.361+0200] {processor.py:161} INFO - Started process (PID=24405) to work on /Library/Frameworks/Python.framework/Versions/3.10/lib/python3.10/site-packages/airflow/example_dags/example_latest_only_with_trigger.py
[2024-01-13T10:37:19.366+0200] {processor.py:830} INFO - Processing file /Library/Frameworks/Python.framework/Versions/3.10/lib/python3.10/site-packages/airflow/example_dags/example_latest_only_with_trigger.py for tasks to queue
[2024-01-13T10:37:19.366+0200] {logging_mixin.py:188} INFO - [2024-01-13T10:37:19.366+0200] {dagbag.py:538} INFO - Filling up the DagBag from /Library/Frameworks/Python.framework/Versions/3.10/lib/python3.10/site-packages/airflow/example_dags/example_latest_only_with_trigger.py
[2024-01-13T10:37:19.379+0200] {processor.py:840} INFO - DAG(s) 'latest_only_with_trigger' retrieved from /Library/Frameworks/Python.framework/Versions/3.10/lib/python3.10/site-packages/airflow/example_dags/example_latest_only_with_trigger.py
[2024-01-13T10:37:19.533+0200] {logging_mixin.py:188} INFO - [2024-01-13T10:37:19.532+0200] {dag.py:3033} INFO - Sync 1 DAGs
[2024-01-13T10:37:19.548+0200] {logging_mixin.py:188} INFO - [2024-01-13T10:37:19.548+0200] {dag.py:3820} INFO - Setting next_dagrun for latest_only_with_trigger to 2024-01-13T04:00:00+00:00, run_after=2024-01-13T08:00:00+00:00
[2024-01-13T10:37:19.567+0200] {processor.py:183} INFO - Processing /Library/Frameworks/Python.framework/Versions/3.10/lib/python3.10/site-packages/airflow/example_dags/example_latest_only_with_trigger.py took 0.208 seconds
[2024-01-13T10:41:15.044+0200] {processor.py:161} INFO - Started process (PID=24653) to work on /Library/Frameworks/Python.framework/Versions/3.10/lib/python3.10/site-packages/airflow/example_dags/example_latest_only_with_trigger.py
[2024-01-13T10:41:15.049+0200] {processor.py:830} INFO - Processing file /Library/Frameworks/Python.framework/Versions/3.10/lib/python3.10/site-packages/airflow/example_dags/example_latest_only_with_trigger.py for tasks to queue
[2024-01-13T10:41:15.050+0200] {logging_mixin.py:188} INFO - [2024-01-13T10:41:15.050+0200] {dagbag.py:538} INFO - Filling up the DagBag from /Library/Frameworks/Python.framework/Versions/3.10/lib/python3.10/site-packages/airflow/example_dags/example_latest_only_with_trigger.py
[2024-01-13T10:41:15.061+0200] {processor.py:840} INFO - DAG(s) 'latest_only_with_trigger' retrieved from /Library/Frameworks/Python.framework/Versions/3.10/lib/python3.10/site-packages/airflow/example_dags/example_latest_only_with_trigger.py
[2024-01-13T10:41:15.205+0200] {logging_mixin.py:188} INFO - [2024-01-13T10:41:15.205+0200] {dag.py:3033} INFO - Sync 1 DAGs
[2024-01-13T10:41:15.218+0200] {logging_mixin.py:188} INFO - [2024-01-13T10:41:15.218+0200] {dag.py:3820} INFO - Setting next_dagrun for latest_only_with_trigger to 2024-01-13T04:00:00+00:00, run_after=2024-01-13T08:00:00+00:00
[2024-01-13T10:41:15.245+0200] {processor.py:183} INFO - Processing /Library/Frameworks/Python.framework/Versions/3.10/lib/python3.10/site-packages/airflow/example_dags/example_latest_only_with_trigger.py took 0.202 seconds
[2024-01-13T10:45:13.247+0200] {processor.py:161} INFO - Started process (PID=24925) to work on /Library/Frameworks/Python.framework/Versions/3.10/lib/python3.10/site-packages/airflow/example_dags/example_latest_only_with_trigger.py
[2024-01-13T10:45:13.251+0200] {processor.py:830} INFO - Processing file /Library/Frameworks/Python.framework/Versions/3.10/lib/python3.10/site-packages/airflow/example_dags/example_latest_only_with_trigger.py for tasks to queue
[2024-01-13T10:45:13.252+0200] {logging_mixin.py:188} INFO - [2024-01-13T10:45:13.252+0200] {dagbag.py:538} INFO - Filling up the DagBag from /Library/Frameworks/Python.framework/Versions/3.10/lib/python3.10/site-packages/airflow/example_dags/example_latest_only_with_trigger.py
[2024-01-13T10:45:13.264+0200] {processor.py:840} INFO - DAG(s) 'latest_only_with_trigger' retrieved from /Library/Frameworks/Python.framework/Versions/3.10/lib/python3.10/site-packages/airflow/example_dags/example_latest_only_with_trigger.py
[2024-01-13T10:45:13.410+0200] {logging_mixin.py:188} INFO - [2024-01-13T10:45:13.409+0200] {dag.py:3033} INFO - Sync 1 DAGs
[2024-01-13T10:45:13.424+0200] {logging_mixin.py:188} INFO - [2024-01-13T10:45:13.424+0200] {dag.py:3820} INFO - Setting next_dagrun for latest_only_with_trigger to 2024-01-13T04:00:00+00:00, run_after=2024-01-13T08:00:00+00:00
[2024-01-13T10:45:13.441+0200] {processor.py:183} INFO - Processing /Library/Frameworks/Python.framework/Versions/3.10/lib/python3.10/site-packages/airflow/example_dags/example_latest_only_with_trigger.py took 0.196 seconds
[2024-01-13T10:48:53.990+0200] {processor.py:161} INFO - Started process (PID=25077) to work on /Library/Frameworks/Python.framework/Versions/3.10/lib/python3.10/site-packages/airflow/example_dags/example_latest_only_with_trigger.py
[2024-01-13T10:48:53.994+0200] {processor.py:830} INFO - Processing file /Library/Frameworks/Python.framework/Versions/3.10/lib/python3.10/site-packages/airflow/example_dags/example_latest_only_with_trigger.py for tasks to queue
[2024-01-13T10:48:53.995+0200] {logging_mixin.py:188} INFO - [2024-01-13T10:48:53.995+0200] {dagbag.py:538} INFO - Filling up the DagBag from /Library/Frameworks/Python.framework/Versions/3.10/lib/python3.10/site-packages/airflow/example_dags/example_latest_only_with_trigger.py
[2024-01-13T10:48:54.007+0200] {processor.py:840} INFO - DAG(s) 'latest_only_with_trigger' retrieved from /Library/Frameworks/Python.framework/Versions/3.10/lib/python3.10/site-packages/airflow/example_dags/example_latest_only_with_trigger.py
[2024-01-13T10:48:54.144+0200] {logging_mixin.py:188} INFO - [2024-01-13T10:48:54.143+0200] {dag.py:3033} INFO - Sync 1 DAGs
[2024-01-13T10:48:54.157+0200] {logging_mixin.py:188} INFO - [2024-01-13T10:48:54.157+0200] {dag.py:3820} INFO - Setting next_dagrun for latest_only_with_trigger to 2024-01-13T04:00:00+00:00, run_after=2024-01-13T08:00:00+00:00
[2024-01-13T10:48:54.173+0200] {processor.py:183} INFO - Processing /Library/Frameworks/Python.framework/Versions/3.10/lib/python3.10/site-packages/airflow/example_dags/example_latest_only_with_trigger.py took 0.185 seconds
[2024-01-13T10:52:34.072+0200] {processor.py:161} INFO - Started process (PID=25320) to work on /Library/Frameworks/Python.framework/Versions/3.10/lib/python3.10/site-packages/airflow/example_dags/example_latest_only_with_trigger.py
[2024-01-13T10:52:34.078+0200] {processor.py:830} INFO - Processing file /Library/Frameworks/Python.framework/Versions/3.10/lib/python3.10/site-packages/airflow/example_dags/example_latest_only_with_trigger.py for tasks to queue
[2024-01-13T10:52:34.079+0200] {logging_mixin.py:188} INFO - [2024-01-13T10:52:34.079+0200] {dagbag.py:538} INFO - Filling up the DagBag from /Library/Frameworks/Python.framework/Versions/3.10/lib/python3.10/site-packages/airflow/example_dags/example_latest_only_with_trigger.py
[2024-01-13T10:52:34.107+0200] {processor.py:840} INFO - DAG(s) 'latest_only_with_trigger' retrieved from /Library/Frameworks/Python.framework/Versions/3.10/lib/python3.10/site-packages/airflow/example_dags/example_latest_only_with_trigger.py
[2024-01-13T10:52:34.251+0200] {logging_mixin.py:188} INFO - [2024-01-13T10:52:34.250+0200] {dag.py:3033} INFO - Sync 1 DAGs
[2024-01-13T10:52:34.264+0200] {logging_mixin.py:188} INFO - [2024-01-13T10:52:34.264+0200] {dag.py:3820} INFO - Setting next_dagrun for latest_only_with_trigger to 2024-01-13T04:00:00+00:00, run_after=2024-01-13T08:00:00+00:00
[2024-01-13T10:52:34.281+0200] {processor.py:183} INFO - Processing /Library/Frameworks/Python.framework/Versions/3.10/lib/python3.10/site-packages/airflow/example_dags/example_latest_only_with_trigger.py took 0.211 seconds
[2024-01-13T10:56:37.603+0200] {processor.py:161} INFO - Started process (PID=25608) to work on /Library/Frameworks/Python.framework/Versions/3.10/lib/python3.10/site-packages/airflow/example_dags/example_latest_only_with_trigger.py
[2024-01-13T10:56:37.607+0200] {processor.py:830} INFO - Processing file /Library/Frameworks/Python.framework/Versions/3.10/lib/python3.10/site-packages/airflow/example_dags/example_latest_only_with_trigger.py for tasks to queue
[2024-01-13T10:56:37.608+0200] {logging_mixin.py:188} INFO - [2024-01-13T10:56:37.608+0200] {dagbag.py:538} INFO - Filling up the DagBag from /Library/Frameworks/Python.framework/Versions/3.10/lib/python3.10/site-packages/airflow/example_dags/example_latest_only_with_trigger.py
[2024-01-13T10:56:37.619+0200] {processor.py:840} INFO - DAG(s) 'latest_only_with_trigger' retrieved from /Library/Frameworks/Python.framework/Versions/3.10/lib/python3.10/site-packages/airflow/example_dags/example_latest_only_with_trigger.py
[2024-01-13T10:56:37.759+0200] {logging_mixin.py:188} INFO - [2024-01-13T10:56:37.758+0200] {dag.py:3033} INFO - Sync 1 DAGs
[2024-01-13T10:56:37.773+0200] {logging_mixin.py:188} INFO - [2024-01-13T10:56:37.772+0200] {dag.py:3820} INFO - Setting next_dagrun for latest_only_with_trigger to 2024-01-13T04:00:00+00:00, run_after=2024-01-13T08:00:00+00:00
[2024-01-13T10:56:37.790+0200] {processor.py:183} INFO - Processing /Library/Frameworks/Python.framework/Versions/3.10/lib/python3.10/site-packages/airflow/example_dags/example_latest_only_with_trigger.py took 0.188 seconds
[2024-01-13T11:00:26.439+0200] {processor.py:161} INFO - Started process (PID=25764) to work on /Library/Frameworks/Python.framework/Versions/3.10/lib/python3.10/site-packages/airflow/example_dags/example_latest_only_with_trigger.py
[2024-01-13T11:00:26.443+0200] {processor.py:830} INFO - Processing file /Library/Frameworks/Python.framework/Versions/3.10/lib/python3.10/site-packages/airflow/example_dags/example_latest_only_with_trigger.py for tasks to queue
[2024-01-13T11:00:26.443+0200] {logging_mixin.py:188} INFO - [2024-01-13T11:00:26.443+0200] {dagbag.py:538} INFO - Filling up the DagBag from /Library/Frameworks/Python.framework/Versions/3.10/lib/python3.10/site-packages/airflow/example_dags/example_latest_only_with_trigger.py
[2024-01-13T11:00:26.454+0200] {processor.py:840} INFO - DAG(s) 'latest_only_with_trigger' retrieved from /Library/Frameworks/Python.framework/Versions/3.10/lib/python3.10/site-packages/airflow/example_dags/example_latest_only_with_trigger.py
[2024-01-13T11:00:26.602+0200] {logging_mixin.py:188} INFO - [2024-01-13T11:00:26.602+0200] {dag.py:3033} INFO - Sync 1 DAGs
[2024-01-13T11:00:26.616+0200] {logging_mixin.py:188} INFO - [2024-01-13T11:00:26.616+0200] {dag.py:3820} INFO - Setting next_dagrun for latest_only_with_trigger to 2024-01-13T04:00:00+00:00, run_after=2024-01-13T08:00:00+00:00
[2024-01-13T11:00:26.634+0200] {processor.py:183} INFO - Processing /Library/Frameworks/Python.framework/Versions/3.10/lib/python3.10/site-packages/airflow/example_dags/example_latest_only_with_trigger.py took 0.197 seconds
[2024-01-13T11:04:14.344+0200] {processor.py:161} INFO - Started process (PID=25922) to work on /Library/Frameworks/Python.framework/Versions/3.10/lib/python3.10/site-packages/airflow/example_dags/example_latest_only_with_trigger.py
[2024-01-13T11:04:14.348+0200] {processor.py:830} INFO - Processing file /Library/Frameworks/Python.framework/Versions/3.10/lib/python3.10/site-packages/airflow/example_dags/example_latest_only_with_trigger.py for tasks to queue
[2024-01-13T11:04:14.348+0200] {logging_mixin.py:188} INFO - [2024-01-13T11:04:14.348+0200] {dagbag.py:538} INFO - Filling up the DagBag from /Library/Frameworks/Python.framework/Versions/3.10/lib/python3.10/site-packages/airflow/example_dags/example_latest_only_with_trigger.py
[2024-01-13T11:04:14.358+0200] {processor.py:840} INFO - DAG(s) 'latest_only_with_trigger' retrieved from /Library/Frameworks/Python.framework/Versions/3.10/lib/python3.10/site-packages/airflow/example_dags/example_latest_only_with_trigger.py
[2024-01-13T11:04:14.496+0200] {logging_mixin.py:188} INFO - [2024-01-13T11:04:14.496+0200] {dag.py:3033} INFO - Sync 1 DAGs
[2024-01-13T11:04:14.510+0200] {logging_mixin.py:188} INFO - [2024-01-13T11:04:14.510+0200] {dag.py:3820} INFO - Setting next_dagrun for latest_only_with_trigger to 2024-01-13T04:00:00+00:00, run_after=2024-01-13T08:00:00+00:00
[2024-01-13T11:04:14.527+0200] {processor.py:183} INFO - Processing /Library/Frameworks/Python.framework/Versions/3.10/lib/python3.10/site-packages/airflow/example_dags/example_latest_only_with_trigger.py took 0.185 seconds
[2024-01-13T11:08:11.137+0200] {processor.py:161} INFO - Started process (PID=26197) to work on /Library/Frameworks/Python.framework/Versions/3.10/lib/python3.10/site-packages/airflow/example_dags/example_latest_only_with_trigger.py
[2024-01-13T11:08:11.142+0200] {processor.py:830} INFO - Processing file /Library/Frameworks/Python.framework/Versions/3.10/lib/python3.10/site-packages/airflow/example_dags/example_latest_only_with_trigger.py for tasks to queue
[2024-01-13T11:08:11.143+0200] {logging_mixin.py:188} INFO - [2024-01-13T11:08:11.142+0200] {dagbag.py:538} INFO - Filling up the DagBag from /Library/Frameworks/Python.framework/Versions/3.10/lib/python3.10/site-packages/airflow/example_dags/example_latest_only_with_trigger.py
[2024-01-13T11:08:11.157+0200] {processor.py:840} INFO - DAG(s) 'latest_only_with_trigger' retrieved from /Library/Frameworks/Python.framework/Versions/3.10/lib/python3.10/site-packages/airflow/example_dags/example_latest_only_with_trigger.py
[2024-01-13T11:08:11.332+0200] {logging_mixin.py:188} INFO - [2024-01-13T11:08:11.331+0200] {dag.py:3033} INFO - Sync 1 DAGs
[2024-01-13T11:08:11.350+0200] {logging_mixin.py:188} INFO - [2024-01-13T11:08:11.350+0200] {dag.py:3820} INFO - Setting next_dagrun for latest_only_with_trigger to 2024-01-13T04:00:00+00:00, run_after=2024-01-13T08:00:00+00:00
[2024-01-13T11:08:11.371+0200] {processor.py:183} INFO - Processing /Library/Frameworks/Python.framework/Versions/3.10/lib/python3.10/site-packages/airflow/example_dags/example_latest_only_with_trigger.py took 0.236 seconds
[2024-01-13T11:12:06.549+0200] {processor.py:161} INFO - Started process (PID=26369) to work on /Library/Frameworks/Python.framework/Versions/3.10/lib/python3.10/site-packages/airflow/example_dags/example_latest_only_with_trigger.py
[2024-01-13T11:12:06.554+0200] {processor.py:830} INFO - Processing file /Library/Frameworks/Python.framework/Versions/3.10/lib/python3.10/site-packages/airflow/example_dags/example_latest_only_with_trigger.py for tasks to queue
[2024-01-13T11:12:06.554+0200] {logging_mixin.py:188} INFO - [2024-01-13T11:12:06.554+0200] {dagbag.py:538} INFO - Filling up the DagBag from /Library/Frameworks/Python.framework/Versions/3.10/lib/python3.10/site-packages/airflow/example_dags/example_latest_only_with_trigger.py
[2024-01-13T11:12:06.568+0200] {processor.py:840} INFO - DAG(s) 'latest_only_with_trigger' retrieved from /Library/Frameworks/Python.framework/Versions/3.10/lib/python3.10/site-packages/airflow/example_dags/example_latest_only_with_trigger.py
[2024-01-13T11:12:06.707+0200] {logging_mixin.py:188} INFO - [2024-01-13T11:12:06.707+0200] {dag.py:3033} INFO - Sync 1 DAGs
[2024-01-13T11:12:06.722+0200] {logging_mixin.py:188} INFO - [2024-01-13T11:12:06.721+0200] {dag.py:3820} INFO - Setting next_dagrun for latest_only_with_trigger to 2024-01-13T04:00:00+00:00, run_after=2024-01-13T08:00:00+00:00
[2024-01-13T11:12:06.738+0200] {processor.py:183} INFO - Processing /Library/Frameworks/Python.framework/Versions/3.10/lib/python3.10/site-packages/airflow/example_dags/example_latest_only_with_trigger.py took 0.191 seconds
[2024-01-13T11:15:58.688+0200] {processor.py:161} INFO - Started process (PID=26625) to work on /Library/Frameworks/Python.framework/Versions/3.10/lib/python3.10/site-packages/airflow/example_dags/example_latest_only_with_trigger.py
[2024-01-13T11:15:58.693+0200] {processor.py:830} INFO - Processing file /Library/Frameworks/Python.framework/Versions/3.10/lib/python3.10/site-packages/airflow/example_dags/example_latest_only_with_trigger.py for tasks to queue
[2024-01-13T11:15:58.694+0200] {logging_mixin.py:188} INFO - [2024-01-13T11:15:58.694+0200] {dagbag.py:538} INFO - Filling up the DagBag from /Library/Frameworks/Python.framework/Versions/3.10/lib/python3.10/site-packages/airflow/example_dags/example_latest_only_with_trigger.py
[2024-01-13T11:15:58.705+0200] {processor.py:840} INFO - DAG(s) 'latest_only_with_trigger' retrieved from /Library/Frameworks/Python.framework/Versions/3.10/lib/python3.10/site-packages/airflow/example_dags/example_latest_only_with_trigger.py
[2024-01-13T11:15:58.848+0200] {logging_mixin.py:188} INFO - [2024-01-13T11:15:58.848+0200] {dag.py:3033} INFO - Sync 1 DAGs
[2024-01-13T11:15:58.863+0200] {logging_mixin.py:188} INFO - [2024-01-13T11:15:58.862+0200] {dag.py:3820} INFO - Setting next_dagrun for latest_only_with_trigger to 2024-01-13T04:00:00+00:00, run_after=2024-01-13T08:00:00+00:00
[2024-01-13T11:15:58.879+0200] {processor.py:183} INFO - Processing /Library/Frameworks/Python.framework/Versions/3.10/lib/python3.10/site-packages/airflow/example_dags/example_latest_only_with_trigger.py took 0.193 seconds
[2024-01-13T11:19:53.190+0200] {processor.py:161} INFO - Started process (PID=26891) to work on /Library/Frameworks/Python.framework/Versions/3.10/lib/python3.10/site-packages/airflow/example_dags/example_latest_only_with_trigger.py
[2024-01-13T11:19:53.198+0200] {processor.py:830} INFO - Processing file /Library/Frameworks/Python.framework/Versions/3.10/lib/python3.10/site-packages/airflow/example_dags/example_latest_only_with_trigger.py for tasks to queue
[2024-01-13T11:19:53.218+0200] {logging_mixin.py:188} INFO - [2024-01-13T11:19:53.218+0200] {dagbag.py:538} INFO - Filling up the DagBag from /Library/Frameworks/Python.framework/Versions/3.10/lib/python3.10/site-packages/airflow/example_dags/example_latest_only_with_trigger.py
[2024-01-13T11:19:53.240+0200] {processor.py:840} INFO - DAG(s) 'latest_only_with_trigger' retrieved from /Library/Frameworks/Python.framework/Versions/3.10/lib/python3.10/site-packages/airflow/example_dags/example_latest_only_with_trigger.py
[2024-01-13T11:19:53.389+0200] {logging_mixin.py:188} INFO - [2024-01-13T11:19:53.389+0200] {dag.py:3033} INFO - Sync 1 DAGs
[2024-01-13T11:19:53.433+0200] {logging_mixin.py:188} INFO - [2024-01-13T11:19:53.433+0200] {dag.py:3820} INFO - Setting next_dagrun for latest_only_with_trigger to 2024-01-13T04:00:00+00:00, run_after=2024-01-13T08:00:00+00:00
[2024-01-13T11:19:53.507+0200] {processor.py:183} INFO - Processing /Library/Frameworks/Python.framework/Versions/3.10/lib/python3.10/site-packages/airflow/example_dags/example_latest_only_with_trigger.py took 0.319 seconds
[2024-01-13T11:23:49.460+0200] {processor.py:161} INFO - Started process (PID=27102) to work on /Library/Frameworks/Python.framework/Versions/3.10/lib/python3.10/site-packages/airflow/example_dags/example_latest_only_with_trigger.py
[2024-01-13T11:23:49.465+0200] {processor.py:830} INFO - Processing file /Library/Frameworks/Python.framework/Versions/3.10/lib/python3.10/site-packages/airflow/example_dags/example_latest_only_with_trigger.py for tasks to queue
[2024-01-13T11:23:49.466+0200] {logging_mixin.py:188} INFO - [2024-01-13T11:23:49.465+0200] {dagbag.py:538} INFO - Filling up the DagBag from /Library/Frameworks/Python.framework/Versions/3.10/lib/python3.10/site-packages/airflow/example_dags/example_latest_only_with_trigger.py
[2024-01-13T11:23:49.478+0200] {processor.py:840} INFO - DAG(s) 'latest_only_with_trigger' retrieved from /Library/Frameworks/Python.framework/Versions/3.10/lib/python3.10/site-packages/airflow/example_dags/example_latest_only_with_trigger.py
[2024-01-13T11:23:49.632+0200] {logging_mixin.py:188} INFO - [2024-01-13T11:23:49.632+0200] {dag.py:3033} INFO - Sync 1 DAGs
[2024-01-13T11:23:49.647+0200] {logging_mixin.py:188} INFO - [2024-01-13T11:23:49.647+0200] {dag.py:3820} INFO - Setting next_dagrun for latest_only_with_trigger to 2024-01-13T04:00:00+00:00, run_after=2024-01-13T08:00:00+00:00
[2024-01-13T11:23:49.665+0200] {processor.py:183} INFO - Processing /Library/Frameworks/Python.framework/Versions/3.10/lib/python3.10/site-packages/airflow/example_dags/example_latest_only_with_trigger.py took 0.206 seconds
[2024-01-13T11:27:42.522+0200] {processor.py:161} INFO - Started process (PID=27363) to work on /Library/Frameworks/Python.framework/Versions/3.10/lib/python3.10/site-packages/airflow/example_dags/example_latest_only_with_trigger.py
[2024-01-13T11:27:42.526+0200] {processor.py:830} INFO - Processing file /Library/Frameworks/Python.framework/Versions/3.10/lib/python3.10/site-packages/airflow/example_dags/example_latest_only_with_trigger.py for tasks to queue
[2024-01-13T11:27:42.527+0200] {logging_mixin.py:188} INFO - [2024-01-13T11:27:42.527+0200] {dagbag.py:538} INFO - Filling up the DagBag from /Library/Frameworks/Python.framework/Versions/3.10/lib/python3.10/site-packages/airflow/example_dags/example_latest_only_with_trigger.py
[2024-01-13T11:27:42.539+0200] {processor.py:840} INFO - DAG(s) 'latest_only_with_trigger' retrieved from /Library/Frameworks/Python.framework/Versions/3.10/lib/python3.10/site-packages/airflow/example_dags/example_latest_only_with_trigger.py
[2024-01-13T11:27:42.677+0200] {logging_mixin.py:188} INFO - [2024-01-13T11:27:42.677+0200] {dag.py:3033} INFO - Sync 1 DAGs
[2024-01-13T11:27:42.691+0200] {logging_mixin.py:188} INFO - [2024-01-13T11:27:42.691+0200] {dag.py:3820} INFO - Setting next_dagrun for latest_only_with_trigger to 2024-01-13T04:00:00+00:00, run_after=2024-01-13T08:00:00+00:00
[2024-01-13T11:27:42.708+0200] {processor.py:183} INFO - Processing /Library/Frameworks/Python.framework/Versions/3.10/lib/python3.10/site-packages/airflow/example_dags/example_latest_only_with_trigger.py took 0.188 seconds
[2024-01-13T11:31:32.244+0200] {processor.py:161} INFO - Started process (PID=27525) to work on /Library/Frameworks/Python.framework/Versions/3.10/lib/python3.10/site-packages/airflow/example_dags/example_latest_only_with_trigger.py
[2024-01-13T11:31:32.250+0200] {processor.py:830} INFO - Processing file /Library/Frameworks/Python.framework/Versions/3.10/lib/python3.10/site-packages/airflow/example_dags/example_latest_only_with_trigger.py for tasks to queue
[2024-01-13T11:31:32.250+0200] {logging_mixin.py:188} INFO - [2024-01-13T11:31:32.250+0200] {dagbag.py:538} INFO - Filling up the DagBag from /Library/Frameworks/Python.framework/Versions/3.10/lib/python3.10/site-packages/airflow/example_dags/example_latest_only_with_trigger.py
[2024-01-13T11:31:32.261+0200] {processor.py:840} INFO - DAG(s) 'latest_only_with_trigger' retrieved from /Library/Frameworks/Python.framework/Versions/3.10/lib/python3.10/site-packages/airflow/example_dags/example_latest_only_with_trigger.py
[2024-01-13T11:31:32.397+0200] {logging_mixin.py:188} INFO - [2024-01-13T11:31:32.396+0200] {dag.py:3033} INFO - Sync 1 DAGs
[2024-01-13T11:31:32.410+0200] {logging_mixin.py:188} INFO - [2024-01-13T11:31:32.410+0200] {dag.py:3820} INFO - Setting next_dagrun for latest_only_with_trigger to 2024-01-13T04:00:00+00:00, run_after=2024-01-13T08:00:00+00:00
[2024-01-13T11:31:32.427+0200] {processor.py:183} INFO - Processing /Library/Frameworks/Python.framework/Versions/3.10/lib/python3.10/site-packages/airflow/example_dags/example_latest_only_with_trigger.py took 0.184 seconds
[2024-01-13T11:35:33.980+0200] {processor.py:161} INFO - Started process (PID=28454) to work on /Library/Frameworks/Python.framework/Versions/3.10/lib/python3.10/site-packages/airflow/example_dags/example_latest_only_with_trigger.py
[2024-01-13T11:35:33.985+0200] {processor.py:830} INFO - Processing file /Library/Frameworks/Python.framework/Versions/3.10/lib/python3.10/site-packages/airflow/example_dags/example_latest_only_with_trigger.py for tasks to queue
[2024-01-13T11:35:33.986+0200] {logging_mixin.py:188} INFO - [2024-01-13T11:35:33.986+0200] {dagbag.py:538} INFO - Filling up the DagBag from /Library/Frameworks/Python.framework/Versions/3.10/lib/python3.10/site-packages/airflow/example_dags/example_latest_only_with_trigger.py
[2024-01-13T11:35:33.998+0200] {processor.py:840} INFO - DAG(s) 'latest_only_with_trigger' retrieved from /Library/Frameworks/Python.framework/Versions/3.10/lib/python3.10/site-packages/airflow/example_dags/example_latest_only_with_trigger.py
[2024-01-13T11:35:34.194+0200] {logging_mixin.py:188} INFO - [2024-01-13T11:35:34.194+0200] {dag.py:3033} INFO - Sync 1 DAGs
[2024-01-13T11:35:34.210+0200] {logging_mixin.py:188} INFO - [2024-01-13T11:35:34.210+0200] {dag.py:3820} INFO - Setting next_dagrun for latest_only_with_trigger to 2024-01-13T04:00:00+00:00, run_after=2024-01-13T08:00:00+00:00
[2024-01-13T11:35:34.230+0200] {processor.py:183} INFO - Processing /Library/Frameworks/Python.framework/Versions/3.10/lib/python3.10/site-packages/airflow/example_dags/example_latest_only_with_trigger.py took 0.252 seconds
[2024-01-13T11:39:52.986+0200] {processor.py:161} INFO - Started process (PID=29447) to work on /Library/Frameworks/Python.framework/Versions/3.10/lib/python3.10/site-packages/airflow/example_dags/example_latest_only_with_trigger.py
[2024-01-13T11:39:52.992+0200] {processor.py:830} INFO - Processing file /Library/Frameworks/Python.framework/Versions/3.10/lib/python3.10/site-packages/airflow/example_dags/example_latest_only_with_trigger.py for tasks to queue
[2024-01-13T11:39:52.992+0200] {logging_mixin.py:188} INFO - [2024-01-13T11:39:52.992+0200] {dagbag.py:538} INFO - Filling up the DagBag from /Library/Frameworks/Python.framework/Versions/3.10/lib/python3.10/site-packages/airflow/example_dags/example_latest_only_with_trigger.py
[2024-01-13T11:39:53.006+0200] {processor.py:840} INFO - DAG(s) 'latest_only_with_trigger' retrieved from /Library/Frameworks/Python.framework/Versions/3.10/lib/python3.10/site-packages/airflow/example_dags/example_latest_only_with_trigger.py
[2024-01-13T11:39:53.154+0200] {logging_mixin.py:188} INFO - [2024-01-13T11:39:53.153+0200] {dag.py:3033} INFO - Sync 1 DAGs
[2024-01-13T11:39:53.170+0200] {logging_mixin.py:188} INFO - [2024-01-13T11:39:53.170+0200] {dag.py:3820} INFO - Setting next_dagrun for latest_only_with_trigger to 2024-01-13T04:00:00+00:00, run_after=2024-01-13T08:00:00+00:00
[2024-01-13T11:39:53.191+0200] {processor.py:183} INFO - Processing /Library/Frameworks/Python.framework/Versions/3.10/lib/python3.10/site-packages/airflow/example_dags/example_latest_only_with_trigger.py took 0.206 seconds
[2024-01-13T11:45:10.009+0200] {processor.py:161} INFO - Started process (PID=29860) to work on /Library/Frameworks/Python.framework/Versions/3.10/lib/python3.10/site-packages/airflow/example_dags/example_latest_only_with_trigger.py
[2024-01-13T11:45:10.016+0200] {processor.py:830} INFO - Processing file /Library/Frameworks/Python.framework/Versions/3.10/lib/python3.10/site-packages/airflow/example_dags/example_latest_only_with_trigger.py for tasks to queue
[2024-01-13T11:45:10.017+0200] {logging_mixin.py:188} INFO - [2024-01-13T11:45:10.017+0200] {dagbag.py:538} INFO - Filling up the DagBag from /Library/Frameworks/Python.framework/Versions/3.10/lib/python3.10/site-packages/airflow/example_dags/example_latest_only_with_trigger.py
[2024-01-13T11:45:10.031+0200] {processor.py:840} INFO - DAG(s) 'latest_only_with_trigger' retrieved from /Library/Frameworks/Python.framework/Versions/3.10/lib/python3.10/site-packages/airflow/example_dags/example_latest_only_with_trigger.py
[2024-01-13T11:45:10.180+0200] {logging_mixin.py:188} INFO - [2024-01-13T11:45:10.180+0200] {dag.py:3033} INFO - Sync 1 DAGs
[2024-01-13T11:45:10.197+0200] {logging_mixin.py:188} INFO - [2024-01-13T11:45:10.197+0200] {dag.py:3820} INFO - Setting next_dagrun for latest_only_with_trigger to 2024-01-13T04:00:00+00:00, run_after=2024-01-13T08:00:00+00:00
[2024-01-13T11:45:10.217+0200] {processor.py:183} INFO - Processing /Library/Frameworks/Python.framework/Versions/3.10/lib/python3.10/site-packages/airflow/example_dags/example_latest_only_with_trigger.py took 0.210 seconds
[2024-01-13T11:50:59.428+0200] {processor.py:161} INFO - Started process (PID=30462) to work on /Library/Frameworks/Python.framework/Versions/3.10/lib/python3.10/site-packages/airflow/example_dags/example_latest_only_with_trigger.py
[2024-01-13T11:50:59.437+0200] {processor.py:830} INFO - Processing file /Library/Frameworks/Python.framework/Versions/3.10/lib/python3.10/site-packages/airflow/example_dags/example_latest_only_with_trigger.py for tasks to queue
[2024-01-13T11:50:59.438+0200] {logging_mixin.py:188} INFO - [2024-01-13T11:50:59.437+0200] {dagbag.py:538} INFO - Filling up the DagBag from /Library/Frameworks/Python.framework/Versions/3.10/lib/python3.10/site-packages/airflow/example_dags/example_latest_only_with_trigger.py
[2024-01-13T11:50:59.459+0200] {processor.py:840} INFO - DAG(s) 'latest_only_with_trigger' retrieved from /Library/Frameworks/Python.framework/Versions/3.10/lib/python3.10/site-packages/airflow/example_dags/example_latest_only_with_trigger.py
[2024-01-13T11:50:59.730+0200] {logging_mixin.py:188} INFO - [2024-01-13T11:50:59.729+0200] {dag.py:3033} INFO - Sync 1 DAGs
[2024-01-13T11:50:59.758+0200] {logging_mixin.py:188} INFO - [2024-01-13T11:50:59.757+0200] {dag.py:3820} INFO - Setting next_dagrun for latest_only_with_trigger to 2024-01-13T04:00:00+00:00, run_after=2024-01-13T08:00:00+00:00
[2024-01-13T11:50:59.784+0200] {processor.py:183} INFO - Processing /Library/Frameworks/Python.framework/Versions/3.10/lib/python3.10/site-packages/airflow/example_dags/example_latest_only_with_trigger.py took 0.358 seconds
[2024-01-13T11:54:38.748+0200] {processor.py:161} INFO - Started process (PID=31844) to work on /Library/Frameworks/Python.framework/Versions/3.10/lib/python3.10/site-packages/airflow/example_dags/example_latest_only_with_trigger.py
[2024-01-13T11:54:38.755+0200] {processor.py:830} INFO - Processing file /Library/Frameworks/Python.framework/Versions/3.10/lib/python3.10/site-packages/airflow/example_dags/example_latest_only_with_trigger.py for tasks to queue
[2024-01-13T11:54:38.756+0200] {logging_mixin.py:188} INFO - [2024-01-13T11:54:38.756+0200] {dagbag.py:538} INFO - Filling up the DagBag from /Library/Frameworks/Python.framework/Versions/3.10/lib/python3.10/site-packages/airflow/example_dags/example_latest_only_with_trigger.py
[2024-01-13T11:54:38.776+0200] {processor.py:840} INFO - DAG(s) 'latest_only_with_trigger' retrieved from /Library/Frameworks/Python.framework/Versions/3.10/lib/python3.10/site-packages/airflow/example_dags/example_latest_only_with_trigger.py
[2024-01-13T11:54:38.973+0200] {logging_mixin.py:188} INFO - [2024-01-13T11:54:38.973+0200] {dag.py:3033} INFO - Sync 1 DAGs
[2024-01-13T11:54:38.998+0200] {logging_mixin.py:188} INFO - [2024-01-13T11:54:38.997+0200] {dag.py:3820} INFO - Setting next_dagrun for latest_only_with_trigger to 2024-01-13T04:00:00+00:00, run_after=2024-01-13T08:00:00+00:00
[2024-01-13T11:54:39.026+0200] {processor.py:183} INFO - Processing /Library/Frameworks/Python.framework/Versions/3.10/lib/python3.10/site-packages/airflow/example_dags/example_latest_only_with_trigger.py took 0.280 seconds
[2024-01-13T11:57:52.732+0200] {processor.py:161} INFO - Started process (PID=31973) to work on /Library/Frameworks/Python.framework/Versions/3.10/lib/python3.10/site-packages/airflow/example_dags/example_latest_only_with_trigger.py
[2024-01-13T11:57:52.745+0200] {processor.py:830} INFO - Processing file /Library/Frameworks/Python.framework/Versions/3.10/lib/python3.10/site-packages/airflow/example_dags/example_latest_only_with_trigger.py for tasks to queue
[2024-01-13T11:57:52.746+0200] {logging_mixin.py:188} INFO - [2024-01-13T11:57:52.745+0200] {dagbag.py:538} INFO - Filling up the DagBag from /Library/Frameworks/Python.framework/Versions/3.10/lib/python3.10/site-packages/airflow/example_dags/example_latest_only_with_trigger.py
[2024-01-13T11:57:52.772+0200] {processor.py:840} INFO - DAG(s) 'latest_only_with_trigger' retrieved from /Library/Frameworks/Python.framework/Versions/3.10/lib/python3.10/site-packages/airflow/example_dags/example_latest_only_with_trigger.py
[2024-01-13T11:57:53.048+0200] {logging_mixin.py:188} INFO - [2024-01-13T11:57:53.047+0200] {dag.py:3033} INFO - Sync 1 DAGs
[2024-01-13T11:57:53.111+0200] {logging_mixin.py:188} INFO - [2024-01-13T11:57:53.111+0200] {dag.py:3820} INFO - Setting next_dagrun for latest_only_with_trigger to 2024-01-13T04:00:00+00:00, run_after=2024-01-13T08:00:00+00:00
[2024-01-13T11:57:53.253+0200] {processor.py:183} INFO - Processing /Library/Frameworks/Python.framework/Versions/3.10/lib/python3.10/site-packages/airflow/example_dags/example_latest_only_with_trigger.py took 0.523 seconds
[2024-01-13T12:01:09.782+0200] {processor.py:161} INFO - Started process (PID=32125) to work on /Library/Frameworks/Python.framework/Versions/3.10/lib/python3.10/site-packages/airflow/example_dags/example_latest_only_with_trigger.py
[2024-01-13T12:01:09.792+0200] {processor.py:830} INFO - Processing file /Library/Frameworks/Python.framework/Versions/3.10/lib/python3.10/site-packages/airflow/example_dags/example_latest_only_with_trigger.py for tasks to queue
[2024-01-13T12:01:09.793+0200] {logging_mixin.py:188} INFO - [2024-01-13T12:01:09.793+0200] {dagbag.py:538} INFO - Filling up the DagBag from /Library/Frameworks/Python.framework/Versions/3.10/lib/python3.10/site-packages/airflow/example_dags/example_latest_only_with_trigger.py
[2024-01-13T12:01:09.817+0200] {processor.py:840} INFO - DAG(s) 'latest_only_with_trigger' retrieved from /Library/Frameworks/Python.framework/Versions/3.10/lib/python3.10/site-packages/airflow/example_dags/example_latest_only_with_trigger.py
[2024-01-13T12:01:10.185+0200] {logging_mixin.py:188} INFO - [2024-01-13T12:01:10.183+0200] {dag.py:3033} INFO - Sync 1 DAGs
[2024-01-13T12:01:10.246+0200] {logging_mixin.py:188} INFO - [2024-01-13T12:01:10.246+0200] {dag.py:3820} INFO - Setting next_dagrun for latest_only_with_trigger to 2024-01-13T04:00:00+00:00, run_after=2024-01-13T08:00:00+00:00
[2024-01-13T12:01:10.300+0200] {processor.py:183} INFO - Processing /Library/Frameworks/Python.framework/Versions/3.10/lib/python3.10/site-packages/airflow/example_dags/example_latest_only_with_trigger.py took 0.520 seconds
[2024-01-13T12:04:54.976+0200] {processor.py:161} INFO - Started process (PID=33323) to work on /Library/Frameworks/Python.framework/Versions/3.10/lib/python3.10/site-packages/airflow/example_dags/example_latest_only_with_trigger.py
[2024-01-13T12:04:54.987+0200] {processor.py:830} INFO - Processing file /Library/Frameworks/Python.framework/Versions/3.10/lib/python3.10/site-packages/airflow/example_dags/example_latest_only_with_trigger.py for tasks to queue
[2024-01-13T12:04:54.989+0200] {logging_mixin.py:188} INFO - [2024-01-13T12:04:54.988+0200] {dagbag.py:538} INFO - Filling up the DagBag from /Library/Frameworks/Python.framework/Versions/3.10/lib/python3.10/site-packages/airflow/example_dags/example_latest_only_with_trigger.py
[2024-01-13T12:04:55.010+0200] {processor.py:840} INFO - DAG(s) 'latest_only_with_trigger' retrieved from /Library/Frameworks/Python.framework/Versions/3.10/lib/python3.10/site-packages/airflow/example_dags/example_latest_only_with_trigger.py
[2024-01-13T12:04:55.637+0200] {logging_mixin.py:188} INFO - [2024-01-13T12:04:55.636+0200] {dag.py:3033} INFO - Sync 1 DAGs
[2024-01-13T12:04:55.720+0200] {logging_mixin.py:188} INFO - [2024-01-13T12:04:55.719+0200] {dag.py:3820} INFO - Setting next_dagrun for latest_only_with_trigger to 2024-01-13T04:00:00+00:00, run_after=2024-01-13T08:00:00+00:00
[2024-01-13T12:04:55.840+0200] {processor.py:183} INFO - Processing /Library/Frameworks/Python.framework/Versions/3.10/lib/python3.10/site-packages/airflow/example_dags/example_latest_only_with_trigger.py took 0.867 seconds
[2024-01-13T12:07:56.653+0200] {processor.py:161} INFO - Started process (PID=33994) to work on /Library/Frameworks/Python.framework/Versions/3.10/lib/python3.10/site-packages/airflow/example_dags/example_latest_only_with_trigger.py
[2024-01-13T12:07:56.659+0200] {processor.py:830} INFO - Processing file /Library/Frameworks/Python.framework/Versions/3.10/lib/python3.10/site-packages/airflow/example_dags/example_latest_only_with_trigger.py for tasks to queue
[2024-01-13T12:07:56.660+0200] {logging_mixin.py:188} INFO - [2024-01-13T12:07:56.659+0200] {dagbag.py:538} INFO - Filling up the DagBag from /Library/Frameworks/Python.framework/Versions/3.10/lib/python3.10/site-packages/airflow/example_dags/example_latest_only_with_trigger.py
[2024-01-13T12:07:56.674+0200] {processor.py:840} INFO - DAG(s) 'latest_only_with_trigger' retrieved from /Library/Frameworks/Python.framework/Versions/3.10/lib/python3.10/site-packages/airflow/example_dags/example_latest_only_with_trigger.py
[2024-01-13T12:07:56.829+0200] {logging_mixin.py:188} INFO - [2024-01-13T12:07:56.828+0200] {dag.py:3033} INFO - Sync 1 DAGs
[2024-01-13T12:07:56.847+0200] {logging_mixin.py:188} INFO - [2024-01-13T12:07:56.846+0200] {dag.py:3820} INFO - Setting next_dagrun for latest_only_with_trigger to 2024-01-13T04:00:00+00:00, run_after=2024-01-13T08:00:00+00:00
[2024-01-13T12:07:56.870+0200] {processor.py:183} INFO - Processing /Library/Frameworks/Python.framework/Versions/3.10/lib/python3.10/site-packages/airflow/example_dags/example_latest_only_with_trigger.py took 0.219 seconds
[2024-01-13T12:10:38.843+0200] {processor.py:161} INFO - Started process (PID=34107) to work on /Library/Frameworks/Python.framework/Versions/3.10/lib/python3.10/site-packages/airflow/example_dags/example_latest_only_with_trigger.py
[2024-01-13T12:10:38.850+0200] {processor.py:830} INFO - Processing file /Library/Frameworks/Python.framework/Versions/3.10/lib/python3.10/site-packages/airflow/example_dags/example_latest_only_with_trigger.py for tasks to queue
[2024-01-13T12:10:38.850+0200] {logging_mixin.py:188} INFO - [2024-01-13T12:10:38.850+0200] {dagbag.py:538} INFO - Filling up the DagBag from /Library/Frameworks/Python.framework/Versions/3.10/lib/python3.10/site-packages/airflow/example_dags/example_latest_only_with_trigger.py
[2024-01-13T12:10:38.868+0200] {processor.py:840} INFO - DAG(s) 'latest_only_with_trigger' retrieved from /Library/Frameworks/Python.framework/Versions/3.10/lib/python3.10/site-packages/airflow/example_dags/example_latest_only_with_trigger.py
[2024-01-13T12:10:39.032+0200] {logging_mixin.py:188} INFO - [2024-01-13T12:10:39.032+0200] {dag.py:3033} INFO - Sync 1 DAGs
[2024-01-13T12:10:39.050+0200] {logging_mixin.py:188} INFO - [2024-01-13T12:10:39.050+0200] {dag.py:3820} INFO - Setting next_dagrun for latest_only_with_trigger to 2024-01-13T04:00:00+00:00, run_after=2024-01-13T08:00:00+00:00
[2024-01-13T12:10:39.072+0200] {processor.py:183} INFO - Processing /Library/Frameworks/Python.framework/Versions/3.10/lib/python3.10/site-packages/airflow/example_dags/example_latest_only_with_trigger.py took 0.232 seconds
[2024-01-13T12:15:31.931+0200] {processor.py:161} INFO - Started process (PID=34399) to work on /Library/Frameworks/Python.framework/Versions/3.10/lib/python3.10/site-packages/airflow/example_dags/example_latest_only_with_trigger.py
[2024-01-13T12:15:31.941+0200] {processor.py:830} INFO - Processing file /Library/Frameworks/Python.framework/Versions/3.10/lib/python3.10/site-packages/airflow/example_dags/example_latest_only_with_trigger.py for tasks to queue
[2024-01-13T12:15:31.943+0200] {logging_mixin.py:188} INFO - [2024-01-13T12:15:31.942+0200] {dagbag.py:538} INFO - Filling up the DagBag from /Library/Frameworks/Python.framework/Versions/3.10/lib/python3.10/site-packages/airflow/example_dags/example_latest_only_with_trigger.py
[2024-01-13T12:15:31.989+0200] {processor.py:840} INFO - DAG(s) 'latest_only_with_trigger' retrieved from /Library/Frameworks/Python.framework/Versions/3.10/lib/python3.10/site-packages/airflow/example_dags/example_latest_only_with_trigger.py
[2024-01-13T12:15:32.345+0200] {logging_mixin.py:188} INFO - [2024-01-13T12:15:32.345+0200] {dag.py:3033} INFO - Sync 1 DAGs
[2024-01-13T12:15:32.385+0200] {logging_mixin.py:188} INFO - [2024-01-13T12:15:32.385+0200] {dag.py:3820} INFO - Setting next_dagrun for latest_only_with_trigger to 2024-01-13T04:00:00+00:00, run_after=2024-01-13T08:00:00+00:00
[2024-01-13T12:15:32.412+0200] {processor.py:183} INFO - Processing /Library/Frameworks/Python.framework/Versions/3.10/lib/python3.10/site-packages/airflow/example_dags/example_latest_only_with_trigger.py took 0.484 seconds
[2024-01-13T13:27:09.067+0200] {processor.py:161} INFO - Started process (PID=35400) to work on /Library/Frameworks/Python.framework/Versions/3.10/lib/python3.10/site-packages/airflow/example_dags/example_latest_only_with_trigger.py
[2024-01-13T13:27:09.072+0200] {processor.py:830} INFO - Processing file /Library/Frameworks/Python.framework/Versions/3.10/lib/python3.10/site-packages/airflow/example_dags/example_latest_only_with_trigger.py for tasks to queue
[2024-01-13T13:27:09.072+0200] {logging_mixin.py:188} INFO - [2024-01-13T13:27:09.072+0200] {dagbag.py:538} INFO - Filling up the DagBag from /Library/Frameworks/Python.framework/Versions/3.10/lib/python3.10/site-packages/airflow/example_dags/example_latest_only_with_trigger.py
[2024-01-13T13:27:09.086+0200] {processor.py:840} INFO - DAG(s) 'latest_only_with_trigger' retrieved from /Library/Frameworks/Python.framework/Versions/3.10/lib/python3.10/site-packages/airflow/example_dags/example_latest_only_with_trigger.py
[2024-01-13T13:27:09.235+0200] {logging_mixin.py:188} INFO - [2024-01-13T13:27:09.235+0200] {dag.py:3033} INFO - Sync 1 DAGs
[2024-01-13T13:27:09.251+0200] {logging_mixin.py:188} INFO - [2024-01-13T13:27:09.251+0200] {dag.py:3820} INFO - Setting next_dagrun for latest_only_with_trigger to 2024-01-13T04:00:00+00:00, run_after=2024-01-13T08:00:00+00:00
[2024-01-13T13:27:09.271+0200] {processor.py:183} INFO - Processing /Library/Frameworks/Python.framework/Versions/3.10/lib/python3.10/site-packages/airflow/example_dags/example_latest_only_with_trigger.py took 0.206 seconds
[2024-01-13T13:31:30.603+0200] {processor.py:161} INFO - Started process (PID=35584) to work on /Library/Frameworks/Python.framework/Versions/3.10/lib/python3.10/site-packages/airflow/example_dags/example_latest_only_with_trigger.py
[2024-01-13T13:31:30.609+0200] {processor.py:830} INFO - Processing file /Library/Frameworks/Python.framework/Versions/3.10/lib/python3.10/site-packages/airflow/example_dags/example_latest_only_with_trigger.py for tasks to queue
[2024-01-13T13:31:30.609+0200] {logging_mixin.py:188} INFO - [2024-01-13T13:31:30.609+0200] {dagbag.py:538} INFO - Filling up the DagBag from /Library/Frameworks/Python.framework/Versions/3.10/lib/python3.10/site-packages/airflow/example_dags/example_latest_only_with_trigger.py
[2024-01-13T13:31:30.622+0200] {processor.py:840} INFO - DAG(s) 'latest_only_with_trigger' retrieved from /Library/Frameworks/Python.framework/Versions/3.10/lib/python3.10/site-packages/airflow/example_dags/example_latest_only_with_trigger.py
[2024-01-13T13:31:30.764+0200] {logging_mixin.py:188} INFO - [2024-01-13T13:31:30.764+0200] {dag.py:3033} INFO - Sync 1 DAGs
[2024-01-13T13:31:30.779+0200] {logging_mixin.py:188} INFO - [2024-01-13T13:31:30.779+0200] {dag.py:3820} INFO - Setting next_dagrun for latest_only_with_trigger to 2024-01-13T04:00:00+00:00, run_after=2024-01-13T08:00:00+00:00
[2024-01-13T13:31:30.798+0200] {processor.py:183} INFO - Processing /Library/Frameworks/Python.framework/Versions/3.10/lib/python3.10/site-packages/airflow/example_dags/example_latest_only_with_trigger.py took 0.196 seconds
[2024-01-13T15:18:01.819+0200] {processor.py:161} INFO - Started process (PID=42749) to work on /Library/Frameworks/Python.framework/Versions/3.10/lib/python3.10/site-packages/airflow/example_dags/example_latest_only_with_trigger.py
[2024-01-13T15:18:01.825+0200] {processor.py:830} INFO - Processing file /Library/Frameworks/Python.framework/Versions/3.10/lib/python3.10/site-packages/airflow/example_dags/example_latest_only_with_trigger.py for tasks to queue
[2024-01-13T15:18:01.825+0200] {logging_mixin.py:188} INFO - [2024-01-13T15:18:01.825+0200] {dagbag.py:538} INFO - Filling up the DagBag from /Library/Frameworks/Python.framework/Versions/3.10/lib/python3.10/site-packages/airflow/example_dags/example_latest_only_with_trigger.py
[2024-01-13T15:18:01.839+0200] {processor.py:840} INFO - DAG(s) 'latest_only_with_trigger' retrieved from /Library/Frameworks/Python.framework/Versions/3.10/lib/python3.10/site-packages/airflow/example_dags/example_latest_only_with_trigger.py
[2024-01-13T15:18:02.096+0200] {logging_mixin.py:188} INFO - [2024-01-13T15:18:02.095+0200] {dag.py:3033} INFO - Sync 1 DAGs
[2024-01-13T15:18:02.111+0200] {logging_mixin.py:188} INFO - [2024-01-13T15:18:02.111+0200] {dag.py:3820} INFO - Setting next_dagrun for latest_only_with_trigger to 2024-01-13T08:00:00+00:00, run_after=2024-01-13T12:00:00+00:00
[2024-01-13T15:18:02.130+0200] {processor.py:183} INFO - Processing /Library/Frameworks/Python.framework/Versions/3.10/lib/python3.10/site-packages/airflow/example_dags/example_latest_only_with_trigger.py took 0.314 seconds
[2024-01-13T15:20:45.908+0200] {processor.py:161} INFO - Started process (PID=42872) to work on /Library/Frameworks/Python.framework/Versions/3.10/lib/python3.10/site-packages/airflow/example_dags/example_latest_only_with_trigger.py
[2024-01-13T15:20:45.912+0200] {processor.py:830} INFO - Processing file /Library/Frameworks/Python.framework/Versions/3.10/lib/python3.10/site-packages/airflow/example_dags/example_latest_only_with_trigger.py for tasks to queue
[2024-01-13T15:20:45.913+0200] {logging_mixin.py:188} INFO - [2024-01-13T15:20:45.912+0200] {dagbag.py:538} INFO - Filling up the DagBag from /Library/Frameworks/Python.framework/Versions/3.10/lib/python3.10/site-packages/airflow/example_dags/example_latest_only_with_trigger.py
[2024-01-13T15:20:45.928+0200] {processor.py:840} INFO - DAG(s) 'latest_only_with_trigger' retrieved from /Library/Frameworks/Python.framework/Versions/3.10/lib/python3.10/site-packages/airflow/example_dags/example_latest_only_with_trigger.py
[2024-01-13T15:20:46.077+0200] {logging_mixin.py:188} INFO - [2024-01-13T15:20:46.076+0200] {dag.py:3033} INFO - Sync 1 DAGs
[2024-01-13T15:20:46.093+0200] {logging_mixin.py:188} INFO - [2024-01-13T15:20:46.093+0200] {dag.py:3820} INFO - Setting next_dagrun for latest_only_with_trigger to 2024-01-13T08:00:00+00:00, run_after=2024-01-13T12:00:00+00:00
[2024-01-13T15:20:46.116+0200] {processor.py:183} INFO - Processing /Library/Frameworks/Python.framework/Versions/3.10/lib/python3.10/site-packages/airflow/example_dags/example_latest_only_with_trigger.py took 0.209 seconds
[2024-01-13T15:25:39.523+0200] {processor.py:161} INFO - Started process (PID=43148) to work on /Library/Frameworks/Python.framework/Versions/3.10/lib/python3.10/site-packages/airflow/example_dags/example_latest_only_with_trigger.py
[2024-01-13T15:25:39.536+0200] {processor.py:830} INFO - Processing file /Library/Frameworks/Python.framework/Versions/3.10/lib/python3.10/site-packages/airflow/example_dags/example_latest_only_with_trigger.py for tasks to queue
[2024-01-13T15:25:39.537+0200] {logging_mixin.py:188} INFO - [2024-01-13T15:25:39.537+0200] {dagbag.py:538} INFO - Filling up the DagBag from /Library/Frameworks/Python.framework/Versions/3.10/lib/python3.10/site-packages/airflow/example_dags/example_latest_only_with_trigger.py
[2024-01-13T15:25:39.567+0200] {processor.py:840} INFO - DAG(s) 'latest_only_with_trigger' retrieved from /Library/Frameworks/Python.framework/Versions/3.10/lib/python3.10/site-packages/airflow/example_dags/example_latest_only_with_trigger.py
[2024-01-13T15:25:39.820+0200] {logging_mixin.py:188} INFO - [2024-01-13T15:25:39.818+0200] {dag.py:3033} INFO - Sync 1 DAGs
[2024-01-13T15:25:39.859+0200] {logging_mixin.py:188} INFO - [2024-01-13T15:25:39.859+0200] {dag.py:3820} INFO - Setting next_dagrun for latest_only_with_trigger to 2024-01-13T08:00:00+00:00, run_after=2024-01-13T12:00:00+00:00
[2024-01-13T15:25:39.890+0200] {processor.py:183} INFO - Processing /Library/Frameworks/Python.framework/Versions/3.10/lib/python3.10/site-packages/airflow/example_dags/example_latest_only_with_trigger.py took 0.369 seconds
[2024-01-13T15:33:37.273+0200] {processor.py:161} INFO - Started process (PID=43718) to work on /Library/Frameworks/Python.framework/Versions/3.10/lib/python3.10/site-packages/airflow/example_dags/example_latest_only_with_trigger.py
[2024-01-13T15:33:37.278+0200] {processor.py:830} INFO - Processing file /Library/Frameworks/Python.framework/Versions/3.10/lib/python3.10/site-packages/airflow/example_dags/example_latest_only_with_trigger.py for tasks to queue
[2024-01-13T15:33:37.278+0200] {logging_mixin.py:188} INFO - [2024-01-13T15:33:37.278+0200] {dagbag.py:538} INFO - Filling up the DagBag from /Library/Frameworks/Python.framework/Versions/3.10/lib/python3.10/site-packages/airflow/example_dags/example_latest_only_with_trigger.py
[2024-01-13T15:33:37.289+0200] {processor.py:840} INFO - DAG(s) 'latest_only_with_trigger' retrieved from /Library/Frameworks/Python.framework/Versions/3.10/lib/python3.10/site-packages/airflow/example_dags/example_latest_only_with_trigger.py
[2024-01-13T15:33:37.568+0200] {logging_mixin.py:188} INFO - [2024-01-13T15:33:37.568+0200] {dag.py:3033} INFO - Sync 1 DAGs
[2024-01-13T15:33:37.584+0200] {logging_mixin.py:188} INFO - [2024-01-13T15:33:37.584+0200] {dag.py:3820} INFO - Setting next_dagrun for latest_only_with_trigger to 2024-01-13T08:00:00+00:00, run_after=2024-01-13T12:00:00+00:00
[2024-01-13T15:33:37.602+0200] {processor.py:183} INFO - Processing /Library/Frameworks/Python.framework/Versions/3.10/lib/python3.10/site-packages/airflow/example_dags/example_latest_only_with_trigger.py took 0.331 seconds
[2024-01-13T15:40:20.372+0200] {processor.py:161} INFO - Started process (PID=44234) to work on /Library/Frameworks/Python.framework/Versions/3.10/lib/python3.10/site-packages/airflow/example_dags/example_latest_only_with_trigger.py
[2024-01-13T15:40:20.377+0200] {processor.py:830} INFO - Processing file /Library/Frameworks/Python.framework/Versions/3.10/lib/python3.10/site-packages/airflow/example_dags/example_latest_only_with_trigger.py for tasks to queue
[2024-01-13T15:40:20.377+0200] {logging_mixin.py:188} INFO - [2024-01-13T15:40:20.377+0200] {dagbag.py:538} INFO - Filling up the DagBag from /Library/Frameworks/Python.framework/Versions/3.10/lib/python3.10/site-packages/airflow/example_dags/example_latest_only_with_trigger.py
[2024-01-13T15:40:20.388+0200] {processor.py:840} INFO - DAG(s) 'latest_only_with_trigger' retrieved from /Library/Frameworks/Python.framework/Versions/3.10/lib/python3.10/site-packages/airflow/example_dags/example_latest_only_with_trigger.py
[2024-01-13T15:40:20.621+0200] {logging_mixin.py:188} INFO - [2024-01-13T15:40:20.620+0200] {dag.py:3033} INFO - Sync 1 DAGs
[2024-01-13T15:40:20.635+0200] {logging_mixin.py:188} INFO - [2024-01-13T15:40:20.635+0200] {dag.py:3820} INFO - Setting next_dagrun for latest_only_with_trigger to 2024-01-13T08:00:00+00:00, run_after=2024-01-13T12:00:00+00:00
[2024-01-13T15:40:20.652+0200] {processor.py:183} INFO - Processing /Library/Frameworks/Python.framework/Versions/3.10/lib/python3.10/site-packages/airflow/example_dags/example_latest_only_with_trigger.py took 0.282 seconds
[2024-01-13T21:45:35.102+0200] {processor.py:161} INFO - Started process (PID=45326) to work on /Library/Frameworks/Python.framework/Versions/3.10/lib/python3.10/site-packages/airflow/example_dags/example_latest_only_with_trigger.py
[2024-01-13T21:45:35.107+0200] {processor.py:830} INFO - Processing file /Library/Frameworks/Python.framework/Versions/3.10/lib/python3.10/site-packages/airflow/example_dags/example_latest_only_with_trigger.py for tasks to queue
[2024-01-13T21:45:35.107+0200] {logging_mixin.py:188} INFO - [2024-01-13T21:45:35.107+0200] {dagbag.py:538} INFO - Filling up the DagBag from /Library/Frameworks/Python.framework/Versions/3.10/lib/python3.10/site-packages/airflow/example_dags/example_latest_only_with_trigger.py
[2024-01-13T21:45:35.120+0200] {processor.py:840} INFO - DAG(s) 'latest_only_with_trigger' retrieved from /Library/Frameworks/Python.framework/Versions/3.10/lib/python3.10/site-packages/airflow/example_dags/example_latest_only_with_trigger.py
[2024-01-13T21:45:35.270+0200] {logging_mixin.py:188} INFO - [2024-01-13T21:45:35.270+0200] {dag.py:3033} INFO - Sync 1 DAGs
[2024-01-13T21:45:35.285+0200] {logging_mixin.py:188} INFO - [2024-01-13T21:45:35.284+0200] {dag.py:3820} INFO - Setting next_dagrun for latest_only_with_trigger to 2024-01-13T12:00:00+00:00, run_after=2024-01-13T16:00:00+00:00
[2024-01-13T21:45:35.301+0200] {processor.py:183} INFO - Processing /Library/Frameworks/Python.framework/Versions/3.10/lib/python3.10/site-packages/airflow/example_dags/example_latest_only_with_trigger.py took 0.201 seconds
[2024-01-14T00:34:01.891+0200] {processor.py:161} INFO - Started process (PID=45782) to work on /Library/Frameworks/Python.framework/Versions/3.10/lib/python3.10/site-packages/airflow/example_dags/example_latest_only_with_trigger.py
[2024-01-14T00:34:01.896+0200] {processor.py:830} INFO - Processing file /Library/Frameworks/Python.framework/Versions/3.10/lib/python3.10/site-packages/airflow/example_dags/example_latest_only_with_trigger.py for tasks to queue
[2024-01-14T00:34:01.896+0200] {logging_mixin.py:188} INFO - [2024-01-14T00:34:01.896+0200] {dagbag.py:538} INFO - Filling up the DagBag from /Library/Frameworks/Python.framework/Versions/3.10/lib/python3.10/site-packages/airflow/example_dags/example_latest_only_with_trigger.py
[2024-01-14T00:34:01.908+0200] {processor.py:840} INFO - DAG(s) 'latest_only_with_trigger' retrieved from /Library/Frameworks/Python.framework/Versions/3.10/lib/python3.10/site-packages/airflow/example_dags/example_latest_only_with_trigger.py
[2024-01-14T00:34:02.059+0200] {logging_mixin.py:188} INFO - [2024-01-14T00:34:02.058+0200] {dag.py:3033} INFO - Sync 1 DAGs
[2024-01-14T00:34:02.074+0200] {logging_mixin.py:188} INFO - [2024-01-14T00:34:02.073+0200] {dag.py:3820} INFO - Setting next_dagrun for latest_only_with_trigger to 2024-01-13T16:00:00+00:00, run_after=2024-01-13T20:00:00+00:00
[2024-01-14T00:34:02.091+0200] {processor.py:183} INFO - Processing /Library/Frameworks/Python.framework/Versions/3.10/lib/python3.10/site-packages/airflow/example_dags/example_latest_only_with_trigger.py took 0.201 seconds
[2024-01-14T00:37:11.982+0200] {processor.py:161} INFO - Started process (PID=46305) to work on /Library/Frameworks/Python.framework/Versions/3.10/lib/python3.10/site-packages/airflow/example_dags/example_latest_only_with_trigger.py
[2024-01-14T00:37:11.986+0200] {processor.py:830} INFO - Processing file /Library/Frameworks/Python.framework/Versions/3.10/lib/python3.10/site-packages/airflow/example_dags/example_latest_only_with_trigger.py for tasks to queue
[2024-01-14T00:37:11.987+0200] {logging_mixin.py:188} INFO - [2024-01-14T00:37:11.987+0200] {dagbag.py:538} INFO - Filling up the DagBag from /Library/Frameworks/Python.framework/Versions/3.10/lib/python3.10/site-packages/airflow/example_dags/example_latest_only_with_trigger.py
[2024-01-14T00:37:11.998+0200] {processor.py:840} INFO - DAG(s) 'latest_only_with_trigger' retrieved from /Library/Frameworks/Python.framework/Versions/3.10/lib/python3.10/site-packages/airflow/example_dags/example_latest_only_with_trigger.py
[2024-01-14T00:37:12.136+0200] {logging_mixin.py:188} INFO - [2024-01-14T00:37:12.136+0200] {dag.py:3033} INFO - Sync 1 DAGs
[2024-01-14T00:37:12.151+0200] {logging_mixin.py:188} INFO - [2024-01-14T00:37:12.151+0200] {dag.py:3820} INFO - Setting next_dagrun for latest_only_with_trigger to 2024-01-13T16:00:00+00:00, run_after=2024-01-13T20:00:00+00:00
[2024-01-14T00:37:12.167+0200] {processor.py:183} INFO - Processing /Library/Frameworks/Python.framework/Versions/3.10/lib/python3.10/site-packages/airflow/example_dags/example_latest_only_with_trigger.py took 0.186 seconds
[2024-01-14T00:42:08.145+0200] {processor.py:161} INFO - Started process (PID=46664) to work on /Library/Frameworks/Python.framework/Versions/3.10/lib/python3.10/site-packages/airflow/example_dags/example_latest_only_with_trigger.py
[2024-01-14T00:42:08.151+0200] {processor.py:830} INFO - Processing file /Library/Frameworks/Python.framework/Versions/3.10/lib/python3.10/site-packages/airflow/example_dags/example_latest_only_with_trigger.py for tasks to queue
[2024-01-14T00:42:08.152+0200] {logging_mixin.py:188} INFO - [2024-01-14T00:42:08.152+0200] {dagbag.py:538} INFO - Filling up the DagBag from /Library/Frameworks/Python.framework/Versions/3.10/lib/python3.10/site-packages/airflow/example_dags/example_latest_only_with_trigger.py
[2024-01-14T00:42:08.171+0200] {processor.py:840} INFO - DAG(s) 'latest_only_with_trigger' retrieved from /Library/Frameworks/Python.framework/Versions/3.10/lib/python3.10/site-packages/airflow/example_dags/example_latest_only_with_trigger.py
[2024-01-14T00:42:08.403+0200] {logging_mixin.py:188} INFO - [2024-01-14T00:42:08.402+0200] {dag.py:3033} INFO - Sync 1 DAGs
[2024-01-14T00:42:08.417+0200] {logging_mixin.py:188} INFO - [2024-01-14T00:42:08.417+0200] {dag.py:3820} INFO - Setting next_dagrun for latest_only_with_trigger to 2024-01-13T16:00:00+00:00, run_after=2024-01-13T20:00:00+00:00
[2024-01-14T00:42:08.435+0200] {processor.py:183} INFO - Processing /Library/Frameworks/Python.framework/Versions/3.10/lib/python3.10/site-packages/airflow/example_dags/example_latest_only_with_trigger.py took 0.293 seconds
[2024-01-14T00:47:20.515+0200] {processor.py:161} INFO - Started process (PID=47011) to work on /Library/Frameworks/Python.framework/Versions/3.10/lib/python3.10/site-packages/airflow/example_dags/example_latest_only_with_trigger.py
[2024-01-14T00:47:20.519+0200] {processor.py:830} INFO - Processing file /Library/Frameworks/Python.framework/Versions/3.10/lib/python3.10/site-packages/airflow/example_dags/example_latest_only_with_trigger.py for tasks to queue
[2024-01-14T00:47:20.520+0200] {logging_mixin.py:188} INFO - [2024-01-14T00:47:20.520+0200] {dagbag.py:538} INFO - Filling up the DagBag from /Library/Frameworks/Python.framework/Versions/3.10/lib/python3.10/site-packages/airflow/example_dags/example_latest_only_with_trigger.py
[2024-01-14T00:47:20.531+0200] {processor.py:840} INFO - DAG(s) 'latest_only_with_trigger' retrieved from /Library/Frameworks/Python.framework/Versions/3.10/lib/python3.10/site-packages/airflow/example_dags/example_latest_only_with_trigger.py
[2024-01-14T00:47:20.679+0200] {logging_mixin.py:188} INFO - [2024-01-14T00:47:20.679+0200] {dag.py:3033} INFO - Sync 1 DAGs
[2024-01-14T00:47:20.695+0200] {logging_mixin.py:188} INFO - [2024-01-14T00:47:20.694+0200] {dag.py:3820} INFO - Setting next_dagrun for latest_only_with_trigger to 2024-01-13T16:00:00+00:00, run_after=2024-01-13T20:00:00+00:00
[2024-01-14T00:47:20.711+0200] {processor.py:183} INFO - Processing /Library/Frameworks/Python.framework/Versions/3.10/lib/python3.10/site-packages/airflow/example_dags/example_latest_only_with_trigger.py took 0.198 seconds
[2024-01-14T00:50:06.269+0200] {processor.py:161} INFO - Started process (PID=47168) to work on /Library/Frameworks/Python.framework/Versions/3.10/lib/python3.10/site-packages/airflow/example_dags/example_latest_only_with_trigger.py
[2024-01-14T00:50:06.276+0200] {processor.py:830} INFO - Processing file /Library/Frameworks/Python.framework/Versions/3.10/lib/python3.10/site-packages/airflow/example_dags/example_latest_only_with_trigger.py for tasks to queue
[2024-01-14T00:50:06.277+0200] {logging_mixin.py:188} INFO - [2024-01-14T00:50:06.276+0200] {dagbag.py:538} INFO - Filling up the DagBag from /Library/Frameworks/Python.framework/Versions/3.10/lib/python3.10/site-packages/airflow/example_dags/example_latest_only_with_trigger.py
[2024-01-14T00:50:06.301+0200] {processor.py:840} INFO - DAG(s) 'latest_only_with_trigger' retrieved from /Library/Frameworks/Python.framework/Versions/3.10/lib/python3.10/site-packages/airflow/example_dags/example_latest_only_with_trigger.py
[2024-01-14T00:50:06.627+0200] {logging_mixin.py:188} INFO - [2024-01-14T00:50:06.626+0200] {dag.py:3033} INFO - Sync 1 DAGs
[2024-01-14T00:50:06.666+0200] {logging_mixin.py:188} INFO - [2024-01-14T00:50:06.666+0200] {dag.py:3820} INFO - Setting next_dagrun for latest_only_with_trigger to 2024-01-13T16:00:00+00:00, run_after=2024-01-13T20:00:00+00:00
[2024-01-14T00:50:06.710+0200] {processor.py:183} INFO - Processing /Library/Frameworks/Python.framework/Versions/3.10/lib/python3.10/site-packages/airflow/example_dags/example_latest_only_with_trigger.py took 0.442 seconds
