[2024-01-13T10:07:04.796+0200] {processor.py:161} INFO - Started process (PID=21776) to work on /Library/Frameworks/Python.framework/Versions/3.10/lib/python3.10/site-packages/airflow/example_dags/example_params_ui_tutorial.py
[2024-01-13T10:07:04.800+0200] {processor.py:830} INFO - Processing file /Library/Frameworks/Python.framework/Versions/3.10/lib/python3.10/site-packages/airflow/example_dags/example_params_ui_tutorial.py for tasks to queue
[2024-01-13T10:07:04.800+0200] {logging_mixin.py:188} INFO - [2024-01-13T10:07:04.800+0200] {dagbag.py:538} INFO - Filling up the DagBag from /Library/Frameworks/Python.framework/Versions/3.10/lib/python3.10/site-packages/airflow/example_dags/example_params_ui_tutorial.py
[2024-01-13T10:07:04.895+0200] {processor.py:840} INFO - DAG(s) 'example_params_ui_tutorial' retrieved from /Library/Frameworks/Python.framework/Versions/3.10/lib/python3.10/site-packages/airflow/example_dags/example_params_ui_tutorial.py
[2024-01-13T10:07:05.017+0200] {logging_mixin.py:188} INFO - [2024-01-13T10:07:05.016+0200] {dag.py:3033} INFO - Sync 1 DAGs
[2024-01-13T10:07:05.024+0200] {logging_mixin.py:188} INFO - [2024-01-13T10:07:05.023+0200] {dag.py:3820} INFO - Setting next_dagrun for example_params_ui_tutorial to None, run_after=None
[2024-01-13T10:07:05.041+0200] {processor.py:183} INFO - Processing /Library/Frameworks/Python.framework/Versions/3.10/lib/python3.10/site-packages/airflow/example_dags/example_params_ui_tutorial.py took 0.246 seconds
[2024-01-13T10:09:19.714+0200] {processor.py:161} INFO - Started process (PID=21934) to work on /Library/Frameworks/Python.framework/Versions/3.10/lib/python3.10/site-packages/airflow/example_dags/example_params_ui_tutorial.py
[2024-01-13T10:09:19.719+0200] {processor.py:830} INFO - Processing file /Library/Frameworks/Python.framework/Versions/3.10/lib/python3.10/site-packages/airflow/example_dags/example_params_ui_tutorial.py for tasks to queue
[2024-01-13T10:09:19.720+0200] {logging_mixin.py:188} INFO - [2024-01-13T10:09:19.720+0200] {dagbag.py:538} INFO - Filling up the DagBag from /Library/Frameworks/Python.framework/Versions/3.10/lib/python3.10/site-packages/airflow/example_dags/example_params_ui_tutorial.py
[2024-01-13T10:09:19.815+0200] {processor.py:840} INFO - DAG(s) 'example_params_ui_tutorial' retrieved from /Library/Frameworks/Python.framework/Versions/3.10/lib/python3.10/site-packages/airflow/example_dags/example_params_ui_tutorial.py
[2024-01-13T10:09:19.935+0200] {logging_mixin.py:188} INFO - [2024-01-13T10:09:19.935+0200] {dag.py:3033} INFO - Sync 1 DAGs
[2024-01-13T10:09:19.942+0200] {logging_mixin.py:188} INFO - [2024-01-13T10:09:19.942+0200] {dag.py:3820} INFO - Setting next_dagrun for example_params_ui_tutorial to None, run_after=None
[2024-01-13T10:09:19.960+0200] {processor.py:183} INFO - Processing /Library/Frameworks/Python.framework/Versions/3.10/lib/python3.10/site-packages/airflow/example_dags/example_params_ui_tutorial.py took 0.248 seconds
[2024-01-13T10:13:26.618+0200] {processor.py:161} INFO - Started process (PID=22220) to work on /Library/Frameworks/Python.framework/Versions/3.10/lib/python3.10/site-packages/airflow/example_dags/example_params_ui_tutorial.py
[2024-01-13T10:13:26.622+0200] {processor.py:830} INFO - Processing file /Library/Frameworks/Python.framework/Versions/3.10/lib/python3.10/site-packages/airflow/example_dags/example_params_ui_tutorial.py for tasks to queue
[2024-01-13T10:13:26.623+0200] {logging_mixin.py:188} INFO - [2024-01-13T10:13:26.623+0200] {dagbag.py:538} INFO - Filling up the DagBag from /Library/Frameworks/Python.framework/Versions/3.10/lib/python3.10/site-packages/airflow/example_dags/example_params_ui_tutorial.py
[2024-01-13T10:13:26.716+0200] {processor.py:840} INFO - DAG(s) 'example_params_ui_tutorial' retrieved from /Library/Frameworks/Python.framework/Versions/3.10/lib/python3.10/site-packages/airflow/example_dags/example_params_ui_tutorial.py
[2024-01-13T10:13:26.843+0200] {logging_mixin.py:188} INFO - [2024-01-13T10:13:26.843+0200] {dag.py:3033} INFO - Sync 1 DAGs
[2024-01-13T10:13:26.851+0200] {logging_mixin.py:188} INFO - [2024-01-13T10:13:26.851+0200] {dag.py:3820} INFO - Setting next_dagrun for example_params_ui_tutorial to None, run_after=None
[2024-01-13T10:13:26.870+0200] {processor.py:183} INFO - Processing /Library/Frameworks/Python.framework/Versions/3.10/lib/python3.10/site-packages/airflow/example_dags/example_params_ui_tutorial.py took 0.254 seconds
[2024-01-13T10:15:41.201+0200] {processor.py:161} INFO - Started process (PID=22838) to work on /Library/Frameworks/Python.framework/Versions/3.10/lib/python3.10/site-packages/airflow/example_dags/example_params_ui_tutorial.py
[2024-01-13T10:15:41.205+0200] {processor.py:830} INFO - Processing file /Library/Frameworks/Python.framework/Versions/3.10/lib/python3.10/site-packages/airflow/example_dags/example_params_ui_tutorial.py for tasks to queue
[2024-01-13T10:15:41.206+0200] {logging_mixin.py:188} INFO - [2024-01-13T10:15:41.206+0200] {dagbag.py:538} INFO - Filling up the DagBag from /Library/Frameworks/Python.framework/Versions/3.10/lib/python3.10/site-packages/airflow/example_dags/example_params_ui_tutorial.py
[2024-01-13T10:15:41.294+0200] {processor.py:840} INFO - DAG(s) 'example_params_ui_tutorial' retrieved from /Library/Frameworks/Python.framework/Versions/3.10/lib/python3.10/site-packages/airflow/example_dags/example_params_ui_tutorial.py
[2024-01-13T10:15:41.423+0200] {logging_mixin.py:188} INFO - [2024-01-13T10:15:41.423+0200] {dag.py:3033} INFO - Sync 1 DAGs
[2024-01-13T10:15:41.430+0200] {logging_mixin.py:188} INFO - [2024-01-13T10:15:41.430+0200] {dag.py:3820} INFO - Setting next_dagrun for example_params_ui_tutorial to None, run_after=None
[2024-01-13T10:15:41.461+0200] {processor.py:183} INFO - Processing /Library/Frameworks/Python.framework/Versions/3.10/lib/python3.10/site-packages/airflow/example_dags/example_params_ui_tutorial.py took 0.261 seconds
[2024-01-13T10:17:43.230+0200] {processor.py:161} INFO - Started process (PID=23357) to work on /Library/Frameworks/Python.framework/Versions/3.10/lib/python3.10/site-packages/airflow/example_dags/example_params_ui_tutorial.py
[2024-01-13T10:17:43.236+0200] {processor.py:830} INFO - Processing file /Library/Frameworks/Python.framework/Versions/3.10/lib/python3.10/site-packages/airflow/example_dags/example_params_ui_tutorial.py for tasks to queue
[2024-01-13T10:17:43.237+0200] {logging_mixin.py:188} INFO - [2024-01-13T10:17:43.236+0200] {dagbag.py:538} INFO - Filling up the DagBag from /Library/Frameworks/Python.framework/Versions/3.10/lib/python3.10/site-packages/airflow/example_dags/example_params_ui_tutorial.py
[2024-01-13T10:17:43.331+0200] {processor.py:840} INFO - DAG(s) 'example_params_ui_tutorial' retrieved from /Library/Frameworks/Python.framework/Versions/3.10/lib/python3.10/site-packages/airflow/example_dags/example_params_ui_tutorial.py
[2024-01-13T10:17:43.457+0200] {logging_mixin.py:188} INFO - [2024-01-13T10:17:43.457+0200] {dag.py:3033} INFO - Sync 1 DAGs
[2024-01-13T10:17:43.465+0200] {logging_mixin.py:188} INFO - [2024-01-13T10:17:43.464+0200] {dag.py:3820} INFO - Setting next_dagrun for example_params_ui_tutorial to None, run_after=None
[2024-01-13T10:17:43.483+0200] {processor.py:183} INFO - Processing /Library/Frameworks/Python.framework/Versions/3.10/lib/python3.10/site-packages/airflow/example_dags/example_params_ui_tutorial.py took 0.255 seconds
[2024-01-13T10:19:43.187+0200] {processor.py:161} INFO - Started process (PID=23436) to work on /Library/Frameworks/Python.framework/Versions/3.10/lib/python3.10/site-packages/airflow/example_dags/example_params_ui_tutorial.py
[2024-01-13T10:19:43.192+0200] {processor.py:830} INFO - Processing file /Library/Frameworks/Python.framework/Versions/3.10/lib/python3.10/site-packages/airflow/example_dags/example_params_ui_tutorial.py for tasks to queue
[2024-01-13T10:19:43.192+0200] {logging_mixin.py:188} INFO - [2024-01-13T10:19:43.192+0200] {dagbag.py:538} INFO - Filling up the DagBag from /Library/Frameworks/Python.framework/Versions/3.10/lib/python3.10/site-packages/airflow/example_dags/example_params_ui_tutorial.py
[2024-01-13T10:19:43.288+0200] {processor.py:840} INFO - DAG(s) 'example_params_ui_tutorial' retrieved from /Library/Frameworks/Python.framework/Versions/3.10/lib/python3.10/site-packages/airflow/example_dags/example_params_ui_tutorial.py
[2024-01-13T10:19:43.413+0200] {logging_mixin.py:188} INFO - [2024-01-13T10:19:43.412+0200] {dag.py:3033} INFO - Sync 1 DAGs
[2024-01-13T10:19:43.421+0200] {logging_mixin.py:188} INFO - [2024-01-13T10:19:43.421+0200] {dag.py:3820} INFO - Setting next_dagrun for example_params_ui_tutorial to None, run_after=None
[2024-01-13T10:19:43.440+0200] {processor.py:183} INFO - Processing /Library/Frameworks/Python.framework/Versions/3.10/lib/python3.10/site-packages/airflow/example_dags/example_params_ui_tutorial.py took 0.254 seconds
[2024-01-13T10:23:35.211+0200] {processor.py:161} INFO - Started process (PID=23604) to work on /Library/Frameworks/Python.framework/Versions/3.10/lib/python3.10/site-packages/airflow/example_dags/example_params_ui_tutorial.py
[2024-01-13T10:23:35.215+0200] {processor.py:830} INFO - Processing file /Library/Frameworks/Python.framework/Versions/3.10/lib/python3.10/site-packages/airflow/example_dags/example_params_ui_tutorial.py for tasks to queue
[2024-01-13T10:23:35.216+0200] {logging_mixin.py:188} INFO - [2024-01-13T10:23:35.216+0200] {dagbag.py:538} INFO - Filling up the DagBag from /Library/Frameworks/Python.framework/Versions/3.10/lib/python3.10/site-packages/airflow/example_dags/example_params_ui_tutorial.py
[2024-01-13T10:23:35.306+0200] {processor.py:840} INFO - DAG(s) 'example_params_ui_tutorial' retrieved from /Library/Frameworks/Python.framework/Versions/3.10/lib/python3.10/site-packages/airflow/example_dags/example_params_ui_tutorial.py
[2024-01-13T10:23:35.432+0200] {logging_mixin.py:188} INFO - [2024-01-13T10:23:35.432+0200] {dag.py:3033} INFO - Sync 1 DAGs
[2024-01-13T10:23:35.440+0200] {logging_mixin.py:188} INFO - [2024-01-13T10:23:35.440+0200] {dag.py:3820} INFO - Setting next_dagrun for example_params_ui_tutorial to None, run_after=None
[2024-01-13T10:23:35.459+0200] {processor.py:183} INFO - Processing /Library/Frameworks/Python.framework/Versions/3.10/lib/python3.10/site-packages/airflow/example_dags/example_params_ui_tutorial.py took 0.250 seconds
[2024-01-13T10:27:30.561+0200] {processor.py:161} INFO - Started process (PID=23858) to work on /Library/Frameworks/Python.framework/Versions/3.10/lib/python3.10/site-packages/airflow/example_dags/example_params_ui_tutorial.py
[2024-01-13T10:27:30.566+0200] {processor.py:830} INFO - Processing file /Library/Frameworks/Python.framework/Versions/3.10/lib/python3.10/site-packages/airflow/example_dags/example_params_ui_tutorial.py for tasks to queue
[2024-01-13T10:27:30.566+0200] {logging_mixin.py:188} INFO - [2024-01-13T10:27:30.566+0200] {dagbag.py:538} INFO - Filling up the DagBag from /Library/Frameworks/Python.framework/Versions/3.10/lib/python3.10/site-packages/airflow/example_dags/example_params_ui_tutorial.py
[2024-01-13T10:27:30.660+0200] {processor.py:840} INFO - DAG(s) 'example_params_ui_tutorial' retrieved from /Library/Frameworks/Python.framework/Versions/3.10/lib/python3.10/site-packages/airflow/example_dags/example_params_ui_tutorial.py
[2024-01-13T10:27:30.787+0200] {logging_mixin.py:188} INFO - [2024-01-13T10:27:30.787+0200] {dag.py:3033} INFO - Sync 1 DAGs
[2024-01-13T10:27:30.795+0200] {logging_mixin.py:188} INFO - [2024-01-13T10:27:30.795+0200] {dag.py:3820} INFO - Setting next_dagrun for example_params_ui_tutorial to None, run_after=None
[2024-01-13T10:27:30.812+0200] {processor.py:183} INFO - Processing /Library/Frameworks/Python.framework/Versions/3.10/lib/python3.10/site-packages/airflow/example_dags/example_params_ui_tutorial.py took 0.252 seconds
[2024-01-13T10:31:27.321+0200] {processor.py:161} INFO - Started process (PID=24035) to work on /Library/Frameworks/Python.framework/Versions/3.10/lib/python3.10/site-packages/airflow/example_dags/example_params_ui_tutorial.py
[2024-01-13T10:31:27.326+0200] {processor.py:830} INFO - Processing file /Library/Frameworks/Python.framework/Versions/3.10/lib/python3.10/site-packages/airflow/example_dags/example_params_ui_tutorial.py for tasks to queue
[2024-01-13T10:31:27.326+0200] {logging_mixin.py:188} INFO - [2024-01-13T10:31:27.326+0200] {dagbag.py:538} INFO - Filling up the DagBag from /Library/Frameworks/Python.framework/Versions/3.10/lib/python3.10/site-packages/airflow/example_dags/example_params_ui_tutorial.py
[2024-01-13T10:31:27.419+0200] {processor.py:840} INFO - DAG(s) 'example_params_ui_tutorial' retrieved from /Library/Frameworks/Python.framework/Versions/3.10/lib/python3.10/site-packages/airflow/example_dags/example_params_ui_tutorial.py
[2024-01-13T10:31:27.540+0200] {logging_mixin.py:188} INFO - [2024-01-13T10:31:27.539+0200] {dag.py:3033} INFO - Sync 1 DAGs
[2024-01-13T10:31:27.547+0200] {logging_mixin.py:188} INFO - [2024-01-13T10:31:27.547+0200] {dag.py:3820} INFO - Setting next_dagrun for example_params_ui_tutorial to None, run_after=None
[2024-01-13T10:31:27.564+0200] {processor.py:183} INFO - Processing /Library/Frameworks/Python.framework/Versions/3.10/lib/python3.10/site-packages/airflow/example_dags/example_params_ui_tutorial.py took 0.245 seconds
[2024-01-13T10:35:17.143+0200] {processor.py:161} INFO - Started process (PID=24316) to work on /Library/Frameworks/Python.framework/Versions/3.10/lib/python3.10/site-packages/airflow/example_dags/example_params_ui_tutorial.py
[2024-01-13T10:35:17.148+0200] {processor.py:830} INFO - Processing file /Library/Frameworks/Python.framework/Versions/3.10/lib/python3.10/site-packages/airflow/example_dags/example_params_ui_tutorial.py for tasks to queue
[2024-01-13T10:35:17.149+0200] {logging_mixin.py:188} INFO - [2024-01-13T10:35:17.149+0200] {dagbag.py:538} INFO - Filling up the DagBag from /Library/Frameworks/Python.framework/Versions/3.10/lib/python3.10/site-packages/airflow/example_dags/example_params_ui_tutorial.py
[2024-01-13T10:35:17.240+0200] {processor.py:840} INFO - DAG(s) 'example_params_ui_tutorial' retrieved from /Library/Frameworks/Python.framework/Versions/3.10/lib/python3.10/site-packages/airflow/example_dags/example_params_ui_tutorial.py
[2024-01-13T10:35:17.359+0200] {logging_mixin.py:188} INFO - [2024-01-13T10:35:17.359+0200] {dag.py:3033} INFO - Sync 1 DAGs
[2024-01-13T10:35:17.367+0200] {logging_mixin.py:188} INFO - [2024-01-13T10:35:17.367+0200] {dag.py:3820} INFO - Setting next_dagrun for example_params_ui_tutorial to None, run_after=None
[2024-01-13T10:35:17.384+0200] {processor.py:183} INFO - Processing /Library/Frameworks/Python.framework/Versions/3.10/lib/python3.10/site-packages/airflow/example_dags/example_params_ui_tutorial.py took 0.242 seconds
[2024-01-13T10:39:11.834+0200] {processor.py:161} INFO - Started process (PID=24564) to work on /Library/Frameworks/Python.framework/Versions/3.10/lib/python3.10/site-packages/airflow/example_dags/example_params_ui_tutorial.py
[2024-01-13T10:39:11.839+0200] {processor.py:830} INFO - Processing file /Library/Frameworks/Python.framework/Versions/3.10/lib/python3.10/site-packages/airflow/example_dags/example_params_ui_tutorial.py for tasks to queue
[2024-01-13T10:39:11.839+0200] {logging_mixin.py:188} INFO - [2024-01-13T10:39:11.839+0200] {dagbag.py:538} INFO - Filling up the DagBag from /Library/Frameworks/Python.framework/Versions/3.10/lib/python3.10/site-packages/airflow/example_dags/example_params_ui_tutorial.py
[2024-01-13T10:39:11.955+0200] {processor.py:840} INFO - DAG(s) 'example_params_ui_tutorial' retrieved from /Library/Frameworks/Python.framework/Versions/3.10/lib/python3.10/site-packages/airflow/example_dags/example_params_ui_tutorial.py
[2024-01-13T10:39:12.104+0200] {logging_mixin.py:188} INFO - [2024-01-13T10:39:12.103+0200] {dag.py:3033} INFO - Sync 1 DAGs
[2024-01-13T10:39:12.111+0200] {logging_mixin.py:188} INFO - [2024-01-13T10:39:12.111+0200] {dag.py:3820} INFO - Setting next_dagrun for example_params_ui_tutorial to None, run_after=None
[2024-01-13T10:39:12.130+0200] {processor.py:183} INFO - Processing /Library/Frameworks/Python.framework/Versions/3.10/lib/python3.10/site-packages/airflow/example_dags/example_params_ui_tutorial.py took 0.297 seconds
[2024-01-13T10:43:03.773+0200] {processor.py:161} INFO - Started process (PID=24742) to work on /Library/Frameworks/Python.framework/Versions/3.10/lib/python3.10/site-packages/airflow/example_dags/example_params_ui_tutorial.py
[2024-01-13T10:43:03.778+0200] {processor.py:830} INFO - Processing file /Library/Frameworks/Python.framework/Versions/3.10/lib/python3.10/site-packages/airflow/example_dags/example_params_ui_tutorial.py for tasks to queue
[2024-01-13T10:43:03.779+0200] {logging_mixin.py:188} INFO - [2024-01-13T10:43:03.778+0200] {dagbag.py:538} INFO - Filling up the DagBag from /Library/Frameworks/Python.framework/Versions/3.10/lib/python3.10/site-packages/airflow/example_dags/example_params_ui_tutorial.py
[2024-01-13T10:43:03.871+0200] {processor.py:840} INFO - DAG(s) 'example_params_ui_tutorial' retrieved from /Library/Frameworks/Python.framework/Versions/3.10/lib/python3.10/site-packages/airflow/example_dags/example_params_ui_tutorial.py
[2024-01-13T10:43:03.994+0200] {logging_mixin.py:188} INFO - [2024-01-13T10:43:03.993+0200] {dag.py:3033} INFO - Sync 1 DAGs
[2024-01-13T10:43:04.001+0200] {logging_mixin.py:188} INFO - [2024-01-13T10:43:04.001+0200] {dag.py:3820} INFO - Setting next_dagrun for example_params_ui_tutorial to None, run_after=None
[2024-01-13T10:43:04.019+0200] {processor.py:183} INFO - Processing /Library/Frameworks/Python.framework/Versions/3.10/lib/python3.10/site-packages/airflow/example_dags/example_params_ui_tutorial.py took 0.247 seconds
[2024-01-13T10:45:04.361+0200] {processor.py:161} INFO - Started process (PID=24922) to work on /Library/Frameworks/Python.framework/Versions/3.10/lib/python3.10/site-packages/airflow/example_dags/example_params_ui_tutorial.py
[2024-01-13T10:45:04.366+0200] {processor.py:830} INFO - Processing file /Library/Frameworks/Python.framework/Versions/3.10/lib/python3.10/site-packages/airflow/example_dags/example_params_ui_tutorial.py for tasks to queue
[2024-01-13T10:45:04.367+0200] {logging_mixin.py:188} INFO - [2024-01-13T10:45:04.366+0200] {dagbag.py:538} INFO - Filling up the DagBag from /Library/Frameworks/Python.framework/Versions/3.10/lib/python3.10/site-packages/airflow/example_dags/example_params_ui_tutorial.py
[2024-01-13T10:45:04.462+0200] {processor.py:840} INFO - DAG(s) 'example_params_ui_tutorial' retrieved from /Library/Frameworks/Python.framework/Versions/3.10/lib/python3.10/site-packages/airflow/example_dags/example_params_ui_tutorial.py
[2024-01-13T10:45:04.611+0200] {logging_mixin.py:188} INFO - [2024-01-13T10:45:04.610+0200] {dag.py:3033} INFO - Sync 1 DAGs
[2024-01-13T10:45:04.619+0200] {logging_mixin.py:188} INFO - [2024-01-13T10:45:04.619+0200] {dag.py:3820} INFO - Setting next_dagrun for example_params_ui_tutorial to None, run_after=None
[2024-01-13T10:45:04.637+0200] {processor.py:183} INFO - Processing /Library/Frameworks/Python.framework/Versions/3.10/lib/python3.10/site-packages/airflow/example_dags/example_params_ui_tutorial.py took 0.278 seconds
[2024-01-13T10:48:46.402+0200] {processor.py:161} INFO - Started process (PID=25074) to work on /Library/Frameworks/Python.framework/Versions/3.10/lib/python3.10/site-packages/airflow/example_dags/example_params_ui_tutorial.py
[2024-01-13T10:48:46.406+0200] {processor.py:830} INFO - Processing file /Library/Frameworks/Python.framework/Versions/3.10/lib/python3.10/site-packages/airflow/example_dags/example_params_ui_tutorial.py for tasks to queue
[2024-01-13T10:48:46.407+0200] {logging_mixin.py:188} INFO - [2024-01-13T10:48:46.407+0200] {dagbag.py:538} INFO - Filling up the DagBag from /Library/Frameworks/Python.framework/Versions/3.10/lib/python3.10/site-packages/airflow/example_dags/example_params_ui_tutorial.py
[2024-01-13T10:48:46.499+0200] {processor.py:840} INFO - DAG(s) 'example_params_ui_tutorial' retrieved from /Library/Frameworks/Python.framework/Versions/3.10/lib/python3.10/site-packages/airflow/example_dags/example_params_ui_tutorial.py
[2024-01-13T10:48:46.618+0200] {logging_mixin.py:188} INFO - [2024-01-13T10:48:46.618+0200] {dag.py:3033} INFO - Sync 1 DAGs
[2024-01-13T10:48:46.626+0200] {logging_mixin.py:188} INFO - [2024-01-13T10:48:46.626+0200] {dag.py:3820} INFO - Setting next_dagrun for example_params_ui_tutorial to None, run_after=None
[2024-01-13T10:48:46.643+0200] {processor.py:183} INFO - Processing /Library/Frameworks/Python.framework/Versions/3.10/lib/python3.10/site-packages/airflow/example_dags/example_params_ui_tutorial.py took 0.242 seconds
[2024-01-13T10:52:25.093+0200] {processor.py:161} INFO - Started process (PID=25314) to work on /Library/Frameworks/Python.framework/Versions/3.10/lib/python3.10/site-packages/airflow/example_dags/example_params_ui_tutorial.py
[2024-01-13T10:52:25.098+0200] {processor.py:830} INFO - Processing file /Library/Frameworks/Python.framework/Versions/3.10/lib/python3.10/site-packages/airflow/example_dags/example_params_ui_tutorial.py for tasks to queue
[2024-01-13T10:52:25.099+0200] {logging_mixin.py:188} INFO - [2024-01-13T10:52:25.098+0200] {dagbag.py:538} INFO - Filling up the DagBag from /Library/Frameworks/Python.framework/Versions/3.10/lib/python3.10/site-packages/airflow/example_dags/example_params_ui_tutorial.py
[2024-01-13T10:52:25.190+0200] {processor.py:840} INFO - DAG(s) 'example_params_ui_tutorial' retrieved from /Library/Frameworks/Python.framework/Versions/3.10/lib/python3.10/site-packages/airflow/example_dags/example_params_ui_tutorial.py
[2024-01-13T10:52:25.306+0200] {logging_mixin.py:188} INFO - [2024-01-13T10:52:25.305+0200] {dag.py:3033} INFO - Sync 1 DAGs
[2024-01-13T10:52:25.313+0200] {logging_mixin.py:188} INFO - [2024-01-13T10:52:25.313+0200] {dag.py:3820} INFO - Setting next_dagrun for example_params_ui_tutorial to None, run_after=None
[2024-01-13T10:52:25.331+0200] {processor.py:183} INFO - Processing /Library/Frameworks/Python.framework/Versions/3.10/lib/python3.10/site-packages/airflow/example_dags/example_params_ui_tutorial.py took 0.240 seconds
[2024-01-13T10:54:22.855+0200] {processor.py:161} INFO - Started process (PID=25408) to work on /Library/Frameworks/Python.framework/Versions/3.10/lib/python3.10/site-packages/airflow/example_dags/example_params_ui_tutorial.py
[2024-01-13T10:54:22.860+0200] {processor.py:830} INFO - Processing file /Library/Frameworks/Python.framework/Versions/3.10/lib/python3.10/site-packages/airflow/example_dags/example_params_ui_tutorial.py for tasks to queue
[2024-01-13T10:54:22.861+0200] {logging_mixin.py:188} INFO - [2024-01-13T10:54:22.860+0200] {dagbag.py:538} INFO - Filling up the DagBag from /Library/Frameworks/Python.framework/Versions/3.10/lib/python3.10/site-packages/airflow/example_dags/example_params_ui_tutorial.py
[2024-01-13T10:54:22.949+0200] {processor.py:840} INFO - DAG(s) 'example_params_ui_tutorial' retrieved from /Library/Frameworks/Python.framework/Versions/3.10/lib/python3.10/site-packages/airflow/example_dags/example_params_ui_tutorial.py
[2024-01-13T10:54:23.079+0200] {logging_mixin.py:188} INFO - [2024-01-13T10:54:23.079+0200] {dag.py:3033} INFO - Sync 1 DAGs
[2024-01-13T10:54:23.086+0200] {logging_mixin.py:188} INFO - [2024-01-13T10:54:23.086+0200] {dag.py:3820} INFO - Setting next_dagrun for example_params_ui_tutorial to None, run_after=None
[2024-01-13T10:54:23.104+0200] {processor.py:183} INFO - Processing /Library/Frameworks/Python.framework/Versions/3.10/lib/python3.10/site-packages/airflow/example_dags/example_params_ui_tutorial.py took 0.251 seconds
[2024-01-13T10:58:22.830+0200] {processor.py:161} INFO - Started process (PID=25679) to work on /Library/Frameworks/Python.framework/Versions/3.10/lib/python3.10/site-packages/airflow/example_dags/example_params_ui_tutorial.py
[2024-01-13T10:58:22.835+0200] {processor.py:830} INFO - Processing file /Library/Frameworks/Python.framework/Versions/3.10/lib/python3.10/site-packages/airflow/example_dags/example_params_ui_tutorial.py for tasks to queue
[2024-01-13T10:58:22.836+0200] {logging_mixin.py:188} INFO - [2024-01-13T10:58:22.836+0200] {dagbag.py:538} INFO - Filling up the DagBag from /Library/Frameworks/Python.framework/Versions/3.10/lib/python3.10/site-packages/airflow/example_dags/example_params_ui_tutorial.py
[2024-01-13T10:58:22.925+0200] {processor.py:840} INFO - DAG(s) 'example_params_ui_tutorial' retrieved from /Library/Frameworks/Python.framework/Versions/3.10/lib/python3.10/site-packages/airflow/example_dags/example_params_ui_tutorial.py
[2024-01-13T10:58:23.044+0200] {logging_mixin.py:188} INFO - [2024-01-13T10:58:23.044+0200] {dag.py:3033} INFO - Sync 1 DAGs
[2024-01-13T10:58:23.052+0200] {logging_mixin.py:188} INFO - [2024-01-13T10:58:23.051+0200] {dag.py:3820} INFO - Setting next_dagrun for example_params_ui_tutorial to None, run_after=None
[2024-01-13T10:58:23.068+0200] {processor.py:183} INFO - Processing /Library/Frameworks/Python.framework/Versions/3.10/lib/python3.10/site-packages/airflow/example_dags/example_params_ui_tutorial.py took 0.239 seconds
[2024-01-13T11:02:18.114+0200] {processor.py:161} INFO - Started process (PID=25840) to work on /Library/Frameworks/Python.framework/Versions/3.10/lib/python3.10/site-packages/airflow/example_dags/example_params_ui_tutorial.py
[2024-01-13T11:02:18.118+0200] {processor.py:830} INFO - Processing file /Library/Frameworks/Python.framework/Versions/3.10/lib/python3.10/site-packages/airflow/example_dags/example_params_ui_tutorial.py for tasks to queue
[2024-01-13T11:02:18.119+0200] {logging_mixin.py:188} INFO - [2024-01-13T11:02:18.118+0200] {dagbag.py:538} INFO - Filling up the DagBag from /Library/Frameworks/Python.framework/Versions/3.10/lib/python3.10/site-packages/airflow/example_dags/example_params_ui_tutorial.py
[2024-01-13T11:02:18.202+0200] {processor.py:840} INFO - DAG(s) 'example_params_ui_tutorial' retrieved from /Library/Frameworks/Python.framework/Versions/3.10/lib/python3.10/site-packages/airflow/example_dags/example_params_ui_tutorial.py
[2024-01-13T11:02:18.314+0200] {logging_mixin.py:188} INFO - [2024-01-13T11:02:18.314+0200] {dag.py:3033} INFO - Sync 1 DAGs
[2024-01-13T11:02:18.321+0200] {logging_mixin.py:188} INFO - [2024-01-13T11:02:18.321+0200] {dag.py:3820} INFO - Setting next_dagrun for example_params_ui_tutorial to None, run_after=None
[2024-01-13T11:02:18.338+0200] {processor.py:183} INFO - Processing /Library/Frameworks/Python.framework/Versions/3.10/lib/python3.10/site-packages/airflow/example_dags/example_params_ui_tutorial.py took 0.225 seconds
[2024-01-13T11:06:00.374+0200] {processor.py:161} INFO - Started process (PID=26091) to work on /Library/Frameworks/Python.framework/Versions/3.10/lib/python3.10/site-packages/airflow/example_dags/example_params_ui_tutorial.py
[2024-01-13T11:06:00.378+0200] {processor.py:830} INFO - Processing file /Library/Frameworks/Python.framework/Versions/3.10/lib/python3.10/site-packages/airflow/example_dags/example_params_ui_tutorial.py for tasks to queue
[2024-01-13T11:06:00.378+0200] {logging_mixin.py:188} INFO - [2024-01-13T11:06:00.378+0200] {dagbag.py:538} INFO - Filling up the DagBag from /Library/Frameworks/Python.framework/Versions/3.10/lib/python3.10/site-packages/airflow/example_dags/example_params_ui_tutorial.py
[2024-01-13T11:06:00.464+0200] {processor.py:840} INFO - DAG(s) 'example_params_ui_tutorial' retrieved from /Library/Frameworks/Python.framework/Versions/3.10/lib/python3.10/site-packages/airflow/example_dags/example_params_ui_tutorial.py
[2024-01-13T11:06:00.579+0200] {logging_mixin.py:188} INFO - [2024-01-13T11:06:00.579+0200] {dag.py:3033} INFO - Sync 1 DAGs
[2024-01-13T11:06:00.586+0200] {logging_mixin.py:188} INFO - [2024-01-13T11:06:00.586+0200] {dag.py:3820} INFO - Setting next_dagrun for example_params_ui_tutorial to None, run_after=None
[2024-01-13T11:06:00.604+0200] {processor.py:183} INFO - Processing /Library/Frameworks/Python.framework/Versions/3.10/lib/python3.10/site-packages/airflow/example_dags/example_params_ui_tutorial.py took 0.232 seconds
[2024-01-13T11:08:01.093+0200] {processor.py:161} INFO - Started process (PID=26192) to work on /Library/Frameworks/Python.framework/Versions/3.10/lib/python3.10/site-packages/airflow/example_dags/example_params_ui_tutorial.py
[2024-01-13T11:08:01.099+0200] {processor.py:830} INFO - Processing file /Library/Frameworks/Python.framework/Versions/3.10/lib/python3.10/site-packages/airflow/example_dags/example_params_ui_tutorial.py for tasks to queue
[2024-01-13T11:08:01.100+0200] {logging_mixin.py:188} INFO - [2024-01-13T11:08:01.100+0200] {dagbag.py:538} INFO - Filling up the DagBag from /Library/Frameworks/Python.framework/Versions/3.10/lib/python3.10/site-packages/airflow/example_dags/example_params_ui_tutorial.py
[2024-01-13T11:08:01.231+0200] {processor.py:840} INFO - DAG(s) 'example_params_ui_tutorial' retrieved from /Library/Frameworks/Python.framework/Versions/3.10/lib/python3.10/site-packages/airflow/example_dags/example_params_ui_tutorial.py
[2024-01-13T11:08:01.355+0200] {logging_mixin.py:188} INFO - [2024-01-13T11:08:01.355+0200] {dag.py:3033} INFO - Sync 1 DAGs
[2024-01-13T11:08:01.362+0200] {logging_mixin.py:188} INFO - [2024-01-13T11:08:01.362+0200] {dag.py:3820} INFO - Setting next_dagrun for example_params_ui_tutorial to None, run_after=None
[2024-01-13T11:08:01.380+0200] {processor.py:183} INFO - Processing /Library/Frameworks/Python.framework/Versions/3.10/lib/python3.10/site-packages/airflow/example_dags/example_params_ui_tutorial.py took 0.289 seconds
[2024-01-13T11:10:02.890+0200] {processor.py:161} INFO - Started process (PID=26278) to work on /Library/Frameworks/Python.framework/Versions/3.10/lib/python3.10/site-packages/airflow/example_dags/example_params_ui_tutorial.py
[2024-01-13T11:10:02.895+0200] {processor.py:830} INFO - Processing file /Library/Frameworks/Python.framework/Versions/3.10/lib/python3.10/site-packages/airflow/example_dags/example_params_ui_tutorial.py for tasks to queue
[2024-01-13T11:10:02.895+0200] {logging_mixin.py:188} INFO - [2024-01-13T11:10:02.895+0200] {dagbag.py:538} INFO - Filling up the DagBag from /Library/Frameworks/Python.framework/Versions/3.10/lib/python3.10/site-packages/airflow/example_dags/example_params_ui_tutorial.py
[2024-01-13T11:10:02.979+0200] {processor.py:840} INFO - DAG(s) 'example_params_ui_tutorial' retrieved from /Library/Frameworks/Python.framework/Versions/3.10/lib/python3.10/site-packages/airflow/example_dags/example_params_ui_tutorial.py
[2024-01-13T11:10:03.097+0200] {logging_mixin.py:188} INFO - [2024-01-13T11:10:03.097+0200] {dag.py:3033} INFO - Sync 1 DAGs
[2024-01-13T11:10:03.105+0200] {logging_mixin.py:188} INFO - [2024-01-13T11:10:03.104+0200] {dag.py:3820} INFO - Setting next_dagrun for example_params_ui_tutorial to None, run_after=None
[2024-01-13T11:10:03.126+0200] {processor.py:183} INFO - Processing /Library/Frameworks/Python.framework/Versions/3.10/lib/python3.10/site-packages/airflow/example_dags/example_params_ui_tutorial.py took 0.237 seconds
[2024-01-13T11:12:00.603+0200] {processor.py:161} INFO - Started process (PID=26366) to work on /Library/Frameworks/Python.framework/Versions/3.10/lib/python3.10/site-packages/airflow/example_dags/example_params_ui_tutorial.py
[2024-01-13T11:12:00.608+0200] {processor.py:830} INFO - Processing file /Library/Frameworks/Python.framework/Versions/3.10/lib/python3.10/site-packages/airflow/example_dags/example_params_ui_tutorial.py for tasks to queue
[2024-01-13T11:12:00.609+0200] {logging_mixin.py:188} INFO - [2024-01-13T11:12:00.608+0200] {dagbag.py:538} INFO - Filling up the DagBag from /Library/Frameworks/Python.framework/Versions/3.10/lib/python3.10/site-packages/airflow/example_dags/example_params_ui_tutorial.py
[2024-01-13T11:12:00.699+0200] {processor.py:840} INFO - DAG(s) 'example_params_ui_tutorial' retrieved from /Library/Frameworks/Python.framework/Versions/3.10/lib/python3.10/site-packages/airflow/example_dags/example_params_ui_tutorial.py
[2024-01-13T11:12:00.818+0200] {logging_mixin.py:188} INFO - [2024-01-13T11:12:00.817+0200] {dag.py:3033} INFO - Sync 1 DAGs
[2024-01-13T11:12:00.825+0200] {logging_mixin.py:188} INFO - [2024-01-13T11:12:00.825+0200] {dag.py:3820} INFO - Setting next_dagrun for example_params_ui_tutorial to None, run_after=None
[2024-01-13T11:12:00.841+0200] {processor.py:183} INFO - Processing /Library/Frameworks/Python.framework/Versions/3.10/lib/python3.10/site-packages/airflow/example_dags/example_params_ui_tutorial.py took 0.239 seconds
[2024-01-13T11:15:52.454+0200] {processor.py:161} INFO - Started process (PID=26623) to work on /Library/Frameworks/Python.framework/Versions/3.10/lib/python3.10/site-packages/airflow/example_dags/example_params_ui_tutorial.py
[2024-01-13T11:15:52.459+0200] {processor.py:830} INFO - Processing file /Library/Frameworks/Python.framework/Versions/3.10/lib/python3.10/site-packages/airflow/example_dags/example_params_ui_tutorial.py for tasks to queue
[2024-01-13T11:15:52.460+0200] {logging_mixin.py:188} INFO - [2024-01-13T11:15:52.459+0200] {dagbag.py:538} INFO - Filling up the DagBag from /Library/Frameworks/Python.framework/Versions/3.10/lib/python3.10/site-packages/airflow/example_dags/example_params_ui_tutorial.py
[2024-01-13T11:15:52.548+0200] {processor.py:840} INFO - DAG(s) 'example_params_ui_tutorial' retrieved from /Library/Frameworks/Python.framework/Versions/3.10/lib/python3.10/site-packages/airflow/example_dags/example_params_ui_tutorial.py
[2024-01-13T11:15:52.669+0200] {logging_mixin.py:188} INFO - [2024-01-13T11:15:52.668+0200] {dag.py:3033} INFO - Sync 1 DAGs
[2024-01-13T11:15:52.676+0200] {logging_mixin.py:188} INFO - [2024-01-13T11:15:52.676+0200] {dag.py:3820} INFO - Setting next_dagrun for example_params_ui_tutorial to None, run_after=None
[2024-01-13T11:15:52.694+0200] {processor.py:183} INFO - Processing /Library/Frameworks/Python.framework/Versions/3.10/lib/python3.10/site-packages/airflow/example_dags/example_params_ui_tutorial.py took 0.241 seconds
[2024-01-13T11:19:47.369+0200] {processor.py:161} INFO - Started process (PID=26889) to work on /Library/Frameworks/Python.framework/Versions/3.10/lib/python3.10/site-packages/airflow/example_dags/example_params_ui_tutorial.py
[2024-01-13T11:19:47.375+0200] {processor.py:830} INFO - Processing file /Library/Frameworks/Python.framework/Versions/3.10/lib/python3.10/site-packages/airflow/example_dags/example_params_ui_tutorial.py for tasks to queue
[2024-01-13T11:19:47.375+0200] {logging_mixin.py:188} INFO - [2024-01-13T11:19:47.375+0200] {dagbag.py:538} INFO - Filling up the DagBag from /Library/Frameworks/Python.framework/Versions/3.10/lib/python3.10/site-packages/airflow/example_dags/example_params_ui_tutorial.py
[2024-01-13T11:19:47.470+0200] {processor.py:840} INFO - DAG(s) 'example_params_ui_tutorial' retrieved from /Library/Frameworks/Python.framework/Versions/3.10/lib/python3.10/site-packages/airflow/example_dags/example_params_ui_tutorial.py
[2024-01-13T11:19:47.595+0200] {logging_mixin.py:188} INFO - [2024-01-13T11:19:47.595+0200] {dag.py:3033} INFO - Sync 1 DAGs
[2024-01-13T11:19:47.603+0200] {logging_mixin.py:188} INFO - [2024-01-13T11:19:47.603+0200] {dag.py:3820} INFO - Setting next_dagrun for example_params_ui_tutorial to None, run_after=None
[2024-01-13T11:19:47.621+0200] {processor.py:183} INFO - Processing /Library/Frameworks/Python.framework/Versions/3.10/lib/python3.10/site-packages/airflow/example_dags/example_params_ui_tutorial.py took 0.253 seconds
[2024-01-13T11:23:43.132+0200] {processor.py:161} INFO - Started process (PID=27097) to work on /Library/Frameworks/Python.framework/Versions/3.10/lib/python3.10/site-packages/airflow/example_dags/example_params_ui_tutorial.py
[2024-01-13T11:23:43.137+0200] {processor.py:830} INFO - Processing file /Library/Frameworks/Python.framework/Versions/3.10/lib/python3.10/site-packages/airflow/example_dags/example_params_ui_tutorial.py for tasks to queue
[2024-01-13T11:23:43.137+0200] {logging_mixin.py:188} INFO - [2024-01-13T11:23:43.137+0200] {dagbag.py:538} INFO - Filling up the DagBag from /Library/Frameworks/Python.framework/Versions/3.10/lib/python3.10/site-packages/airflow/example_dags/example_params_ui_tutorial.py
[2024-01-13T11:23:43.229+0200] {processor.py:840} INFO - DAG(s) 'example_params_ui_tutorial' retrieved from /Library/Frameworks/Python.framework/Versions/3.10/lib/python3.10/site-packages/airflow/example_dags/example_params_ui_tutorial.py
[2024-01-13T11:23:43.353+0200] {logging_mixin.py:188} INFO - [2024-01-13T11:23:43.353+0200] {dag.py:3033} INFO - Sync 1 DAGs
[2024-01-13T11:23:43.362+0200] {logging_mixin.py:188} INFO - [2024-01-13T11:23:43.361+0200] {dag.py:3820} INFO - Setting next_dagrun for example_params_ui_tutorial to None, run_after=None
[2024-01-13T11:23:43.380+0200] {processor.py:183} INFO - Processing /Library/Frameworks/Python.framework/Versions/3.10/lib/python3.10/site-packages/airflow/example_dags/example_params_ui_tutorial.py took 0.249 seconds
[2024-01-13T11:27:36.440+0200] {processor.py:161} INFO - Started process (PID=27361) to work on /Library/Frameworks/Python.framework/Versions/3.10/lib/python3.10/site-packages/airflow/example_dags/example_params_ui_tutorial.py
[2024-01-13T11:27:36.445+0200] {processor.py:830} INFO - Processing file /Library/Frameworks/Python.framework/Versions/3.10/lib/python3.10/site-packages/airflow/example_dags/example_params_ui_tutorial.py for tasks to queue
[2024-01-13T11:27:36.446+0200] {logging_mixin.py:188} INFO - [2024-01-13T11:27:36.446+0200] {dagbag.py:538} INFO - Filling up the DagBag from /Library/Frameworks/Python.framework/Versions/3.10/lib/python3.10/site-packages/airflow/example_dags/example_params_ui_tutorial.py
[2024-01-13T11:27:36.535+0200] {processor.py:840} INFO - DAG(s) 'example_params_ui_tutorial' retrieved from /Library/Frameworks/Python.framework/Versions/3.10/lib/python3.10/site-packages/airflow/example_dags/example_params_ui_tutorial.py
[2024-01-13T11:27:36.656+0200] {logging_mixin.py:188} INFO - [2024-01-13T11:27:36.655+0200] {dag.py:3033} INFO - Sync 1 DAGs
[2024-01-13T11:27:36.663+0200] {logging_mixin.py:188} INFO - [2024-01-13T11:27:36.663+0200] {dag.py:3820} INFO - Setting next_dagrun for example_params_ui_tutorial to None, run_after=None
[2024-01-13T11:27:36.681+0200] {processor.py:183} INFO - Processing /Library/Frameworks/Python.framework/Versions/3.10/lib/python3.10/site-packages/airflow/example_dags/example_params_ui_tutorial.py took 0.242 seconds
[2024-01-13T11:31:26.252+0200] {processor.py:161} INFO - Started process (PID=27523) to work on /Library/Frameworks/Python.framework/Versions/3.10/lib/python3.10/site-packages/airflow/example_dags/example_params_ui_tutorial.py
[2024-01-13T11:31:26.257+0200] {processor.py:830} INFO - Processing file /Library/Frameworks/Python.framework/Versions/3.10/lib/python3.10/site-packages/airflow/example_dags/example_params_ui_tutorial.py for tasks to queue
[2024-01-13T11:31:26.258+0200] {logging_mixin.py:188} INFO - [2024-01-13T11:31:26.258+0200] {dagbag.py:538} INFO - Filling up the DagBag from /Library/Frameworks/Python.framework/Versions/3.10/lib/python3.10/site-packages/airflow/example_dags/example_params_ui_tutorial.py
[2024-01-13T11:31:26.333+0200] {processor.py:840} INFO - DAG(s) 'example_params_ui_tutorial' retrieved from /Library/Frameworks/Python.framework/Versions/3.10/lib/python3.10/site-packages/airflow/example_dags/example_params_ui_tutorial.py
[2024-01-13T11:31:26.445+0200] {logging_mixin.py:188} INFO - [2024-01-13T11:31:26.445+0200] {dag.py:3033} INFO - Sync 1 DAGs
[2024-01-13T11:31:26.452+0200] {logging_mixin.py:188} INFO - [2024-01-13T11:31:26.452+0200] {dag.py:3820} INFO - Setting next_dagrun for example_params_ui_tutorial to None, run_after=None
[2024-01-13T11:31:26.469+0200] {processor.py:183} INFO - Processing /Library/Frameworks/Python.framework/Versions/3.10/lib/python3.10/site-packages/airflow/example_dags/example_params_ui_tutorial.py took 0.218 seconds
[2024-01-13T11:35:27.281+0200] {processor.py:161} INFO - Started process (PID=28433) to work on /Library/Frameworks/Python.framework/Versions/3.10/lib/python3.10/site-packages/airflow/example_dags/example_params_ui_tutorial.py
[2024-01-13T11:35:27.286+0200] {processor.py:830} INFO - Processing file /Library/Frameworks/Python.framework/Versions/3.10/lib/python3.10/site-packages/airflow/example_dags/example_params_ui_tutorial.py for tasks to queue
[2024-01-13T11:35:27.287+0200] {logging_mixin.py:188} INFO - [2024-01-13T11:35:27.287+0200] {dagbag.py:538} INFO - Filling up the DagBag from /Library/Frameworks/Python.framework/Versions/3.10/lib/python3.10/site-packages/airflow/example_dags/example_params_ui_tutorial.py
[2024-01-13T11:35:27.383+0200] {processor.py:840} INFO - DAG(s) 'example_params_ui_tutorial' retrieved from /Library/Frameworks/Python.framework/Versions/3.10/lib/python3.10/site-packages/airflow/example_dags/example_params_ui_tutorial.py
[2024-01-13T11:35:27.600+0200] {logging_mixin.py:188} INFO - [2024-01-13T11:35:27.600+0200] {dag.py:3033} INFO - Sync 1 DAGs
[2024-01-13T11:35:27.612+0200] {logging_mixin.py:188} INFO - [2024-01-13T11:35:27.611+0200] {dag.py:3820} INFO - Setting next_dagrun for example_params_ui_tutorial to None, run_after=None
[2024-01-13T11:35:27.642+0200] {processor.py:183} INFO - Processing /Library/Frameworks/Python.framework/Versions/3.10/lib/python3.10/site-packages/airflow/example_dags/example_params_ui_tutorial.py took 0.362 seconds
[2024-01-13T11:39:46.035+0200] {processor.py:161} INFO - Started process (PID=29445) to work on /Library/Frameworks/Python.framework/Versions/3.10/lib/python3.10/site-packages/airflow/example_dags/example_params_ui_tutorial.py
[2024-01-13T11:39:46.040+0200] {processor.py:830} INFO - Processing file /Library/Frameworks/Python.framework/Versions/3.10/lib/python3.10/site-packages/airflow/example_dags/example_params_ui_tutorial.py for tasks to queue
[2024-01-13T11:39:46.041+0200] {logging_mixin.py:188} INFO - [2024-01-13T11:39:46.041+0200] {dagbag.py:538} INFO - Filling up the DagBag from /Library/Frameworks/Python.framework/Versions/3.10/lib/python3.10/site-packages/airflow/example_dags/example_params_ui_tutorial.py
[2024-01-13T11:39:46.128+0200] {processor.py:840} INFO - DAG(s) 'example_params_ui_tutorial' retrieved from /Library/Frameworks/Python.framework/Versions/3.10/lib/python3.10/site-packages/airflow/example_dags/example_params_ui_tutorial.py
[2024-01-13T11:39:46.267+0200] {logging_mixin.py:188} INFO - [2024-01-13T11:39:46.266+0200] {dag.py:3033} INFO - Sync 1 DAGs
[2024-01-13T11:39:46.276+0200] {logging_mixin.py:188} INFO - [2024-01-13T11:39:46.275+0200] {dag.py:3820} INFO - Setting next_dagrun for example_params_ui_tutorial to None, run_after=None
[2024-01-13T11:39:46.297+0200] {processor.py:183} INFO - Processing /Library/Frameworks/Python.framework/Versions/3.10/lib/python3.10/site-packages/airflow/example_dags/example_params_ui_tutorial.py took 0.263 seconds
[2024-01-13T11:42:19.449+0200] {processor.py:161} INFO - Started process (PID=29640) to work on /Library/Frameworks/Python.framework/Versions/3.10/lib/python3.10/site-packages/airflow/example_dags/example_params_ui_tutorial.py
[2024-01-13T11:42:19.457+0200] {processor.py:830} INFO - Processing file /Library/Frameworks/Python.framework/Versions/3.10/lib/python3.10/site-packages/airflow/example_dags/example_params_ui_tutorial.py for tasks to queue
[2024-01-13T11:42:19.458+0200] {logging_mixin.py:188} INFO - [2024-01-13T11:42:19.457+0200] {dagbag.py:538} INFO - Filling up the DagBag from /Library/Frameworks/Python.framework/Versions/3.10/lib/python3.10/site-packages/airflow/example_dags/example_params_ui_tutorial.py
[2024-01-13T11:42:19.569+0200] {processor.py:840} INFO - DAG(s) 'example_params_ui_tutorial' retrieved from /Library/Frameworks/Python.framework/Versions/3.10/lib/python3.10/site-packages/airflow/example_dags/example_params_ui_tutorial.py
[2024-01-13T11:42:19.767+0200] {logging_mixin.py:188} INFO - [2024-01-13T11:42:19.767+0200] {dag.py:3033} INFO - Sync 1 DAGs
[2024-01-13T11:42:19.778+0200] {logging_mixin.py:188} INFO - [2024-01-13T11:42:19.778+0200] {dag.py:3820} INFO - Setting next_dagrun for example_params_ui_tutorial to None, run_after=None
[2024-01-13T11:42:19.807+0200] {processor.py:183} INFO - Processing /Library/Frameworks/Python.framework/Versions/3.10/lib/python3.10/site-packages/airflow/example_dags/example_params_ui_tutorial.py took 0.359 seconds
[2024-01-13T11:44:56.191+0200] {processor.py:161} INFO - Started process (PID=29851) to work on /Library/Frameworks/Python.framework/Versions/3.10/lib/python3.10/site-packages/airflow/example_dags/example_params_ui_tutorial.py
[2024-01-13T11:44:56.197+0200] {processor.py:830} INFO - Processing file /Library/Frameworks/Python.framework/Versions/3.10/lib/python3.10/site-packages/airflow/example_dags/example_params_ui_tutorial.py for tasks to queue
[2024-01-13T11:44:56.197+0200] {logging_mixin.py:188} INFO - [2024-01-13T11:44:56.197+0200] {dagbag.py:538} INFO - Filling up the DagBag from /Library/Frameworks/Python.framework/Versions/3.10/lib/python3.10/site-packages/airflow/example_dags/example_params_ui_tutorial.py
[2024-01-13T11:44:56.291+0200] {processor.py:840} INFO - DAG(s) 'example_params_ui_tutorial' retrieved from /Library/Frameworks/Python.framework/Versions/3.10/lib/python3.10/site-packages/airflow/example_dags/example_params_ui_tutorial.py
[2024-01-13T11:44:56.438+0200] {logging_mixin.py:188} INFO - [2024-01-13T11:44:56.437+0200] {dag.py:3033} INFO - Sync 1 DAGs
[2024-01-13T11:44:56.450+0200] {logging_mixin.py:188} INFO - [2024-01-13T11:44:56.449+0200] {dag.py:3820} INFO - Setting next_dagrun for example_params_ui_tutorial to None, run_after=None
[2024-01-13T11:44:56.473+0200] {processor.py:183} INFO - Processing /Library/Frameworks/Python.framework/Versions/3.10/lib/python3.10/site-packages/airflow/example_dags/example_params_ui_tutorial.py took 0.283 seconds
[2024-01-13T11:47:33.174+0200] {processor.py:161} INFO - Started process (PID=30083) to work on /Library/Frameworks/Python.framework/Versions/3.10/lib/python3.10/site-packages/airflow/example_dags/example_params_ui_tutorial.py
[2024-01-13T11:47:33.184+0200] {processor.py:830} INFO - Processing file /Library/Frameworks/Python.framework/Versions/3.10/lib/python3.10/site-packages/airflow/example_dags/example_params_ui_tutorial.py for tasks to queue
[2024-01-13T11:47:33.185+0200] {logging_mixin.py:188} INFO - [2024-01-13T11:47:33.185+0200] {dagbag.py:538} INFO - Filling up the DagBag from /Library/Frameworks/Python.framework/Versions/3.10/lib/python3.10/site-packages/airflow/example_dags/example_params_ui_tutorial.py
[2024-01-13T11:47:33.382+0200] {processor.py:840} INFO - DAG(s) 'example_params_ui_tutorial' retrieved from /Library/Frameworks/Python.framework/Versions/3.10/lib/python3.10/site-packages/airflow/example_dags/example_params_ui_tutorial.py
[2024-01-13T11:47:33.638+0200] {logging_mixin.py:188} INFO - [2024-01-13T11:47:33.638+0200] {dag.py:3033} INFO - Sync 1 DAGs
[2024-01-13T11:47:33.658+0200] {logging_mixin.py:188} INFO - [2024-01-13T11:47:33.657+0200] {dag.py:3820} INFO - Setting next_dagrun for example_params_ui_tutorial to None, run_after=None
[2024-01-13T11:47:33.732+0200] {processor.py:183} INFO - Processing /Library/Frameworks/Python.framework/Versions/3.10/lib/python3.10/site-packages/airflow/example_dags/example_params_ui_tutorial.py took 0.560 seconds
[2024-01-13T11:50:37.099+0200] {processor.py:161} INFO - Started process (PID=30342) to work on /Library/Frameworks/Python.framework/Versions/3.10/lib/python3.10/site-packages/airflow/example_dags/example_params_ui_tutorial.py
[2024-01-13T11:50:37.110+0200] {processor.py:830} INFO - Processing file /Library/Frameworks/Python.framework/Versions/3.10/lib/python3.10/site-packages/airflow/example_dags/example_params_ui_tutorial.py for tasks to queue
[2024-01-13T11:50:37.111+0200] {logging_mixin.py:188} INFO - [2024-01-13T11:50:37.110+0200] {dagbag.py:538} INFO - Filling up the DagBag from /Library/Frameworks/Python.framework/Versions/3.10/lib/python3.10/site-packages/airflow/example_dags/example_params_ui_tutorial.py
[2024-01-13T11:50:37.216+0200] {processor.py:840} INFO - DAG(s) 'example_params_ui_tutorial' retrieved from /Library/Frameworks/Python.framework/Versions/3.10/lib/python3.10/site-packages/airflow/example_dags/example_params_ui_tutorial.py
[2024-01-13T11:50:37.433+0200] {logging_mixin.py:188} INFO - [2024-01-13T11:50:37.432+0200] {dag.py:3033} INFO - Sync 1 DAGs
[2024-01-13T11:50:37.450+0200] {logging_mixin.py:188} INFO - [2024-01-13T11:50:37.450+0200] {dag.py:3820} INFO - Setting next_dagrun for example_params_ui_tutorial to None, run_after=None
[2024-01-13T11:50:37.519+0200] {processor.py:183} INFO - Processing /Library/Frameworks/Python.framework/Versions/3.10/lib/python3.10/site-packages/airflow/example_dags/example_params_ui_tutorial.py took 0.421 seconds
[2024-01-13T11:54:21.250+0200] {processor.py:161} INFO - Started process (PID=31640) to work on /Library/Frameworks/Python.framework/Versions/3.10/lib/python3.10/site-packages/airflow/example_dags/example_params_ui_tutorial.py
[2024-01-13T11:54:21.256+0200] {processor.py:830} INFO - Processing file /Library/Frameworks/Python.framework/Versions/3.10/lib/python3.10/site-packages/airflow/example_dags/example_params_ui_tutorial.py for tasks to queue
[2024-01-13T11:54:21.257+0200] {logging_mixin.py:188} INFO - [2024-01-13T11:54:21.257+0200] {dagbag.py:538} INFO - Filling up the DagBag from /Library/Frameworks/Python.framework/Versions/3.10/lib/python3.10/site-packages/airflow/example_dags/example_params_ui_tutorial.py
[2024-01-13T11:54:21.415+0200] {processor.py:840} INFO - DAG(s) 'example_params_ui_tutorial' retrieved from /Library/Frameworks/Python.framework/Versions/3.10/lib/python3.10/site-packages/airflow/example_dags/example_params_ui_tutorial.py
[2024-01-13T11:54:21.656+0200] {logging_mixin.py:188} INFO - [2024-01-13T11:54:21.656+0200] {dag.py:3033} INFO - Sync 1 DAGs
[2024-01-13T11:54:21.668+0200] {logging_mixin.py:188} INFO - [2024-01-13T11:54:21.668+0200] {dag.py:3820} INFO - Setting next_dagrun for example_params_ui_tutorial to None, run_after=None
[2024-01-13T11:54:21.700+0200] {processor.py:183} INFO - Processing /Library/Frameworks/Python.framework/Versions/3.10/lib/python3.10/site-packages/airflow/example_dags/example_params_ui_tutorial.py took 0.451 seconds
[2024-01-13T11:57:30.746+0200] {processor.py:161} INFO - Started process (PID=31961) to work on /Library/Frameworks/Python.framework/Versions/3.10/lib/python3.10/site-packages/airflow/example_dags/example_params_ui_tutorial.py
[2024-01-13T11:57:30.753+0200] {processor.py:830} INFO - Processing file /Library/Frameworks/Python.framework/Versions/3.10/lib/python3.10/site-packages/airflow/example_dags/example_params_ui_tutorial.py for tasks to queue
[2024-01-13T11:57:30.754+0200] {logging_mixin.py:188} INFO - [2024-01-13T11:57:30.753+0200] {dagbag.py:538} INFO - Filling up the DagBag from /Library/Frameworks/Python.framework/Versions/3.10/lib/python3.10/site-packages/airflow/example_dags/example_params_ui_tutorial.py
[2024-01-13T11:57:30.851+0200] {processor.py:840} INFO - DAG(s) 'example_params_ui_tutorial' retrieved from /Library/Frameworks/Python.framework/Versions/3.10/lib/python3.10/site-packages/airflow/example_dags/example_params_ui_tutorial.py
[2024-01-13T11:57:31.031+0200] {logging_mixin.py:188} INFO - [2024-01-13T11:57:31.030+0200] {dag.py:3033} INFO - Sync 1 DAGs
[2024-01-13T11:57:31.042+0200] {logging_mixin.py:188} INFO - [2024-01-13T11:57:31.042+0200] {dag.py:3820} INFO - Setting next_dagrun for example_params_ui_tutorial to None, run_after=None
[2024-01-13T11:57:31.075+0200] {processor.py:183} INFO - Processing /Library/Frameworks/Python.framework/Versions/3.10/lib/python3.10/site-packages/airflow/example_dags/example_params_ui_tutorial.py took 0.330 seconds
[2024-01-13T12:00:51.636+0200] {processor.py:161} INFO - Started process (PID=32120) to work on /Library/Frameworks/Python.framework/Versions/3.10/lib/python3.10/site-packages/airflow/example_dags/example_params_ui_tutorial.py
[2024-01-13T12:00:51.643+0200] {processor.py:830} INFO - Processing file /Library/Frameworks/Python.framework/Versions/3.10/lib/python3.10/site-packages/airflow/example_dags/example_params_ui_tutorial.py for tasks to queue
[2024-01-13T12:00:51.645+0200] {logging_mixin.py:188} INFO - [2024-01-13T12:00:51.644+0200] {dagbag.py:538} INFO - Filling up the DagBag from /Library/Frameworks/Python.framework/Versions/3.10/lib/python3.10/site-packages/airflow/example_dags/example_params_ui_tutorial.py
[2024-01-13T12:00:51.762+0200] {processor.py:840} INFO - DAG(s) 'example_params_ui_tutorial' retrieved from /Library/Frameworks/Python.framework/Versions/3.10/lib/python3.10/site-packages/airflow/example_dags/example_params_ui_tutorial.py
[2024-01-13T12:00:51.985+0200] {logging_mixin.py:188} INFO - [2024-01-13T12:00:51.984+0200] {dag.py:3033} INFO - Sync 1 DAGs
[2024-01-13T12:00:52.000+0200] {logging_mixin.py:188} INFO - [2024-01-13T12:00:52.000+0200] {dag.py:3820} INFO - Setting next_dagrun for example_params_ui_tutorial to None, run_after=None
[2024-01-13T12:00:52.039+0200] {processor.py:183} INFO - Processing /Library/Frameworks/Python.framework/Versions/3.10/lib/python3.10/site-packages/airflow/example_dags/example_params_ui_tutorial.py took 0.404 seconds
[2024-01-13T12:04:34.825+0200] {processor.py:161} INFO - Started process (PID=33243) to work on /Library/Frameworks/Python.framework/Versions/3.10/lib/python3.10/site-packages/airflow/example_dags/example_params_ui_tutorial.py
[2024-01-13T12:04:34.836+0200] {processor.py:830} INFO - Processing file /Library/Frameworks/Python.framework/Versions/3.10/lib/python3.10/site-packages/airflow/example_dags/example_params_ui_tutorial.py for tasks to queue
[2024-01-13T12:04:34.837+0200] {logging_mixin.py:188} INFO - [2024-01-13T12:04:34.837+0200] {dagbag.py:538} INFO - Filling up the DagBag from /Library/Frameworks/Python.framework/Versions/3.10/lib/python3.10/site-packages/airflow/example_dags/example_params_ui_tutorial.py
[2024-01-13T12:04:34.984+0200] {processor.py:840} INFO - DAG(s) 'example_params_ui_tutorial' retrieved from /Library/Frameworks/Python.framework/Versions/3.10/lib/python3.10/site-packages/airflow/example_dags/example_params_ui_tutorial.py
[2024-01-13T12:04:35.389+0200] {logging_mixin.py:188} INFO - [2024-01-13T12:04:35.388+0200] {dag.py:3033} INFO - Sync 1 DAGs
[2024-01-13T12:04:35.409+0200] {logging_mixin.py:188} INFO - [2024-01-13T12:04:35.409+0200] {dag.py:3820} INFO - Setting next_dagrun for example_params_ui_tutorial to None, run_after=None
[2024-01-13T12:04:35.449+0200] {processor.py:183} INFO - Processing /Library/Frameworks/Python.framework/Versions/3.10/lib/python3.10/site-packages/airflow/example_dags/example_params_ui_tutorial.py took 0.625 seconds
[2024-01-13T12:07:43.827+0200] {processor.py:161} INFO - Started process (PID=33989) to work on /Library/Frameworks/Python.framework/Versions/3.10/lib/python3.10/site-packages/airflow/example_dags/example_params_ui_tutorial.py
[2024-01-13T12:07:43.833+0200] {processor.py:830} INFO - Processing file /Library/Frameworks/Python.framework/Versions/3.10/lib/python3.10/site-packages/airflow/example_dags/example_params_ui_tutorial.py for tasks to queue
[2024-01-13T12:07:43.833+0200] {logging_mixin.py:188} INFO - [2024-01-13T12:07:43.833+0200] {dagbag.py:538} INFO - Filling up the DagBag from /Library/Frameworks/Python.framework/Versions/3.10/lib/python3.10/site-packages/airflow/example_dags/example_params_ui_tutorial.py
[2024-01-13T12:07:43.926+0200] {processor.py:840} INFO - DAG(s) 'example_params_ui_tutorial' retrieved from /Library/Frameworks/Python.framework/Versions/3.10/lib/python3.10/site-packages/airflow/example_dags/example_params_ui_tutorial.py
[2024-01-13T12:07:44.139+0200] {logging_mixin.py:188} INFO - [2024-01-13T12:07:44.138+0200] {dag.py:3033} INFO - Sync 1 DAGs
[2024-01-13T12:07:44.154+0200] {logging_mixin.py:188} INFO - [2024-01-13T12:07:44.153+0200] {dag.py:3820} INFO - Setting next_dagrun for example_params_ui_tutorial to None, run_after=None
[2024-01-13T12:07:44.208+0200] {processor.py:183} INFO - Processing /Library/Frameworks/Python.framework/Versions/3.10/lib/python3.10/site-packages/airflow/example_dags/example_params_ui_tutorial.py took 0.384 seconds
[2024-01-13T12:10:24.510+0200] {processor.py:161} INFO - Started process (PID=34094) to work on /Library/Frameworks/Python.framework/Versions/3.10/lib/python3.10/site-packages/airflow/example_dags/example_params_ui_tutorial.py
[2024-01-13T12:10:24.516+0200] {processor.py:830} INFO - Processing file /Library/Frameworks/Python.framework/Versions/3.10/lib/python3.10/site-packages/airflow/example_dags/example_params_ui_tutorial.py for tasks to queue
[2024-01-13T12:10:24.517+0200] {logging_mixin.py:188} INFO - [2024-01-13T12:10:24.517+0200] {dagbag.py:538} INFO - Filling up the DagBag from /Library/Frameworks/Python.framework/Versions/3.10/lib/python3.10/site-packages/airflow/example_dags/example_params_ui_tutorial.py
[2024-01-13T12:10:24.606+0200] {processor.py:840} INFO - DAG(s) 'example_params_ui_tutorial' retrieved from /Library/Frameworks/Python.framework/Versions/3.10/lib/python3.10/site-packages/airflow/example_dags/example_params_ui_tutorial.py
[2024-01-13T12:10:24.748+0200] {logging_mixin.py:188} INFO - [2024-01-13T12:10:24.748+0200] {dag.py:3033} INFO - Sync 1 DAGs
[2024-01-13T12:10:24.758+0200] {logging_mixin.py:188} INFO - [2024-01-13T12:10:24.758+0200] {dag.py:3820} INFO - Setting next_dagrun for example_params_ui_tutorial to None, run_after=None
[2024-01-13T12:10:24.782+0200] {processor.py:183} INFO - Processing /Library/Frameworks/Python.framework/Versions/3.10/lib/python3.10/site-packages/airflow/example_dags/example_params_ui_tutorial.py took 0.273 seconds
[2024-01-13T12:12:47.424+0200] {processor.py:161} INFO - Started process (PID=34296) to work on /Library/Frameworks/Python.framework/Versions/3.10/lib/python3.10/site-packages/airflow/example_dags/example_params_ui_tutorial.py
[2024-01-13T12:12:47.430+0200] {processor.py:830} INFO - Processing file /Library/Frameworks/Python.framework/Versions/3.10/lib/python3.10/site-packages/airflow/example_dags/example_params_ui_tutorial.py for tasks to queue
[2024-01-13T12:12:47.431+0200] {logging_mixin.py:188} INFO - [2024-01-13T12:12:47.430+0200] {dagbag.py:538} INFO - Filling up the DagBag from /Library/Frameworks/Python.framework/Versions/3.10/lib/python3.10/site-packages/airflow/example_dags/example_params_ui_tutorial.py
[2024-01-13T12:12:47.525+0200] {processor.py:840} INFO - DAG(s) 'example_params_ui_tutorial' retrieved from /Library/Frameworks/Python.framework/Versions/3.10/lib/python3.10/site-packages/airflow/example_dags/example_params_ui_tutorial.py
[2024-01-13T12:12:47.673+0200] {logging_mixin.py:188} INFO - [2024-01-13T12:12:47.673+0200] {dag.py:3033} INFO - Sync 1 DAGs
[2024-01-13T12:12:47.683+0200] {logging_mixin.py:188} INFO - [2024-01-13T12:12:47.683+0200] {dag.py:3820} INFO - Setting next_dagrun for example_params_ui_tutorial to None, run_after=None
[2024-01-13T12:12:47.707+0200] {processor.py:183} INFO - Processing /Library/Frameworks/Python.framework/Versions/3.10/lib/python3.10/site-packages/airflow/example_dags/example_params_ui_tutorial.py took 0.285 seconds
[2024-01-13T12:15:16.883+0200] {processor.py:161} INFO - Started process (PID=34391) to work on /Library/Frameworks/Python.framework/Versions/3.10/lib/python3.10/site-packages/airflow/example_dags/example_params_ui_tutorial.py
[2024-01-13T12:15:16.889+0200] {processor.py:830} INFO - Processing file /Library/Frameworks/Python.framework/Versions/3.10/lib/python3.10/site-packages/airflow/example_dags/example_params_ui_tutorial.py for tasks to queue
[2024-01-13T12:15:16.890+0200] {logging_mixin.py:188} INFO - [2024-01-13T12:15:16.890+0200] {dagbag.py:538} INFO - Filling up the DagBag from /Library/Frameworks/Python.framework/Versions/3.10/lib/python3.10/site-packages/airflow/example_dags/example_params_ui_tutorial.py
[2024-01-13T12:15:16.987+0200] {processor.py:840} INFO - DAG(s) 'example_params_ui_tutorial' retrieved from /Library/Frameworks/Python.framework/Versions/3.10/lib/python3.10/site-packages/airflow/example_dags/example_params_ui_tutorial.py
[2024-01-13T12:15:17.135+0200] {logging_mixin.py:188} INFO - [2024-01-13T12:15:17.135+0200] {dag.py:3033} INFO - Sync 1 DAGs
[2024-01-13T12:15:17.146+0200] {logging_mixin.py:188} INFO - [2024-01-13T12:15:17.146+0200] {dag.py:3820} INFO - Setting next_dagrun for example_params_ui_tutorial to None, run_after=None
[2024-01-13T12:15:17.167+0200] {processor.py:183} INFO - Processing /Library/Frameworks/Python.framework/Versions/3.10/lib/python3.10/site-packages/airflow/example_dags/example_params_ui_tutorial.py took 0.285 seconds
[2024-01-13T13:26:55.314+0200] {processor.py:161} INFO - Started process (PID=35374) to work on /Library/Frameworks/Python.framework/Versions/3.10/lib/python3.10/site-packages/airflow/example_dags/example_params_ui_tutorial.py
[2024-01-13T13:26:55.319+0200] {processor.py:830} INFO - Processing file /Library/Frameworks/Python.framework/Versions/3.10/lib/python3.10/site-packages/airflow/example_dags/example_params_ui_tutorial.py for tasks to queue
[2024-01-13T13:26:55.320+0200] {logging_mixin.py:188} INFO - [2024-01-13T13:26:55.320+0200] {dagbag.py:538} INFO - Filling up the DagBag from /Library/Frameworks/Python.framework/Versions/3.10/lib/python3.10/site-packages/airflow/example_dags/example_params_ui_tutorial.py
[2024-01-13T13:26:55.412+0200] {processor.py:840} INFO - DAG(s) 'example_params_ui_tutorial' retrieved from /Library/Frameworks/Python.framework/Versions/3.10/lib/python3.10/site-packages/airflow/example_dags/example_params_ui_tutorial.py
[2024-01-13T13:26:55.559+0200] {logging_mixin.py:188} INFO - [2024-01-13T13:26:55.559+0200] {dag.py:3033} INFO - Sync 1 DAGs
[2024-01-13T13:26:55.568+0200] {logging_mixin.py:188} INFO - [2024-01-13T13:26:55.568+0200] {dag.py:3820} INFO - Setting next_dagrun for example_params_ui_tutorial to None, run_after=None
[2024-01-13T13:26:55.593+0200] {processor.py:183} INFO - Processing /Library/Frameworks/Python.framework/Versions/3.10/lib/python3.10/site-packages/airflow/example_dags/example_params_ui_tutorial.py took 0.281 seconds
[2024-01-13T13:29:15.559+0200] {processor.py:161} INFO - Started process (PID=35495) to work on /Library/Frameworks/Python.framework/Versions/3.10/lib/python3.10/site-packages/airflow/example_dags/example_params_ui_tutorial.py
[2024-01-13T13:29:15.564+0200] {processor.py:830} INFO - Processing file /Library/Frameworks/Python.framework/Versions/3.10/lib/python3.10/site-packages/airflow/example_dags/example_params_ui_tutorial.py for tasks to queue
[2024-01-13T13:29:15.564+0200] {logging_mixin.py:188} INFO - [2024-01-13T13:29:15.564+0200] {dagbag.py:538} INFO - Filling up the DagBag from /Library/Frameworks/Python.framework/Versions/3.10/lib/python3.10/site-packages/airflow/example_dags/example_params_ui_tutorial.py
[2024-01-13T13:29:15.652+0200] {processor.py:840} INFO - DAG(s) 'example_params_ui_tutorial' retrieved from /Library/Frameworks/Python.framework/Versions/3.10/lib/python3.10/site-packages/airflow/example_dags/example_params_ui_tutorial.py
[2024-01-13T13:29:15.787+0200] {logging_mixin.py:188} INFO - [2024-01-13T13:29:15.786+0200] {dag.py:3033} INFO - Sync 1 DAGs
[2024-01-13T13:29:15.795+0200] {logging_mixin.py:188} INFO - [2024-01-13T13:29:15.795+0200] {dag.py:3820} INFO - Setting next_dagrun for example_params_ui_tutorial to None, run_after=None
[2024-01-13T13:29:15.816+0200] {processor.py:183} INFO - Processing /Library/Frameworks/Python.framework/Versions/3.10/lib/python3.10/site-packages/airflow/example_dags/example_params_ui_tutorial.py took 0.259 seconds
[2024-01-13T13:31:24.757+0200] {processor.py:161} INFO - Started process (PID=35582) to work on /Library/Frameworks/Python.framework/Versions/3.10/lib/python3.10/site-packages/airflow/example_dags/example_params_ui_tutorial.py
[2024-01-13T13:31:24.763+0200] {processor.py:830} INFO - Processing file /Library/Frameworks/Python.framework/Versions/3.10/lib/python3.10/site-packages/airflow/example_dags/example_params_ui_tutorial.py for tasks to queue
[2024-01-13T13:31:24.763+0200] {logging_mixin.py:188} INFO - [2024-01-13T13:31:24.763+0200] {dagbag.py:538} INFO - Filling up the DagBag from /Library/Frameworks/Python.framework/Versions/3.10/lib/python3.10/site-packages/airflow/example_dags/example_params_ui_tutorial.py
[2024-01-13T13:31:24.848+0200] {processor.py:840} INFO - DAG(s) 'example_params_ui_tutorial' retrieved from /Library/Frameworks/Python.framework/Versions/3.10/lib/python3.10/site-packages/airflow/example_dags/example_params_ui_tutorial.py
[2024-01-13T13:31:24.981+0200] {logging_mixin.py:188} INFO - [2024-01-13T13:31:24.981+0200] {dag.py:3033} INFO - Sync 1 DAGs
[2024-01-13T13:31:24.990+0200] {logging_mixin.py:188} INFO - [2024-01-13T13:31:24.990+0200] {dag.py:3820} INFO - Setting next_dagrun for example_params_ui_tutorial to None, run_after=None
[2024-01-13T13:31:25.011+0200] {processor.py:183} INFO - Processing /Library/Frameworks/Python.framework/Versions/3.10/lib/python3.10/site-packages/airflow/example_dags/example_params_ui_tutorial.py took 0.256 seconds
[2024-01-13T15:17:49.536+0200] {processor.py:161} INFO - Started process (PID=42745) to work on /Library/Frameworks/Python.framework/Versions/3.10/lib/python3.10/site-packages/airflow/example_dags/example_params_ui_tutorial.py
[2024-01-13T15:17:49.541+0200] {processor.py:830} INFO - Processing file /Library/Frameworks/Python.framework/Versions/3.10/lib/python3.10/site-packages/airflow/example_dags/example_params_ui_tutorial.py for tasks to queue
[2024-01-13T15:17:49.541+0200] {logging_mixin.py:188} INFO - [2024-01-13T15:17:49.541+0200] {dagbag.py:538} INFO - Filling up the DagBag from /Library/Frameworks/Python.framework/Versions/3.10/lib/python3.10/site-packages/airflow/example_dags/example_params_ui_tutorial.py
[2024-01-13T15:17:49.634+0200] {processor.py:840} INFO - DAG(s) 'example_params_ui_tutorial' retrieved from /Library/Frameworks/Python.framework/Versions/3.10/lib/python3.10/site-packages/airflow/example_dags/example_params_ui_tutorial.py
[2024-01-13T15:17:49.878+0200] {logging_mixin.py:188} INFO - [2024-01-13T15:17:49.878+0200] {dag.py:3033} INFO - Sync 1 DAGs
[2024-01-13T15:17:49.887+0200] {logging_mixin.py:188} INFO - [2024-01-13T15:17:49.886+0200] {dag.py:3820} INFO - Setting next_dagrun for example_params_ui_tutorial to None, run_after=None
[2024-01-13T15:17:49.910+0200] {processor.py:183} INFO - Processing /Library/Frameworks/Python.framework/Versions/3.10/lib/python3.10/site-packages/airflow/example_dags/example_params_ui_tutorial.py took 0.376 seconds
[2024-01-13T15:20:33.674+0200] {processor.py:161} INFO - Started process (PID=42862) to work on /Library/Frameworks/Python.framework/Versions/3.10/lib/python3.10/site-packages/airflow/example_dags/example_params_ui_tutorial.py
[2024-01-13T15:20:33.679+0200] {processor.py:830} INFO - Processing file /Library/Frameworks/Python.framework/Versions/3.10/lib/python3.10/site-packages/airflow/example_dags/example_params_ui_tutorial.py for tasks to queue
[2024-01-13T15:20:33.679+0200] {logging_mixin.py:188} INFO - [2024-01-13T15:20:33.679+0200] {dagbag.py:538} INFO - Filling up the DagBag from /Library/Frameworks/Python.framework/Versions/3.10/lib/python3.10/site-packages/airflow/example_dags/example_params_ui_tutorial.py
[2024-01-13T15:20:33.773+0200] {processor.py:840} INFO - DAG(s) 'example_params_ui_tutorial' retrieved from /Library/Frameworks/Python.framework/Versions/3.10/lib/python3.10/site-packages/airflow/example_dags/example_params_ui_tutorial.py
[2024-01-13T15:20:33.894+0200] {logging_mixin.py:188} INFO - [2024-01-13T15:20:33.894+0200] {dag.py:3033} INFO - Sync 1 DAGs
[2024-01-13T15:20:33.902+0200] {logging_mixin.py:188} INFO - [2024-01-13T15:20:33.902+0200] {dag.py:3820} INFO - Setting next_dagrun for example_params_ui_tutorial to None, run_after=None
[2024-01-13T15:20:33.921+0200] {processor.py:183} INFO - Processing /Library/Frameworks/Python.framework/Versions/3.10/lib/python3.10/site-packages/airflow/example_dags/example_params_ui_tutorial.py took 0.249 seconds
[2024-01-13T15:22:57.979+0200] {processor.py:161} INFO - Started process (PID=42981) to work on /Library/Frameworks/Python.framework/Versions/3.10/lib/python3.10/site-packages/airflow/example_dags/example_params_ui_tutorial.py
[2024-01-13T15:22:57.984+0200] {processor.py:830} INFO - Processing file /Library/Frameworks/Python.framework/Versions/3.10/lib/python3.10/site-packages/airflow/example_dags/example_params_ui_tutorial.py for tasks to queue
[2024-01-13T15:22:57.985+0200] {logging_mixin.py:188} INFO - [2024-01-13T15:22:57.984+0200] {dagbag.py:538} INFO - Filling up the DagBag from /Library/Frameworks/Python.framework/Versions/3.10/lib/python3.10/site-packages/airflow/example_dags/example_params_ui_tutorial.py
[2024-01-13T15:22:58.077+0200] {processor.py:840} INFO - DAG(s) 'example_params_ui_tutorial' retrieved from /Library/Frameworks/Python.framework/Versions/3.10/lib/python3.10/site-packages/airflow/example_dags/example_params_ui_tutorial.py
[2024-01-13T15:22:58.202+0200] {logging_mixin.py:188} INFO - [2024-01-13T15:22:58.201+0200] {dag.py:3033} INFO - Sync 1 DAGs
[2024-01-13T15:22:58.210+0200] {logging_mixin.py:188} INFO - [2024-01-13T15:22:58.209+0200] {dag.py:3820} INFO - Setting next_dagrun for example_params_ui_tutorial to None, run_after=None
[2024-01-13T15:22:58.232+0200] {processor.py:183} INFO - Processing /Library/Frameworks/Python.framework/Versions/3.10/lib/python3.10/site-packages/airflow/example_dags/example_params_ui_tutorial.py took 0.254 seconds
[2024-01-13T15:25:22.377+0200] {processor.py:161} INFO - Started process (PID=43135) to work on /Library/Frameworks/Python.framework/Versions/3.10/lib/python3.10/site-packages/airflow/example_dags/example_params_ui_tutorial.py
[2024-01-13T15:25:22.381+0200] {processor.py:830} INFO - Processing file /Library/Frameworks/Python.framework/Versions/3.10/lib/python3.10/site-packages/airflow/example_dags/example_params_ui_tutorial.py for tasks to queue
[2024-01-13T15:25:22.382+0200] {logging_mixin.py:188} INFO - [2024-01-13T15:25:22.382+0200] {dagbag.py:538} INFO - Filling up the DagBag from /Library/Frameworks/Python.framework/Versions/3.10/lib/python3.10/site-packages/airflow/example_dags/example_params_ui_tutorial.py
[2024-01-13T15:25:22.482+0200] {processor.py:840} INFO - DAG(s) 'example_params_ui_tutorial' retrieved from /Library/Frameworks/Python.framework/Versions/3.10/lib/python3.10/site-packages/airflow/example_dags/example_params_ui_tutorial.py
[2024-01-13T15:25:22.627+0200] {logging_mixin.py:188} INFO - [2024-01-13T15:25:22.626+0200] {dag.py:3033} INFO - Sync 1 DAGs
[2024-01-13T15:25:22.635+0200] {logging_mixin.py:188} INFO - [2024-01-13T15:25:22.635+0200] {dag.py:3820} INFO - Setting next_dagrun for example_params_ui_tutorial to None, run_after=None
[2024-01-13T15:25:22.655+0200] {processor.py:183} INFO - Processing /Library/Frameworks/Python.framework/Versions/3.10/lib/python3.10/site-packages/airflow/example_dags/example_params_ui_tutorial.py took 0.279 seconds
[2024-01-13T15:28:01.238+0200] {processor.py:161} INFO - Started process (PID=43344) to work on /Library/Frameworks/Python.framework/Versions/3.10/lib/python3.10/site-packages/airflow/example_dags/example_params_ui_tutorial.py
[2024-01-13T15:28:01.244+0200] {processor.py:830} INFO - Processing file /Library/Frameworks/Python.framework/Versions/3.10/lib/python3.10/site-packages/airflow/example_dags/example_params_ui_tutorial.py for tasks to queue
[2024-01-13T15:28:01.244+0200] {logging_mixin.py:188} INFO - [2024-01-13T15:28:01.244+0200] {dagbag.py:538} INFO - Filling up the DagBag from /Library/Frameworks/Python.framework/Versions/3.10/lib/python3.10/site-packages/airflow/example_dags/example_params_ui_tutorial.py
[2024-01-13T15:28:01.341+0200] {processor.py:840} INFO - DAG(s) 'example_params_ui_tutorial' retrieved from /Library/Frameworks/Python.framework/Versions/3.10/lib/python3.10/site-packages/airflow/example_dags/example_params_ui_tutorial.py
[2024-01-13T15:28:01.479+0200] {logging_mixin.py:188} INFO - [2024-01-13T15:28:01.479+0200] {dag.py:3033} INFO - Sync 1 DAGs
[2024-01-13T15:28:01.488+0200] {logging_mixin.py:188} INFO - [2024-01-13T15:28:01.488+0200] {dag.py:3820} INFO - Setting next_dagrun for example_params_ui_tutorial to None, run_after=None
[2024-01-13T15:28:01.510+0200] {processor.py:183} INFO - Processing /Library/Frameworks/Python.framework/Versions/3.10/lib/python3.10/site-packages/airflow/example_dags/example_params_ui_tutorial.py took 0.274 seconds
[2024-01-13T15:33:25.224+0200] {processor.py:161} INFO - Started process (PID=43703) to work on /Library/Frameworks/Python.framework/Versions/3.10/lib/python3.10/site-packages/airflow/example_dags/example_params_ui_tutorial.py
[2024-01-13T15:33:25.229+0200] {processor.py:830} INFO - Processing file /Library/Frameworks/Python.framework/Versions/3.10/lib/python3.10/site-packages/airflow/example_dags/example_params_ui_tutorial.py for tasks to queue
[2024-01-13T15:33:25.230+0200] {logging_mixin.py:188} INFO - [2024-01-13T15:33:25.229+0200] {dagbag.py:538} INFO - Filling up the DagBag from /Library/Frameworks/Python.framework/Versions/3.10/lib/python3.10/site-packages/airflow/example_dags/example_params_ui_tutorial.py
[2024-01-13T15:33:25.323+0200] {processor.py:840} INFO - DAG(s) 'example_params_ui_tutorial' retrieved from /Library/Frameworks/Python.framework/Versions/3.10/lib/python3.10/site-packages/airflow/example_dags/example_params_ui_tutorial.py
[2024-01-13T15:33:25.547+0200] {logging_mixin.py:188} INFO - [2024-01-13T15:33:25.547+0200] {dag.py:3033} INFO - Sync 1 DAGs
[2024-01-13T15:33:25.556+0200] {logging_mixin.py:188} INFO - [2024-01-13T15:33:25.555+0200] {dag.py:3820} INFO - Setting next_dagrun for example_params_ui_tutorial to None, run_after=None
[2024-01-13T15:33:25.574+0200] {processor.py:183} INFO - Processing /Library/Frameworks/Python.framework/Versions/3.10/lib/python3.10/site-packages/airflow/example_dags/example_params_ui_tutorial.py took 0.352 seconds
[2024-01-13T15:36:31.361+0200] {processor.py:161} INFO - Started process (PID=43907) to work on /Library/Frameworks/Python.framework/Versions/3.10/lib/python3.10/site-packages/airflow/example_dags/example_params_ui_tutorial.py
[2024-01-13T15:36:31.366+0200] {processor.py:830} INFO - Processing file /Library/Frameworks/Python.framework/Versions/3.10/lib/python3.10/site-packages/airflow/example_dags/example_params_ui_tutorial.py for tasks to queue
[2024-01-13T15:36:31.366+0200] {logging_mixin.py:188} INFO - [2024-01-13T15:36:31.366+0200] {dagbag.py:538} INFO - Filling up the DagBag from /Library/Frameworks/Python.framework/Versions/3.10/lib/python3.10/site-packages/airflow/example_dags/example_params_ui_tutorial.py
[2024-01-13T15:36:31.480+0200] {processor.py:840} INFO - DAG(s) 'example_params_ui_tutorial' retrieved from /Library/Frameworks/Python.framework/Versions/3.10/lib/python3.10/site-packages/airflow/example_dags/example_params_ui_tutorial.py
[2024-01-13T15:36:31.708+0200] {logging_mixin.py:188} INFO - [2024-01-13T15:36:31.708+0200] {dag.py:3033} INFO - Sync 1 DAGs
[2024-01-13T15:36:31.716+0200] {logging_mixin.py:188} INFO - [2024-01-13T15:36:31.716+0200] {dag.py:3820} INFO - Setting next_dagrun for example_params_ui_tutorial to None, run_after=None
[2024-01-13T15:36:31.735+0200] {processor.py:183} INFO - Processing /Library/Frameworks/Python.framework/Versions/3.10/lib/python3.10/site-packages/airflow/example_dags/example_params_ui_tutorial.py took 0.376 seconds
[2024-01-13T15:40:07.183+0200] {processor.py:161} INFO - Started process (PID=44138) to work on /Library/Frameworks/Python.framework/Versions/3.10/lib/python3.10/site-packages/airflow/example_dags/example_params_ui_tutorial.py
[2024-01-13T15:40:07.188+0200] {processor.py:830} INFO - Processing file /Library/Frameworks/Python.framework/Versions/3.10/lib/python3.10/site-packages/airflow/example_dags/example_params_ui_tutorial.py for tasks to queue
[2024-01-13T15:40:07.189+0200] {logging_mixin.py:188} INFO - [2024-01-13T15:40:07.189+0200] {dagbag.py:538} INFO - Filling up the DagBag from /Library/Frameworks/Python.framework/Versions/3.10/lib/python3.10/site-packages/airflow/example_dags/example_params_ui_tutorial.py
[2024-01-13T15:40:07.280+0200] {processor.py:840} INFO - DAG(s) 'example_params_ui_tutorial' retrieved from /Library/Frameworks/Python.framework/Versions/3.10/lib/python3.10/site-packages/airflow/example_dags/example_params_ui_tutorial.py
[2024-01-13T15:40:07.508+0200] {logging_mixin.py:188} INFO - [2024-01-13T15:40:07.508+0200] {dag.py:3033} INFO - Sync 1 DAGs
[2024-01-13T15:40:07.516+0200] {logging_mixin.py:188} INFO - [2024-01-13T15:40:07.516+0200] {dag.py:3820} INFO - Setting next_dagrun for example_params_ui_tutorial to None, run_after=None
[2024-01-13T15:40:07.535+0200] {processor.py:183} INFO - Processing /Library/Frameworks/Python.framework/Versions/3.10/lib/python3.10/site-packages/airflow/example_dags/example_params_ui_tutorial.py took 0.354 seconds
[2024-01-13T20:45:21.410+0200] {processor.py:161} INFO - Started process (PID=45080) to work on /Library/Frameworks/Python.framework/Versions/3.10/lib/python3.10/site-packages/airflow/example_dags/example_params_ui_tutorial.py
[2024-01-13T20:45:21.454+0200] {processor.py:830} INFO - Processing file /Library/Frameworks/Python.framework/Versions/3.10/lib/python3.10/site-packages/airflow/example_dags/example_params_ui_tutorial.py for tasks to queue
[2024-01-13T20:45:21.459+0200] {logging_mixin.py:188} INFO - [2024-01-13T20:45:21.458+0200] {dagbag.py:538} INFO - Filling up the DagBag from /Library/Frameworks/Python.framework/Versions/3.10/lib/python3.10/site-packages/airflow/example_dags/example_params_ui_tutorial.py
[2024-01-13T20:45:22.820+0200] {processor.py:840} INFO - DAG(s) 'example_params_ui_tutorial' retrieved from /Library/Frameworks/Python.framework/Versions/3.10/lib/python3.10/site-packages/airflow/example_dags/example_params_ui_tutorial.py
[2024-01-13T20:45:26.158+0200] {logging_mixin.py:188} INFO - [2024-01-13T20:45:26.157+0200] {dag.py:3033} INFO - Sync 1 DAGs
[2024-01-13T20:45:26.350+0200] {logging_mixin.py:188} INFO - [2024-01-13T20:45:26.348+0200] {dag.py:3820} INFO - Setting next_dagrun for example_params_ui_tutorial to None, run_after=None
[2024-01-13T20:45:26.671+0200] {processor.py:183} INFO - Processing /Library/Frameworks/Python.framework/Versions/3.10/lib/python3.10/site-packages/airflow/example_dags/example_params_ui_tutorial.py took 5.274 seconds
[2024-01-14T00:33:49.368+0200] {processor.py:161} INFO - Started process (PID=45776) to work on /Library/Frameworks/Python.framework/Versions/3.10/lib/python3.10/site-packages/airflow/example_dags/example_params_ui_tutorial.py
[2024-01-14T00:33:49.372+0200] {processor.py:830} INFO - Processing file /Library/Frameworks/Python.framework/Versions/3.10/lib/python3.10/site-packages/airflow/example_dags/example_params_ui_tutorial.py for tasks to queue
[2024-01-14T00:33:49.373+0200] {logging_mixin.py:188} INFO - [2024-01-14T00:33:49.373+0200] {dagbag.py:538} INFO - Filling up the DagBag from /Library/Frameworks/Python.framework/Versions/3.10/lib/python3.10/site-packages/airflow/example_dags/example_params_ui_tutorial.py
[2024-01-14T00:33:49.467+0200] {processor.py:840} INFO - DAG(s) 'example_params_ui_tutorial' retrieved from /Library/Frameworks/Python.framework/Versions/3.10/lib/python3.10/site-packages/airflow/example_dags/example_params_ui_tutorial.py
[2024-01-14T00:33:49.712+0200] {logging_mixin.py:188} INFO - [2024-01-14T00:33:49.712+0200] {dag.py:3033} INFO - Sync 1 DAGs
[2024-01-14T00:33:49.720+0200] {logging_mixin.py:188} INFO - [2024-01-14T00:33:49.720+0200] {dag.py:3820} INFO - Setting next_dagrun for example_params_ui_tutorial to None, run_after=None
[2024-01-14T00:33:49.739+0200] {processor.py:183} INFO - Processing /Library/Frameworks/Python.framework/Versions/3.10/lib/python3.10/site-packages/airflow/example_dags/example_params_ui_tutorial.py took 0.372 seconds
[2024-01-14T00:36:56.869+0200] {processor.py:161} INFO - Started process (PID=46275) to work on /Library/Frameworks/Python.framework/Versions/3.10/lib/python3.10/site-packages/airflow/example_dags/example_params_ui_tutorial.py
[2024-01-14T00:36:56.874+0200] {processor.py:830} INFO - Processing file /Library/Frameworks/Python.framework/Versions/3.10/lib/python3.10/site-packages/airflow/example_dags/example_params_ui_tutorial.py for tasks to queue
[2024-01-14T00:36:56.875+0200] {logging_mixin.py:188} INFO - [2024-01-14T00:36:56.875+0200] {dagbag.py:538} INFO - Filling up the DagBag from /Library/Frameworks/Python.framework/Versions/3.10/lib/python3.10/site-packages/airflow/example_dags/example_params_ui_tutorial.py
[2024-01-14T00:36:56.965+0200] {processor.py:840} INFO - DAG(s) 'example_params_ui_tutorial' retrieved from /Library/Frameworks/Python.framework/Versions/3.10/lib/python3.10/site-packages/airflow/example_dags/example_params_ui_tutorial.py
[2024-01-14T00:36:57.084+0200] {logging_mixin.py:188} INFO - [2024-01-14T00:36:57.084+0200] {dag.py:3033} INFO - Sync 1 DAGs
[2024-01-14T00:36:57.092+0200] {logging_mixin.py:188} INFO - [2024-01-14T00:36:57.092+0200] {dag.py:3820} INFO - Setting next_dagrun for example_params_ui_tutorial to None, run_after=None
[2024-01-14T00:36:57.122+0200] {processor.py:183} INFO - Processing /Library/Frameworks/Python.framework/Versions/3.10/lib/python3.10/site-packages/airflow/example_dags/example_params_ui_tutorial.py took 0.255 seconds
[2024-01-14T00:39:27.325+0200] {processor.py:161} INFO - Started process (PID=46501) to work on /Library/Frameworks/Python.framework/Versions/3.10/lib/python3.10/site-packages/airflow/example_dags/example_params_ui_tutorial.py
[2024-01-14T00:39:27.329+0200] {processor.py:830} INFO - Processing file /Library/Frameworks/Python.framework/Versions/3.10/lib/python3.10/site-packages/airflow/example_dags/example_params_ui_tutorial.py for tasks to queue
[2024-01-14T00:39:27.330+0200] {logging_mixin.py:188} INFO - [2024-01-14T00:39:27.330+0200] {dagbag.py:538} INFO - Filling up the DagBag from /Library/Frameworks/Python.framework/Versions/3.10/lib/python3.10/site-packages/airflow/example_dags/example_params_ui_tutorial.py
[2024-01-14T00:39:27.422+0200] {processor.py:840} INFO - DAG(s) 'example_params_ui_tutorial' retrieved from /Library/Frameworks/Python.framework/Versions/3.10/lib/python3.10/site-packages/airflow/example_dags/example_params_ui_tutorial.py
[2024-01-14T00:39:27.545+0200] {logging_mixin.py:188} INFO - [2024-01-14T00:39:27.545+0200] {dag.py:3033} INFO - Sync 1 DAGs
[2024-01-14T00:39:27.553+0200] {logging_mixin.py:188} INFO - [2024-01-14T00:39:27.553+0200] {dag.py:3820} INFO - Setting next_dagrun for example_params_ui_tutorial to None, run_after=None
[2024-01-14T00:39:27.573+0200] {processor.py:183} INFO - Processing /Library/Frameworks/Python.framework/Versions/3.10/lib/python3.10/site-packages/airflow/example_dags/example_params_ui_tutorial.py took 0.249 seconds
[2024-01-14T00:44:24.663+0200] {processor.py:161} INFO - Started process (PID=46870) to work on /Library/Frameworks/Python.framework/Versions/3.10/lib/python3.10/site-packages/airflow/example_dags/example_params_ui_tutorial.py
[2024-01-14T00:44:24.668+0200] {processor.py:830} INFO - Processing file /Library/Frameworks/Python.framework/Versions/3.10/lib/python3.10/site-packages/airflow/example_dags/example_params_ui_tutorial.py for tasks to queue
[2024-01-14T00:44:24.668+0200] {logging_mixin.py:188} INFO - [2024-01-14T00:44:24.668+0200] {dagbag.py:538} INFO - Filling up the DagBag from /Library/Frameworks/Python.framework/Versions/3.10/lib/python3.10/site-packages/airflow/example_dags/example_params_ui_tutorial.py
[2024-01-14T00:44:24.758+0200] {processor.py:840} INFO - DAG(s) 'example_params_ui_tutorial' retrieved from /Library/Frameworks/Python.framework/Versions/3.10/lib/python3.10/site-packages/airflow/example_dags/example_params_ui_tutorial.py
[2024-01-14T00:44:24.873+0200] {logging_mixin.py:188} INFO - [2024-01-14T00:44:24.873+0200] {dag.py:3033} INFO - Sync 1 DAGs
[2024-01-14T00:44:24.881+0200] {logging_mixin.py:188} INFO - [2024-01-14T00:44:24.881+0200] {dag.py:3820} INFO - Setting next_dagrun for example_params_ui_tutorial to None, run_after=None
[2024-01-14T00:44:24.899+0200] {processor.py:183} INFO - Processing /Library/Frameworks/Python.framework/Versions/3.10/lib/python3.10/site-packages/airflow/example_dags/example_params_ui_tutorial.py took 0.237 seconds
[2024-01-14T00:47:08.422+0200] {processor.py:161} INFO - Started process (PID=47007) to work on /Library/Frameworks/Python.framework/Versions/3.10/lib/python3.10/site-packages/airflow/example_dags/example_params_ui_tutorial.py
[2024-01-14T00:47:08.427+0200] {processor.py:830} INFO - Processing file /Library/Frameworks/Python.framework/Versions/3.10/lib/python3.10/site-packages/airflow/example_dags/example_params_ui_tutorial.py for tasks to queue
[2024-01-14T00:47:08.427+0200] {logging_mixin.py:188} INFO - [2024-01-14T00:47:08.427+0200] {dagbag.py:538} INFO - Filling up the DagBag from /Library/Frameworks/Python.framework/Versions/3.10/lib/python3.10/site-packages/airflow/example_dags/example_params_ui_tutorial.py
[2024-01-14T00:47:08.523+0200] {processor.py:840} INFO - DAG(s) 'example_params_ui_tutorial' retrieved from /Library/Frameworks/Python.framework/Versions/3.10/lib/python3.10/site-packages/airflow/example_dags/example_params_ui_tutorial.py
[2024-01-14T00:47:08.644+0200] {logging_mixin.py:188} INFO - [2024-01-14T00:47:08.644+0200] {dag.py:3033} INFO - Sync 1 DAGs
[2024-01-14T00:47:08.651+0200] {logging_mixin.py:188} INFO - [2024-01-14T00:47:08.651+0200] {dag.py:3820} INFO - Setting next_dagrun for example_params_ui_tutorial to None, run_after=None
[2024-01-14T00:47:08.669+0200] {processor.py:183} INFO - Processing /Library/Frameworks/Python.framework/Versions/3.10/lib/python3.10/site-packages/airflow/example_dags/example_params_ui_tutorial.py took 0.249 seconds
[2024-01-14T00:49:54.109+0200] {processor.py:161} INFO - Started process (PID=47164) to work on /Library/Frameworks/Python.framework/Versions/3.10/lib/python3.10/site-packages/airflow/example_dags/example_params_ui_tutorial.py
[2024-01-14T00:49:54.114+0200] {processor.py:830} INFO - Processing file /Library/Frameworks/Python.framework/Versions/3.10/lib/python3.10/site-packages/airflow/example_dags/example_params_ui_tutorial.py for tasks to queue
[2024-01-14T00:49:54.115+0200] {logging_mixin.py:188} INFO - [2024-01-14T00:49:54.115+0200] {dagbag.py:538} INFO - Filling up the DagBag from /Library/Frameworks/Python.framework/Versions/3.10/lib/python3.10/site-packages/airflow/example_dags/example_params_ui_tutorial.py
[2024-01-14T00:49:54.207+0200] {processor.py:840} INFO - DAG(s) 'example_params_ui_tutorial' retrieved from /Library/Frameworks/Python.framework/Versions/3.10/lib/python3.10/site-packages/airflow/example_dags/example_params_ui_tutorial.py
[2024-01-14T00:49:54.328+0200] {logging_mixin.py:188} INFO - [2024-01-14T00:49:54.328+0200] {dag.py:3033} INFO - Sync 1 DAGs
[2024-01-14T00:49:54.336+0200] {logging_mixin.py:188} INFO - [2024-01-14T00:49:54.335+0200] {dag.py:3820} INFO - Setting next_dagrun for example_params_ui_tutorial to None, run_after=None
[2024-01-14T00:49:54.356+0200] {processor.py:183} INFO - Processing /Library/Frameworks/Python.framework/Versions/3.10/lib/python3.10/site-packages/airflow/example_dags/example_params_ui_tutorial.py took 0.249 seconds
