[2024-01-13T10:07:40.316+0200] {processor.py:161} INFO - Started process (PID=21793) to work on /Library/Frameworks/Python.framework/Versions/3.10/lib/python3.10/site-packages/airflow/example_dags/example_branch_labels.py
[2024-01-13T10:07:40.320+0200] {processor.py:830} INFO - Processing file /Library/Frameworks/Python.framework/Versions/3.10/lib/python3.10/site-packages/airflow/example_dags/example_branch_labels.py for tasks to queue
[2024-01-13T10:07:40.320+0200] {logging_mixin.py:188} INFO - [2024-01-13T10:07:40.320+0200] {dagbag.py:538} INFO - Filling up the DagBag from /Library/Frameworks/Python.framework/Versions/3.10/lib/python3.10/site-packages/airflow/example_dags/example_branch_labels.py
[2024-01-13T10:07:40.332+0200] {processor.py:840} INFO - DAG(s) 'example_branch_labels' retrieved from /Library/Frameworks/Python.framework/Versions/3.10/lib/python3.10/site-packages/airflow/example_dags/example_branch_labels.py
[2024-01-13T10:07:40.478+0200] {logging_mixin.py:188} INFO - [2024-01-13T10:07:40.478+0200] {dag.py:3033} INFO - Sync 1 DAGs
[2024-01-13T10:07:40.493+0200] {logging_mixin.py:188} INFO - [2024-01-13T10:07:40.493+0200] {dag.py:3820} INFO - Setting next_dagrun for example_branch_labels to 2024-01-12T00:00:00+00:00, run_after=2024-01-13T00:00:00+00:00
[2024-01-13T10:07:40.510+0200] {processor.py:183} INFO - Processing /Library/Frameworks/Python.framework/Versions/3.10/lib/python3.10/site-packages/airflow/example_dags/example_branch_labels.py took 0.196 seconds
[2024-01-13T10:11:46.163+0200] {processor.py:161} INFO - Started process (PID=22088) to work on /Library/Frameworks/Python.framework/Versions/3.10/lib/python3.10/site-packages/airflow/example_dags/example_branch_labels.py
[2024-01-13T10:11:46.169+0200] {processor.py:830} INFO - Processing file /Library/Frameworks/Python.framework/Versions/3.10/lib/python3.10/site-packages/airflow/example_dags/example_branch_labels.py for tasks to queue
[2024-01-13T10:11:46.170+0200] {logging_mixin.py:188} INFO - [2024-01-13T10:11:46.170+0200] {dagbag.py:538} INFO - Filling up the DagBag from /Library/Frameworks/Python.framework/Versions/3.10/lib/python3.10/site-packages/airflow/example_dags/example_branch_labels.py
[2024-01-13T10:11:46.188+0200] {processor.py:840} INFO - DAG(s) 'example_branch_labels' retrieved from /Library/Frameworks/Python.framework/Versions/3.10/lib/python3.10/site-packages/airflow/example_dags/example_branch_labels.py
[2024-01-13T10:11:46.397+0200] {logging_mixin.py:188} INFO - [2024-01-13T10:11:46.396+0200] {dag.py:3033} INFO - Sync 1 DAGs
[2024-01-13T10:11:46.423+0200] {logging_mixin.py:188} INFO - [2024-01-13T10:11:46.423+0200] {dag.py:3820} INFO - Setting next_dagrun for example_branch_labels to 2024-01-12T00:00:00+00:00, run_after=2024-01-13T00:00:00+00:00
[2024-01-13T10:11:46.445+0200] {processor.py:183} INFO - Processing /Library/Frameworks/Python.framework/Versions/3.10/lib/python3.10/site-packages/airflow/example_dags/example_branch_labels.py took 0.284 seconds
[2024-01-13T10:16:03.800+0200] {processor.py:161} INFO - Started process (PID=23221) to work on /Library/Frameworks/Python.framework/Versions/3.10/lib/python3.10/site-packages/airflow/example_dags/example_branch_labels.py
[2024-01-13T10:16:03.808+0200] {processor.py:830} INFO - Processing file /Library/Frameworks/Python.framework/Versions/3.10/lib/python3.10/site-packages/airflow/example_dags/example_branch_labels.py for tasks to queue
[2024-01-13T10:16:03.809+0200] {logging_mixin.py:188} INFO - [2024-01-13T10:16:03.809+0200] {dagbag.py:538} INFO - Filling up the DagBag from /Library/Frameworks/Python.framework/Versions/3.10/lib/python3.10/site-packages/airflow/example_dags/example_branch_labels.py
[2024-01-13T10:16:03.825+0200] {processor.py:840} INFO - DAG(s) 'example_branch_labels' retrieved from /Library/Frameworks/Python.framework/Versions/3.10/lib/python3.10/site-packages/airflow/example_dags/example_branch_labels.py
[2024-01-13T10:16:03.991+0200] {logging_mixin.py:188} INFO - [2024-01-13T10:16:03.991+0200] {dag.py:3033} INFO - Sync 1 DAGs
[2024-01-13T10:16:04.010+0200] {logging_mixin.py:188} INFO - [2024-01-13T10:16:04.010+0200] {dag.py:3820} INFO - Setting next_dagrun for example_branch_labels to 2024-01-12T00:00:00+00:00, run_after=2024-01-13T00:00:00+00:00
[2024-01-13T10:16:04.028+0200] {processor.py:183} INFO - Processing /Library/Frameworks/Python.framework/Versions/3.10/lib/python3.10/site-packages/airflow/example_dags/example_branch_labels.py took 0.230 seconds
[2024-01-13T10:20:01.355+0200] {processor.py:161} INFO - Started process (PID=23460) to work on /Library/Frameworks/Python.framework/Versions/3.10/lib/python3.10/site-packages/airflow/example_dags/example_branch_labels.py
[2024-01-13T10:20:01.360+0200] {processor.py:830} INFO - Processing file /Library/Frameworks/Python.framework/Versions/3.10/lib/python3.10/site-packages/airflow/example_dags/example_branch_labels.py for tasks to queue
[2024-01-13T10:20:01.360+0200] {logging_mixin.py:188} INFO - [2024-01-13T10:20:01.360+0200] {dagbag.py:538} INFO - Filling up the DagBag from /Library/Frameworks/Python.framework/Versions/3.10/lib/python3.10/site-packages/airflow/example_dags/example_branch_labels.py
[2024-01-13T10:20:01.373+0200] {processor.py:840} INFO - DAG(s) 'example_branch_labels' retrieved from /Library/Frameworks/Python.framework/Versions/3.10/lib/python3.10/site-packages/airflow/example_dags/example_branch_labels.py
[2024-01-13T10:20:01.510+0200] {logging_mixin.py:188} INFO - [2024-01-13T10:20:01.510+0200] {dag.py:3033} INFO - Sync 1 DAGs
[2024-01-13T10:20:01.526+0200] {logging_mixin.py:188} INFO - [2024-01-13T10:20:01.526+0200] {dag.py:3820} INFO - Setting next_dagrun for example_branch_labels to 2024-01-12T00:00:00+00:00, run_after=2024-01-13T00:00:00+00:00
[2024-01-13T10:20:01.542+0200] {processor.py:183} INFO - Processing /Library/Frameworks/Python.framework/Versions/3.10/lib/python3.10/site-packages/airflow/example_dags/example_branch_labels.py took 0.188 seconds
[2024-01-13T10:23:53.683+0200] {processor.py:161} INFO - Started process (PID=23612) to work on /Library/Frameworks/Python.framework/Versions/3.10/lib/python3.10/site-packages/airflow/example_dags/example_branch_labels.py
[2024-01-13T10:23:53.688+0200] {processor.py:830} INFO - Processing file /Library/Frameworks/Python.framework/Versions/3.10/lib/python3.10/site-packages/airflow/example_dags/example_branch_labels.py for tasks to queue
[2024-01-13T10:23:53.688+0200] {logging_mixin.py:188} INFO - [2024-01-13T10:23:53.688+0200] {dagbag.py:538} INFO - Filling up the DagBag from /Library/Frameworks/Python.framework/Versions/3.10/lib/python3.10/site-packages/airflow/example_dags/example_branch_labels.py
[2024-01-13T10:23:53.700+0200] {processor.py:840} INFO - DAG(s) 'example_branch_labels' retrieved from /Library/Frameworks/Python.framework/Versions/3.10/lib/python3.10/site-packages/airflow/example_dags/example_branch_labels.py
[2024-01-13T10:23:53.848+0200] {logging_mixin.py:188} INFO - [2024-01-13T10:23:53.848+0200] {dag.py:3033} INFO - Sync 1 DAGs
[2024-01-13T10:23:53.863+0200] {logging_mixin.py:188} INFO - [2024-01-13T10:23:53.863+0200] {dag.py:3820} INFO - Setting next_dagrun for example_branch_labels to 2024-01-12T00:00:00+00:00, run_after=2024-01-13T00:00:00+00:00
[2024-01-13T10:23:53.880+0200] {processor.py:183} INFO - Processing /Library/Frameworks/Python.framework/Versions/3.10/lib/python3.10/site-packages/airflow/example_dags/example_branch_labels.py took 0.198 seconds
[2024-01-13T10:27:47.565+0200] {processor.py:161} INFO - Started process (PID=23865) to work on /Library/Frameworks/Python.framework/Versions/3.10/lib/python3.10/site-packages/airflow/example_dags/example_branch_labels.py
[2024-01-13T10:27:47.569+0200] {processor.py:830} INFO - Processing file /Library/Frameworks/Python.framework/Versions/3.10/lib/python3.10/site-packages/airflow/example_dags/example_branch_labels.py for tasks to queue
[2024-01-13T10:27:47.570+0200] {logging_mixin.py:188} INFO - [2024-01-13T10:27:47.570+0200] {dagbag.py:538} INFO - Filling up the DagBag from /Library/Frameworks/Python.framework/Versions/3.10/lib/python3.10/site-packages/airflow/example_dags/example_branch_labels.py
[2024-01-13T10:27:47.582+0200] {processor.py:840} INFO - DAG(s) 'example_branch_labels' retrieved from /Library/Frameworks/Python.framework/Versions/3.10/lib/python3.10/site-packages/airflow/example_dags/example_branch_labels.py
[2024-01-13T10:27:47.720+0200] {logging_mixin.py:188} INFO - [2024-01-13T10:27:47.720+0200] {dag.py:3033} INFO - Sync 1 DAGs
[2024-01-13T10:27:47.735+0200] {logging_mixin.py:188} INFO - [2024-01-13T10:27:47.735+0200] {dag.py:3820} INFO - Setting next_dagrun for example_branch_labels to 2024-01-12T00:00:00+00:00, run_after=2024-01-13T00:00:00+00:00
[2024-01-13T10:27:47.751+0200] {processor.py:183} INFO - Processing /Library/Frameworks/Python.framework/Versions/3.10/lib/python3.10/site-packages/airflow/example_dags/example_branch_labels.py took 0.188 seconds
[2024-01-13T10:31:45.118+0200] {processor.py:161} INFO - Started process (PID=24043) to work on /Library/Frameworks/Python.framework/Versions/3.10/lib/python3.10/site-packages/airflow/example_dags/example_branch_labels.py
[2024-01-13T10:31:45.123+0200] {processor.py:830} INFO - Processing file /Library/Frameworks/Python.framework/Versions/3.10/lib/python3.10/site-packages/airflow/example_dags/example_branch_labels.py for tasks to queue
[2024-01-13T10:31:45.124+0200] {logging_mixin.py:188} INFO - [2024-01-13T10:31:45.123+0200] {dagbag.py:538} INFO - Filling up the DagBag from /Library/Frameworks/Python.framework/Versions/3.10/lib/python3.10/site-packages/airflow/example_dags/example_branch_labels.py
[2024-01-13T10:31:45.135+0200] {processor.py:840} INFO - DAG(s) 'example_branch_labels' retrieved from /Library/Frameworks/Python.framework/Versions/3.10/lib/python3.10/site-packages/airflow/example_dags/example_branch_labels.py
[2024-01-13T10:31:45.275+0200] {logging_mixin.py:188} INFO - [2024-01-13T10:31:45.275+0200] {dag.py:3033} INFO - Sync 1 DAGs
[2024-01-13T10:31:45.290+0200] {logging_mixin.py:188} INFO - [2024-01-13T10:31:45.290+0200] {dag.py:3820} INFO - Setting next_dagrun for example_branch_labels to 2024-01-12T00:00:00+00:00, run_after=2024-01-13T00:00:00+00:00
[2024-01-13T10:31:45.307+0200] {processor.py:183} INFO - Processing /Library/Frameworks/Python.framework/Versions/3.10/lib/python3.10/site-packages/airflow/example_dags/example_branch_labels.py took 0.191 seconds
[2024-01-13T10:35:34.291+0200] {processor.py:161} INFO - Started process (PID=24325) to work on /Library/Frameworks/Python.framework/Versions/3.10/lib/python3.10/site-packages/airflow/example_dags/example_branch_labels.py
[2024-01-13T10:35:34.296+0200] {processor.py:830} INFO - Processing file /Library/Frameworks/Python.framework/Versions/3.10/lib/python3.10/site-packages/airflow/example_dags/example_branch_labels.py for tasks to queue
[2024-01-13T10:35:34.297+0200] {logging_mixin.py:188} INFO - [2024-01-13T10:35:34.297+0200] {dagbag.py:538} INFO - Filling up the DagBag from /Library/Frameworks/Python.framework/Versions/3.10/lib/python3.10/site-packages/airflow/example_dags/example_branch_labels.py
[2024-01-13T10:35:34.311+0200] {processor.py:840} INFO - DAG(s) 'example_branch_labels' retrieved from /Library/Frameworks/Python.framework/Versions/3.10/lib/python3.10/site-packages/airflow/example_dags/example_branch_labels.py
[2024-01-13T10:35:34.449+0200] {logging_mixin.py:188} INFO - [2024-01-13T10:35:34.448+0200] {dag.py:3033} INFO - Sync 1 DAGs
[2024-01-13T10:35:34.464+0200] {logging_mixin.py:188} INFO - [2024-01-13T10:35:34.464+0200] {dag.py:3820} INFO - Setting next_dagrun for example_branch_labels to 2024-01-12T00:00:00+00:00, run_after=2024-01-13T00:00:00+00:00
[2024-01-13T10:35:34.479+0200] {processor.py:183} INFO - Processing /Library/Frameworks/Python.framework/Versions/3.10/lib/python3.10/site-packages/airflow/example_dags/example_branch_labels.py took 0.189 seconds
[2024-01-13T10:39:31.250+0200] {processor.py:161} INFO - Started process (PID=24591) to work on /Library/Frameworks/Python.framework/Versions/3.10/lib/python3.10/site-packages/airflow/example_dags/example_branch_labels.py
[2024-01-13T10:39:31.255+0200] {processor.py:830} INFO - Processing file /Library/Frameworks/Python.framework/Versions/3.10/lib/python3.10/site-packages/airflow/example_dags/example_branch_labels.py for tasks to queue
[2024-01-13T10:39:31.255+0200] {logging_mixin.py:188} INFO - [2024-01-13T10:39:31.255+0200] {dagbag.py:538} INFO - Filling up the DagBag from /Library/Frameworks/Python.framework/Versions/3.10/lib/python3.10/site-packages/airflow/example_dags/example_branch_labels.py
[2024-01-13T10:39:31.272+0200] {processor.py:840} INFO - DAG(s) 'example_branch_labels' retrieved from /Library/Frameworks/Python.framework/Versions/3.10/lib/python3.10/site-packages/airflow/example_dags/example_branch_labels.py
[2024-01-13T10:39:31.428+0200] {logging_mixin.py:188} INFO - [2024-01-13T10:39:31.427+0200] {dag.py:3033} INFO - Sync 1 DAGs
[2024-01-13T10:39:31.443+0200] {logging_mixin.py:188} INFO - [2024-01-13T10:39:31.443+0200] {dag.py:3820} INFO - Setting next_dagrun for example_branch_labels to 2024-01-12T00:00:00+00:00, run_after=2024-01-13T00:00:00+00:00
[2024-01-13T10:39:31.462+0200] {processor.py:183} INFO - Processing /Library/Frameworks/Python.framework/Versions/3.10/lib/python3.10/site-packages/airflow/example_dags/example_branch_labels.py took 0.214 seconds
[2024-01-13T10:43:24.857+0200] {processor.py:161} INFO - Started process (PID=24752) to work on /Library/Frameworks/Python.framework/Versions/3.10/lib/python3.10/site-packages/airflow/example_dags/example_branch_labels.py
[2024-01-13T10:43:24.861+0200] {processor.py:830} INFO - Processing file /Library/Frameworks/Python.framework/Versions/3.10/lib/python3.10/site-packages/airflow/example_dags/example_branch_labels.py for tasks to queue
[2024-01-13T10:43:24.862+0200] {logging_mixin.py:188} INFO - [2024-01-13T10:43:24.862+0200] {dagbag.py:538} INFO - Filling up the DagBag from /Library/Frameworks/Python.framework/Versions/3.10/lib/python3.10/site-packages/airflow/example_dags/example_branch_labels.py
[2024-01-13T10:43:24.875+0200] {processor.py:840} INFO - DAG(s) 'example_branch_labels' retrieved from /Library/Frameworks/Python.framework/Versions/3.10/lib/python3.10/site-packages/airflow/example_dags/example_branch_labels.py
[2024-01-13T10:43:25.038+0200] {logging_mixin.py:188} INFO - [2024-01-13T10:43:25.038+0200] {dag.py:3033} INFO - Sync 1 DAGs
[2024-01-13T10:43:25.056+0200] {logging_mixin.py:188} INFO - [2024-01-13T10:43:25.056+0200] {dag.py:3820} INFO - Setting next_dagrun for example_branch_labels to 2024-01-12T00:00:00+00:00, run_after=2024-01-13T00:00:00+00:00
[2024-01-13T10:43:25.075+0200] {processor.py:183} INFO - Processing /Library/Frameworks/Python.framework/Versions/3.10/lib/python3.10/site-packages/airflow/example_dags/example_branch_labels.py took 0.221 seconds
[2024-01-13T10:47:16.125+0200] {processor.py:161} INFO - Started process (PID=25007) to work on /Library/Frameworks/Python.framework/Versions/3.10/lib/python3.10/site-packages/airflow/example_dags/example_branch_labels.py
[2024-01-13T10:47:16.129+0200] {processor.py:830} INFO - Processing file /Library/Frameworks/Python.framework/Versions/3.10/lib/python3.10/site-packages/airflow/example_dags/example_branch_labels.py for tasks to queue
[2024-01-13T10:47:16.130+0200] {logging_mixin.py:188} INFO - [2024-01-13T10:47:16.130+0200] {dagbag.py:538} INFO - Filling up the DagBag from /Library/Frameworks/Python.framework/Versions/3.10/lib/python3.10/site-packages/airflow/example_dags/example_branch_labels.py
[2024-01-13T10:47:16.142+0200] {processor.py:840} INFO - DAG(s) 'example_branch_labels' retrieved from /Library/Frameworks/Python.framework/Versions/3.10/lib/python3.10/site-packages/airflow/example_dags/example_branch_labels.py
[2024-01-13T10:47:16.275+0200] {logging_mixin.py:188} INFO - [2024-01-13T10:47:16.275+0200] {dag.py:3033} INFO - Sync 1 DAGs
[2024-01-13T10:47:16.301+0200] {logging_mixin.py:188} INFO - [2024-01-13T10:47:16.301+0200] {dag.py:3820} INFO - Setting next_dagrun for example_branch_labels to 2024-01-12T00:00:00+00:00, run_after=2024-01-13T00:00:00+00:00
[2024-01-13T10:47:16.317+0200] {processor.py:183} INFO - Processing /Library/Frameworks/Python.framework/Versions/3.10/lib/python3.10/site-packages/airflow/example_dags/example_branch_labels.py took 0.194 seconds
[2024-01-13T10:50:56.125+0200] {processor.py:161} INFO - Started process (PID=25255) to work on /Library/Frameworks/Python.framework/Versions/3.10/lib/python3.10/site-packages/airflow/example_dags/example_branch_labels.py
[2024-01-13T10:50:56.129+0200] {processor.py:830} INFO - Processing file /Library/Frameworks/Python.framework/Versions/3.10/lib/python3.10/site-packages/airflow/example_dags/example_branch_labels.py for tasks to queue
[2024-01-13T10:50:56.130+0200] {logging_mixin.py:188} INFO - [2024-01-13T10:50:56.129+0200] {dagbag.py:538} INFO - Filling up the DagBag from /Library/Frameworks/Python.framework/Versions/3.10/lib/python3.10/site-packages/airflow/example_dags/example_branch_labels.py
[2024-01-13T10:50:56.140+0200] {processor.py:840} INFO - DAG(s) 'example_branch_labels' retrieved from /Library/Frameworks/Python.framework/Versions/3.10/lib/python3.10/site-packages/airflow/example_dags/example_branch_labels.py
[2024-01-13T10:50:56.278+0200] {logging_mixin.py:188} INFO - [2024-01-13T10:50:56.277+0200] {dag.py:3033} INFO - Sync 1 DAGs
[2024-01-13T10:50:56.292+0200] {logging_mixin.py:188} INFO - [2024-01-13T10:50:56.292+0200] {dag.py:3820} INFO - Setting next_dagrun for example_branch_labels to 2024-01-12T00:00:00+00:00, run_after=2024-01-13T00:00:00+00:00
[2024-01-13T10:50:56.308+0200] {processor.py:183} INFO - Processing /Library/Frameworks/Python.framework/Versions/3.10/lib/python3.10/site-packages/airflow/example_dags/example_branch_labels.py took 0.184 seconds
[2024-01-13T10:54:41.053+0200] {processor.py:161} INFO - Started process (PID=25431) to work on /Library/Frameworks/Python.framework/Versions/3.10/lib/python3.10/site-packages/airflow/example_dags/example_branch_labels.py
[2024-01-13T10:54:41.058+0200] {processor.py:830} INFO - Processing file /Library/Frameworks/Python.framework/Versions/3.10/lib/python3.10/site-packages/airflow/example_dags/example_branch_labels.py for tasks to queue
[2024-01-13T10:54:41.058+0200] {logging_mixin.py:188} INFO - [2024-01-13T10:54:41.058+0200] {dagbag.py:538} INFO - Filling up the DagBag from /Library/Frameworks/Python.framework/Versions/3.10/lib/python3.10/site-packages/airflow/example_dags/example_branch_labels.py
[2024-01-13T10:54:41.070+0200] {processor.py:840} INFO - DAG(s) 'example_branch_labels' retrieved from /Library/Frameworks/Python.framework/Versions/3.10/lib/python3.10/site-packages/airflow/example_dags/example_branch_labels.py
[2024-01-13T10:54:41.208+0200] {logging_mixin.py:188} INFO - [2024-01-13T10:54:41.208+0200] {dag.py:3033} INFO - Sync 1 DAGs
[2024-01-13T10:54:41.223+0200] {logging_mixin.py:188} INFO - [2024-01-13T10:54:41.223+0200] {dag.py:3820} INFO - Setting next_dagrun for example_branch_labels to 2024-01-12T00:00:00+00:00, run_after=2024-01-13T00:00:00+00:00
[2024-01-13T10:54:41.245+0200] {processor.py:183} INFO - Processing /Library/Frameworks/Python.framework/Versions/3.10/lib/python3.10/site-packages/airflow/example_dags/example_branch_labels.py took 0.193 seconds
[2024-01-13T10:58:41.612+0200] {processor.py:161} INFO - Started process (PID=25688) to work on /Library/Frameworks/Python.framework/Versions/3.10/lib/python3.10/site-packages/airflow/example_dags/example_branch_labels.py
[2024-01-13T10:58:41.617+0200] {processor.py:830} INFO - Processing file /Library/Frameworks/Python.framework/Versions/3.10/lib/python3.10/site-packages/airflow/example_dags/example_branch_labels.py for tasks to queue
[2024-01-13T10:58:41.618+0200] {logging_mixin.py:188} INFO - [2024-01-13T10:58:41.618+0200] {dagbag.py:538} INFO - Filling up the DagBag from /Library/Frameworks/Python.framework/Versions/3.10/lib/python3.10/site-packages/airflow/example_dags/example_branch_labels.py
[2024-01-13T10:58:41.629+0200] {processor.py:840} INFO - DAG(s) 'example_branch_labels' retrieved from /Library/Frameworks/Python.framework/Versions/3.10/lib/python3.10/site-packages/airflow/example_dags/example_branch_labels.py
[2024-01-13T10:58:41.785+0200] {logging_mixin.py:188} INFO - [2024-01-13T10:58:41.785+0200] {dag.py:3033} INFO - Sync 1 DAGs
[2024-01-13T10:58:41.809+0200] {logging_mixin.py:188} INFO - [2024-01-13T10:58:41.809+0200] {dag.py:3820} INFO - Setting next_dagrun for example_branch_labels to 2024-01-12T00:00:00+00:00, run_after=2024-01-13T00:00:00+00:00
[2024-01-13T10:58:41.841+0200] {processor.py:183} INFO - Processing /Library/Frameworks/Python.framework/Versions/3.10/lib/python3.10/site-packages/airflow/example_dags/example_branch_labels.py took 0.230 seconds
[2024-01-13T11:02:34.077+0200] {processor.py:161} INFO - Started process (PID=25849) to work on /Library/Frameworks/Python.framework/Versions/3.10/lib/python3.10/site-packages/airflow/example_dags/example_branch_labels.py
[2024-01-13T11:02:34.081+0200] {processor.py:830} INFO - Processing file /Library/Frameworks/Python.framework/Versions/3.10/lib/python3.10/site-packages/airflow/example_dags/example_branch_labels.py for tasks to queue
[2024-01-13T11:02:34.082+0200] {logging_mixin.py:188} INFO - [2024-01-13T11:02:34.082+0200] {dagbag.py:538} INFO - Filling up the DagBag from /Library/Frameworks/Python.framework/Versions/3.10/lib/python3.10/site-packages/airflow/example_dags/example_branch_labels.py
[2024-01-13T11:02:34.092+0200] {processor.py:840} INFO - DAG(s) 'example_branch_labels' retrieved from /Library/Frameworks/Python.framework/Versions/3.10/lib/python3.10/site-packages/airflow/example_dags/example_branch_labels.py
[2024-01-13T11:02:34.227+0200] {logging_mixin.py:188} INFO - [2024-01-13T11:02:34.227+0200] {dag.py:3033} INFO - Sync 1 DAGs
[2024-01-13T11:02:34.242+0200] {logging_mixin.py:188} INFO - [2024-01-13T11:02:34.241+0200] {dag.py:3820} INFO - Setting next_dagrun for example_branch_labels to 2024-01-12T00:00:00+00:00, run_after=2024-01-13T00:00:00+00:00
[2024-01-13T11:02:34.257+0200] {processor.py:183} INFO - Processing /Library/Frameworks/Python.framework/Versions/3.10/lib/python3.10/site-packages/airflow/example_dags/example_branch_labels.py took 0.181 seconds
[2024-01-13T11:06:19.495+0200] {processor.py:161} INFO - Started process (PID=26107) to work on /Library/Frameworks/Python.framework/Versions/3.10/lib/python3.10/site-packages/airflow/example_dags/example_branch_labels.py
[2024-01-13T11:06:19.501+0200] {processor.py:830} INFO - Processing file /Library/Frameworks/Python.framework/Versions/3.10/lib/python3.10/site-packages/airflow/example_dags/example_branch_labels.py for tasks to queue
[2024-01-13T11:06:19.501+0200] {logging_mixin.py:188} INFO - [2024-01-13T11:06:19.501+0200] {dagbag.py:538} INFO - Filling up the DagBag from /Library/Frameworks/Python.framework/Versions/3.10/lib/python3.10/site-packages/airflow/example_dags/example_branch_labels.py
[2024-01-13T11:06:19.522+0200] {processor.py:840} INFO - DAG(s) 'example_branch_labels' retrieved from /Library/Frameworks/Python.framework/Versions/3.10/lib/python3.10/site-packages/airflow/example_dags/example_branch_labels.py
[2024-01-13T11:06:19.755+0200] {logging_mixin.py:188} INFO - [2024-01-13T11:06:19.755+0200] {dag.py:3033} INFO - Sync 1 DAGs
[2024-01-13T11:06:19.774+0200] {logging_mixin.py:188} INFO - [2024-01-13T11:06:19.774+0200] {dag.py:3820} INFO - Setting next_dagrun for example_branch_labels to 2024-01-12T00:00:00+00:00, run_after=2024-01-13T00:00:00+00:00
[2024-01-13T11:06:19.791+0200] {processor.py:183} INFO - Processing /Library/Frameworks/Python.framework/Versions/3.10/lib/python3.10/site-packages/airflow/example_dags/example_branch_labels.py took 0.298 seconds
[2024-01-13T11:10:24.043+0200] {processor.py:161} INFO - Started process (PID=26285) to work on /Library/Frameworks/Python.framework/Versions/3.10/lib/python3.10/site-packages/airflow/example_dags/example_branch_labels.py
[2024-01-13T11:10:24.048+0200] {processor.py:830} INFO - Processing file /Library/Frameworks/Python.framework/Versions/3.10/lib/python3.10/site-packages/airflow/example_dags/example_branch_labels.py for tasks to queue
[2024-01-13T11:10:24.049+0200] {logging_mixin.py:188} INFO - [2024-01-13T11:10:24.049+0200] {dagbag.py:538} INFO - Filling up the DagBag from /Library/Frameworks/Python.framework/Versions/3.10/lib/python3.10/site-packages/airflow/example_dags/example_branch_labels.py
[2024-01-13T11:10:24.061+0200] {processor.py:840} INFO - DAG(s) 'example_branch_labels' retrieved from /Library/Frameworks/Python.framework/Versions/3.10/lib/python3.10/site-packages/airflow/example_dags/example_branch_labels.py
[2024-01-13T11:10:24.203+0200] {logging_mixin.py:188} INFO - [2024-01-13T11:10:24.203+0200] {dag.py:3033} INFO - Sync 1 DAGs
[2024-01-13T11:10:24.218+0200] {logging_mixin.py:188} INFO - [2024-01-13T11:10:24.218+0200] {dag.py:3820} INFO - Setting next_dagrun for example_branch_labels to 2024-01-12T00:00:00+00:00, run_after=2024-01-13T00:00:00+00:00
[2024-01-13T11:10:24.234+0200] {processor.py:183} INFO - Processing /Library/Frameworks/Python.framework/Versions/3.10/lib/python3.10/site-packages/airflow/example_dags/example_branch_labels.py took 0.193 seconds
[2024-01-13T11:14:13.131+0200] {processor.py:161} INFO - Started process (PID=26547) to work on /Library/Frameworks/Python.framework/Versions/3.10/lib/python3.10/site-packages/airflow/example_dags/example_branch_labels.py
[2024-01-13T11:14:13.135+0200] {processor.py:830} INFO - Processing file /Library/Frameworks/Python.framework/Versions/3.10/lib/python3.10/site-packages/airflow/example_dags/example_branch_labels.py for tasks to queue
[2024-01-13T11:14:13.136+0200] {logging_mixin.py:188} INFO - [2024-01-13T11:14:13.136+0200] {dagbag.py:538} INFO - Filling up the DagBag from /Library/Frameworks/Python.framework/Versions/3.10/lib/python3.10/site-packages/airflow/example_dags/example_branch_labels.py
[2024-01-13T11:14:13.153+0200] {processor.py:840} INFO - DAG(s) 'example_branch_labels' retrieved from /Library/Frameworks/Python.framework/Versions/3.10/lib/python3.10/site-packages/airflow/example_dags/example_branch_labels.py
[2024-01-13T11:14:13.292+0200] {logging_mixin.py:188} INFO - [2024-01-13T11:14:13.292+0200] {dag.py:3033} INFO - Sync 1 DAGs
[2024-01-13T11:14:13.307+0200] {logging_mixin.py:188} INFO - [2024-01-13T11:14:13.307+0200] {dag.py:3820} INFO - Setting next_dagrun for example_branch_labels to 2024-01-12T00:00:00+00:00, run_after=2024-01-13T00:00:00+00:00
[2024-01-13T11:14:13.323+0200] {processor.py:183} INFO - Processing /Library/Frameworks/Python.framework/Versions/3.10/lib/python3.10/site-packages/airflow/example_dags/example_branch_labels.py took 0.194 seconds
[2024-01-13T11:18:08.351+0200] {processor.py:161} INFO - Started process (PID=26723) to work on /Library/Frameworks/Python.framework/Versions/3.10/lib/python3.10/site-packages/airflow/example_dags/example_branch_labels.py
[2024-01-13T11:18:08.356+0200] {processor.py:830} INFO - Processing file /Library/Frameworks/Python.framework/Versions/3.10/lib/python3.10/site-packages/airflow/example_dags/example_branch_labels.py for tasks to queue
[2024-01-13T11:18:08.357+0200] {logging_mixin.py:188} INFO - [2024-01-13T11:18:08.357+0200] {dagbag.py:538} INFO - Filling up the DagBag from /Library/Frameworks/Python.framework/Versions/3.10/lib/python3.10/site-packages/airflow/example_dags/example_branch_labels.py
[2024-01-13T11:18:08.369+0200] {processor.py:840} INFO - DAG(s) 'example_branch_labels' retrieved from /Library/Frameworks/Python.framework/Versions/3.10/lib/python3.10/site-packages/airflow/example_dags/example_branch_labels.py
[2024-01-13T11:18:08.512+0200] {logging_mixin.py:188} INFO - [2024-01-13T11:18:08.511+0200] {dag.py:3033} INFO - Sync 1 DAGs
[2024-01-13T11:18:08.527+0200] {logging_mixin.py:188} INFO - [2024-01-13T11:18:08.527+0200] {dag.py:3820} INFO - Setting next_dagrun for example_branch_labels to 2024-01-12T00:00:00+00:00, run_after=2024-01-13T00:00:00+00:00
[2024-01-13T11:18:08.542+0200] {processor.py:183} INFO - Processing /Library/Frameworks/Python.framework/Versions/3.10/lib/python3.10/site-packages/airflow/example_dags/example_branch_labels.py took 0.192 seconds
[2024-01-13T11:22:04.082+0200] {processor.py:161} INFO - Started process (PID=27028) to work on /Library/Frameworks/Python.framework/Versions/3.10/lib/python3.10/site-packages/airflow/example_dags/example_branch_labels.py
[2024-01-13T11:22:04.086+0200] {processor.py:830} INFO - Processing file /Library/Frameworks/Python.framework/Versions/3.10/lib/python3.10/site-packages/airflow/example_dags/example_branch_labels.py for tasks to queue
[2024-01-13T11:22:04.087+0200] {logging_mixin.py:188} INFO - [2024-01-13T11:22:04.087+0200] {dagbag.py:538} INFO - Filling up the DagBag from /Library/Frameworks/Python.framework/Versions/3.10/lib/python3.10/site-packages/airflow/example_dags/example_branch_labels.py
[2024-01-13T11:22:04.099+0200] {processor.py:840} INFO - DAG(s) 'example_branch_labels' retrieved from /Library/Frameworks/Python.framework/Versions/3.10/lib/python3.10/site-packages/airflow/example_dags/example_branch_labels.py
[2024-01-13T11:22:04.251+0200] {logging_mixin.py:188} INFO - [2024-01-13T11:22:04.250+0200] {dag.py:3033} INFO - Sync 1 DAGs
[2024-01-13T11:22:04.267+0200] {logging_mixin.py:188} INFO - [2024-01-13T11:22:04.267+0200] {dag.py:3820} INFO - Setting next_dagrun for example_branch_labels to 2024-01-12T00:00:00+00:00, run_after=2024-01-13T00:00:00+00:00
[2024-01-13T11:22:04.285+0200] {processor.py:183} INFO - Processing /Library/Frameworks/Python.framework/Versions/3.10/lib/python3.10/site-packages/airflow/example_dags/example_branch_labels.py took 0.205 seconds
[2024-01-13T11:25:57.806+0200] {processor.py:161} INFO - Started process (PID=27279) to work on /Library/Frameworks/Python.framework/Versions/3.10/lib/python3.10/site-packages/airflow/example_dags/example_branch_labels.py
[2024-01-13T11:25:57.810+0200] {processor.py:830} INFO - Processing file /Library/Frameworks/Python.framework/Versions/3.10/lib/python3.10/site-packages/airflow/example_dags/example_branch_labels.py for tasks to queue
[2024-01-13T11:25:57.811+0200] {logging_mixin.py:188} INFO - [2024-01-13T11:25:57.811+0200] {dagbag.py:538} INFO - Filling up the DagBag from /Library/Frameworks/Python.framework/Versions/3.10/lib/python3.10/site-packages/airflow/example_dags/example_branch_labels.py
[2024-01-13T11:25:57.822+0200] {processor.py:840} INFO - DAG(s) 'example_branch_labels' retrieved from /Library/Frameworks/Python.framework/Versions/3.10/lib/python3.10/site-packages/airflow/example_dags/example_branch_labels.py
[2024-01-13T11:25:57.961+0200] {logging_mixin.py:188} INFO - [2024-01-13T11:25:57.961+0200] {dag.py:3033} INFO - Sync 1 DAGs
[2024-01-13T11:25:57.976+0200] {logging_mixin.py:188} INFO - [2024-01-13T11:25:57.976+0200] {dag.py:3820} INFO - Setting next_dagrun for example_branch_labels to 2024-01-12T00:00:00+00:00, run_after=2024-01-13T00:00:00+00:00
[2024-01-13T11:25:57.993+0200] {processor.py:183} INFO - Processing /Library/Frameworks/Python.framework/Versions/3.10/lib/python3.10/site-packages/airflow/example_dags/example_branch_labels.py took 0.188 seconds
[2024-01-13T11:29:48.426+0200] {processor.py:161} INFO - Started process (PID=27448) to work on /Library/Frameworks/Python.framework/Versions/3.10/lib/python3.10/site-packages/airflow/example_dags/example_branch_labels.py
[2024-01-13T11:29:48.431+0200] {processor.py:830} INFO - Processing file /Library/Frameworks/Python.framework/Versions/3.10/lib/python3.10/site-packages/airflow/example_dags/example_branch_labels.py for tasks to queue
[2024-01-13T11:29:48.431+0200] {logging_mixin.py:188} INFO - [2024-01-13T11:29:48.431+0200] {dagbag.py:538} INFO - Filling up the DagBag from /Library/Frameworks/Python.framework/Versions/3.10/lib/python3.10/site-packages/airflow/example_dags/example_branch_labels.py
[2024-01-13T11:29:48.445+0200] {processor.py:840} INFO - DAG(s) 'example_branch_labels' retrieved from /Library/Frameworks/Python.framework/Versions/3.10/lib/python3.10/site-packages/airflow/example_dags/example_branch_labels.py
[2024-01-13T11:29:48.599+0200] {logging_mixin.py:188} INFO - [2024-01-13T11:29:48.598+0200] {dag.py:3033} INFO - Sync 1 DAGs
[2024-01-13T11:29:48.614+0200] {logging_mixin.py:188} INFO - [2024-01-13T11:29:48.614+0200] {dag.py:3820} INFO - Setting next_dagrun for example_branch_labels to 2024-01-12T00:00:00+00:00, run_after=2024-01-13T00:00:00+00:00
[2024-01-13T11:29:48.632+0200] {processor.py:183} INFO - Processing /Library/Frameworks/Python.framework/Versions/3.10/lib/python3.10/site-packages/airflow/example_dags/example_branch_labels.py took 0.207 seconds
[2024-01-13T11:33:41.566+0200] {processor.py:161} INFO - Started process (PID=27704) to work on /Library/Frameworks/Python.framework/Versions/3.10/lib/python3.10/site-packages/airflow/example_dags/example_branch_labels.py
[2024-01-13T11:33:41.570+0200] {processor.py:830} INFO - Processing file /Library/Frameworks/Python.framework/Versions/3.10/lib/python3.10/site-packages/airflow/example_dags/example_branch_labels.py for tasks to queue
[2024-01-13T11:33:41.572+0200] {logging_mixin.py:188} INFO - [2024-01-13T11:33:41.572+0200] {dagbag.py:538} INFO - Filling up the DagBag from /Library/Frameworks/Python.framework/Versions/3.10/lib/python3.10/site-packages/airflow/example_dags/example_branch_labels.py
[2024-01-13T11:33:41.587+0200] {processor.py:840} INFO - DAG(s) 'example_branch_labels' retrieved from /Library/Frameworks/Python.framework/Versions/3.10/lib/python3.10/site-packages/airflow/example_dags/example_branch_labels.py
[2024-01-13T11:33:41.727+0200] {logging_mixin.py:188} INFO - [2024-01-13T11:33:41.727+0200] {dag.py:3033} INFO - Sync 1 DAGs
[2024-01-13T11:33:41.744+0200] {logging_mixin.py:188} INFO - [2024-01-13T11:33:41.743+0200] {dag.py:3820} INFO - Setting next_dagrun for example_branch_labels to 2024-01-12T00:00:00+00:00, run_after=2024-01-13T00:00:00+00:00
[2024-01-13T11:33:41.761+0200] {processor.py:183} INFO - Processing /Library/Frameworks/Python.framework/Versions/3.10/lib/python3.10/site-packages/airflow/example_dags/example_branch_labels.py took 0.197 seconds
[2024-01-13T11:37:51.151+0200] {processor.py:161} INFO - Started process (PID=29240) to work on /Library/Frameworks/Python.framework/Versions/3.10/lib/python3.10/site-packages/airflow/example_dags/example_branch_labels.py
[2024-01-13T11:37:51.156+0200] {processor.py:830} INFO - Processing file /Library/Frameworks/Python.framework/Versions/3.10/lib/python3.10/site-packages/airflow/example_dags/example_branch_labels.py for tasks to queue
[2024-01-13T11:37:51.156+0200] {logging_mixin.py:188} INFO - [2024-01-13T11:37:51.156+0200] {dagbag.py:538} INFO - Filling up the DagBag from /Library/Frameworks/Python.framework/Versions/3.10/lib/python3.10/site-packages/airflow/example_dags/example_branch_labels.py
[2024-01-13T11:37:51.170+0200] {processor.py:840} INFO - DAG(s) 'example_branch_labels' retrieved from /Library/Frameworks/Python.framework/Versions/3.10/lib/python3.10/site-packages/airflow/example_dags/example_branch_labels.py
[2024-01-13T11:37:51.312+0200] {logging_mixin.py:188} INFO - [2024-01-13T11:37:51.311+0200] {dag.py:3033} INFO - Sync 1 DAGs
[2024-01-13T11:37:51.329+0200] {logging_mixin.py:188} INFO - [2024-01-13T11:37:51.329+0200] {dag.py:3820} INFO - Setting next_dagrun for example_branch_labels to 2024-01-12T00:00:00+00:00, run_after=2024-01-13T00:00:00+00:00
[2024-01-13T11:37:51.346+0200] {processor.py:183} INFO - Processing /Library/Frameworks/Python.framework/Versions/3.10/lib/python3.10/site-packages/airflow/example_dags/example_branch_labels.py took 0.197 seconds
[2024-01-13T11:42:51.360+0200] {processor.py:161} INFO - Started process (PID=29676) to work on /Library/Frameworks/Python.framework/Versions/3.10/lib/python3.10/site-packages/airflow/example_dags/example_branch_labels.py
[2024-01-13T11:42:51.366+0200] {processor.py:830} INFO - Processing file /Library/Frameworks/Python.framework/Versions/3.10/lib/python3.10/site-packages/airflow/example_dags/example_branch_labels.py for tasks to queue
[2024-01-13T11:42:51.367+0200] {logging_mixin.py:188} INFO - [2024-01-13T11:42:51.367+0200] {dagbag.py:538} INFO - Filling up the DagBag from /Library/Frameworks/Python.framework/Versions/3.10/lib/python3.10/site-packages/airflow/example_dags/example_branch_labels.py
[2024-01-13T11:42:51.382+0200] {processor.py:840} INFO - DAG(s) 'example_branch_labels' retrieved from /Library/Frameworks/Python.framework/Versions/3.10/lib/python3.10/site-packages/airflow/example_dags/example_branch_labels.py
[2024-01-13T11:42:51.555+0200] {logging_mixin.py:188} INFO - [2024-01-13T11:42:51.555+0200] {dag.py:3033} INFO - Sync 1 DAGs
[2024-01-13T11:42:51.576+0200] {logging_mixin.py:188} INFO - [2024-01-13T11:42:51.576+0200] {dag.py:3820} INFO - Setting next_dagrun for example_branch_labels to 2024-01-12T00:00:00+00:00, run_after=2024-01-13T00:00:00+00:00
[2024-01-13T11:42:51.601+0200] {processor.py:183} INFO - Processing /Library/Frameworks/Python.framework/Versions/3.10/lib/python3.10/site-packages/airflow/example_dags/example_branch_labels.py took 0.242 seconds
[2024-01-13T11:48:08.367+0200] {processor.py:161} INFO - Started process (PID=30111) to work on /Library/Frameworks/Python.framework/Versions/3.10/lib/python3.10/site-packages/airflow/example_dags/example_branch_labels.py
[2024-01-13T11:48:08.373+0200] {processor.py:830} INFO - Processing file /Library/Frameworks/Python.framework/Versions/3.10/lib/python3.10/site-packages/airflow/example_dags/example_branch_labels.py for tasks to queue
[2024-01-13T11:48:08.374+0200] {logging_mixin.py:188} INFO - [2024-01-13T11:48:08.374+0200] {dagbag.py:538} INFO - Filling up the DagBag from /Library/Frameworks/Python.framework/Versions/3.10/lib/python3.10/site-packages/airflow/example_dags/example_branch_labels.py
[2024-01-13T11:48:08.393+0200] {processor.py:840} INFO - DAG(s) 'example_branch_labels' retrieved from /Library/Frameworks/Python.framework/Versions/3.10/lib/python3.10/site-packages/airflow/example_dags/example_branch_labels.py
[2024-01-13T11:48:08.595+0200] {logging_mixin.py:188} INFO - [2024-01-13T11:48:08.594+0200] {dag.py:3033} INFO - Sync 1 DAGs
[2024-01-13T11:48:08.621+0200] {logging_mixin.py:188} INFO - [2024-01-13T11:48:08.621+0200] {dag.py:3820} INFO - Setting next_dagrun for example_branch_labels to 2024-01-12T00:00:00+00:00, run_after=2024-01-13T00:00:00+00:00
[2024-01-13T11:48:08.647+0200] {processor.py:183} INFO - Processing /Library/Frameworks/Python.framework/Versions/3.10/lib/python3.10/site-packages/airflow/example_dags/example_branch_labels.py took 0.282 seconds
[2024-01-13T11:55:09.945+0200] {processor.py:161} INFO - Started process (PID=31874) to work on /Library/Frameworks/Python.framework/Versions/3.10/lib/python3.10/site-packages/airflow/example_dags/example_branch_labels.py
[2024-01-13T11:55:09.952+0200] {processor.py:830} INFO - Processing file /Library/Frameworks/Python.framework/Versions/3.10/lib/python3.10/site-packages/airflow/example_dags/example_branch_labels.py for tasks to queue
[2024-01-13T11:55:09.953+0200] {logging_mixin.py:188} INFO - [2024-01-13T11:55:09.953+0200] {dagbag.py:538} INFO - Filling up the DagBag from /Library/Frameworks/Python.framework/Versions/3.10/lib/python3.10/site-packages/airflow/example_dags/example_branch_labels.py
[2024-01-13T11:55:09.974+0200] {processor.py:840} INFO - DAG(s) 'example_branch_labels' retrieved from /Library/Frameworks/Python.framework/Versions/3.10/lib/python3.10/site-packages/airflow/example_dags/example_branch_labels.py
[2024-01-13T11:55:10.202+0200] {logging_mixin.py:188} INFO - [2024-01-13T11:55:10.202+0200] {dag.py:3033} INFO - Sync 1 DAGs
[2024-01-13T11:55:10.226+0200] {logging_mixin.py:188} INFO - [2024-01-13T11:55:10.225+0200] {dag.py:3820} INFO - Setting next_dagrun for example_branch_labels to 2024-01-12T00:00:00+00:00, run_after=2024-01-13T00:00:00+00:00
[2024-01-13T11:55:10.256+0200] {processor.py:183} INFO - Processing /Library/Frameworks/Python.framework/Versions/3.10/lib/python3.10/site-packages/airflow/example_dags/example_branch_labels.py took 0.313 seconds
[2024-01-13T12:01:37.956+0200] {processor.py:161} INFO - Started process (PID=32149) to work on /Library/Frameworks/Python.framework/Versions/3.10/lib/python3.10/site-packages/airflow/example_dags/example_branch_labels.py
[2024-01-13T12:01:38.004+0200] {processor.py:830} INFO - Processing file /Library/Frameworks/Python.framework/Versions/3.10/lib/python3.10/site-packages/airflow/example_dags/example_branch_labels.py for tasks to queue
[2024-01-13T12:01:38.006+0200] {logging_mixin.py:188} INFO - [2024-01-13T12:01:38.005+0200] {dagbag.py:538} INFO - Filling up the DagBag from /Library/Frameworks/Python.framework/Versions/3.10/lib/python3.10/site-packages/airflow/example_dags/example_branch_labels.py
[2024-01-13T12:01:38.066+0200] {processor.py:840} INFO - DAG(s) 'example_branch_labels' retrieved from /Library/Frameworks/Python.framework/Versions/3.10/lib/python3.10/site-packages/airflow/example_dags/example_branch_labels.py
[2024-01-13T12:01:38.429+0200] {logging_mixin.py:188} INFO - [2024-01-13T12:01:38.428+0200] {dag.py:3033} INFO - Sync 1 DAGs
[2024-01-13T12:01:38.461+0200] {logging_mixin.py:188} INFO - [2024-01-13T12:01:38.460+0200] {dag.py:3820} INFO - Setting next_dagrun for example_branch_labels to 2024-01-12T00:00:00+00:00, run_after=2024-01-13T00:00:00+00:00
[2024-01-13T12:01:38.488+0200] {processor.py:183} INFO - Processing /Library/Frameworks/Python.framework/Versions/3.10/lib/python3.10/site-packages/airflow/example_dags/example_branch_labels.py took 0.592 seconds
[2024-01-13T12:08:24.517+0200] {processor.py:161} INFO - Started process (PID=34002) to work on /Library/Frameworks/Python.framework/Versions/3.10/lib/python3.10/site-packages/airflow/example_dags/example_branch_labels.py
[2024-01-13T12:08:24.523+0200] {processor.py:830} INFO - Processing file /Library/Frameworks/Python.framework/Versions/3.10/lib/python3.10/site-packages/airflow/example_dags/example_branch_labels.py for tasks to queue
[2024-01-13T12:08:24.524+0200] {logging_mixin.py:188} INFO - [2024-01-13T12:08:24.524+0200] {dagbag.py:538} INFO - Filling up the DagBag from /Library/Frameworks/Python.framework/Versions/3.10/lib/python3.10/site-packages/airflow/example_dags/example_branch_labels.py
[2024-01-13T12:08:24.538+0200] {processor.py:840} INFO - DAG(s) 'example_branch_labels' retrieved from /Library/Frameworks/Python.framework/Versions/3.10/lib/python3.10/site-packages/airflow/example_dags/example_branch_labels.py
[2024-01-13T12:08:24.691+0200] {logging_mixin.py:188} INFO - [2024-01-13T12:08:24.690+0200] {dag.py:3033} INFO - Sync 1 DAGs
[2024-01-13T12:08:24.710+0200] {logging_mixin.py:188} INFO - [2024-01-13T12:08:24.710+0200] {dag.py:3820} INFO - Setting next_dagrun for example_branch_labels to 2024-01-12T00:00:00+00:00, run_after=2024-01-13T00:00:00+00:00
[2024-01-13T12:08:24.734+0200] {processor.py:183} INFO - Processing /Library/Frameworks/Python.framework/Versions/3.10/lib/python3.10/site-packages/airflow/example_dags/example_branch_labels.py took 0.218 seconds
[2024-01-13T12:13:14.221+0200] {processor.py:161} INFO - Started process (PID=34303) to work on /Library/Frameworks/Python.framework/Versions/3.10/lib/python3.10/site-packages/airflow/example_dags/example_branch_labels.py
[2024-01-13T12:13:14.230+0200] {processor.py:830} INFO - Processing file /Library/Frameworks/Python.framework/Versions/3.10/lib/python3.10/site-packages/airflow/example_dags/example_branch_labels.py for tasks to queue
[2024-01-13T12:13:14.231+0200] {logging_mixin.py:188} INFO - [2024-01-13T12:13:14.230+0200] {dagbag.py:538} INFO - Filling up the DagBag from /Library/Frameworks/Python.framework/Versions/3.10/lib/python3.10/site-packages/airflow/example_dags/example_branch_labels.py
[2024-01-13T12:13:14.247+0200] {processor.py:840} INFO - DAG(s) 'example_branch_labels' retrieved from /Library/Frameworks/Python.framework/Versions/3.10/lib/python3.10/site-packages/airflow/example_dags/example_branch_labels.py
[2024-01-13T12:13:14.441+0200] {logging_mixin.py:188} INFO - [2024-01-13T12:13:14.440+0200] {dag.py:3033} INFO - Sync 1 DAGs
[2024-01-13T12:13:14.463+0200] {logging_mixin.py:188} INFO - [2024-01-13T12:13:14.462+0200] {dag.py:3820} INFO - Setting next_dagrun for example_branch_labels to 2024-01-12T00:00:00+00:00, run_after=2024-01-13T00:00:00+00:00
[2024-01-13T12:13:14.490+0200] {processor.py:183} INFO - Processing /Library/Frameworks/Python.framework/Versions/3.10/lib/python3.10/site-packages/airflow/example_dags/example_branch_labels.py took 0.271 seconds
[2024-01-13T13:27:26.221+0200] {processor.py:161} INFO - Started process (PID=35413) to work on /Library/Frameworks/Python.framework/Versions/3.10/lib/python3.10/site-packages/airflow/example_dags/example_branch_labels.py
[2024-01-13T13:27:26.226+0200] {processor.py:830} INFO - Processing file /Library/Frameworks/Python.framework/Versions/3.10/lib/python3.10/site-packages/airflow/example_dags/example_branch_labels.py for tasks to queue
[2024-01-13T13:27:26.227+0200] {logging_mixin.py:188} INFO - [2024-01-13T13:27:26.227+0200] {dagbag.py:538} INFO - Filling up the DagBag from /Library/Frameworks/Python.framework/Versions/3.10/lib/python3.10/site-packages/airflow/example_dags/example_branch_labels.py
[2024-01-13T13:27:26.243+0200] {processor.py:840} INFO - DAG(s) 'example_branch_labels' retrieved from /Library/Frameworks/Python.framework/Versions/3.10/lib/python3.10/site-packages/airflow/example_dags/example_branch_labels.py
[2024-01-13T13:27:26.397+0200] {logging_mixin.py:188} INFO - [2024-01-13T13:27:26.397+0200] {dag.py:3033} INFO - Sync 1 DAGs
[2024-01-13T13:27:26.422+0200] {logging_mixin.py:188} INFO - [2024-01-13T13:27:26.422+0200] {dag.py:3820} INFO - Setting next_dagrun for example_branch_labels to 2024-01-12T00:00:00+00:00, run_after=2024-01-13T00:00:00+00:00
[2024-01-13T13:27:26.444+0200] {processor.py:183} INFO - Processing /Library/Frameworks/Python.framework/Versions/3.10/lib/python3.10/site-packages/airflow/example_dags/example_branch_labels.py took 0.224 seconds
[2024-01-13T13:31:44.453+0200] {processor.py:161} INFO - Started process (PID=35591) to work on /Library/Frameworks/Python.framework/Versions/3.10/lib/python3.10/site-packages/airflow/example_dags/example_branch_labels.py
[2024-01-13T13:31:44.458+0200] {processor.py:830} INFO - Processing file /Library/Frameworks/Python.framework/Versions/3.10/lib/python3.10/site-packages/airflow/example_dags/example_branch_labels.py for tasks to queue
[2024-01-13T13:31:44.459+0200] {logging_mixin.py:188} INFO - [2024-01-13T13:31:44.459+0200] {dagbag.py:538} INFO - Filling up the DagBag from /Library/Frameworks/Python.framework/Versions/3.10/lib/python3.10/site-packages/airflow/example_dags/example_branch_labels.py
[2024-01-13T13:31:44.471+0200] {processor.py:840} INFO - DAG(s) 'example_branch_labels' retrieved from /Library/Frameworks/Python.framework/Versions/3.10/lib/python3.10/site-packages/airflow/example_dags/example_branch_labels.py
[2024-01-13T13:31:44.619+0200] {logging_mixin.py:188} INFO - [2024-01-13T13:31:44.619+0200] {dag.py:3033} INFO - Sync 1 DAGs
[2024-01-13T13:31:44.638+0200] {logging_mixin.py:188} INFO - [2024-01-13T13:31:44.638+0200] {dag.py:3820} INFO - Setting next_dagrun for example_branch_labels to 2024-01-12T00:00:00+00:00, run_after=2024-01-13T00:00:00+00:00
[2024-01-13T13:31:44.656+0200] {processor.py:183} INFO - Processing /Library/Frameworks/Python.framework/Versions/3.10/lib/python3.10/site-packages/airflow/example_dags/example_branch_labels.py took 0.205 seconds
[2024-01-13T15:18:37.785+0200] {processor.py:161} INFO - Started process (PID=42776) to work on /Library/Frameworks/Python.framework/Versions/3.10/lib/python3.10/site-packages/airflow/example_dags/example_branch_labels.py
[2024-01-13T15:18:37.790+0200] {processor.py:830} INFO - Processing file /Library/Frameworks/Python.framework/Versions/3.10/lib/python3.10/site-packages/airflow/example_dags/example_branch_labels.py for tasks to queue
[2024-01-13T15:18:37.790+0200] {logging_mixin.py:188} INFO - [2024-01-13T15:18:37.790+0200] {dagbag.py:538} INFO - Filling up the DagBag from /Library/Frameworks/Python.framework/Versions/3.10/lib/python3.10/site-packages/airflow/example_dags/example_branch_labels.py
[2024-01-13T15:18:37.802+0200] {processor.py:840} INFO - DAG(s) 'example_branch_labels' retrieved from /Library/Frameworks/Python.framework/Versions/3.10/lib/python3.10/site-packages/airflow/example_dags/example_branch_labels.py
[2024-01-13T15:18:38.048+0200] {logging_mixin.py:188} INFO - [2024-01-13T15:18:38.047+0200] {dag.py:3033} INFO - Sync 1 DAGs
[2024-01-13T15:18:38.063+0200] {logging_mixin.py:188} INFO - [2024-01-13T15:18:38.063+0200] {dag.py:3820} INFO - Setting next_dagrun for example_branch_labels to 2024-01-12T00:00:00+00:00, run_after=2024-01-13T00:00:00+00:00
[2024-01-13T15:18:38.079+0200] {processor.py:183} INFO - Processing /Library/Frameworks/Python.framework/Versions/3.10/lib/python3.10/site-packages/airflow/example_dags/example_branch_labels.py took 0.296 seconds
[2024-01-13T15:23:23.311+0200] {processor.py:161} INFO - Started process (PID=43007) to work on /Library/Frameworks/Python.framework/Versions/3.10/lib/python3.10/site-packages/airflow/example_dags/example_branch_labels.py
[2024-01-13T15:23:23.316+0200] {processor.py:830} INFO - Processing file /Library/Frameworks/Python.framework/Versions/3.10/lib/python3.10/site-packages/airflow/example_dags/example_branch_labels.py for tasks to queue
[2024-01-13T15:23:23.317+0200] {logging_mixin.py:188} INFO - [2024-01-13T15:23:23.317+0200] {dagbag.py:538} INFO - Filling up the DagBag from /Library/Frameworks/Python.framework/Versions/3.10/lib/python3.10/site-packages/airflow/example_dags/example_branch_labels.py
[2024-01-13T15:23:23.330+0200] {processor.py:840} INFO - DAG(s) 'example_branch_labels' retrieved from /Library/Frameworks/Python.framework/Versions/3.10/lib/python3.10/site-packages/airflow/example_dags/example_branch_labels.py
[2024-01-13T15:23:23.481+0200] {logging_mixin.py:188} INFO - [2024-01-13T15:23:23.481+0200] {dag.py:3033} INFO - Sync 1 DAGs
[2024-01-13T15:23:23.497+0200] {logging_mixin.py:188} INFO - [2024-01-13T15:23:23.496+0200] {dag.py:3820} INFO - Setting next_dagrun for example_branch_labels to 2024-01-12T00:00:00+00:00, run_after=2024-01-13T00:00:00+00:00
[2024-01-13T15:23:23.514+0200] {processor.py:183} INFO - Processing /Library/Frameworks/Python.framework/Versions/3.10/lib/python3.10/site-packages/airflow/example_dags/example_branch_labels.py took 0.204 seconds
[2024-01-13T15:28:31.438+0200] {processor.py:161} INFO - Started process (PID=43367) to work on /Library/Frameworks/Python.framework/Versions/3.10/lib/python3.10/site-packages/airflow/example_dags/example_branch_labels.py
[2024-01-13T15:28:31.444+0200] {processor.py:830} INFO - Processing file /Library/Frameworks/Python.framework/Versions/3.10/lib/python3.10/site-packages/airflow/example_dags/example_branch_labels.py for tasks to queue
[2024-01-13T15:28:31.444+0200] {logging_mixin.py:188} INFO - [2024-01-13T15:28:31.444+0200] {dagbag.py:538} INFO - Filling up the DagBag from /Library/Frameworks/Python.framework/Versions/3.10/lib/python3.10/site-packages/airflow/example_dags/example_branch_labels.py
[2024-01-13T15:28:31.460+0200] {processor.py:840} INFO - DAG(s) 'example_branch_labels' retrieved from /Library/Frameworks/Python.framework/Versions/3.10/lib/python3.10/site-packages/airflow/example_dags/example_branch_labels.py
[2024-01-13T15:28:31.621+0200] {logging_mixin.py:188} INFO - [2024-01-13T15:28:31.621+0200] {dag.py:3033} INFO - Sync 1 DAGs
[2024-01-13T15:28:31.638+0200] {logging_mixin.py:188} INFO - [2024-01-13T15:28:31.638+0200] {dag.py:3820} INFO - Setting next_dagrun for example_branch_labels to 2024-01-12T00:00:00+00:00, run_after=2024-01-13T00:00:00+00:00
[2024-01-13T15:28:31.658+0200] {processor.py:183} INFO - Processing /Library/Frameworks/Python.framework/Versions/3.10/lib/python3.10/site-packages/airflow/example_dags/example_branch_labels.py took 0.221 seconds
[2024-01-13T15:34:17.234+0200] {processor.py:161} INFO - Started process (PID=43745) to work on /Library/Frameworks/Python.framework/Versions/3.10/lib/python3.10/site-packages/airflow/example_dags/example_branch_labels.py
[2024-01-13T15:34:17.239+0200] {processor.py:830} INFO - Processing file /Library/Frameworks/Python.framework/Versions/3.10/lib/python3.10/site-packages/airflow/example_dags/example_branch_labels.py for tasks to queue
[2024-01-13T15:34:17.240+0200] {logging_mixin.py:188} INFO - [2024-01-13T15:34:17.240+0200] {dagbag.py:538} INFO - Filling up the DagBag from /Library/Frameworks/Python.framework/Versions/3.10/lib/python3.10/site-packages/airflow/example_dags/example_branch_labels.py
[2024-01-13T15:34:17.259+0200] {processor.py:840} INFO - DAG(s) 'example_branch_labels' retrieved from /Library/Frameworks/Python.framework/Versions/3.10/lib/python3.10/site-packages/airflow/example_dags/example_branch_labels.py
[2024-01-13T15:34:17.912+0200] {logging_mixin.py:188} INFO - [2024-01-13T15:34:17.911+0200] {dag.py:3033} INFO - Sync 1 DAGs
[2024-01-13T15:34:17.960+0200] {logging_mixin.py:188} INFO - [2024-01-13T15:34:17.960+0200] {dag.py:3820} INFO - Setting next_dagrun for example_branch_labels to 2024-01-12T00:00:00+00:00, run_after=2024-01-13T00:00:00+00:00
[2024-01-13T15:34:17.998+0200] {processor.py:183} INFO - Processing /Library/Frameworks/Python.framework/Versions/3.10/lib/python3.10/site-packages/airflow/example_dags/example_branch_labels.py took 0.765 seconds
[2024-01-13T15:41:10.081+0200] {processor.py:161} INFO - Started process (PID=44279) to work on /Library/Frameworks/Python.framework/Versions/3.10/lib/python3.10/site-packages/airflow/example_dags/example_branch_labels.py
[2024-01-13T15:41:10.086+0200] {processor.py:830} INFO - Processing file /Library/Frameworks/Python.framework/Versions/3.10/lib/python3.10/site-packages/airflow/example_dags/example_branch_labels.py for tasks to queue
[2024-01-13T15:41:10.087+0200] {logging_mixin.py:188} INFO - [2024-01-13T15:41:10.087+0200] {dagbag.py:538} INFO - Filling up the DagBag from /Library/Frameworks/Python.framework/Versions/3.10/lib/python3.10/site-packages/airflow/example_dags/example_branch_labels.py
[2024-01-13T15:41:10.101+0200] {processor.py:840} INFO - DAG(s) 'example_branch_labels' retrieved from /Library/Frameworks/Python.framework/Versions/3.10/lib/python3.10/site-packages/airflow/example_dags/example_branch_labels.py
[2024-01-13T15:41:10.356+0200] {logging_mixin.py:188} INFO - [2024-01-13T15:41:10.356+0200] {dag.py:3033} INFO - Sync 1 DAGs
[2024-01-13T15:41:10.373+0200] {logging_mixin.py:188} INFO - [2024-01-13T15:41:10.372+0200] {dag.py:3820} INFO - Setting next_dagrun for example_branch_labels to 2024-01-12T00:00:00+00:00, run_after=2024-01-13T00:00:00+00:00
[2024-01-13T15:41:10.392+0200] {processor.py:183} INFO - Processing /Library/Frameworks/Python.framework/Versions/3.10/lib/python3.10/site-packages/airflow/example_dags/example_branch_labels.py took 0.314 seconds
[2024-01-14T00:34:38.282+0200] {processor.py:161} INFO - Started process (PID=45808) to work on /Library/Frameworks/Python.framework/Versions/3.10/lib/python3.10/site-packages/airflow/example_dags/example_branch_labels.py
[2024-01-14T00:34:38.287+0200] {processor.py:830} INFO - Processing file /Library/Frameworks/Python.framework/Versions/3.10/lib/python3.10/site-packages/airflow/example_dags/example_branch_labels.py for tasks to queue
[2024-01-14T00:34:38.287+0200] {logging_mixin.py:188} INFO - [2024-01-14T00:34:38.287+0200] {dagbag.py:538} INFO - Filling up the DagBag from /Library/Frameworks/Python.framework/Versions/3.10/lib/python3.10/site-packages/airflow/example_dags/example_branch_labels.py
[2024-01-14T00:34:38.303+0200] {processor.py:840} INFO - DAG(s) 'example_branch_labels' retrieved from /Library/Frameworks/Python.framework/Versions/3.10/lib/python3.10/site-packages/airflow/example_dags/example_branch_labels.py
[2024-01-14T00:34:38.491+0200] {logging_mixin.py:188} INFO - [2024-01-14T00:34:38.491+0200] {dag.py:3033} INFO - Sync 1 DAGs
[2024-01-14T00:34:38.509+0200] {logging_mixin.py:188} INFO - [2024-01-14T00:34:38.509+0200] {dag.py:3820} INFO - Setting next_dagrun for example_branch_labels to 2024-01-12T00:00:00+00:00, run_after=2024-01-13T00:00:00+00:00
[2024-01-14T00:34:38.528+0200] {processor.py:183} INFO - Processing /Library/Frameworks/Python.framework/Versions/3.10/lib/python3.10/site-packages/airflow/example_dags/example_branch_labels.py took 0.248 seconds
[2024-01-14T00:39:48.394+0200] {processor.py:161} INFO - Started process (PID=46509) to work on /Library/Frameworks/Python.framework/Versions/3.10/lib/python3.10/site-packages/airflow/example_dags/example_branch_labels.py
[2024-01-14T00:39:48.399+0200] {processor.py:830} INFO - Processing file /Library/Frameworks/Python.framework/Versions/3.10/lib/python3.10/site-packages/airflow/example_dags/example_branch_labels.py for tasks to queue
[2024-01-14T00:39:48.399+0200] {logging_mixin.py:188} INFO - [2024-01-14T00:39:48.399+0200] {dagbag.py:538} INFO - Filling up the DagBag from /Library/Frameworks/Python.framework/Versions/3.10/lib/python3.10/site-packages/airflow/example_dags/example_branch_labels.py
[2024-01-14T00:39:48.413+0200] {processor.py:840} INFO - DAG(s) 'example_branch_labels' retrieved from /Library/Frameworks/Python.framework/Versions/3.10/lib/python3.10/site-packages/airflow/example_dags/example_branch_labels.py
[2024-01-14T00:39:48.558+0200] {logging_mixin.py:188} INFO - [2024-01-14T00:39:48.558+0200] {dag.py:3033} INFO - Sync 1 DAGs
[2024-01-14T00:39:48.574+0200] {logging_mixin.py:188} INFO - [2024-01-14T00:39:48.573+0200] {dag.py:3820} INFO - Setting next_dagrun for example_branch_labels to 2024-01-12T00:00:00+00:00, run_after=2024-01-13T00:00:00+00:00
[2024-01-14T00:39:48.589+0200] {processor.py:183} INFO - Processing /Library/Frameworks/Python.framework/Versions/3.10/lib/python3.10/site-packages/airflow/example_dags/example_branch_labels.py took 0.197 seconds
[2024-01-14T00:44:46.940+0200] {processor.py:161} INFO - Started process (PID=46885) to work on /Library/Frameworks/Python.framework/Versions/3.10/lib/python3.10/site-packages/airflow/example_dags/example_branch_labels.py
[2024-01-14T00:44:46.945+0200] {processor.py:830} INFO - Processing file /Library/Frameworks/Python.framework/Versions/3.10/lib/python3.10/site-packages/airflow/example_dags/example_branch_labels.py for tasks to queue
[2024-01-14T00:44:46.945+0200] {logging_mixin.py:188} INFO - [2024-01-14T00:44:46.945+0200] {dagbag.py:538} INFO - Filling up the DagBag from /Library/Frameworks/Python.framework/Versions/3.10/lib/python3.10/site-packages/airflow/example_dags/example_branch_labels.py
[2024-01-14T00:44:46.958+0200] {processor.py:840} INFO - DAG(s) 'example_branch_labels' retrieved from /Library/Frameworks/Python.framework/Versions/3.10/lib/python3.10/site-packages/airflow/example_dags/example_branch_labels.py
[2024-01-14T00:44:47.109+0200] {logging_mixin.py:188} INFO - [2024-01-14T00:44:47.109+0200] {dag.py:3033} INFO - Sync 1 DAGs
[2024-01-14T00:44:47.126+0200] {logging_mixin.py:188} INFO - [2024-01-14T00:44:47.126+0200] {dag.py:3820} INFO - Setting next_dagrun for example_branch_labels to 2024-01-12T00:00:00+00:00, run_after=2024-01-13T00:00:00+00:00
[2024-01-14T00:44:47.144+0200] {processor.py:183} INFO - Processing /Library/Frameworks/Python.framework/Versions/3.10/lib/python3.10/site-packages/airflow/example_dags/example_branch_labels.py took 0.205 seconds
[2024-01-14T00:50:20.910+0200] {processor.py:161} INFO - Started process (PID=47181) to work on /Library/Frameworks/Python.framework/Versions/3.10/lib/python3.10/site-packages/airflow/example_dags/example_branch_labels.py
[2024-01-14T00:50:20.915+0200] {processor.py:830} INFO - Processing file /Library/Frameworks/Python.framework/Versions/3.10/lib/python3.10/site-packages/airflow/example_dags/example_branch_labels.py for tasks to queue
[2024-01-14T00:50:20.916+0200] {logging_mixin.py:188} INFO - [2024-01-14T00:50:20.916+0200] {dagbag.py:538} INFO - Filling up the DagBag from /Library/Frameworks/Python.framework/Versions/3.10/lib/python3.10/site-packages/airflow/example_dags/example_branch_labels.py
[2024-01-14T00:50:20.933+0200] {processor.py:840} INFO - DAG(s) 'example_branch_labels' retrieved from /Library/Frameworks/Python.framework/Versions/3.10/lib/python3.10/site-packages/airflow/example_dags/example_branch_labels.py
[2024-01-14T00:50:21.092+0200] {logging_mixin.py:188} INFO - [2024-01-14T00:50:21.091+0200] {dag.py:3033} INFO - Sync 1 DAGs
[2024-01-14T00:50:21.108+0200] {logging_mixin.py:188} INFO - [2024-01-14T00:50:21.108+0200] {dag.py:3820} INFO - Setting next_dagrun for example_branch_labels to 2024-01-12T00:00:00+00:00, run_after=2024-01-13T00:00:00+00:00
[2024-01-14T00:50:21.125+0200] {processor.py:183} INFO - Processing /Library/Frameworks/Python.framework/Versions/3.10/lib/python3.10/site-packages/airflow/example_dags/example_branch_labels.py took 0.217 seconds
