[2024-01-13T10:07:07.497+0200] {processor.py:161} INFO - Started process (PID=21779) to work on /Library/Frameworks/Python.framework/Versions/3.10/lib/python3.10/site-packages/airflow/example_dags/example_params_trigger_ui.py
[2024-01-13T10:07:07.501+0200] {processor.py:830} INFO - Processing file /Library/Frameworks/Python.framework/Versions/3.10/lib/python3.10/site-packages/airflow/example_dags/example_params_trigger_ui.py for tasks to queue
[2024-01-13T10:07:07.501+0200] {logging_mixin.py:188} INFO - [2024-01-13T10:07:07.501+0200] {dagbag.py:538} INFO - Filling up the DagBag from /Library/Frameworks/Python.framework/Versions/3.10/lib/python3.10/site-packages/airflow/example_dags/example_params_trigger_ui.py
[2024-01-13T10:07:07.590+0200] {processor.py:840} INFO - DAG(s) 'example_params_trigger_ui' retrieved from /Library/Frameworks/Python.framework/Versions/3.10/lib/python3.10/site-packages/airflow/example_dags/example_params_trigger_ui.py
[2024-01-13T10:07:07.703+0200] {logging_mixin.py:188} INFO - [2024-01-13T10:07:07.702+0200] {dag.py:3033} INFO - Sync 1 DAGs
[2024-01-13T10:07:07.710+0200] {logging_mixin.py:188} INFO - [2024-01-13T10:07:07.710+0200] {dag.py:3820} INFO - Setting next_dagrun for example_params_trigger_ui to None, run_after=None
[2024-01-13T10:07:07.728+0200] {processor.py:183} INFO - Processing /Library/Frameworks/Python.framework/Versions/3.10/lib/python3.10/site-packages/airflow/example_dags/example_params_trigger_ui.py took 0.232 seconds
[2024-01-13T10:09:22.824+0200] {processor.py:161} INFO - Started process (PID=21935) to work on /Library/Frameworks/Python.framework/Versions/3.10/lib/python3.10/site-packages/airflow/example_dags/example_params_trigger_ui.py
[2024-01-13T10:09:22.829+0200] {processor.py:830} INFO - Processing file /Library/Frameworks/Python.framework/Versions/3.10/lib/python3.10/site-packages/airflow/example_dags/example_params_trigger_ui.py for tasks to queue
[2024-01-13T10:09:22.830+0200] {logging_mixin.py:188} INFO - [2024-01-13T10:09:22.830+0200] {dagbag.py:538} INFO - Filling up the DagBag from /Library/Frameworks/Python.framework/Versions/3.10/lib/python3.10/site-packages/airflow/example_dags/example_params_trigger_ui.py
[2024-01-13T10:09:22.927+0200] {processor.py:840} INFO - DAG(s) 'example_params_trigger_ui' retrieved from /Library/Frameworks/Python.framework/Versions/3.10/lib/python3.10/site-packages/airflow/example_dags/example_params_trigger_ui.py
[2024-01-13T10:09:23.038+0200] {logging_mixin.py:188} INFO - [2024-01-13T10:09:23.038+0200] {dag.py:3033} INFO - Sync 1 DAGs
[2024-01-13T10:09:23.046+0200] {logging_mixin.py:188} INFO - [2024-01-13T10:09:23.046+0200] {dag.py:3820} INFO - Setting next_dagrun for example_params_trigger_ui to None, run_after=None
[2024-01-13T10:09:23.076+0200] {processor.py:183} INFO - Processing /Library/Frameworks/Python.framework/Versions/3.10/lib/python3.10/site-packages/airflow/example_dags/example_params_trigger_ui.py took 0.253 seconds
[2024-01-13T10:13:29.726+0200] {processor.py:161} INFO - Started process (PID=22223) to work on /Library/Frameworks/Python.framework/Versions/3.10/lib/python3.10/site-packages/airflow/example_dags/example_params_trigger_ui.py
[2024-01-13T10:13:29.730+0200] {processor.py:830} INFO - Processing file /Library/Frameworks/Python.framework/Versions/3.10/lib/python3.10/site-packages/airflow/example_dags/example_params_trigger_ui.py for tasks to queue
[2024-01-13T10:13:29.730+0200] {logging_mixin.py:188} INFO - [2024-01-13T10:13:29.730+0200] {dagbag.py:538} INFO - Filling up the DagBag from /Library/Frameworks/Python.framework/Versions/3.10/lib/python3.10/site-packages/airflow/example_dags/example_params_trigger_ui.py
[2024-01-13T10:13:29.825+0200] {processor.py:840} INFO - DAG(s) 'example_params_trigger_ui' retrieved from /Library/Frameworks/Python.framework/Versions/3.10/lib/python3.10/site-packages/airflow/example_dags/example_params_trigger_ui.py
[2024-01-13T10:13:29.962+0200] {logging_mixin.py:188} INFO - [2024-01-13T10:13:29.962+0200] {dag.py:3033} INFO - Sync 1 DAGs
[2024-01-13T10:13:29.971+0200] {logging_mixin.py:188} INFO - [2024-01-13T10:13:29.971+0200] {dag.py:3820} INFO - Setting next_dagrun for example_params_trigger_ui to None, run_after=None
[2024-01-13T10:13:29.991+0200] {processor.py:183} INFO - Processing /Library/Frameworks/Python.framework/Versions/3.10/lib/python3.10/site-packages/airflow/example_dags/example_params_trigger_ui.py took 0.267 seconds
[2024-01-13T10:15:44.251+0200] {processor.py:161} INFO - Started process (PID=22839) to work on /Library/Frameworks/Python.framework/Versions/3.10/lib/python3.10/site-packages/airflow/example_dags/example_params_trigger_ui.py
[2024-01-13T10:15:44.256+0200] {processor.py:830} INFO - Processing file /Library/Frameworks/Python.framework/Versions/3.10/lib/python3.10/site-packages/airflow/example_dags/example_params_trigger_ui.py for tasks to queue
[2024-01-13T10:15:44.257+0200] {logging_mixin.py:188} INFO - [2024-01-13T10:15:44.256+0200] {dagbag.py:538} INFO - Filling up the DagBag from /Library/Frameworks/Python.framework/Versions/3.10/lib/python3.10/site-packages/airflow/example_dags/example_params_trigger_ui.py
[2024-01-13T10:15:44.345+0200] {processor.py:840} INFO - DAG(s) 'example_params_trigger_ui' retrieved from /Library/Frameworks/Python.framework/Versions/3.10/lib/python3.10/site-packages/airflow/example_dags/example_params_trigger_ui.py
[2024-01-13T10:15:44.455+0200] {logging_mixin.py:188} INFO - [2024-01-13T10:15:44.455+0200] {dag.py:3033} INFO - Sync 1 DAGs
[2024-01-13T10:15:44.462+0200] {logging_mixin.py:188} INFO - [2024-01-13T10:15:44.462+0200] {dag.py:3820} INFO - Setting next_dagrun for example_params_trigger_ui to None, run_after=None
[2024-01-13T10:15:44.480+0200] {processor.py:183} INFO - Processing /Library/Frameworks/Python.framework/Versions/3.10/lib/python3.10/site-packages/airflow/example_dags/example_params_trigger_ui.py took 0.230 seconds
[2024-01-13T10:17:46.289+0200] {processor.py:161} INFO - Started process (PID=23358) to work on /Library/Frameworks/Python.framework/Versions/3.10/lib/python3.10/site-packages/airflow/example_dags/example_params_trigger_ui.py
[2024-01-13T10:17:46.293+0200] {processor.py:830} INFO - Processing file /Library/Frameworks/Python.framework/Versions/3.10/lib/python3.10/site-packages/airflow/example_dags/example_params_trigger_ui.py for tasks to queue
[2024-01-13T10:17:46.294+0200] {logging_mixin.py:188} INFO - [2024-01-13T10:17:46.294+0200] {dagbag.py:538} INFO - Filling up the DagBag from /Library/Frameworks/Python.framework/Versions/3.10/lib/python3.10/site-packages/airflow/example_dags/example_params_trigger_ui.py
[2024-01-13T10:17:46.383+0200] {processor.py:840} INFO - DAG(s) 'example_params_trigger_ui' retrieved from /Library/Frameworks/Python.framework/Versions/3.10/lib/python3.10/site-packages/airflow/example_dags/example_params_trigger_ui.py
[2024-01-13T10:17:46.495+0200] {logging_mixin.py:188} INFO - [2024-01-13T10:17:46.495+0200] {dag.py:3033} INFO - Sync 1 DAGs
[2024-01-13T10:17:46.502+0200] {logging_mixin.py:188} INFO - [2024-01-13T10:17:46.502+0200] {dag.py:3820} INFO - Setting next_dagrun for example_params_trigger_ui to None, run_after=None
[2024-01-13T10:17:46.522+0200] {processor.py:183} INFO - Processing /Library/Frameworks/Python.framework/Versions/3.10/lib/python3.10/site-packages/airflow/example_dags/example_params_trigger_ui.py took 0.235 seconds
[2024-01-13T10:21:40.828+0200] {processor.py:161} INFO - Started process (PID=23528) to work on /Library/Frameworks/Python.framework/Versions/3.10/lib/python3.10/site-packages/airflow/example_dags/example_params_trigger_ui.py
[2024-01-13T10:21:40.832+0200] {processor.py:830} INFO - Processing file /Library/Frameworks/Python.framework/Versions/3.10/lib/python3.10/site-packages/airflow/example_dags/example_params_trigger_ui.py for tasks to queue
[2024-01-13T10:21:40.833+0200] {logging_mixin.py:188} INFO - [2024-01-13T10:21:40.833+0200] {dagbag.py:538} INFO - Filling up the DagBag from /Library/Frameworks/Python.framework/Versions/3.10/lib/python3.10/site-packages/airflow/example_dags/example_params_trigger_ui.py
[2024-01-13T10:21:40.925+0200] {processor.py:840} INFO - DAG(s) 'example_params_trigger_ui' retrieved from /Library/Frameworks/Python.framework/Versions/3.10/lib/python3.10/site-packages/airflow/example_dags/example_params_trigger_ui.py
[2024-01-13T10:21:41.039+0200] {logging_mixin.py:188} INFO - [2024-01-13T10:21:41.039+0200] {dag.py:3033} INFO - Sync 1 DAGs
[2024-01-13T10:21:41.047+0200] {logging_mixin.py:188} INFO - [2024-01-13T10:21:41.047+0200] {dag.py:3820} INFO - Setting next_dagrun for example_params_trigger_ui to None, run_after=None
[2024-01-13T10:21:41.065+0200] {processor.py:183} INFO - Processing /Library/Frameworks/Python.framework/Versions/3.10/lib/python3.10/site-packages/airflow/example_dags/example_params_trigger_ui.py took 0.239 seconds
[2024-01-13T10:25:34.358+0200] {processor.py:161} INFO - Started process (PID=23781) to work on /Library/Frameworks/Python.framework/Versions/3.10/lib/python3.10/site-packages/airflow/example_dags/example_params_trigger_ui.py
[2024-01-13T10:25:34.361+0200] {processor.py:830} INFO - Processing file /Library/Frameworks/Python.framework/Versions/3.10/lib/python3.10/site-packages/airflow/example_dags/example_params_trigger_ui.py for tasks to queue
[2024-01-13T10:25:34.362+0200] {logging_mixin.py:188} INFO - [2024-01-13T10:25:34.362+0200] {dagbag.py:538} INFO - Filling up the DagBag from /Library/Frameworks/Python.framework/Versions/3.10/lib/python3.10/site-packages/airflow/example_dags/example_params_trigger_ui.py
[2024-01-13T10:25:34.450+0200] {processor.py:840} INFO - DAG(s) 'example_params_trigger_ui' retrieved from /Library/Frameworks/Python.framework/Versions/3.10/lib/python3.10/site-packages/airflow/example_dags/example_params_trigger_ui.py
[2024-01-13T10:25:34.568+0200] {logging_mixin.py:188} INFO - [2024-01-13T10:25:34.568+0200] {dag.py:3033} INFO - Sync 1 DAGs
[2024-01-13T10:25:34.576+0200] {logging_mixin.py:188} INFO - [2024-01-13T10:25:34.576+0200] {dag.py:3820} INFO - Setting next_dagrun for example_params_trigger_ui to None, run_after=None
[2024-01-13T10:25:34.596+0200] {processor.py:183} INFO - Processing /Library/Frameworks/Python.framework/Versions/3.10/lib/python3.10/site-packages/airflow/example_dags/example_params_trigger_ui.py took 0.240 seconds
[2024-01-13T10:29:29.544+0200] {processor.py:161} INFO - Started process (PID=23941) to work on /Library/Frameworks/Python.framework/Versions/3.10/lib/python3.10/site-packages/airflow/example_dags/example_params_trigger_ui.py
[2024-01-13T10:29:29.549+0200] {processor.py:830} INFO - Processing file /Library/Frameworks/Python.framework/Versions/3.10/lib/python3.10/site-packages/airflow/example_dags/example_params_trigger_ui.py for tasks to queue
[2024-01-13T10:29:29.550+0200] {logging_mixin.py:188} INFO - [2024-01-13T10:29:29.550+0200] {dagbag.py:538} INFO - Filling up the DagBag from /Library/Frameworks/Python.framework/Versions/3.10/lib/python3.10/site-packages/airflow/example_dags/example_params_trigger_ui.py
[2024-01-13T10:29:29.641+0200] {processor.py:840} INFO - DAG(s) 'example_params_trigger_ui' retrieved from /Library/Frameworks/Python.framework/Versions/3.10/lib/python3.10/site-packages/airflow/example_dags/example_params_trigger_ui.py
[2024-01-13T10:29:29.759+0200] {logging_mixin.py:188} INFO - [2024-01-13T10:29:29.759+0200] {dag.py:3033} INFO - Sync 1 DAGs
[2024-01-13T10:29:29.766+0200] {logging_mixin.py:188} INFO - [2024-01-13T10:29:29.766+0200] {dag.py:3820} INFO - Setting next_dagrun for example_params_trigger_ui to None, run_after=None
[2024-01-13T10:29:29.797+0200] {processor.py:183} INFO - Processing /Library/Frameworks/Python.framework/Versions/3.10/lib/python3.10/site-packages/airflow/example_dags/example_params_trigger_ui.py took 0.254 seconds
[2024-01-13T10:33:19.770+0200] {processor.py:161} INFO - Started process (PID=24215) to work on /Library/Frameworks/Python.framework/Versions/3.10/lib/python3.10/site-packages/airflow/example_dags/example_params_trigger_ui.py
[2024-01-13T10:33:19.775+0200] {processor.py:830} INFO - Processing file /Library/Frameworks/Python.framework/Versions/3.10/lib/python3.10/site-packages/airflow/example_dags/example_params_trigger_ui.py for tasks to queue
[2024-01-13T10:33:19.776+0200] {logging_mixin.py:188} INFO - [2024-01-13T10:33:19.776+0200] {dagbag.py:538} INFO - Filling up the DagBag from /Library/Frameworks/Python.framework/Versions/3.10/lib/python3.10/site-packages/airflow/example_dags/example_params_trigger_ui.py
[2024-01-13T10:33:19.903+0200] {processor.py:840} INFO - DAG(s) 'example_params_trigger_ui' retrieved from /Library/Frameworks/Python.framework/Versions/3.10/lib/python3.10/site-packages/airflow/example_dags/example_params_trigger_ui.py
[2024-01-13T10:33:20.082+0200] {logging_mixin.py:188} INFO - [2024-01-13T10:33:20.081+0200] {dag.py:3033} INFO - Sync 1 DAGs
[2024-01-13T10:33:20.091+0200] {logging_mixin.py:188} INFO - [2024-01-13T10:33:20.091+0200] {dag.py:3820} INFO - Setting next_dagrun for example_params_trigger_ui to None, run_after=None
[2024-01-13T10:33:20.121+0200] {processor.py:183} INFO - Processing /Library/Frameworks/Python.framework/Versions/3.10/lib/python3.10/site-packages/airflow/example_dags/example_params_trigger_ui.py took 0.353 seconds
[2024-01-13T10:37:13.226+0200] {processor.py:161} INFO - Started process (PID=24387) to work on /Library/Frameworks/Python.framework/Versions/3.10/lib/python3.10/site-packages/airflow/example_dags/example_params_trigger_ui.py
[2024-01-13T10:37:13.231+0200] {processor.py:830} INFO - Processing file /Library/Frameworks/Python.framework/Versions/3.10/lib/python3.10/site-packages/airflow/example_dags/example_params_trigger_ui.py for tasks to queue
[2024-01-13T10:37:13.231+0200] {logging_mixin.py:188} INFO - [2024-01-13T10:37:13.231+0200] {dagbag.py:538} INFO - Filling up the DagBag from /Library/Frameworks/Python.framework/Versions/3.10/lib/python3.10/site-packages/airflow/example_dags/example_params_trigger_ui.py
[2024-01-13T10:37:13.328+0200] {processor.py:840} INFO - DAG(s) 'example_params_trigger_ui' retrieved from /Library/Frameworks/Python.framework/Versions/3.10/lib/python3.10/site-packages/airflow/example_dags/example_params_trigger_ui.py
[2024-01-13T10:37:13.445+0200] {logging_mixin.py:188} INFO - [2024-01-13T10:37:13.445+0200] {dag.py:3033} INFO - Sync 1 DAGs
[2024-01-13T10:37:13.453+0200] {logging_mixin.py:188} INFO - [2024-01-13T10:37:13.452+0200] {dag.py:3820} INFO - Setting next_dagrun for example_params_trigger_ui to None, run_after=None
[2024-01-13T10:37:13.472+0200] {processor.py:183} INFO - Processing /Library/Frameworks/Python.framework/Versions/3.10/lib/python3.10/site-packages/airflow/example_dags/example_params_trigger_ui.py took 0.248 seconds
[2024-01-13T10:41:10.183+0200] {processor.py:161} INFO - Started process (PID=24651) to work on /Library/Frameworks/Python.framework/Versions/3.10/lib/python3.10/site-packages/airflow/example_dags/example_params_trigger_ui.py
[2024-01-13T10:41:10.188+0200] {processor.py:830} INFO - Processing file /Library/Frameworks/Python.framework/Versions/3.10/lib/python3.10/site-packages/airflow/example_dags/example_params_trigger_ui.py for tasks to queue
[2024-01-13T10:41:10.188+0200] {logging_mixin.py:188} INFO - [2024-01-13T10:41:10.188+0200] {dagbag.py:538} INFO - Filling up the DagBag from /Library/Frameworks/Python.framework/Versions/3.10/lib/python3.10/site-packages/airflow/example_dags/example_params_trigger_ui.py
[2024-01-13T10:41:10.283+0200] {processor.py:840} INFO - DAG(s) 'example_params_trigger_ui' retrieved from /Library/Frameworks/Python.framework/Versions/3.10/lib/python3.10/site-packages/airflow/example_dags/example_params_trigger_ui.py
[2024-01-13T10:41:10.403+0200] {logging_mixin.py:188} INFO - [2024-01-13T10:41:10.403+0200] {dag.py:3033} INFO - Sync 1 DAGs
[2024-01-13T10:41:10.411+0200] {logging_mixin.py:188} INFO - [2024-01-13T10:41:10.411+0200] {dag.py:3820} INFO - Setting next_dagrun for example_params_trigger_ui to None, run_after=None
[2024-01-13T10:41:10.431+0200] {processor.py:183} INFO - Processing /Library/Frameworks/Python.framework/Versions/3.10/lib/python3.10/site-packages/airflow/example_dags/example_params_trigger_ui.py took 0.250 seconds
[2024-01-13T10:45:07.562+0200] {processor.py:161} INFO - Started process (PID=24923) to work on /Library/Frameworks/Python.framework/Versions/3.10/lib/python3.10/site-packages/airflow/example_dags/example_params_trigger_ui.py
[2024-01-13T10:45:07.567+0200] {processor.py:830} INFO - Processing file /Library/Frameworks/Python.framework/Versions/3.10/lib/python3.10/site-packages/airflow/example_dags/example_params_trigger_ui.py for tasks to queue
[2024-01-13T10:45:07.568+0200] {logging_mixin.py:188} INFO - [2024-01-13T10:45:07.568+0200] {dagbag.py:538} INFO - Filling up the DagBag from /Library/Frameworks/Python.framework/Versions/3.10/lib/python3.10/site-packages/airflow/example_dags/example_params_trigger_ui.py
[2024-01-13T10:45:07.664+0200] {processor.py:840} INFO - DAG(s) 'example_params_trigger_ui' retrieved from /Library/Frameworks/Python.framework/Versions/3.10/lib/python3.10/site-packages/airflow/example_dags/example_params_trigger_ui.py
[2024-01-13T10:45:07.788+0200] {logging_mixin.py:188} INFO - [2024-01-13T10:45:07.788+0200] {dag.py:3033} INFO - Sync 1 DAGs
[2024-01-13T10:45:07.796+0200] {logging_mixin.py:188} INFO - [2024-01-13T10:45:07.796+0200] {dag.py:3820} INFO - Setting next_dagrun for example_params_trigger_ui to None, run_after=None
[2024-01-13T10:45:07.817+0200] {processor.py:183} INFO - Processing /Library/Frameworks/Python.framework/Versions/3.10/lib/python3.10/site-packages/airflow/example_dags/example_params_trigger_ui.py took 0.257 seconds
[2024-01-13T10:48:48.826+0200] {processor.py:161} INFO - Started process (PID=25075) to work on /Library/Frameworks/Python.framework/Versions/3.10/lib/python3.10/site-packages/airflow/example_dags/example_params_trigger_ui.py
[2024-01-13T10:48:48.831+0200] {processor.py:830} INFO - Processing file /Library/Frameworks/Python.framework/Versions/3.10/lib/python3.10/site-packages/airflow/example_dags/example_params_trigger_ui.py for tasks to queue
[2024-01-13T10:48:48.832+0200] {logging_mixin.py:188} INFO - [2024-01-13T10:48:48.832+0200] {dagbag.py:538} INFO - Filling up the DagBag from /Library/Frameworks/Python.framework/Versions/3.10/lib/python3.10/site-packages/airflow/example_dags/example_params_trigger_ui.py
[2024-01-13T10:48:48.922+0200] {processor.py:840} INFO - DAG(s) 'example_params_trigger_ui' retrieved from /Library/Frameworks/Python.framework/Versions/3.10/lib/python3.10/site-packages/airflow/example_dags/example_params_trigger_ui.py
[2024-01-13T10:48:49.034+0200] {logging_mixin.py:188} INFO - [2024-01-13T10:48:49.034+0200] {dag.py:3033} INFO - Sync 1 DAGs
[2024-01-13T10:48:49.041+0200] {logging_mixin.py:188} INFO - [2024-01-13T10:48:49.041+0200] {dag.py:3820} INFO - Setting next_dagrun for example_params_trigger_ui to None, run_after=None
[2024-01-13T10:48:49.060+0200] {processor.py:183} INFO - Processing /Library/Frameworks/Python.framework/Versions/3.10/lib/python3.10/site-packages/airflow/example_dags/example_params_trigger_ui.py took 0.235 seconds
[2024-01-13T10:52:28.145+0200] {processor.py:161} INFO - Started process (PID=25316) to work on /Library/Frameworks/Python.framework/Versions/3.10/lib/python3.10/site-packages/airflow/example_dags/example_params_trigger_ui.py
[2024-01-13T10:52:28.150+0200] {processor.py:830} INFO - Processing file /Library/Frameworks/Python.framework/Versions/3.10/lib/python3.10/site-packages/airflow/example_dags/example_params_trigger_ui.py for tasks to queue
[2024-01-13T10:52:28.151+0200] {logging_mixin.py:188} INFO - [2024-01-13T10:52:28.151+0200] {dagbag.py:538} INFO - Filling up the DagBag from /Library/Frameworks/Python.framework/Versions/3.10/lib/python3.10/site-packages/airflow/example_dags/example_params_trigger_ui.py
[2024-01-13T10:52:28.241+0200] {processor.py:840} INFO - DAG(s) 'example_params_trigger_ui' retrieved from /Library/Frameworks/Python.framework/Versions/3.10/lib/python3.10/site-packages/airflow/example_dags/example_params_trigger_ui.py
[2024-01-13T10:52:28.350+0200] {logging_mixin.py:188} INFO - [2024-01-13T10:52:28.350+0200] {dag.py:3033} INFO - Sync 1 DAGs
[2024-01-13T10:52:28.357+0200] {logging_mixin.py:188} INFO - [2024-01-13T10:52:28.357+0200] {dag.py:3820} INFO - Setting next_dagrun for example_params_trigger_ui to None, run_after=None
[2024-01-13T10:52:28.397+0200] {processor.py:183} INFO - Processing /Library/Frameworks/Python.framework/Versions/3.10/lib/python3.10/site-packages/airflow/example_dags/example_params_trigger_ui.py took 0.253 seconds
[2024-01-13T10:56:31.650+0200] {processor.py:161} INFO - Started process (PID=25606) to work on /Library/Frameworks/Python.framework/Versions/3.10/lib/python3.10/site-packages/airflow/example_dags/example_params_trigger_ui.py
[2024-01-13T10:56:31.655+0200] {processor.py:830} INFO - Processing file /Library/Frameworks/Python.framework/Versions/3.10/lib/python3.10/site-packages/airflow/example_dags/example_params_trigger_ui.py for tasks to queue
[2024-01-13T10:56:31.655+0200] {logging_mixin.py:188} INFO - [2024-01-13T10:56:31.655+0200] {dagbag.py:538} INFO - Filling up the DagBag from /Library/Frameworks/Python.framework/Versions/3.10/lib/python3.10/site-packages/airflow/example_dags/example_params_trigger_ui.py
[2024-01-13T10:56:31.747+0200] {processor.py:840} INFO - DAG(s) 'example_params_trigger_ui' retrieved from /Library/Frameworks/Python.framework/Versions/3.10/lib/python3.10/site-packages/airflow/example_dags/example_params_trigger_ui.py
[2024-01-13T10:56:31.860+0200] {logging_mixin.py:188} INFO - [2024-01-13T10:56:31.860+0200] {dag.py:3033} INFO - Sync 1 DAGs
[2024-01-13T10:56:31.868+0200] {logging_mixin.py:188} INFO - [2024-01-13T10:56:31.868+0200] {dag.py:3820} INFO - Setting next_dagrun for example_params_trigger_ui to None, run_after=None
[2024-01-13T10:56:31.886+0200] {processor.py:183} INFO - Processing /Library/Frameworks/Python.framework/Versions/3.10/lib/python3.10/site-packages/airflow/example_dags/example_params_trigger_ui.py took 0.238 seconds
[2024-01-13T11:00:21.031+0200] {processor.py:161} INFO - Started process (PID=25762) to work on /Library/Frameworks/Python.framework/Versions/3.10/lib/python3.10/site-packages/airflow/example_dags/example_params_trigger_ui.py
[2024-01-13T11:00:21.035+0200] {processor.py:830} INFO - Processing file /Library/Frameworks/Python.framework/Versions/3.10/lib/python3.10/site-packages/airflow/example_dags/example_params_trigger_ui.py for tasks to queue
[2024-01-13T11:00:21.035+0200] {logging_mixin.py:188} INFO - [2024-01-13T11:00:21.035+0200] {dagbag.py:538} INFO - Filling up the DagBag from /Library/Frameworks/Python.framework/Versions/3.10/lib/python3.10/site-packages/airflow/example_dags/example_params_trigger_ui.py
[2024-01-13T11:00:21.129+0200] {processor.py:840} INFO - DAG(s) 'example_params_trigger_ui' retrieved from /Library/Frameworks/Python.framework/Versions/3.10/lib/python3.10/site-packages/airflow/example_dags/example_params_trigger_ui.py
[2024-01-13T11:00:21.248+0200] {logging_mixin.py:188} INFO - [2024-01-13T11:00:21.247+0200] {dag.py:3033} INFO - Sync 1 DAGs
[2024-01-13T11:00:21.255+0200] {logging_mixin.py:188} INFO - [2024-01-13T11:00:21.255+0200] {dag.py:3820} INFO - Setting next_dagrun for example_params_trigger_ui to None, run_after=None
[2024-01-13T11:00:21.273+0200] {processor.py:183} INFO - Processing /Library/Frameworks/Python.framework/Versions/3.10/lib/python3.10/site-packages/airflow/example_dags/example_params_trigger_ui.py took 0.244 seconds
[2024-01-13T11:04:08.359+0200] {processor.py:161} INFO - Started process (PID=25920) to work on /Library/Frameworks/Python.framework/Versions/3.10/lib/python3.10/site-packages/airflow/example_dags/example_params_trigger_ui.py
[2024-01-13T11:04:08.362+0200] {processor.py:830} INFO - Processing file /Library/Frameworks/Python.framework/Versions/3.10/lib/python3.10/site-packages/airflow/example_dags/example_params_trigger_ui.py for tasks to queue
[2024-01-13T11:04:08.363+0200] {logging_mixin.py:188} INFO - [2024-01-13T11:04:08.363+0200] {dagbag.py:538} INFO - Filling up the DagBag from /Library/Frameworks/Python.framework/Versions/3.10/lib/python3.10/site-packages/airflow/example_dags/example_params_trigger_ui.py
[2024-01-13T11:04:08.449+0200] {processor.py:840} INFO - DAG(s) 'example_params_trigger_ui' retrieved from /Library/Frameworks/Python.framework/Versions/3.10/lib/python3.10/site-packages/airflow/example_dags/example_params_trigger_ui.py
[2024-01-13T11:04:08.560+0200] {logging_mixin.py:188} INFO - [2024-01-13T11:04:08.560+0200] {dag.py:3033} INFO - Sync 1 DAGs
[2024-01-13T11:04:08.567+0200] {logging_mixin.py:188} INFO - [2024-01-13T11:04:08.567+0200] {dag.py:3820} INFO - Setting next_dagrun for example_params_trigger_ui to None, run_after=None
[2024-01-13T11:04:08.586+0200] {processor.py:183} INFO - Processing /Library/Frameworks/Python.framework/Versions/3.10/lib/python3.10/site-packages/airflow/example_dags/example_params_trigger_ui.py took 0.228 seconds
[2024-01-13T11:08:04.410+0200] {processor.py:161} INFO - Started process (PID=26195) to work on /Library/Frameworks/Python.framework/Versions/3.10/lib/python3.10/site-packages/airflow/example_dags/example_params_trigger_ui.py
[2024-01-13T11:08:04.414+0200] {processor.py:830} INFO - Processing file /Library/Frameworks/Python.framework/Versions/3.10/lib/python3.10/site-packages/airflow/example_dags/example_params_trigger_ui.py for tasks to queue
[2024-01-13T11:08:04.415+0200] {logging_mixin.py:188} INFO - [2024-01-13T11:08:04.415+0200] {dagbag.py:538} INFO - Filling up the DagBag from /Library/Frameworks/Python.framework/Versions/3.10/lib/python3.10/site-packages/airflow/example_dags/example_params_trigger_ui.py
[2024-01-13T11:08:04.510+0200] {processor.py:840} INFO - DAG(s) 'example_params_trigger_ui' retrieved from /Library/Frameworks/Python.framework/Versions/3.10/lib/python3.10/site-packages/airflow/example_dags/example_params_trigger_ui.py
[2024-01-13T11:08:04.645+0200] {logging_mixin.py:188} INFO - [2024-01-13T11:08:04.645+0200] {dag.py:3033} INFO - Sync 1 DAGs
[2024-01-13T11:08:04.653+0200] {logging_mixin.py:188} INFO - [2024-01-13T11:08:04.653+0200] {dag.py:3820} INFO - Setting next_dagrun for example_params_trigger_ui to None, run_after=None
[2024-01-13T11:08:04.672+0200] {processor.py:183} INFO - Processing /Library/Frameworks/Python.framework/Versions/3.10/lib/python3.10/site-packages/airflow/example_dags/example_params_trigger_ui.py took 0.264 seconds
[2024-01-13T11:10:05.942+0200] {processor.py:161} INFO - Started process (PID=26279) to work on /Library/Frameworks/Python.framework/Versions/3.10/lib/python3.10/site-packages/airflow/example_dags/example_params_trigger_ui.py
[2024-01-13T11:10:05.946+0200] {processor.py:830} INFO - Processing file /Library/Frameworks/Python.framework/Versions/3.10/lib/python3.10/site-packages/airflow/example_dags/example_params_trigger_ui.py for tasks to queue
[2024-01-13T11:10:05.947+0200] {logging_mixin.py:188} INFO - [2024-01-13T11:10:05.946+0200] {dagbag.py:538} INFO - Filling up the DagBag from /Library/Frameworks/Python.framework/Versions/3.10/lib/python3.10/site-packages/airflow/example_dags/example_params_trigger_ui.py
[2024-01-13T11:10:06.038+0200] {processor.py:840} INFO - DAG(s) 'example_params_trigger_ui' retrieved from /Library/Frameworks/Python.framework/Versions/3.10/lib/python3.10/site-packages/airflow/example_dags/example_params_trigger_ui.py
[2024-01-13T11:10:06.148+0200] {logging_mixin.py:188} INFO - [2024-01-13T11:10:06.148+0200] {dag.py:3033} INFO - Sync 1 DAGs
[2024-01-13T11:10:06.156+0200] {logging_mixin.py:188} INFO - [2024-01-13T11:10:06.156+0200] {dag.py:3820} INFO - Setting next_dagrun for example_params_trigger_ui to None, run_after=None
[2024-01-13T11:10:06.173+0200] {processor.py:183} INFO - Processing /Library/Frameworks/Python.framework/Versions/3.10/lib/python3.10/site-packages/airflow/example_dags/example_params_trigger_ui.py took 0.233 seconds
[2024-01-13T11:13:55.097+0200] {processor.py:161} INFO - Started process (PID=26524) to work on /Library/Frameworks/Python.framework/Versions/3.10/lib/python3.10/site-packages/airflow/example_dags/example_params_trigger_ui.py
[2024-01-13T11:13:55.101+0200] {processor.py:830} INFO - Processing file /Library/Frameworks/Python.framework/Versions/3.10/lib/python3.10/site-packages/airflow/example_dags/example_params_trigger_ui.py for tasks to queue
[2024-01-13T11:13:55.102+0200] {logging_mixin.py:188} INFO - [2024-01-13T11:13:55.102+0200] {dagbag.py:538} INFO - Filling up the DagBag from /Library/Frameworks/Python.framework/Versions/3.10/lib/python3.10/site-packages/airflow/example_dags/example_params_trigger_ui.py
[2024-01-13T11:13:55.193+0200] {processor.py:840} INFO - DAG(s) 'example_params_trigger_ui' retrieved from /Library/Frameworks/Python.framework/Versions/3.10/lib/python3.10/site-packages/airflow/example_dags/example_params_trigger_ui.py
[2024-01-13T11:13:55.303+0200] {logging_mixin.py:188} INFO - [2024-01-13T11:13:55.302+0200] {dag.py:3033} INFO - Sync 1 DAGs
[2024-01-13T11:13:55.310+0200] {logging_mixin.py:188} INFO - [2024-01-13T11:13:55.310+0200] {dag.py:3820} INFO - Setting next_dagrun for example_params_trigger_ui to None, run_after=None
[2024-01-13T11:13:55.328+0200] {processor.py:183} INFO - Processing /Library/Frameworks/Python.framework/Versions/3.10/lib/python3.10/site-packages/airflow/example_dags/example_params_trigger_ui.py took 0.233 seconds
[2024-01-13T11:17:49.946+0200] {processor.py:161} INFO - Started process (PID=26701) to work on /Library/Frameworks/Python.framework/Versions/3.10/lib/python3.10/site-packages/airflow/example_dags/example_params_trigger_ui.py
[2024-01-13T11:17:49.950+0200] {processor.py:830} INFO - Processing file /Library/Frameworks/Python.framework/Versions/3.10/lib/python3.10/site-packages/airflow/example_dags/example_params_trigger_ui.py for tasks to queue
[2024-01-13T11:17:49.951+0200] {logging_mixin.py:188} INFO - [2024-01-13T11:17:49.951+0200] {dagbag.py:538} INFO - Filling up the DagBag from /Library/Frameworks/Python.framework/Versions/3.10/lib/python3.10/site-packages/airflow/example_dags/example_params_trigger_ui.py
[2024-01-13T11:17:50.043+0200] {processor.py:840} INFO - DAG(s) 'example_params_trigger_ui' retrieved from /Library/Frameworks/Python.framework/Versions/3.10/lib/python3.10/site-packages/airflow/example_dags/example_params_trigger_ui.py
[2024-01-13T11:17:50.165+0200] {logging_mixin.py:188} INFO - [2024-01-13T11:17:50.164+0200] {dag.py:3033} INFO - Sync 1 DAGs
[2024-01-13T11:17:50.172+0200] {logging_mixin.py:188} INFO - [2024-01-13T11:17:50.172+0200] {dag.py:3820} INFO - Setting next_dagrun for example_params_trigger_ui to None, run_after=None
[2024-01-13T11:17:50.189+0200] {processor.py:183} INFO - Processing /Library/Frameworks/Python.framework/Versions/3.10/lib/python3.10/site-packages/airflow/example_dags/example_params_trigger_ui.py took 0.245 seconds
[2024-01-13T11:21:45.651+0200] {processor.py:161} INFO - Started process (PID=27012) to work on /Library/Frameworks/Python.framework/Versions/3.10/lib/python3.10/site-packages/airflow/example_dags/example_params_trigger_ui.py
[2024-01-13T11:21:45.656+0200] {processor.py:830} INFO - Processing file /Library/Frameworks/Python.framework/Versions/3.10/lib/python3.10/site-packages/airflow/example_dags/example_params_trigger_ui.py for tasks to queue
[2024-01-13T11:21:45.658+0200] {logging_mixin.py:188} INFO - [2024-01-13T11:21:45.657+0200] {dagbag.py:538} INFO - Filling up the DagBag from /Library/Frameworks/Python.framework/Versions/3.10/lib/python3.10/site-packages/airflow/example_dags/example_params_trigger_ui.py
[2024-01-13T11:21:45.748+0200] {processor.py:840} INFO - DAG(s) 'example_params_trigger_ui' retrieved from /Library/Frameworks/Python.framework/Versions/3.10/lib/python3.10/site-packages/airflow/example_dags/example_params_trigger_ui.py
[2024-01-13T11:21:45.866+0200] {logging_mixin.py:188} INFO - [2024-01-13T11:21:45.866+0200] {dag.py:3033} INFO - Sync 1 DAGs
[2024-01-13T11:21:45.874+0200] {logging_mixin.py:188} INFO - [2024-01-13T11:21:45.874+0200] {dag.py:3820} INFO - Setting next_dagrun for example_params_trigger_ui to None, run_after=None
[2024-01-13T11:21:45.893+0200] {processor.py:183} INFO - Processing /Library/Frameworks/Python.framework/Versions/3.10/lib/python3.10/site-packages/airflow/example_dags/example_params_trigger_ui.py took 0.244 seconds
[2024-01-13T11:25:40.121+0200] {processor.py:161} INFO - Started process (PID=27273) to work on /Library/Frameworks/Python.framework/Versions/3.10/lib/python3.10/site-packages/airflow/example_dags/example_params_trigger_ui.py
[2024-01-13T11:25:40.126+0200] {processor.py:830} INFO - Processing file /Library/Frameworks/Python.framework/Versions/3.10/lib/python3.10/site-packages/airflow/example_dags/example_params_trigger_ui.py for tasks to queue
[2024-01-13T11:25:40.127+0200] {logging_mixin.py:188} INFO - [2024-01-13T11:25:40.126+0200] {dagbag.py:538} INFO - Filling up the DagBag from /Library/Frameworks/Python.framework/Versions/3.10/lib/python3.10/site-packages/airflow/example_dags/example_params_trigger_ui.py
[2024-01-13T11:25:40.215+0200] {processor.py:840} INFO - DAG(s) 'example_params_trigger_ui' retrieved from /Library/Frameworks/Python.framework/Versions/3.10/lib/python3.10/site-packages/airflow/example_dags/example_params_trigger_ui.py
[2024-01-13T11:25:40.324+0200] {logging_mixin.py:188} INFO - [2024-01-13T11:25:40.324+0200] {dag.py:3033} INFO - Sync 1 DAGs
[2024-01-13T11:25:40.331+0200] {logging_mixin.py:188} INFO - [2024-01-13T11:25:40.331+0200] {dag.py:3820} INFO - Setting next_dagrun for example_params_trigger_ui to None, run_after=None
[2024-01-13T11:25:40.349+0200] {processor.py:183} INFO - Processing /Library/Frameworks/Python.framework/Versions/3.10/lib/python3.10/site-packages/airflow/example_dags/example_params_trigger_ui.py took 0.229 seconds
[2024-01-13T11:29:29.899+0200] {processor.py:161} INFO - Started process (PID=27436) to work on /Library/Frameworks/Python.framework/Versions/3.10/lib/python3.10/site-packages/airflow/example_dags/example_params_trigger_ui.py
[2024-01-13T11:29:29.903+0200] {processor.py:830} INFO - Processing file /Library/Frameworks/Python.framework/Versions/3.10/lib/python3.10/site-packages/airflow/example_dags/example_params_trigger_ui.py for tasks to queue
[2024-01-13T11:29:29.904+0200] {logging_mixin.py:188} INFO - [2024-01-13T11:29:29.904+0200] {dagbag.py:538} INFO - Filling up the DagBag from /Library/Frameworks/Python.framework/Versions/3.10/lib/python3.10/site-packages/airflow/example_dags/example_params_trigger_ui.py
[2024-01-13T11:29:29.997+0200] {processor.py:840} INFO - DAG(s) 'example_params_trigger_ui' retrieved from /Library/Frameworks/Python.framework/Versions/3.10/lib/python3.10/site-packages/airflow/example_dags/example_params_trigger_ui.py
[2024-01-13T11:29:30.110+0200] {logging_mixin.py:188} INFO - [2024-01-13T11:29:30.110+0200] {dag.py:3033} INFO - Sync 1 DAGs
[2024-01-13T11:29:30.117+0200] {logging_mixin.py:188} INFO - [2024-01-13T11:29:30.117+0200] {dag.py:3820} INFO - Setting next_dagrun for example_params_trigger_ui to None, run_after=None
[2024-01-13T11:29:30.135+0200] {processor.py:183} INFO - Processing /Library/Frameworks/Python.framework/Versions/3.10/lib/python3.10/site-packages/airflow/example_dags/example_params_trigger_ui.py took 0.238 seconds
[2024-01-13T11:33:23.190+0200] {processor.py:161} INFO - Started process (PID=27679) to work on /Library/Frameworks/Python.framework/Versions/3.10/lib/python3.10/site-packages/airflow/example_dags/example_params_trigger_ui.py
[2024-01-13T11:33:23.195+0200] {processor.py:830} INFO - Processing file /Library/Frameworks/Python.framework/Versions/3.10/lib/python3.10/site-packages/airflow/example_dags/example_params_trigger_ui.py for tasks to queue
[2024-01-13T11:33:23.195+0200] {logging_mixin.py:188} INFO - [2024-01-13T11:33:23.195+0200] {dagbag.py:538} INFO - Filling up the DagBag from /Library/Frameworks/Python.framework/Versions/3.10/lib/python3.10/site-packages/airflow/example_dags/example_params_trigger_ui.py
[2024-01-13T11:33:23.288+0200] {processor.py:840} INFO - DAG(s) 'example_params_trigger_ui' retrieved from /Library/Frameworks/Python.framework/Versions/3.10/lib/python3.10/site-packages/airflow/example_dags/example_params_trigger_ui.py
[2024-01-13T11:33:23.398+0200] {logging_mixin.py:188} INFO - [2024-01-13T11:33:23.398+0200] {dag.py:3033} INFO - Sync 1 DAGs
[2024-01-13T11:33:23.405+0200] {logging_mixin.py:188} INFO - [2024-01-13T11:33:23.405+0200] {dag.py:3820} INFO - Setting next_dagrun for example_params_trigger_ui to None, run_after=None
[2024-01-13T11:33:23.423+0200] {processor.py:183} INFO - Processing /Library/Frameworks/Python.framework/Versions/3.10/lib/python3.10/site-packages/airflow/example_dags/example_params_trigger_ui.py took 0.235 seconds
[2024-01-13T11:37:33.009+0200] {processor.py:161} INFO - Started process (PID=29228) to work on /Library/Frameworks/Python.framework/Versions/3.10/lib/python3.10/site-packages/airflow/example_dags/example_params_trigger_ui.py
[2024-01-13T11:37:33.014+0200] {processor.py:830} INFO - Processing file /Library/Frameworks/Python.framework/Versions/3.10/lib/python3.10/site-packages/airflow/example_dags/example_params_trigger_ui.py for tasks to queue
[2024-01-13T11:37:33.015+0200] {logging_mixin.py:188} INFO - [2024-01-13T11:37:33.015+0200] {dagbag.py:538} INFO - Filling up the DagBag from /Library/Frameworks/Python.framework/Versions/3.10/lib/python3.10/site-packages/airflow/example_dags/example_params_trigger_ui.py
[2024-01-13T11:37:33.100+0200] {processor.py:840} INFO - DAG(s) 'example_params_trigger_ui' retrieved from /Library/Frameworks/Python.framework/Versions/3.10/lib/python3.10/site-packages/airflow/example_dags/example_params_trigger_ui.py
[2024-01-13T11:37:33.209+0200] {logging_mixin.py:188} INFO - [2024-01-13T11:37:33.209+0200] {dag.py:3033} INFO - Sync 1 DAGs
[2024-01-13T11:37:33.216+0200] {logging_mixin.py:188} INFO - [2024-01-13T11:37:33.216+0200] {dag.py:3820} INFO - Setting next_dagrun for example_params_trigger_ui to None, run_after=None
[2024-01-13T11:37:33.235+0200] {processor.py:183} INFO - Processing /Library/Frameworks/Python.framework/Versions/3.10/lib/python3.10/site-packages/airflow/example_dags/example_params_trigger_ui.py took 0.227 seconds
[2024-01-13T11:42:23.469+0200] {processor.py:161} INFO - Started process (PID=29641) to work on /Library/Frameworks/Python.framework/Versions/3.10/lib/python3.10/site-packages/airflow/example_dags/example_params_trigger_ui.py
[2024-01-13T11:42:23.479+0200] {processor.py:830} INFO - Processing file /Library/Frameworks/Python.framework/Versions/3.10/lib/python3.10/site-packages/airflow/example_dags/example_params_trigger_ui.py for tasks to queue
[2024-01-13T11:42:23.480+0200] {logging_mixin.py:188} INFO - [2024-01-13T11:42:23.480+0200] {dagbag.py:538} INFO - Filling up the DagBag from /Library/Frameworks/Python.framework/Versions/3.10/lib/python3.10/site-packages/airflow/example_dags/example_params_trigger_ui.py
[2024-01-13T11:42:23.598+0200] {processor.py:840} INFO - DAG(s) 'example_params_trigger_ui' retrieved from /Library/Frameworks/Python.framework/Versions/3.10/lib/python3.10/site-packages/airflow/example_dags/example_params_trigger_ui.py
[2024-01-13T11:42:23.769+0200] {logging_mixin.py:188} INFO - [2024-01-13T11:42:23.769+0200] {dag.py:3033} INFO - Sync 1 DAGs
[2024-01-13T11:42:23.779+0200] {logging_mixin.py:188} INFO - [2024-01-13T11:42:23.779+0200] {dag.py:3820} INFO - Setting next_dagrun for example_params_trigger_ui to None, run_after=None
[2024-01-13T11:42:23.805+0200] {processor.py:183} INFO - Processing /Library/Frameworks/Python.framework/Versions/3.10/lib/python3.10/site-packages/airflow/example_dags/example_params_trigger_ui.py took 0.338 seconds
[2024-01-13T11:44:59.705+0200] {processor.py:161} INFO - Started process (PID=29857) to work on /Library/Frameworks/Python.framework/Versions/3.10/lib/python3.10/site-packages/airflow/example_dags/example_params_trigger_ui.py
[2024-01-13T11:44:59.713+0200] {processor.py:830} INFO - Processing file /Library/Frameworks/Python.framework/Versions/3.10/lib/python3.10/site-packages/airflow/example_dags/example_params_trigger_ui.py for tasks to queue
[2024-01-13T11:44:59.713+0200] {logging_mixin.py:188} INFO - [2024-01-13T11:44:59.713+0200] {dagbag.py:538} INFO - Filling up the DagBag from /Library/Frameworks/Python.framework/Versions/3.10/lib/python3.10/site-packages/airflow/example_dags/example_params_trigger_ui.py
[2024-01-13T11:44:59.804+0200] {processor.py:840} INFO - DAG(s) 'example_params_trigger_ui' retrieved from /Library/Frameworks/Python.framework/Versions/3.10/lib/python3.10/site-packages/airflow/example_dags/example_params_trigger_ui.py
[2024-01-13T11:44:59.957+0200] {logging_mixin.py:188} INFO - [2024-01-13T11:44:59.957+0200] {dag.py:3033} INFO - Sync 1 DAGs
[2024-01-13T11:44:59.966+0200] {logging_mixin.py:188} INFO - [2024-01-13T11:44:59.966+0200] {dag.py:3820} INFO - Setting next_dagrun for example_params_trigger_ui to None, run_after=None
[2024-01-13T11:44:59.987+0200] {processor.py:183} INFO - Processing /Library/Frameworks/Python.framework/Versions/3.10/lib/python3.10/site-packages/airflow/example_dags/example_params_trigger_ui.py took 0.284 seconds
[2024-01-13T11:47:38.706+0200] {processor.py:161} INFO - Started process (PID=30086) to work on /Library/Frameworks/Python.framework/Versions/3.10/lib/python3.10/site-packages/airflow/example_dags/example_params_trigger_ui.py
[2024-01-13T11:47:38.716+0200] {processor.py:830} INFO - Processing file /Library/Frameworks/Python.framework/Versions/3.10/lib/python3.10/site-packages/airflow/example_dags/example_params_trigger_ui.py for tasks to queue
[2024-01-13T11:47:38.717+0200] {logging_mixin.py:188} INFO - [2024-01-13T11:47:38.717+0200] {dagbag.py:538} INFO - Filling up the DagBag from /Library/Frameworks/Python.framework/Versions/3.10/lib/python3.10/site-packages/airflow/example_dags/example_params_trigger_ui.py
[2024-01-13T11:47:38.832+0200] {processor.py:840} INFO - DAG(s) 'example_params_trigger_ui' retrieved from /Library/Frameworks/Python.framework/Versions/3.10/lib/python3.10/site-packages/airflow/example_dags/example_params_trigger_ui.py
[2024-01-13T11:47:39.010+0200] {logging_mixin.py:188} INFO - [2024-01-13T11:47:39.010+0200] {dag.py:3033} INFO - Sync 1 DAGs
[2024-01-13T11:47:39.022+0200] {logging_mixin.py:188} INFO - [2024-01-13T11:47:39.022+0200] {dag.py:3820} INFO - Setting next_dagrun for example_params_trigger_ui to None, run_after=None
[2024-01-13T11:47:39.046+0200] {processor.py:183} INFO - Processing /Library/Frameworks/Python.framework/Versions/3.10/lib/python3.10/site-packages/airflow/example_dags/example_params_trigger_ui.py took 0.342 seconds
[2024-01-13T11:50:43.152+0200] {processor.py:161} INFO - Started process (PID=30398) to work on /Library/Frameworks/Python.framework/Versions/3.10/lib/python3.10/site-packages/airflow/example_dags/example_params_trigger_ui.py
[2024-01-13T11:50:43.163+0200] {processor.py:830} INFO - Processing file /Library/Frameworks/Python.framework/Versions/3.10/lib/python3.10/site-packages/airflow/example_dags/example_params_trigger_ui.py for tasks to queue
[2024-01-13T11:50:43.163+0200] {logging_mixin.py:188} INFO - [2024-01-13T11:50:43.163+0200] {dagbag.py:538} INFO - Filling up the DagBag from /Library/Frameworks/Python.framework/Versions/3.10/lib/python3.10/site-packages/airflow/example_dags/example_params_trigger_ui.py
[2024-01-13T11:50:43.276+0200] {processor.py:840} INFO - DAG(s) 'example_params_trigger_ui' retrieved from /Library/Frameworks/Python.framework/Versions/3.10/lib/python3.10/site-packages/airflow/example_dags/example_params_trigger_ui.py
[2024-01-13T11:50:43.470+0200] {logging_mixin.py:188} INFO - [2024-01-13T11:50:43.469+0200] {dag.py:3033} INFO - Sync 1 DAGs
[2024-01-13T11:50:43.483+0200] {logging_mixin.py:188} INFO - [2024-01-13T11:50:43.483+0200] {dag.py:3820} INFO - Setting next_dagrun for example_params_trigger_ui to None, run_after=None
[2024-01-13T11:50:43.513+0200] {processor.py:183} INFO - Processing /Library/Frameworks/Python.framework/Versions/3.10/lib/python3.10/site-packages/airflow/example_dags/example_params_trigger_ui.py took 0.363 seconds
[2024-01-13T11:54:26.243+0200] {processor.py:161} INFO - Started process (PID=31688) to work on /Library/Frameworks/Python.framework/Versions/3.10/lib/python3.10/site-packages/airflow/example_dags/example_params_trigger_ui.py
[2024-01-13T11:54:26.252+0200] {processor.py:830} INFO - Processing file /Library/Frameworks/Python.framework/Versions/3.10/lib/python3.10/site-packages/airflow/example_dags/example_params_trigger_ui.py for tasks to queue
[2024-01-13T11:54:26.253+0200] {logging_mixin.py:188} INFO - [2024-01-13T11:54:26.253+0200] {dagbag.py:538} INFO - Filling up the DagBag from /Library/Frameworks/Python.framework/Versions/3.10/lib/python3.10/site-packages/airflow/example_dags/example_params_trigger_ui.py
[2024-01-13T11:54:26.405+0200] {processor.py:840} INFO - DAG(s) 'example_params_trigger_ui' retrieved from /Library/Frameworks/Python.framework/Versions/3.10/lib/python3.10/site-packages/airflow/example_dags/example_params_trigger_ui.py
[2024-01-13T11:54:26.638+0200] {logging_mixin.py:188} INFO - [2024-01-13T11:54:26.637+0200] {dag.py:3033} INFO - Sync 1 DAGs
[2024-01-13T11:54:26.651+0200] {logging_mixin.py:188} INFO - [2024-01-13T11:54:26.651+0200] {dag.py:3820} INFO - Setting next_dagrun for example_params_trigger_ui to None, run_after=None
[2024-01-13T11:54:26.681+0200] {processor.py:183} INFO - Processing /Library/Frameworks/Python.framework/Versions/3.10/lib/python3.10/site-packages/airflow/example_dags/example_params_trigger_ui.py took 0.439 seconds
[2024-01-13T11:57:35.935+0200] {processor.py:161} INFO - Started process (PID=31962) to work on /Library/Frameworks/Python.framework/Versions/3.10/lib/python3.10/site-packages/airflow/example_dags/example_params_trigger_ui.py
[2024-01-13T11:57:35.944+0200] {processor.py:830} INFO - Processing file /Library/Frameworks/Python.framework/Versions/3.10/lib/python3.10/site-packages/airflow/example_dags/example_params_trigger_ui.py for tasks to queue
[2024-01-13T11:57:35.945+0200] {logging_mixin.py:188} INFO - [2024-01-13T11:57:35.944+0200] {dagbag.py:538} INFO - Filling up the DagBag from /Library/Frameworks/Python.framework/Versions/3.10/lib/python3.10/site-packages/airflow/example_dags/example_params_trigger_ui.py
[2024-01-13T11:57:36.079+0200] {processor.py:840} INFO - DAG(s) 'example_params_trigger_ui' retrieved from /Library/Frameworks/Python.framework/Versions/3.10/lib/python3.10/site-packages/airflow/example_dags/example_params_trigger_ui.py
[2024-01-13T11:57:36.278+0200] {logging_mixin.py:188} INFO - [2024-01-13T11:57:36.277+0200] {dag.py:3033} INFO - Sync 1 DAGs
[2024-01-13T11:57:36.292+0200] {logging_mixin.py:188} INFO - [2024-01-13T11:57:36.292+0200] {dag.py:3820} INFO - Setting next_dagrun for example_params_trigger_ui to None, run_after=None
[2024-01-13T11:57:36.326+0200] {processor.py:183} INFO - Processing /Library/Frameworks/Python.framework/Versions/3.10/lib/python3.10/site-packages/airflow/example_dags/example_params_trigger_ui.py took 0.392 seconds
[2024-01-13T12:00:56.461+0200] {processor.py:161} INFO - Started process (PID=32121) to work on /Library/Frameworks/Python.framework/Versions/3.10/lib/python3.10/site-packages/airflow/example_dags/example_params_trigger_ui.py
[2024-01-13T12:00:56.472+0200] {processor.py:830} INFO - Processing file /Library/Frameworks/Python.framework/Versions/3.10/lib/python3.10/site-packages/airflow/example_dags/example_params_trigger_ui.py for tasks to queue
[2024-01-13T12:00:56.473+0200] {logging_mixin.py:188} INFO - [2024-01-13T12:00:56.473+0200] {dagbag.py:538} INFO - Filling up the DagBag from /Library/Frameworks/Python.framework/Versions/3.10/lib/python3.10/site-packages/airflow/example_dags/example_params_trigger_ui.py
[2024-01-13T12:00:56.614+0200] {processor.py:840} INFO - DAG(s) 'example_params_trigger_ui' retrieved from /Library/Frameworks/Python.framework/Versions/3.10/lib/python3.10/site-packages/airflow/example_dags/example_params_trigger_ui.py
[2024-01-13T12:00:56.862+0200] {logging_mixin.py:188} INFO - [2024-01-13T12:00:56.861+0200] {dag.py:3033} INFO - Sync 1 DAGs
[2024-01-13T12:00:56.876+0200] {logging_mixin.py:188} INFO - [2024-01-13T12:00:56.876+0200] {dag.py:3820} INFO - Setting next_dagrun for example_params_trigger_ui to None, run_after=None
[2024-01-13T12:00:56.909+0200] {processor.py:183} INFO - Processing /Library/Frameworks/Python.framework/Versions/3.10/lib/python3.10/site-packages/airflow/example_dags/example_params_trigger_ui.py took 0.450 seconds
[2024-01-13T12:04:39.616+0200] {processor.py:161} INFO - Started process (PID=33280) to work on /Library/Frameworks/Python.framework/Versions/3.10/lib/python3.10/site-packages/airflow/example_dags/example_params_trigger_ui.py
[2024-01-13T12:04:39.627+0200] {processor.py:830} INFO - Processing file /Library/Frameworks/Python.framework/Versions/3.10/lib/python3.10/site-packages/airflow/example_dags/example_params_trigger_ui.py for tasks to queue
[2024-01-13T12:04:39.630+0200] {logging_mixin.py:188} INFO - [2024-01-13T12:04:39.628+0200] {dagbag.py:538} INFO - Filling up the DagBag from /Library/Frameworks/Python.framework/Versions/3.10/lib/python3.10/site-packages/airflow/example_dags/example_params_trigger_ui.py
[2024-01-13T12:04:39.800+0200] {processor.py:840} INFO - DAG(s) 'example_params_trigger_ui' retrieved from /Library/Frameworks/Python.framework/Versions/3.10/lib/python3.10/site-packages/airflow/example_dags/example_params_trigger_ui.py
[2024-01-13T12:04:40.298+0200] {logging_mixin.py:188} INFO - [2024-01-13T12:04:40.297+0200] {dag.py:3033} INFO - Sync 1 DAGs
[2024-01-13T12:04:40.317+0200] {logging_mixin.py:188} INFO - [2024-01-13T12:04:40.317+0200] {dag.py:3820} INFO - Setting next_dagrun for example_params_trigger_ui to None, run_after=None
[2024-01-13T12:04:40.363+0200] {processor.py:183} INFO - Processing /Library/Frameworks/Python.framework/Versions/3.10/lib/python3.10/site-packages/airflow/example_dags/example_params_trigger_ui.py took 0.749 seconds
[2024-01-13T12:07:46.837+0200] {processor.py:161} INFO - Started process (PID=33991) to work on /Library/Frameworks/Python.framework/Versions/3.10/lib/python3.10/site-packages/airflow/example_dags/example_params_trigger_ui.py
[2024-01-13T12:07:46.843+0200] {processor.py:830} INFO - Processing file /Library/Frameworks/Python.framework/Versions/3.10/lib/python3.10/site-packages/airflow/example_dags/example_params_trigger_ui.py for tasks to queue
[2024-01-13T12:07:46.843+0200] {logging_mixin.py:188} INFO - [2024-01-13T12:07:46.843+0200] {dagbag.py:538} INFO - Filling up the DagBag from /Library/Frameworks/Python.framework/Versions/3.10/lib/python3.10/site-packages/airflow/example_dags/example_params_trigger_ui.py
[2024-01-13T12:07:46.937+0200] {processor.py:840} INFO - DAG(s) 'example_params_trigger_ui' retrieved from /Library/Frameworks/Python.framework/Versions/3.10/lib/python3.10/site-packages/airflow/example_dags/example_params_trigger_ui.py
[2024-01-13T12:07:47.092+0200] {logging_mixin.py:188} INFO - [2024-01-13T12:07:47.092+0200] {dag.py:3033} INFO - Sync 1 DAGs
[2024-01-13T12:07:47.104+0200] {logging_mixin.py:188} INFO - [2024-01-13T12:07:47.103+0200] {dag.py:3820} INFO - Setting next_dagrun for example_params_trigger_ui to None, run_after=None
[2024-01-13T12:07:47.132+0200] {processor.py:183} INFO - Processing /Library/Frameworks/Python.framework/Versions/3.10/lib/python3.10/site-packages/airflow/example_dags/example_params_trigger_ui.py took 0.297 seconds
[2024-01-13T12:10:28.049+0200] {processor.py:161} INFO - Started process (PID=34098) to work on /Library/Frameworks/Python.framework/Versions/3.10/lib/python3.10/site-packages/airflow/example_dags/example_params_trigger_ui.py
[2024-01-13T12:10:28.055+0200] {processor.py:830} INFO - Processing file /Library/Frameworks/Python.framework/Versions/3.10/lib/python3.10/site-packages/airflow/example_dags/example_params_trigger_ui.py for tasks to queue
[2024-01-13T12:10:28.055+0200] {logging_mixin.py:188} INFO - [2024-01-13T12:10:28.055+0200] {dagbag.py:538} INFO - Filling up the DagBag from /Library/Frameworks/Python.framework/Versions/3.10/lib/python3.10/site-packages/airflow/example_dags/example_params_trigger_ui.py
[2024-01-13T12:10:28.148+0200] {processor.py:840} INFO - DAG(s) 'example_params_trigger_ui' retrieved from /Library/Frameworks/Python.framework/Versions/3.10/lib/python3.10/site-packages/airflow/example_dags/example_params_trigger_ui.py
[2024-01-13T12:10:28.287+0200] {logging_mixin.py:188} INFO - [2024-01-13T12:10:28.286+0200] {dag.py:3033} INFO - Sync 1 DAGs
[2024-01-13T12:10:28.295+0200] {logging_mixin.py:188} INFO - [2024-01-13T12:10:28.295+0200] {dag.py:3820} INFO - Setting next_dagrun for example_params_trigger_ui to None, run_after=None
[2024-01-13T12:10:28.317+0200] {processor.py:183} INFO - Processing /Library/Frameworks/Python.framework/Versions/3.10/lib/python3.10/site-packages/airflow/example_dags/example_params_trigger_ui.py took 0.270 seconds
[2024-01-13T12:12:51.292+0200] {processor.py:161} INFO - Started process (PID=34297) to work on /Library/Frameworks/Python.framework/Versions/3.10/lib/python3.10/site-packages/airflow/example_dags/example_params_trigger_ui.py
[2024-01-13T12:12:51.298+0200] {processor.py:830} INFO - Processing file /Library/Frameworks/Python.framework/Versions/3.10/lib/python3.10/site-packages/airflow/example_dags/example_params_trigger_ui.py for tasks to queue
[2024-01-13T12:12:51.299+0200] {logging_mixin.py:188} INFO - [2024-01-13T12:12:51.299+0200] {dagbag.py:538} INFO - Filling up the DagBag from /Library/Frameworks/Python.framework/Versions/3.10/lib/python3.10/site-packages/airflow/example_dags/example_params_trigger_ui.py
[2024-01-13T12:12:51.395+0200] {processor.py:840} INFO - DAG(s) 'example_params_trigger_ui' retrieved from /Library/Frameworks/Python.framework/Versions/3.10/lib/python3.10/site-packages/airflow/example_dags/example_params_trigger_ui.py
[2024-01-13T12:12:51.542+0200] {logging_mixin.py:188} INFO - [2024-01-13T12:12:51.542+0200] {dag.py:3033} INFO - Sync 1 DAGs
[2024-01-13T12:12:51.552+0200] {logging_mixin.py:188} INFO - [2024-01-13T12:12:51.552+0200] {dag.py:3820} INFO - Setting next_dagrun for example_params_trigger_ui to None, run_after=None
[2024-01-13T12:12:51.575+0200] {processor.py:183} INFO - Processing /Library/Frameworks/Python.framework/Versions/3.10/lib/python3.10/site-packages/airflow/example_dags/example_params_trigger_ui.py took 0.285 seconds
[2024-01-13T12:15:20.258+0200] {processor.py:161} INFO - Started process (PID=34392) to work on /Library/Frameworks/Python.framework/Versions/3.10/lib/python3.10/site-packages/airflow/example_dags/example_params_trigger_ui.py
[2024-01-13T12:15:20.264+0200] {processor.py:830} INFO - Processing file /Library/Frameworks/Python.framework/Versions/3.10/lib/python3.10/site-packages/airflow/example_dags/example_params_trigger_ui.py for tasks to queue
[2024-01-13T12:15:20.265+0200] {logging_mixin.py:188} INFO - [2024-01-13T12:15:20.264+0200] {dagbag.py:538} INFO - Filling up the DagBag from /Library/Frameworks/Python.framework/Versions/3.10/lib/python3.10/site-packages/airflow/example_dags/example_params_trigger_ui.py
[2024-01-13T12:15:20.355+0200] {processor.py:840} INFO - DAG(s) 'example_params_trigger_ui' retrieved from /Library/Frameworks/Python.framework/Versions/3.10/lib/python3.10/site-packages/airflow/example_dags/example_params_trigger_ui.py
[2024-01-13T12:15:20.489+0200] {logging_mixin.py:188} INFO - [2024-01-13T12:15:20.489+0200] {dag.py:3033} INFO - Sync 1 DAGs
[2024-01-13T12:15:20.498+0200] {logging_mixin.py:188} INFO - [2024-01-13T12:15:20.498+0200] {dag.py:3820} INFO - Setting next_dagrun for example_params_trigger_ui to None, run_after=None
[2024-01-13T12:15:20.521+0200] {processor.py:183} INFO - Processing /Library/Frameworks/Python.framework/Versions/3.10/lib/python3.10/site-packages/airflow/example_dags/example_params_trigger_ui.py took 0.265 seconds
[2024-01-13T13:26:58.901+0200] {processor.py:161} INFO - Started process (PID=35388) to work on /Library/Frameworks/Python.framework/Versions/3.10/lib/python3.10/site-packages/airflow/example_dags/example_params_trigger_ui.py
[2024-01-13T13:26:58.907+0200] {processor.py:830} INFO - Processing file /Library/Frameworks/Python.framework/Versions/3.10/lib/python3.10/site-packages/airflow/example_dags/example_params_trigger_ui.py for tasks to queue
[2024-01-13T13:26:58.908+0200] {logging_mixin.py:188} INFO - [2024-01-13T13:26:58.908+0200] {dagbag.py:538} INFO - Filling up the DagBag from /Library/Frameworks/Python.framework/Versions/3.10/lib/python3.10/site-packages/airflow/example_dags/example_params_trigger_ui.py
[2024-01-13T13:26:58.998+0200] {processor.py:840} INFO - DAG(s) 'example_params_trigger_ui' retrieved from /Library/Frameworks/Python.framework/Versions/3.10/lib/python3.10/site-packages/airflow/example_dags/example_params_trigger_ui.py
[2024-01-13T13:26:59.155+0200] {logging_mixin.py:188} INFO - [2024-01-13T13:26:59.155+0200] {dag.py:3033} INFO - Sync 1 DAGs
[2024-01-13T13:26:59.164+0200] {logging_mixin.py:188} INFO - [2024-01-13T13:26:59.164+0200] {dag.py:3820} INFO - Setting next_dagrun for example_params_trigger_ui to None, run_after=None
[2024-01-13T13:26:59.184+0200] {processor.py:183} INFO - Processing /Library/Frameworks/Python.framework/Versions/3.10/lib/python3.10/site-packages/airflow/example_dags/example_params_trigger_ui.py took 0.284 seconds
[2024-01-13T13:29:19.014+0200] {processor.py:161} INFO - Started process (PID=35496) to work on /Library/Frameworks/Python.framework/Versions/3.10/lib/python3.10/site-packages/airflow/example_dags/example_params_trigger_ui.py
[2024-01-13T13:29:19.019+0200] {processor.py:830} INFO - Processing file /Library/Frameworks/Python.framework/Versions/3.10/lib/python3.10/site-packages/airflow/example_dags/example_params_trigger_ui.py for tasks to queue
[2024-01-13T13:29:19.019+0200] {logging_mixin.py:188} INFO - [2024-01-13T13:29:19.019+0200] {dagbag.py:538} INFO - Filling up the DagBag from /Library/Frameworks/Python.framework/Versions/3.10/lib/python3.10/site-packages/airflow/example_dags/example_params_trigger_ui.py
[2024-01-13T13:29:19.119+0200] {processor.py:840} INFO - DAG(s) 'example_params_trigger_ui' retrieved from /Library/Frameworks/Python.framework/Versions/3.10/lib/python3.10/site-packages/airflow/example_dags/example_params_trigger_ui.py
[2024-01-13T13:29:19.254+0200] {logging_mixin.py:188} INFO - [2024-01-13T13:29:19.254+0200] {dag.py:3033} INFO - Sync 1 DAGs
[2024-01-13T13:29:19.263+0200] {logging_mixin.py:188} INFO - [2024-01-13T13:29:19.263+0200] {dag.py:3820} INFO - Setting next_dagrun for example_params_trigger_ui to None, run_after=None
[2024-01-13T13:29:19.283+0200] {processor.py:183} INFO - Processing /Library/Frameworks/Python.framework/Versions/3.10/lib/python3.10/site-packages/airflow/example_dags/example_params_trigger_ui.py took 0.271 seconds
[2024-01-13T13:31:27.306+0200] {processor.py:161} INFO - Started process (PID=35583) to work on /Library/Frameworks/Python.framework/Versions/3.10/lib/python3.10/site-packages/airflow/example_dags/example_params_trigger_ui.py
[2024-01-13T13:31:27.311+0200] {processor.py:830} INFO - Processing file /Library/Frameworks/Python.framework/Versions/3.10/lib/python3.10/site-packages/airflow/example_dags/example_params_trigger_ui.py for tasks to queue
[2024-01-13T13:31:27.312+0200] {logging_mixin.py:188} INFO - [2024-01-13T13:31:27.312+0200] {dagbag.py:538} INFO - Filling up the DagBag from /Library/Frameworks/Python.framework/Versions/3.10/lib/python3.10/site-packages/airflow/example_dags/example_params_trigger_ui.py
[2024-01-13T13:31:27.396+0200] {processor.py:840} INFO - DAG(s) 'example_params_trigger_ui' retrieved from /Library/Frameworks/Python.framework/Versions/3.10/lib/python3.10/site-packages/airflow/example_dags/example_params_trigger_ui.py
[2024-01-13T13:31:27.524+0200] {logging_mixin.py:188} INFO - [2024-01-13T13:31:27.523+0200] {dag.py:3033} INFO - Sync 1 DAGs
[2024-01-13T13:31:27.532+0200] {logging_mixin.py:188} INFO - [2024-01-13T13:31:27.532+0200] {dag.py:3820} INFO - Setting next_dagrun for example_params_trigger_ui to None, run_after=None
[2024-01-13T13:31:27.552+0200] {processor.py:183} INFO - Processing /Library/Frameworks/Python.framework/Versions/3.10/lib/python3.10/site-packages/airflow/example_dags/example_params_trigger_ui.py took 0.248 seconds
[2024-01-13T15:17:52.973+0200] {processor.py:161} INFO - Started process (PID=42746) to work on /Library/Frameworks/Python.framework/Versions/3.10/lib/python3.10/site-packages/airflow/example_dags/example_params_trigger_ui.py
[2024-01-13T15:17:52.980+0200] {processor.py:830} INFO - Processing file /Library/Frameworks/Python.framework/Versions/3.10/lib/python3.10/site-packages/airflow/example_dags/example_params_trigger_ui.py for tasks to queue
[2024-01-13T15:17:52.981+0200] {logging_mixin.py:188} INFO - [2024-01-13T15:17:52.981+0200] {dagbag.py:538} INFO - Filling up the DagBag from /Library/Frameworks/Python.framework/Versions/3.10/lib/python3.10/site-packages/airflow/example_dags/example_params_trigger_ui.py
[2024-01-13T15:17:53.072+0200] {processor.py:840} INFO - DAG(s) 'example_params_trigger_ui' retrieved from /Library/Frameworks/Python.framework/Versions/3.10/lib/python3.10/site-packages/airflow/example_dags/example_params_trigger_ui.py
[2024-01-13T15:17:53.297+0200] {logging_mixin.py:188} INFO - [2024-01-13T15:17:53.296+0200] {dag.py:3033} INFO - Sync 1 DAGs
[2024-01-13T15:17:53.304+0200] {logging_mixin.py:188} INFO - [2024-01-13T15:17:53.304+0200] {dag.py:3820} INFO - Setting next_dagrun for example_params_trigger_ui to None, run_after=None
[2024-01-13T15:17:53.324+0200] {processor.py:183} INFO - Processing /Library/Frameworks/Python.framework/Versions/3.10/lib/python3.10/site-packages/airflow/example_dags/example_params_trigger_ui.py took 0.352 seconds
[2024-01-13T15:20:36.948+0200] {processor.py:161} INFO - Started process (PID=42865) to work on /Library/Frameworks/Python.framework/Versions/3.10/lib/python3.10/site-packages/airflow/example_dags/example_params_trigger_ui.py
[2024-01-13T15:20:36.952+0200] {processor.py:830} INFO - Processing file /Library/Frameworks/Python.framework/Versions/3.10/lib/python3.10/site-packages/airflow/example_dags/example_params_trigger_ui.py for tasks to queue
[2024-01-13T15:20:36.953+0200] {logging_mixin.py:188} INFO - [2024-01-13T15:20:36.953+0200] {dagbag.py:538} INFO - Filling up the DagBag from /Library/Frameworks/Python.framework/Versions/3.10/lib/python3.10/site-packages/airflow/example_dags/example_params_trigger_ui.py
[2024-01-13T15:20:37.071+0200] {processor.py:840} INFO - DAG(s) 'example_params_trigger_ui' retrieved from /Library/Frameworks/Python.framework/Versions/3.10/lib/python3.10/site-packages/airflow/example_dags/example_params_trigger_ui.py
[2024-01-13T15:20:37.212+0200] {logging_mixin.py:188} INFO - [2024-01-13T15:20:37.212+0200] {dag.py:3033} INFO - Sync 1 DAGs
[2024-01-13T15:20:37.220+0200] {logging_mixin.py:188} INFO - [2024-01-13T15:20:37.219+0200] {dag.py:3820} INFO - Setting next_dagrun for example_params_trigger_ui to None, run_after=None
[2024-01-13T15:20:37.240+0200] {processor.py:183} INFO - Processing /Library/Frameworks/Python.framework/Versions/3.10/lib/python3.10/site-packages/airflow/example_dags/example_params_trigger_ui.py took 0.294 seconds
[2024-01-13T15:23:01.083+0200] {processor.py:161} INFO - Started process (PID=42982) to work on /Library/Frameworks/Python.framework/Versions/3.10/lib/python3.10/site-packages/airflow/example_dags/example_params_trigger_ui.py
[2024-01-13T15:23:01.089+0200] {processor.py:830} INFO - Processing file /Library/Frameworks/Python.framework/Versions/3.10/lib/python3.10/site-packages/airflow/example_dags/example_params_trigger_ui.py for tasks to queue
[2024-01-13T15:23:01.090+0200] {logging_mixin.py:188} INFO - [2024-01-13T15:23:01.090+0200] {dagbag.py:538} INFO - Filling up the DagBag from /Library/Frameworks/Python.framework/Versions/3.10/lib/python3.10/site-packages/airflow/example_dags/example_params_trigger_ui.py
[2024-01-13T15:23:01.183+0200] {processor.py:840} INFO - DAG(s) 'example_params_trigger_ui' retrieved from /Library/Frameworks/Python.framework/Versions/3.10/lib/python3.10/site-packages/airflow/example_dags/example_params_trigger_ui.py
[2024-01-13T15:23:01.304+0200] {logging_mixin.py:188} INFO - [2024-01-13T15:23:01.304+0200] {dag.py:3033} INFO - Sync 1 DAGs
[2024-01-13T15:23:01.312+0200] {logging_mixin.py:188} INFO - [2024-01-13T15:23:01.312+0200] {dag.py:3820} INFO - Setting next_dagrun for example_params_trigger_ui to None, run_after=None
[2024-01-13T15:23:01.331+0200] {processor.py:183} INFO - Processing /Library/Frameworks/Python.framework/Versions/3.10/lib/python3.10/site-packages/airflow/example_dags/example_params_trigger_ui.py took 0.250 seconds
[2024-01-13T15:25:27.381+0200] {processor.py:161} INFO - Started process (PID=43142) to work on /Library/Frameworks/Python.framework/Versions/3.10/lib/python3.10/site-packages/airflow/example_dags/example_params_trigger_ui.py
[2024-01-13T15:25:27.392+0200] {processor.py:830} INFO - Processing file /Library/Frameworks/Python.framework/Versions/3.10/lib/python3.10/site-packages/airflow/example_dags/example_params_trigger_ui.py for tasks to queue
[2024-01-13T15:25:27.393+0200] {logging_mixin.py:188} INFO - [2024-01-13T15:25:27.393+0200] {dagbag.py:538} INFO - Filling up the DagBag from /Library/Frameworks/Python.framework/Versions/3.10/lib/python3.10/site-packages/airflow/example_dags/example_params_trigger_ui.py
[2024-01-13T15:25:27.534+0200] {processor.py:840} INFO - DAG(s) 'example_params_trigger_ui' retrieved from /Library/Frameworks/Python.framework/Versions/3.10/lib/python3.10/site-packages/airflow/example_dags/example_params_trigger_ui.py
[2024-01-13T15:25:27.791+0200] {logging_mixin.py:188} INFO - [2024-01-13T15:25:27.791+0200] {dag.py:3033} INFO - Sync 1 DAGs
[2024-01-13T15:25:27.806+0200] {logging_mixin.py:188} INFO - [2024-01-13T15:25:27.806+0200] {dag.py:3820} INFO - Setting next_dagrun for example_params_trigger_ui to None, run_after=None
[2024-01-13T15:25:27.844+0200] {processor.py:183} INFO - Processing /Library/Frameworks/Python.framework/Versions/3.10/lib/python3.10/site-packages/airflow/example_dags/example_params_trigger_ui.py took 0.464 seconds
[2024-01-13T15:28:04.697+0200] {processor.py:161} INFO - Started process (PID=43345) to work on /Library/Frameworks/Python.framework/Versions/3.10/lib/python3.10/site-packages/airflow/example_dags/example_params_trigger_ui.py
[2024-01-13T15:28:04.703+0200] {processor.py:830} INFO - Processing file /Library/Frameworks/Python.framework/Versions/3.10/lib/python3.10/site-packages/airflow/example_dags/example_params_trigger_ui.py for tasks to queue
[2024-01-13T15:28:04.704+0200] {logging_mixin.py:188} INFO - [2024-01-13T15:28:04.704+0200] {dagbag.py:538} INFO - Filling up the DagBag from /Library/Frameworks/Python.framework/Versions/3.10/lib/python3.10/site-packages/airflow/example_dags/example_params_trigger_ui.py
[2024-01-13T15:28:04.803+0200] {processor.py:840} INFO - DAG(s) 'example_params_trigger_ui' retrieved from /Library/Frameworks/Python.framework/Versions/3.10/lib/python3.10/site-packages/airflow/example_dags/example_params_trigger_ui.py
[2024-01-13T15:28:04.934+0200] {logging_mixin.py:188} INFO - [2024-01-13T15:28:04.933+0200] {dag.py:3033} INFO - Sync 1 DAGs
[2024-01-13T15:28:04.942+0200] {logging_mixin.py:188} INFO - [2024-01-13T15:28:04.942+0200] {dag.py:3820} INFO - Setting next_dagrun for example_params_trigger_ui to None, run_after=None
[2024-01-13T15:28:04.962+0200] {processor.py:183} INFO - Processing /Library/Frameworks/Python.framework/Versions/3.10/lib/python3.10/site-packages/airflow/example_dags/example_params_trigger_ui.py took 0.266 seconds
[2024-01-13T15:33:28.465+0200] {processor.py:161} INFO - Started process (PID=43715) to work on /Library/Frameworks/Python.framework/Versions/3.10/lib/python3.10/site-packages/airflow/example_dags/example_params_trigger_ui.py
[2024-01-13T15:33:28.469+0200] {processor.py:830} INFO - Processing file /Library/Frameworks/Python.framework/Versions/3.10/lib/python3.10/site-packages/airflow/example_dags/example_params_trigger_ui.py for tasks to queue
[2024-01-13T15:33:28.470+0200] {logging_mixin.py:188} INFO - [2024-01-13T15:33:28.470+0200] {dagbag.py:538} INFO - Filling up the DagBag from /Library/Frameworks/Python.framework/Versions/3.10/lib/python3.10/site-packages/airflow/example_dags/example_params_trigger_ui.py
[2024-01-13T15:33:28.563+0200] {processor.py:840} INFO - DAG(s) 'example_params_trigger_ui' retrieved from /Library/Frameworks/Python.framework/Versions/3.10/lib/python3.10/site-packages/airflow/example_dags/example_params_trigger_ui.py
[2024-01-13T15:33:28.764+0200] {logging_mixin.py:188} INFO - [2024-01-13T15:33:28.764+0200] {dag.py:3033} INFO - Sync 1 DAGs
[2024-01-13T15:33:28.771+0200] {logging_mixin.py:188} INFO - [2024-01-13T15:33:28.771+0200] {dag.py:3820} INFO - Setting next_dagrun for example_params_trigger_ui to None, run_after=None
[2024-01-13T15:33:28.789+0200] {processor.py:183} INFO - Processing /Library/Frameworks/Python.framework/Versions/3.10/lib/python3.10/site-packages/airflow/example_dags/example_params_trigger_ui.py took 0.326 seconds
[2024-01-13T15:36:34.429+0200] {processor.py:161} INFO - Started process (PID=43909) to work on /Library/Frameworks/Python.framework/Versions/3.10/lib/python3.10/site-packages/airflow/example_dags/example_params_trigger_ui.py
[2024-01-13T15:36:34.434+0200] {processor.py:830} INFO - Processing file /Library/Frameworks/Python.framework/Versions/3.10/lib/python3.10/site-packages/airflow/example_dags/example_params_trigger_ui.py for tasks to queue
[2024-01-13T15:36:34.435+0200] {logging_mixin.py:188} INFO - [2024-01-13T15:36:34.435+0200] {dagbag.py:538} INFO - Filling up the DagBag from /Library/Frameworks/Python.framework/Versions/3.10/lib/python3.10/site-packages/airflow/example_dags/example_params_trigger_ui.py
[2024-01-13T15:36:34.530+0200] {processor.py:840} INFO - DAG(s) 'example_params_trigger_ui' retrieved from /Library/Frameworks/Python.framework/Versions/3.10/lib/python3.10/site-packages/airflow/example_dags/example_params_trigger_ui.py
[2024-01-13T15:36:34.742+0200] {logging_mixin.py:188} INFO - [2024-01-13T15:36:34.741+0200] {dag.py:3033} INFO - Sync 1 DAGs
[2024-01-13T15:36:34.749+0200] {logging_mixin.py:188} INFO - [2024-01-13T15:36:34.749+0200] {dag.py:3820} INFO - Setting next_dagrun for example_params_trigger_ui to None, run_after=None
[2024-01-13T15:36:34.767+0200] {processor.py:183} INFO - Processing /Library/Frameworks/Python.framework/Versions/3.10/lib/python3.10/site-packages/airflow/example_dags/example_params_trigger_ui.py took 0.340 seconds
[2024-01-13T15:40:10.736+0200] {processor.py:161} INFO - Started process (PID=44153) to work on /Library/Frameworks/Python.framework/Versions/3.10/lib/python3.10/site-packages/airflow/example_dags/example_params_trigger_ui.py
[2024-01-13T15:40:10.744+0200] {processor.py:830} INFO - Processing file /Library/Frameworks/Python.framework/Versions/3.10/lib/python3.10/site-packages/airflow/example_dags/example_params_trigger_ui.py for tasks to queue
[2024-01-13T15:40:10.745+0200] {logging_mixin.py:188} INFO - [2024-01-13T15:40:10.745+0200] {dagbag.py:538} INFO - Filling up the DagBag from /Library/Frameworks/Python.framework/Versions/3.10/lib/python3.10/site-packages/airflow/example_dags/example_params_trigger_ui.py
[2024-01-13T15:40:10.891+0200] {processor.py:840} INFO - DAG(s) 'example_params_trigger_ui' retrieved from /Library/Frameworks/Python.framework/Versions/3.10/lib/python3.10/site-packages/airflow/example_dags/example_params_trigger_ui.py
[2024-01-13T15:40:11.138+0200] {logging_mixin.py:188} INFO - [2024-01-13T15:40:11.138+0200] {dag.py:3033} INFO - Sync 1 DAGs
[2024-01-13T15:40:11.146+0200] {logging_mixin.py:188} INFO - [2024-01-13T15:40:11.146+0200] {dag.py:3820} INFO - Setting next_dagrun for example_params_trigger_ui to None, run_after=None
[2024-01-13T15:40:11.170+0200] {processor.py:183} INFO - Processing /Library/Frameworks/Python.framework/Versions/3.10/lib/python3.10/site-packages/airflow/example_dags/example_params_trigger_ui.py took 0.436 seconds
[2024-01-13T21:06:31.156+0200] {processor.py:161} INFO - Started process (PID=45183) to work on /Library/Frameworks/Python.framework/Versions/3.10/lib/python3.10/site-packages/airflow/example_dags/example_params_trigger_ui.py
[2024-01-13T21:06:31.165+0200] {processor.py:830} INFO - Processing file /Library/Frameworks/Python.framework/Versions/3.10/lib/python3.10/site-packages/airflow/example_dags/example_params_trigger_ui.py for tasks to queue
[2024-01-13T21:06:31.166+0200] {logging_mixin.py:188} INFO - [2024-01-13T21:06:31.166+0200] {dagbag.py:538} INFO - Filling up the DagBag from /Library/Frameworks/Python.framework/Versions/3.10/lib/python3.10/site-packages/airflow/example_dags/example_params_trigger_ui.py
[2024-01-13T21:06:31.320+0200] {processor.py:840} INFO - DAG(s) 'example_params_trigger_ui' retrieved from /Library/Frameworks/Python.framework/Versions/3.10/lib/python3.10/site-packages/airflow/example_dags/example_params_trigger_ui.py
[2024-01-13T21:06:31.661+0200] {logging_mixin.py:188} INFO - [2024-01-13T21:06:31.661+0200] {dag.py:3033} INFO - Sync 1 DAGs
[2024-01-13T21:06:31.680+0200] {logging_mixin.py:188} INFO - [2024-01-13T21:06:31.680+0200] {dag.py:3820} INFO - Setting next_dagrun for example_params_trigger_ui to None, run_after=None
[2024-01-13T21:06:31.755+0200] {processor.py:183} INFO - Processing /Library/Frameworks/Python.framework/Versions/3.10/lib/python3.10/site-packages/airflow/example_dags/example_params_trigger_ui.py took 0.600 seconds
[2024-01-14T00:33:52.800+0200] {processor.py:161} INFO - Started process (PID=45778) to work on /Library/Frameworks/Python.framework/Versions/3.10/lib/python3.10/site-packages/airflow/example_dags/example_params_trigger_ui.py
[2024-01-14T00:33:52.805+0200] {processor.py:830} INFO - Processing file /Library/Frameworks/Python.framework/Versions/3.10/lib/python3.10/site-packages/airflow/example_dags/example_params_trigger_ui.py for tasks to queue
[2024-01-14T00:33:52.806+0200] {logging_mixin.py:188} INFO - [2024-01-14T00:33:52.806+0200] {dagbag.py:538} INFO - Filling up the DagBag from /Library/Frameworks/Python.framework/Versions/3.10/lib/python3.10/site-packages/airflow/example_dags/example_params_trigger_ui.py
[2024-01-14T00:33:52.911+0200] {processor.py:840} INFO - DAG(s) 'example_params_trigger_ui' retrieved from /Library/Frameworks/Python.framework/Versions/3.10/lib/python3.10/site-packages/airflow/example_dags/example_params_trigger_ui.py
[2024-01-14T00:33:53.064+0200] {logging_mixin.py:188} INFO - [2024-01-14T00:33:53.064+0200] {dag.py:3033} INFO - Sync 1 DAGs
[2024-01-14T00:33:53.072+0200] {logging_mixin.py:188} INFO - [2024-01-14T00:33:53.072+0200] {dag.py:3820} INFO - Setting next_dagrun for example_params_trigger_ui to None, run_after=None
[2024-01-14T00:33:53.095+0200] {processor.py:183} INFO - Processing /Library/Frameworks/Python.framework/Versions/3.10/lib/python3.10/site-packages/airflow/example_dags/example_params_trigger_ui.py took 0.297 seconds
[2024-01-14T00:37:00.774+0200] {processor.py:161} INFO - Started process (PID=46286) to work on /Library/Frameworks/Python.framework/Versions/3.10/lib/python3.10/site-packages/airflow/example_dags/example_params_trigger_ui.py
[2024-01-14T00:37:00.780+0200] {processor.py:830} INFO - Processing file /Library/Frameworks/Python.framework/Versions/3.10/lib/python3.10/site-packages/airflow/example_dags/example_params_trigger_ui.py for tasks to queue
[2024-01-14T00:37:00.781+0200] {logging_mixin.py:188} INFO - [2024-01-14T00:37:00.781+0200] {dagbag.py:538} INFO - Filling up the DagBag from /Library/Frameworks/Python.framework/Versions/3.10/lib/python3.10/site-packages/airflow/example_dags/example_params_trigger_ui.py
[2024-01-14T00:37:00.881+0200] {processor.py:840} INFO - DAG(s) 'example_params_trigger_ui' retrieved from /Library/Frameworks/Python.framework/Versions/3.10/lib/python3.10/site-packages/airflow/example_dags/example_params_trigger_ui.py
[2024-01-14T00:37:01.042+0200] {logging_mixin.py:188} INFO - [2024-01-14T00:37:01.041+0200] {dag.py:3033} INFO - Sync 1 DAGs
[2024-01-14T00:37:01.051+0200] {logging_mixin.py:188} INFO - [2024-01-14T00:37:01.051+0200] {dag.py:3820} INFO - Setting next_dagrun for example_params_trigger_ui to None, run_after=None
[2024-01-14T00:37:01.075+0200] {processor.py:183} INFO - Processing /Library/Frameworks/Python.framework/Versions/3.10/lib/python3.10/site-packages/airflow/example_dags/example_params_trigger_ui.py took 0.302 seconds
[2024-01-14T00:39:30.442+0200] {processor.py:161} INFO - Started process (PID=46502) to work on /Library/Frameworks/Python.framework/Versions/3.10/lib/python3.10/site-packages/airflow/example_dags/example_params_trigger_ui.py
[2024-01-14T00:39:30.447+0200] {processor.py:830} INFO - Processing file /Library/Frameworks/Python.framework/Versions/3.10/lib/python3.10/site-packages/airflow/example_dags/example_params_trigger_ui.py for tasks to queue
[2024-01-14T00:39:30.448+0200] {logging_mixin.py:188} INFO - [2024-01-14T00:39:30.448+0200] {dagbag.py:538} INFO - Filling up the DagBag from /Library/Frameworks/Python.framework/Versions/3.10/lib/python3.10/site-packages/airflow/example_dags/example_params_trigger_ui.py
[2024-01-14T00:39:30.537+0200] {processor.py:840} INFO - DAG(s) 'example_params_trigger_ui' retrieved from /Library/Frameworks/Python.framework/Versions/3.10/lib/python3.10/site-packages/airflow/example_dags/example_params_trigger_ui.py
[2024-01-14T00:39:30.658+0200] {logging_mixin.py:188} INFO - [2024-01-14T00:39:30.658+0200] {dag.py:3033} INFO - Sync 1 DAGs
[2024-01-14T00:39:30.666+0200] {logging_mixin.py:188} INFO - [2024-01-14T00:39:30.666+0200] {dag.py:3820} INFO - Setting next_dagrun for example_params_trigger_ui to None, run_after=None
[2024-01-14T00:39:30.684+0200] {processor.py:183} INFO - Processing /Library/Frameworks/Python.framework/Versions/3.10/lib/python3.10/site-packages/airflow/example_dags/example_params_trigger_ui.py took 0.243 seconds
[2024-01-14T00:44:27.743+0200] {processor.py:161} INFO - Started process (PID=46872) to work on /Library/Frameworks/Python.framework/Versions/3.10/lib/python3.10/site-packages/airflow/example_dags/example_params_trigger_ui.py
[2024-01-14T00:44:27.747+0200] {processor.py:830} INFO - Processing file /Library/Frameworks/Python.framework/Versions/3.10/lib/python3.10/site-packages/airflow/example_dags/example_params_trigger_ui.py for tasks to queue
[2024-01-14T00:44:27.748+0200] {logging_mixin.py:188} INFO - [2024-01-14T00:44:27.748+0200] {dagbag.py:538} INFO - Filling up the DagBag from /Library/Frameworks/Python.framework/Versions/3.10/lib/python3.10/site-packages/airflow/example_dags/example_params_trigger_ui.py
[2024-01-14T00:44:27.837+0200] {processor.py:840} INFO - DAG(s) 'example_params_trigger_ui' retrieved from /Library/Frameworks/Python.framework/Versions/3.10/lib/python3.10/site-packages/airflow/example_dags/example_params_trigger_ui.py
[2024-01-14T00:44:27.952+0200] {logging_mixin.py:188} INFO - [2024-01-14T00:44:27.951+0200] {dag.py:3033} INFO - Sync 1 DAGs
[2024-01-14T00:44:27.959+0200] {logging_mixin.py:188} INFO - [2024-01-14T00:44:27.959+0200] {dag.py:3820} INFO - Setting next_dagrun for example_params_trigger_ui to None, run_after=None
[2024-01-14T00:44:27.976+0200] {processor.py:183} INFO - Processing /Library/Frameworks/Python.framework/Versions/3.10/lib/python3.10/site-packages/airflow/example_dags/example_params_trigger_ui.py took 0.235 seconds
[2024-01-14T00:47:11.492+0200] {processor.py:161} INFO - Started process (PID=47008) to work on /Library/Frameworks/Python.framework/Versions/3.10/lib/python3.10/site-packages/airflow/example_dags/example_params_trigger_ui.py
[2024-01-14T00:47:11.496+0200] {processor.py:830} INFO - Processing file /Library/Frameworks/Python.framework/Versions/3.10/lib/python3.10/site-packages/airflow/example_dags/example_params_trigger_ui.py for tasks to queue
[2024-01-14T00:47:11.497+0200] {logging_mixin.py:188} INFO - [2024-01-14T00:47:11.497+0200] {dagbag.py:538} INFO - Filling up the DagBag from /Library/Frameworks/Python.framework/Versions/3.10/lib/python3.10/site-packages/airflow/example_dags/example_params_trigger_ui.py
[2024-01-14T00:47:11.586+0200] {processor.py:840} INFO - DAG(s) 'example_params_trigger_ui' retrieved from /Library/Frameworks/Python.framework/Versions/3.10/lib/python3.10/site-packages/airflow/example_dags/example_params_trigger_ui.py
[2024-01-14T00:47:11.699+0200] {logging_mixin.py:188} INFO - [2024-01-14T00:47:11.698+0200] {dag.py:3033} INFO - Sync 1 DAGs
[2024-01-14T00:47:11.706+0200] {logging_mixin.py:188} INFO - [2024-01-14T00:47:11.706+0200] {dag.py:3820} INFO - Setting next_dagrun for example_params_trigger_ui to None, run_after=None
[2024-01-14T00:47:11.724+0200] {processor.py:183} INFO - Processing /Library/Frameworks/Python.framework/Versions/3.10/lib/python3.10/site-packages/airflow/example_dags/example_params_trigger_ui.py took 0.234 seconds
[2024-01-14T00:49:56.709+0200] {processor.py:161} INFO - Started process (PID=47165) to work on /Library/Frameworks/Python.framework/Versions/3.10/lib/python3.10/site-packages/airflow/example_dags/example_params_trigger_ui.py
[2024-01-14T00:49:56.714+0200] {processor.py:830} INFO - Processing file /Library/Frameworks/Python.framework/Versions/3.10/lib/python3.10/site-packages/airflow/example_dags/example_params_trigger_ui.py for tasks to queue
[2024-01-14T00:49:56.714+0200] {logging_mixin.py:188} INFO - [2024-01-14T00:49:56.714+0200] {dagbag.py:538} INFO - Filling up the DagBag from /Library/Frameworks/Python.framework/Versions/3.10/lib/python3.10/site-packages/airflow/example_dags/example_params_trigger_ui.py
[2024-01-14T00:49:56.806+0200] {processor.py:840} INFO - DAG(s) 'example_params_trigger_ui' retrieved from /Library/Frameworks/Python.framework/Versions/3.10/lib/python3.10/site-packages/airflow/example_dags/example_params_trigger_ui.py
[2024-01-14T00:49:56.932+0200] {logging_mixin.py:188} INFO - [2024-01-14T00:49:56.932+0200] {dag.py:3033} INFO - Sync 1 DAGs
[2024-01-14T00:49:56.940+0200] {logging_mixin.py:188} INFO - [2024-01-14T00:49:56.939+0200] {dag.py:3820} INFO - Setting next_dagrun for example_params_trigger_ui to None, run_after=None
[2024-01-14T00:49:56.958+0200] {processor.py:183} INFO - Processing /Library/Frameworks/Python.framework/Versions/3.10/lib/python3.10/site-packages/airflow/example_dags/example_params_trigger_ui.py took 0.250 seconds
