[2024-01-13T10:07:31.156+0200] {processor.py:161} INFO - Started process (PID=21790) to work on /Library/Frameworks/Python.framework/Versions/3.10/lib/python3.10/site-packages/airflow/example_dags/example_branch_python_dop_operator_3.py
[2024-01-13T10:07:31.160+0200] {processor.py:830} INFO - Processing file /Library/Frameworks/Python.framework/Versions/3.10/lib/python3.10/site-packages/airflow/example_dags/example_branch_python_dop_operator_3.py for tasks to queue
[2024-01-13T10:07:31.160+0200] {logging_mixin.py:188} INFO - [2024-01-13T10:07:31.160+0200] {dagbag.py:538} INFO - Filling up the DagBag from /Library/Frameworks/Python.framework/Versions/3.10/lib/python3.10/site-packages/airflow/example_dags/example_branch_python_dop_operator_3.py
[2024-01-13T10:07:31.253+0200] {processor.py:840} INFO - DAG(s) 'example_branch_dop_operator_v3' retrieved from /Library/Frameworks/Python.framework/Versions/3.10/lib/python3.10/site-packages/airflow/example_dags/example_branch_python_dop_operator_3.py
[2024-01-13T10:07:31.344+0200] {logging_mixin.py:188} INFO - [2024-01-13T10:07:31.344+0200] {dag.py:3033} INFO - Sync 1 DAGs
[2024-01-13T10:07:31.360+0200] {logging_mixin.py:188} INFO - [2024-01-13T10:07:31.360+0200] {dag.py:3820} INFO - Setting next_dagrun for example_branch_dop_operator_v3 to 2024-01-13T08:06:00+00:00, run_after=2024-01-13T08:07:00+00:00
[2024-01-13T10:07:31.379+0200] {processor.py:183} INFO - Processing /Library/Frameworks/Python.framework/Versions/3.10/lib/python3.10/site-packages/airflow/example_dags/example_branch_python_dop_operator_3.py took 0.224 seconds
[2024-01-13T10:11:32.073+0200] {processor.py:161} INFO - Started process (PID=22067) to work on /Library/Frameworks/Python.framework/Versions/3.10/lib/python3.10/site-packages/airflow/example_dags/example_branch_python_dop_operator_3.py
[2024-01-13T10:11:32.078+0200] {processor.py:830} INFO - Processing file /Library/Frameworks/Python.framework/Versions/3.10/lib/python3.10/site-packages/airflow/example_dags/example_branch_python_dop_operator_3.py for tasks to queue
[2024-01-13T10:11:32.078+0200] {logging_mixin.py:188} INFO - [2024-01-13T10:11:32.078+0200] {dagbag.py:538} INFO - Filling up the DagBag from /Library/Frameworks/Python.framework/Versions/3.10/lib/python3.10/site-packages/airflow/example_dags/example_branch_python_dop_operator_3.py
[2024-01-13T10:11:32.224+0200] {processor.py:840} INFO - DAG(s) 'example_branch_dop_operator_v3' retrieved from /Library/Frameworks/Python.framework/Versions/3.10/lib/python3.10/site-packages/airflow/example_dags/example_branch_python_dop_operator_3.py
[2024-01-13T10:11:32.383+0200] {logging_mixin.py:188} INFO - [2024-01-13T10:11:32.383+0200] {dag.py:3033} INFO - Sync 1 DAGs
[2024-01-13T10:11:32.404+0200] {logging_mixin.py:188} INFO - [2024-01-13T10:11:32.404+0200] {dag.py:3820} INFO - Setting next_dagrun for example_branch_dop_operator_v3 to 2024-01-13T08:10:00+00:00, run_after=2024-01-13T08:11:00+00:00
[2024-01-13T10:11:32.426+0200] {processor.py:183} INFO - Processing /Library/Frameworks/Python.framework/Versions/3.10/lib/python3.10/site-packages/airflow/example_dags/example_branch_python_dop_operator_3.py took 0.354 seconds
[2024-01-13T10:15:53.247+0200] {processor.py:161} INFO - Started process (PID=22842) to work on /Library/Frameworks/Python.framework/Versions/3.10/lib/python3.10/site-packages/airflow/example_dags/example_branch_python_dop_operator_3.py
[2024-01-13T10:15:53.251+0200] {processor.py:830} INFO - Processing file /Library/Frameworks/Python.framework/Versions/3.10/lib/python3.10/site-packages/airflow/example_dags/example_branch_python_dop_operator_3.py for tasks to queue
[2024-01-13T10:15:53.252+0200] {logging_mixin.py:188} INFO - [2024-01-13T10:15:53.252+0200] {dagbag.py:538} INFO - Filling up the DagBag from /Library/Frameworks/Python.framework/Versions/3.10/lib/python3.10/site-packages/airflow/example_dags/example_branch_python_dop_operator_3.py
[2024-01-13T10:15:53.340+0200] {processor.py:840} INFO - DAG(s) 'example_branch_dop_operator_v3' retrieved from /Library/Frameworks/Python.framework/Versions/3.10/lib/python3.10/site-packages/airflow/example_dags/example_branch_python_dop_operator_3.py
[2024-01-13T10:15:53.428+0200] {logging_mixin.py:188} INFO - [2024-01-13T10:15:53.428+0200] {dag.py:3033} INFO - Sync 1 DAGs
[2024-01-13T10:15:53.447+0200] {logging_mixin.py:188} INFO - [2024-01-13T10:15:53.447+0200] {dag.py:3820} INFO - Setting next_dagrun for example_branch_dop_operator_v3 to 2024-01-13T08:14:00+00:00, run_after=2024-01-13T08:15:00+00:00
[2024-01-13T10:15:53.467+0200] {processor.py:183} INFO - Processing /Library/Frameworks/Python.framework/Versions/3.10/lib/python3.10/site-packages/airflow/example_dags/example_branch_python_dop_operator_3.py took 0.221 seconds
[2024-01-13T10:19:52.618+0200] {processor.py:161} INFO - Started process (PID=23440) to work on /Library/Frameworks/Python.framework/Versions/3.10/lib/python3.10/site-packages/airflow/example_dags/example_branch_python_dop_operator_3.py
[2024-01-13T10:19:52.622+0200] {processor.py:830} INFO - Processing file /Library/Frameworks/Python.framework/Versions/3.10/lib/python3.10/site-packages/airflow/example_dags/example_branch_python_dop_operator_3.py for tasks to queue
[2024-01-13T10:19:52.623+0200] {logging_mixin.py:188} INFO - [2024-01-13T10:19:52.623+0200] {dagbag.py:538} INFO - Filling up the DagBag from /Library/Frameworks/Python.framework/Versions/3.10/lib/python3.10/site-packages/airflow/example_dags/example_branch_python_dop_operator_3.py
[2024-01-13T10:19:52.712+0200] {processor.py:840} INFO - DAG(s) 'example_branch_dop_operator_v3' retrieved from /Library/Frameworks/Python.framework/Versions/3.10/lib/python3.10/site-packages/airflow/example_dags/example_branch_python_dop_operator_3.py
[2024-01-13T10:19:52.804+0200] {logging_mixin.py:188} INFO - [2024-01-13T10:19:52.803+0200] {dag.py:3033} INFO - Sync 1 DAGs
[2024-01-13T10:19:52.821+0200] {logging_mixin.py:188} INFO - [2024-01-13T10:19:52.820+0200] {dag.py:3820} INFO - Setting next_dagrun for example_branch_dop_operator_v3 to 2024-01-13T08:18:00+00:00, run_after=2024-01-13T08:19:00+00:00
[2024-01-13T10:19:52.838+0200] {processor.py:183} INFO - Processing /Library/Frameworks/Python.framework/Versions/3.10/lib/python3.10/site-packages/airflow/example_dags/example_branch_python_dop_operator_3.py took 0.221 seconds
[2024-01-13T10:23:44.772+0200] {processor.py:161} INFO - Started process (PID=23607) to work on /Library/Frameworks/Python.framework/Versions/3.10/lib/python3.10/site-packages/airflow/example_dags/example_branch_python_dop_operator_3.py
[2024-01-13T10:23:44.778+0200] {processor.py:830} INFO - Processing file /Library/Frameworks/Python.framework/Versions/3.10/lib/python3.10/site-packages/airflow/example_dags/example_branch_python_dop_operator_3.py for tasks to queue
[2024-01-13T10:23:44.778+0200] {logging_mixin.py:188} INFO - [2024-01-13T10:23:44.778+0200] {dagbag.py:538} INFO - Filling up the DagBag from /Library/Frameworks/Python.framework/Versions/3.10/lib/python3.10/site-packages/airflow/example_dags/example_branch_python_dop_operator_3.py
[2024-01-13T10:23:44.875+0200] {processor.py:840} INFO - DAG(s) 'example_branch_dop_operator_v3' retrieved from /Library/Frameworks/Python.framework/Versions/3.10/lib/python3.10/site-packages/airflow/example_dags/example_branch_python_dop_operator_3.py
[2024-01-13T10:23:45.007+0200] {logging_mixin.py:188} INFO - [2024-01-13T10:23:45.006+0200] {dag.py:3033} INFO - Sync 1 DAGs
[2024-01-13T10:23:45.026+0200] {logging_mixin.py:188} INFO - [2024-01-13T10:23:45.026+0200] {dag.py:3820} INFO - Setting next_dagrun for example_branch_dop_operator_v3 to 2024-01-13T08:22:00+00:00, run_after=2024-01-13T08:23:00+00:00
[2024-01-13T10:23:45.044+0200] {processor.py:183} INFO - Processing /Library/Frameworks/Python.framework/Versions/3.10/lib/python3.10/site-packages/airflow/example_dags/example_branch_python_dop_operator_3.py took 0.273 seconds
[2024-01-13T10:27:39.416+0200] {processor.py:161} INFO - Started process (PID=23862) to work on /Library/Frameworks/Python.framework/Versions/3.10/lib/python3.10/site-packages/airflow/example_dags/example_branch_python_dop_operator_3.py
[2024-01-13T10:27:39.420+0200] {processor.py:830} INFO - Processing file /Library/Frameworks/Python.framework/Versions/3.10/lib/python3.10/site-packages/airflow/example_dags/example_branch_python_dop_operator_3.py for tasks to queue
[2024-01-13T10:27:39.421+0200] {logging_mixin.py:188} INFO - [2024-01-13T10:27:39.421+0200] {dagbag.py:538} INFO - Filling up the DagBag from /Library/Frameworks/Python.framework/Versions/3.10/lib/python3.10/site-packages/airflow/example_dags/example_branch_python_dop_operator_3.py
[2024-01-13T10:27:39.507+0200] {processor.py:840} INFO - DAG(s) 'example_branch_dop_operator_v3' retrieved from /Library/Frameworks/Python.framework/Versions/3.10/lib/python3.10/site-packages/airflow/example_dags/example_branch_python_dop_operator_3.py
[2024-01-13T10:27:39.597+0200] {logging_mixin.py:188} INFO - [2024-01-13T10:27:39.597+0200] {dag.py:3033} INFO - Sync 1 DAGs
[2024-01-13T10:27:39.615+0200] {logging_mixin.py:188} INFO - [2024-01-13T10:27:39.615+0200] {dag.py:3820} INFO - Setting next_dagrun for example_branch_dop_operator_v3 to 2024-01-13T08:26:00+00:00, run_after=2024-01-13T08:27:00+00:00
[2024-01-13T10:27:39.633+0200] {processor.py:183} INFO - Processing /Library/Frameworks/Python.framework/Versions/3.10/lib/python3.10/site-packages/airflow/example_dags/example_branch_python_dop_operator_3.py took 0.218 seconds
[2024-01-13T10:31:36.864+0200] {processor.py:161} INFO - Started process (PID=24040) to work on /Library/Frameworks/Python.framework/Versions/3.10/lib/python3.10/site-packages/airflow/example_dags/example_branch_python_dop_operator_3.py
[2024-01-13T10:31:36.869+0200] {processor.py:830} INFO - Processing file /Library/Frameworks/Python.framework/Versions/3.10/lib/python3.10/site-packages/airflow/example_dags/example_branch_python_dop_operator_3.py for tasks to queue
[2024-01-13T10:31:36.870+0200] {logging_mixin.py:188} INFO - [2024-01-13T10:31:36.869+0200] {dagbag.py:538} INFO - Filling up the DagBag from /Library/Frameworks/Python.framework/Versions/3.10/lib/python3.10/site-packages/airflow/example_dags/example_branch_python_dop_operator_3.py
[2024-01-13T10:31:36.956+0200] {processor.py:840} INFO - DAG(s) 'example_branch_dop_operator_v3' retrieved from /Library/Frameworks/Python.framework/Versions/3.10/lib/python3.10/site-packages/airflow/example_dags/example_branch_python_dop_operator_3.py
[2024-01-13T10:31:37.050+0200] {logging_mixin.py:188} INFO - [2024-01-13T10:31:37.050+0200] {dag.py:3033} INFO - Sync 1 DAGs
[2024-01-13T10:31:37.068+0200] {logging_mixin.py:188} INFO - [2024-01-13T10:31:37.068+0200] {dag.py:3820} INFO - Setting next_dagrun for example_branch_dop_operator_v3 to 2024-01-13T08:30:00+00:00, run_after=2024-01-13T08:31:00+00:00
[2024-01-13T10:31:37.087+0200] {processor.py:183} INFO - Processing /Library/Frameworks/Python.framework/Versions/3.10/lib/python3.10/site-packages/airflow/example_dags/example_branch_python_dop_operator_3.py took 0.224 seconds
[2024-01-13T10:35:26.169+0200] {processor.py:161} INFO - Started process (PID=24319) to work on /Library/Frameworks/Python.framework/Versions/3.10/lib/python3.10/site-packages/airflow/example_dags/example_branch_python_dop_operator_3.py
[2024-01-13T10:35:26.173+0200] {processor.py:830} INFO - Processing file /Library/Frameworks/Python.framework/Versions/3.10/lib/python3.10/site-packages/airflow/example_dags/example_branch_python_dop_operator_3.py for tasks to queue
[2024-01-13T10:35:26.174+0200] {logging_mixin.py:188} INFO - [2024-01-13T10:35:26.174+0200] {dagbag.py:538} INFO - Filling up the DagBag from /Library/Frameworks/Python.framework/Versions/3.10/lib/python3.10/site-packages/airflow/example_dags/example_branch_python_dop_operator_3.py
[2024-01-13T10:35:26.260+0200] {processor.py:840} INFO - DAG(s) 'example_branch_dop_operator_v3' retrieved from /Library/Frameworks/Python.framework/Versions/3.10/lib/python3.10/site-packages/airflow/example_dags/example_branch_python_dop_operator_3.py
[2024-01-13T10:35:26.347+0200] {logging_mixin.py:188} INFO - [2024-01-13T10:35:26.347+0200] {dag.py:3033} INFO - Sync 1 DAGs
[2024-01-13T10:35:26.363+0200] {logging_mixin.py:188} INFO - [2024-01-13T10:35:26.363+0200] {dag.py:3820} INFO - Setting next_dagrun for example_branch_dop_operator_v3 to 2024-01-13T08:34:00+00:00, run_after=2024-01-13T08:35:00+00:00
[2024-01-13T10:35:26.381+0200] {processor.py:183} INFO - Processing /Library/Frameworks/Python.framework/Versions/3.10/lib/python3.10/site-packages/airflow/example_dags/example_branch_python_dop_operator_3.py took 0.214 seconds
[2024-01-13T10:39:21.071+0200] {processor.py:161} INFO - Started process (PID=24568) to work on /Library/Frameworks/Python.framework/Versions/3.10/lib/python3.10/site-packages/airflow/example_dags/example_branch_python_dop_operator_3.py
[2024-01-13T10:39:21.076+0200] {processor.py:830} INFO - Processing file /Library/Frameworks/Python.framework/Versions/3.10/lib/python3.10/site-packages/airflow/example_dags/example_branch_python_dop_operator_3.py for tasks to queue
[2024-01-13T10:39:21.077+0200] {logging_mixin.py:188} INFO - [2024-01-13T10:39:21.077+0200] {dagbag.py:538} INFO - Filling up the DagBag from /Library/Frameworks/Python.framework/Versions/3.10/lib/python3.10/site-packages/airflow/example_dags/example_branch_python_dop_operator_3.py
[2024-01-13T10:39:21.166+0200] {processor.py:840} INFO - DAG(s) 'example_branch_dop_operator_v3' retrieved from /Library/Frameworks/Python.framework/Versions/3.10/lib/python3.10/site-packages/airflow/example_dags/example_branch_python_dop_operator_3.py
[2024-01-13T10:39:21.263+0200] {logging_mixin.py:188} INFO - [2024-01-13T10:39:21.263+0200] {dag.py:3033} INFO - Sync 1 DAGs
[2024-01-13T10:39:21.281+0200] {logging_mixin.py:188} INFO - [2024-01-13T10:39:21.280+0200] {dag.py:3820} INFO - Setting next_dagrun for example_branch_dop_operator_v3 to 2024-01-13T08:38:00+00:00, run_after=2024-01-13T08:39:00+00:00
[2024-01-13T10:39:21.300+0200] {processor.py:183} INFO - Processing /Library/Frameworks/Python.framework/Versions/3.10/lib/python3.10/site-packages/airflow/example_dags/example_branch_python_dop_operator_3.py took 0.230 seconds
[2024-01-13T10:43:15.856+0200] {processor.py:161} INFO - Started process (PID=24748) to work on /Library/Frameworks/Python.framework/Versions/3.10/lib/python3.10/site-packages/airflow/example_dags/example_branch_python_dop_operator_3.py
[2024-01-13T10:43:15.861+0200] {processor.py:830} INFO - Processing file /Library/Frameworks/Python.framework/Versions/3.10/lib/python3.10/site-packages/airflow/example_dags/example_branch_python_dop_operator_3.py for tasks to queue
[2024-01-13T10:43:15.861+0200] {logging_mixin.py:188} INFO - [2024-01-13T10:43:15.861+0200] {dagbag.py:538} INFO - Filling up the DagBag from /Library/Frameworks/Python.framework/Versions/3.10/lib/python3.10/site-packages/airflow/example_dags/example_branch_python_dop_operator_3.py
[2024-01-13T10:43:15.951+0200] {processor.py:840} INFO - DAG(s) 'example_branch_dop_operator_v3' retrieved from /Library/Frameworks/Python.framework/Versions/3.10/lib/python3.10/site-packages/airflow/example_dags/example_branch_python_dop_operator_3.py
[2024-01-13T10:43:16.047+0200] {logging_mixin.py:188} INFO - [2024-01-13T10:43:16.046+0200] {dag.py:3033} INFO - Sync 1 DAGs
[2024-01-13T10:43:16.065+0200] {logging_mixin.py:188} INFO - [2024-01-13T10:43:16.064+0200] {dag.py:3820} INFO - Setting next_dagrun for example_branch_dop_operator_v3 to 2024-01-13T08:42:00+00:00, run_after=2024-01-13T08:43:00+00:00
[2024-01-13T10:43:16.089+0200] {processor.py:183} INFO - Processing /Library/Frameworks/Python.framework/Versions/3.10/lib/python3.10/site-packages/airflow/example_dags/example_branch_python_dop_operator_3.py took 0.234 seconds
[2024-01-13T10:47:07.777+0200] {processor.py:161} INFO - Started process (PID=25004) to work on /Library/Frameworks/Python.framework/Versions/3.10/lib/python3.10/site-packages/airflow/example_dags/example_branch_python_dop_operator_3.py
[2024-01-13T10:47:07.781+0200] {processor.py:830} INFO - Processing file /Library/Frameworks/Python.framework/Versions/3.10/lib/python3.10/site-packages/airflow/example_dags/example_branch_python_dop_operator_3.py for tasks to queue
[2024-01-13T10:47:07.782+0200] {logging_mixin.py:188} INFO - [2024-01-13T10:47:07.782+0200] {dagbag.py:538} INFO - Filling up the DagBag from /Library/Frameworks/Python.framework/Versions/3.10/lib/python3.10/site-packages/airflow/example_dags/example_branch_python_dop_operator_3.py
[2024-01-13T10:47:07.872+0200] {processor.py:840} INFO - DAG(s) 'example_branch_dop_operator_v3' retrieved from /Library/Frameworks/Python.framework/Versions/3.10/lib/python3.10/site-packages/airflow/example_dags/example_branch_python_dop_operator_3.py
[2024-01-13T10:47:07.965+0200] {logging_mixin.py:188} INFO - [2024-01-13T10:47:07.965+0200] {dag.py:3033} INFO - Sync 1 DAGs
[2024-01-13T10:47:07.988+0200] {logging_mixin.py:188} INFO - [2024-01-13T10:47:07.988+0200] {dag.py:3820} INFO - Setting next_dagrun for example_branch_dop_operator_v3 to 2024-01-13T08:46:00+00:00, run_after=2024-01-13T08:47:00+00:00
[2024-01-13T10:47:08.012+0200] {processor.py:183} INFO - Processing /Library/Frameworks/Python.framework/Versions/3.10/lib/python3.10/site-packages/airflow/example_dags/example_branch_python_dop_operator_3.py took 0.237 seconds
[2024-01-13T10:50:48.201+0200] {processor.py:161} INFO - Started process (PID=25251) to work on /Library/Frameworks/Python.framework/Versions/3.10/lib/python3.10/site-packages/airflow/example_dags/example_branch_python_dop_operator_3.py
[2024-01-13T10:50:48.205+0200] {processor.py:830} INFO - Processing file /Library/Frameworks/Python.framework/Versions/3.10/lib/python3.10/site-packages/airflow/example_dags/example_branch_python_dop_operator_3.py for tasks to queue
[2024-01-13T10:50:48.205+0200] {logging_mixin.py:188} INFO - [2024-01-13T10:50:48.205+0200] {dagbag.py:538} INFO - Filling up the DagBag from /Library/Frameworks/Python.framework/Versions/3.10/lib/python3.10/site-packages/airflow/example_dags/example_branch_python_dop_operator_3.py
[2024-01-13T10:50:48.289+0200] {processor.py:840} INFO - DAG(s) 'example_branch_dop_operator_v3' retrieved from /Library/Frameworks/Python.framework/Versions/3.10/lib/python3.10/site-packages/airflow/example_dags/example_branch_python_dop_operator_3.py
[2024-01-13T10:50:48.376+0200] {logging_mixin.py:188} INFO - [2024-01-13T10:50:48.376+0200] {dag.py:3033} INFO - Sync 1 DAGs
[2024-01-13T10:50:48.392+0200] {logging_mixin.py:188} INFO - [2024-01-13T10:50:48.392+0200] {dag.py:3820} INFO - Setting next_dagrun for example_branch_dop_operator_v3 to 2024-01-13T08:49:00+00:00, run_after=2024-01-13T08:50:00+00:00
[2024-01-13T10:50:48.410+0200] {processor.py:183} INFO - Processing /Library/Frameworks/Python.framework/Versions/3.10/lib/python3.10/site-packages/airflow/example_dags/example_branch_python_dop_operator_3.py took 0.210 seconds
[2024-01-13T10:54:31.928+0200] {processor.py:161} INFO - Started process (PID=25413) to work on /Library/Frameworks/Python.framework/Versions/3.10/lib/python3.10/site-packages/airflow/example_dags/example_branch_python_dop_operator_3.py
[2024-01-13T10:54:31.933+0200] {processor.py:830} INFO - Processing file /Library/Frameworks/Python.framework/Versions/3.10/lib/python3.10/site-packages/airflow/example_dags/example_branch_python_dop_operator_3.py for tasks to queue
[2024-01-13T10:54:31.934+0200] {logging_mixin.py:188} INFO - [2024-01-13T10:54:31.934+0200] {dagbag.py:538} INFO - Filling up the DagBag from /Library/Frameworks/Python.framework/Versions/3.10/lib/python3.10/site-packages/airflow/example_dags/example_branch_python_dop_operator_3.py
[2024-01-13T10:54:32.025+0200] {processor.py:840} INFO - DAG(s) 'example_branch_dop_operator_v3' retrieved from /Library/Frameworks/Python.framework/Versions/3.10/lib/python3.10/site-packages/airflow/example_dags/example_branch_python_dop_operator_3.py
[2024-01-13T10:54:32.119+0200] {logging_mixin.py:188} INFO - [2024-01-13T10:54:32.119+0200] {dag.py:3033} INFO - Sync 1 DAGs
[2024-01-13T10:54:32.137+0200] {logging_mixin.py:188} INFO - [2024-01-13T10:54:32.137+0200] {dag.py:3820} INFO - Setting next_dagrun for example_branch_dop_operator_v3 to 2024-01-13T08:53:00+00:00, run_after=2024-01-13T08:54:00+00:00
[2024-01-13T10:54:32.155+0200] {processor.py:183} INFO - Processing /Library/Frameworks/Python.framework/Versions/3.10/lib/python3.10/site-packages/airflow/example_dags/example_branch_python_dop_operator_3.py took 0.228 seconds
[2024-01-13T10:58:31.815+0200] {processor.py:161} INFO - Started process (PID=25684) to work on /Library/Frameworks/Python.framework/Versions/3.10/lib/python3.10/site-packages/airflow/example_dags/example_branch_python_dop_operator_3.py
[2024-01-13T10:58:31.820+0200] {processor.py:830} INFO - Processing file /Library/Frameworks/Python.framework/Versions/3.10/lib/python3.10/site-packages/airflow/example_dags/example_branch_python_dop_operator_3.py for tasks to queue
[2024-01-13T10:58:31.821+0200] {logging_mixin.py:188} INFO - [2024-01-13T10:58:31.821+0200] {dagbag.py:538} INFO - Filling up the DagBag from /Library/Frameworks/Python.framework/Versions/3.10/lib/python3.10/site-packages/airflow/example_dags/example_branch_python_dop_operator_3.py
[2024-01-13T10:58:31.905+0200] {processor.py:840} INFO - DAG(s) 'example_branch_dop_operator_v3' retrieved from /Library/Frameworks/Python.framework/Versions/3.10/lib/python3.10/site-packages/airflow/example_dags/example_branch_python_dop_operator_3.py
[2024-01-13T10:58:32.001+0200] {logging_mixin.py:188} INFO - [2024-01-13T10:58:32.001+0200] {dag.py:3033} INFO - Sync 1 DAGs
[2024-01-13T10:58:32.017+0200] {logging_mixin.py:188} INFO - [2024-01-13T10:58:32.017+0200] {dag.py:3820} INFO - Setting next_dagrun for example_branch_dop_operator_v3 to 2024-01-13T08:57:00+00:00, run_after=2024-01-13T08:58:00+00:00
[2024-01-13T10:58:32.034+0200] {processor.py:183} INFO - Processing /Library/Frameworks/Python.framework/Versions/3.10/lib/python3.10/site-packages/airflow/example_dags/example_branch_python_dop_operator_3.py took 0.220 seconds
[2024-01-13T11:02:27.058+0200] {processor.py:161} INFO - Started process (PID=25844) to work on /Library/Frameworks/Python.framework/Versions/3.10/lib/python3.10/site-packages/airflow/example_dags/example_branch_python_dop_operator_3.py
[2024-01-13T11:02:27.062+0200] {processor.py:830} INFO - Processing file /Library/Frameworks/Python.framework/Versions/3.10/lib/python3.10/site-packages/airflow/example_dags/example_branch_python_dop_operator_3.py for tasks to queue
[2024-01-13T11:02:27.063+0200] {logging_mixin.py:188} INFO - [2024-01-13T11:02:27.062+0200] {dagbag.py:538} INFO - Filling up the DagBag from /Library/Frameworks/Python.framework/Versions/3.10/lib/python3.10/site-packages/airflow/example_dags/example_branch_python_dop_operator_3.py
[2024-01-13T11:02:27.149+0200] {processor.py:840} INFO - DAG(s) 'example_branch_dop_operator_v3' retrieved from /Library/Frameworks/Python.framework/Versions/3.10/lib/python3.10/site-packages/airflow/example_dags/example_branch_python_dop_operator_3.py
[2024-01-13T11:02:27.237+0200] {logging_mixin.py:188} INFO - [2024-01-13T11:02:27.237+0200] {dag.py:3033} INFO - Sync 1 DAGs
[2024-01-13T11:02:27.253+0200] {logging_mixin.py:188} INFO - [2024-01-13T11:02:27.253+0200] {dag.py:3820} INFO - Setting next_dagrun for example_branch_dop_operator_v3 to 2024-01-13T09:01:00+00:00, run_after=2024-01-13T09:02:00+00:00
[2024-01-13T11:02:27.270+0200] {processor.py:183} INFO - Processing /Library/Frameworks/Python.framework/Versions/3.10/lib/python3.10/site-packages/airflow/example_dags/example_branch_python_dop_operator_3.py took 0.213 seconds
[2024-01-13T11:06:09.846+0200] {processor.py:161} INFO - Started process (PID=26099) to work on /Library/Frameworks/Python.framework/Versions/3.10/lib/python3.10/site-packages/airflow/example_dags/example_branch_python_dop_operator_3.py
[2024-01-13T11:06:09.854+0200] {processor.py:830} INFO - Processing file /Library/Frameworks/Python.framework/Versions/3.10/lib/python3.10/site-packages/airflow/example_dags/example_branch_python_dop_operator_3.py for tasks to queue
[2024-01-13T11:06:09.855+0200] {logging_mixin.py:188} INFO - [2024-01-13T11:06:09.855+0200] {dagbag.py:538} INFO - Filling up the DagBag from /Library/Frameworks/Python.framework/Versions/3.10/lib/python3.10/site-packages/airflow/example_dags/example_branch_python_dop_operator_3.py
[2024-01-13T11:06:09.951+0200] {processor.py:840} INFO - DAG(s) 'example_branch_dop_operator_v3' retrieved from /Library/Frameworks/Python.framework/Versions/3.10/lib/python3.10/site-packages/airflow/example_dags/example_branch_python_dop_operator_3.py
[2024-01-13T11:06:10.044+0200] {logging_mixin.py:188} INFO - [2024-01-13T11:06:10.044+0200] {dag.py:3033} INFO - Sync 1 DAGs
[2024-01-13T11:06:10.061+0200] {logging_mixin.py:188} INFO - [2024-01-13T11:06:10.061+0200] {dag.py:3820} INFO - Setting next_dagrun for example_branch_dop_operator_v3 to 2024-01-13T09:05:00+00:00, run_after=2024-01-13T09:06:00+00:00
[2024-01-13T11:06:10.080+0200] {processor.py:183} INFO - Processing /Library/Frameworks/Python.framework/Versions/3.10/lib/python3.10/site-packages/airflow/example_dags/example_branch_python_dop_operator_3.py took 0.236 seconds
[2024-01-13T11:10:15.059+0200] {processor.py:161} INFO - Started process (PID=26282) to work on /Library/Frameworks/Python.framework/Versions/3.10/lib/python3.10/site-packages/airflow/example_dags/example_branch_python_dop_operator_3.py
[2024-01-13T11:10:15.064+0200] {processor.py:830} INFO - Processing file /Library/Frameworks/Python.framework/Versions/3.10/lib/python3.10/site-packages/airflow/example_dags/example_branch_python_dop_operator_3.py for tasks to queue
[2024-01-13T11:10:15.065+0200] {logging_mixin.py:188} INFO - [2024-01-13T11:10:15.065+0200] {dagbag.py:538} INFO - Filling up the DagBag from /Library/Frameworks/Python.framework/Versions/3.10/lib/python3.10/site-packages/airflow/example_dags/example_branch_python_dop_operator_3.py
[2024-01-13T11:10:15.154+0200] {processor.py:840} INFO - DAG(s) 'example_branch_dop_operator_v3' retrieved from /Library/Frameworks/Python.framework/Versions/3.10/lib/python3.10/site-packages/airflow/example_dags/example_branch_python_dop_operator_3.py
[2024-01-13T11:10:15.242+0200] {logging_mixin.py:188} INFO - [2024-01-13T11:10:15.241+0200] {dag.py:3033} INFO - Sync 1 DAGs
[2024-01-13T11:10:15.258+0200] {logging_mixin.py:188} INFO - [2024-01-13T11:10:15.258+0200] {dag.py:3820} INFO - Setting next_dagrun for example_branch_dop_operator_v3 to 2024-01-13T09:09:00+00:00, run_after=2024-01-13T09:10:00+00:00
[2024-01-13T11:10:15.275+0200] {processor.py:183} INFO - Processing /Library/Frameworks/Python.framework/Versions/3.10/lib/python3.10/site-packages/airflow/example_dags/example_branch_python_dop_operator_3.py took 0.217 seconds
[2024-01-13T11:14:04.139+0200] {processor.py:161} INFO - Started process (PID=26544) to work on /Library/Frameworks/Python.framework/Versions/3.10/lib/python3.10/site-packages/airflow/example_dags/example_branch_python_dop_operator_3.py
[2024-01-13T11:14:04.143+0200] {processor.py:830} INFO - Processing file /Library/Frameworks/Python.framework/Versions/3.10/lib/python3.10/site-packages/airflow/example_dags/example_branch_python_dop_operator_3.py for tasks to queue
[2024-01-13T11:14:04.144+0200] {logging_mixin.py:188} INFO - [2024-01-13T11:14:04.144+0200] {dagbag.py:538} INFO - Filling up the DagBag from /Library/Frameworks/Python.framework/Versions/3.10/lib/python3.10/site-packages/airflow/example_dags/example_branch_python_dop_operator_3.py
[2024-01-13T11:14:04.230+0200] {processor.py:840} INFO - DAG(s) 'example_branch_dop_operator_v3' retrieved from /Library/Frameworks/Python.framework/Versions/3.10/lib/python3.10/site-packages/airflow/example_dags/example_branch_python_dop_operator_3.py
[2024-01-13T11:14:04.319+0200] {logging_mixin.py:188} INFO - [2024-01-13T11:14:04.319+0200] {dag.py:3033} INFO - Sync 1 DAGs
[2024-01-13T11:14:04.336+0200] {logging_mixin.py:188} INFO - [2024-01-13T11:14:04.336+0200] {dag.py:3820} INFO - Setting next_dagrun for example_branch_dop_operator_v3 to 2024-01-13T09:13:00+00:00, run_after=2024-01-13T09:14:00+00:00
[2024-01-13T11:14:04.354+0200] {processor.py:183} INFO - Processing /Library/Frameworks/Python.framework/Versions/3.10/lib/python3.10/site-packages/airflow/example_dags/example_branch_python_dop_operator_3.py took 0.216 seconds
[2024-01-13T11:17:59.415+0200] {processor.py:161} INFO - Started process (PID=26705) to work on /Library/Frameworks/Python.framework/Versions/3.10/lib/python3.10/site-packages/airflow/example_dags/example_branch_python_dop_operator_3.py
[2024-01-13T11:17:59.420+0200] {processor.py:830} INFO - Processing file /Library/Frameworks/Python.framework/Versions/3.10/lib/python3.10/site-packages/airflow/example_dags/example_branch_python_dop_operator_3.py for tasks to queue
[2024-01-13T11:17:59.420+0200] {logging_mixin.py:188} INFO - [2024-01-13T11:17:59.420+0200] {dagbag.py:538} INFO - Filling up the DagBag from /Library/Frameworks/Python.framework/Versions/3.10/lib/python3.10/site-packages/airflow/example_dags/example_branch_python_dop_operator_3.py
[2024-01-13T11:17:59.511+0200] {processor.py:840} INFO - DAG(s) 'example_branch_dop_operator_v3' retrieved from /Library/Frameworks/Python.framework/Versions/3.10/lib/python3.10/site-packages/airflow/example_dags/example_branch_python_dop_operator_3.py
[2024-01-13T11:17:59.601+0200] {logging_mixin.py:188} INFO - [2024-01-13T11:17:59.601+0200] {dag.py:3033} INFO - Sync 1 DAGs
[2024-01-13T11:17:59.618+0200] {logging_mixin.py:188} INFO - [2024-01-13T11:17:59.618+0200] {dag.py:3820} INFO - Setting next_dagrun for example_branch_dop_operator_v3 to 2024-01-13T09:16:00+00:00, run_after=2024-01-13T09:17:00+00:00
[2024-01-13T11:17:59.636+0200] {processor.py:183} INFO - Processing /Library/Frameworks/Python.framework/Versions/3.10/lib/python3.10/site-packages/airflow/example_dags/example_branch_python_dop_operator_3.py took 0.223 seconds
[2024-01-13T11:21:55.056+0200] {processor.py:161} INFO - Started process (PID=27023) to work on /Library/Frameworks/Python.framework/Versions/3.10/lib/python3.10/site-packages/airflow/example_dags/example_branch_python_dop_operator_3.py
[2024-01-13T11:21:55.061+0200] {processor.py:830} INFO - Processing file /Library/Frameworks/Python.framework/Versions/3.10/lib/python3.10/site-packages/airflow/example_dags/example_branch_python_dop_operator_3.py for tasks to queue
[2024-01-13T11:21:55.061+0200] {logging_mixin.py:188} INFO - [2024-01-13T11:21:55.061+0200] {dagbag.py:538} INFO - Filling up the DagBag from /Library/Frameworks/Python.framework/Versions/3.10/lib/python3.10/site-packages/airflow/example_dags/example_branch_python_dop_operator_3.py
[2024-01-13T11:21:55.147+0200] {processor.py:840} INFO - DAG(s) 'example_branch_dop_operator_v3' retrieved from /Library/Frameworks/Python.framework/Versions/3.10/lib/python3.10/site-packages/airflow/example_dags/example_branch_python_dop_operator_3.py
[2024-01-13T11:21:55.237+0200] {logging_mixin.py:188} INFO - [2024-01-13T11:21:55.237+0200] {dag.py:3033} INFO - Sync 1 DAGs
[2024-01-13T11:21:55.254+0200] {logging_mixin.py:188} INFO - [2024-01-13T11:21:55.254+0200] {dag.py:3820} INFO - Setting next_dagrun for example_branch_dop_operator_v3 to 2024-01-13T09:20:00+00:00, run_after=2024-01-13T09:21:00+00:00
[2024-01-13T11:21:55.273+0200] {processor.py:183} INFO - Processing /Library/Frameworks/Python.framework/Versions/3.10/lib/python3.10/site-packages/airflow/example_dags/example_branch_python_dop_operator_3.py took 0.219 seconds
[2024-01-13T11:25:48.788+0200] {processor.py:161} INFO - Started process (PID=27276) to work on /Library/Frameworks/Python.framework/Versions/3.10/lib/python3.10/site-packages/airflow/example_dags/example_branch_python_dop_operator_3.py
[2024-01-13T11:25:48.793+0200] {processor.py:830} INFO - Processing file /Library/Frameworks/Python.framework/Versions/3.10/lib/python3.10/site-packages/airflow/example_dags/example_branch_python_dop_operator_3.py for tasks to queue
[2024-01-13T11:25:48.793+0200] {logging_mixin.py:188} INFO - [2024-01-13T11:25:48.793+0200] {dagbag.py:538} INFO - Filling up the DagBag from /Library/Frameworks/Python.framework/Versions/3.10/lib/python3.10/site-packages/airflow/example_dags/example_branch_python_dop_operator_3.py
[2024-01-13T11:25:48.898+0200] {processor.py:840} INFO - DAG(s) 'example_branch_dop_operator_v3' retrieved from /Library/Frameworks/Python.framework/Versions/3.10/lib/python3.10/site-packages/airflow/example_dags/example_branch_python_dop_operator_3.py
[2024-01-13T11:25:48.986+0200] {logging_mixin.py:188} INFO - [2024-01-13T11:25:48.985+0200] {dag.py:3033} INFO - Sync 1 DAGs
[2024-01-13T11:25:49.002+0200] {logging_mixin.py:188} INFO - [2024-01-13T11:25:49.002+0200] {dag.py:3820} INFO - Setting next_dagrun for example_branch_dop_operator_v3 to 2024-01-13T09:24:00+00:00, run_after=2024-01-13T09:25:00+00:00
[2024-01-13T11:25:49.021+0200] {processor.py:183} INFO - Processing /Library/Frameworks/Python.framework/Versions/3.10/lib/python3.10/site-packages/airflow/example_dags/example_branch_python_dop_operator_3.py took 0.234 seconds
[2024-01-13T11:29:39.248+0200] {processor.py:161} INFO - Started process (PID=27442) to work on /Library/Frameworks/Python.framework/Versions/3.10/lib/python3.10/site-packages/airflow/example_dags/example_branch_python_dop_operator_3.py
[2024-01-13T11:29:39.253+0200] {processor.py:830} INFO - Processing file /Library/Frameworks/Python.framework/Versions/3.10/lib/python3.10/site-packages/airflow/example_dags/example_branch_python_dop_operator_3.py for tasks to queue
[2024-01-13T11:29:39.253+0200] {logging_mixin.py:188} INFO - [2024-01-13T11:29:39.253+0200] {dagbag.py:538} INFO - Filling up the DagBag from /Library/Frameworks/Python.framework/Versions/3.10/lib/python3.10/site-packages/airflow/example_dags/example_branch_python_dop_operator_3.py
[2024-01-13T11:29:39.341+0200] {processor.py:840} INFO - DAG(s) 'example_branch_dop_operator_v3' retrieved from /Library/Frameworks/Python.framework/Versions/3.10/lib/python3.10/site-packages/airflow/example_dags/example_branch_python_dop_operator_3.py
[2024-01-13T11:29:39.428+0200] {logging_mixin.py:188} INFO - [2024-01-13T11:29:39.428+0200] {dag.py:3033} INFO - Sync 1 DAGs
[2024-01-13T11:29:39.444+0200] {logging_mixin.py:188} INFO - [2024-01-13T11:29:39.444+0200] {dag.py:3820} INFO - Setting next_dagrun for example_branch_dop_operator_v3 to 2024-01-13T09:28:00+00:00, run_after=2024-01-13T09:29:00+00:00
[2024-01-13T11:29:39.462+0200] {processor.py:183} INFO - Processing /Library/Frameworks/Python.framework/Versions/3.10/lib/python3.10/site-packages/airflow/example_dags/example_branch_python_dop_operator_3.py took 0.216 seconds
[2024-01-13T11:33:32.465+0200] {processor.py:161} INFO - Started process (PID=27698) to work on /Library/Frameworks/Python.framework/Versions/3.10/lib/python3.10/site-packages/airflow/example_dags/example_branch_python_dop_operator_3.py
[2024-01-13T11:33:32.470+0200] {processor.py:830} INFO - Processing file /Library/Frameworks/Python.framework/Versions/3.10/lib/python3.10/site-packages/airflow/example_dags/example_branch_python_dop_operator_3.py for tasks to queue
[2024-01-13T11:33:32.470+0200] {logging_mixin.py:188} INFO - [2024-01-13T11:33:32.470+0200] {dagbag.py:538} INFO - Filling up the DagBag from /Library/Frameworks/Python.framework/Versions/3.10/lib/python3.10/site-packages/airflow/example_dags/example_branch_python_dop_operator_3.py
[2024-01-13T11:33:32.558+0200] {processor.py:840} INFO - DAG(s) 'example_branch_dop_operator_v3' retrieved from /Library/Frameworks/Python.framework/Versions/3.10/lib/python3.10/site-packages/airflow/example_dags/example_branch_python_dop_operator_3.py
[2024-01-13T11:33:32.647+0200] {logging_mixin.py:188} INFO - [2024-01-13T11:33:32.646+0200] {dag.py:3033} INFO - Sync 1 DAGs
[2024-01-13T11:33:32.663+0200] {logging_mixin.py:188} INFO - [2024-01-13T11:33:32.663+0200] {dag.py:3820} INFO - Setting next_dagrun for example_branch_dop_operator_v3 to 2024-01-13T09:32:00+00:00, run_after=2024-01-13T09:33:00+00:00
[2024-01-13T11:33:32.684+0200] {processor.py:183} INFO - Processing /Library/Frameworks/Python.framework/Versions/3.10/lib/python3.10/site-packages/airflow/example_dags/example_branch_python_dop_operator_3.py took 0.221 seconds
[2024-01-13T11:37:41.918+0200] {processor.py:161} INFO - Started process (PID=29235) to work on /Library/Frameworks/Python.framework/Versions/3.10/lib/python3.10/site-packages/airflow/example_dags/example_branch_python_dop_operator_3.py
[2024-01-13T11:37:41.922+0200] {processor.py:830} INFO - Processing file /Library/Frameworks/Python.framework/Versions/3.10/lib/python3.10/site-packages/airflow/example_dags/example_branch_python_dop_operator_3.py for tasks to queue
[2024-01-13T11:37:41.923+0200] {logging_mixin.py:188} INFO - [2024-01-13T11:37:41.923+0200] {dagbag.py:538} INFO - Filling up the DagBag from /Library/Frameworks/Python.framework/Versions/3.10/lib/python3.10/site-packages/airflow/example_dags/example_branch_python_dop_operator_3.py
[2024-01-13T11:37:42.000+0200] {processor.py:840} INFO - DAG(s) 'example_branch_dop_operator_v3' retrieved from /Library/Frameworks/Python.framework/Versions/3.10/lib/python3.10/site-packages/airflow/example_dags/example_branch_python_dop_operator_3.py
[2024-01-13T11:37:42.092+0200] {logging_mixin.py:188} INFO - [2024-01-13T11:37:42.091+0200] {dag.py:3033} INFO - Sync 1 DAGs
[2024-01-13T11:37:42.108+0200] {logging_mixin.py:188} INFO - [2024-01-13T11:37:42.108+0200] {dag.py:3820} INFO - Setting next_dagrun for example_branch_dop_operator_v3 to 2024-01-13T09:36:00+00:00, run_after=2024-01-13T09:37:00+00:00
[2024-01-13T11:37:42.125+0200] {processor.py:183} INFO - Processing /Library/Frameworks/Python.framework/Versions/3.10/lib/python3.10/site-packages/airflow/example_dags/example_branch_python_dop_operator_3.py took 0.209 seconds
[2024-01-13T11:42:39.404+0200] {processor.py:161} INFO - Started process (PID=29654) to work on /Library/Frameworks/Python.framework/Versions/3.10/lib/python3.10/site-packages/airflow/example_dags/example_branch_python_dop_operator_3.py
[2024-01-13T11:42:39.410+0200] {processor.py:830} INFO - Processing file /Library/Frameworks/Python.framework/Versions/3.10/lib/python3.10/site-packages/airflow/example_dags/example_branch_python_dop_operator_3.py for tasks to queue
[2024-01-13T11:42:39.410+0200] {logging_mixin.py:188} INFO - [2024-01-13T11:42:39.410+0200] {dagbag.py:538} INFO - Filling up the DagBag from /Library/Frameworks/Python.framework/Versions/3.10/lib/python3.10/site-packages/airflow/example_dags/example_branch_python_dop_operator_3.py
[2024-01-13T11:42:39.506+0200] {processor.py:840} INFO - DAG(s) 'example_branch_dop_operator_v3' retrieved from /Library/Frameworks/Python.framework/Versions/3.10/lib/python3.10/site-packages/airflow/example_dags/example_branch_python_dop_operator_3.py
[2024-01-13T11:42:39.632+0200] {logging_mixin.py:188} INFO - [2024-01-13T11:42:39.631+0200] {dag.py:3033} INFO - Sync 1 DAGs
[2024-01-13T11:42:39.655+0200] {logging_mixin.py:188} INFO - [2024-01-13T11:42:39.655+0200] {dag.py:3820} INFO - Setting next_dagrun for example_branch_dop_operator_v3 to 2024-01-13T09:41:00+00:00, run_after=2024-01-13T09:42:00+00:00
[2024-01-13T11:42:39.679+0200] {processor.py:183} INFO - Processing /Library/Frameworks/Python.framework/Versions/3.10/lib/python3.10/site-packages/airflow/example_dags/example_branch_python_dop_operator_3.py took 0.276 seconds
[2024-01-13T11:47:56.116+0200] {processor.py:161} INFO - Started process (PID=30108) to work on /Library/Frameworks/Python.framework/Versions/3.10/lib/python3.10/site-packages/airflow/example_dags/example_branch_python_dop_operator_3.py
[2024-01-13T11:47:56.121+0200] {processor.py:830} INFO - Processing file /Library/Frameworks/Python.framework/Versions/3.10/lib/python3.10/site-packages/airflow/example_dags/example_branch_python_dop_operator_3.py for tasks to queue
[2024-01-13T11:47:56.122+0200] {logging_mixin.py:188} INFO - [2024-01-13T11:47:56.122+0200] {dagbag.py:538} INFO - Filling up the DagBag from /Library/Frameworks/Python.framework/Versions/3.10/lib/python3.10/site-packages/airflow/example_dags/example_branch_python_dop_operator_3.py
[2024-01-13T11:47:56.216+0200] {processor.py:840} INFO - DAG(s) 'example_branch_dop_operator_v3' retrieved from /Library/Frameworks/Python.framework/Versions/3.10/lib/python3.10/site-packages/airflow/example_dags/example_branch_python_dop_operator_3.py
[2024-01-13T11:47:56.341+0200] {logging_mixin.py:188} INFO - [2024-01-13T11:47:56.341+0200] {dag.py:3033} INFO - Sync 1 DAGs
[2024-01-13T11:47:56.367+0200] {logging_mixin.py:188} INFO - [2024-01-13T11:47:56.366+0200] {dag.py:3820} INFO - Setting next_dagrun for example_branch_dop_operator_v3 to 2024-01-13T09:46:00+00:00, run_after=2024-01-13T09:47:00+00:00
[2024-01-13T11:47:56.395+0200] {processor.py:183} INFO - Processing /Library/Frameworks/Python.framework/Versions/3.10/lib/python3.10/site-packages/airflow/example_dags/example_branch_python_dop_operator_3.py took 0.281 seconds
[2024-01-13T11:54:50.887+0200] {processor.py:161} INFO - Started process (PID=31863) to work on /Library/Frameworks/Python.framework/Versions/3.10/lib/python3.10/site-packages/airflow/example_dags/example_branch_python_dop_operator_3.py
[2024-01-13T11:54:50.893+0200] {processor.py:830} INFO - Processing file /Library/Frameworks/Python.framework/Versions/3.10/lib/python3.10/site-packages/airflow/example_dags/example_branch_python_dop_operator_3.py for tasks to queue
[2024-01-13T11:54:50.894+0200] {logging_mixin.py:188} INFO - [2024-01-13T11:54:50.894+0200] {dagbag.py:538} INFO - Filling up the DagBag from /Library/Frameworks/Python.framework/Versions/3.10/lib/python3.10/site-packages/airflow/example_dags/example_branch_python_dop_operator_3.py
[2024-01-13T11:54:51.002+0200] {processor.py:840} INFO - DAG(s) 'example_branch_dop_operator_v3' retrieved from /Library/Frameworks/Python.framework/Versions/3.10/lib/python3.10/site-packages/airflow/example_dags/example_branch_python_dop_operator_3.py
[2024-01-13T11:54:51.149+0200] {logging_mixin.py:188} INFO - [2024-01-13T11:54:51.149+0200] {dag.py:3033} INFO - Sync 1 DAGs
[2024-01-13T11:54:51.177+0200] {logging_mixin.py:188} INFO - [2024-01-13T11:54:51.177+0200] {dag.py:3820} INFO - Setting next_dagrun for example_branch_dop_operator_v3 to 2024-01-13T09:53:00+00:00, run_after=2024-01-13T09:54:00+00:00
[2024-01-13T11:54:51.205+0200] {processor.py:183} INFO - Processing /Library/Frameworks/Python.framework/Versions/3.10/lib/python3.10/site-packages/airflow/example_dags/example_branch_python_dop_operator_3.py took 0.320 seconds
[2024-01-13T11:58:39.328+0200] {processor.py:161} INFO - Started process (PID=32015) to work on /Library/Frameworks/Python.framework/Versions/3.10/lib/python3.10/site-packages/airflow/example_dags/example_branch_python_dop_operator_3.py
[2024-01-13T11:58:39.338+0200] {processor.py:830} INFO - Processing file /Library/Frameworks/Python.framework/Versions/3.10/lib/python3.10/site-packages/airflow/example_dags/example_branch_python_dop_operator_3.py for tasks to queue
[2024-01-13T11:58:39.339+0200] {logging_mixin.py:188} INFO - [2024-01-13T11:58:39.339+0200] {dagbag.py:538} INFO - Filling up the DagBag from /Library/Frameworks/Python.framework/Versions/3.10/lib/python3.10/site-packages/airflow/example_dags/example_branch_python_dop_operator_3.py
[2024-01-13T11:58:39.463+0200] {processor.py:840} INFO - DAG(s) 'example_branch_dop_operator_v3' retrieved from /Library/Frameworks/Python.framework/Versions/3.10/lib/python3.10/site-packages/airflow/example_dags/example_branch_python_dop_operator_3.py
[2024-01-13T11:58:39.606+0200] {logging_mixin.py:188} INFO - [2024-01-13T11:58:39.605+0200] {dag.py:3033} INFO - Sync 1 DAGs
[2024-01-13T11:58:39.633+0200] {logging_mixin.py:188} INFO - [2024-01-13T11:58:39.633+0200] {dag.py:3820} INFO - Setting next_dagrun for example_branch_dop_operator_v3 to 2024-01-13T09:57:00+00:00, run_after=2024-01-13T09:58:00+00:00
[2024-01-13T11:58:39.665+0200] {processor.py:183} INFO - Processing /Library/Frameworks/Python.framework/Versions/3.10/lib/python3.10/site-packages/airflow/example_dags/example_branch_python_dop_operator_3.py took 0.338 seconds
[2024-01-13T12:05:46.558+0200] {processor.py:161} INFO - Started process (PID=33833) to work on /Library/Frameworks/Python.framework/Versions/3.10/lib/python3.10/site-packages/airflow/example_dags/example_branch_python_dop_operator_3.py
[2024-01-13T12:05:46.569+0200] {processor.py:830} INFO - Processing file /Library/Frameworks/Python.framework/Versions/3.10/lib/python3.10/site-packages/airflow/example_dags/example_branch_python_dop_operator_3.py for tasks to queue
[2024-01-13T12:05:46.570+0200] {logging_mixin.py:188} INFO - [2024-01-13T12:05:46.569+0200] {dagbag.py:538} INFO - Filling up the DagBag from /Library/Frameworks/Python.framework/Versions/3.10/lib/python3.10/site-packages/airflow/example_dags/example_branch_python_dop_operator_3.py
[2024-01-13T12:05:46.730+0200] {processor.py:840} INFO - DAG(s) 'example_branch_dop_operator_v3' retrieved from /Library/Frameworks/Python.framework/Versions/3.10/lib/python3.10/site-packages/airflow/example_dags/example_branch_python_dop_operator_3.py
[2024-01-13T12:05:46.936+0200] {logging_mixin.py:188} INFO - [2024-01-13T12:05:46.935+0200] {dag.py:3033} INFO - Sync 1 DAGs
[2024-01-13T12:05:47.011+0200] {logging_mixin.py:188} INFO - [2024-01-13T12:05:47.010+0200] {dag.py:3820} INFO - Setting next_dagrun for example_branch_dop_operator_v3 to 2024-01-13T10:04:00+00:00, run_after=2024-01-13T10:05:00+00:00
[2024-01-13T12:05:47.107+0200] {processor.py:183} INFO - Processing /Library/Frameworks/Python.framework/Versions/3.10/lib/python3.10/site-packages/airflow/example_dags/example_branch_python_dop_operator_3.py took 0.552 seconds
[2024-01-13T12:11:00.408+0200] {processor.py:161} INFO - Started process (PID=34125) to work on /Library/Frameworks/Python.framework/Versions/3.10/lib/python3.10/site-packages/airflow/example_dags/example_branch_python_dop_operator_3.py
[2024-01-13T12:11:00.414+0200] {processor.py:830} INFO - Processing file /Library/Frameworks/Python.framework/Versions/3.10/lib/python3.10/site-packages/airflow/example_dags/example_branch_python_dop_operator_3.py for tasks to queue
[2024-01-13T12:11:00.415+0200] {logging_mixin.py:188} INFO - [2024-01-13T12:11:00.415+0200] {dagbag.py:538} INFO - Filling up the DagBag from /Library/Frameworks/Python.framework/Versions/3.10/lib/python3.10/site-packages/airflow/example_dags/example_branch_python_dop_operator_3.py
[2024-01-13T12:11:00.511+0200] {processor.py:840} INFO - DAG(s) 'example_branch_dop_operator_v3' retrieved from /Library/Frameworks/Python.framework/Versions/3.10/lib/python3.10/site-packages/airflow/example_dags/example_branch_python_dop_operator_3.py
[2024-01-13T12:11:00.668+0200] {logging_mixin.py:188} INFO - [2024-01-13T12:11:00.668+0200] {dag.py:3033} INFO - Sync 1 DAGs
[2024-01-13T12:11:00.693+0200] {logging_mixin.py:188} INFO - [2024-01-13T12:11:00.693+0200] {dag.py:3820} INFO - Setting next_dagrun for example_branch_dop_operator_v3 to 2024-01-13T10:10:00+00:00, run_after=2024-01-13T10:11:00+00:00
[2024-01-13T12:11:00.719+0200] {processor.py:183} INFO - Processing /Library/Frameworks/Python.framework/Versions/3.10/lib/python3.10/site-packages/airflow/example_dags/example_branch_python_dop_operator_3.py took 0.314 seconds
[2024-01-13T12:16:08.850+0200] {processor.py:161} INFO - Started process (PID=34435) to work on /Library/Frameworks/Python.framework/Versions/3.10/lib/python3.10/site-packages/airflow/example_dags/example_branch_python_dop_operator_3.py
[2024-01-13T12:16:08.857+0200] {processor.py:830} INFO - Processing file /Library/Frameworks/Python.framework/Versions/3.10/lib/python3.10/site-packages/airflow/example_dags/example_branch_python_dop_operator_3.py for tasks to queue
[2024-01-13T12:16:08.857+0200] {logging_mixin.py:188} INFO - [2024-01-13T12:16:08.857+0200] {dagbag.py:538} INFO - Filling up the DagBag from /Library/Frameworks/Python.framework/Versions/3.10/lib/python3.10/site-packages/airflow/example_dags/example_branch_python_dop_operator_3.py
[2024-01-13T12:16:08.964+0200] {processor.py:840} INFO - DAG(s) 'example_branch_dop_operator_v3' retrieved from /Library/Frameworks/Python.framework/Versions/3.10/lib/python3.10/site-packages/airflow/example_dags/example_branch_python_dop_operator_3.py
[2024-01-13T12:16:09.104+0200] {logging_mixin.py:188} INFO - [2024-01-13T12:16:09.103+0200] {dag.py:3033} INFO - Sync 1 DAGs
[2024-01-13T12:16:09.128+0200] {logging_mixin.py:188} INFO - [2024-01-13T12:16:09.128+0200] {dag.py:3820} INFO - Setting next_dagrun for example_branch_dop_operator_v3 to 2024-01-13T10:15:00+00:00, run_after=2024-01-13T10:16:00+00:00
[2024-01-13T12:16:09.155+0200] {processor.py:183} INFO - Processing /Library/Frameworks/Python.framework/Versions/3.10/lib/python3.10/site-packages/airflow/example_dags/example_branch_python_dop_operator_3.py took 0.307 seconds
[2024-01-13T13:29:48.808+0200] {processor.py:161} INFO - Started process (PID=35509) to work on /Library/Frameworks/Python.framework/Versions/3.10/lib/python3.10/site-packages/airflow/example_dags/example_branch_python_dop_operator_3.py
[2024-01-13T13:29:48.814+0200] {processor.py:830} INFO - Processing file /Library/Frameworks/Python.framework/Versions/3.10/lib/python3.10/site-packages/airflow/example_dags/example_branch_python_dop_operator_3.py for tasks to queue
[2024-01-13T13:29:48.814+0200] {logging_mixin.py:188} INFO - [2024-01-13T13:29:48.814+0200] {dagbag.py:538} INFO - Filling up the DagBag from /Library/Frameworks/Python.framework/Versions/3.10/lib/python3.10/site-packages/airflow/example_dags/example_branch_python_dop_operator_3.py
[2024-01-13T13:29:48.906+0200] {processor.py:840} INFO - DAG(s) 'example_branch_dop_operator_v3' retrieved from /Library/Frameworks/Python.framework/Versions/3.10/lib/python3.10/site-packages/airflow/example_dags/example_branch_python_dop_operator_3.py
[2024-01-13T13:29:49.022+0200] {logging_mixin.py:188} INFO - [2024-01-13T13:29:49.021+0200] {dag.py:3033} INFO - Sync 1 DAGs
[2024-01-13T13:29:49.042+0200] {logging_mixin.py:188} INFO - [2024-01-13T13:29:49.042+0200] {dag.py:3820} INFO - Setting next_dagrun for example_branch_dop_operator_v3 to 2024-01-13T11:28:00+00:00, run_after=2024-01-13T11:29:00+00:00
[2024-01-13T13:29:49.064+0200] {processor.py:183} INFO - Processing /Library/Frameworks/Python.framework/Versions/3.10/lib/python3.10/site-packages/airflow/example_dags/example_branch_python_dop_operator_3.py took 0.258 seconds
[2024-01-13T15:18:29.385+0200] {processor.py:161} INFO - Started process (PID=42773) to work on /Library/Frameworks/Python.framework/Versions/3.10/lib/python3.10/site-packages/airflow/example_dags/example_branch_python_dop_operator_3.py
[2024-01-13T15:18:29.389+0200] {processor.py:830} INFO - Processing file /Library/Frameworks/Python.framework/Versions/3.10/lib/python3.10/site-packages/airflow/example_dags/example_branch_python_dop_operator_3.py for tasks to queue
[2024-01-13T15:18:29.391+0200] {logging_mixin.py:188} INFO - [2024-01-13T15:18:29.391+0200] {dagbag.py:538} INFO - Filling up the DagBag from /Library/Frameworks/Python.framework/Versions/3.10/lib/python3.10/site-packages/airflow/example_dags/example_branch_python_dop_operator_3.py
[2024-01-13T15:18:29.483+0200] {processor.py:840} INFO - DAG(s) 'example_branch_dop_operator_v3' retrieved from /Library/Frameworks/Python.framework/Versions/3.10/lib/python3.10/site-packages/airflow/example_dags/example_branch_python_dop_operator_3.py
[2024-01-13T15:18:29.674+0200] {logging_mixin.py:188} INFO - [2024-01-13T15:18:29.674+0200] {dag.py:3033} INFO - Sync 1 DAGs
[2024-01-13T15:18:29.692+0200] {logging_mixin.py:188} INFO - [2024-01-13T15:18:29.692+0200] {dag.py:3820} INFO - Setting next_dagrun for example_branch_dop_operator_v3 to 2024-01-13T13:17:00+00:00, run_after=2024-01-13T13:18:00+00:00
[2024-01-13T15:18:29.712+0200] {processor.py:183} INFO - Processing /Library/Frameworks/Python.framework/Versions/3.10/lib/python3.10/site-packages/airflow/example_dags/example_branch_python_dop_operator_3.py took 0.329 seconds
[2024-01-13T15:23:13.957+0200] {processor.py:161} INFO - Started process (PID=43003) to work on /Library/Frameworks/Python.framework/Versions/3.10/lib/python3.10/site-packages/airflow/example_dags/example_branch_python_dop_operator_3.py
[2024-01-13T15:23:13.963+0200] {processor.py:830} INFO - Processing file /Library/Frameworks/Python.framework/Versions/3.10/lib/python3.10/site-packages/airflow/example_dags/example_branch_python_dop_operator_3.py for tasks to queue
[2024-01-13T15:23:13.963+0200] {logging_mixin.py:188} INFO - [2024-01-13T15:23:13.963+0200] {dagbag.py:538} INFO - Filling up the DagBag from /Library/Frameworks/Python.framework/Versions/3.10/lib/python3.10/site-packages/airflow/example_dags/example_branch_python_dop_operator_3.py
[2024-01-13T15:23:14.058+0200] {processor.py:840} INFO - DAG(s) 'example_branch_dop_operator_v3' retrieved from /Library/Frameworks/Python.framework/Versions/3.10/lib/python3.10/site-packages/airflow/example_dags/example_branch_python_dop_operator_3.py
[2024-01-13T15:23:14.158+0200] {logging_mixin.py:188} INFO - [2024-01-13T15:23:14.157+0200] {dag.py:3033} INFO - Sync 1 DAGs
[2024-01-13T15:23:14.175+0200] {logging_mixin.py:188} INFO - [2024-01-13T15:23:14.175+0200] {dag.py:3820} INFO - Setting next_dagrun for example_branch_dop_operator_v3 to 2024-01-13T13:22:00+00:00, run_after=2024-01-13T13:23:00+00:00
[2024-01-13T15:23:14.195+0200] {processor.py:183} INFO - Processing /Library/Frameworks/Python.framework/Versions/3.10/lib/python3.10/site-packages/airflow/example_dags/example_branch_python_dop_operator_3.py took 0.239 seconds
[2024-01-13T15:28:21.345+0200] {processor.py:161} INFO - Started process (PID=43364) to work on /Library/Frameworks/Python.framework/Versions/3.10/lib/python3.10/site-packages/airflow/example_dags/example_branch_python_dop_operator_3.py
[2024-01-13T15:28:21.351+0200] {processor.py:830} INFO - Processing file /Library/Frameworks/Python.framework/Versions/3.10/lib/python3.10/site-packages/airflow/example_dags/example_branch_python_dop_operator_3.py for tasks to queue
[2024-01-13T15:28:21.352+0200] {logging_mixin.py:188} INFO - [2024-01-13T15:28:21.351+0200] {dagbag.py:538} INFO - Filling up the DagBag from /Library/Frameworks/Python.framework/Versions/3.10/lib/python3.10/site-packages/airflow/example_dags/example_branch_python_dop_operator_3.py
[2024-01-13T15:28:21.444+0200] {processor.py:840} INFO - DAG(s) 'example_branch_dop_operator_v3' retrieved from /Library/Frameworks/Python.framework/Versions/3.10/lib/python3.10/site-packages/airflow/example_dags/example_branch_python_dop_operator_3.py
[2024-01-13T15:28:21.550+0200] {logging_mixin.py:188} INFO - [2024-01-13T15:28:21.549+0200] {dag.py:3033} INFO - Sync 1 DAGs
[2024-01-13T15:28:21.570+0200] {logging_mixin.py:188} INFO - [2024-01-13T15:28:21.569+0200] {dag.py:3820} INFO - Setting next_dagrun for example_branch_dop_operator_v3 to 2024-01-13T13:27:00+00:00, run_after=2024-01-13T13:28:00+00:00
[2024-01-13T15:28:21.592+0200] {processor.py:183} INFO - Processing /Library/Frameworks/Python.framework/Versions/3.10/lib/python3.10/site-packages/airflow/example_dags/example_branch_python_dop_operator_3.py took 0.249 seconds
[2024-01-13T15:34:07.228+0200] {processor.py:161} INFO - Started process (PID=43742) to work on /Library/Frameworks/Python.framework/Versions/3.10/lib/python3.10/site-packages/airflow/example_dags/example_branch_python_dop_operator_3.py
[2024-01-13T15:34:07.233+0200] {processor.py:830} INFO - Processing file /Library/Frameworks/Python.framework/Versions/3.10/lib/python3.10/site-packages/airflow/example_dags/example_branch_python_dop_operator_3.py for tasks to queue
[2024-01-13T15:34:07.234+0200] {logging_mixin.py:188} INFO - [2024-01-13T15:34:07.234+0200] {dagbag.py:538} INFO - Filling up the DagBag from /Library/Frameworks/Python.framework/Versions/3.10/lib/python3.10/site-packages/airflow/example_dags/example_branch_python_dop_operator_3.py
[2024-01-13T15:34:07.324+0200] {processor.py:840} INFO - DAG(s) 'example_branch_dop_operator_v3' retrieved from /Library/Frameworks/Python.framework/Versions/3.10/lib/python3.10/site-packages/airflow/example_dags/example_branch_python_dop_operator_3.py
[2024-01-13T15:34:07.510+0200] {logging_mixin.py:188} INFO - [2024-01-13T15:34:07.509+0200] {dag.py:3033} INFO - Sync 1 DAGs
[2024-01-13T15:34:07.527+0200] {logging_mixin.py:188} INFO - [2024-01-13T15:34:07.527+0200] {dag.py:3820} INFO - Setting next_dagrun for example_branch_dop_operator_v3 to 2024-01-13T13:33:00+00:00, run_after=2024-01-13T13:34:00+00:00
[2024-01-13T15:34:07.550+0200] {processor.py:183} INFO - Processing /Library/Frameworks/Python.framework/Versions/3.10/lib/python3.10/site-packages/airflow/example_dags/example_branch_python_dop_operator_3.py took 0.323 seconds
[2024-01-13T15:40:59.724+0200] {processor.py:161} INFO - Started process (PID=44276) to work on /Library/Frameworks/Python.framework/Versions/3.10/lib/python3.10/site-packages/airflow/example_dags/example_branch_python_dop_operator_3.py
[2024-01-13T15:40:59.730+0200] {processor.py:830} INFO - Processing file /Library/Frameworks/Python.framework/Versions/3.10/lib/python3.10/site-packages/airflow/example_dags/example_branch_python_dop_operator_3.py for tasks to queue
[2024-01-13T15:40:59.731+0200] {logging_mixin.py:188} INFO - [2024-01-13T15:40:59.730+0200] {dagbag.py:538} INFO - Filling up the DagBag from /Library/Frameworks/Python.framework/Versions/3.10/lib/python3.10/site-packages/airflow/example_dags/example_branch_python_dop_operator_3.py
[2024-01-13T15:40:59.831+0200] {processor.py:840} INFO - DAG(s) 'example_branch_dop_operator_v3' retrieved from /Library/Frameworks/Python.framework/Versions/3.10/lib/python3.10/site-packages/airflow/example_dags/example_branch_python_dop_operator_3.py
[2024-01-13T15:41:00.060+0200] {logging_mixin.py:188} INFO - [2024-01-13T15:41:00.059+0200] {dag.py:3033} INFO - Sync 1 DAGs
[2024-01-13T15:41:00.081+0200] {logging_mixin.py:188} INFO - [2024-01-13T15:41:00.080+0200] {dag.py:3820} INFO - Setting next_dagrun for example_branch_dop_operator_v3 to 2024-01-13T13:40:00+00:00, run_after=2024-01-13T13:41:00+00:00
[2024-01-13T15:41:00.103+0200] {processor.py:183} INFO - Processing /Library/Frameworks/Python.framework/Versions/3.10/lib/python3.10/site-packages/airflow/example_dags/example_branch_python_dop_operator_3.py took 0.381 seconds
[2024-01-14T00:34:27.319+0200] {processor.py:161} INFO - Started process (PID=45804) to work on /Library/Frameworks/Python.framework/Versions/3.10/lib/python3.10/site-packages/airflow/example_dags/example_branch_python_dop_operator_3.py
[2024-01-14T00:34:27.325+0200] {processor.py:830} INFO - Processing file /Library/Frameworks/Python.framework/Versions/3.10/lib/python3.10/site-packages/airflow/example_dags/example_branch_python_dop_operator_3.py for tasks to queue
[2024-01-14T00:34:27.325+0200] {logging_mixin.py:188} INFO - [2024-01-14T00:34:27.325+0200] {dagbag.py:538} INFO - Filling up the DagBag from /Library/Frameworks/Python.framework/Versions/3.10/lib/python3.10/site-packages/airflow/example_dags/example_branch_python_dop_operator_3.py
[2024-01-14T00:34:27.436+0200] {processor.py:840} INFO - DAG(s) 'example_branch_dop_operator_v3' retrieved from /Library/Frameworks/Python.framework/Versions/3.10/lib/python3.10/site-packages/airflow/example_dags/example_branch_python_dop_operator_3.py
[2024-01-14T00:34:27.541+0200] {logging_mixin.py:188} INFO - [2024-01-14T00:34:27.540+0200] {dag.py:3033} INFO - Sync 1 DAGs
[2024-01-14T00:34:27.560+0200] {logging_mixin.py:188} INFO - [2024-01-14T00:34:27.560+0200] {dag.py:3820} INFO - Setting next_dagrun for example_branch_dop_operator_v3 to 2024-01-13T22:33:00+00:00, run_after=2024-01-13T22:34:00+00:00
[2024-01-14T00:34:27.581+0200] {processor.py:183} INFO - Processing /Library/Frameworks/Python.framework/Versions/3.10/lib/python3.10/site-packages/airflow/example_dags/example_branch_python_dop_operator_3.py took 0.264 seconds
[2024-01-14T00:39:38.922+0200] {processor.py:161} INFO - Started process (PID=46506) to work on /Library/Frameworks/Python.framework/Versions/3.10/lib/python3.10/site-packages/airflow/example_dags/example_branch_python_dop_operator_3.py
[2024-01-14T00:39:38.936+0200] {processor.py:830} INFO - Processing file /Library/Frameworks/Python.framework/Versions/3.10/lib/python3.10/site-packages/airflow/example_dags/example_branch_python_dop_operator_3.py for tasks to queue
[2024-01-14T00:39:38.937+0200] {logging_mixin.py:188} INFO - [2024-01-14T00:39:38.937+0200] {dagbag.py:538} INFO - Filling up the DagBag from /Library/Frameworks/Python.framework/Versions/3.10/lib/python3.10/site-packages/airflow/example_dags/example_branch_python_dop_operator_3.py
[2024-01-14T00:39:39.055+0200] {processor.py:840} INFO - DAG(s) 'example_branch_dop_operator_v3' retrieved from /Library/Frameworks/Python.framework/Versions/3.10/lib/python3.10/site-packages/airflow/example_dags/example_branch_python_dop_operator_3.py
[2024-01-14T00:39:39.174+0200] {logging_mixin.py:188} INFO - [2024-01-14T00:39:39.174+0200] {dag.py:3033} INFO - Sync 1 DAGs
[2024-01-14T00:39:39.192+0200] {logging_mixin.py:188} INFO - [2024-01-14T00:39:39.192+0200] {dag.py:3820} INFO - Setting next_dagrun for example_branch_dop_operator_v3 to 2024-01-13T22:38:00+00:00, run_after=2024-01-13T22:39:00+00:00
[2024-01-14T00:39:39.214+0200] {processor.py:183} INFO - Processing /Library/Frameworks/Python.framework/Versions/3.10/lib/python3.10/site-packages/airflow/example_dags/example_branch_python_dop_operator_3.py took 0.292 seconds
[2024-01-14T00:44:36.743+0200] {processor.py:161} INFO - Started process (PID=46876) to work on /Library/Frameworks/Python.framework/Versions/3.10/lib/python3.10/site-packages/airflow/example_dags/example_branch_python_dop_operator_3.py
[2024-01-14T00:44:36.749+0200] {processor.py:830} INFO - Processing file /Library/Frameworks/Python.framework/Versions/3.10/lib/python3.10/site-packages/airflow/example_dags/example_branch_python_dop_operator_3.py for tasks to queue
[2024-01-14T00:44:36.749+0200] {logging_mixin.py:188} INFO - [2024-01-14T00:44:36.749+0200] {dagbag.py:538} INFO - Filling up the DagBag from /Library/Frameworks/Python.framework/Versions/3.10/lib/python3.10/site-packages/airflow/example_dags/example_branch_python_dop_operator_3.py
[2024-01-14T00:44:36.840+0200] {processor.py:840} INFO - DAG(s) 'example_branch_dop_operator_v3' retrieved from /Library/Frameworks/Python.framework/Versions/3.10/lib/python3.10/site-packages/airflow/example_dags/example_branch_python_dop_operator_3.py
[2024-01-14T00:44:36.945+0200] {logging_mixin.py:188} INFO - [2024-01-14T00:44:36.945+0200] {dag.py:3033} INFO - Sync 1 DAGs
[2024-01-14T00:44:36.972+0200] {logging_mixin.py:188} INFO - [2024-01-14T00:44:36.972+0200] {dag.py:3820} INFO - Setting next_dagrun for example_branch_dop_operator_v3 to 2024-01-13T22:43:00+00:00, run_after=2024-01-13T22:44:00+00:00
[2024-01-14T00:44:37.008+0200] {processor.py:183} INFO - Processing /Library/Frameworks/Python.framework/Versions/3.10/lib/python3.10/site-packages/airflow/example_dags/example_branch_python_dop_operator_3.py took 0.266 seconds
[2024-01-14T00:47:53.070+0200] {processor.py:161} INFO - Started process (PID=47045) to work on /Library/Frameworks/Python.framework/Versions/3.10/lib/python3.10/site-packages/airflow/example_dags/example_branch_python_dop_operator_3.py
[2024-01-14T00:47:53.078+0200] {processor.py:830} INFO - Processing file /Library/Frameworks/Python.framework/Versions/3.10/lib/python3.10/site-packages/airflow/example_dags/example_branch_python_dop_operator_3.py for tasks to queue
[2024-01-14T00:47:53.079+0200] {logging_mixin.py:188} INFO - [2024-01-14T00:47:53.079+0200] {dagbag.py:538} INFO - Filling up the DagBag from /Library/Frameworks/Python.framework/Versions/3.10/lib/python3.10/site-packages/airflow/example_dags/example_branch_python_dop_operator_3.py
[2024-01-14T00:47:53.261+0200] {processor.py:840} INFO - DAG(s) 'example_branch_dop_operator_v3' retrieved from /Library/Frameworks/Python.framework/Versions/3.10/lib/python3.10/site-packages/airflow/example_dags/example_branch_python_dop_operator_3.py
[2024-01-14T00:47:53.541+0200] {logging_mixin.py:188} INFO - [2024-01-14T00:47:53.540+0200] {dag.py:3033} INFO - Sync 1 DAGs
[2024-01-14T00:47:53.562+0200] {logging_mixin.py:188} INFO - [2024-01-14T00:47:53.562+0200] {dag.py:3820} INFO - Setting next_dagrun for example_branch_dop_operator_v3 to 2024-01-13T22:46:00+00:00, run_after=2024-01-13T22:47:00+00:00
[2024-01-14T00:47:53.582+0200] {processor.py:183} INFO - Processing /Library/Frameworks/Python.framework/Versions/3.10/lib/python3.10/site-packages/airflow/example_dags/example_branch_python_dop_operator_3.py took 0.514 seconds
