[2024-01-13T10:07:25.056+0200] {processor.py:161} INFO - Started process (PID=21786) to work on /Library/Frameworks/Python.framework/Versions/3.10/lib/python3.10/site-packages/airflow/example_dags/example_external_task_marker_dag.py
[2024-01-13T10:07:25.060+0200] {processor.py:830} INFO - Processing file /Library/Frameworks/Python.framework/Versions/3.10/lib/python3.10/site-packages/airflow/example_dags/example_external_task_marker_dag.py for tasks to queue
[2024-01-13T10:07:25.060+0200] {logging_mixin.py:188} INFO - [2024-01-13T10:07:25.060+0200] {dagbag.py:538} INFO - Filling up the DagBag from /Library/Frameworks/Python.framework/Versions/3.10/lib/python3.10/site-packages/airflow/example_dags/example_external_task_marker_dag.py
[2024-01-13T10:07:25.130+0200] {processor.py:840} INFO - DAG(s) 'example_external_task_marker_child', 'example_external_task_marker_parent' retrieved from /Library/Frameworks/Python.framework/Versions/3.10/lib/python3.10/site-packages/airflow/example_dags/example_external_task_marker_dag.py
[2024-01-13T10:07:25.239+0200] {logging_mixin.py:188} INFO - [2024-01-13T10:07:25.238+0200] {dag.py:3033} INFO - Sync 2 DAGs
[2024-01-13T10:07:25.247+0200] {logging_mixin.py:188} INFO - [2024-01-13T10:07:25.247+0200] {dag.py:3820} INFO - Setting next_dagrun for example_external_task_marker_child to None, run_after=None
[2024-01-13T10:07:25.249+0200] {logging_mixin.py:188} INFO - [2024-01-13T10:07:25.249+0200] {dag.py:3820} INFO - Setting next_dagrun for example_external_task_marker_parent to None, run_after=None
[2024-01-13T10:07:25.266+0200] {processor.py:183} INFO - Processing /Library/Frameworks/Python.framework/Versions/3.10/lib/python3.10/site-packages/airflow/example_dags/example_external_task_marker_dag.py took 0.212 seconds
[2024-01-13T10:11:24.560+0200] {processor.py:161} INFO - Started process (PID=22058) to work on /Library/Frameworks/Python.framework/Versions/3.10/lib/python3.10/site-packages/airflow/example_dags/example_external_task_marker_dag.py
[2024-01-13T10:11:24.565+0200] {processor.py:830} INFO - Processing file /Library/Frameworks/Python.framework/Versions/3.10/lib/python3.10/site-packages/airflow/example_dags/example_external_task_marker_dag.py for tasks to queue
[2024-01-13T10:11:24.566+0200] {logging_mixin.py:188} INFO - [2024-01-13T10:11:24.566+0200] {dagbag.py:538} INFO - Filling up the DagBag from /Library/Frameworks/Python.framework/Versions/3.10/lib/python3.10/site-packages/airflow/example_dags/example_external_task_marker_dag.py
[2024-01-13T10:11:24.663+0200] {processor.py:840} INFO - DAG(s) 'example_external_task_marker_child', 'example_external_task_marker_parent' retrieved from /Library/Frameworks/Python.framework/Versions/3.10/lib/python3.10/site-packages/airflow/example_dags/example_external_task_marker_dag.py
[2024-01-13T10:11:24.922+0200] {logging_mixin.py:188} INFO - [2024-01-13T10:11:24.922+0200] {dag.py:3033} INFO - Sync 2 DAGs
[2024-01-13T10:11:24.936+0200] {logging_mixin.py:188} INFO - [2024-01-13T10:11:24.936+0200] {dag.py:3820} INFO - Setting next_dagrun for example_external_task_marker_child to None, run_after=None
[2024-01-13T10:11:24.939+0200] {logging_mixin.py:188} INFO - [2024-01-13T10:11:24.939+0200] {dag.py:3820} INFO - Setting next_dagrun for example_external_task_marker_parent to None, run_after=None
[2024-01-13T10:11:24.969+0200] {processor.py:183} INFO - Processing /Library/Frameworks/Python.framework/Versions/3.10/lib/python3.10/site-packages/airflow/example_dags/example_external_task_marker_dag.py took 0.410 seconds
[2024-01-13T10:13:50.217+0200] {processor.py:161} INFO - Started process (PID=22233) to work on /Library/Frameworks/Python.framework/Versions/3.10/lib/python3.10/site-packages/airflow/example_dags/example_external_task_marker_dag.py
[2024-01-13T10:13:50.222+0200] {processor.py:830} INFO - Processing file /Library/Frameworks/Python.framework/Versions/3.10/lib/python3.10/site-packages/airflow/example_dags/example_external_task_marker_dag.py for tasks to queue
[2024-01-13T10:13:50.223+0200] {logging_mixin.py:188} INFO - [2024-01-13T10:13:50.222+0200] {dagbag.py:538} INFO - Filling up the DagBag from /Library/Frameworks/Python.framework/Versions/3.10/lib/python3.10/site-packages/airflow/example_dags/example_external_task_marker_dag.py
[2024-01-13T10:13:50.283+0200] {processor.py:840} INFO - DAG(s) 'example_external_task_marker_parent', 'example_external_task_marker_child' retrieved from /Library/Frameworks/Python.framework/Versions/3.10/lib/python3.10/site-packages/airflow/example_dags/example_external_task_marker_dag.py
[2024-01-13T10:13:50.392+0200] {logging_mixin.py:188} INFO - [2024-01-13T10:13:50.392+0200] {dag.py:3033} INFO - Sync 2 DAGs
[2024-01-13T10:13:50.399+0200] {logging_mixin.py:188} INFO - [2024-01-13T10:13:50.399+0200] {dag.py:3820} INFO - Setting next_dagrun for example_external_task_marker_child to None, run_after=None
[2024-01-13T10:13:50.402+0200] {logging_mixin.py:188} INFO - [2024-01-13T10:13:50.402+0200] {dag.py:3820} INFO - Setting next_dagrun for example_external_task_marker_parent to None, run_after=None
[2024-01-13T10:13:50.419+0200] {processor.py:183} INFO - Processing /Library/Frameworks/Python.framework/Versions/3.10/lib/python3.10/site-packages/airflow/example_dags/example_external_task_marker_dag.py took 0.204 seconds
[2024-01-13T10:18:01.334+0200] {processor.py:161} INFO - Started process (PID=23378) to work on /Library/Frameworks/Python.framework/Versions/3.10/lib/python3.10/site-packages/airflow/example_dags/example_external_task_marker_dag.py
[2024-01-13T10:18:01.339+0200] {processor.py:830} INFO - Processing file /Library/Frameworks/Python.framework/Versions/3.10/lib/python3.10/site-packages/airflow/example_dags/example_external_task_marker_dag.py for tasks to queue
[2024-01-13T10:18:01.339+0200] {logging_mixin.py:188} INFO - [2024-01-13T10:18:01.339+0200] {dagbag.py:538} INFO - Filling up the DagBag from /Library/Frameworks/Python.framework/Versions/3.10/lib/python3.10/site-packages/airflow/example_dags/example_external_task_marker_dag.py
[2024-01-13T10:18:01.397+0200] {processor.py:840} INFO - DAG(s) 'example_external_task_marker_child', 'example_external_task_marker_parent' retrieved from /Library/Frameworks/Python.framework/Versions/3.10/lib/python3.10/site-packages/airflow/example_dags/example_external_task_marker_dag.py
[2024-01-13T10:18:01.545+0200] {logging_mixin.py:188} INFO - [2024-01-13T10:18:01.545+0200] {dag.py:3033} INFO - Sync 2 DAGs
[2024-01-13T10:18:01.553+0200] {logging_mixin.py:188} INFO - [2024-01-13T10:18:01.552+0200] {dag.py:3820} INFO - Setting next_dagrun for example_external_task_marker_child to None, run_after=None
[2024-01-13T10:18:01.555+0200] {logging_mixin.py:188} INFO - [2024-01-13T10:18:01.555+0200] {dag.py:3820} INFO - Setting next_dagrun for example_external_task_marker_parent to None, run_after=None
[2024-01-13T10:18:01.572+0200] {processor.py:183} INFO - Processing /Library/Frameworks/Python.framework/Versions/3.10/lib/python3.10/site-packages/airflow/example_dags/example_external_task_marker_dag.py took 0.239 seconds
[2024-01-13T10:21:54.953+0200] {processor.py:161} INFO - Started process (PID=23533) to work on /Library/Frameworks/Python.framework/Versions/3.10/lib/python3.10/site-packages/airflow/example_dags/example_external_task_marker_dag.py
[2024-01-13T10:21:54.958+0200] {processor.py:830} INFO - Processing file /Library/Frameworks/Python.framework/Versions/3.10/lib/python3.10/site-packages/airflow/example_dags/example_external_task_marker_dag.py for tasks to queue
[2024-01-13T10:21:54.959+0200] {logging_mixin.py:188} INFO - [2024-01-13T10:21:54.959+0200] {dagbag.py:538} INFO - Filling up the DagBag from /Library/Frameworks/Python.framework/Versions/3.10/lib/python3.10/site-packages/airflow/example_dags/example_external_task_marker_dag.py
[2024-01-13T10:21:55.021+0200] {processor.py:840} INFO - DAG(s) 'example_external_task_marker_child', 'example_external_task_marker_parent' retrieved from /Library/Frameworks/Python.framework/Versions/3.10/lib/python3.10/site-packages/airflow/example_dags/example_external_task_marker_dag.py
[2024-01-13T10:21:55.129+0200] {logging_mixin.py:188} INFO - [2024-01-13T10:21:55.128+0200] {dag.py:3033} INFO - Sync 2 DAGs
[2024-01-13T10:21:55.136+0200] {logging_mixin.py:188} INFO - [2024-01-13T10:21:55.136+0200] {dag.py:3820} INFO - Setting next_dagrun for example_external_task_marker_child to None, run_after=None
[2024-01-13T10:21:55.138+0200] {logging_mixin.py:188} INFO - [2024-01-13T10:21:55.138+0200] {dag.py:3820} INFO - Setting next_dagrun for example_external_task_marker_parent to None, run_after=None
[2024-01-13T10:21:55.153+0200] {processor.py:183} INFO - Processing /Library/Frameworks/Python.framework/Versions/3.10/lib/python3.10/site-packages/airflow/example_dags/example_external_task_marker_dag.py took 0.202 seconds
[2024-01-13T10:25:49.633+0200] {processor.py:161} INFO - Started process (PID=23786) to work on /Library/Frameworks/Python.framework/Versions/3.10/lib/python3.10/site-packages/airflow/example_dags/example_external_task_marker_dag.py
[2024-01-13T10:25:49.637+0200] {processor.py:830} INFO - Processing file /Library/Frameworks/Python.framework/Versions/3.10/lib/python3.10/site-packages/airflow/example_dags/example_external_task_marker_dag.py for tasks to queue
[2024-01-13T10:25:49.638+0200] {logging_mixin.py:188} INFO - [2024-01-13T10:25:49.638+0200] {dagbag.py:538} INFO - Filling up the DagBag from /Library/Frameworks/Python.framework/Versions/3.10/lib/python3.10/site-packages/airflow/example_dags/example_external_task_marker_dag.py
[2024-01-13T10:25:49.698+0200] {processor.py:840} INFO - DAG(s) 'example_external_task_marker_parent', 'example_external_task_marker_child' retrieved from /Library/Frameworks/Python.framework/Versions/3.10/lib/python3.10/site-packages/airflow/example_dags/example_external_task_marker_dag.py
[2024-01-13T10:25:49.818+0200] {logging_mixin.py:188} INFO - [2024-01-13T10:25:49.817+0200] {dag.py:3033} INFO - Sync 2 DAGs
[2024-01-13T10:25:49.826+0200] {logging_mixin.py:188} INFO - [2024-01-13T10:25:49.826+0200] {dag.py:3820} INFO - Setting next_dagrun for example_external_task_marker_child to None, run_after=None
[2024-01-13T10:25:49.829+0200] {logging_mixin.py:188} INFO - [2024-01-13T10:25:49.829+0200] {dag.py:3820} INFO - Setting next_dagrun for example_external_task_marker_parent to None, run_after=None
[2024-01-13T10:25:49.844+0200] {processor.py:183} INFO - Processing /Library/Frameworks/Python.framework/Versions/3.10/lib/python3.10/site-packages/airflow/example_dags/example_external_task_marker_dag.py took 0.213 seconds
[2024-01-13T10:29:44.699+0200] {processor.py:161} INFO - Started process (PID=23949) to work on /Library/Frameworks/Python.framework/Versions/3.10/lib/python3.10/site-packages/airflow/example_dags/example_external_task_marker_dag.py
[2024-01-13T10:29:44.704+0200] {processor.py:830} INFO - Processing file /Library/Frameworks/Python.framework/Versions/3.10/lib/python3.10/site-packages/airflow/example_dags/example_external_task_marker_dag.py for tasks to queue
[2024-01-13T10:29:44.704+0200] {logging_mixin.py:188} INFO - [2024-01-13T10:29:44.704+0200] {dagbag.py:538} INFO - Filling up the DagBag from /Library/Frameworks/Python.framework/Versions/3.10/lib/python3.10/site-packages/airflow/example_dags/example_external_task_marker_dag.py
[2024-01-13T10:29:44.771+0200] {processor.py:840} INFO - DAG(s) 'example_external_task_marker_parent', 'example_external_task_marker_child' retrieved from /Library/Frameworks/Python.framework/Versions/3.10/lib/python3.10/site-packages/airflow/example_dags/example_external_task_marker_dag.py
[2024-01-13T10:29:44.897+0200] {logging_mixin.py:188} INFO - [2024-01-13T10:29:44.896+0200] {dag.py:3033} INFO - Sync 2 DAGs
[2024-01-13T10:29:44.905+0200] {logging_mixin.py:188} INFO - [2024-01-13T10:29:44.905+0200] {dag.py:3820} INFO - Setting next_dagrun for example_external_task_marker_child to None, run_after=None
[2024-01-13T10:29:44.908+0200] {logging_mixin.py:188} INFO - [2024-01-13T10:29:44.907+0200] {dag.py:3820} INFO - Setting next_dagrun for example_external_task_marker_parent to None, run_after=None
[2024-01-13T10:29:44.928+0200] {processor.py:183} INFO - Processing /Library/Frameworks/Python.framework/Versions/3.10/lib/python3.10/site-packages/airflow/example_dags/example_external_task_marker_dag.py took 0.231 seconds
[2024-01-13T10:33:35.379+0200] {processor.py:161} INFO - Started process (PID=24235) to work on /Library/Frameworks/Python.framework/Versions/3.10/lib/python3.10/site-packages/airflow/example_dags/example_external_task_marker_dag.py
[2024-01-13T10:33:35.383+0200] {processor.py:830} INFO - Processing file /Library/Frameworks/Python.framework/Versions/3.10/lib/python3.10/site-packages/airflow/example_dags/example_external_task_marker_dag.py for tasks to queue
[2024-01-13T10:33:35.384+0200] {logging_mixin.py:188} INFO - [2024-01-13T10:33:35.384+0200] {dagbag.py:538} INFO - Filling up the DagBag from /Library/Frameworks/Python.framework/Versions/3.10/lib/python3.10/site-packages/airflow/example_dags/example_external_task_marker_dag.py
[2024-01-13T10:33:35.447+0200] {processor.py:840} INFO - DAG(s) 'example_external_task_marker_child', 'example_external_task_marker_parent' retrieved from /Library/Frameworks/Python.framework/Versions/3.10/lib/python3.10/site-packages/airflow/example_dags/example_external_task_marker_dag.py
[2024-01-13T10:33:35.568+0200] {logging_mixin.py:188} INFO - [2024-01-13T10:33:35.567+0200] {dag.py:3033} INFO - Sync 2 DAGs
[2024-01-13T10:33:35.576+0200] {logging_mixin.py:188} INFO - [2024-01-13T10:33:35.576+0200] {dag.py:3820} INFO - Setting next_dagrun for example_external_task_marker_child to None, run_after=None
[2024-01-13T10:33:35.579+0200] {logging_mixin.py:188} INFO - [2024-01-13T10:33:35.579+0200] {dag.py:3820} INFO - Setting next_dagrun for example_external_task_marker_parent to None, run_after=None
[2024-01-13T10:33:35.597+0200] {processor.py:183} INFO - Processing /Library/Frameworks/Python.framework/Versions/3.10/lib/python3.10/site-packages/airflow/example_dags/example_external_task_marker_dag.py took 0.220 seconds
[2024-01-13T10:37:28.403+0200] {processor.py:161} INFO - Started process (PID=24408) to work on /Library/Frameworks/Python.framework/Versions/3.10/lib/python3.10/site-packages/airflow/example_dags/example_external_task_marker_dag.py
[2024-01-13T10:37:28.408+0200] {processor.py:830} INFO - Processing file /Library/Frameworks/Python.framework/Versions/3.10/lib/python3.10/site-packages/airflow/example_dags/example_external_task_marker_dag.py for tasks to queue
[2024-01-13T10:37:28.409+0200] {logging_mixin.py:188} INFO - [2024-01-13T10:37:28.409+0200] {dagbag.py:538} INFO - Filling up the DagBag from /Library/Frameworks/Python.framework/Versions/3.10/lib/python3.10/site-packages/airflow/example_dags/example_external_task_marker_dag.py
[2024-01-13T10:37:28.473+0200] {processor.py:840} INFO - DAG(s) 'example_external_task_marker_parent', 'example_external_task_marker_child' retrieved from /Library/Frameworks/Python.framework/Versions/3.10/lib/python3.10/site-packages/airflow/example_dags/example_external_task_marker_dag.py
[2024-01-13T10:37:28.589+0200] {logging_mixin.py:188} INFO - [2024-01-13T10:37:28.589+0200] {dag.py:3033} INFO - Sync 2 DAGs
[2024-01-13T10:37:28.597+0200] {logging_mixin.py:188} INFO - [2024-01-13T10:37:28.597+0200] {dag.py:3820} INFO - Setting next_dagrun for example_external_task_marker_child to None, run_after=None
[2024-01-13T10:37:28.600+0200] {logging_mixin.py:188} INFO - [2024-01-13T10:37:28.599+0200] {dag.py:3820} INFO - Setting next_dagrun for example_external_task_marker_parent to None, run_after=None
[2024-01-13T10:37:28.616+0200] {processor.py:183} INFO - Processing /Library/Frameworks/Python.framework/Versions/3.10/lib/python3.10/site-packages/airflow/example_dags/example_external_task_marker_dag.py took 0.215 seconds
[2024-01-13T10:41:23.773+0200] {processor.py:161} INFO - Started process (PID=24658) to work on /Library/Frameworks/Python.framework/Versions/3.10/lib/python3.10/site-packages/airflow/example_dags/example_external_task_marker_dag.py
[2024-01-13T10:41:23.777+0200] {processor.py:830} INFO - Processing file /Library/Frameworks/Python.framework/Versions/3.10/lib/python3.10/site-packages/airflow/example_dags/example_external_task_marker_dag.py for tasks to queue
[2024-01-13T10:41:23.778+0200] {logging_mixin.py:188} INFO - [2024-01-13T10:41:23.778+0200] {dagbag.py:538} INFO - Filling up the DagBag from /Library/Frameworks/Python.framework/Versions/3.10/lib/python3.10/site-packages/airflow/example_dags/example_external_task_marker_dag.py
[2024-01-13T10:41:23.841+0200] {processor.py:840} INFO - DAG(s) 'example_external_task_marker_child', 'example_external_task_marker_parent' retrieved from /Library/Frameworks/Python.framework/Versions/3.10/lib/python3.10/site-packages/airflow/example_dags/example_external_task_marker_dag.py
[2024-01-13T10:41:23.950+0200] {logging_mixin.py:188} INFO - [2024-01-13T10:41:23.949+0200] {dag.py:3033} INFO - Sync 2 DAGs
[2024-01-13T10:41:23.957+0200] {logging_mixin.py:188} INFO - [2024-01-13T10:41:23.957+0200] {dag.py:3820} INFO - Setting next_dagrun for example_external_task_marker_child to None, run_after=None
[2024-01-13T10:41:23.959+0200] {logging_mixin.py:188} INFO - [2024-01-13T10:41:23.959+0200] {dag.py:3820} INFO - Setting next_dagrun for example_external_task_marker_parent to None, run_after=None
[2024-01-13T10:41:23.976+0200] {processor.py:183} INFO - Processing /Library/Frameworks/Python.framework/Versions/3.10/lib/python3.10/site-packages/airflow/example_dags/example_external_task_marker_dag.py took 0.205 seconds
[2024-01-13T10:45:21.116+0200] {processor.py:161} INFO - Started process (PID=24928) to work on /Library/Frameworks/Python.framework/Versions/3.10/lib/python3.10/site-packages/airflow/example_dags/example_external_task_marker_dag.py
[2024-01-13T10:45:21.121+0200] {processor.py:830} INFO - Processing file /Library/Frameworks/Python.framework/Versions/3.10/lib/python3.10/site-packages/airflow/example_dags/example_external_task_marker_dag.py for tasks to queue
[2024-01-13T10:45:21.121+0200] {logging_mixin.py:188} INFO - [2024-01-13T10:45:21.121+0200] {dagbag.py:538} INFO - Filling up the DagBag from /Library/Frameworks/Python.framework/Versions/3.10/lib/python3.10/site-packages/airflow/example_dags/example_external_task_marker_dag.py
[2024-01-13T10:45:21.184+0200] {processor.py:840} INFO - DAG(s) 'example_external_task_marker_child', 'example_external_task_marker_parent' retrieved from /Library/Frameworks/Python.framework/Versions/3.10/lib/python3.10/site-packages/airflow/example_dags/example_external_task_marker_dag.py
[2024-01-13T10:45:21.299+0200] {logging_mixin.py:188} INFO - [2024-01-13T10:45:21.298+0200] {dag.py:3033} INFO - Sync 2 DAGs
[2024-01-13T10:45:21.306+0200] {logging_mixin.py:188} INFO - [2024-01-13T10:45:21.306+0200] {dag.py:3820} INFO - Setting next_dagrun for example_external_task_marker_child to None, run_after=None
[2024-01-13T10:45:21.309+0200] {logging_mixin.py:188} INFO - [2024-01-13T10:45:21.309+0200] {dag.py:3820} INFO - Setting next_dagrun for example_external_task_marker_parent to None, run_after=None
[2024-01-13T10:45:21.325+0200] {processor.py:183} INFO - Processing /Library/Frameworks/Python.framework/Versions/3.10/lib/python3.10/site-packages/airflow/example_dags/example_external_task_marker_dag.py took 0.210 seconds
[2024-01-13T10:49:02.941+0200] {processor.py:161} INFO - Started process (PID=25082) to work on /Library/Frameworks/Python.framework/Versions/3.10/lib/python3.10/site-packages/airflow/example_dags/example_external_task_marker_dag.py
[2024-01-13T10:49:02.945+0200] {processor.py:830} INFO - Processing file /Library/Frameworks/Python.framework/Versions/3.10/lib/python3.10/site-packages/airflow/example_dags/example_external_task_marker_dag.py for tasks to queue
[2024-01-13T10:49:02.946+0200] {logging_mixin.py:188} INFO - [2024-01-13T10:49:02.946+0200] {dagbag.py:538} INFO - Filling up the DagBag from /Library/Frameworks/Python.framework/Versions/3.10/lib/python3.10/site-packages/airflow/example_dags/example_external_task_marker_dag.py
[2024-01-13T10:49:03.005+0200] {processor.py:840} INFO - DAG(s) 'example_external_task_marker_parent', 'example_external_task_marker_child' retrieved from /Library/Frameworks/Python.framework/Versions/3.10/lib/python3.10/site-packages/airflow/example_dags/example_external_task_marker_dag.py
[2024-01-13T10:49:03.115+0200] {logging_mixin.py:188} INFO - [2024-01-13T10:49:03.114+0200] {dag.py:3033} INFO - Sync 2 DAGs
[2024-01-13T10:49:03.122+0200] {logging_mixin.py:188} INFO - [2024-01-13T10:49:03.122+0200] {dag.py:3820} INFO - Setting next_dagrun for example_external_task_marker_child to None, run_after=None
[2024-01-13T10:49:03.124+0200] {logging_mixin.py:188} INFO - [2024-01-13T10:49:03.124+0200] {dag.py:3820} INFO - Setting next_dagrun for example_external_task_marker_parent to None, run_after=None
[2024-01-13T10:49:03.140+0200] {processor.py:183} INFO - Processing /Library/Frameworks/Python.framework/Versions/3.10/lib/python3.10/site-packages/airflow/example_dags/example_external_task_marker_dag.py took 0.201 seconds
[2024-01-13T10:52:43.344+0200] {processor.py:161} INFO - Started process (PID=25338) to work on /Library/Frameworks/Python.framework/Versions/3.10/lib/python3.10/site-packages/airflow/example_dags/example_external_task_marker_dag.py
[2024-01-13T10:52:43.348+0200] {processor.py:830} INFO - Processing file /Library/Frameworks/Python.framework/Versions/3.10/lib/python3.10/site-packages/airflow/example_dags/example_external_task_marker_dag.py for tasks to queue
[2024-01-13T10:52:43.349+0200] {logging_mixin.py:188} INFO - [2024-01-13T10:52:43.349+0200] {dagbag.py:538} INFO - Filling up the DagBag from /Library/Frameworks/Python.framework/Versions/3.10/lib/python3.10/site-packages/airflow/example_dags/example_external_task_marker_dag.py
[2024-01-13T10:52:43.409+0200] {processor.py:840} INFO - DAG(s) 'example_external_task_marker_child', 'example_external_task_marker_parent' retrieved from /Library/Frameworks/Python.framework/Versions/3.10/lib/python3.10/site-packages/airflow/example_dags/example_external_task_marker_dag.py
[2024-01-13T10:52:43.514+0200] {logging_mixin.py:188} INFO - [2024-01-13T10:52:43.514+0200] {dag.py:3033} INFO - Sync 2 DAGs
[2024-01-13T10:52:43.522+0200] {logging_mixin.py:188} INFO - [2024-01-13T10:52:43.521+0200] {dag.py:3820} INFO - Setting next_dagrun for example_external_task_marker_child to None, run_after=None
[2024-01-13T10:52:43.524+0200] {logging_mixin.py:188} INFO - [2024-01-13T10:52:43.524+0200] {dag.py:3820} INFO - Setting next_dagrun for example_external_task_marker_parent to None, run_after=None
[2024-01-13T10:52:43.539+0200] {processor.py:183} INFO - Processing /Library/Frameworks/Python.framework/Versions/3.10/lib/python3.10/site-packages/airflow/example_dags/example_external_task_marker_dag.py took 0.197 seconds
[2024-01-13T10:56:46.598+0200] {processor.py:161} INFO - Started process (PID=25626) to work on /Library/Frameworks/Python.framework/Versions/3.10/lib/python3.10/site-packages/airflow/example_dags/example_external_task_marker_dag.py
[2024-01-13T10:56:46.602+0200] {processor.py:830} INFO - Processing file /Library/Frameworks/Python.framework/Versions/3.10/lib/python3.10/site-packages/airflow/example_dags/example_external_task_marker_dag.py for tasks to queue
[2024-01-13T10:56:46.603+0200] {logging_mixin.py:188} INFO - [2024-01-13T10:56:46.603+0200] {dagbag.py:538} INFO - Filling up the DagBag from /Library/Frameworks/Python.framework/Versions/3.10/lib/python3.10/site-packages/airflow/example_dags/example_external_task_marker_dag.py
[2024-01-13T10:56:46.662+0200] {processor.py:840} INFO - DAG(s) 'example_external_task_marker_parent', 'example_external_task_marker_child' retrieved from /Library/Frameworks/Python.framework/Versions/3.10/lib/python3.10/site-packages/airflow/example_dags/example_external_task_marker_dag.py
[2024-01-13T10:56:46.768+0200] {logging_mixin.py:188} INFO - [2024-01-13T10:56:46.768+0200] {dag.py:3033} INFO - Sync 2 DAGs
[2024-01-13T10:56:46.776+0200] {logging_mixin.py:188} INFO - [2024-01-13T10:56:46.776+0200] {dag.py:3820} INFO - Setting next_dagrun for example_external_task_marker_child to None, run_after=None
[2024-01-13T10:56:46.778+0200] {logging_mixin.py:188} INFO - [2024-01-13T10:56:46.778+0200] {dag.py:3820} INFO - Setting next_dagrun for example_external_task_marker_parent to None, run_after=None
[2024-01-13T10:56:46.794+0200] {processor.py:183} INFO - Processing /Library/Frameworks/Python.framework/Versions/3.10/lib/python3.10/site-packages/airflow/example_dags/example_external_task_marker_dag.py took 0.197 seconds
[2024-01-13T11:00:35.658+0200] {processor.py:161} INFO - Started process (PID=25769) to work on /Library/Frameworks/Python.framework/Versions/3.10/lib/python3.10/site-packages/airflow/example_dags/example_external_task_marker_dag.py
[2024-01-13T11:00:35.662+0200] {processor.py:830} INFO - Processing file /Library/Frameworks/Python.framework/Versions/3.10/lib/python3.10/site-packages/airflow/example_dags/example_external_task_marker_dag.py for tasks to queue
[2024-01-13T11:00:35.663+0200] {logging_mixin.py:188} INFO - [2024-01-13T11:00:35.663+0200] {dagbag.py:538} INFO - Filling up the DagBag from /Library/Frameworks/Python.framework/Versions/3.10/lib/python3.10/site-packages/airflow/example_dags/example_external_task_marker_dag.py
[2024-01-13T11:00:35.723+0200] {processor.py:840} INFO - DAG(s) 'example_external_task_marker_parent', 'example_external_task_marker_child' retrieved from /Library/Frameworks/Python.framework/Versions/3.10/lib/python3.10/site-packages/airflow/example_dags/example_external_task_marker_dag.py
[2024-01-13T11:00:35.837+0200] {logging_mixin.py:188} INFO - [2024-01-13T11:00:35.837+0200] {dag.py:3033} INFO - Sync 2 DAGs
[2024-01-13T11:00:35.845+0200] {logging_mixin.py:188} INFO - [2024-01-13T11:00:35.845+0200] {dag.py:3820} INFO - Setting next_dagrun for example_external_task_marker_child to None, run_after=None
[2024-01-13T11:00:35.847+0200] {logging_mixin.py:188} INFO - [2024-01-13T11:00:35.847+0200] {dag.py:3820} INFO - Setting next_dagrun for example_external_task_marker_parent to None, run_after=None
[2024-01-13T11:00:35.864+0200] {processor.py:183} INFO - Processing /Library/Frameworks/Python.framework/Versions/3.10/lib/python3.10/site-packages/airflow/example_dags/example_external_task_marker_dag.py took 0.207 seconds
[2024-01-13T11:04:23.265+0200] {processor.py:161} INFO - Started process (PID=25925) to work on /Library/Frameworks/Python.framework/Versions/3.10/lib/python3.10/site-packages/airflow/example_dags/example_external_task_marker_dag.py
[2024-01-13T11:04:23.269+0200] {processor.py:830} INFO - Processing file /Library/Frameworks/Python.framework/Versions/3.10/lib/python3.10/site-packages/airflow/example_dags/example_external_task_marker_dag.py for tasks to queue
[2024-01-13T11:04:23.270+0200] {logging_mixin.py:188} INFO - [2024-01-13T11:04:23.269+0200] {dagbag.py:538} INFO - Filling up the DagBag from /Library/Frameworks/Python.framework/Versions/3.10/lib/python3.10/site-packages/airflow/example_dags/example_external_task_marker_dag.py
[2024-01-13T11:04:23.331+0200] {processor.py:840} INFO - DAG(s) 'example_external_task_marker_child', 'example_external_task_marker_parent' retrieved from /Library/Frameworks/Python.framework/Versions/3.10/lib/python3.10/site-packages/airflow/example_dags/example_external_task_marker_dag.py
[2024-01-13T11:04:23.434+0200] {logging_mixin.py:188} INFO - [2024-01-13T11:04:23.434+0200] {dag.py:3033} INFO - Sync 2 DAGs
[2024-01-13T11:04:23.442+0200] {logging_mixin.py:188} INFO - [2024-01-13T11:04:23.442+0200] {dag.py:3820} INFO - Setting next_dagrun for example_external_task_marker_child to None, run_after=None
[2024-01-13T11:04:23.444+0200] {logging_mixin.py:188} INFO - [2024-01-13T11:04:23.444+0200] {dag.py:3820} INFO - Setting next_dagrun for example_external_task_marker_parent to None, run_after=None
[2024-01-13T11:04:23.460+0200] {processor.py:183} INFO - Processing /Library/Frameworks/Python.framework/Versions/3.10/lib/python3.10/site-packages/airflow/example_dags/example_external_task_marker_dag.py took 0.196 seconds
[2024-01-13T11:08:21.501+0200] {processor.py:161} INFO - Started process (PID=26201) to work on /Library/Frameworks/Python.framework/Versions/3.10/lib/python3.10/site-packages/airflow/example_dags/example_external_task_marker_dag.py
[2024-01-13T11:08:21.505+0200] {processor.py:830} INFO - Processing file /Library/Frameworks/Python.framework/Versions/3.10/lib/python3.10/site-packages/airflow/example_dags/example_external_task_marker_dag.py for tasks to queue
[2024-01-13T11:08:21.506+0200] {logging_mixin.py:188} INFO - [2024-01-13T11:08:21.506+0200] {dagbag.py:538} INFO - Filling up the DagBag from /Library/Frameworks/Python.framework/Versions/3.10/lib/python3.10/site-packages/airflow/example_dags/example_external_task_marker_dag.py
[2024-01-13T11:08:21.566+0200] {processor.py:840} INFO - DAG(s) 'example_external_task_marker_child', 'example_external_task_marker_parent' retrieved from /Library/Frameworks/Python.framework/Versions/3.10/lib/python3.10/site-packages/airflow/example_dags/example_external_task_marker_dag.py
[2024-01-13T11:08:21.675+0200] {logging_mixin.py:188} INFO - [2024-01-13T11:08:21.675+0200] {dag.py:3033} INFO - Sync 2 DAGs
[2024-01-13T11:08:21.683+0200] {logging_mixin.py:188} INFO - [2024-01-13T11:08:21.683+0200] {dag.py:3820} INFO - Setting next_dagrun for example_external_task_marker_child to None, run_after=None
[2024-01-13T11:08:21.685+0200] {logging_mixin.py:188} INFO - [2024-01-13T11:08:21.685+0200] {dag.py:3820} INFO - Setting next_dagrun for example_external_task_marker_parent to None, run_after=None
[2024-01-13T11:08:21.701+0200] {processor.py:183} INFO - Processing /Library/Frameworks/Python.framework/Versions/3.10/lib/python3.10/site-packages/airflow/example_dags/example_external_task_marker_dag.py took 0.202 seconds
[2024-01-13T11:12:14.718+0200] {processor.py:161} INFO - Started process (PID=26372) to work on /Library/Frameworks/Python.framework/Versions/3.10/lib/python3.10/site-packages/airflow/example_dags/example_external_task_marker_dag.py
[2024-01-13T11:12:14.723+0200] {processor.py:830} INFO - Processing file /Library/Frameworks/Python.framework/Versions/3.10/lib/python3.10/site-packages/airflow/example_dags/example_external_task_marker_dag.py for tasks to queue
[2024-01-13T11:12:14.724+0200] {logging_mixin.py:188} INFO - [2024-01-13T11:12:14.723+0200] {dagbag.py:538} INFO - Filling up the DagBag from /Library/Frameworks/Python.framework/Versions/3.10/lib/python3.10/site-packages/airflow/example_dags/example_external_task_marker_dag.py
[2024-01-13T11:12:14.783+0200] {processor.py:840} INFO - DAG(s) 'example_external_task_marker_child', 'example_external_task_marker_parent' retrieved from /Library/Frameworks/Python.framework/Versions/3.10/lib/python3.10/site-packages/airflow/example_dags/example_external_task_marker_dag.py
[2024-01-13T11:12:14.892+0200] {logging_mixin.py:188} INFO - [2024-01-13T11:12:14.891+0200] {dag.py:3033} INFO - Sync 2 DAGs
[2024-01-13T11:12:14.899+0200] {logging_mixin.py:188} INFO - [2024-01-13T11:12:14.899+0200] {dag.py:3820} INFO - Setting next_dagrun for example_external_task_marker_child to None, run_after=None
[2024-01-13T11:12:14.902+0200] {logging_mixin.py:188} INFO - [2024-01-13T11:12:14.901+0200] {dag.py:3820} INFO - Setting next_dagrun for example_external_task_marker_parent to None, run_after=None
[2024-01-13T11:12:14.918+0200] {processor.py:183} INFO - Processing /Library/Frameworks/Python.framework/Versions/3.10/lib/python3.10/site-packages/airflow/example_dags/example_external_task_marker_dag.py took 0.202 seconds
[2024-01-13T11:16:07.606+0200] {processor.py:161} INFO - Started process (PID=26643) to work on /Library/Frameworks/Python.framework/Versions/3.10/lib/python3.10/site-packages/airflow/example_dags/example_external_task_marker_dag.py
[2024-01-13T11:16:07.611+0200] {processor.py:830} INFO - Processing file /Library/Frameworks/Python.framework/Versions/3.10/lib/python3.10/site-packages/airflow/example_dags/example_external_task_marker_dag.py for tasks to queue
[2024-01-13T11:16:07.612+0200] {logging_mixin.py:188} INFO - [2024-01-13T11:16:07.612+0200] {dagbag.py:538} INFO - Filling up the DagBag from /Library/Frameworks/Python.framework/Versions/3.10/lib/python3.10/site-packages/airflow/example_dags/example_external_task_marker_dag.py
[2024-01-13T11:16:07.673+0200] {processor.py:840} INFO - DAG(s) 'example_external_task_marker_child', 'example_external_task_marker_parent' retrieved from /Library/Frameworks/Python.framework/Versions/3.10/lib/python3.10/site-packages/airflow/example_dags/example_external_task_marker_dag.py
[2024-01-13T11:16:07.780+0200] {logging_mixin.py:188} INFO - [2024-01-13T11:16:07.780+0200] {dag.py:3033} INFO - Sync 2 DAGs
[2024-01-13T11:16:07.788+0200] {logging_mixin.py:188} INFO - [2024-01-13T11:16:07.788+0200] {dag.py:3820} INFO - Setting next_dagrun for example_external_task_marker_child to None, run_after=None
[2024-01-13T11:16:07.791+0200] {logging_mixin.py:188} INFO - [2024-01-13T11:16:07.791+0200] {dag.py:3820} INFO - Setting next_dagrun for example_external_task_marker_parent to None, run_after=None
[2024-01-13T11:16:07.809+0200] {processor.py:183} INFO - Processing /Library/Frameworks/Python.framework/Versions/3.10/lib/python3.10/site-packages/airflow/example_dags/example_external_task_marker_dag.py took 0.204 seconds
[2024-01-13T11:20:02.781+0200] {processor.py:161} INFO - Started process (PID=26898) to work on /Library/Frameworks/Python.framework/Versions/3.10/lib/python3.10/site-packages/airflow/example_dags/example_external_task_marker_dag.py
[2024-01-13T11:20:02.786+0200] {processor.py:830} INFO - Processing file /Library/Frameworks/Python.framework/Versions/3.10/lib/python3.10/site-packages/airflow/example_dags/example_external_task_marker_dag.py for tasks to queue
[2024-01-13T11:20:02.786+0200] {logging_mixin.py:188} INFO - [2024-01-13T11:20:02.786+0200] {dagbag.py:538} INFO - Filling up the DagBag from /Library/Frameworks/Python.framework/Versions/3.10/lib/python3.10/site-packages/airflow/example_dags/example_external_task_marker_dag.py
[2024-01-13T11:20:02.849+0200] {processor.py:840} INFO - DAG(s) 'example_external_task_marker_child', 'example_external_task_marker_parent' retrieved from /Library/Frameworks/Python.framework/Versions/3.10/lib/python3.10/site-packages/airflow/example_dags/example_external_task_marker_dag.py
[2024-01-13T11:20:02.964+0200] {logging_mixin.py:188} INFO - [2024-01-13T11:20:02.963+0200] {dag.py:3033} INFO - Sync 2 DAGs
[2024-01-13T11:20:02.972+0200] {logging_mixin.py:188} INFO - [2024-01-13T11:20:02.972+0200] {dag.py:3820} INFO - Setting next_dagrun for example_external_task_marker_child to None, run_after=None
[2024-01-13T11:20:02.974+0200] {logging_mixin.py:188} INFO - [2024-01-13T11:20:02.974+0200] {dag.py:3820} INFO - Setting next_dagrun for example_external_task_marker_parent to None, run_after=None
[2024-01-13T11:20:02.991+0200] {processor.py:183} INFO - Processing /Library/Frameworks/Python.framework/Versions/3.10/lib/python3.10/site-packages/airflow/example_dags/example_external_task_marker_dag.py took 0.211 seconds
[2024-01-13T11:23:57.866+0200] {processor.py:161} INFO - Started process (PID=27105) to work on /Library/Frameworks/Python.framework/Versions/3.10/lib/python3.10/site-packages/airflow/example_dags/example_external_task_marker_dag.py
[2024-01-13T11:23:57.871+0200] {processor.py:830} INFO - Processing file /Library/Frameworks/Python.framework/Versions/3.10/lib/python3.10/site-packages/airflow/example_dags/example_external_task_marker_dag.py for tasks to queue
[2024-01-13T11:23:57.871+0200] {logging_mixin.py:188} INFO - [2024-01-13T11:23:57.871+0200] {dagbag.py:538} INFO - Filling up the DagBag from /Library/Frameworks/Python.framework/Versions/3.10/lib/python3.10/site-packages/airflow/example_dags/example_external_task_marker_dag.py
[2024-01-13T11:23:57.933+0200] {processor.py:840} INFO - DAG(s) 'example_external_task_marker_parent', 'example_external_task_marker_child' retrieved from /Library/Frameworks/Python.framework/Versions/3.10/lib/python3.10/site-packages/airflow/example_dags/example_external_task_marker_dag.py
[2024-01-13T11:23:58.048+0200] {logging_mixin.py:188} INFO - [2024-01-13T11:23:58.048+0200] {dag.py:3033} INFO - Sync 2 DAGs
[2024-01-13T11:23:58.056+0200] {logging_mixin.py:188} INFO - [2024-01-13T11:23:58.056+0200] {dag.py:3820} INFO - Setting next_dagrun for example_external_task_marker_child to None, run_after=None
[2024-01-13T11:23:58.058+0200] {logging_mixin.py:188} INFO - [2024-01-13T11:23:58.058+0200] {dag.py:3820} INFO - Setting next_dagrun for example_external_task_marker_parent to None, run_after=None
[2024-01-13T11:23:58.075+0200] {processor.py:183} INFO - Processing /Library/Frameworks/Python.framework/Versions/3.10/lib/python3.10/site-packages/airflow/example_dags/example_external_task_marker_dag.py took 0.210 seconds
[2024-01-13T11:27:51.281+0200] {processor.py:161} INFO - Started process (PID=27366) to work on /Library/Frameworks/Python.framework/Versions/3.10/lib/python3.10/site-packages/airflow/example_dags/example_external_task_marker_dag.py
[2024-01-13T11:27:51.286+0200] {processor.py:830} INFO - Processing file /Library/Frameworks/Python.framework/Versions/3.10/lib/python3.10/site-packages/airflow/example_dags/example_external_task_marker_dag.py for tasks to queue
[2024-01-13T11:27:51.286+0200] {logging_mixin.py:188} INFO - [2024-01-13T11:27:51.286+0200] {dagbag.py:538} INFO - Filling up the DagBag from /Library/Frameworks/Python.framework/Versions/3.10/lib/python3.10/site-packages/airflow/example_dags/example_external_task_marker_dag.py
[2024-01-13T11:27:51.345+0200] {processor.py:840} INFO - DAG(s) 'example_external_task_marker_parent', 'example_external_task_marker_child' retrieved from /Library/Frameworks/Python.framework/Versions/3.10/lib/python3.10/site-packages/airflow/example_dags/example_external_task_marker_dag.py
[2024-01-13T11:27:51.459+0200] {logging_mixin.py:188} INFO - [2024-01-13T11:27:51.459+0200] {dag.py:3033} INFO - Sync 2 DAGs
[2024-01-13T11:27:51.466+0200] {logging_mixin.py:188} INFO - [2024-01-13T11:27:51.466+0200] {dag.py:3820} INFO - Setting next_dagrun for example_external_task_marker_child to None, run_after=None
[2024-01-13T11:27:51.469+0200] {logging_mixin.py:188} INFO - [2024-01-13T11:27:51.469+0200] {dag.py:3820} INFO - Setting next_dagrun for example_external_task_marker_parent to None, run_after=None
[2024-01-13T11:27:51.484+0200] {processor.py:183} INFO - Processing /Library/Frameworks/Python.framework/Versions/3.10/lib/python3.10/site-packages/airflow/example_dags/example_external_task_marker_dag.py took 0.205 seconds
[2024-01-13T11:31:40.233+0200] {processor.py:161} INFO - Started process (PID=27530) to work on /Library/Frameworks/Python.framework/Versions/3.10/lib/python3.10/site-packages/airflow/example_dags/example_external_task_marker_dag.py
[2024-01-13T11:31:40.238+0200] {processor.py:830} INFO - Processing file /Library/Frameworks/Python.framework/Versions/3.10/lib/python3.10/site-packages/airflow/example_dags/example_external_task_marker_dag.py for tasks to queue
[2024-01-13T11:31:40.238+0200] {logging_mixin.py:188} INFO - [2024-01-13T11:31:40.238+0200] {dagbag.py:538} INFO - Filling up the DagBag from /Library/Frameworks/Python.framework/Versions/3.10/lib/python3.10/site-packages/airflow/example_dags/example_external_task_marker_dag.py
[2024-01-13T11:31:40.300+0200] {processor.py:840} INFO - DAG(s) 'example_external_task_marker_child', 'example_external_task_marker_parent' retrieved from /Library/Frameworks/Python.framework/Versions/3.10/lib/python3.10/site-packages/airflow/example_dags/example_external_task_marker_dag.py
[2024-01-13T11:31:40.407+0200] {logging_mixin.py:188} INFO - [2024-01-13T11:31:40.407+0200] {dag.py:3033} INFO - Sync 2 DAGs
[2024-01-13T11:31:40.414+0200] {logging_mixin.py:188} INFO - [2024-01-13T11:31:40.414+0200] {dag.py:3820} INFO - Setting next_dagrun for example_external_task_marker_child to None, run_after=None
[2024-01-13T11:31:40.417+0200] {logging_mixin.py:188} INFO - [2024-01-13T11:31:40.417+0200] {dag.py:3820} INFO - Setting next_dagrun for example_external_task_marker_parent to None, run_after=None
[2024-01-13T11:31:40.432+0200] {processor.py:183} INFO - Processing /Library/Frameworks/Python.framework/Versions/3.10/lib/python3.10/site-packages/airflow/example_dags/example_external_task_marker_dag.py took 0.201 seconds
[2024-01-13T11:35:42.700+0200] {processor.py:161} INFO - Started process (PID=28461) to work on /Library/Frameworks/Python.framework/Versions/3.10/lib/python3.10/site-packages/airflow/example_dags/example_external_task_marker_dag.py
[2024-01-13T11:35:42.704+0200] {processor.py:830} INFO - Processing file /Library/Frameworks/Python.framework/Versions/3.10/lib/python3.10/site-packages/airflow/example_dags/example_external_task_marker_dag.py for tasks to queue
[2024-01-13T11:35:42.705+0200] {logging_mixin.py:188} INFO - [2024-01-13T11:35:42.705+0200] {dagbag.py:538} INFO - Filling up the DagBag from /Library/Frameworks/Python.framework/Versions/3.10/lib/python3.10/site-packages/airflow/example_dags/example_external_task_marker_dag.py
[2024-01-13T11:35:42.766+0200] {processor.py:840} INFO - DAG(s) 'example_external_task_marker_child', 'example_external_task_marker_parent' retrieved from /Library/Frameworks/Python.framework/Versions/3.10/lib/python3.10/site-packages/airflow/example_dags/example_external_task_marker_dag.py
[2024-01-13T11:35:42.875+0200] {logging_mixin.py:188} INFO - [2024-01-13T11:35:42.875+0200] {dag.py:3033} INFO - Sync 2 DAGs
[2024-01-13T11:35:42.883+0200] {logging_mixin.py:188} INFO - [2024-01-13T11:35:42.883+0200] {dag.py:3820} INFO - Setting next_dagrun for example_external_task_marker_child to None, run_after=None
[2024-01-13T11:35:42.885+0200] {logging_mixin.py:188} INFO - [2024-01-13T11:35:42.885+0200] {dag.py:3820} INFO - Setting next_dagrun for example_external_task_marker_parent to None, run_after=None
[2024-01-13T11:35:42.901+0200] {processor.py:183} INFO - Processing /Library/Frameworks/Python.framework/Versions/3.10/lib/python3.10/site-packages/airflow/example_dags/example_external_task_marker_dag.py took 0.203 seconds
[2024-01-13T11:40:03.233+0200] {processor.py:161} INFO - Started process (PID=29452) to work on /Library/Frameworks/Python.framework/Versions/3.10/lib/python3.10/site-packages/airflow/example_dags/example_external_task_marker_dag.py
[2024-01-13T11:40:03.238+0200] {processor.py:830} INFO - Processing file /Library/Frameworks/Python.framework/Versions/3.10/lib/python3.10/site-packages/airflow/example_dags/example_external_task_marker_dag.py for tasks to queue
[2024-01-13T11:40:03.239+0200] {logging_mixin.py:188} INFO - [2024-01-13T11:40:03.238+0200] {dagbag.py:538} INFO - Filling up the DagBag from /Library/Frameworks/Python.framework/Versions/3.10/lib/python3.10/site-packages/airflow/example_dags/example_external_task_marker_dag.py
[2024-01-13T11:40:03.317+0200] {processor.py:840} INFO - DAG(s) 'example_external_task_marker_child', 'example_external_task_marker_parent' retrieved from /Library/Frameworks/Python.framework/Versions/3.10/lib/python3.10/site-packages/airflow/example_dags/example_external_task_marker_dag.py
[2024-01-13T11:40:03.460+0200] {logging_mixin.py:188} INFO - [2024-01-13T11:40:03.460+0200] {dag.py:3033} INFO - Sync 2 DAGs
[2024-01-13T11:40:03.470+0200] {logging_mixin.py:188} INFO - [2024-01-13T11:40:03.470+0200] {dag.py:3820} INFO - Setting next_dagrun for example_external_task_marker_child to None, run_after=None
[2024-01-13T11:40:03.473+0200] {logging_mixin.py:188} INFO - [2024-01-13T11:40:03.472+0200] {dag.py:3820} INFO - Setting next_dagrun for example_external_task_marker_parent to None, run_after=None
[2024-01-13T11:40:03.490+0200] {processor.py:183} INFO - Processing /Library/Frameworks/Python.framework/Versions/3.10/lib/python3.10/site-packages/airflow/example_dags/example_external_task_marker_dag.py took 0.259 seconds
[2024-01-13T11:45:20.287+0200] {processor.py:161} INFO - Started process (PID=29863) to work on /Library/Frameworks/Python.framework/Versions/3.10/lib/python3.10/site-packages/airflow/example_dags/example_external_task_marker_dag.py
[2024-01-13T11:45:20.292+0200] {processor.py:830} INFO - Processing file /Library/Frameworks/Python.framework/Versions/3.10/lib/python3.10/site-packages/airflow/example_dags/example_external_task_marker_dag.py for tasks to queue
[2024-01-13T11:45:20.293+0200] {logging_mixin.py:188} INFO - [2024-01-13T11:45:20.293+0200] {dagbag.py:538} INFO - Filling up the DagBag from /Library/Frameworks/Python.framework/Versions/3.10/lib/python3.10/site-packages/airflow/example_dags/example_external_task_marker_dag.py
[2024-01-13T11:45:20.358+0200] {processor.py:840} INFO - DAG(s) 'example_external_task_marker_parent', 'example_external_task_marker_child' retrieved from /Library/Frameworks/Python.framework/Versions/3.10/lib/python3.10/site-packages/airflow/example_dags/example_external_task_marker_dag.py
[2024-01-13T11:45:20.507+0200] {logging_mixin.py:188} INFO - [2024-01-13T11:45:20.507+0200] {dag.py:3033} INFO - Sync 2 DAGs
[2024-01-13T11:45:20.518+0200] {logging_mixin.py:188} INFO - [2024-01-13T11:45:20.518+0200] {dag.py:3820} INFO - Setting next_dagrun for example_external_task_marker_child to None, run_after=None
[2024-01-13T11:45:20.521+0200] {logging_mixin.py:188} INFO - [2024-01-13T11:45:20.521+0200] {dag.py:3820} INFO - Setting next_dagrun for example_external_task_marker_parent to None, run_after=None
[2024-01-13T11:45:20.541+0200] {processor.py:183} INFO - Processing /Library/Frameworks/Python.framework/Versions/3.10/lib/python3.10/site-packages/airflow/example_dags/example_external_task_marker_dag.py took 0.256 seconds
[2024-01-13T11:51:20.976+0200] {processor.py:161} INFO - Started process (PID=30474) to work on /Library/Frameworks/Python.framework/Versions/3.10/lib/python3.10/site-packages/airflow/example_dags/example_external_task_marker_dag.py
[2024-01-13T11:51:20.989+0200] {processor.py:830} INFO - Processing file /Library/Frameworks/Python.framework/Versions/3.10/lib/python3.10/site-packages/airflow/example_dags/example_external_task_marker_dag.py for tasks to queue
[2024-01-13T11:51:20.990+0200] {logging_mixin.py:188} INFO - [2024-01-13T11:51:20.990+0200] {dagbag.py:538} INFO - Filling up the DagBag from /Library/Frameworks/Python.framework/Versions/3.10/lib/python3.10/site-packages/airflow/example_dags/example_external_task_marker_dag.py
[2024-01-13T11:51:21.107+0200] {processor.py:840} INFO - DAG(s) 'example_external_task_marker_parent', 'example_external_task_marker_child' retrieved from /Library/Frameworks/Python.framework/Versions/3.10/lib/python3.10/site-packages/airflow/example_dags/example_external_task_marker_dag.py
[2024-01-13T11:51:21.462+0200] {logging_mixin.py:188} INFO - [2024-01-13T11:51:21.462+0200] {dag.py:3033} INFO - Sync 2 DAGs
[2024-01-13T11:51:21.526+0200] {logging_mixin.py:188} INFO - [2024-01-13T11:51:21.526+0200] {dag.py:3820} INFO - Setting next_dagrun for example_external_task_marker_child to None, run_after=None
[2024-01-13T11:51:21.537+0200] {logging_mixin.py:188} INFO - [2024-01-13T11:51:21.536+0200] {dag.py:3820} INFO - Setting next_dagrun for example_external_task_marker_parent to None, run_after=None
[2024-01-13T11:51:21.583+0200] {processor.py:183} INFO - Processing /Library/Frameworks/Python.framework/Versions/3.10/lib/python3.10/site-packages/airflow/example_dags/example_external_task_marker_dag.py took 0.609 seconds
[2024-01-13T11:58:07.448+0200] {processor.py:161} INFO - Started process (PID=31980) to work on /Library/Frameworks/Python.framework/Versions/3.10/lib/python3.10/site-packages/airflow/example_dags/example_external_task_marker_dag.py
[2024-01-13T11:58:07.458+0200] {processor.py:830} INFO - Processing file /Library/Frameworks/Python.framework/Versions/3.10/lib/python3.10/site-packages/airflow/example_dags/example_external_task_marker_dag.py for tasks to queue
[2024-01-13T11:58:07.460+0200] {logging_mixin.py:188} INFO - [2024-01-13T11:58:07.459+0200] {dagbag.py:538} INFO - Filling up the DagBag from /Library/Frameworks/Python.framework/Versions/3.10/lib/python3.10/site-packages/airflow/example_dags/example_external_task_marker_dag.py
[2024-01-13T11:58:07.580+0200] {processor.py:840} INFO - DAG(s) 'example_external_task_marker_child', 'example_external_task_marker_parent' retrieved from /Library/Frameworks/Python.framework/Versions/3.10/lib/python3.10/site-packages/airflow/example_dags/example_external_task_marker_dag.py
[2024-01-13T11:58:07.828+0200] {logging_mixin.py:188} INFO - [2024-01-13T11:58:07.828+0200] {dag.py:3033} INFO - Sync 2 DAGs
[2024-01-13T11:58:07.844+0200] {logging_mixin.py:188} INFO - [2024-01-13T11:58:07.844+0200] {dag.py:3820} INFO - Setting next_dagrun for example_external_task_marker_child to None, run_after=None
[2024-01-13T11:58:07.850+0200] {logging_mixin.py:188} INFO - [2024-01-13T11:58:07.850+0200] {dag.py:3820} INFO - Setting next_dagrun for example_external_task_marker_parent to None, run_after=None
[2024-01-13T11:58:07.886+0200] {processor.py:183} INFO - Processing /Library/Frameworks/Python.framework/Versions/3.10/lib/python3.10/site-packages/airflow/example_dags/example_external_task_marker_dag.py took 0.441 seconds
[2024-01-13T12:01:24.372+0200] {processor.py:161} INFO - Started process (PID=32143) to work on /Library/Frameworks/Python.framework/Versions/3.10/lib/python3.10/site-packages/airflow/example_dags/example_external_task_marker_dag.py
[2024-01-13T12:01:24.384+0200] {processor.py:830} INFO - Processing file /Library/Frameworks/Python.framework/Versions/3.10/lib/python3.10/site-packages/airflow/example_dags/example_external_task_marker_dag.py for tasks to queue
[2024-01-13T12:01:24.385+0200] {logging_mixin.py:188} INFO - [2024-01-13T12:01:24.384+0200] {dagbag.py:538} INFO - Filling up the DagBag from /Library/Frameworks/Python.framework/Versions/3.10/lib/python3.10/site-packages/airflow/example_dags/example_external_task_marker_dag.py
[2024-01-13T12:01:24.470+0200] {processor.py:840} INFO - DAG(s) 'example_external_task_marker_child', 'example_external_task_marker_parent' retrieved from /Library/Frameworks/Python.framework/Versions/3.10/lib/python3.10/site-packages/airflow/example_dags/example_external_task_marker_dag.py
[2024-01-13T12:01:24.621+0200] {logging_mixin.py:188} INFO - [2024-01-13T12:01:24.621+0200] {dag.py:3033} INFO - Sync 2 DAGs
[2024-01-13T12:01:24.632+0200] {logging_mixin.py:188} INFO - [2024-01-13T12:01:24.632+0200] {dag.py:3820} INFO - Setting next_dagrun for example_external_task_marker_child to None, run_after=None
[2024-01-13T12:01:24.636+0200] {logging_mixin.py:188} INFO - [2024-01-13T12:01:24.636+0200] {dag.py:3820} INFO - Setting next_dagrun for example_external_task_marker_parent to None, run_after=None
[2024-01-13T12:01:24.660+0200] {processor.py:183} INFO - Processing /Library/Frameworks/Python.framework/Versions/3.10/lib/python3.10/site-packages/airflow/example_dags/example_external_task_marker_dag.py took 0.289 seconds
[2024-01-13T12:08:07.185+0200] {processor.py:161} INFO - Started process (PID=33997) to work on /Library/Frameworks/Python.framework/Versions/3.10/lib/python3.10/site-packages/airflow/example_dags/example_external_task_marker_dag.py
[2024-01-13T12:08:07.190+0200] {processor.py:830} INFO - Processing file /Library/Frameworks/Python.framework/Versions/3.10/lib/python3.10/site-packages/airflow/example_dags/example_external_task_marker_dag.py for tasks to queue
[2024-01-13T12:08:07.191+0200] {logging_mixin.py:188} INFO - [2024-01-13T12:08:07.191+0200] {dagbag.py:538} INFO - Filling up the DagBag from /Library/Frameworks/Python.framework/Versions/3.10/lib/python3.10/site-packages/airflow/example_dags/example_external_task_marker_dag.py
[2024-01-13T12:08:07.251+0200] {processor.py:840} INFO - DAG(s) 'example_external_task_marker_child', 'example_external_task_marker_parent' retrieved from /Library/Frameworks/Python.framework/Versions/3.10/lib/python3.10/site-packages/airflow/example_dags/example_external_task_marker_dag.py
[2024-01-13T12:08:07.376+0200] {logging_mixin.py:188} INFO - [2024-01-13T12:08:07.375+0200] {dag.py:3033} INFO - Sync 2 DAGs
[2024-01-13T12:08:07.384+0200] {logging_mixin.py:188} INFO - [2024-01-13T12:08:07.384+0200] {dag.py:3820} INFO - Setting next_dagrun for example_external_task_marker_child to None, run_after=None
[2024-01-13T12:08:07.387+0200] {logging_mixin.py:188} INFO - [2024-01-13T12:08:07.387+0200] {dag.py:3820} INFO - Setting next_dagrun for example_external_task_marker_parent to None, run_after=None
[2024-01-13T12:08:07.407+0200] {processor.py:183} INFO - Processing /Library/Frameworks/Python.framework/Versions/3.10/lib/python3.10/site-packages/airflow/example_dags/example_external_task_marker_dag.py took 0.223 seconds
[2024-01-13T12:12:55.118+0200] {processor.py:161} INFO - Started process (PID=34298) to work on /Library/Frameworks/Python.framework/Versions/3.10/lib/python3.10/site-packages/airflow/example_dags/example_external_task_marker_dag.py
[2024-01-13T12:12:55.125+0200] {processor.py:830} INFO - Processing file /Library/Frameworks/Python.framework/Versions/3.10/lib/python3.10/site-packages/airflow/example_dags/example_external_task_marker_dag.py for tasks to queue
[2024-01-13T12:12:55.126+0200] {logging_mixin.py:188} INFO - [2024-01-13T12:12:55.126+0200] {dagbag.py:538} INFO - Filling up the DagBag from /Library/Frameworks/Python.framework/Versions/3.10/lib/python3.10/site-packages/airflow/example_dags/example_external_task_marker_dag.py
[2024-01-13T12:12:55.192+0200] {processor.py:840} INFO - DAG(s) 'example_external_task_marker_child', 'example_external_task_marker_parent' retrieved from /Library/Frameworks/Python.framework/Versions/3.10/lib/python3.10/site-packages/airflow/example_dags/example_external_task_marker_dag.py
[2024-01-13T12:12:55.342+0200] {logging_mixin.py:188} INFO - [2024-01-13T12:12:55.342+0200] {dag.py:3033} INFO - Sync 2 DAGs
[2024-01-13T12:12:55.352+0200] {logging_mixin.py:188} INFO - [2024-01-13T12:12:55.352+0200] {dag.py:3820} INFO - Setting next_dagrun for example_external_task_marker_child to None, run_after=None
[2024-01-13T12:12:55.355+0200] {logging_mixin.py:188} INFO - [2024-01-13T12:12:55.355+0200] {dag.py:3820} INFO - Setting next_dagrun for example_external_task_marker_parent to None, run_after=None
[2024-01-13T12:12:55.374+0200] {processor.py:183} INFO - Processing /Library/Frameworks/Python.framework/Versions/3.10/lib/python3.10/site-packages/airflow/example_dags/example_external_task_marker_dag.py took 0.258 seconds
[2024-01-13T12:15:52.353+0200] {processor.py:161} INFO - Started process (PID=34425) to work on /Library/Frameworks/Python.framework/Versions/3.10/lib/python3.10/site-packages/airflow/example_dags/example_external_task_marker_dag.py
[2024-01-13T12:15:52.367+0200] {processor.py:830} INFO - Processing file /Library/Frameworks/Python.framework/Versions/3.10/lib/python3.10/site-packages/airflow/example_dags/example_external_task_marker_dag.py for tasks to queue
[2024-01-13T12:15:52.368+0200] {logging_mixin.py:188} INFO - [2024-01-13T12:15:52.367+0200] {dagbag.py:538} INFO - Filling up the DagBag from /Library/Frameworks/Python.framework/Versions/3.10/lib/python3.10/site-packages/airflow/example_dags/example_external_task_marker_dag.py
[2024-01-13T12:15:52.454+0200] {processor.py:840} INFO - DAG(s) 'example_external_task_marker_child', 'example_external_task_marker_parent' retrieved from /Library/Frameworks/Python.framework/Versions/3.10/lib/python3.10/site-packages/airflow/example_dags/example_external_task_marker_dag.py
[2024-01-13T12:15:52.651+0200] {logging_mixin.py:188} INFO - [2024-01-13T12:15:52.651+0200] {dag.py:3033} INFO - Sync 2 DAGs
[2024-01-13T12:15:52.662+0200] {logging_mixin.py:188} INFO - [2024-01-13T12:15:52.662+0200] {dag.py:3820} INFO - Setting next_dagrun for example_external_task_marker_child to None, run_after=None
[2024-01-13T12:15:52.667+0200] {logging_mixin.py:188} INFO - [2024-01-13T12:15:52.667+0200] {dag.py:3820} INFO - Setting next_dagrun for example_external_task_marker_parent to None, run_after=None
[2024-01-13T12:15:52.695+0200] {processor.py:183} INFO - Processing /Library/Frameworks/Python.framework/Versions/3.10/lib/python3.10/site-packages/airflow/example_dags/example_external_task_marker_dag.py took 0.343 seconds
[2024-01-13T13:29:35.866+0200] {processor.py:161} INFO - Started process (PID=35502) to work on /Library/Frameworks/Python.framework/Versions/3.10/lib/python3.10/site-packages/airflow/example_dags/example_external_task_marker_dag.py
[2024-01-13T13:29:35.870+0200] {processor.py:830} INFO - Processing file /Library/Frameworks/Python.framework/Versions/3.10/lib/python3.10/site-packages/airflow/example_dags/example_external_task_marker_dag.py for tasks to queue
[2024-01-13T13:29:35.871+0200] {logging_mixin.py:188} INFO - [2024-01-13T13:29:35.871+0200] {dagbag.py:538} INFO - Filling up the DagBag from /Library/Frameworks/Python.framework/Versions/3.10/lib/python3.10/site-packages/airflow/example_dags/example_external_task_marker_dag.py
[2024-01-13T13:29:35.933+0200] {processor.py:840} INFO - DAG(s) 'example_external_task_marker_parent', 'example_external_task_marker_child' retrieved from /Library/Frameworks/Python.framework/Versions/3.10/lib/python3.10/site-packages/airflow/example_dags/example_external_task_marker_dag.py
[2024-01-13T13:29:36.051+0200] {logging_mixin.py:188} INFO - [2024-01-13T13:29:36.051+0200] {dag.py:3033} INFO - Sync 2 DAGs
[2024-01-13T13:29:36.059+0200] {logging_mixin.py:188} INFO - [2024-01-13T13:29:36.059+0200] {dag.py:3820} INFO - Setting next_dagrun for example_external_task_marker_child to None, run_after=None
[2024-01-13T13:29:36.062+0200] {logging_mixin.py:188} INFO - [2024-01-13T13:29:36.062+0200] {dag.py:3820} INFO - Setting next_dagrun for example_external_task_marker_parent to None, run_after=None
[2024-01-13T13:29:36.078+0200] {processor.py:183} INFO - Processing /Library/Frameworks/Python.framework/Versions/3.10/lib/python3.10/site-packages/airflow/example_dags/example_external_task_marker_dag.py took 0.214 seconds
[2024-01-13T15:18:10.652+0200] {processor.py:161} INFO - Started process (PID=42767) to work on /Library/Frameworks/Python.framework/Versions/3.10/lib/python3.10/site-packages/airflow/example_dags/example_external_task_marker_dag.py
[2024-01-13T15:18:10.657+0200] {processor.py:830} INFO - Processing file /Library/Frameworks/Python.framework/Versions/3.10/lib/python3.10/site-packages/airflow/example_dags/example_external_task_marker_dag.py for tasks to queue
[2024-01-13T15:18:10.658+0200] {logging_mixin.py:188} INFO - [2024-01-13T15:18:10.657+0200] {dagbag.py:538} INFO - Filling up the DagBag from /Library/Frameworks/Python.framework/Versions/3.10/lib/python3.10/site-packages/airflow/example_dags/example_external_task_marker_dag.py
[2024-01-13T15:18:10.723+0200] {processor.py:840} INFO - DAG(s) 'example_external_task_marker_child', 'example_external_task_marker_parent' retrieved from /Library/Frameworks/Python.framework/Versions/3.10/lib/python3.10/site-packages/airflow/example_dags/example_external_task_marker_dag.py
[2024-01-13T15:18:10.934+0200] {logging_mixin.py:188} INFO - [2024-01-13T15:18:10.933+0200] {dag.py:3033} INFO - Sync 2 DAGs
[2024-01-13T15:18:10.941+0200] {logging_mixin.py:188} INFO - [2024-01-13T15:18:10.941+0200] {dag.py:3820} INFO - Setting next_dagrun for example_external_task_marker_child to None, run_after=None
[2024-01-13T15:18:10.945+0200] {logging_mixin.py:188} INFO - [2024-01-13T15:18:10.944+0200] {dag.py:3820} INFO - Setting next_dagrun for example_external_task_marker_parent to None, run_after=None
[2024-01-13T15:18:10.962+0200] {processor.py:183} INFO - Processing /Library/Frameworks/Python.framework/Versions/3.10/lib/python3.10/site-packages/airflow/example_dags/example_external_task_marker_dag.py took 0.311 seconds
[2024-01-13T15:20:55.097+0200] {processor.py:161} INFO - Started process (PID=42875) to work on /Library/Frameworks/Python.framework/Versions/3.10/lib/python3.10/site-packages/airflow/example_dags/example_external_task_marker_dag.py
[2024-01-13T15:20:55.102+0200] {processor.py:830} INFO - Processing file /Library/Frameworks/Python.framework/Versions/3.10/lib/python3.10/site-packages/airflow/example_dags/example_external_task_marker_dag.py for tasks to queue
[2024-01-13T15:20:55.102+0200] {logging_mixin.py:188} INFO - [2024-01-13T15:20:55.102+0200] {dagbag.py:538} INFO - Filling up the DagBag from /Library/Frameworks/Python.framework/Versions/3.10/lib/python3.10/site-packages/airflow/example_dags/example_external_task_marker_dag.py
[2024-01-13T15:20:55.164+0200] {processor.py:840} INFO - DAG(s) 'example_external_task_marker_parent', 'example_external_task_marker_child' retrieved from /Library/Frameworks/Python.framework/Versions/3.10/lib/python3.10/site-packages/airflow/example_dags/example_external_task_marker_dag.py
[2024-01-13T15:20:55.296+0200] {logging_mixin.py:188} INFO - [2024-01-13T15:20:55.295+0200] {dag.py:3033} INFO - Sync 2 DAGs
[2024-01-13T15:20:55.304+0200] {logging_mixin.py:188} INFO - [2024-01-13T15:20:55.304+0200] {dag.py:3820} INFO - Setting next_dagrun for example_external_task_marker_child to None, run_after=None
[2024-01-13T15:20:55.307+0200] {logging_mixin.py:188} INFO - [2024-01-13T15:20:55.307+0200] {dag.py:3820} INFO - Setting next_dagrun for example_external_task_marker_parent to None, run_after=None
[2024-01-13T15:20:55.324+0200] {processor.py:183} INFO - Processing /Library/Frameworks/Python.framework/Versions/3.10/lib/python3.10/site-packages/airflow/example_dags/example_external_task_marker_dag.py took 0.230 seconds
[2024-01-13T15:25:52.100+0200] {processor.py:161} INFO - Started process (PID=43243) to work on /Library/Frameworks/Python.framework/Versions/3.10/lib/python3.10/site-packages/airflow/example_dags/example_external_task_marker_dag.py
[2024-01-13T15:25:52.106+0200] {processor.py:830} INFO - Processing file /Library/Frameworks/Python.framework/Versions/3.10/lib/python3.10/site-packages/airflow/example_dags/example_external_task_marker_dag.py for tasks to queue
[2024-01-13T15:25:52.107+0200] {logging_mixin.py:188} INFO - [2024-01-13T15:25:52.107+0200] {dagbag.py:538} INFO - Filling up the DagBag from /Library/Frameworks/Python.framework/Versions/3.10/lib/python3.10/site-packages/airflow/example_dags/example_external_task_marker_dag.py
[2024-01-13T15:25:52.173+0200] {processor.py:840} INFO - DAG(s) 'example_external_task_marker_child', 'example_external_task_marker_parent' retrieved from /Library/Frameworks/Python.framework/Versions/3.10/lib/python3.10/site-packages/airflow/example_dags/example_external_task_marker_dag.py
[2024-01-13T15:25:52.327+0200] {logging_mixin.py:188} INFO - [2024-01-13T15:25:52.327+0200] {dag.py:3033} INFO - Sync 2 DAGs
[2024-01-13T15:25:52.337+0200] {logging_mixin.py:188} INFO - [2024-01-13T15:25:52.337+0200] {dag.py:3820} INFO - Setting next_dagrun for example_external_task_marker_child to None, run_after=None
[2024-01-13T15:25:52.340+0200] {logging_mixin.py:188} INFO - [2024-01-13T15:25:52.340+0200] {dag.py:3820} INFO - Setting next_dagrun for example_external_task_marker_parent to None, run_after=None
[2024-01-13T15:25:52.361+0200] {processor.py:183} INFO - Processing /Library/Frameworks/Python.framework/Versions/3.10/lib/python3.10/site-packages/airflow/example_dags/example_external_task_marker_dag.py took 0.264 seconds
[2024-01-13T15:33:46.663+0200] {processor.py:161} INFO - Started process (PID=43726) to work on /Library/Frameworks/Python.framework/Versions/3.10/lib/python3.10/site-packages/airflow/example_dags/example_external_task_marker_dag.py
[2024-01-13T15:33:46.668+0200] {processor.py:830} INFO - Processing file /Library/Frameworks/Python.framework/Versions/3.10/lib/python3.10/site-packages/airflow/example_dags/example_external_task_marker_dag.py for tasks to queue
[2024-01-13T15:33:46.669+0200] {logging_mixin.py:188} INFO - [2024-01-13T15:33:46.668+0200] {dagbag.py:538} INFO - Filling up the DagBag from /Library/Frameworks/Python.framework/Versions/3.10/lib/python3.10/site-packages/airflow/example_dags/example_external_task_marker_dag.py
[2024-01-13T15:33:46.731+0200] {processor.py:840} INFO - DAG(s) 'example_external_task_marker_parent', 'example_external_task_marker_child' retrieved from /Library/Frameworks/Python.framework/Versions/3.10/lib/python3.10/site-packages/airflow/example_dags/example_external_task_marker_dag.py
[2024-01-13T15:33:46.952+0200] {logging_mixin.py:188} INFO - [2024-01-13T15:33:46.952+0200] {dag.py:3033} INFO - Sync 2 DAGs
[2024-01-13T15:33:46.961+0200] {logging_mixin.py:188} INFO - [2024-01-13T15:33:46.961+0200] {dag.py:3820} INFO - Setting next_dagrun for example_external_task_marker_child to None, run_after=None
[2024-01-13T15:33:46.963+0200] {logging_mixin.py:188} INFO - [2024-01-13T15:33:46.963+0200] {dag.py:3820} INFO - Setting next_dagrun for example_external_task_marker_parent to None, run_after=None
[2024-01-13T15:33:46.982+0200] {processor.py:183} INFO - Processing /Library/Frameworks/Python.framework/Versions/3.10/lib/python3.10/site-packages/airflow/example_dags/example_external_task_marker_dag.py took 0.321 seconds
[2024-01-13T15:40:29.223+0200] {processor.py:161} INFO - Started process (PID=44239) to work on /Library/Frameworks/Python.framework/Versions/3.10/lib/python3.10/site-packages/airflow/example_dags/example_external_task_marker_dag.py
[2024-01-13T15:40:29.227+0200] {processor.py:830} INFO - Processing file /Library/Frameworks/Python.framework/Versions/3.10/lib/python3.10/site-packages/airflow/example_dags/example_external_task_marker_dag.py for tasks to queue
[2024-01-13T15:40:29.228+0200] {logging_mixin.py:188} INFO - [2024-01-13T15:40:29.228+0200] {dagbag.py:538} INFO - Filling up the DagBag from /Library/Frameworks/Python.framework/Versions/3.10/lib/python3.10/site-packages/airflow/example_dags/example_external_task_marker_dag.py
[2024-01-13T15:40:29.291+0200] {processor.py:840} INFO - DAG(s) 'example_external_task_marker_parent', 'example_external_task_marker_child' retrieved from /Library/Frameworks/Python.framework/Versions/3.10/lib/python3.10/site-packages/airflow/example_dags/example_external_task_marker_dag.py
[2024-01-13T15:40:29.491+0200] {logging_mixin.py:188} INFO - [2024-01-13T15:40:29.491+0200] {dag.py:3033} INFO - Sync 2 DAGs
[2024-01-13T15:40:29.499+0200] {logging_mixin.py:188} INFO - [2024-01-13T15:40:29.499+0200] {dag.py:3820} INFO - Setting next_dagrun for example_external_task_marker_child to None, run_after=None
[2024-01-13T15:40:29.501+0200] {logging_mixin.py:188} INFO - [2024-01-13T15:40:29.501+0200] {dag.py:3820} INFO - Setting next_dagrun for example_external_task_marker_parent to None, run_after=None
[2024-01-13T15:40:29.518+0200] {processor.py:183} INFO - Processing /Library/Frameworks/Python.framework/Versions/3.10/lib/python3.10/site-packages/airflow/example_dags/example_external_task_marker_dag.py took 0.297 seconds
[2024-01-13T22:46:38.152+0200] {processor.py:161} INFO - Started process (PID=45408) to work on /Library/Frameworks/Python.framework/Versions/3.10/lib/python3.10/site-packages/airflow/example_dags/example_external_task_marker_dag.py
[2024-01-13T22:46:38.156+0200] {processor.py:830} INFO - Processing file /Library/Frameworks/Python.framework/Versions/3.10/lib/python3.10/site-packages/airflow/example_dags/example_external_task_marker_dag.py for tasks to queue
[2024-01-13T22:46:38.156+0200] {logging_mixin.py:188} INFO - [2024-01-13T22:46:38.156+0200] {dagbag.py:538} INFO - Filling up the DagBag from /Library/Frameworks/Python.framework/Versions/3.10/lib/python3.10/site-packages/airflow/example_dags/example_external_task_marker_dag.py
[2024-01-13T22:46:38.229+0200] {processor.py:840} INFO - DAG(s) 'example_external_task_marker_parent', 'example_external_task_marker_child' retrieved from /Library/Frameworks/Python.framework/Versions/3.10/lib/python3.10/site-packages/airflow/example_dags/example_external_task_marker_dag.py
[2024-01-13T22:46:38.344+0200] {logging_mixin.py:188} INFO - [2024-01-13T22:46:38.344+0200] {dag.py:3033} INFO - Sync 2 DAGs
[2024-01-13T22:46:38.352+0200] {logging_mixin.py:188} INFO - [2024-01-13T22:46:38.351+0200] {dag.py:3820} INFO - Setting next_dagrun for example_external_task_marker_child to None, run_after=None
[2024-01-13T22:46:38.354+0200] {logging_mixin.py:188} INFO - [2024-01-13T22:46:38.354+0200] {dag.py:3820} INFO - Setting next_dagrun for example_external_task_marker_parent to None, run_after=None
[2024-01-13T22:46:38.373+0200] {processor.py:183} INFO - Processing /Library/Frameworks/Python.framework/Versions/3.10/lib/python3.10/site-packages/airflow/example_dags/example_external_task_marker_dag.py took 0.223 seconds
[2024-01-14T00:34:11.992+0200] {processor.py:161} INFO - Started process (PID=45800) to work on /Library/Frameworks/Python.framework/Versions/3.10/lib/python3.10/site-packages/airflow/example_dags/example_external_task_marker_dag.py
[2024-01-14T00:34:11.997+0200] {processor.py:830} INFO - Processing file /Library/Frameworks/Python.framework/Versions/3.10/lib/python3.10/site-packages/airflow/example_dags/example_external_task_marker_dag.py for tasks to queue
[2024-01-14T00:34:11.997+0200] {logging_mixin.py:188} INFO - [2024-01-14T00:34:11.997+0200] {dagbag.py:538} INFO - Filling up the DagBag from /Library/Frameworks/Python.framework/Versions/3.10/lib/python3.10/site-packages/airflow/example_dags/example_external_task_marker_dag.py
[2024-01-14T00:34:12.076+0200] {processor.py:840} INFO - DAG(s) 'example_external_task_marker_child', 'example_external_task_marker_parent' retrieved from /Library/Frameworks/Python.framework/Versions/3.10/lib/python3.10/site-packages/airflow/example_dags/example_external_task_marker_dag.py
[2024-01-14T00:34:12.204+0200] {logging_mixin.py:188} INFO - [2024-01-14T00:34:12.204+0200] {dag.py:3033} INFO - Sync 2 DAGs
[2024-01-14T00:34:12.213+0200] {logging_mixin.py:188} INFO - [2024-01-14T00:34:12.213+0200] {dag.py:3820} INFO - Setting next_dagrun for example_external_task_marker_child to None, run_after=None
[2024-01-14T00:34:12.215+0200] {logging_mixin.py:188} INFO - [2024-01-14T00:34:12.215+0200] {dag.py:3820} INFO - Setting next_dagrun for example_external_task_marker_parent to None, run_after=None
[2024-01-14T00:34:12.232+0200] {processor.py:183} INFO - Processing /Library/Frameworks/Python.framework/Versions/3.10/lib/python3.10/site-packages/airflow/example_dags/example_external_task_marker_dag.py took 0.243 seconds
[2024-01-14T00:37:21.146+0200] {processor.py:161} INFO - Started process (PID=46308) to work on /Library/Frameworks/Python.framework/Versions/3.10/lib/python3.10/site-packages/airflow/example_dags/example_external_task_marker_dag.py
[2024-01-14T00:37:21.151+0200] {processor.py:830} INFO - Processing file /Library/Frameworks/Python.framework/Versions/3.10/lib/python3.10/site-packages/airflow/example_dags/example_external_task_marker_dag.py for tasks to queue
[2024-01-14T00:37:21.151+0200] {logging_mixin.py:188} INFO - [2024-01-14T00:37:21.151+0200] {dagbag.py:538} INFO - Filling up the DagBag from /Library/Frameworks/Python.framework/Versions/3.10/lib/python3.10/site-packages/airflow/example_dags/example_external_task_marker_dag.py
[2024-01-14T00:37:21.212+0200] {processor.py:840} INFO - DAG(s) 'example_external_task_marker_child', 'example_external_task_marker_parent' retrieved from /Library/Frameworks/Python.framework/Versions/3.10/lib/python3.10/site-packages/airflow/example_dags/example_external_task_marker_dag.py
[2024-01-14T00:37:21.319+0200] {logging_mixin.py:188} INFO - [2024-01-14T00:37:21.319+0200] {dag.py:3033} INFO - Sync 2 DAGs
[2024-01-14T00:37:21.327+0200] {logging_mixin.py:188} INFO - [2024-01-14T00:37:21.327+0200] {dag.py:3820} INFO - Setting next_dagrun for example_external_task_marker_child to None, run_after=None
[2024-01-14T00:37:21.329+0200] {logging_mixin.py:188} INFO - [2024-01-14T00:37:21.329+0200] {dag.py:3820} INFO - Setting next_dagrun for example_external_task_marker_parent to None, run_after=None
[2024-01-14T00:37:21.344+0200] {processor.py:183} INFO - Processing /Library/Frameworks/Python.framework/Versions/3.10/lib/python3.10/site-packages/airflow/example_dags/example_external_task_marker_dag.py took 0.200 seconds
[2024-01-14T00:42:17.790+0200] {processor.py:161} INFO - Started process (PID=46674) to work on /Library/Frameworks/Python.framework/Versions/3.10/lib/python3.10/site-packages/airflow/example_dags/example_external_task_marker_dag.py
[2024-01-14T00:42:17.795+0200] {processor.py:830} INFO - Processing file /Library/Frameworks/Python.framework/Versions/3.10/lib/python3.10/site-packages/airflow/example_dags/example_external_task_marker_dag.py for tasks to queue
[2024-01-14T00:42:17.796+0200] {logging_mixin.py:188} INFO - [2024-01-14T00:42:17.795+0200] {dagbag.py:538} INFO - Filling up the DagBag from /Library/Frameworks/Python.framework/Versions/3.10/lib/python3.10/site-packages/airflow/example_dags/example_external_task_marker_dag.py
[2024-01-14T00:42:17.859+0200] {processor.py:840} INFO - DAG(s) 'example_external_task_marker_child', 'example_external_task_marker_parent' retrieved from /Library/Frameworks/Python.framework/Versions/3.10/lib/python3.10/site-packages/airflow/example_dags/example_external_task_marker_dag.py
[2024-01-14T00:42:17.984+0200] {logging_mixin.py:188} INFO - [2024-01-14T00:42:17.983+0200] {dag.py:3033} INFO - Sync 2 DAGs
[2024-01-14T00:42:17.992+0200] {logging_mixin.py:188} INFO - [2024-01-14T00:42:17.991+0200] {dag.py:3820} INFO - Setting next_dagrun for example_external_task_marker_child to None, run_after=None
[2024-01-14T00:42:17.994+0200] {logging_mixin.py:188} INFO - [2024-01-14T00:42:17.994+0200] {dag.py:3820} INFO - Setting next_dagrun for example_external_task_marker_parent to None, run_after=None
[2024-01-14T00:42:18.019+0200] {processor.py:183} INFO - Processing /Library/Frameworks/Python.framework/Versions/3.10/lib/python3.10/site-packages/airflow/example_dags/example_external_task_marker_dag.py took 0.230 seconds
[2024-01-14T00:47:29.625+0200] {processor.py:161} INFO - Started process (PID=47029) to work on /Library/Frameworks/Python.framework/Versions/3.10/lib/python3.10/site-packages/airflow/example_dags/example_external_task_marker_dag.py
[2024-01-14T00:47:29.630+0200] {processor.py:830} INFO - Processing file /Library/Frameworks/Python.framework/Versions/3.10/lib/python3.10/site-packages/airflow/example_dags/example_external_task_marker_dag.py for tasks to queue
[2024-01-14T00:47:29.631+0200] {logging_mixin.py:188} INFO - [2024-01-14T00:47:29.631+0200] {dagbag.py:538} INFO - Filling up the DagBag from /Library/Frameworks/Python.framework/Versions/3.10/lib/python3.10/site-packages/airflow/example_dags/example_external_task_marker_dag.py
[2024-01-14T00:47:29.694+0200] {processor.py:840} INFO - DAG(s) 'example_external_task_marker_child', 'example_external_task_marker_parent' retrieved from /Library/Frameworks/Python.framework/Versions/3.10/lib/python3.10/site-packages/airflow/example_dags/example_external_task_marker_dag.py
[2024-01-14T00:47:29.814+0200] {logging_mixin.py:188} INFO - [2024-01-14T00:47:29.814+0200] {dag.py:3033} INFO - Sync 2 DAGs
[2024-01-14T00:47:29.822+0200] {logging_mixin.py:188} INFO - [2024-01-14T00:47:29.822+0200] {dag.py:3820} INFO - Setting next_dagrun for example_external_task_marker_child to None, run_after=None
[2024-01-14T00:47:29.824+0200] {logging_mixin.py:188} INFO - [2024-01-14T00:47:29.824+0200] {dag.py:3820} INFO - Setting next_dagrun for example_external_task_marker_parent to None, run_after=None
[2024-01-14T00:47:29.839+0200] {processor.py:183} INFO - Processing /Library/Frameworks/Python.framework/Versions/3.10/lib/python3.10/site-packages/airflow/example_dags/example_external_task_marker_dag.py took 0.216 seconds
