[2024-01-13T10:07:21.987+0200] {processor.py:161} INFO - Started process (PID=21785) to work on /Library/Frameworks/Python.framework/Versions/3.10/lib/python3.10/site-packages/airflow/example_dags/example_kubernetes_executor.py
[2024-01-13T10:07:21.991+0200] {processor.py:830} INFO - Processing file /Library/Frameworks/Python.framework/Versions/3.10/lib/python3.10/site-packages/airflow/example_dags/example_kubernetes_executor.py for tasks to queue
[2024-01-13T10:07:21.991+0200] {logging_mixin.py:188} INFO - [2024-01-13T10:07:21.991+0200] {dagbag.py:538} INFO - Filling up the DagBag from /Library/Frameworks/Python.framework/Versions/3.10/lib/python3.10/site-packages/airflow/example_dags/example_kubernetes_executor.py
[2024-01-13T10:07:22.081+0200] {logging_mixin.py:188} INFO - [2024-01-13T10:07:22.080+0200] {example_kubernetes_executor.py:38} WARNING - The example_kubernetes_executor example DAG requires the kubernetes provider. Please install it with: pip install apache-airflow[cncf.kubernetes]
[2024-01-13T10:07:22.081+0200] {processor.py:842} WARNING - No viable dags retrieved from /Library/Frameworks/Python.framework/Versions/3.10/lib/python3.10/site-packages/airflow/example_dags/example_kubernetes_executor.py
[2024-01-13T10:07:22.155+0200] {processor.py:183} INFO - Processing /Library/Frameworks/Python.framework/Versions/3.10/lib/python3.10/site-packages/airflow/example_dags/example_kubernetes_executor.py took 0.170 seconds
[2024-01-13T10:11:20.342+0200] {processor.py:161} INFO - Started process (PID=22053) to work on /Library/Frameworks/Python.framework/Versions/3.10/lib/python3.10/site-packages/airflow/example_dags/example_kubernetes_executor.py
[2024-01-13T10:11:20.347+0200] {processor.py:830} INFO - Processing file /Library/Frameworks/Python.framework/Versions/3.10/lib/python3.10/site-packages/airflow/example_dags/example_kubernetes_executor.py for tasks to queue
[2024-01-13T10:11:20.348+0200] {logging_mixin.py:188} INFO - [2024-01-13T10:11:20.348+0200] {dagbag.py:538} INFO - Filling up the DagBag from /Library/Frameworks/Python.framework/Versions/3.10/lib/python3.10/site-packages/airflow/example_dags/example_kubernetes_executor.py
[2024-01-13T10:11:20.445+0200] {logging_mixin.py:188} INFO - [2024-01-13T10:11:20.445+0200] {example_kubernetes_executor.py:38} WARNING - The example_kubernetes_executor example DAG requires the kubernetes provider. Please install it with: pip install apache-airflow[cncf.kubernetes]
[2024-01-13T10:11:20.445+0200] {processor.py:842} WARNING - No viable dags retrieved from /Library/Frameworks/Python.framework/Versions/3.10/lib/python3.10/site-packages/airflow/example_dags/example_kubernetes_executor.py
[2024-01-13T10:11:20.568+0200] {processor.py:183} INFO - Processing /Library/Frameworks/Python.framework/Versions/3.10/lib/python3.10/site-packages/airflow/example_dags/example_kubernetes_executor.py took 0.227 seconds
[2024-01-13T10:13:47.109+0200] {processor.py:161} INFO - Started process (PID=22230) to work on /Library/Frameworks/Python.framework/Versions/3.10/lib/python3.10/site-packages/airflow/example_dags/example_kubernetes_executor.py
[2024-01-13T10:13:47.116+0200] {processor.py:830} INFO - Processing file /Library/Frameworks/Python.framework/Versions/3.10/lib/python3.10/site-packages/airflow/example_dags/example_kubernetes_executor.py for tasks to queue
[2024-01-13T10:13:47.116+0200] {logging_mixin.py:188} INFO - [2024-01-13T10:13:47.116+0200] {dagbag.py:538} INFO - Filling up the DagBag from /Library/Frameworks/Python.framework/Versions/3.10/lib/python3.10/site-packages/airflow/example_dags/example_kubernetes_executor.py
[2024-01-13T10:13:47.207+0200] {logging_mixin.py:188} INFO - [2024-01-13T10:13:47.207+0200] {example_kubernetes_executor.py:38} WARNING - The example_kubernetes_executor example DAG requires the kubernetes provider. Please install it with: pip install apache-airflow[cncf.kubernetes]
[2024-01-13T10:13:47.207+0200] {processor.py:842} WARNING - No viable dags retrieved from /Library/Frameworks/Python.framework/Versions/3.10/lib/python3.10/site-packages/airflow/example_dags/example_kubernetes_executor.py
[2024-01-13T10:13:47.290+0200] {processor.py:183} INFO - Processing /Library/Frameworks/Python.framework/Versions/3.10/lib/python3.10/site-packages/airflow/example_dags/example_kubernetes_executor.py took 0.182 seconds
[2024-01-13T10:17:58.351+0200] {processor.py:161} INFO - Started process (PID=23377) to work on /Library/Frameworks/Python.framework/Versions/3.10/lib/python3.10/site-packages/airflow/example_dags/example_kubernetes_executor.py
[2024-01-13T10:17:58.356+0200] {processor.py:830} INFO - Processing file /Library/Frameworks/Python.framework/Versions/3.10/lib/python3.10/site-packages/airflow/example_dags/example_kubernetes_executor.py for tasks to queue
[2024-01-13T10:17:58.356+0200] {logging_mixin.py:188} INFO - [2024-01-13T10:17:58.356+0200] {dagbag.py:538} INFO - Filling up the DagBag from /Library/Frameworks/Python.framework/Versions/3.10/lib/python3.10/site-packages/airflow/example_dags/example_kubernetes_executor.py
[2024-01-13T10:17:58.438+0200] {logging_mixin.py:188} INFO - [2024-01-13T10:17:58.438+0200] {example_kubernetes_executor.py:38} WARNING - The example_kubernetes_executor example DAG requires the kubernetes provider. Please install it with: pip install apache-airflow[cncf.kubernetes]
[2024-01-13T10:17:58.439+0200] {processor.py:842} WARNING - No viable dags retrieved from /Library/Frameworks/Python.framework/Versions/3.10/lib/python3.10/site-packages/airflow/example_dags/example_kubernetes_executor.py
[2024-01-13T10:17:58.514+0200] {processor.py:183} INFO - Processing /Library/Frameworks/Python.framework/Versions/3.10/lib/python3.10/site-packages/airflow/example_dags/example_kubernetes_executor.py took 0.165 seconds
[2024-01-13T10:21:51.926+0200] {processor.py:161} INFO - Started process (PID=23532) to work on /Library/Frameworks/Python.framework/Versions/3.10/lib/python3.10/site-packages/airflow/example_dags/example_kubernetes_executor.py
[2024-01-13T10:21:51.931+0200] {processor.py:830} INFO - Processing file /Library/Frameworks/Python.framework/Versions/3.10/lib/python3.10/site-packages/airflow/example_dags/example_kubernetes_executor.py for tasks to queue
[2024-01-13T10:21:51.931+0200] {logging_mixin.py:188} INFO - [2024-01-13T10:21:51.931+0200] {dagbag.py:538} INFO - Filling up the DagBag from /Library/Frameworks/Python.framework/Versions/3.10/lib/python3.10/site-packages/airflow/example_dags/example_kubernetes_executor.py
[2024-01-13T10:21:52.015+0200] {logging_mixin.py:188} INFO - [2024-01-13T10:21:52.015+0200] {example_kubernetes_executor.py:38} WARNING - The example_kubernetes_executor example DAG requires the kubernetes provider. Please install it with: pip install apache-airflow[cncf.kubernetes]
[2024-01-13T10:21:52.016+0200] {processor.py:842} WARNING - No viable dags retrieved from /Library/Frameworks/Python.framework/Versions/3.10/lib/python3.10/site-packages/airflow/example_dags/example_kubernetes_executor.py
[2024-01-13T10:21:52.091+0200] {processor.py:183} INFO - Processing /Library/Frameworks/Python.framework/Versions/3.10/lib/python3.10/site-packages/airflow/example_dags/example_kubernetes_executor.py took 0.166 seconds
[2024-01-13T10:25:46.571+0200] {processor.py:161} INFO - Started process (PID=23785) to work on /Library/Frameworks/Python.framework/Versions/3.10/lib/python3.10/site-packages/airflow/example_dags/example_kubernetes_executor.py
[2024-01-13T10:25:46.576+0200] {processor.py:830} INFO - Processing file /Library/Frameworks/Python.framework/Versions/3.10/lib/python3.10/site-packages/airflow/example_dags/example_kubernetes_executor.py for tasks to queue
[2024-01-13T10:25:46.576+0200] {logging_mixin.py:188} INFO - [2024-01-13T10:25:46.576+0200] {dagbag.py:538} INFO - Filling up the DagBag from /Library/Frameworks/Python.framework/Versions/3.10/lib/python3.10/site-packages/airflow/example_dags/example_kubernetes_executor.py
[2024-01-13T10:25:46.661+0200] {logging_mixin.py:188} INFO - [2024-01-13T10:25:46.661+0200] {example_kubernetes_executor.py:38} WARNING - The example_kubernetes_executor example DAG requires the kubernetes provider. Please install it with: pip install apache-airflow[cncf.kubernetes]
[2024-01-13T10:25:46.661+0200] {processor.py:842} WARNING - No viable dags retrieved from /Library/Frameworks/Python.framework/Versions/3.10/lib/python3.10/site-packages/airflow/example_dags/example_kubernetes_executor.py
[2024-01-13T10:25:46.737+0200] {processor.py:183} INFO - Processing /Library/Frameworks/Python.framework/Versions/3.10/lib/python3.10/site-packages/airflow/example_dags/example_kubernetes_executor.py took 0.168 seconds
[2024-01-13T10:29:41.651+0200] {processor.py:161} INFO - Started process (PID=23947) to work on /Library/Frameworks/Python.framework/Versions/3.10/lib/python3.10/site-packages/airflow/example_dags/example_kubernetes_executor.py
[2024-01-13T10:29:41.656+0200] {processor.py:830} INFO - Processing file /Library/Frameworks/Python.framework/Versions/3.10/lib/python3.10/site-packages/airflow/example_dags/example_kubernetes_executor.py for tasks to queue
[2024-01-13T10:29:41.656+0200] {logging_mixin.py:188} INFO - [2024-01-13T10:29:41.656+0200] {dagbag.py:538} INFO - Filling up the DagBag from /Library/Frameworks/Python.framework/Versions/3.10/lib/python3.10/site-packages/airflow/example_dags/example_kubernetes_executor.py
[2024-01-13T10:29:41.744+0200] {logging_mixin.py:188} INFO - [2024-01-13T10:29:41.743+0200] {example_kubernetes_executor.py:38} WARNING - The example_kubernetes_executor example DAG requires the kubernetes provider. Please install it with: pip install apache-airflow[cncf.kubernetes]
[2024-01-13T10:29:41.744+0200] {processor.py:842} WARNING - No viable dags retrieved from /Library/Frameworks/Python.framework/Versions/3.10/lib/python3.10/site-packages/airflow/example_dags/example_kubernetes_executor.py
[2024-01-13T10:29:41.820+0200] {processor.py:183} INFO - Processing /Library/Frameworks/Python.framework/Versions/3.10/lib/python3.10/site-packages/airflow/example_dags/example_kubernetes_executor.py took 0.170 seconds
[2024-01-13T10:33:32.080+0200] {processor.py:161} INFO - Started process (PID=24227) to work on /Library/Frameworks/Python.framework/Versions/3.10/lib/python3.10/site-packages/airflow/example_dags/example_kubernetes_executor.py
[2024-01-13T10:33:32.085+0200] {processor.py:830} INFO - Processing file /Library/Frameworks/Python.framework/Versions/3.10/lib/python3.10/site-packages/airflow/example_dags/example_kubernetes_executor.py for tasks to queue
[2024-01-13T10:33:32.086+0200] {logging_mixin.py:188} INFO - [2024-01-13T10:33:32.086+0200] {dagbag.py:538} INFO - Filling up the DagBag from /Library/Frameworks/Python.framework/Versions/3.10/lib/python3.10/site-packages/airflow/example_dags/example_kubernetes_executor.py
[2024-01-13T10:33:32.172+0200] {logging_mixin.py:188} INFO - [2024-01-13T10:33:32.172+0200] {example_kubernetes_executor.py:38} WARNING - The example_kubernetes_executor example DAG requires the kubernetes provider. Please install it with: pip install apache-airflow[cncf.kubernetes]
[2024-01-13T10:33:32.172+0200] {processor.py:842} WARNING - No viable dags retrieved from /Library/Frameworks/Python.framework/Versions/3.10/lib/python3.10/site-packages/airflow/example_dags/example_kubernetes_executor.py
[2024-01-13T10:33:32.251+0200] {processor.py:183} INFO - Processing /Library/Frameworks/Python.framework/Versions/3.10/lib/python3.10/site-packages/airflow/example_dags/example_kubernetes_executor.py took 0.171 seconds
[2024-01-13T10:37:25.318+0200] {processor.py:161} INFO - Started process (PID=24407) to work on /Library/Frameworks/Python.framework/Versions/3.10/lib/python3.10/site-packages/airflow/example_dags/example_kubernetes_executor.py
[2024-01-13T10:37:25.322+0200] {processor.py:830} INFO - Processing file /Library/Frameworks/Python.framework/Versions/3.10/lib/python3.10/site-packages/airflow/example_dags/example_kubernetes_executor.py for tasks to queue
[2024-01-13T10:37:25.323+0200] {logging_mixin.py:188} INFO - [2024-01-13T10:37:25.323+0200] {dagbag.py:538} INFO - Filling up the DagBag from /Library/Frameworks/Python.framework/Versions/3.10/lib/python3.10/site-packages/airflow/example_dags/example_kubernetes_executor.py
[2024-01-13T10:37:25.408+0200] {logging_mixin.py:188} INFO - [2024-01-13T10:37:25.408+0200] {example_kubernetes_executor.py:38} WARNING - The example_kubernetes_executor example DAG requires the kubernetes provider. Please install it with: pip install apache-airflow[cncf.kubernetes]
[2024-01-13T10:37:25.408+0200] {processor.py:842} WARNING - No viable dags retrieved from /Library/Frameworks/Python.framework/Versions/3.10/lib/python3.10/site-packages/airflow/example_dags/example_kubernetes_executor.py
[2024-01-13T10:37:25.486+0200] {processor.py:183} INFO - Processing /Library/Frameworks/Python.framework/Versions/3.10/lib/python3.10/site-packages/airflow/example_dags/example_kubernetes_executor.py took 0.169 seconds
[2024-01-13T10:41:20.524+0200] {processor.py:161} INFO - Started process (PID=24657) to work on /Library/Frameworks/Python.framework/Versions/3.10/lib/python3.10/site-packages/airflow/example_dags/example_kubernetes_executor.py
[2024-01-13T10:41:20.528+0200] {processor.py:830} INFO - Processing file /Library/Frameworks/Python.framework/Versions/3.10/lib/python3.10/site-packages/airflow/example_dags/example_kubernetes_executor.py for tasks to queue
[2024-01-13T10:41:20.529+0200] {logging_mixin.py:188} INFO - [2024-01-13T10:41:20.529+0200] {dagbag.py:538} INFO - Filling up the DagBag from /Library/Frameworks/Python.framework/Versions/3.10/lib/python3.10/site-packages/airflow/example_dags/example_kubernetes_executor.py
[2024-01-13T10:41:20.627+0200] {logging_mixin.py:188} INFO - [2024-01-13T10:41:20.627+0200] {example_kubernetes_executor.py:38} WARNING - The example_kubernetes_executor example DAG requires the kubernetes provider. Please install it with: pip install apache-airflow[cncf.kubernetes]
[2024-01-13T10:41:20.627+0200] {processor.py:842} WARNING - No viable dags retrieved from /Library/Frameworks/Python.framework/Versions/3.10/lib/python3.10/site-packages/airflow/example_dags/example_kubernetes_executor.py
[2024-01-13T10:41:20.705+0200] {processor.py:183} INFO - Processing /Library/Frameworks/Python.framework/Versions/3.10/lib/python3.10/site-packages/airflow/example_dags/example_kubernetes_executor.py took 0.183 seconds
[2024-01-13T10:45:17.952+0200] {processor.py:161} INFO - Started process (PID=24927) to work on /Library/Frameworks/Python.framework/Versions/3.10/lib/python3.10/site-packages/airflow/example_dags/example_kubernetes_executor.py
[2024-01-13T10:45:17.957+0200] {processor.py:830} INFO - Processing file /Library/Frameworks/Python.framework/Versions/3.10/lib/python3.10/site-packages/airflow/example_dags/example_kubernetes_executor.py for tasks to queue
[2024-01-13T10:45:17.958+0200] {logging_mixin.py:188} INFO - [2024-01-13T10:45:17.957+0200] {dagbag.py:538} INFO - Filling up the DagBag from /Library/Frameworks/Python.framework/Versions/3.10/lib/python3.10/site-packages/airflow/example_dags/example_kubernetes_executor.py
[2024-01-13T10:45:18.042+0200] {logging_mixin.py:188} INFO - [2024-01-13T10:45:18.041+0200] {example_kubernetes_executor.py:38} WARNING - The example_kubernetes_executor example DAG requires the kubernetes provider. Please install it with: pip install apache-airflow[cncf.kubernetes]
[2024-01-13T10:45:18.042+0200] {processor.py:842} WARNING - No viable dags retrieved from /Library/Frameworks/Python.framework/Versions/3.10/lib/python3.10/site-packages/airflow/example_dags/example_kubernetes_executor.py
[2024-01-13T10:45:18.122+0200] {processor.py:183} INFO - Processing /Library/Frameworks/Python.framework/Versions/3.10/lib/python3.10/site-packages/airflow/example_dags/example_kubernetes_executor.py took 0.171 seconds
[2024-01-13T10:48:59.984+0200] {processor.py:161} INFO - Started process (PID=25081) to work on /Library/Frameworks/Python.framework/Versions/3.10/lib/python3.10/site-packages/airflow/example_dags/example_kubernetes_executor.py
[2024-01-13T10:48:59.989+0200] {processor.py:830} INFO - Processing file /Library/Frameworks/Python.framework/Versions/3.10/lib/python3.10/site-packages/airflow/example_dags/example_kubernetes_executor.py for tasks to queue
[2024-01-13T10:48:59.989+0200] {logging_mixin.py:188} INFO - [2024-01-13T10:48:59.989+0200] {dagbag.py:538} INFO - Filling up the DagBag from /Library/Frameworks/Python.framework/Versions/3.10/lib/python3.10/site-packages/airflow/example_dags/example_kubernetes_executor.py
[2024-01-13T10:49:00.070+0200] {logging_mixin.py:188} INFO - [2024-01-13T10:49:00.069+0200] {example_kubernetes_executor.py:38} WARNING - The example_kubernetes_executor example DAG requires the kubernetes provider. Please install it with: pip install apache-airflow[cncf.kubernetes]
[2024-01-13T10:49:00.070+0200] {processor.py:842} WARNING - No viable dags retrieved from /Library/Frameworks/Python.framework/Versions/3.10/lib/python3.10/site-packages/airflow/example_dags/example_kubernetes_executor.py
[2024-01-13T10:49:00.145+0200] {processor.py:183} INFO - Processing /Library/Frameworks/Python.framework/Versions/3.10/lib/python3.10/site-packages/airflow/example_dags/example_kubernetes_executor.py took 0.162 seconds
[2024-01-13T10:52:40.246+0200] {processor.py:161} INFO - Started process (PID=25337) to work on /Library/Frameworks/Python.framework/Versions/3.10/lib/python3.10/site-packages/airflow/example_dags/example_kubernetes_executor.py
[2024-01-13T10:52:40.276+0200] {processor.py:830} INFO - Processing file /Library/Frameworks/Python.framework/Versions/3.10/lib/python3.10/site-packages/airflow/example_dags/example_kubernetes_executor.py for tasks to queue
[2024-01-13T10:52:40.284+0200] {logging_mixin.py:188} INFO - [2024-01-13T10:52:40.284+0200] {dagbag.py:538} INFO - Filling up the DagBag from /Library/Frameworks/Python.framework/Versions/3.10/lib/python3.10/site-packages/airflow/example_dags/example_kubernetes_executor.py
[2024-01-13T10:52:40.384+0200] {logging_mixin.py:188} INFO - [2024-01-13T10:52:40.383+0200] {example_kubernetes_executor.py:38} WARNING - The example_kubernetes_executor example DAG requires the kubernetes provider. Please install it with: pip install apache-airflow[cncf.kubernetes]
[2024-01-13T10:52:40.384+0200] {processor.py:842} WARNING - No viable dags retrieved from /Library/Frameworks/Python.framework/Versions/3.10/lib/python3.10/site-packages/airflow/example_dags/example_kubernetes_executor.py
[2024-01-13T10:52:40.461+0200] {processor.py:183} INFO - Processing /Library/Frameworks/Python.framework/Versions/3.10/lib/python3.10/site-packages/airflow/example_dags/example_kubernetes_executor.py took 0.217 seconds
[2024-01-13T10:56:43.649+0200] {processor.py:161} INFO - Started process (PID=25625) to work on /Library/Frameworks/Python.framework/Versions/3.10/lib/python3.10/site-packages/airflow/example_dags/example_kubernetes_executor.py
[2024-01-13T10:56:43.654+0200] {processor.py:830} INFO - Processing file /Library/Frameworks/Python.framework/Versions/3.10/lib/python3.10/site-packages/airflow/example_dags/example_kubernetes_executor.py for tasks to queue
[2024-01-13T10:56:43.654+0200] {logging_mixin.py:188} INFO - [2024-01-13T10:56:43.654+0200] {dagbag.py:538} INFO - Filling up the DagBag from /Library/Frameworks/Python.framework/Versions/3.10/lib/python3.10/site-packages/airflow/example_dags/example_kubernetes_executor.py
[2024-01-13T10:56:43.733+0200] {logging_mixin.py:188} INFO - [2024-01-13T10:56:43.732+0200] {example_kubernetes_executor.py:38} WARNING - The example_kubernetes_executor example DAG requires the kubernetes provider. Please install it with: pip install apache-airflow[cncf.kubernetes]
[2024-01-13T10:56:43.733+0200] {processor.py:842} WARNING - No viable dags retrieved from /Library/Frameworks/Python.framework/Versions/3.10/lib/python3.10/site-packages/airflow/example_dags/example_kubernetes_executor.py
[2024-01-13T10:56:43.806+0200] {processor.py:183} INFO - Processing /Library/Frameworks/Python.framework/Versions/3.10/lib/python3.10/site-packages/airflow/example_dags/example_kubernetes_executor.py took 0.158 seconds
[2024-01-13T11:00:32.611+0200] {processor.py:161} INFO - Started process (PID=25768) to work on /Library/Frameworks/Python.framework/Versions/3.10/lib/python3.10/site-packages/airflow/example_dags/example_kubernetes_executor.py
[2024-01-13T11:00:32.615+0200] {processor.py:830} INFO - Processing file /Library/Frameworks/Python.framework/Versions/3.10/lib/python3.10/site-packages/airflow/example_dags/example_kubernetes_executor.py for tasks to queue
[2024-01-13T11:00:32.615+0200] {logging_mixin.py:188} INFO - [2024-01-13T11:00:32.615+0200] {dagbag.py:538} INFO - Filling up the DagBag from /Library/Frameworks/Python.framework/Versions/3.10/lib/python3.10/site-packages/airflow/example_dags/example_kubernetes_executor.py
[2024-01-13T11:00:32.698+0200] {logging_mixin.py:188} INFO - [2024-01-13T11:00:32.698+0200] {example_kubernetes_executor.py:38} WARNING - The example_kubernetes_executor example DAG requires the kubernetes provider. Please install it with: pip install apache-airflow[cncf.kubernetes]
[2024-01-13T11:00:32.698+0200] {processor.py:842} WARNING - No viable dags retrieved from /Library/Frameworks/Python.framework/Versions/3.10/lib/python3.10/site-packages/airflow/example_dags/example_kubernetes_executor.py
[2024-01-13T11:00:32.778+0200] {processor.py:183} INFO - Processing /Library/Frameworks/Python.framework/Versions/3.10/lib/python3.10/site-packages/airflow/example_dags/example_kubernetes_executor.py took 0.168 seconds
[2024-01-13T11:04:20.304+0200] {processor.py:161} INFO - Started process (PID=25924) to work on /Library/Frameworks/Python.framework/Versions/3.10/lib/python3.10/site-packages/airflow/example_dags/example_kubernetes_executor.py
[2024-01-13T11:04:20.307+0200] {processor.py:830} INFO - Processing file /Library/Frameworks/Python.framework/Versions/3.10/lib/python3.10/site-packages/airflow/example_dags/example_kubernetes_executor.py for tasks to queue
[2024-01-13T11:04:20.308+0200] {logging_mixin.py:188} INFO - [2024-01-13T11:04:20.308+0200] {dagbag.py:538} INFO - Filling up the DagBag from /Library/Frameworks/Python.framework/Versions/3.10/lib/python3.10/site-packages/airflow/example_dags/example_kubernetes_executor.py
[2024-01-13T11:04:20.388+0200] {logging_mixin.py:188} INFO - [2024-01-13T11:04:20.388+0200] {example_kubernetes_executor.py:38} WARNING - The example_kubernetes_executor example DAG requires the kubernetes provider. Please install it with: pip install apache-airflow[cncf.kubernetes]
[2024-01-13T11:04:20.388+0200] {processor.py:842} WARNING - No viable dags retrieved from /Library/Frameworks/Python.framework/Versions/3.10/lib/python3.10/site-packages/airflow/example_dags/example_kubernetes_executor.py
[2024-01-13T11:04:20.461+0200] {processor.py:183} INFO - Processing /Library/Frameworks/Python.framework/Versions/3.10/lib/python3.10/site-packages/airflow/example_dags/example_kubernetes_executor.py took 0.159 seconds
[2024-01-13T11:08:18.488+0200] {processor.py:161} INFO - Started process (PID=26200) to work on /Library/Frameworks/Python.framework/Versions/3.10/lib/python3.10/site-packages/airflow/example_dags/example_kubernetes_executor.py
[2024-01-13T11:08:18.494+0200] {processor.py:830} INFO - Processing file /Library/Frameworks/Python.framework/Versions/3.10/lib/python3.10/site-packages/airflow/example_dags/example_kubernetes_executor.py for tasks to queue
[2024-01-13T11:08:18.494+0200] {logging_mixin.py:188} INFO - [2024-01-13T11:08:18.494+0200] {dagbag.py:538} INFO - Filling up the DagBag from /Library/Frameworks/Python.framework/Versions/3.10/lib/python3.10/site-packages/airflow/example_dags/example_kubernetes_executor.py
[2024-01-13T11:08:18.590+0200] {logging_mixin.py:188} INFO - [2024-01-13T11:08:18.589+0200] {example_kubernetes_executor.py:38} WARNING - The example_kubernetes_executor example DAG requires the kubernetes provider. Please install it with: pip install apache-airflow[cncf.kubernetes]
[2024-01-13T11:08:18.590+0200] {processor.py:842} WARNING - No viable dags retrieved from /Library/Frameworks/Python.framework/Versions/3.10/lib/python3.10/site-packages/airflow/example_dags/example_kubernetes_executor.py
[2024-01-13T11:08:18.681+0200] {processor.py:183} INFO - Processing /Library/Frameworks/Python.framework/Versions/3.10/lib/python3.10/site-packages/airflow/example_dags/example_kubernetes_executor.py took 0.195 seconds
[2024-01-13T11:12:11.768+0200] {processor.py:161} INFO - Started process (PID=26371) to work on /Library/Frameworks/Python.framework/Versions/3.10/lib/python3.10/site-packages/airflow/example_dags/example_kubernetes_executor.py
[2024-01-13T11:12:11.773+0200] {processor.py:830} INFO - Processing file /Library/Frameworks/Python.framework/Versions/3.10/lib/python3.10/site-packages/airflow/example_dags/example_kubernetes_executor.py for tasks to queue
[2024-01-13T11:12:11.773+0200] {logging_mixin.py:188} INFO - [2024-01-13T11:12:11.773+0200] {dagbag.py:538} INFO - Filling up the DagBag from /Library/Frameworks/Python.framework/Versions/3.10/lib/python3.10/site-packages/airflow/example_dags/example_kubernetes_executor.py
[2024-01-13T11:12:11.852+0200] {logging_mixin.py:188} INFO - [2024-01-13T11:12:11.852+0200] {example_kubernetes_executor.py:38} WARNING - The example_kubernetes_executor example DAG requires the kubernetes provider. Please install it with: pip install apache-airflow[cncf.kubernetes]
[2024-01-13T11:12:11.853+0200] {processor.py:842} WARNING - No viable dags retrieved from /Library/Frameworks/Python.framework/Versions/3.10/lib/python3.10/site-packages/airflow/example_dags/example_kubernetes_executor.py
[2024-01-13T11:12:11.926+0200] {processor.py:183} INFO - Processing /Library/Frameworks/Python.framework/Versions/3.10/lib/python3.10/site-packages/airflow/example_dags/example_kubernetes_executor.py took 0.160 seconds
[2024-01-13T11:16:04.577+0200] {processor.py:161} INFO - Started process (PID=26631) to work on /Library/Frameworks/Python.framework/Versions/3.10/lib/python3.10/site-packages/airflow/example_dags/example_kubernetes_executor.py
[2024-01-13T11:16:04.582+0200] {processor.py:830} INFO - Processing file /Library/Frameworks/Python.framework/Versions/3.10/lib/python3.10/site-packages/airflow/example_dags/example_kubernetes_executor.py for tasks to queue
[2024-01-13T11:16:04.582+0200] {logging_mixin.py:188} INFO - [2024-01-13T11:16:04.582+0200] {dagbag.py:538} INFO - Filling up the DagBag from /Library/Frameworks/Python.framework/Versions/3.10/lib/python3.10/site-packages/airflow/example_dags/example_kubernetes_executor.py
[2024-01-13T11:16:04.668+0200] {logging_mixin.py:188} INFO - [2024-01-13T11:16:04.667+0200] {example_kubernetes_executor.py:38} WARNING - The example_kubernetes_executor example DAG requires the kubernetes provider. Please install it with: pip install apache-airflow[cncf.kubernetes]
[2024-01-13T11:16:04.668+0200] {processor.py:842} WARNING - No viable dags retrieved from /Library/Frameworks/Python.framework/Versions/3.10/lib/python3.10/site-packages/airflow/example_dags/example_kubernetes_executor.py
[2024-01-13T11:16:04.747+0200] {processor.py:183} INFO - Processing /Library/Frameworks/Python.framework/Versions/3.10/lib/python3.10/site-packages/airflow/example_dags/example_kubernetes_executor.py took 0.172 seconds
[2024-01-13T11:19:59.559+0200] {processor.py:161} INFO - Started process (PID=26897) to work on /Library/Frameworks/Python.framework/Versions/3.10/lib/python3.10/site-packages/airflow/example_dags/example_kubernetes_executor.py
[2024-01-13T11:19:59.564+0200] {processor.py:830} INFO - Processing file /Library/Frameworks/Python.framework/Versions/3.10/lib/python3.10/site-packages/airflow/example_dags/example_kubernetes_executor.py for tasks to queue
[2024-01-13T11:19:59.565+0200] {logging_mixin.py:188} INFO - [2024-01-13T11:19:59.565+0200] {dagbag.py:538} INFO - Filling up the DagBag from /Library/Frameworks/Python.framework/Versions/3.10/lib/python3.10/site-packages/airflow/example_dags/example_kubernetes_executor.py
[2024-01-13T11:19:59.650+0200] {logging_mixin.py:188} INFO - [2024-01-13T11:19:59.650+0200] {example_kubernetes_executor.py:38} WARNING - The example_kubernetes_executor example DAG requires the kubernetes provider. Please install it with: pip install apache-airflow[cncf.kubernetes]
[2024-01-13T11:19:59.650+0200] {processor.py:842} WARNING - No viable dags retrieved from /Library/Frameworks/Python.framework/Versions/3.10/lib/python3.10/site-packages/airflow/example_dags/example_kubernetes_executor.py
[2024-01-13T11:19:59.734+0200] {processor.py:183} INFO - Processing /Library/Frameworks/Python.framework/Versions/3.10/lib/python3.10/site-packages/airflow/example_dags/example_kubernetes_executor.py took 0.175 seconds
[2024-01-13T11:23:54.755+0200] {processor.py:161} INFO - Started process (PID=27104) to work on /Library/Frameworks/Python.framework/Versions/3.10/lib/python3.10/site-packages/airflow/example_dags/example_kubernetes_executor.py
[2024-01-13T11:23:54.761+0200] {processor.py:830} INFO - Processing file /Library/Frameworks/Python.framework/Versions/3.10/lib/python3.10/site-packages/airflow/example_dags/example_kubernetes_executor.py for tasks to queue
[2024-01-13T11:23:54.761+0200] {logging_mixin.py:188} INFO - [2024-01-13T11:23:54.761+0200] {dagbag.py:538} INFO - Filling up the DagBag from /Library/Frameworks/Python.framework/Versions/3.10/lib/python3.10/site-packages/airflow/example_dags/example_kubernetes_executor.py
[2024-01-13T11:23:54.847+0200] {logging_mixin.py:188} INFO - [2024-01-13T11:23:54.847+0200] {example_kubernetes_executor.py:38} WARNING - The example_kubernetes_executor example DAG requires the kubernetes provider. Please install it with: pip install apache-airflow[cncf.kubernetes]
[2024-01-13T11:23:54.848+0200] {processor.py:842} WARNING - No viable dags retrieved from /Library/Frameworks/Python.framework/Versions/3.10/lib/python3.10/site-packages/airflow/example_dags/example_kubernetes_executor.py
[2024-01-13T11:23:54.930+0200] {processor.py:183} INFO - Processing /Library/Frameworks/Python.framework/Versions/3.10/lib/python3.10/site-packages/airflow/example_dags/example_kubernetes_executor.py took 0.177 seconds
[2024-01-13T11:27:48.512+0200] {processor.py:161} INFO - Started process (PID=27365) to work on /Library/Frameworks/Python.framework/Versions/3.10/lib/python3.10/site-packages/airflow/example_dags/example_kubernetes_executor.py
[2024-01-13T11:27:48.517+0200] {processor.py:830} INFO - Processing file /Library/Frameworks/Python.framework/Versions/3.10/lib/python3.10/site-packages/airflow/example_dags/example_kubernetes_executor.py for tasks to queue
[2024-01-13T11:27:48.518+0200] {logging_mixin.py:188} INFO - [2024-01-13T11:27:48.518+0200] {dagbag.py:538} INFO - Filling up the DagBag from /Library/Frameworks/Python.framework/Versions/3.10/lib/python3.10/site-packages/airflow/example_dags/example_kubernetes_executor.py
[2024-01-13T11:27:48.601+0200] {logging_mixin.py:188} INFO - [2024-01-13T11:27:48.601+0200] {example_kubernetes_executor.py:38} WARNING - The example_kubernetes_executor example DAG requires the kubernetes provider. Please install it with: pip install apache-airflow[cncf.kubernetes]
[2024-01-13T11:27:48.602+0200] {processor.py:842} WARNING - No viable dags retrieved from /Library/Frameworks/Python.framework/Versions/3.10/lib/python3.10/site-packages/airflow/example_dags/example_kubernetes_executor.py
[2024-01-13T11:27:48.677+0200] {processor.py:183} INFO - Processing /Library/Frameworks/Python.framework/Versions/3.10/lib/python3.10/site-packages/airflow/example_dags/example_kubernetes_executor.py took 0.166 seconds
[2024-01-13T11:31:38.195+0200] {processor.py:161} INFO - Started process (PID=27529) to work on /Library/Frameworks/Python.framework/Versions/3.10/lib/python3.10/site-packages/airflow/example_dags/example_kubernetes_executor.py
[2024-01-13T11:31:38.200+0200] {processor.py:830} INFO - Processing file /Library/Frameworks/Python.framework/Versions/3.10/lib/python3.10/site-packages/airflow/example_dags/example_kubernetes_executor.py for tasks to queue
[2024-01-13T11:31:38.200+0200] {logging_mixin.py:188} INFO - [2024-01-13T11:31:38.200+0200] {dagbag.py:538} INFO - Filling up the DagBag from /Library/Frameworks/Python.framework/Versions/3.10/lib/python3.10/site-packages/airflow/example_dags/example_kubernetes_executor.py
[2024-01-13T11:31:38.280+0200] {logging_mixin.py:188} INFO - [2024-01-13T11:31:38.280+0200] {example_kubernetes_executor.py:38} WARNING - The example_kubernetes_executor example DAG requires the kubernetes provider. Please install it with: pip install apache-airflow[cncf.kubernetes]
[2024-01-13T11:31:38.281+0200] {processor.py:842} WARNING - No viable dags retrieved from /Library/Frameworks/Python.framework/Versions/3.10/lib/python3.10/site-packages/airflow/example_dags/example_kubernetes_executor.py
[2024-01-13T11:31:38.353+0200] {processor.py:183} INFO - Processing /Library/Frameworks/Python.framework/Versions/3.10/lib/python3.10/site-packages/airflow/example_dags/example_kubernetes_executor.py took 0.159 seconds
[2024-01-13T11:35:39.614+0200] {processor.py:161} INFO - Started process (PID=28459) to work on /Library/Frameworks/Python.framework/Versions/3.10/lib/python3.10/site-packages/airflow/example_dags/example_kubernetes_executor.py
[2024-01-13T11:35:39.618+0200] {processor.py:830} INFO - Processing file /Library/Frameworks/Python.framework/Versions/3.10/lib/python3.10/site-packages/airflow/example_dags/example_kubernetes_executor.py for tasks to queue
[2024-01-13T11:35:39.619+0200] {logging_mixin.py:188} INFO - [2024-01-13T11:35:39.619+0200] {dagbag.py:538} INFO - Filling up the DagBag from /Library/Frameworks/Python.framework/Versions/3.10/lib/python3.10/site-packages/airflow/example_dags/example_kubernetes_executor.py
[2024-01-13T11:35:39.704+0200] {logging_mixin.py:188} INFO - [2024-01-13T11:35:39.704+0200] {example_kubernetes_executor.py:38} WARNING - The example_kubernetes_executor example DAG requires the kubernetes provider. Please install it with: pip install apache-airflow[cncf.kubernetes]
[2024-01-13T11:35:39.704+0200] {processor.py:842} WARNING - No viable dags retrieved from /Library/Frameworks/Python.framework/Versions/3.10/lib/python3.10/site-packages/airflow/example_dags/example_kubernetes_executor.py
[2024-01-13T11:35:39.780+0200] {processor.py:183} INFO - Processing /Library/Frameworks/Python.framework/Versions/3.10/lib/python3.10/site-packages/airflow/example_dags/example_kubernetes_executor.py took 0.169 seconds
[2024-01-13T11:39:59.919+0200] {processor.py:161} INFO - Started process (PID=29451) to work on /Library/Frameworks/Python.framework/Versions/3.10/lib/python3.10/site-packages/airflow/example_dags/example_kubernetes_executor.py
[2024-01-13T11:39:59.925+0200] {processor.py:830} INFO - Processing file /Library/Frameworks/Python.framework/Versions/3.10/lib/python3.10/site-packages/airflow/example_dags/example_kubernetes_executor.py for tasks to queue
[2024-01-13T11:39:59.925+0200] {logging_mixin.py:188} INFO - [2024-01-13T11:39:59.925+0200] {dagbag.py:538} INFO - Filling up the DagBag from /Library/Frameworks/Python.framework/Versions/3.10/lib/python3.10/site-packages/airflow/example_dags/example_kubernetes_executor.py
[2024-01-13T11:40:00.004+0200] {logging_mixin.py:188} INFO - [2024-01-13T11:40:00.004+0200] {example_kubernetes_executor.py:38} WARNING - The example_kubernetes_executor example DAG requires the kubernetes provider. Please install it with: pip install apache-airflow[cncf.kubernetes]
[2024-01-13T11:40:00.004+0200] {processor.py:842} WARNING - No viable dags retrieved from /Library/Frameworks/Python.framework/Versions/3.10/lib/python3.10/site-packages/airflow/example_dags/example_kubernetes_executor.py
[2024-01-13T11:40:00.091+0200] {processor.py:183} INFO - Processing /Library/Frameworks/Python.framework/Versions/3.10/lib/python3.10/site-packages/airflow/example_dags/example_kubernetes_executor.py took 0.173 seconds
[2024-01-13T11:45:17.329+0200] {processor.py:161} INFO - Started process (PID=29862) to work on /Library/Frameworks/Python.framework/Versions/3.10/lib/python3.10/site-packages/airflow/example_dags/example_kubernetes_executor.py
[2024-01-13T11:45:17.334+0200] {processor.py:830} INFO - Processing file /Library/Frameworks/Python.framework/Versions/3.10/lib/python3.10/site-packages/airflow/example_dags/example_kubernetes_executor.py for tasks to queue
[2024-01-13T11:45:17.335+0200] {logging_mixin.py:188} INFO - [2024-01-13T11:45:17.335+0200] {dagbag.py:538} INFO - Filling up the DagBag from /Library/Frameworks/Python.framework/Versions/3.10/lib/python3.10/site-packages/airflow/example_dags/example_kubernetes_executor.py
[2024-01-13T11:45:17.419+0200] {logging_mixin.py:188} INFO - [2024-01-13T11:45:17.419+0200] {example_kubernetes_executor.py:38} WARNING - The example_kubernetes_executor example DAG requires the kubernetes provider. Please install it with: pip install apache-airflow[cncf.kubernetes]
[2024-01-13T11:45:17.419+0200] {processor.py:842} WARNING - No viable dags retrieved from /Library/Frameworks/Python.framework/Versions/3.10/lib/python3.10/site-packages/airflow/example_dags/example_kubernetes_executor.py
[2024-01-13T11:45:17.509+0200] {processor.py:183} INFO - Processing /Library/Frameworks/Python.framework/Versions/3.10/lib/python3.10/site-packages/airflow/example_dags/example_kubernetes_executor.py took 0.182 seconds
[2024-01-13T11:51:14.521+0200] {processor.py:161} INFO - Started process (PID=30471) to work on /Library/Frameworks/Python.framework/Versions/3.10/lib/python3.10/site-packages/airflow/example_dags/example_kubernetes_executor.py
[2024-01-13T11:51:14.531+0200] {processor.py:830} INFO - Processing file /Library/Frameworks/Python.framework/Versions/3.10/lib/python3.10/site-packages/airflow/example_dags/example_kubernetes_executor.py for tasks to queue
[2024-01-13T11:51:14.532+0200] {logging_mixin.py:188} INFO - [2024-01-13T11:51:14.532+0200] {dagbag.py:538} INFO - Filling up the DagBag from /Library/Frameworks/Python.framework/Versions/3.10/lib/python3.10/site-packages/airflow/example_dags/example_kubernetes_executor.py
[2024-01-13T11:51:14.783+0200] {logging_mixin.py:188} INFO - [2024-01-13T11:51:14.783+0200] {example_kubernetes_executor.py:38} WARNING - The example_kubernetes_executor example DAG requires the kubernetes provider. Please install it with: pip install apache-airflow[cncf.kubernetes]
[2024-01-13T11:51:14.783+0200] {processor.py:842} WARNING - No viable dags retrieved from /Library/Frameworks/Python.framework/Versions/3.10/lib/python3.10/site-packages/airflow/example_dags/example_kubernetes_executor.py
[2024-01-13T11:51:15.069+0200] {processor.py:183} INFO - Processing /Library/Frameworks/Python.framework/Versions/3.10/lib/python3.10/site-packages/airflow/example_dags/example_kubernetes_executor.py took 0.551 seconds
[2024-01-13T11:58:00.745+0200] {processor.py:161} INFO - Started process (PID=31977) to work on /Library/Frameworks/Python.framework/Versions/3.10/lib/python3.10/site-packages/airflow/example_dags/example_kubernetes_executor.py
[2024-01-13T11:58:01.146+0200] {processor.py:830} INFO - Processing file /Library/Frameworks/Python.framework/Versions/3.10/lib/python3.10/site-packages/airflow/example_dags/example_kubernetes_executor.py for tasks to queue
[2024-01-13T11:58:01.159+0200] {logging_mixin.py:188} INFO - [2024-01-13T11:58:01.158+0200] {dagbag.py:538} INFO - Filling up the DagBag from /Library/Frameworks/Python.framework/Versions/3.10/lib/python3.10/site-packages/airflow/example_dags/example_kubernetes_executor.py
[2024-01-13T11:58:01.547+0200] {logging_mixin.py:188} INFO - [2024-01-13T11:58:01.547+0200] {example_kubernetes_executor.py:38} WARNING - The example_kubernetes_executor example DAG requires the kubernetes provider. Please install it with: pip install apache-airflow[cncf.kubernetes]
[2024-01-13T11:58:01.548+0200] {processor.py:842} WARNING - No viable dags retrieved from /Library/Frameworks/Python.framework/Versions/3.10/lib/python3.10/site-packages/airflow/example_dags/example_kubernetes_executor.py
[2024-01-13T11:58:01.707+0200] {processor.py:183} INFO - Processing /Library/Frameworks/Python.framework/Versions/3.10/lib/python3.10/site-packages/airflow/example_dags/example_kubernetes_executor.py took 0.963 seconds
[2024-01-13T12:01:19.634+0200] {processor.py:161} INFO - Started process (PID=32127) to work on /Library/Frameworks/Python.framework/Versions/3.10/lib/python3.10/site-packages/airflow/example_dags/example_kubernetes_executor.py
[2024-01-13T12:01:19.645+0200] {processor.py:830} INFO - Processing file /Library/Frameworks/Python.framework/Versions/3.10/lib/python3.10/site-packages/airflow/example_dags/example_kubernetes_executor.py for tasks to queue
[2024-01-13T12:01:19.646+0200] {logging_mixin.py:188} INFO - [2024-01-13T12:01:19.646+0200] {dagbag.py:538} INFO - Filling up the DagBag from /Library/Frameworks/Python.framework/Versions/3.10/lib/python3.10/site-packages/airflow/example_dags/example_kubernetes_executor.py
[2024-01-13T12:01:19.801+0200] {logging_mixin.py:188} INFO - [2024-01-13T12:01:19.801+0200] {example_kubernetes_executor.py:38} WARNING - The example_kubernetes_executor example DAG requires the kubernetes provider. Please install it with: pip install apache-airflow[cncf.kubernetes]
[2024-01-13T12:01:19.801+0200] {processor.py:842} WARNING - No viable dags retrieved from /Library/Frameworks/Python.framework/Versions/3.10/lib/python3.10/site-packages/airflow/example_dags/example_kubernetes_executor.py
[2024-01-13T12:01:20.213+0200] {processor.py:183} INFO - Processing /Library/Frameworks/Python.framework/Versions/3.10/lib/python3.10/site-packages/airflow/example_dags/example_kubernetes_executor.py took 0.580 seconds
[2024-01-13T12:05:09.127+0200] {processor.py:161} INFO - Started process (PID=33385) to work on /Library/Frameworks/Python.framework/Versions/3.10/lib/python3.10/site-packages/airflow/example_dags/example_kubernetes_executor.py
[2024-01-13T12:05:09.136+0200] {processor.py:830} INFO - Processing file /Library/Frameworks/Python.framework/Versions/3.10/lib/python3.10/site-packages/airflow/example_dags/example_kubernetes_executor.py for tasks to queue
[2024-01-13T12:05:09.138+0200] {logging_mixin.py:188} INFO - [2024-01-13T12:05:09.137+0200] {dagbag.py:538} INFO - Filling up the DagBag from /Library/Frameworks/Python.framework/Versions/3.10/lib/python3.10/site-packages/airflow/example_dags/example_kubernetes_executor.py
[2024-01-13T12:05:09.300+0200] {logging_mixin.py:188} INFO - [2024-01-13T12:05:09.300+0200] {example_kubernetes_executor.py:38} WARNING - The example_kubernetes_executor example DAG requires the kubernetes provider. Please install it with: pip install apache-airflow[cncf.kubernetes]
[2024-01-13T12:05:09.301+0200] {processor.py:842} WARNING - No viable dags retrieved from /Library/Frameworks/Python.framework/Versions/3.10/lib/python3.10/site-packages/airflow/example_dags/example_kubernetes_executor.py
[2024-01-13T12:05:09.549+0200] {processor.py:183} INFO - Processing /Library/Frameworks/Python.framework/Versions/3.10/lib/python3.10/site-packages/airflow/example_dags/example_kubernetes_executor.py took 0.424 seconds
[2024-01-13T12:08:03.750+0200] {processor.py:161} INFO - Started process (PID=33996) to work on /Library/Frameworks/Python.framework/Versions/3.10/lib/python3.10/site-packages/airflow/example_dags/example_kubernetes_executor.py
[2024-01-13T12:08:03.756+0200] {processor.py:830} INFO - Processing file /Library/Frameworks/Python.framework/Versions/3.10/lib/python3.10/site-packages/airflow/example_dags/example_kubernetes_executor.py for tasks to queue
[2024-01-13T12:08:03.756+0200] {logging_mixin.py:188} INFO - [2024-01-13T12:08:03.756+0200] {dagbag.py:538} INFO - Filling up the DagBag from /Library/Frameworks/Python.framework/Versions/3.10/lib/python3.10/site-packages/airflow/example_dags/example_kubernetes_executor.py
[2024-01-13T12:08:03.840+0200] {logging_mixin.py:188} INFO - [2024-01-13T12:08:03.840+0200] {example_kubernetes_executor.py:38} WARNING - The example_kubernetes_executor example DAG requires the kubernetes provider. Please install it with: pip install apache-airflow[cncf.kubernetes]
[2024-01-13T12:08:03.840+0200] {processor.py:842} WARNING - No viable dags retrieved from /Library/Frameworks/Python.framework/Versions/3.10/lib/python3.10/site-packages/airflow/example_dags/example_kubernetes_executor.py
[2024-01-13T12:08:03.933+0200] {processor.py:183} INFO - Processing /Library/Frameworks/Python.framework/Versions/3.10/lib/python3.10/site-packages/airflow/example_dags/example_kubernetes_executor.py took 0.184 seconds
[2024-01-13T12:10:45.817+0200] {processor.py:161} INFO - Started process (PID=34120) to work on /Library/Frameworks/Python.framework/Versions/3.10/lib/python3.10/site-packages/airflow/example_dags/example_kubernetes_executor.py
[2024-01-13T12:10:45.823+0200] {processor.py:830} INFO - Processing file /Library/Frameworks/Python.framework/Versions/3.10/lib/python3.10/site-packages/airflow/example_dags/example_kubernetes_executor.py for tasks to queue
[2024-01-13T12:10:45.824+0200] {logging_mixin.py:188} INFO - [2024-01-13T12:10:45.823+0200] {dagbag.py:538} INFO - Filling up the DagBag from /Library/Frameworks/Python.framework/Versions/3.10/lib/python3.10/site-packages/airflow/example_dags/example_kubernetes_executor.py
[2024-01-13T12:10:45.909+0200] {logging_mixin.py:188} INFO - [2024-01-13T12:10:45.909+0200] {example_kubernetes_executor.py:38} WARNING - The example_kubernetes_executor example DAG requires the kubernetes provider. Please install it with: pip install apache-airflow[cncf.kubernetes]
[2024-01-13T12:10:45.909+0200] {processor.py:842} WARNING - No viable dags retrieved from /Library/Frameworks/Python.framework/Versions/3.10/lib/python3.10/site-packages/airflow/example_dags/example_kubernetes_executor.py
[2024-01-13T12:10:45.999+0200] {processor.py:183} INFO - Processing /Library/Frameworks/Python.framework/Versions/3.10/lib/python3.10/site-packages/airflow/example_dags/example_kubernetes_executor.py took 0.184 seconds
[2024-01-13T12:15:46.579+0200] {processor.py:161} INFO - Started process (PID=34407) to work on /Library/Frameworks/Python.framework/Versions/3.10/lib/python3.10/site-packages/airflow/example_dags/example_kubernetes_executor.py
[2024-01-13T12:15:46.586+0200] {processor.py:830} INFO - Processing file /Library/Frameworks/Python.framework/Versions/3.10/lib/python3.10/site-packages/airflow/example_dags/example_kubernetes_executor.py for tasks to queue
[2024-01-13T12:15:46.587+0200] {logging_mixin.py:188} INFO - [2024-01-13T12:15:46.587+0200] {dagbag.py:538} INFO - Filling up the DagBag from /Library/Frameworks/Python.framework/Versions/3.10/lib/python3.10/site-packages/airflow/example_dags/example_kubernetes_executor.py
[2024-01-13T12:15:46.703+0200] {logging_mixin.py:188} INFO - [2024-01-13T12:15:46.702+0200] {example_kubernetes_executor.py:38} WARNING - The example_kubernetes_executor example DAG requires the kubernetes provider. Please install it with: pip install apache-airflow[cncf.kubernetes]
[2024-01-13T12:15:46.703+0200] {processor.py:842} WARNING - No viable dags retrieved from /Library/Frameworks/Python.framework/Versions/3.10/lib/python3.10/site-packages/airflow/example_dags/example_kubernetes_executor.py
[2024-01-13T12:15:46.811+0200] {processor.py:183} INFO - Processing /Library/Frameworks/Python.framework/Versions/3.10/lib/python3.10/site-packages/airflow/example_dags/example_kubernetes_executor.py took 0.234 seconds
[2024-01-13T13:29:32.663+0200] {processor.py:161} INFO - Started process (PID=35501) to work on /Library/Frameworks/Python.framework/Versions/3.10/lib/python3.10/site-packages/airflow/example_dags/example_kubernetes_executor.py
[2024-01-13T13:29:32.668+0200] {processor.py:830} INFO - Processing file /Library/Frameworks/Python.framework/Versions/3.10/lib/python3.10/site-packages/airflow/example_dags/example_kubernetes_executor.py for tasks to queue
[2024-01-13T13:29:32.668+0200] {logging_mixin.py:188} INFO - [2024-01-13T13:29:32.668+0200] {dagbag.py:538} INFO - Filling up the DagBag from /Library/Frameworks/Python.framework/Versions/3.10/lib/python3.10/site-packages/airflow/example_dags/example_kubernetes_executor.py
[2024-01-13T13:29:32.745+0200] {logging_mixin.py:188} INFO - [2024-01-13T13:29:32.745+0200] {example_kubernetes_executor.py:38} WARNING - The example_kubernetes_executor example DAG requires the kubernetes provider. Please install it with: pip install apache-airflow[cncf.kubernetes]
[2024-01-13T13:29:32.745+0200] {processor.py:842} WARNING - No viable dags retrieved from /Library/Frameworks/Python.framework/Versions/3.10/lib/python3.10/site-packages/airflow/example_dags/example_kubernetes_executor.py
[2024-01-13T13:29:32.827+0200] {processor.py:183} INFO - Processing /Library/Frameworks/Python.framework/Versions/3.10/lib/python3.10/site-packages/airflow/example_dags/example_kubernetes_executor.py took 0.165 seconds
[2024-01-13T15:18:08.448+0200] {processor.py:161} INFO - Started process (PID=42766) to work on /Library/Frameworks/Python.framework/Versions/3.10/lib/python3.10/site-packages/airflow/example_dags/example_kubernetes_executor.py
[2024-01-13T15:18:08.453+0200] {processor.py:830} INFO - Processing file /Library/Frameworks/Python.framework/Versions/3.10/lib/python3.10/site-packages/airflow/example_dags/example_kubernetes_executor.py for tasks to queue
[2024-01-13T15:18:08.454+0200] {logging_mixin.py:188} INFO - [2024-01-13T15:18:08.454+0200] {dagbag.py:538} INFO - Filling up the DagBag from /Library/Frameworks/Python.framework/Versions/3.10/lib/python3.10/site-packages/airflow/example_dags/example_kubernetes_executor.py
[2024-01-13T15:18:08.537+0200] {logging_mixin.py:188} INFO - [2024-01-13T15:18:08.537+0200] {example_kubernetes_executor.py:38} WARNING - The example_kubernetes_executor example DAG requires the kubernetes provider. Please install it with: pip install apache-airflow[cncf.kubernetes]
[2024-01-13T15:18:08.537+0200] {processor.py:842} WARNING - No viable dags retrieved from /Library/Frameworks/Python.framework/Versions/3.10/lib/python3.10/site-packages/airflow/example_dags/example_kubernetes_executor.py
[2024-01-13T15:18:08.620+0200] {processor.py:183} INFO - Processing /Library/Frameworks/Python.framework/Versions/3.10/lib/python3.10/site-packages/airflow/example_dags/example_kubernetes_executor.py took 0.173 seconds
[2024-01-13T15:20:51.921+0200] {processor.py:161} INFO - Started process (PID=42874) to work on /Library/Frameworks/Python.framework/Versions/3.10/lib/python3.10/site-packages/airflow/example_dags/example_kubernetes_executor.py
[2024-01-13T15:20:51.926+0200] {processor.py:830} INFO - Processing file /Library/Frameworks/Python.framework/Versions/3.10/lib/python3.10/site-packages/airflow/example_dags/example_kubernetes_executor.py for tasks to queue
[2024-01-13T15:20:51.926+0200] {logging_mixin.py:188} INFO - [2024-01-13T15:20:51.926+0200] {dagbag.py:538} INFO - Filling up the DagBag from /Library/Frameworks/Python.framework/Versions/3.10/lib/python3.10/site-packages/airflow/example_dags/example_kubernetes_executor.py
[2024-01-13T15:20:52.014+0200] {logging_mixin.py:188} INFO - [2024-01-13T15:20:52.014+0200] {example_kubernetes_executor.py:38} WARNING - The example_kubernetes_executor example DAG requires the kubernetes provider. Please install it with: pip install apache-airflow[cncf.kubernetes]
[2024-01-13T15:20:52.014+0200] {processor.py:842} WARNING - No viable dags retrieved from /Library/Frameworks/Python.framework/Versions/3.10/lib/python3.10/site-packages/airflow/example_dags/example_kubernetes_executor.py
[2024-01-13T15:20:52.096+0200] {processor.py:183} INFO - Processing /Library/Frameworks/Python.framework/Versions/3.10/lib/python3.10/site-packages/airflow/example_dags/example_kubernetes_executor.py took 0.177 seconds
[2024-01-13T15:25:48.426+0200] {processor.py:161} INFO - Started process (PID=43197) to work on /Library/Frameworks/Python.framework/Versions/3.10/lib/python3.10/site-packages/airflow/example_dags/example_kubernetes_executor.py
[2024-01-13T15:25:48.432+0200] {processor.py:830} INFO - Processing file /Library/Frameworks/Python.framework/Versions/3.10/lib/python3.10/site-packages/airflow/example_dags/example_kubernetes_executor.py for tasks to queue
[2024-01-13T15:25:48.433+0200] {logging_mixin.py:188} INFO - [2024-01-13T15:25:48.433+0200] {dagbag.py:538} INFO - Filling up the DagBag from /Library/Frameworks/Python.framework/Versions/3.10/lib/python3.10/site-packages/airflow/example_dags/example_kubernetes_executor.py
[2024-01-13T15:25:48.528+0200] {logging_mixin.py:188} INFO - [2024-01-13T15:25:48.528+0200] {example_kubernetes_executor.py:38} WARNING - The example_kubernetes_executor example DAG requires the kubernetes provider. Please install it with: pip install apache-airflow[cncf.kubernetes]
[2024-01-13T15:25:48.528+0200] {processor.py:842} WARNING - No viable dags retrieved from /Library/Frameworks/Python.framework/Versions/3.10/lib/python3.10/site-packages/airflow/example_dags/example_kubernetes_executor.py
[2024-01-13T15:25:48.641+0200] {processor.py:183} INFO - Processing /Library/Frameworks/Python.framework/Versions/3.10/lib/python3.10/site-packages/airflow/example_dags/example_kubernetes_executor.py took 0.217 seconds
[2024-01-13T15:33:43.357+0200] {processor.py:161} INFO - Started process (PID=43725) to work on /Library/Frameworks/Python.framework/Versions/3.10/lib/python3.10/site-packages/airflow/example_dags/example_kubernetes_executor.py
[2024-01-13T15:33:43.362+0200] {processor.py:830} INFO - Processing file /Library/Frameworks/Python.framework/Versions/3.10/lib/python3.10/site-packages/airflow/example_dags/example_kubernetes_executor.py for tasks to queue
[2024-01-13T15:33:43.363+0200] {logging_mixin.py:188} INFO - [2024-01-13T15:33:43.363+0200] {dagbag.py:538} INFO - Filling up the DagBag from /Library/Frameworks/Python.framework/Versions/3.10/lib/python3.10/site-packages/airflow/example_dags/example_kubernetes_executor.py
[2024-01-13T15:33:43.448+0200] {logging_mixin.py:188} INFO - [2024-01-13T15:33:43.447+0200] {example_kubernetes_executor.py:38} WARNING - The example_kubernetes_executor example DAG requires the kubernetes provider. Please install it with: pip install apache-airflow[cncf.kubernetes]
[2024-01-13T15:33:43.448+0200] {processor.py:842} WARNING - No viable dags retrieved from /Library/Frameworks/Python.framework/Versions/3.10/lib/python3.10/site-packages/airflow/example_dags/example_kubernetes_executor.py
[2024-01-13T15:33:43.546+0200] {processor.py:183} INFO - Processing /Library/Frameworks/Python.framework/Versions/3.10/lib/python3.10/site-packages/airflow/example_dags/example_kubernetes_executor.py took 0.190 seconds
[2024-01-13T15:40:26.249+0200] {processor.py:161} INFO - Started process (PID=44238) to work on /Library/Frameworks/Python.framework/Versions/3.10/lib/python3.10/site-packages/airflow/example_dags/example_kubernetes_executor.py
[2024-01-13T15:40:26.254+0200] {processor.py:830} INFO - Processing file /Library/Frameworks/Python.framework/Versions/3.10/lib/python3.10/site-packages/airflow/example_dags/example_kubernetes_executor.py for tasks to queue
[2024-01-13T15:40:26.255+0200] {logging_mixin.py:188} INFO - [2024-01-13T15:40:26.254+0200] {dagbag.py:538} INFO - Filling up the DagBag from /Library/Frameworks/Python.framework/Versions/3.10/lib/python3.10/site-packages/airflow/example_dags/example_kubernetes_executor.py
[2024-01-13T15:40:26.341+0200] {logging_mixin.py:188} INFO - [2024-01-13T15:40:26.341+0200] {example_kubernetes_executor.py:38} WARNING - The example_kubernetes_executor example DAG requires the kubernetes provider. Please install it with: pip install apache-airflow[cncf.kubernetes]
[2024-01-13T15:40:26.341+0200] {processor.py:842} WARNING - No viable dags retrieved from /Library/Frameworks/Python.framework/Versions/3.10/lib/python3.10/site-packages/airflow/example_dags/example_kubernetes_executor.py
[2024-01-13T15:40:26.420+0200] {processor.py:183} INFO - Processing /Library/Frameworks/Python.framework/Versions/3.10/lib/python3.10/site-packages/airflow/example_dags/example_kubernetes_executor.py took 0.173 seconds
[2024-01-13T22:46:34.602+0200] {processor.py:161} INFO - Started process (PID=45370) to work on /Library/Frameworks/Python.framework/Versions/3.10/lib/python3.10/site-packages/airflow/example_dags/example_kubernetes_executor.py
[2024-01-13T22:46:34.607+0200] {processor.py:830} INFO - Processing file /Library/Frameworks/Python.framework/Versions/3.10/lib/python3.10/site-packages/airflow/example_dags/example_kubernetes_executor.py for tasks to queue
[2024-01-13T22:46:34.608+0200] {logging_mixin.py:188} INFO - [2024-01-13T22:46:34.608+0200] {dagbag.py:538} INFO - Filling up the DagBag from /Library/Frameworks/Python.framework/Versions/3.10/lib/python3.10/site-packages/airflow/example_dags/example_kubernetes_executor.py
[2024-01-13T22:46:34.700+0200] {logging_mixin.py:188} INFO - [2024-01-13T22:46:34.700+0200] {example_kubernetes_executor.py:38} WARNING - The example_kubernetes_executor example DAG requires the kubernetes provider. Please install it with: pip install apache-airflow[cncf.kubernetes]
[2024-01-13T22:46:34.700+0200] {processor.py:842} WARNING - No viable dags retrieved from /Library/Frameworks/Python.framework/Versions/3.10/lib/python3.10/site-packages/airflow/example_dags/example_kubernetes_executor.py
[2024-01-13T22:46:34.803+0200] {processor.py:183} INFO - Processing /Library/Frameworks/Python.framework/Versions/3.10/lib/python3.10/site-packages/airflow/example_dags/example_kubernetes_executor.py took 0.203 seconds
[2024-01-14T00:34:08.426+0200] {processor.py:161} INFO - Started process (PID=45799) to work on /Library/Frameworks/Python.framework/Versions/3.10/lib/python3.10/site-packages/airflow/example_dags/example_kubernetes_executor.py
[2024-01-14T00:34:08.439+0200] {processor.py:830} INFO - Processing file /Library/Frameworks/Python.framework/Versions/3.10/lib/python3.10/site-packages/airflow/example_dags/example_kubernetes_executor.py for tasks to queue
[2024-01-14T00:34:08.440+0200] {logging_mixin.py:188} INFO - [2024-01-14T00:34:08.440+0200] {dagbag.py:538} INFO - Filling up the DagBag from /Library/Frameworks/Python.framework/Versions/3.10/lib/python3.10/site-packages/airflow/example_dags/example_kubernetes_executor.py
[2024-01-14T00:34:08.565+0200] {logging_mixin.py:188} INFO - [2024-01-14T00:34:08.565+0200] {example_kubernetes_executor.py:38} WARNING - The example_kubernetes_executor example DAG requires the kubernetes provider. Please install it with: pip install apache-airflow[cncf.kubernetes]
[2024-01-14T00:34:08.565+0200] {processor.py:842} WARNING - No viable dags retrieved from /Library/Frameworks/Python.framework/Versions/3.10/lib/python3.10/site-packages/airflow/example_dags/example_kubernetes_executor.py
[2024-01-14T00:34:08.651+0200] {processor.py:183} INFO - Processing /Library/Frameworks/Python.framework/Versions/3.10/lib/python3.10/site-packages/airflow/example_dags/example_kubernetes_executor.py took 0.225 seconds
[2024-01-14T00:37:17.905+0200] {processor.py:161} INFO - Started process (PID=46307) to work on /Library/Frameworks/Python.framework/Versions/3.10/lib/python3.10/site-packages/airflow/example_dags/example_kubernetes_executor.py
[2024-01-14T00:37:17.910+0200] {processor.py:830} INFO - Processing file /Library/Frameworks/Python.framework/Versions/3.10/lib/python3.10/site-packages/airflow/example_dags/example_kubernetes_executor.py for tasks to queue
[2024-01-14T00:37:17.910+0200] {logging_mixin.py:188} INFO - [2024-01-14T00:37:17.910+0200] {dagbag.py:538} INFO - Filling up the DagBag from /Library/Frameworks/Python.framework/Versions/3.10/lib/python3.10/site-packages/airflow/example_dags/example_kubernetes_executor.py
[2024-01-14T00:37:18.006+0200] {logging_mixin.py:188} INFO - [2024-01-14T00:37:18.006+0200] {example_kubernetes_executor.py:38} WARNING - The example_kubernetes_executor example DAG requires the kubernetes provider. Please install it with: pip install apache-airflow[cncf.kubernetes]
[2024-01-14T00:37:18.007+0200] {processor.py:842} WARNING - No viable dags retrieved from /Library/Frameworks/Python.framework/Versions/3.10/lib/python3.10/site-packages/airflow/example_dags/example_kubernetes_executor.py
[2024-01-14T00:37:18.082+0200] {processor.py:183} INFO - Processing /Library/Frameworks/Python.framework/Versions/3.10/lib/python3.10/site-packages/airflow/example_dags/example_kubernetes_executor.py took 0.179 seconds
[2024-01-14T00:42:14.233+0200] {processor.py:161} INFO - Started process (PID=46673) to work on /Library/Frameworks/Python.framework/Versions/3.10/lib/python3.10/site-packages/airflow/example_dags/example_kubernetes_executor.py
[2024-01-14T00:42:14.238+0200] {processor.py:830} INFO - Processing file /Library/Frameworks/Python.framework/Versions/3.10/lib/python3.10/site-packages/airflow/example_dags/example_kubernetes_executor.py for tasks to queue
[2024-01-14T00:42:14.239+0200] {logging_mixin.py:188} INFO - [2024-01-14T00:42:14.239+0200] {dagbag.py:538} INFO - Filling up the DagBag from /Library/Frameworks/Python.framework/Versions/3.10/lib/python3.10/site-packages/airflow/example_dags/example_kubernetes_executor.py
[2024-01-14T00:42:14.364+0200] {logging_mixin.py:188} INFO - [2024-01-14T00:42:14.363+0200] {example_kubernetes_executor.py:38} WARNING - The example_kubernetes_executor example DAG requires the kubernetes provider. Please install it with: pip install apache-airflow[cncf.kubernetes]
[2024-01-14T00:42:14.364+0200] {processor.py:842} WARNING - No viable dags retrieved from /Library/Frameworks/Python.framework/Versions/3.10/lib/python3.10/site-packages/airflow/example_dags/example_kubernetes_executor.py
[2024-01-14T00:42:14.480+0200] {processor.py:183} INFO - Processing /Library/Frameworks/Python.framework/Versions/3.10/lib/python3.10/site-packages/airflow/example_dags/example_kubernetes_executor.py took 0.249 seconds
[2024-01-14T00:47:26.630+0200] {processor.py:161} INFO - Started process (PID=47028) to work on /Library/Frameworks/Python.framework/Versions/3.10/lib/python3.10/site-packages/airflow/example_dags/example_kubernetes_executor.py
[2024-01-14T00:47:26.634+0200] {processor.py:830} INFO - Processing file /Library/Frameworks/Python.framework/Versions/3.10/lib/python3.10/site-packages/airflow/example_dags/example_kubernetes_executor.py for tasks to queue
[2024-01-14T00:47:26.634+0200] {logging_mixin.py:188} INFO - [2024-01-14T00:47:26.634+0200] {dagbag.py:538} INFO - Filling up the DagBag from /Library/Frameworks/Python.framework/Versions/3.10/lib/python3.10/site-packages/airflow/example_dags/example_kubernetes_executor.py
[2024-01-14T00:47:26.717+0200] {logging_mixin.py:188} INFO - [2024-01-14T00:47:26.717+0200] {example_kubernetes_executor.py:38} WARNING - The example_kubernetes_executor example DAG requires the kubernetes provider. Please install it with: pip install apache-airflow[cncf.kubernetes]
[2024-01-14T00:47:26.717+0200] {processor.py:842} WARNING - No viable dags retrieved from /Library/Frameworks/Python.framework/Versions/3.10/lib/python3.10/site-packages/airflow/example_dags/example_kubernetes_executor.py
[2024-01-14T00:47:26.792+0200] {processor.py:183} INFO - Processing /Library/Frameworks/Python.framework/Versions/3.10/lib/python3.10/site-packages/airflow/example_dags/example_kubernetes_executor.py took 0.164 seconds
[2024-01-14T00:50:14.061+0200] {processor.py:161} INFO - Started process (PID=47174) to work on /Library/Frameworks/Python.framework/Versions/3.10/lib/python3.10/site-packages/airflow/example_dags/example_kubernetes_executor.py
[2024-01-14T00:50:14.068+0200] {processor.py:830} INFO - Processing file /Library/Frameworks/Python.framework/Versions/3.10/lib/python3.10/site-packages/airflow/example_dags/example_kubernetes_executor.py for tasks to queue
[2024-01-14T00:50:14.069+0200] {logging_mixin.py:188} INFO - [2024-01-14T00:50:14.069+0200] {dagbag.py:538} INFO - Filling up the DagBag from /Library/Frameworks/Python.framework/Versions/3.10/lib/python3.10/site-packages/airflow/example_dags/example_kubernetes_executor.py
[2024-01-14T00:50:14.268+0200] {logging_mixin.py:188} INFO - [2024-01-14T00:50:14.267+0200] {example_kubernetes_executor.py:38} WARNING - The example_kubernetes_executor example DAG requires the kubernetes provider. Please install it with: pip install apache-airflow[cncf.kubernetes]
[2024-01-14T00:50:14.268+0200] {processor.py:842} WARNING - No viable dags retrieved from /Library/Frameworks/Python.framework/Versions/3.10/lib/python3.10/site-packages/airflow/example_dags/example_kubernetes_executor.py
[2024-01-14T00:50:14.450+0200] {processor.py:183} INFO - Processing /Library/Frameworks/Python.framework/Versions/3.10/lib/python3.10/site-packages/airflow/example_dags/example_kubernetes_executor.py took 0.392 seconds
