[2024-01-13T05:16:20.934+0200] {processor.py:161} INFO - Started process (PID=20887) to work on /Library/Frameworks/Python.framework/Versions/3.10/lib/python3.10/site-packages/airflow/example_dags/example_dynamic_task_mapping.py
[2024-01-13T05:16:20.941+0200] {processor.py:830} INFO - Processing file /Library/Frameworks/Python.framework/Versions/3.10/lib/python3.10/site-packages/airflow/example_dags/example_dynamic_task_mapping.py for tasks to queue
[2024-01-13T05:16:20.942+0200] {logging_mixin.py:188} INFO - [2024-01-13T05:16:20.942+0200] {dagbag.py:538} INFO - Filling up the DagBag from /Library/Frameworks/Python.framework/Versions/3.10/lib/python3.10/site-packages/airflow/example_dags/example_dynamic_task_mapping.py
[2024-01-13T05:16:21.049+0200] {processor.py:840} INFO - DAG(s) 'example_dynamic_task_mapping' retrieved from /Library/Frameworks/Python.framework/Versions/3.10/lib/python3.10/site-packages/airflow/example_dags/example_dynamic_task_mapping.py
[2024-01-13T05:16:21.187+0200] {logging_mixin.py:188} INFO - [2024-01-13T05:16:21.186+0200] {dag.py:3033} INFO - Sync 1 DAGs
[2024-01-13T05:16:21.209+0200] {logging_mixin.py:188} INFO - [2024-01-13T05:16:21.209+0200] {dag.py:3820} INFO - Setting next_dagrun for example_dynamic_task_mapping to 2022-03-04T00:00:00+00:00, run_after=2022-03-05T00:00:00+00:00
[2024-01-13T05:16:21.239+0200] {processor.py:183} INFO - Processing /Library/Frameworks/Python.framework/Versions/3.10/lib/python3.10/site-packages/airflow/example_dags/example_dynamic_task_mapping.py took 0.306 seconds
[2024-01-13T10:09:41.232+0200] {processor.py:161} INFO - Started process (PID=21953) to work on /Library/Frameworks/Python.framework/Versions/3.10/lib/python3.10/site-packages/airflow/example_dags/example_dynamic_task_mapping.py
[2024-01-13T10:09:41.236+0200] {processor.py:830} INFO - Processing file /Library/Frameworks/Python.framework/Versions/3.10/lib/python3.10/site-packages/airflow/example_dags/example_dynamic_task_mapping.py for tasks to queue
[2024-01-13T10:09:41.237+0200] {logging_mixin.py:188} INFO - [2024-01-13T10:09:41.236+0200] {dagbag.py:538} INFO - Filling up the DagBag from /Library/Frameworks/Python.framework/Versions/3.10/lib/python3.10/site-packages/airflow/example_dags/example_dynamic_task_mapping.py
[2024-01-13T10:09:41.334+0200] {processor.py:840} INFO - DAG(s) 'example_dynamic_task_mapping' retrieved from /Library/Frameworks/Python.framework/Versions/3.10/lib/python3.10/site-packages/airflow/example_dags/example_dynamic_task_mapping.py
[2024-01-13T10:09:41.424+0200] {logging_mixin.py:188} INFO - [2024-01-13T10:09:41.424+0200] {dag.py:3033} INFO - Sync 1 DAGs
[2024-01-13T10:09:41.438+0200] {logging_mixin.py:188} INFO - [2024-01-13T10:09:41.438+0200] {dag.py:3820} INFO - Setting next_dagrun for example_dynamic_task_mapping to 2022-03-04T00:00:00+00:00, run_after=2022-03-05T00:00:00+00:00
[2024-01-13T10:09:41.454+0200] {processor.py:183} INFO - Processing /Library/Frameworks/Python.framework/Versions/3.10/lib/python3.10/site-packages/airflow/example_dags/example_dynamic_task_mapping.py took 0.223 seconds
[2024-01-13T10:13:56.516+0200] {processor.py:161} INFO - Started process (PID=22250) to work on /Library/Frameworks/Python.framework/Versions/3.10/lib/python3.10/site-packages/airflow/example_dags/example_dynamic_task_mapping.py
[2024-01-13T10:13:56.521+0200] {processor.py:830} INFO - Processing file /Library/Frameworks/Python.framework/Versions/3.10/lib/python3.10/site-packages/airflow/example_dags/example_dynamic_task_mapping.py for tasks to queue
[2024-01-13T10:13:56.521+0200] {logging_mixin.py:188} INFO - [2024-01-13T10:13:56.521+0200] {dagbag.py:538} INFO - Filling up the DagBag from /Library/Frameworks/Python.framework/Versions/3.10/lib/python3.10/site-packages/airflow/example_dags/example_dynamic_task_mapping.py
[2024-01-13T10:13:56.606+0200] {processor.py:840} INFO - DAG(s) 'example_dynamic_task_mapping' retrieved from /Library/Frameworks/Python.framework/Versions/3.10/lib/python3.10/site-packages/airflow/example_dags/example_dynamic_task_mapping.py
[2024-01-13T10:13:56.695+0200] {logging_mixin.py:188} INFO - [2024-01-13T10:13:56.695+0200] {dag.py:3033} INFO - Sync 1 DAGs
[2024-01-13T10:13:56.708+0200] {logging_mixin.py:188} INFO - [2024-01-13T10:13:56.708+0200] {dag.py:3820} INFO - Setting next_dagrun for example_dynamic_task_mapping to 2022-03-04T00:00:00+00:00, run_after=2022-03-05T00:00:00+00:00
[2024-01-13T10:13:56.726+0200] {processor.py:183} INFO - Processing /Library/Frameworks/Python.framework/Versions/3.10/lib/python3.10/site-packages/airflow/example_dags/example_dynamic_task_mapping.py took 0.211 seconds
[2024-01-13T10:18:07.336+0200] {processor.py:161} INFO - Started process (PID=23380) to work on /Library/Frameworks/Python.framework/Versions/3.10/lib/python3.10/site-packages/airflow/example_dags/example_dynamic_task_mapping.py
[2024-01-13T10:18:07.341+0200] {processor.py:830} INFO - Processing file /Library/Frameworks/Python.framework/Versions/3.10/lib/python3.10/site-packages/airflow/example_dags/example_dynamic_task_mapping.py for tasks to queue
[2024-01-13T10:18:07.342+0200] {logging_mixin.py:188} INFO - [2024-01-13T10:18:07.342+0200] {dagbag.py:538} INFO - Filling up the DagBag from /Library/Frameworks/Python.framework/Versions/3.10/lib/python3.10/site-packages/airflow/example_dags/example_dynamic_task_mapping.py
[2024-01-13T10:18:07.425+0200] {processor.py:840} INFO - DAG(s) 'example_dynamic_task_mapping' retrieved from /Library/Frameworks/Python.framework/Versions/3.10/lib/python3.10/site-packages/airflow/example_dags/example_dynamic_task_mapping.py
[2024-01-13T10:18:07.515+0200] {logging_mixin.py:188} INFO - [2024-01-13T10:18:07.515+0200] {dag.py:3033} INFO - Sync 1 DAGs
[2024-01-13T10:18:07.528+0200] {logging_mixin.py:188} INFO - [2024-01-13T10:18:07.528+0200] {dag.py:3820} INFO - Setting next_dagrun for example_dynamic_task_mapping to 2022-03-04T00:00:00+00:00, run_after=2022-03-05T00:00:00+00:00
[2024-01-13T10:18:07.546+0200] {processor.py:183} INFO - Processing /Library/Frameworks/Python.framework/Versions/3.10/lib/python3.10/site-packages/airflow/example_dags/example_dynamic_task_mapping.py took 0.211 seconds
[2024-01-13T10:22:01.188+0200] {processor.py:161} INFO - Started process (PID=23536) to work on /Library/Frameworks/Python.framework/Versions/3.10/lib/python3.10/site-packages/airflow/example_dags/example_dynamic_task_mapping.py
[2024-01-13T10:22:01.193+0200] {processor.py:830} INFO - Processing file /Library/Frameworks/Python.framework/Versions/3.10/lib/python3.10/site-packages/airflow/example_dags/example_dynamic_task_mapping.py for tasks to queue
[2024-01-13T10:22:01.194+0200] {logging_mixin.py:188} INFO - [2024-01-13T10:22:01.194+0200] {dagbag.py:538} INFO - Filling up the DagBag from /Library/Frameworks/Python.framework/Versions/3.10/lib/python3.10/site-packages/airflow/example_dags/example_dynamic_task_mapping.py
[2024-01-13T10:22:01.282+0200] {processor.py:840} INFO - DAG(s) 'example_dynamic_task_mapping' retrieved from /Library/Frameworks/Python.framework/Versions/3.10/lib/python3.10/site-packages/airflow/example_dags/example_dynamic_task_mapping.py
[2024-01-13T10:22:01.380+0200] {logging_mixin.py:188} INFO - [2024-01-13T10:22:01.380+0200] {dag.py:3033} INFO - Sync 1 DAGs
[2024-01-13T10:22:01.394+0200] {logging_mixin.py:188} INFO - [2024-01-13T10:22:01.394+0200] {dag.py:3820} INFO - Setting next_dagrun for example_dynamic_task_mapping to 2022-03-04T00:00:00+00:00, run_after=2022-03-05T00:00:00+00:00
[2024-01-13T10:22:01.412+0200] {processor.py:183} INFO - Processing /Library/Frameworks/Python.framework/Versions/3.10/lib/python3.10/site-packages/airflow/example_dags/example_dynamic_task_mapping.py took 0.225 seconds
[2024-01-13T10:25:55.760+0200] {processor.py:161} INFO - Started process (PID=23788) to work on /Library/Frameworks/Python.framework/Versions/3.10/lib/python3.10/site-packages/airflow/example_dags/example_dynamic_task_mapping.py
[2024-01-13T10:25:55.765+0200] {processor.py:830} INFO - Processing file /Library/Frameworks/Python.framework/Versions/3.10/lib/python3.10/site-packages/airflow/example_dags/example_dynamic_task_mapping.py for tasks to queue
[2024-01-13T10:25:55.766+0200] {logging_mixin.py:188} INFO - [2024-01-13T10:25:55.766+0200] {dagbag.py:538} INFO - Filling up the DagBag from /Library/Frameworks/Python.framework/Versions/3.10/lib/python3.10/site-packages/airflow/example_dags/example_dynamic_task_mapping.py
[2024-01-13T10:25:55.856+0200] {processor.py:840} INFO - DAG(s) 'example_dynamic_task_mapping' retrieved from /Library/Frameworks/Python.framework/Versions/3.10/lib/python3.10/site-packages/airflow/example_dags/example_dynamic_task_mapping.py
[2024-01-13T10:25:55.949+0200] {logging_mixin.py:188} INFO - [2024-01-13T10:25:55.949+0200] {dag.py:3033} INFO - Sync 1 DAGs
[2024-01-13T10:25:55.962+0200] {logging_mixin.py:188} INFO - [2024-01-13T10:25:55.962+0200] {dag.py:3820} INFO - Setting next_dagrun for example_dynamic_task_mapping to 2022-03-04T00:00:00+00:00, run_after=2022-03-05T00:00:00+00:00
[2024-01-13T10:25:55.982+0200] {processor.py:183} INFO - Processing /Library/Frameworks/Python.framework/Versions/3.10/lib/python3.10/site-packages/airflow/example_dags/example_dynamic_task_mapping.py took 0.223 seconds
[2024-01-13T10:29:50.909+0200] {processor.py:161} INFO - Started process (PID=23952) to work on /Library/Frameworks/Python.framework/Versions/3.10/lib/python3.10/site-packages/airflow/example_dags/example_dynamic_task_mapping.py
[2024-01-13T10:29:50.914+0200] {processor.py:830} INFO - Processing file /Library/Frameworks/Python.framework/Versions/3.10/lib/python3.10/site-packages/airflow/example_dags/example_dynamic_task_mapping.py for tasks to queue
[2024-01-13T10:29:50.915+0200] {logging_mixin.py:188} INFO - [2024-01-13T10:29:50.915+0200] {dagbag.py:538} INFO - Filling up the DagBag from /Library/Frameworks/Python.framework/Versions/3.10/lib/python3.10/site-packages/airflow/example_dags/example_dynamic_task_mapping.py
[2024-01-13T10:29:51.002+0200] {processor.py:840} INFO - DAG(s) 'example_dynamic_task_mapping' retrieved from /Library/Frameworks/Python.framework/Versions/3.10/lib/python3.10/site-packages/airflow/example_dags/example_dynamic_task_mapping.py
[2024-01-13T10:29:51.094+0200] {logging_mixin.py:188} INFO - [2024-01-13T10:29:51.094+0200] {dag.py:3033} INFO - Sync 1 DAGs
[2024-01-13T10:29:51.106+0200] {logging_mixin.py:188} INFO - [2024-01-13T10:29:51.106+0200] {dag.py:3820} INFO - Setting next_dagrun for example_dynamic_task_mapping to 2022-03-04T00:00:00+00:00, run_after=2022-03-05T00:00:00+00:00
[2024-01-13T10:29:51.124+0200] {processor.py:183} INFO - Processing /Library/Frameworks/Python.framework/Versions/3.10/lib/python3.10/site-packages/airflow/example_dags/example_dynamic_task_mapping.py took 0.216 seconds
[2024-01-13T10:33:41.298+0200] {processor.py:161} INFO - Started process (PID=24241) to work on /Library/Frameworks/Python.framework/Versions/3.10/lib/python3.10/site-packages/airflow/example_dags/example_dynamic_task_mapping.py
[2024-01-13T10:33:41.302+0200] {processor.py:830} INFO - Processing file /Library/Frameworks/Python.framework/Versions/3.10/lib/python3.10/site-packages/airflow/example_dags/example_dynamic_task_mapping.py for tasks to queue
[2024-01-13T10:33:41.303+0200] {logging_mixin.py:188} INFO - [2024-01-13T10:33:41.303+0200] {dagbag.py:538} INFO - Filling up the DagBag from /Library/Frameworks/Python.framework/Versions/3.10/lib/python3.10/site-packages/airflow/example_dags/example_dynamic_task_mapping.py
[2024-01-13T10:33:41.387+0200] {processor.py:840} INFO - DAG(s) 'example_dynamic_task_mapping' retrieved from /Library/Frameworks/Python.framework/Versions/3.10/lib/python3.10/site-packages/airflow/example_dags/example_dynamic_task_mapping.py
[2024-01-13T10:33:41.480+0200] {logging_mixin.py:188} INFO - [2024-01-13T10:33:41.480+0200] {dag.py:3033} INFO - Sync 1 DAGs
[2024-01-13T10:33:41.493+0200] {logging_mixin.py:188} INFO - [2024-01-13T10:33:41.493+0200] {dag.py:3820} INFO - Setting next_dagrun for example_dynamic_task_mapping to 2022-03-04T00:00:00+00:00, run_after=2022-03-05T00:00:00+00:00
[2024-01-13T10:33:41.510+0200] {processor.py:183} INFO - Processing /Library/Frameworks/Python.framework/Versions/3.10/lib/python3.10/site-packages/airflow/example_dags/example_dynamic_task_mapping.py took 0.214 seconds
[2024-01-13T10:37:34.582+0200] {processor.py:161} INFO - Started process (PID=24412) to work on /Library/Frameworks/Python.framework/Versions/3.10/lib/python3.10/site-packages/airflow/example_dags/example_dynamic_task_mapping.py
[2024-01-13T10:37:34.587+0200] {processor.py:830} INFO - Processing file /Library/Frameworks/Python.framework/Versions/3.10/lib/python3.10/site-packages/airflow/example_dags/example_dynamic_task_mapping.py for tasks to queue
[2024-01-13T10:37:34.588+0200] {logging_mixin.py:188} INFO - [2024-01-13T10:37:34.588+0200] {dagbag.py:538} INFO - Filling up the DagBag from /Library/Frameworks/Python.framework/Versions/3.10/lib/python3.10/site-packages/airflow/example_dags/example_dynamic_task_mapping.py
[2024-01-13T10:37:34.673+0200] {processor.py:840} INFO - DAG(s) 'example_dynamic_task_mapping' retrieved from /Library/Frameworks/Python.framework/Versions/3.10/lib/python3.10/site-packages/airflow/example_dags/example_dynamic_task_mapping.py
[2024-01-13T10:37:34.775+0200] {logging_mixin.py:188} INFO - [2024-01-13T10:37:34.775+0200] {dag.py:3033} INFO - Sync 1 DAGs
[2024-01-13T10:37:34.789+0200] {logging_mixin.py:188} INFO - [2024-01-13T10:37:34.789+0200] {dag.py:3820} INFO - Setting next_dagrun for example_dynamic_task_mapping to 2022-03-04T00:00:00+00:00, run_after=2022-03-05T00:00:00+00:00
[2024-01-13T10:37:34.808+0200] {processor.py:183} INFO - Processing /Library/Frameworks/Python.framework/Versions/3.10/lib/python3.10/site-packages/airflow/example_dags/example_dynamic_task_mapping.py took 0.227 seconds
[2024-01-13T10:41:29.971+0200] {processor.py:161} INFO - Started process (PID=24675) to work on /Library/Frameworks/Python.framework/Versions/3.10/lib/python3.10/site-packages/airflow/example_dags/example_dynamic_task_mapping.py
[2024-01-13T10:41:29.976+0200] {processor.py:830} INFO - Processing file /Library/Frameworks/Python.framework/Versions/3.10/lib/python3.10/site-packages/airflow/example_dags/example_dynamic_task_mapping.py for tasks to queue
[2024-01-13T10:41:29.976+0200] {logging_mixin.py:188} INFO - [2024-01-13T10:41:29.976+0200] {dagbag.py:538} INFO - Filling up the DagBag from /Library/Frameworks/Python.framework/Versions/3.10/lib/python3.10/site-packages/airflow/example_dags/example_dynamic_task_mapping.py
[2024-01-13T10:41:30.060+0200] {processor.py:840} INFO - DAG(s) 'example_dynamic_task_mapping' retrieved from /Library/Frameworks/Python.framework/Versions/3.10/lib/python3.10/site-packages/airflow/example_dags/example_dynamic_task_mapping.py
[2024-01-13T10:41:30.168+0200] {logging_mixin.py:188} INFO - [2024-01-13T10:41:30.168+0200] {dag.py:3033} INFO - Sync 1 DAGs
[2024-01-13T10:41:30.183+0200] {logging_mixin.py:188} INFO - [2024-01-13T10:41:30.182+0200] {dag.py:3820} INFO - Setting next_dagrun for example_dynamic_task_mapping to 2022-03-04T00:00:00+00:00, run_after=2022-03-05T00:00:00+00:00
[2024-01-13T10:41:30.199+0200] {processor.py:183} INFO - Processing /Library/Frameworks/Python.framework/Versions/3.10/lib/python3.10/site-packages/airflow/example_dags/example_dynamic_task_mapping.py took 0.230 seconds
[2024-01-13T10:45:27.479+0200] {processor.py:161} INFO - Started process (PID=24931) to work on /Library/Frameworks/Python.framework/Versions/3.10/lib/python3.10/site-packages/airflow/example_dags/example_dynamic_task_mapping.py
[2024-01-13T10:45:27.485+0200] {processor.py:830} INFO - Processing file /Library/Frameworks/Python.framework/Versions/3.10/lib/python3.10/site-packages/airflow/example_dags/example_dynamic_task_mapping.py for tasks to queue
[2024-01-13T10:45:27.485+0200] {logging_mixin.py:188} INFO - [2024-01-13T10:45:27.485+0200] {dagbag.py:538} INFO - Filling up the DagBag from /Library/Frameworks/Python.framework/Versions/3.10/lib/python3.10/site-packages/airflow/example_dags/example_dynamic_task_mapping.py
[2024-01-13T10:45:27.577+0200] {processor.py:840} INFO - DAG(s) 'example_dynamic_task_mapping' retrieved from /Library/Frameworks/Python.framework/Versions/3.10/lib/python3.10/site-packages/airflow/example_dags/example_dynamic_task_mapping.py
[2024-01-13T10:45:27.678+0200] {logging_mixin.py:188} INFO - [2024-01-13T10:45:27.677+0200] {dag.py:3033} INFO - Sync 1 DAGs
[2024-01-13T10:45:27.693+0200] {logging_mixin.py:188} INFO - [2024-01-13T10:45:27.693+0200] {dag.py:3820} INFO - Setting next_dagrun for example_dynamic_task_mapping to 2022-03-04T00:00:00+00:00, run_after=2022-03-05T00:00:00+00:00
[2024-01-13T10:45:27.712+0200] {processor.py:183} INFO - Processing /Library/Frameworks/Python.framework/Versions/3.10/lib/python3.10/site-packages/airflow/example_dags/example_dynamic_task_mapping.py took 0.234 seconds
[2024-01-13T10:49:08.919+0200] {processor.py:161} INFO - Started process (PID=25084) to work on /Library/Frameworks/Python.framework/Versions/3.10/lib/python3.10/site-packages/airflow/example_dags/example_dynamic_task_mapping.py
[2024-01-13T10:49:08.924+0200] {processor.py:830} INFO - Processing file /Library/Frameworks/Python.framework/Versions/3.10/lib/python3.10/site-packages/airflow/example_dags/example_dynamic_task_mapping.py for tasks to queue
[2024-01-13T10:49:08.924+0200] {logging_mixin.py:188} INFO - [2024-01-13T10:49:08.924+0200] {dagbag.py:538} INFO - Filling up the DagBag from /Library/Frameworks/Python.framework/Versions/3.10/lib/python3.10/site-packages/airflow/example_dags/example_dynamic_task_mapping.py
[2024-01-13T10:49:09.009+0200] {processor.py:840} INFO - DAG(s) 'example_dynamic_task_mapping' retrieved from /Library/Frameworks/Python.framework/Versions/3.10/lib/python3.10/site-packages/airflow/example_dags/example_dynamic_task_mapping.py
[2024-01-13T10:49:09.101+0200] {logging_mixin.py:188} INFO - [2024-01-13T10:49:09.101+0200] {dag.py:3033} INFO - Sync 1 DAGs
[2024-01-13T10:49:09.114+0200] {logging_mixin.py:188} INFO - [2024-01-13T10:49:09.114+0200] {dag.py:3820} INFO - Setting next_dagrun for example_dynamic_task_mapping to 2022-03-04T00:00:00+00:00, run_after=2022-03-05T00:00:00+00:00
[2024-01-13T10:49:09.131+0200] {processor.py:183} INFO - Processing /Library/Frameworks/Python.framework/Versions/3.10/lib/python3.10/site-packages/airflow/example_dags/example_dynamic_task_mapping.py took 0.214 seconds
[2024-01-13T10:52:49.049+0200] {processor.py:161} INFO - Started process (PID=25340) to work on /Library/Frameworks/Python.framework/Versions/3.10/lib/python3.10/site-packages/airflow/example_dags/example_dynamic_task_mapping.py
[2024-01-13T10:52:49.053+0200] {processor.py:830} INFO - Processing file /Library/Frameworks/Python.framework/Versions/3.10/lib/python3.10/site-packages/airflow/example_dags/example_dynamic_task_mapping.py for tasks to queue
[2024-01-13T10:52:49.054+0200] {logging_mixin.py:188} INFO - [2024-01-13T10:52:49.054+0200] {dagbag.py:538} INFO - Filling up the DagBag from /Library/Frameworks/Python.framework/Versions/3.10/lib/python3.10/site-packages/airflow/example_dags/example_dynamic_task_mapping.py
[2024-01-13T10:52:49.140+0200] {processor.py:840} INFO - DAG(s) 'example_dynamic_task_mapping' retrieved from /Library/Frameworks/Python.framework/Versions/3.10/lib/python3.10/site-packages/airflow/example_dags/example_dynamic_task_mapping.py
[2024-01-13T10:52:49.229+0200] {logging_mixin.py:188} INFO - [2024-01-13T10:52:49.229+0200] {dag.py:3033} INFO - Sync 1 DAGs
[2024-01-13T10:52:49.242+0200] {logging_mixin.py:188} INFO - [2024-01-13T10:52:49.242+0200] {dag.py:3820} INFO - Setting next_dagrun for example_dynamic_task_mapping to 2022-03-04T00:00:00+00:00, run_after=2022-03-05T00:00:00+00:00
[2024-01-13T10:52:49.259+0200] {processor.py:183} INFO - Processing /Library/Frameworks/Python.framework/Versions/3.10/lib/python3.10/site-packages/airflow/example_dags/example_dynamic_task_mapping.py took 0.212 seconds
[2024-01-13T10:56:51.633+0200] {processor.py:161} INFO - Started process (PID=25628) to work on /Library/Frameworks/Python.framework/Versions/3.10/lib/python3.10/site-packages/airflow/example_dags/example_dynamic_task_mapping.py
[2024-01-13T10:56:51.637+0200] {processor.py:830} INFO - Processing file /Library/Frameworks/Python.framework/Versions/3.10/lib/python3.10/site-packages/airflow/example_dags/example_dynamic_task_mapping.py for tasks to queue
[2024-01-13T10:56:51.638+0200] {logging_mixin.py:188} INFO - [2024-01-13T10:56:51.637+0200] {dagbag.py:538} INFO - Filling up the DagBag from /Library/Frameworks/Python.framework/Versions/3.10/lib/python3.10/site-packages/airflow/example_dags/example_dynamic_task_mapping.py
[2024-01-13T10:56:51.722+0200] {processor.py:840} INFO - DAG(s) 'example_dynamic_task_mapping' retrieved from /Library/Frameworks/Python.framework/Versions/3.10/lib/python3.10/site-packages/airflow/example_dags/example_dynamic_task_mapping.py
[2024-01-13T10:56:51.813+0200] {logging_mixin.py:188} INFO - [2024-01-13T10:56:51.813+0200] {dag.py:3033} INFO - Sync 1 DAGs
[2024-01-13T10:56:51.826+0200] {logging_mixin.py:188} INFO - [2024-01-13T10:56:51.826+0200] {dag.py:3820} INFO - Setting next_dagrun for example_dynamic_task_mapping to 2022-03-04T00:00:00+00:00, run_after=2022-03-05T00:00:00+00:00
[2024-01-13T10:56:51.844+0200] {processor.py:183} INFO - Processing /Library/Frameworks/Python.framework/Versions/3.10/lib/python3.10/site-packages/airflow/example_dags/example_dynamic_task_mapping.py took 0.212 seconds
[2024-01-13T11:00:41.842+0200] {processor.py:161} INFO - Started process (PID=25771) to work on /Library/Frameworks/Python.framework/Versions/3.10/lib/python3.10/site-packages/airflow/example_dags/example_dynamic_task_mapping.py
[2024-01-13T11:00:41.846+0200] {processor.py:830} INFO - Processing file /Library/Frameworks/Python.framework/Versions/3.10/lib/python3.10/site-packages/airflow/example_dags/example_dynamic_task_mapping.py for tasks to queue
[2024-01-13T11:00:41.846+0200] {logging_mixin.py:188} INFO - [2024-01-13T11:00:41.846+0200] {dagbag.py:538} INFO - Filling up the DagBag from /Library/Frameworks/Python.framework/Versions/3.10/lib/python3.10/site-packages/airflow/example_dags/example_dynamic_task_mapping.py
[2024-01-13T11:00:41.933+0200] {processor.py:840} INFO - DAG(s) 'example_dynamic_task_mapping' retrieved from /Library/Frameworks/Python.framework/Versions/3.10/lib/python3.10/site-packages/airflow/example_dags/example_dynamic_task_mapping.py
[2024-01-13T11:00:42.029+0200] {logging_mixin.py:188} INFO - [2024-01-13T11:00:42.029+0200] {dag.py:3033} INFO - Sync 1 DAGs
[2024-01-13T11:00:42.042+0200] {logging_mixin.py:188} INFO - [2024-01-13T11:00:42.042+0200] {dag.py:3820} INFO - Setting next_dagrun for example_dynamic_task_mapping to 2022-03-04T00:00:00+00:00, run_after=2022-03-05T00:00:00+00:00
[2024-01-13T11:00:42.059+0200] {processor.py:183} INFO - Processing /Library/Frameworks/Python.framework/Versions/3.10/lib/python3.10/site-packages/airflow/example_dags/example_dynamic_task_mapping.py took 0.219 seconds
[2024-01-13T11:04:28.385+0200] {processor.py:161} INFO - Started process (PID=25927) to work on /Library/Frameworks/Python.framework/Versions/3.10/lib/python3.10/site-packages/airflow/example_dags/example_dynamic_task_mapping.py
[2024-01-13T11:04:28.389+0200] {processor.py:830} INFO - Processing file /Library/Frameworks/Python.framework/Versions/3.10/lib/python3.10/site-packages/airflow/example_dags/example_dynamic_task_mapping.py for tasks to queue
[2024-01-13T11:04:28.389+0200] {logging_mixin.py:188} INFO - [2024-01-13T11:04:28.389+0200] {dagbag.py:538} INFO - Filling up the DagBag from /Library/Frameworks/Python.framework/Versions/3.10/lib/python3.10/site-packages/airflow/example_dags/example_dynamic_task_mapping.py
[2024-01-13T11:04:28.470+0200] {processor.py:840} INFO - DAG(s) 'example_dynamic_task_mapping' retrieved from /Library/Frameworks/Python.framework/Versions/3.10/lib/python3.10/site-packages/airflow/example_dags/example_dynamic_task_mapping.py
[2024-01-13T11:04:28.557+0200] {logging_mixin.py:188} INFO - [2024-01-13T11:04:28.557+0200] {dag.py:3033} INFO - Sync 1 DAGs
[2024-01-13T11:04:28.570+0200] {logging_mixin.py:188} INFO - [2024-01-13T11:04:28.570+0200] {dag.py:3820} INFO - Setting next_dagrun for example_dynamic_task_mapping to 2022-03-04T00:00:00+00:00, run_after=2022-03-05T00:00:00+00:00
[2024-01-13T11:04:28.587+0200] {processor.py:183} INFO - Processing /Library/Frameworks/Python.framework/Versions/3.10/lib/python3.10/site-packages/airflow/example_dags/example_dynamic_task_mapping.py took 0.204 seconds
[2024-01-13T11:08:27.662+0200] {processor.py:161} INFO - Started process (PID=26203) to work on /Library/Frameworks/Python.framework/Versions/3.10/lib/python3.10/site-packages/airflow/example_dags/example_dynamic_task_mapping.py
[2024-01-13T11:08:27.666+0200] {processor.py:830} INFO - Processing file /Library/Frameworks/Python.framework/Versions/3.10/lib/python3.10/site-packages/airflow/example_dags/example_dynamic_task_mapping.py for tasks to queue
[2024-01-13T11:08:27.667+0200] {logging_mixin.py:188} INFO - [2024-01-13T11:08:27.667+0200] {dagbag.py:538} INFO - Filling up the DagBag from /Library/Frameworks/Python.framework/Versions/3.10/lib/python3.10/site-packages/airflow/example_dags/example_dynamic_task_mapping.py
[2024-01-13T11:08:27.753+0200] {processor.py:840} INFO - DAG(s) 'example_dynamic_task_mapping' retrieved from /Library/Frameworks/Python.framework/Versions/3.10/lib/python3.10/site-packages/airflow/example_dags/example_dynamic_task_mapping.py
[2024-01-13T11:08:27.899+0200] {logging_mixin.py:188} INFO - [2024-01-13T11:08:27.898+0200] {dag.py:3033} INFO - Sync 1 DAGs
[2024-01-13T11:08:27.912+0200] {logging_mixin.py:188} INFO - [2024-01-13T11:08:27.912+0200] {dag.py:3820} INFO - Setting next_dagrun for example_dynamic_task_mapping to 2022-03-04T00:00:00+00:00, run_after=2022-03-05T00:00:00+00:00
[2024-01-13T11:08:27.930+0200] {processor.py:183} INFO - Processing /Library/Frameworks/Python.framework/Versions/3.10/lib/python3.10/site-packages/airflow/example_dags/example_dynamic_task_mapping.py took 0.270 seconds
[2024-01-13T11:12:20.710+0200] {processor.py:161} INFO - Started process (PID=26374) to work on /Library/Frameworks/Python.framework/Versions/3.10/lib/python3.10/site-packages/airflow/example_dags/example_dynamic_task_mapping.py
[2024-01-13T11:12:20.715+0200] {processor.py:830} INFO - Processing file /Library/Frameworks/Python.framework/Versions/3.10/lib/python3.10/site-packages/airflow/example_dags/example_dynamic_task_mapping.py for tasks to queue
[2024-01-13T11:12:20.715+0200] {logging_mixin.py:188} INFO - [2024-01-13T11:12:20.715+0200] {dagbag.py:538} INFO - Filling up the DagBag from /Library/Frameworks/Python.framework/Versions/3.10/lib/python3.10/site-packages/airflow/example_dags/example_dynamic_task_mapping.py
[2024-01-13T11:12:20.811+0200] {processor.py:840} INFO - DAG(s) 'example_dynamic_task_mapping' retrieved from /Library/Frameworks/Python.framework/Versions/3.10/lib/python3.10/site-packages/airflow/example_dags/example_dynamic_task_mapping.py
[2024-01-13T11:12:20.902+0200] {logging_mixin.py:188} INFO - [2024-01-13T11:12:20.902+0200] {dag.py:3033} INFO - Sync 1 DAGs
[2024-01-13T11:12:20.916+0200] {logging_mixin.py:188} INFO - [2024-01-13T11:12:20.915+0200] {dag.py:3820} INFO - Setting next_dagrun for example_dynamic_task_mapping to 2022-03-04T00:00:00+00:00, run_after=2022-03-05T00:00:00+00:00
[2024-01-13T11:12:20.933+0200] {processor.py:183} INFO - Processing /Library/Frameworks/Python.framework/Versions/3.10/lib/python3.10/site-packages/airflow/example_dags/example_dynamic_task_mapping.py took 0.224 seconds
[2024-01-13T11:16:13.752+0200] {processor.py:161} INFO - Started process (PID=26645) to work on /Library/Frameworks/Python.framework/Versions/3.10/lib/python3.10/site-packages/airflow/example_dags/example_dynamic_task_mapping.py
[2024-01-13T11:16:13.757+0200] {processor.py:830} INFO - Processing file /Library/Frameworks/Python.framework/Versions/3.10/lib/python3.10/site-packages/airflow/example_dags/example_dynamic_task_mapping.py for tasks to queue
[2024-01-13T11:16:13.757+0200] {logging_mixin.py:188} INFO - [2024-01-13T11:16:13.757+0200] {dagbag.py:538} INFO - Filling up the DagBag from /Library/Frameworks/Python.framework/Versions/3.10/lib/python3.10/site-packages/airflow/example_dags/example_dynamic_task_mapping.py
[2024-01-13T11:16:13.858+0200] {processor.py:840} INFO - DAG(s) 'example_dynamic_task_mapping' retrieved from /Library/Frameworks/Python.framework/Versions/3.10/lib/python3.10/site-packages/airflow/example_dags/example_dynamic_task_mapping.py
[2024-01-13T11:16:13.950+0200] {logging_mixin.py:188} INFO - [2024-01-13T11:16:13.949+0200] {dag.py:3033} INFO - Sync 1 DAGs
[2024-01-13T11:16:13.963+0200] {logging_mixin.py:188} INFO - [2024-01-13T11:16:13.962+0200] {dag.py:3820} INFO - Setting next_dagrun for example_dynamic_task_mapping to 2022-03-04T00:00:00+00:00, run_after=2022-03-05T00:00:00+00:00
[2024-01-13T11:16:13.979+0200] {processor.py:183} INFO - Processing /Library/Frameworks/Python.framework/Versions/3.10/lib/python3.10/site-packages/airflow/example_dags/example_dynamic_task_mapping.py took 0.228 seconds
[2024-01-13T11:20:08.179+0200] {processor.py:161} INFO - Started process (PID=26901) to work on /Library/Frameworks/Python.framework/Versions/3.10/lib/python3.10/site-packages/airflow/example_dags/example_dynamic_task_mapping.py
[2024-01-13T11:20:08.186+0200] {processor.py:830} INFO - Processing file /Library/Frameworks/Python.framework/Versions/3.10/lib/python3.10/site-packages/airflow/example_dags/example_dynamic_task_mapping.py for tasks to queue
[2024-01-13T11:20:08.187+0200] {logging_mixin.py:188} INFO - [2024-01-13T11:20:08.187+0200] {dagbag.py:538} INFO - Filling up the DagBag from /Library/Frameworks/Python.framework/Versions/3.10/lib/python3.10/site-packages/airflow/example_dags/example_dynamic_task_mapping.py
[2024-01-13T11:20:08.356+0200] {processor.py:840} INFO - DAG(s) 'example_dynamic_task_mapping' retrieved from /Library/Frameworks/Python.framework/Versions/3.10/lib/python3.10/site-packages/airflow/example_dags/example_dynamic_task_mapping.py
[2024-01-13T11:20:08.485+0200] {logging_mixin.py:188} INFO - [2024-01-13T11:20:08.485+0200] {dag.py:3033} INFO - Sync 1 DAGs
[2024-01-13T11:20:08.503+0200] {logging_mixin.py:188} INFO - [2024-01-13T11:20:08.503+0200] {dag.py:3820} INFO - Setting next_dagrun for example_dynamic_task_mapping to 2022-03-04T00:00:00+00:00, run_after=2022-03-05T00:00:00+00:00
[2024-01-13T11:20:08.527+0200] {processor.py:183} INFO - Processing /Library/Frameworks/Python.framework/Versions/3.10/lib/python3.10/site-packages/airflow/example_dags/example_dynamic_task_mapping.py took 0.350 seconds
[2024-01-13T11:24:03.395+0200] {processor.py:161} INFO - Started process (PID=27107) to work on /Library/Frameworks/Python.framework/Versions/3.10/lib/python3.10/site-packages/airflow/example_dags/example_dynamic_task_mapping.py
[2024-01-13T11:24:03.400+0200] {processor.py:830} INFO - Processing file /Library/Frameworks/Python.framework/Versions/3.10/lib/python3.10/site-packages/airflow/example_dags/example_dynamic_task_mapping.py for tasks to queue
[2024-01-13T11:24:03.400+0200] {logging_mixin.py:188} INFO - [2024-01-13T11:24:03.400+0200] {dagbag.py:538} INFO - Filling up the DagBag from /Library/Frameworks/Python.framework/Versions/3.10/lib/python3.10/site-packages/airflow/example_dags/example_dynamic_task_mapping.py
[2024-01-13T11:24:03.488+0200] {processor.py:840} INFO - DAG(s) 'example_dynamic_task_mapping' retrieved from /Library/Frameworks/Python.framework/Versions/3.10/lib/python3.10/site-packages/airflow/example_dags/example_dynamic_task_mapping.py
[2024-01-13T11:24:03.582+0200] {logging_mixin.py:188} INFO - [2024-01-13T11:24:03.581+0200] {dag.py:3033} INFO - Sync 1 DAGs
[2024-01-13T11:24:03.596+0200] {logging_mixin.py:188} INFO - [2024-01-13T11:24:03.595+0200] {dag.py:3820} INFO - Setting next_dagrun for example_dynamic_task_mapping to 2022-03-04T00:00:00+00:00, run_after=2022-03-05T00:00:00+00:00
[2024-01-13T11:24:03.614+0200] {processor.py:183} INFO - Processing /Library/Frameworks/Python.framework/Versions/3.10/lib/python3.10/site-packages/airflow/example_dags/example_dynamic_task_mapping.py took 0.220 seconds
[2024-01-13T11:27:56.661+0200] {processor.py:161} INFO - Started process (PID=27368) to work on /Library/Frameworks/Python.framework/Versions/3.10/lib/python3.10/site-packages/airflow/example_dags/example_dynamic_task_mapping.py
[2024-01-13T11:27:56.665+0200] {processor.py:830} INFO - Processing file /Library/Frameworks/Python.framework/Versions/3.10/lib/python3.10/site-packages/airflow/example_dags/example_dynamic_task_mapping.py for tasks to queue
[2024-01-13T11:27:56.666+0200] {logging_mixin.py:188} INFO - [2024-01-13T11:27:56.666+0200] {dagbag.py:538} INFO - Filling up the DagBag from /Library/Frameworks/Python.framework/Versions/3.10/lib/python3.10/site-packages/airflow/example_dags/example_dynamic_task_mapping.py
[2024-01-13T11:27:56.753+0200] {processor.py:840} INFO - DAG(s) 'example_dynamic_task_mapping' retrieved from /Library/Frameworks/Python.framework/Versions/3.10/lib/python3.10/site-packages/airflow/example_dags/example_dynamic_task_mapping.py
[2024-01-13T11:27:56.849+0200] {logging_mixin.py:188} INFO - [2024-01-13T11:27:56.849+0200] {dag.py:3033} INFO - Sync 1 DAGs
[2024-01-13T11:27:56.864+0200] {logging_mixin.py:188} INFO - [2024-01-13T11:27:56.863+0200] {dag.py:3820} INFO - Setting next_dagrun for example_dynamic_task_mapping to 2022-03-04T00:00:00+00:00, run_after=2022-03-05T00:00:00+00:00
[2024-01-13T11:27:56.881+0200] {processor.py:183} INFO - Processing /Library/Frameworks/Python.framework/Versions/3.10/lib/python3.10/site-packages/airflow/example_dags/example_dynamic_task_mapping.py took 0.221 seconds
[2024-01-13T11:31:46.206+0200] {processor.py:161} INFO - Started process (PID=27532) to work on /Library/Frameworks/Python.framework/Versions/3.10/lib/python3.10/site-packages/airflow/example_dags/example_dynamic_task_mapping.py
[2024-01-13T11:31:46.211+0200] {processor.py:830} INFO - Processing file /Library/Frameworks/Python.framework/Versions/3.10/lib/python3.10/site-packages/airflow/example_dags/example_dynamic_task_mapping.py for tasks to queue
[2024-01-13T11:31:46.212+0200] {logging_mixin.py:188} INFO - [2024-01-13T11:31:46.212+0200] {dagbag.py:538} INFO - Filling up the DagBag from /Library/Frameworks/Python.framework/Versions/3.10/lib/python3.10/site-packages/airflow/example_dags/example_dynamic_task_mapping.py
[2024-01-13T11:31:46.294+0200] {processor.py:840} INFO - DAG(s) 'example_dynamic_task_mapping' retrieved from /Library/Frameworks/Python.framework/Versions/3.10/lib/python3.10/site-packages/airflow/example_dags/example_dynamic_task_mapping.py
[2024-01-13T11:31:46.382+0200] {logging_mixin.py:188} INFO - [2024-01-13T11:31:46.382+0200] {dag.py:3033} INFO - Sync 1 DAGs
[2024-01-13T11:31:46.395+0200] {logging_mixin.py:188} INFO - [2024-01-13T11:31:46.394+0200] {dag.py:3820} INFO - Setting next_dagrun for example_dynamic_task_mapping to 2022-03-04T00:00:00+00:00, run_after=2022-03-05T00:00:00+00:00
[2024-01-13T11:31:46.415+0200] {processor.py:183} INFO - Processing /Library/Frameworks/Python.framework/Versions/3.10/lib/python3.10/site-packages/airflow/example_dags/example_dynamic_task_mapping.py took 0.210 seconds
[2024-01-13T11:35:48.934+0200] {processor.py:161} INFO - Started process (PID=28464) to work on /Library/Frameworks/Python.framework/Versions/3.10/lib/python3.10/site-packages/airflow/example_dags/example_dynamic_task_mapping.py
[2024-01-13T11:35:48.939+0200] {processor.py:830} INFO - Processing file /Library/Frameworks/Python.framework/Versions/3.10/lib/python3.10/site-packages/airflow/example_dags/example_dynamic_task_mapping.py for tasks to queue
[2024-01-13T11:35:48.939+0200] {logging_mixin.py:188} INFO - [2024-01-13T11:35:48.939+0200] {dagbag.py:538} INFO - Filling up the DagBag from /Library/Frameworks/Python.framework/Versions/3.10/lib/python3.10/site-packages/airflow/example_dags/example_dynamic_task_mapping.py
[2024-01-13T11:35:49.023+0200] {processor.py:840} INFO - DAG(s) 'example_dynamic_task_mapping' retrieved from /Library/Frameworks/Python.framework/Versions/3.10/lib/python3.10/site-packages/airflow/example_dags/example_dynamic_task_mapping.py
[2024-01-13T11:35:49.118+0200] {logging_mixin.py:188} INFO - [2024-01-13T11:35:49.117+0200] {dag.py:3033} INFO - Sync 1 DAGs
[2024-01-13T11:35:49.131+0200] {logging_mixin.py:188} INFO - [2024-01-13T11:35:49.131+0200] {dag.py:3820} INFO - Setting next_dagrun for example_dynamic_task_mapping to 2022-03-04T00:00:00+00:00, run_after=2022-03-05T00:00:00+00:00
[2024-01-13T11:35:49.149+0200] {processor.py:183} INFO - Processing /Library/Frameworks/Python.framework/Versions/3.10/lib/python3.10/site-packages/airflow/example_dags/example_dynamic_task_mapping.py took 0.216 seconds
[2024-01-13T11:40:09.876+0200] {processor.py:161} INFO - Started process (PID=29454) to work on /Library/Frameworks/Python.framework/Versions/3.10/lib/python3.10/site-packages/airflow/example_dags/example_dynamic_task_mapping.py
[2024-01-13T11:40:09.881+0200] {processor.py:830} INFO - Processing file /Library/Frameworks/Python.framework/Versions/3.10/lib/python3.10/site-packages/airflow/example_dags/example_dynamic_task_mapping.py for tasks to queue
[2024-01-13T11:40:09.882+0200] {logging_mixin.py:188} INFO - [2024-01-13T11:40:09.882+0200] {dagbag.py:538} INFO - Filling up the DagBag from /Library/Frameworks/Python.framework/Versions/3.10/lib/python3.10/site-packages/airflow/example_dags/example_dynamic_task_mapping.py
[2024-01-13T11:40:09.972+0200] {processor.py:840} INFO - DAG(s) 'example_dynamic_task_mapping' retrieved from /Library/Frameworks/Python.framework/Versions/3.10/lib/python3.10/site-packages/airflow/example_dags/example_dynamic_task_mapping.py
[2024-01-13T11:40:10.086+0200] {logging_mixin.py:188} INFO - [2024-01-13T11:40:10.085+0200] {dag.py:3033} INFO - Sync 1 DAGs
[2024-01-13T11:40:10.102+0200] {logging_mixin.py:188} INFO - [2024-01-13T11:40:10.102+0200] {dag.py:3820} INFO - Setting next_dagrun for example_dynamic_task_mapping to 2022-03-04T00:00:00+00:00, run_after=2022-03-05T00:00:00+00:00
[2024-01-13T11:40:10.124+0200] {processor.py:183} INFO - Processing /Library/Frameworks/Python.framework/Versions/3.10/lib/python3.10/site-packages/airflow/example_dags/example_dynamic_task_mapping.py took 0.250 seconds
[2024-01-13T11:45:30.792+0200] {processor.py:161} INFO - Started process (PID=29869) to work on /Library/Frameworks/Python.framework/Versions/3.10/lib/python3.10/site-packages/airflow/example_dags/example_dynamic_task_mapping.py
[2024-01-13T11:45:30.802+0200] {processor.py:830} INFO - Processing file /Library/Frameworks/Python.framework/Versions/3.10/lib/python3.10/site-packages/airflow/example_dags/example_dynamic_task_mapping.py for tasks to queue
[2024-01-13T11:45:30.804+0200] {logging_mixin.py:188} INFO - [2024-01-13T11:45:30.803+0200] {dagbag.py:538} INFO - Filling up the DagBag from /Library/Frameworks/Python.framework/Versions/3.10/lib/python3.10/site-packages/airflow/example_dags/example_dynamic_task_mapping.py
[2024-01-13T11:45:30.938+0200] {processor.py:840} INFO - DAG(s) 'example_dynamic_task_mapping' retrieved from /Library/Frameworks/Python.framework/Versions/3.10/lib/python3.10/site-packages/airflow/example_dags/example_dynamic_task_mapping.py
[2024-01-13T11:45:31.080+0200] {logging_mixin.py:188} INFO - [2024-01-13T11:45:31.079+0200] {dag.py:3033} INFO - Sync 1 DAGs
[2024-01-13T11:45:31.098+0200] {logging_mixin.py:188} INFO - [2024-01-13T11:45:31.098+0200] {dag.py:3820} INFO - Setting next_dagrun for example_dynamic_task_mapping to 2022-03-04T00:00:00+00:00, run_after=2022-03-05T00:00:00+00:00
[2024-01-13T11:45:31.122+0200] {processor.py:183} INFO - Processing /Library/Frameworks/Python.framework/Versions/3.10/lib/python3.10/site-packages/airflow/example_dags/example_dynamic_task_mapping.py took 0.332 seconds
[2024-01-13T11:51:31.826+0200] {processor.py:161} INFO - Started process (PID=30499) to work on /Library/Frameworks/Python.framework/Versions/3.10/lib/python3.10/site-packages/airflow/example_dags/example_dynamic_task_mapping.py
[2024-01-13T11:51:31.840+0200] {processor.py:830} INFO - Processing file /Library/Frameworks/Python.framework/Versions/3.10/lib/python3.10/site-packages/airflow/example_dags/example_dynamic_task_mapping.py for tasks to queue
[2024-01-13T11:51:31.842+0200] {logging_mixin.py:188} INFO - [2024-01-13T11:51:31.841+0200] {dagbag.py:538} INFO - Filling up the DagBag from /Library/Frameworks/Python.framework/Versions/3.10/lib/python3.10/site-packages/airflow/example_dags/example_dynamic_task_mapping.py
[2024-01-13T11:51:32.032+0200] {processor.py:840} INFO - DAG(s) 'example_dynamic_task_mapping' retrieved from /Library/Frameworks/Python.framework/Versions/3.10/lib/python3.10/site-packages/airflow/example_dags/example_dynamic_task_mapping.py
[2024-01-13T11:51:32.197+0200] {logging_mixin.py:188} INFO - [2024-01-13T11:51:32.197+0200] {dag.py:3033} INFO - Sync 1 DAGs
[2024-01-13T11:51:32.222+0200] {logging_mixin.py:188} INFO - [2024-01-13T11:51:32.221+0200] {dag.py:3820} INFO - Setting next_dagrun for example_dynamic_task_mapping to 2022-03-04T00:00:00+00:00, run_after=2022-03-05T00:00:00+00:00
[2024-01-13T11:51:32.250+0200] {processor.py:183} INFO - Processing /Library/Frameworks/Python.framework/Versions/3.10/lib/python3.10/site-packages/airflow/example_dags/example_dynamic_task_mapping.py took 0.425 seconds
[2024-01-13T11:58:16.359+0200] {processor.py:161} INFO - Started process (PID=31999) to work on /Library/Frameworks/Python.framework/Versions/3.10/lib/python3.10/site-packages/airflow/example_dags/example_dynamic_task_mapping.py
[2024-01-13T11:58:16.369+0200] {processor.py:830} INFO - Processing file /Library/Frameworks/Python.framework/Versions/3.10/lib/python3.10/site-packages/airflow/example_dags/example_dynamic_task_mapping.py for tasks to queue
[2024-01-13T11:58:16.370+0200] {logging_mixin.py:188} INFO - [2024-01-13T11:58:16.370+0200] {dagbag.py:538} INFO - Filling up the DagBag from /Library/Frameworks/Python.framework/Versions/3.10/lib/python3.10/site-packages/airflow/example_dags/example_dynamic_task_mapping.py
[2024-01-13T11:58:16.507+0200] {processor.py:840} INFO - DAG(s) 'example_dynamic_task_mapping' retrieved from /Library/Frameworks/Python.framework/Versions/3.10/lib/python3.10/site-packages/airflow/example_dags/example_dynamic_task_mapping.py
[2024-01-13T11:58:16.659+0200] {logging_mixin.py:188} INFO - [2024-01-13T11:58:16.659+0200] {dag.py:3033} INFO - Sync 1 DAGs
[2024-01-13T11:58:16.681+0200] {logging_mixin.py:188} INFO - [2024-01-13T11:58:16.680+0200] {dag.py:3820} INFO - Setting next_dagrun for example_dynamic_task_mapping to 2022-03-04T00:00:00+00:00, run_after=2022-03-05T00:00:00+00:00
[2024-01-13T11:58:16.709+0200] {processor.py:183} INFO - Processing /Library/Frameworks/Python.framework/Versions/3.10/lib/python3.10/site-packages/airflow/example_dags/example_dynamic_task_mapping.py took 0.351 seconds
[2024-01-13T12:05:17.835+0200] {processor.py:161} INFO - Started process (PID=33462) to work on /Library/Frameworks/Python.framework/Versions/3.10/lib/python3.10/site-packages/airflow/example_dags/example_dynamic_task_mapping.py
[2024-01-13T12:05:17.842+0200] {processor.py:830} INFO - Processing file /Library/Frameworks/Python.framework/Versions/3.10/lib/python3.10/site-packages/airflow/example_dags/example_dynamic_task_mapping.py for tasks to queue
[2024-01-13T12:05:17.842+0200] {logging_mixin.py:188} INFO - [2024-01-13T12:05:17.842+0200] {dagbag.py:538} INFO - Filling up the DagBag from /Library/Frameworks/Python.framework/Versions/3.10/lib/python3.10/site-packages/airflow/example_dags/example_dynamic_task_mapping.py
[2024-01-13T12:05:17.946+0200] {processor.py:840} INFO - DAG(s) 'example_dynamic_task_mapping' retrieved from /Library/Frameworks/Python.framework/Versions/3.10/lib/python3.10/site-packages/airflow/example_dags/example_dynamic_task_mapping.py
[2024-01-13T12:05:18.105+0200] {logging_mixin.py:188} INFO - [2024-01-13T12:05:18.105+0200] {dag.py:3033} INFO - Sync 1 DAGs
[2024-01-13T12:05:18.132+0200] {logging_mixin.py:188} INFO - [2024-01-13T12:05:18.131+0200] {dag.py:3820} INFO - Setting next_dagrun for example_dynamic_task_mapping to 2022-03-04T00:00:00+00:00, run_after=2022-03-05T00:00:00+00:00
[2024-01-13T12:05:18.162+0200] {processor.py:183} INFO - Processing /Library/Frameworks/Python.framework/Versions/3.10/lib/python3.10/site-packages/airflow/example_dags/example_dynamic_task_mapping.py took 0.329 seconds
[2024-01-13T12:08:14.260+0200] {processor.py:161} INFO - Started process (PID=33999) to work on /Library/Frameworks/Python.framework/Versions/3.10/lib/python3.10/site-packages/airflow/example_dags/example_dynamic_task_mapping.py
[2024-01-13T12:08:14.266+0200] {processor.py:830} INFO - Processing file /Library/Frameworks/Python.framework/Versions/3.10/lib/python3.10/site-packages/airflow/example_dags/example_dynamic_task_mapping.py for tasks to queue
[2024-01-13T12:08:14.266+0200] {logging_mixin.py:188} INFO - [2024-01-13T12:08:14.266+0200] {dagbag.py:538} INFO - Filling up the DagBag from /Library/Frameworks/Python.framework/Versions/3.10/lib/python3.10/site-packages/airflow/example_dags/example_dynamic_task_mapping.py
[2024-01-13T12:08:14.350+0200] {processor.py:840} INFO - DAG(s) 'example_dynamic_task_mapping' retrieved from /Library/Frameworks/Python.framework/Versions/3.10/lib/python3.10/site-packages/airflow/example_dags/example_dynamic_task_mapping.py
[2024-01-13T12:08:14.457+0200] {logging_mixin.py:188} INFO - [2024-01-13T12:08:14.457+0200] {dag.py:3033} INFO - Sync 1 DAGs
[2024-01-13T12:08:14.472+0200] {logging_mixin.py:188} INFO - [2024-01-13T12:08:14.472+0200] {dag.py:3820} INFO - Setting next_dagrun for example_dynamic_task_mapping to 2022-03-04T00:00:00+00:00, run_after=2022-03-05T00:00:00+00:00
[2024-01-13T12:08:14.494+0200] {processor.py:183} INFO - Processing /Library/Frameworks/Python.framework/Versions/3.10/lib/python3.10/site-packages/airflow/example_dags/example_dynamic_task_mapping.py took 0.237 seconds
[2024-01-13T12:13:02.634+0200] {processor.py:161} INFO - Started process (PID=34300) to work on /Library/Frameworks/Python.framework/Versions/3.10/lib/python3.10/site-packages/airflow/example_dags/example_dynamic_task_mapping.py
[2024-01-13T12:13:02.641+0200] {processor.py:830} INFO - Processing file /Library/Frameworks/Python.framework/Versions/3.10/lib/python3.10/site-packages/airflow/example_dags/example_dynamic_task_mapping.py for tasks to queue
[2024-01-13T12:13:02.641+0200] {logging_mixin.py:188} INFO - [2024-01-13T12:13:02.641+0200] {dagbag.py:538} INFO - Filling up the DagBag from /Library/Frameworks/Python.framework/Versions/3.10/lib/python3.10/site-packages/airflow/example_dags/example_dynamic_task_mapping.py
[2024-01-13T12:13:02.731+0200] {processor.py:840} INFO - DAG(s) 'example_dynamic_task_mapping' retrieved from /Library/Frameworks/Python.framework/Versions/3.10/lib/python3.10/site-packages/airflow/example_dags/example_dynamic_task_mapping.py
[2024-01-13T12:13:02.851+0200] {logging_mixin.py:188} INFO - [2024-01-13T12:13:02.851+0200] {dag.py:3033} INFO - Sync 1 DAGs
[2024-01-13T12:13:02.868+0200] {logging_mixin.py:188} INFO - [2024-01-13T12:13:02.868+0200] {dag.py:3820} INFO - Setting next_dagrun for example_dynamic_task_mapping to 2022-03-04T00:00:00+00:00, run_after=2022-03-05T00:00:00+00:00
[2024-01-13T12:13:02.890+0200] {processor.py:183} INFO - Processing /Library/Frameworks/Python.framework/Versions/3.10/lib/python3.10/site-packages/airflow/example_dags/example_dynamic_task_mapping.py took 0.258 seconds
[2024-01-13T13:27:16.632+0200] {processor.py:161} INFO - Started process (PID=35405) to work on /Library/Frameworks/Python.framework/Versions/3.10/lib/python3.10/site-packages/airflow/example_dags/example_dynamic_task_mapping.py
[2024-01-13T13:27:16.640+0200] {processor.py:830} INFO - Processing file /Library/Frameworks/Python.framework/Versions/3.10/lib/python3.10/site-packages/airflow/example_dags/example_dynamic_task_mapping.py for tasks to queue
[2024-01-13T13:27:16.641+0200] {logging_mixin.py:188} INFO - [2024-01-13T13:27:16.641+0200] {dagbag.py:538} INFO - Filling up the DagBag from /Library/Frameworks/Python.framework/Versions/3.10/lib/python3.10/site-packages/airflow/example_dags/example_dynamic_task_mapping.py
[2024-01-13T13:27:16.746+0200] {processor.py:840} INFO - DAG(s) 'example_dynamic_task_mapping' retrieved from /Library/Frameworks/Python.framework/Versions/3.10/lib/python3.10/site-packages/airflow/example_dags/example_dynamic_task_mapping.py
[2024-01-13T13:27:16.869+0200] {logging_mixin.py:188} INFO - [2024-01-13T13:27:16.869+0200] {dag.py:3033} INFO - Sync 1 DAGs
[2024-01-13T13:27:16.887+0200] {logging_mixin.py:188} INFO - [2024-01-13T13:27:16.887+0200] {dag.py:3820} INFO - Setting next_dagrun for example_dynamic_task_mapping to 2022-03-04T00:00:00+00:00, run_after=2022-03-05T00:00:00+00:00
[2024-01-13T13:27:16.910+0200] {processor.py:183} INFO - Processing /Library/Frameworks/Python.framework/Versions/3.10/lib/python3.10/site-packages/airflow/example_dags/example_dynamic_task_mapping.py took 0.280 seconds
[2024-01-13T13:31:37.106+0200] {processor.py:161} INFO - Started process (PID=35586) to work on /Library/Frameworks/Python.framework/Versions/3.10/lib/python3.10/site-packages/airflow/example_dags/example_dynamic_task_mapping.py
[2024-01-13T13:31:37.112+0200] {processor.py:830} INFO - Processing file /Library/Frameworks/Python.framework/Versions/3.10/lib/python3.10/site-packages/airflow/example_dags/example_dynamic_task_mapping.py for tasks to queue
[2024-01-13T13:31:37.112+0200] {logging_mixin.py:188} INFO - [2024-01-13T13:31:37.112+0200] {dagbag.py:538} INFO - Filling up the DagBag from /Library/Frameworks/Python.framework/Versions/3.10/lib/python3.10/site-packages/airflow/example_dags/example_dynamic_task_mapping.py
[2024-01-13T13:31:37.194+0200] {processor.py:840} INFO - DAG(s) 'example_dynamic_task_mapping' retrieved from /Library/Frameworks/Python.framework/Versions/3.10/lib/python3.10/site-packages/airflow/example_dags/example_dynamic_task_mapping.py
[2024-01-13T13:31:37.295+0200] {logging_mixin.py:188} INFO - [2024-01-13T13:31:37.295+0200] {dag.py:3033} INFO - Sync 1 DAGs
[2024-01-13T13:31:37.310+0200] {logging_mixin.py:188} INFO - [2024-01-13T13:31:37.310+0200] {dag.py:3820} INFO - Setting next_dagrun for example_dynamic_task_mapping to 2022-03-04T00:00:00+00:00, run_after=2022-03-05T00:00:00+00:00
[2024-01-13T13:31:37.328+0200] {processor.py:183} INFO - Processing /Library/Frameworks/Python.framework/Versions/3.10/lib/python3.10/site-packages/airflow/example_dags/example_dynamic_task_mapping.py took 0.223 seconds
[2024-01-13T15:18:17.276+0200] {processor.py:161} INFO - Started process (PID=42769) to work on /Library/Frameworks/Python.framework/Versions/3.10/lib/python3.10/site-packages/airflow/example_dags/example_dynamic_task_mapping.py
[2024-01-13T15:18:17.281+0200] {processor.py:830} INFO - Processing file /Library/Frameworks/Python.framework/Versions/3.10/lib/python3.10/site-packages/airflow/example_dags/example_dynamic_task_mapping.py for tasks to queue
[2024-01-13T15:18:17.282+0200] {logging_mixin.py:188} INFO - [2024-01-13T15:18:17.282+0200] {dagbag.py:538} INFO - Filling up the DagBag from /Library/Frameworks/Python.framework/Versions/3.10/lib/python3.10/site-packages/airflow/example_dags/example_dynamic_task_mapping.py
[2024-01-13T15:18:17.373+0200] {processor.py:840} INFO - DAG(s) 'example_dynamic_task_mapping' retrieved from /Library/Frameworks/Python.framework/Versions/3.10/lib/python3.10/site-packages/airflow/example_dags/example_dynamic_task_mapping.py
[2024-01-13T15:18:17.573+0200] {logging_mixin.py:188} INFO - [2024-01-13T15:18:17.573+0200] {dag.py:3033} INFO - Sync 1 DAGs
[2024-01-13T15:18:17.588+0200] {logging_mixin.py:188} INFO - [2024-01-13T15:18:17.587+0200] {dag.py:3820} INFO - Setting next_dagrun for example_dynamic_task_mapping to 2022-03-04T00:00:00+00:00, run_after=2022-03-05T00:00:00+00:00
[2024-01-13T15:18:17.611+0200] {processor.py:183} INFO - Processing /Library/Frameworks/Python.framework/Versions/3.10/lib/python3.10/site-packages/airflow/example_dags/example_dynamic_task_mapping.py took 0.336 seconds
[2024-01-13T15:21:05.753+0200] {processor.py:161} INFO - Started process (PID=42882) to work on /Library/Frameworks/Python.framework/Versions/3.10/lib/python3.10/site-packages/airflow/example_dags/example_dynamic_task_mapping.py
[2024-01-13T15:21:05.757+0200] {processor.py:830} INFO - Processing file /Library/Frameworks/Python.framework/Versions/3.10/lib/python3.10/site-packages/airflow/example_dags/example_dynamic_task_mapping.py for tasks to queue
[2024-01-13T15:21:05.758+0200] {logging_mixin.py:188} INFO - [2024-01-13T15:21:05.758+0200] {dagbag.py:538} INFO - Filling up the DagBag from /Library/Frameworks/Python.framework/Versions/3.10/lib/python3.10/site-packages/airflow/example_dags/example_dynamic_task_mapping.py
[2024-01-13T15:21:05.864+0200] {processor.py:840} INFO - DAG(s) 'example_dynamic_task_mapping' retrieved from /Library/Frameworks/Python.framework/Versions/3.10/lib/python3.10/site-packages/airflow/example_dags/example_dynamic_task_mapping.py
[2024-01-13T15:21:05.962+0200] {logging_mixin.py:188} INFO - [2024-01-13T15:21:05.961+0200] {dag.py:3033} INFO - Sync 1 DAGs
[2024-01-13T15:21:05.977+0200] {logging_mixin.py:188} INFO - [2024-01-13T15:21:05.977+0200] {dag.py:3820} INFO - Setting next_dagrun for example_dynamic_task_mapping to 2022-03-04T00:00:00+00:00, run_after=2022-03-05T00:00:00+00:00
[2024-01-13T15:21:06.115+0200] {processor.py:183} INFO - Processing /Library/Frameworks/Python.framework/Versions/3.10/lib/python3.10/site-packages/airflow/example_dags/example_dynamic_task_mapping.py took 0.365 seconds
[2024-01-13T15:26:00.877+0200] {processor.py:161} INFO - Started process (PID=43248) to work on /Library/Frameworks/Python.framework/Versions/3.10/lib/python3.10/site-packages/airflow/example_dags/example_dynamic_task_mapping.py
[2024-01-13T15:26:00.883+0200] {processor.py:830} INFO - Processing file /Library/Frameworks/Python.framework/Versions/3.10/lib/python3.10/site-packages/airflow/example_dags/example_dynamic_task_mapping.py for tasks to queue
[2024-01-13T15:26:00.884+0200] {logging_mixin.py:188} INFO - [2024-01-13T15:26:00.884+0200] {dagbag.py:538} INFO - Filling up the DagBag from /Library/Frameworks/Python.framework/Versions/3.10/lib/python3.10/site-packages/airflow/example_dags/example_dynamic_task_mapping.py
[2024-01-13T15:26:00.996+0200] {processor.py:840} INFO - DAG(s) 'example_dynamic_task_mapping' retrieved from /Library/Frameworks/Python.framework/Versions/3.10/lib/python3.10/site-packages/airflow/example_dags/example_dynamic_task_mapping.py
[2024-01-13T15:26:01.115+0200] {logging_mixin.py:188} INFO - [2024-01-13T15:26:01.115+0200] {dag.py:3033} INFO - Sync 1 DAGs
[2024-01-13T15:26:01.134+0200] {logging_mixin.py:188} INFO - [2024-01-13T15:26:01.134+0200] {dag.py:3820} INFO - Setting next_dagrun for example_dynamic_task_mapping to 2022-03-04T00:00:00+00:00, run_after=2022-03-05T00:00:00+00:00
[2024-01-13T15:26:01.161+0200] {processor.py:183} INFO - Processing /Library/Frameworks/Python.framework/Versions/3.10/lib/python3.10/site-packages/airflow/example_dags/example_dynamic_task_mapping.py took 0.285 seconds
[2024-01-13T15:33:53.408+0200] {processor.py:161} INFO - Started process (PID=43731) to work on /Library/Frameworks/Python.framework/Versions/3.10/lib/python3.10/site-packages/airflow/example_dags/example_dynamic_task_mapping.py
[2024-01-13T15:33:53.413+0200] {processor.py:830} INFO - Processing file /Library/Frameworks/Python.framework/Versions/3.10/lib/python3.10/site-packages/airflow/example_dags/example_dynamic_task_mapping.py for tasks to queue
[2024-01-13T15:33:53.413+0200] {logging_mixin.py:188} INFO - [2024-01-13T15:33:53.413+0200] {dagbag.py:538} INFO - Filling up the DagBag from /Library/Frameworks/Python.framework/Versions/3.10/lib/python3.10/site-packages/airflow/example_dags/example_dynamic_task_mapping.py
[2024-01-13T15:33:53.512+0200] {processor.py:840} INFO - DAG(s) 'example_dynamic_task_mapping' retrieved from /Library/Frameworks/Python.framework/Versions/3.10/lib/python3.10/site-packages/airflow/example_dags/example_dynamic_task_mapping.py
[2024-01-13T15:33:53.698+0200] {logging_mixin.py:188} INFO - [2024-01-13T15:33:53.697+0200] {dag.py:3033} INFO - Sync 1 DAGs
[2024-01-13T15:33:53.712+0200] {logging_mixin.py:188} INFO - [2024-01-13T15:33:53.712+0200] {dag.py:3820} INFO - Setting next_dagrun for example_dynamic_task_mapping to 2022-03-04T00:00:00+00:00, run_after=2022-03-05T00:00:00+00:00
[2024-01-13T15:33:53.730+0200] {processor.py:183} INFO - Processing /Library/Frameworks/Python.framework/Versions/3.10/lib/python3.10/site-packages/airflow/example_dags/example_dynamic_task_mapping.py took 0.323 seconds
[2024-01-13T15:40:43.702+0200] {processor.py:161} INFO - Started process (PID=44264) to work on /Library/Frameworks/Python.framework/Versions/3.10/lib/python3.10/site-packages/airflow/example_dags/example_dynamic_task_mapping.py
[2024-01-13T15:40:43.708+0200] {processor.py:830} INFO - Processing file /Library/Frameworks/Python.framework/Versions/3.10/lib/python3.10/site-packages/airflow/example_dags/example_dynamic_task_mapping.py for tasks to queue
[2024-01-13T15:40:43.709+0200] {logging_mixin.py:188} INFO - [2024-01-13T15:40:43.709+0200] {dagbag.py:538} INFO - Filling up the DagBag from /Library/Frameworks/Python.framework/Versions/3.10/lib/python3.10/site-packages/airflow/example_dags/example_dynamic_task_mapping.py
[2024-01-13T15:40:43.829+0200] {processor.py:840} INFO - DAG(s) 'example_dynamic_task_mapping' retrieved from /Library/Frameworks/Python.framework/Versions/3.10/lib/python3.10/site-packages/airflow/example_dags/example_dynamic_task_mapping.py
[2024-01-13T15:40:44.063+0200] {logging_mixin.py:188} INFO - [2024-01-13T15:40:44.063+0200] {dag.py:3033} INFO - Sync 1 DAGs
[2024-01-13T15:40:44.083+0200] {logging_mixin.py:188} INFO - [2024-01-13T15:40:44.083+0200] {dag.py:3820} INFO - Setting next_dagrun for example_dynamic_task_mapping to 2022-03-04T00:00:00+00:00, run_after=2022-03-05T00:00:00+00:00
[2024-01-13T15:40:44.114+0200] {processor.py:183} INFO - Processing /Library/Frameworks/Python.framework/Versions/3.10/lib/python3.10/site-packages/airflow/example_dags/example_dynamic_task_mapping.py took 0.413 seconds
[2024-01-13T23:47:35.284+0200] {processor.py:161} INFO - Started process (PID=45421) to work on /Library/Frameworks/Python.framework/Versions/3.10/lib/python3.10/site-packages/airflow/example_dags/example_dynamic_task_mapping.py
[2024-01-13T23:47:35.289+0200] {processor.py:830} INFO - Processing file /Library/Frameworks/Python.framework/Versions/3.10/lib/python3.10/site-packages/airflow/example_dags/example_dynamic_task_mapping.py for tasks to queue
[2024-01-13T23:47:35.290+0200] {logging_mixin.py:188} INFO - [2024-01-13T23:47:35.289+0200] {dagbag.py:538} INFO - Filling up the DagBag from /Library/Frameworks/Python.framework/Versions/3.10/lib/python3.10/site-packages/airflow/example_dags/example_dynamic_task_mapping.py
[2024-01-13T23:47:35.376+0200] {processor.py:840} INFO - DAG(s) 'example_dynamic_task_mapping' retrieved from /Library/Frameworks/Python.framework/Versions/3.10/lib/python3.10/site-packages/airflow/example_dags/example_dynamic_task_mapping.py
[2024-01-13T23:47:35.473+0200] {logging_mixin.py:188} INFO - [2024-01-13T23:47:35.473+0200] {dag.py:3033} INFO - Sync 1 DAGs
[2024-01-13T23:47:35.488+0200] {logging_mixin.py:188} INFO - [2024-01-13T23:47:35.487+0200] {dag.py:3820} INFO - Setting next_dagrun for example_dynamic_task_mapping to 2022-03-04T00:00:00+00:00, run_after=2022-03-05T00:00:00+00:00
[2024-01-13T23:47:35.508+0200] {processor.py:183} INFO - Processing /Library/Frameworks/Python.framework/Versions/3.10/lib/python3.10/site-packages/airflow/example_dags/example_dynamic_task_mapping.py took 0.225 seconds
[2024-01-14T00:37:27.769+0200] {processor.py:161} INFO - Started process (PID=46310) to work on /Library/Frameworks/Python.framework/Versions/3.10/lib/python3.10/site-packages/airflow/example_dags/example_dynamic_task_mapping.py
[2024-01-14T00:37:27.774+0200] {processor.py:830} INFO - Processing file /Library/Frameworks/Python.framework/Versions/3.10/lib/python3.10/site-packages/airflow/example_dags/example_dynamic_task_mapping.py for tasks to queue
[2024-01-14T00:37:27.775+0200] {logging_mixin.py:188} INFO - [2024-01-14T00:37:27.775+0200] {dagbag.py:538} INFO - Filling up the DagBag from /Library/Frameworks/Python.framework/Versions/3.10/lib/python3.10/site-packages/airflow/example_dags/example_dynamic_task_mapping.py
[2024-01-14T00:37:27.864+0200] {processor.py:840} INFO - DAG(s) 'example_dynamic_task_mapping' retrieved from /Library/Frameworks/Python.framework/Versions/3.10/lib/python3.10/site-packages/airflow/example_dags/example_dynamic_task_mapping.py
[2024-01-14T00:37:27.968+0200] {logging_mixin.py:188} INFO - [2024-01-14T00:37:27.968+0200] {dag.py:3033} INFO - Sync 1 DAGs
[2024-01-14T00:37:27.982+0200] {logging_mixin.py:188} INFO - [2024-01-14T00:37:27.982+0200] {dag.py:3820} INFO - Setting next_dagrun for example_dynamic_task_mapping to 2022-03-04T00:00:00+00:00, run_after=2022-03-05T00:00:00+00:00
[2024-01-14T00:37:28.000+0200] {processor.py:183} INFO - Processing /Library/Frameworks/Python.framework/Versions/3.10/lib/python3.10/site-packages/airflow/example_dags/example_dynamic_task_mapping.py took 0.233 seconds
[2024-01-14T00:42:25.313+0200] {processor.py:161} INFO - Started process (PID=46697) to work on /Library/Frameworks/Python.framework/Versions/3.10/lib/python3.10/site-packages/airflow/example_dags/example_dynamic_task_mapping.py
[2024-01-14T00:42:25.318+0200] {processor.py:830} INFO - Processing file /Library/Frameworks/Python.framework/Versions/3.10/lib/python3.10/site-packages/airflow/example_dags/example_dynamic_task_mapping.py for tasks to queue
[2024-01-14T00:42:25.319+0200] {logging_mixin.py:188} INFO - [2024-01-14T00:42:25.318+0200] {dagbag.py:538} INFO - Filling up the DagBag from /Library/Frameworks/Python.framework/Versions/3.10/lib/python3.10/site-packages/airflow/example_dags/example_dynamic_task_mapping.py
[2024-01-14T00:42:25.421+0200] {processor.py:840} INFO - DAG(s) 'example_dynamic_task_mapping' retrieved from /Library/Frameworks/Python.framework/Versions/3.10/lib/python3.10/site-packages/airflow/example_dags/example_dynamic_task_mapping.py
[2024-01-14T00:42:25.519+0200] {logging_mixin.py:188} INFO - [2024-01-14T00:42:25.519+0200] {dag.py:3033} INFO - Sync 1 DAGs
[2024-01-14T00:42:25.533+0200] {logging_mixin.py:188} INFO - [2024-01-14T00:42:25.533+0200] {dag.py:3820} INFO - Setting next_dagrun for example_dynamic_task_mapping to 2022-03-04T00:00:00+00:00, run_after=2022-03-05T00:00:00+00:00
[2024-01-14T00:42:25.551+0200] {processor.py:183} INFO - Processing /Library/Frameworks/Python.framework/Versions/3.10/lib/python3.10/site-packages/airflow/example_dags/example_dynamic_task_mapping.py took 0.240 seconds
[2024-01-14T00:47:36.801+0200] {processor.py:161} INFO - Started process (PID=47033) to work on /Library/Frameworks/Python.framework/Versions/3.10/lib/python3.10/site-packages/airflow/example_dags/example_dynamic_task_mapping.py
[2024-01-14T00:47:36.807+0200] {processor.py:830} INFO - Processing file /Library/Frameworks/Python.framework/Versions/3.10/lib/python3.10/site-packages/airflow/example_dags/example_dynamic_task_mapping.py for tasks to queue
[2024-01-14T00:47:36.807+0200] {logging_mixin.py:188} INFO - [2024-01-14T00:47:36.807+0200] {dagbag.py:538} INFO - Filling up the DagBag from /Library/Frameworks/Python.framework/Versions/3.10/lib/python3.10/site-packages/airflow/example_dags/example_dynamic_task_mapping.py
[2024-01-14T00:47:36.898+0200] {processor.py:840} INFO - DAG(s) 'example_dynamic_task_mapping' retrieved from /Library/Frameworks/Python.framework/Versions/3.10/lib/python3.10/site-packages/airflow/example_dags/example_dynamic_task_mapping.py
[2024-01-14T00:47:37.005+0200] {logging_mixin.py:188} INFO - [2024-01-14T00:47:37.004+0200] {dag.py:3033} INFO - Sync 1 DAGs
[2024-01-14T00:47:37.020+0200] {logging_mixin.py:188} INFO - [2024-01-14T00:47:37.019+0200] {dag.py:3820} INFO - Setting next_dagrun for example_dynamic_task_mapping to 2022-03-04T00:00:00+00:00, run_after=2022-03-05T00:00:00+00:00
[2024-01-14T00:47:37.041+0200] {processor.py:183} INFO - Processing /Library/Frameworks/Python.framework/Versions/3.10/lib/python3.10/site-packages/airflow/example_dags/example_dynamic_task_mapping.py took 0.241 seconds
