[2024-01-13T05:16:37.453+0200] {processor.py:161} INFO - Started process (PID=21029) to work on /Library/Frameworks/Python.framework/Versions/3.10/lib/python3.10/site-packages/airflow/example_dags/example_dag_decorator.py
[2024-01-13T05:16:37.473+0200] {processor.py:830} INFO - Processing file /Library/Frameworks/Python.framework/Versions/3.10/lib/python3.10/site-packages/airflow/example_dags/example_dag_decorator.py for tasks to queue
[2024-01-13T05:16:37.476+0200] {logging_mixin.py:188} INFO - [2024-01-13T05:16:37.475+0200] {dagbag.py:538} INFO - Filling up the DagBag from /Library/Frameworks/Python.framework/Versions/3.10/lib/python3.10/site-packages/airflow/example_dags/example_dag_decorator.py
[2024-01-13T05:16:39.753+0200] {processor.py:840} INFO - DAG(s) 'example_dag_decorator' retrieved from /Library/Frameworks/Python.framework/Versions/3.10/lib/python3.10/site-packages/airflow/example_dags/example_dag_decorator.py
[2024-01-13T05:16:41.330+0200] {logging_mixin.py:188} INFO - [2024-01-13T05:16:41.329+0200] {dag.py:3033} INFO - Sync 1 DAGs
[2024-01-13T05:16:41.372+0200] {logging_mixin.py:188} INFO - [2024-01-13T05:16:41.371+0200] {dag.py:3820} INFO - Setting next_dagrun for example_dag_decorator to None, run_after=None
[2024-01-13T05:16:41.580+0200] {processor.py:183} INFO - Processing /Library/Frameworks/Python.framework/Versions/3.10/lib/python3.10/site-packages/airflow/example_dags/example_dag_decorator.py took 4.131 seconds
[2024-01-13T10:09:47.094+0200] {processor.py:161} INFO - Started process (PID=21955) to work on /Library/Frameworks/Python.framework/Versions/3.10/lib/python3.10/site-packages/airflow/example_dags/example_dag_decorator.py
[2024-01-13T10:09:47.098+0200] {processor.py:830} INFO - Processing file /Library/Frameworks/Python.framework/Versions/3.10/lib/python3.10/site-packages/airflow/example_dags/example_dag_decorator.py for tasks to queue
[2024-01-13T10:09:47.098+0200] {logging_mixin.py:188} INFO - [2024-01-13T10:09:47.098+0200] {dagbag.py:538} INFO - Filling up the DagBag from /Library/Frameworks/Python.framework/Versions/3.10/lib/python3.10/site-packages/airflow/example_dags/example_dag_decorator.py
[2024-01-13T10:09:47.373+0200] {processor.py:840} INFO - DAG(s) 'example_dag_decorator' retrieved from /Library/Frameworks/Python.framework/Versions/3.10/lib/python3.10/site-packages/airflow/example_dags/example_dag_decorator.py
[2024-01-13T10:09:47.597+0200] {logging_mixin.py:188} INFO - [2024-01-13T10:09:47.597+0200] {dag.py:3033} INFO - Sync 1 DAGs
[2024-01-13T10:09:47.605+0200] {logging_mixin.py:188} INFO - [2024-01-13T10:09:47.605+0200] {dag.py:3820} INFO - Setting next_dagrun for example_dag_decorator to None, run_after=None
[2024-01-13T10:09:47.625+0200] {processor.py:183} INFO - Processing /Library/Frameworks/Python.framework/Versions/3.10/lib/python3.10/site-packages/airflow/example_dags/example_dag_decorator.py took 0.533 seconds
[2024-01-13T10:14:02.224+0200] {processor.py:161} INFO - Started process (PID=22252) to work on /Library/Frameworks/Python.framework/Versions/3.10/lib/python3.10/site-packages/airflow/example_dags/example_dag_decorator.py
[2024-01-13T10:14:02.228+0200] {processor.py:830} INFO - Processing file /Library/Frameworks/Python.framework/Versions/3.10/lib/python3.10/site-packages/airflow/example_dags/example_dag_decorator.py for tasks to queue
[2024-01-13T10:14:02.230+0200] {logging_mixin.py:188} INFO - [2024-01-13T10:14:02.229+0200] {dagbag.py:538} INFO - Filling up the DagBag from /Library/Frameworks/Python.framework/Versions/3.10/lib/python3.10/site-packages/airflow/example_dags/example_dag_decorator.py
[2024-01-13T10:14:02.490+0200] {processor.py:840} INFO - DAG(s) 'example_dag_decorator' retrieved from /Library/Frameworks/Python.framework/Versions/3.10/lib/python3.10/site-packages/airflow/example_dags/example_dag_decorator.py
[2024-01-13T10:14:02.715+0200] {logging_mixin.py:188} INFO - [2024-01-13T10:14:02.715+0200] {dag.py:3033} INFO - Sync 1 DAGs
[2024-01-13T10:14:02.723+0200] {logging_mixin.py:188} INFO - [2024-01-13T10:14:02.723+0200] {dag.py:3820} INFO - Setting next_dagrun for example_dag_decorator to None, run_after=None
[2024-01-13T10:14:02.742+0200] {processor.py:183} INFO - Processing /Library/Frameworks/Python.framework/Versions/3.10/lib/python3.10/site-packages/airflow/example_dags/example_dag_decorator.py took 0.519 seconds
[2024-01-13T10:18:13.398+0200] {processor.py:161} INFO - Started process (PID=23382) to work on /Library/Frameworks/Python.framework/Versions/3.10/lib/python3.10/site-packages/airflow/example_dags/example_dag_decorator.py
[2024-01-13T10:18:13.403+0200] {processor.py:830} INFO - Processing file /Library/Frameworks/Python.framework/Versions/3.10/lib/python3.10/site-packages/airflow/example_dags/example_dag_decorator.py for tasks to queue
[2024-01-13T10:18:13.404+0200] {logging_mixin.py:188} INFO - [2024-01-13T10:18:13.404+0200] {dagbag.py:538} INFO - Filling up the DagBag from /Library/Frameworks/Python.framework/Versions/3.10/lib/python3.10/site-packages/airflow/example_dags/example_dag_decorator.py
[2024-01-13T10:18:13.702+0200] {processor.py:840} INFO - DAG(s) 'example_dag_decorator' retrieved from /Library/Frameworks/Python.framework/Versions/3.10/lib/python3.10/site-packages/airflow/example_dags/example_dag_decorator.py
[2024-01-13T10:18:13.924+0200] {logging_mixin.py:188} INFO - [2024-01-13T10:18:13.924+0200] {dag.py:3033} INFO - Sync 1 DAGs
[2024-01-13T10:18:13.935+0200] {logging_mixin.py:188} INFO - [2024-01-13T10:18:13.935+0200] {dag.py:3820} INFO - Setting next_dagrun for example_dag_decorator to None, run_after=None
[2024-01-13T10:18:13.955+0200] {processor.py:183} INFO - Processing /Library/Frameworks/Python.framework/Versions/3.10/lib/python3.10/site-packages/airflow/example_dags/example_dag_decorator.py took 0.559 seconds
[2024-01-13T10:22:07.182+0200] {processor.py:161} INFO - Started process (PID=23552) to work on /Library/Frameworks/Python.framework/Versions/3.10/lib/python3.10/site-packages/airflow/example_dags/example_dag_decorator.py
[2024-01-13T10:22:07.188+0200] {processor.py:830} INFO - Processing file /Library/Frameworks/Python.framework/Versions/3.10/lib/python3.10/site-packages/airflow/example_dags/example_dag_decorator.py for tasks to queue
[2024-01-13T10:22:07.189+0200] {logging_mixin.py:188} INFO - [2024-01-13T10:22:07.189+0200] {dagbag.py:538} INFO - Filling up the DagBag from /Library/Frameworks/Python.framework/Versions/3.10/lib/python3.10/site-packages/airflow/example_dags/example_dag_decorator.py
[2024-01-13T10:22:07.468+0200] {processor.py:840} INFO - DAG(s) 'example_dag_decorator' retrieved from /Library/Frameworks/Python.framework/Versions/3.10/lib/python3.10/site-packages/airflow/example_dags/example_dag_decorator.py
[2024-01-13T10:22:07.687+0200] {logging_mixin.py:188} INFO - [2024-01-13T10:22:07.687+0200] {dag.py:3033} INFO - Sync 1 DAGs
[2024-01-13T10:22:07.695+0200] {logging_mixin.py:188} INFO - [2024-01-13T10:22:07.694+0200] {dag.py:3820} INFO - Setting next_dagrun for example_dag_decorator to None, run_after=None
[2024-01-13T10:22:07.713+0200] {processor.py:183} INFO - Processing /Library/Frameworks/Python.framework/Versions/3.10/lib/python3.10/site-packages/airflow/example_dags/example_dag_decorator.py took 0.533 seconds
[2024-01-13T10:26:01.609+0200] {processor.py:161} INFO - Started process (PID=23790) to work on /Library/Frameworks/Python.framework/Versions/3.10/lib/python3.10/site-packages/airflow/example_dags/example_dag_decorator.py
[2024-01-13T10:26:01.614+0200] {processor.py:830} INFO - Processing file /Library/Frameworks/Python.framework/Versions/3.10/lib/python3.10/site-packages/airflow/example_dags/example_dag_decorator.py for tasks to queue
[2024-01-13T10:26:01.614+0200] {logging_mixin.py:188} INFO - [2024-01-13T10:26:01.614+0200] {dagbag.py:538} INFO - Filling up the DagBag from /Library/Frameworks/Python.framework/Versions/3.10/lib/python3.10/site-packages/airflow/example_dags/example_dag_decorator.py
[2024-01-13T10:26:01.888+0200] {processor.py:840} INFO - DAG(s) 'example_dag_decorator' retrieved from /Library/Frameworks/Python.framework/Versions/3.10/lib/python3.10/site-packages/airflow/example_dags/example_dag_decorator.py
[2024-01-13T10:26:02.099+0200] {logging_mixin.py:188} INFO - [2024-01-13T10:26:02.099+0200] {dag.py:3033} INFO - Sync 1 DAGs
[2024-01-13T10:26:02.110+0200] {logging_mixin.py:188} INFO - [2024-01-13T10:26:02.109+0200] {dag.py:3820} INFO - Setting next_dagrun for example_dag_decorator to None, run_after=None
[2024-01-13T10:26:02.134+0200] {processor.py:183} INFO - Processing /Library/Frameworks/Python.framework/Versions/3.10/lib/python3.10/site-packages/airflow/example_dags/example_dag_decorator.py took 0.526 seconds
[2024-01-13T10:29:56.418+0200] {processor.py:161} INFO - Started process (PID=23957) to work on /Library/Frameworks/Python.framework/Versions/3.10/lib/python3.10/site-packages/airflow/example_dags/example_dag_decorator.py
[2024-01-13T10:29:56.423+0200] {processor.py:830} INFO - Processing file /Library/Frameworks/Python.framework/Versions/3.10/lib/python3.10/site-packages/airflow/example_dags/example_dag_decorator.py for tasks to queue
[2024-01-13T10:29:56.423+0200] {logging_mixin.py:188} INFO - [2024-01-13T10:29:56.423+0200] {dagbag.py:538} INFO - Filling up the DagBag from /Library/Frameworks/Python.framework/Versions/3.10/lib/python3.10/site-packages/airflow/example_dags/example_dag_decorator.py
[2024-01-13T10:29:56.698+0200] {processor.py:840} INFO - DAG(s) 'example_dag_decorator' retrieved from /Library/Frameworks/Python.framework/Versions/3.10/lib/python3.10/site-packages/airflow/example_dags/example_dag_decorator.py
[2024-01-13T10:29:56.902+0200] {logging_mixin.py:188} INFO - [2024-01-13T10:29:56.901+0200] {dag.py:3033} INFO - Sync 1 DAGs
[2024-01-13T10:29:56.909+0200] {logging_mixin.py:188} INFO - [2024-01-13T10:29:56.908+0200] {dag.py:3820} INFO - Setting next_dagrun for example_dag_decorator to None, run_after=None
[2024-01-13T10:29:56.926+0200] {processor.py:183} INFO - Processing /Library/Frameworks/Python.framework/Versions/3.10/lib/python3.10/site-packages/airflow/example_dags/example_dag_decorator.py took 0.510 seconds
[2024-01-13T10:33:47.407+0200] {processor.py:161} INFO - Started process (PID=24246) to work on /Library/Frameworks/Python.framework/Versions/3.10/lib/python3.10/site-packages/airflow/example_dags/example_dag_decorator.py
[2024-01-13T10:33:47.412+0200] {processor.py:830} INFO - Processing file /Library/Frameworks/Python.framework/Versions/3.10/lib/python3.10/site-packages/airflow/example_dags/example_dag_decorator.py for tasks to queue
[2024-01-13T10:33:47.412+0200] {logging_mixin.py:188} INFO - [2024-01-13T10:33:47.412+0200] {dagbag.py:538} INFO - Filling up the DagBag from /Library/Frameworks/Python.framework/Versions/3.10/lib/python3.10/site-packages/airflow/example_dags/example_dag_decorator.py
[2024-01-13T10:33:47.736+0200] {processor.py:840} INFO - DAG(s) 'example_dag_decorator' retrieved from /Library/Frameworks/Python.framework/Versions/3.10/lib/python3.10/site-packages/airflow/example_dags/example_dag_decorator.py
[2024-01-13T10:33:47.947+0200] {logging_mixin.py:188} INFO - [2024-01-13T10:33:47.947+0200] {dag.py:3033} INFO - Sync 1 DAGs
[2024-01-13T10:33:47.955+0200] {logging_mixin.py:188} INFO - [2024-01-13T10:33:47.955+0200] {dag.py:3820} INFO - Setting next_dagrun for example_dag_decorator to None, run_after=None
[2024-01-13T10:33:47.974+0200] {processor.py:183} INFO - Processing /Library/Frameworks/Python.framework/Versions/3.10/lib/python3.10/site-packages/airflow/example_dags/example_dag_decorator.py took 0.568 seconds
[2024-01-13T10:37:40.679+0200] {processor.py:161} INFO - Started process (PID=24496) to work on /Library/Frameworks/Python.framework/Versions/3.10/lib/python3.10/site-packages/airflow/example_dags/example_dag_decorator.py
[2024-01-13T10:37:40.684+0200] {processor.py:830} INFO - Processing file /Library/Frameworks/Python.framework/Versions/3.10/lib/python3.10/site-packages/airflow/example_dags/example_dag_decorator.py for tasks to queue
[2024-01-13T10:37:40.685+0200] {logging_mixin.py:188} INFO - [2024-01-13T10:37:40.684+0200] {dagbag.py:538} INFO - Filling up the DagBag from /Library/Frameworks/Python.framework/Versions/3.10/lib/python3.10/site-packages/airflow/example_dags/example_dag_decorator.py
[2024-01-13T10:37:40.986+0200] {processor.py:840} INFO - DAG(s) 'example_dag_decorator' retrieved from /Library/Frameworks/Python.framework/Versions/3.10/lib/python3.10/site-packages/airflow/example_dags/example_dag_decorator.py
[2024-01-13T10:37:41.200+0200] {logging_mixin.py:188} INFO - [2024-01-13T10:37:41.200+0200] {dag.py:3033} INFO - Sync 1 DAGs
[2024-01-13T10:37:41.210+0200] {logging_mixin.py:188} INFO - [2024-01-13T10:37:41.209+0200] {dag.py:3820} INFO - Setting next_dagrun for example_dag_decorator to None, run_after=None
[2024-01-13T10:37:41.233+0200] {processor.py:183} INFO - Processing /Library/Frameworks/Python.framework/Versions/3.10/lib/python3.10/site-packages/airflow/example_dags/example_dag_decorator.py took 0.555 seconds
[2024-01-13T10:41:35.338+0200] {processor.py:161} INFO - Started process (PID=24679) to work on /Library/Frameworks/Python.framework/Versions/3.10/lib/python3.10/site-packages/airflow/example_dags/example_dag_decorator.py
[2024-01-13T10:41:35.343+0200] {processor.py:830} INFO - Processing file /Library/Frameworks/Python.framework/Versions/3.10/lib/python3.10/site-packages/airflow/example_dags/example_dag_decorator.py for tasks to queue
[2024-01-13T10:41:35.343+0200] {logging_mixin.py:188} INFO - [2024-01-13T10:41:35.343+0200] {dagbag.py:538} INFO - Filling up the DagBag from /Library/Frameworks/Python.framework/Versions/3.10/lib/python3.10/site-packages/airflow/example_dags/example_dag_decorator.py
[2024-01-13T10:41:35.647+0200] {processor.py:840} INFO - DAG(s) 'example_dag_decorator' retrieved from /Library/Frameworks/Python.framework/Versions/3.10/lib/python3.10/site-packages/airflow/example_dags/example_dag_decorator.py
[2024-01-13T10:41:35.853+0200] {logging_mixin.py:188} INFO - [2024-01-13T10:41:35.853+0200] {dag.py:3033} INFO - Sync 1 DAGs
[2024-01-13T10:41:35.861+0200] {logging_mixin.py:188} INFO - [2024-01-13T10:41:35.861+0200] {dag.py:3820} INFO - Setting next_dagrun for example_dag_decorator to None, run_after=None
[2024-01-13T10:41:35.883+0200] {processor.py:183} INFO - Processing /Library/Frameworks/Python.framework/Versions/3.10/lib/python3.10/site-packages/airflow/example_dags/example_dag_decorator.py took 0.547 seconds
[2024-01-13T10:45:32.829+0200] {processor.py:161} INFO - Started process (PID=24950) to work on /Library/Frameworks/Python.framework/Versions/3.10/lib/python3.10/site-packages/airflow/example_dags/example_dag_decorator.py
[2024-01-13T10:45:32.834+0200] {processor.py:830} INFO - Processing file /Library/Frameworks/Python.framework/Versions/3.10/lib/python3.10/site-packages/airflow/example_dags/example_dag_decorator.py for tasks to queue
[2024-01-13T10:45:32.835+0200] {logging_mixin.py:188} INFO - [2024-01-13T10:45:32.835+0200] {dagbag.py:538} INFO - Filling up the DagBag from /Library/Frameworks/Python.framework/Versions/3.10/lib/python3.10/site-packages/airflow/example_dags/example_dag_decorator.py
[2024-01-13T10:45:33.115+0200] {processor.py:840} INFO - DAG(s) 'example_dag_decorator' retrieved from /Library/Frameworks/Python.framework/Versions/3.10/lib/python3.10/site-packages/airflow/example_dags/example_dag_decorator.py
[2024-01-13T10:45:33.322+0200] {logging_mixin.py:188} INFO - [2024-01-13T10:45:33.322+0200] {dag.py:3033} INFO - Sync 1 DAGs
[2024-01-13T10:45:33.330+0200] {logging_mixin.py:188} INFO - [2024-01-13T10:45:33.330+0200] {dag.py:3820} INFO - Setting next_dagrun for example_dag_decorator to None, run_after=None
[2024-01-13T10:45:33.350+0200] {processor.py:183} INFO - Processing /Library/Frameworks/Python.framework/Versions/3.10/lib/python3.10/site-packages/airflow/example_dags/example_dag_decorator.py took 0.522 seconds
[2024-01-13T10:49:14.949+0200] {processor.py:161} INFO - Started process (PID=25086) to work on /Library/Frameworks/Python.framework/Versions/3.10/lib/python3.10/site-packages/airflow/example_dags/example_dag_decorator.py
[2024-01-13T10:49:14.954+0200] {processor.py:830} INFO - Processing file /Library/Frameworks/Python.framework/Versions/3.10/lib/python3.10/site-packages/airflow/example_dags/example_dag_decorator.py for tasks to queue
[2024-01-13T10:49:14.954+0200] {logging_mixin.py:188} INFO - [2024-01-13T10:49:14.954+0200] {dagbag.py:538} INFO - Filling up the DagBag from /Library/Frameworks/Python.framework/Versions/3.10/lib/python3.10/site-packages/airflow/example_dags/example_dag_decorator.py
[2024-01-13T10:49:15.250+0200] {processor.py:840} INFO - DAG(s) 'example_dag_decorator' retrieved from /Library/Frameworks/Python.framework/Versions/3.10/lib/python3.10/site-packages/airflow/example_dags/example_dag_decorator.py
[2024-01-13T10:49:15.466+0200] {logging_mixin.py:188} INFO - [2024-01-13T10:49:15.466+0200] {dag.py:3033} INFO - Sync 1 DAGs
[2024-01-13T10:49:15.473+0200] {logging_mixin.py:188} INFO - [2024-01-13T10:49:15.473+0200] {dag.py:3820} INFO - Setting next_dagrun for example_dag_decorator to None, run_after=None
[2024-01-13T10:49:15.493+0200] {processor.py:183} INFO - Processing /Library/Frameworks/Python.framework/Versions/3.10/lib/python3.10/site-packages/airflow/example_dags/example_dag_decorator.py took 0.546 seconds
[2024-01-13T10:52:54.099+0200] {processor.py:161} INFO - Started process (PID=25342) to work on /Library/Frameworks/Python.framework/Versions/3.10/lib/python3.10/site-packages/airflow/example_dags/example_dag_decorator.py
[2024-01-13T10:52:54.104+0200] {processor.py:830} INFO - Processing file /Library/Frameworks/Python.framework/Versions/3.10/lib/python3.10/site-packages/airflow/example_dags/example_dag_decorator.py for tasks to queue
[2024-01-13T10:52:54.104+0200] {logging_mixin.py:188} INFO - [2024-01-13T10:52:54.104+0200] {dagbag.py:538} INFO - Filling up the DagBag from /Library/Frameworks/Python.framework/Versions/3.10/lib/python3.10/site-packages/airflow/example_dags/example_dag_decorator.py
[2024-01-13T10:52:54.444+0200] {processor.py:840} INFO - DAG(s) 'example_dag_decorator' retrieved from /Library/Frameworks/Python.framework/Versions/3.10/lib/python3.10/site-packages/airflow/example_dags/example_dag_decorator.py
[2024-01-13T10:52:54.662+0200] {logging_mixin.py:188} INFO - [2024-01-13T10:52:54.661+0200] {dag.py:3033} INFO - Sync 1 DAGs
[2024-01-13T10:52:54.671+0200] {logging_mixin.py:188} INFO - [2024-01-13T10:52:54.671+0200] {dag.py:3820} INFO - Setting next_dagrun for example_dag_decorator to None, run_after=None
[2024-01-13T10:52:54.692+0200] {processor.py:183} INFO - Processing /Library/Frameworks/Python.framework/Versions/3.10/lib/python3.10/site-packages/airflow/example_dags/example_dag_decorator.py took 0.595 seconds
[2024-01-13T10:56:57.651+0200] {processor.py:161} INFO - Started process (PID=25631) to work on /Library/Frameworks/Python.framework/Versions/3.10/lib/python3.10/site-packages/airflow/example_dags/example_dag_decorator.py
[2024-01-13T10:56:57.655+0200] {processor.py:830} INFO - Processing file /Library/Frameworks/Python.framework/Versions/3.10/lib/python3.10/site-packages/airflow/example_dags/example_dag_decorator.py for tasks to queue
[2024-01-13T10:56:57.656+0200] {logging_mixin.py:188} INFO - [2024-01-13T10:56:57.656+0200] {dagbag.py:538} INFO - Filling up the DagBag from /Library/Frameworks/Python.framework/Versions/3.10/lib/python3.10/site-packages/airflow/example_dags/example_dag_decorator.py
[2024-01-13T10:56:57.973+0200] {processor.py:840} INFO - DAG(s) 'example_dag_decorator' retrieved from /Library/Frameworks/Python.framework/Versions/3.10/lib/python3.10/site-packages/airflow/example_dags/example_dag_decorator.py
[2024-01-13T10:56:58.176+0200] {logging_mixin.py:188} INFO - [2024-01-13T10:56:58.176+0200] {dag.py:3033} INFO - Sync 1 DAGs
[2024-01-13T10:56:58.183+0200] {logging_mixin.py:188} INFO - [2024-01-13T10:56:58.183+0200] {dag.py:3820} INFO - Setting next_dagrun for example_dag_decorator to None, run_after=None
[2024-01-13T10:56:58.201+0200] {processor.py:183} INFO - Processing /Library/Frameworks/Python.framework/Versions/3.10/lib/python3.10/site-packages/airflow/example_dags/example_dag_decorator.py took 0.552 seconds
[2024-01-13T11:00:47.797+0200] {processor.py:161} INFO - Started process (PID=25782) to work on /Library/Frameworks/Python.framework/Versions/3.10/lib/python3.10/site-packages/airflow/example_dags/example_dag_decorator.py
[2024-01-13T11:00:47.800+0200] {processor.py:830} INFO - Processing file /Library/Frameworks/Python.framework/Versions/3.10/lib/python3.10/site-packages/airflow/example_dags/example_dag_decorator.py for tasks to queue
[2024-01-13T11:00:47.801+0200] {logging_mixin.py:188} INFO - [2024-01-13T11:00:47.801+0200] {dagbag.py:538} INFO - Filling up the DagBag from /Library/Frameworks/Python.framework/Versions/3.10/lib/python3.10/site-packages/airflow/example_dags/example_dag_decorator.py
[2024-01-13T11:00:48.015+0200] {processor.py:840} INFO - DAG(s) 'example_dag_decorator' retrieved from /Library/Frameworks/Python.framework/Versions/3.10/lib/python3.10/site-packages/airflow/example_dags/example_dag_decorator.py
[2024-01-13T11:00:48.191+0200] {logging_mixin.py:188} INFO - [2024-01-13T11:00:48.191+0200] {dag.py:3033} INFO - Sync 1 DAGs
[2024-01-13T11:00:48.199+0200] {logging_mixin.py:188} INFO - [2024-01-13T11:00:48.199+0200] {dag.py:3820} INFO - Setting next_dagrun for example_dag_decorator to None, run_after=None
[2024-01-13T11:00:48.218+0200] {processor.py:183} INFO - Processing /Library/Frameworks/Python.framework/Versions/3.10/lib/python3.10/site-packages/airflow/example_dags/example_dag_decorator.py took 0.423 seconds
[2024-01-13T11:04:34.460+0200] {processor.py:161} INFO - Started process (PID=25931) to work on /Library/Frameworks/Python.framework/Versions/3.10/lib/python3.10/site-packages/airflow/example_dags/example_dag_decorator.py
[2024-01-13T11:04:34.464+0200] {processor.py:830} INFO - Processing file /Library/Frameworks/Python.framework/Versions/3.10/lib/python3.10/site-packages/airflow/example_dags/example_dag_decorator.py for tasks to queue
[2024-01-13T11:04:34.465+0200] {logging_mixin.py:188} INFO - [2024-01-13T11:04:34.465+0200] {dagbag.py:538} INFO - Filling up the DagBag from /Library/Frameworks/Python.framework/Versions/3.10/lib/python3.10/site-packages/airflow/example_dags/example_dag_decorator.py
[2024-01-13T11:04:34.674+0200] {processor.py:840} INFO - DAG(s) 'example_dag_decorator' retrieved from /Library/Frameworks/Python.framework/Versions/3.10/lib/python3.10/site-packages/airflow/example_dags/example_dag_decorator.py
[2024-01-13T11:04:34.840+0200] {logging_mixin.py:188} INFO - [2024-01-13T11:04:34.840+0200] {dag.py:3033} INFO - Sync 1 DAGs
[2024-01-13T11:04:34.847+0200] {logging_mixin.py:188} INFO - [2024-01-13T11:04:34.847+0200] {dag.py:3820} INFO - Setting next_dagrun for example_dag_decorator to None, run_after=None
[2024-01-13T11:04:34.867+0200] {processor.py:183} INFO - Processing /Library/Frameworks/Python.framework/Versions/3.10/lib/python3.10/site-packages/airflow/example_dags/example_dag_decorator.py took 0.408 seconds
[2024-01-13T11:08:33.535+0200] {processor.py:161} INFO - Started process (PID=26207) to work on /Library/Frameworks/Python.framework/Versions/3.10/lib/python3.10/site-packages/airflow/example_dags/example_dag_decorator.py
[2024-01-13T11:08:33.540+0200] {processor.py:830} INFO - Processing file /Library/Frameworks/Python.framework/Versions/3.10/lib/python3.10/site-packages/airflow/example_dags/example_dag_decorator.py for tasks to queue
[2024-01-13T11:08:33.541+0200] {logging_mixin.py:188} INFO - [2024-01-13T11:08:33.540+0200] {dagbag.py:538} INFO - Filling up the DagBag from /Library/Frameworks/Python.framework/Versions/3.10/lib/python3.10/site-packages/airflow/example_dags/example_dag_decorator.py
[2024-01-13T11:08:33.944+0200] {processor.py:840} INFO - DAG(s) 'example_dag_decorator' retrieved from /Library/Frameworks/Python.framework/Versions/3.10/lib/python3.10/site-packages/airflow/example_dags/example_dag_decorator.py
[2024-01-13T11:08:34.157+0200] {logging_mixin.py:188} INFO - [2024-01-13T11:08:34.156+0200] {dag.py:3033} INFO - Sync 1 DAGs
[2024-01-13T11:08:34.163+0200] {logging_mixin.py:188} INFO - [2024-01-13T11:08:34.163+0200] {dag.py:3820} INFO - Setting next_dagrun for example_dag_decorator to None, run_after=None
[2024-01-13T11:08:34.183+0200] {processor.py:183} INFO - Processing /Library/Frameworks/Python.framework/Versions/3.10/lib/python3.10/site-packages/airflow/example_dags/example_dag_decorator.py took 0.649 seconds
[2024-01-13T11:12:26.793+0200] {processor.py:161} INFO - Started process (PID=26376) to work on /Library/Frameworks/Python.framework/Versions/3.10/lib/python3.10/site-packages/airflow/example_dags/example_dag_decorator.py
[2024-01-13T11:12:26.798+0200] {processor.py:830} INFO - Processing file /Library/Frameworks/Python.framework/Versions/3.10/lib/python3.10/site-packages/airflow/example_dags/example_dag_decorator.py for tasks to queue
[2024-01-13T11:12:26.799+0200] {logging_mixin.py:188} INFO - [2024-01-13T11:12:26.799+0200] {dagbag.py:538} INFO - Filling up the DagBag from /Library/Frameworks/Python.framework/Versions/3.10/lib/python3.10/site-packages/airflow/example_dags/example_dag_decorator.py
[2024-01-13T11:12:27.072+0200] {processor.py:840} INFO - DAG(s) 'example_dag_decorator' retrieved from /Library/Frameworks/Python.framework/Versions/3.10/lib/python3.10/site-packages/airflow/example_dags/example_dag_decorator.py
[2024-01-13T11:12:27.286+0200] {logging_mixin.py:188} INFO - [2024-01-13T11:12:27.286+0200] {dag.py:3033} INFO - Sync 1 DAGs
[2024-01-13T11:12:27.293+0200] {logging_mixin.py:188} INFO - [2024-01-13T11:12:27.293+0200] {dag.py:3820} INFO - Setting next_dagrun for example_dag_decorator to None, run_after=None
[2024-01-13T11:12:27.311+0200] {processor.py:183} INFO - Processing /Library/Frameworks/Python.framework/Versions/3.10/lib/python3.10/site-packages/airflow/example_dags/example_dag_decorator.py took 0.519 seconds
[2024-01-13T11:16:19.600+0200] {processor.py:161} INFO - Started process (PID=26647) to work on /Library/Frameworks/Python.framework/Versions/3.10/lib/python3.10/site-packages/airflow/example_dags/example_dag_decorator.py
[2024-01-13T11:16:19.604+0200] {processor.py:830} INFO - Processing file /Library/Frameworks/Python.framework/Versions/3.10/lib/python3.10/site-packages/airflow/example_dags/example_dag_decorator.py for tasks to queue
[2024-01-13T11:16:19.605+0200] {logging_mixin.py:188} INFO - [2024-01-13T11:16:19.604+0200] {dagbag.py:538} INFO - Filling up the DagBag from /Library/Frameworks/Python.framework/Versions/3.10/lib/python3.10/site-packages/airflow/example_dags/example_dag_decorator.py
[2024-01-13T11:16:19.903+0200] {processor.py:840} INFO - DAG(s) 'example_dag_decorator' retrieved from /Library/Frameworks/Python.framework/Versions/3.10/lib/python3.10/site-packages/airflow/example_dags/example_dag_decorator.py
[2024-01-13T11:16:20.133+0200] {logging_mixin.py:188} INFO - [2024-01-13T11:16:20.132+0200] {dag.py:3033} INFO - Sync 1 DAGs
[2024-01-13T11:16:20.140+0200] {logging_mixin.py:188} INFO - [2024-01-13T11:16:20.140+0200] {dag.py:3820} INFO - Setting next_dagrun for example_dag_decorator to None, run_after=None
[2024-01-13T11:16:20.162+0200] {processor.py:183} INFO - Processing /Library/Frameworks/Python.framework/Versions/3.10/lib/python3.10/site-packages/airflow/example_dags/example_dag_decorator.py took 0.563 seconds
[2024-01-13T11:20:15.962+0200] {processor.py:161} INFO - Started process (PID=26944) to work on /Library/Frameworks/Python.framework/Versions/3.10/lib/python3.10/site-packages/airflow/example_dags/example_dag_decorator.py
[2024-01-13T11:20:15.967+0200] {processor.py:830} INFO - Processing file /Library/Frameworks/Python.framework/Versions/3.10/lib/python3.10/site-packages/airflow/example_dags/example_dag_decorator.py for tasks to queue
[2024-01-13T11:20:15.967+0200] {logging_mixin.py:188} INFO - [2024-01-13T11:20:15.967+0200] {dagbag.py:538} INFO - Filling up the DagBag from /Library/Frameworks/Python.framework/Versions/3.10/lib/python3.10/site-packages/airflow/example_dags/example_dag_decorator.py
[2024-01-13T11:20:16.271+0200] {processor.py:840} INFO - DAG(s) 'example_dag_decorator' retrieved from /Library/Frameworks/Python.framework/Versions/3.10/lib/python3.10/site-packages/airflow/example_dags/example_dag_decorator.py
[2024-01-13T11:20:16.513+0200] {logging_mixin.py:188} INFO - [2024-01-13T11:20:16.513+0200] {dag.py:3033} INFO - Sync 1 DAGs
[2024-01-13T11:20:16.521+0200] {logging_mixin.py:188} INFO - [2024-01-13T11:20:16.520+0200] {dag.py:3820} INFO - Setting next_dagrun for example_dag_decorator to None, run_after=None
[2024-01-13T11:20:16.541+0200] {processor.py:183} INFO - Processing /Library/Frameworks/Python.framework/Versions/3.10/lib/python3.10/site-packages/airflow/example_dags/example_dag_decorator.py took 0.581 seconds
[2024-01-13T11:24:09.799+0200] {processor.py:161} INFO - Started process (PID=27111) to work on /Library/Frameworks/Python.framework/Versions/3.10/lib/python3.10/site-packages/airflow/example_dags/example_dag_decorator.py
[2024-01-13T11:24:09.804+0200] {processor.py:830} INFO - Processing file /Library/Frameworks/Python.framework/Versions/3.10/lib/python3.10/site-packages/airflow/example_dags/example_dag_decorator.py for tasks to queue
[2024-01-13T11:24:09.804+0200] {logging_mixin.py:188} INFO - [2024-01-13T11:24:09.804+0200] {dagbag.py:538} INFO - Filling up the DagBag from /Library/Frameworks/Python.framework/Versions/3.10/lib/python3.10/site-packages/airflow/example_dags/example_dag_decorator.py
[2024-01-13T11:24:10.110+0200] {processor.py:840} INFO - DAG(s) 'example_dag_decorator' retrieved from /Library/Frameworks/Python.framework/Versions/3.10/lib/python3.10/site-packages/airflow/example_dags/example_dag_decorator.py
[2024-01-13T11:24:10.326+0200] {logging_mixin.py:188} INFO - [2024-01-13T11:24:10.326+0200] {dag.py:3033} INFO - Sync 1 DAGs
[2024-01-13T11:24:10.334+0200] {logging_mixin.py:188} INFO - [2024-01-13T11:24:10.334+0200] {dag.py:3820} INFO - Setting next_dagrun for example_dag_decorator to None, run_after=None
[2024-01-13T11:24:10.355+0200] {processor.py:183} INFO - Processing /Library/Frameworks/Python.framework/Versions/3.10/lib/python3.10/site-packages/airflow/example_dags/example_dag_decorator.py took 0.557 seconds
[2024-01-13T11:28:02.734+0200] {processor.py:161} INFO - Started process (PID=27370) to work on /Library/Frameworks/Python.framework/Versions/3.10/lib/python3.10/site-packages/airflow/example_dags/example_dag_decorator.py
[2024-01-13T11:28:02.739+0200] {processor.py:830} INFO - Processing file /Library/Frameworks/Python.framework/Versions/3.10/lib/python3.10/site-packages/airflow/example_dags/example_dag_decorator.py for tasks to queue
[2024-01-13T11:28:02.740+0200] {logging_mixin.py:188} INFO - [2024-01-13T11:28:02.740+0200] {dagbag.py:538} INFO - Filling up the DagBag from /Library/Frameworks/Python.framework/Versions/3.10/lib/python3.10/site-packages/airflow/example_dags/example_dag_decorator.py
[2024-01-13T11:28:03.082+0200] {processor.py:840} INFO - DAG(s) 'example_dag_decorator' retrieved from /Library/Frameworks/Python.framework/Versions/3.10/lib/python3.10/site-packages/airflow/example_dags/example_dag_decorator.py
[2024-01-13T11:28:03.288+0200] {logging_mixin.py:188} INFO - [2024-01-13T11:28:03.288+0200] {dag.py:3033} INFO - Sync 1 DAGs
[2024-01-13T11:28:03.296+0200] {logging_mixin.py:188} INFO - [2024-01-13T11:28:03.295+0200] {dag.py:3820} INFO - Setting next_dagrun for example_dag_decorator to None, run_after=None
[2024-01-13T11:28:03.313+0200] {processor.py:183} INFO - Processing /Library/Frameworks/Python.framework/Versions/3.10/lib/python3.10/site-packages/airflow/example_dags/example_dag_decorator.py took 0.581 seconds
[2024-01-13T11:31:52.333+0200] {processor.py:161} INFO - Started process (PID=27534) to work on /Library/Frameworks/Python.framework/Versions/3.10/lib/python3.10/site-packages/airflow/example_dags/example_dag_decorator.py
[2024-01-13T11:31:52.338+0200] {processor.py:830} INFO - Processing file /Library/Frameworks/Python.framework/Versions/3.10/lib/python3.10/site-packages/airflow/example_dags/example_dag_decorator.py for tasks to queue
[2024-01-13T11:31:52.339+0200] {logging_mixin.py:188} INFO - [2024-01-13T11:31:52.339+0200] {dagbag.py:538} INFO - Filling up the DagBag from /Library/Frameworks/Python.framework/Versions/3.10/lib/python3.10/site-packages/airflow/example_dags/example_dag_decorator.py
[2024-01-13T11:31:52.667+0200] {processor.py:840} INFO - DAG(s) 'example_dag_decorator' retrieved from /Library/Frameworks/Python.framework/Versions/3.10/lib/python3.10/site-packages/airflow/example_dags/example_dag_decorator.py
[2024-01-13T11:31:52.887+0200] {logging_mixin.py:188} INFO - [2024-01-13T11:31:52.887+0200] {dag.py:3033} INFO - Sync 1 DAGs
[2024-01-13T11:31:52.895+0200] {logging_mixin.py:188} INFO - [2024-01-13T11:31:52.894+0200] {dag.py:3820} INFO - Setting next_dagrun for example_dag_decorator to None, run_after=None
[2024-01-13T11:31:52.913+0200] {processor.py:183} INFO - Processing /Library/Frameworks/Python.framework/Versions/3.10/lib/python3.10/site-packages/airflow/example_dags/example_dag_decorator.py took 0.581 seconds
[2024-01-13T11:35:54.338+0200] {processor.py:161} INFO - Started process (PID=28466) to work on /Library/Frameworks/Python.framework/Versions/3.10/lib/python3.10/site-packages/airflow/example_dags/example_dag_decorator.py
[2024-01-13T11:35:54.342+0200] {processor.py:830} INFO - Processing file /Library/Frameworks/Python.framework/Versions/3.10/lib/python3.10/site-packages/airflow/example_dags/example_dag_decorator.py for tasks to queue
[2024-01-13T11:35:54.343+0200] {logging_mixin.py:188} INFO - [2024-01-13T11:35:54.343+0200] {dagbag.py:538} INFO - Filling up the DagBag from /Library/Frameworks/Python.framework/Versions/3.10/lib/python3.10/site-packages/airflow/example_dags/example_dag_decorator.py
[2024-01-13T11:35:54.618+0200] {processor.py:840} INFO - DAG(s) 'example_dag_decorator' retrieved from /Library/Frameworks/Python.framework/Versions/3.10/lib/python3.10/site-packages/airflow/example_dags/example_dag_decorator.py
[2024-01-13T11:35:54.828+0200] {logging_mixin.py:188} INFO - [2024-01-13T11:35:54.828+0200] {dag.py:3033} INFO - Sync 1 DAGs
[2024-01-13T11:35:54.835+0200] {logging_mixin.py:188} INFO - [2024-01-13T11:35:54.835+0200] {dag.py:3820} INFO - Setting next_dagrun for example_dag_decorator to None, run_after=None
[2024-01-13T11:35:54.854+0200] {processor.py:183} INFO - Processing /Library/Frameworks/Python.framework/Versions/3.10/lib/python3.10/site-packages/airflow/example_dags/example_dag_decorator.py took 0.517 seconds
[2024-01-13T11:40:18.708+0200] {processor.py:161} INFO - Started process (PID=29457) to work on /Library/Frameworks/Python.framework/Versions/3.10/lib/python3.10/site-packages/airflow/example_dags/example_dag_decorator.py
[2024-01-13T11:40:18.714+0200] {processor.py:830} INFO - Processing file /Library/Frameworks/Python.framework/Versions/3.10/lib/python3.10/site-packages/airflow/example_dags/example_dag_decorator.py for tasks to queue
[2024-01-13T11:40:18.715+0200] {logging_mixin.py:188} INFO - [2024-01-13T11:40:18.714+0200] {dagbag.py:538} INFO - Filling up the DagBag from /Library/Frameworks/Python.framework/Versions/3.10/lib/python3.10/site-packages/airflow/example_dags/example_dag_decorator.py
[2024-01-13T11:40:19.033+0200] {processor.py:840} INFO - DAG(s) 'example_dag_decorator' retrieved from /Library/Frameworks/Python.framework/Versions/3.10/lib/python3.10/site-packages/airflow/example_dags/example_dag_decorator.py
[2024-01-13T11:40:19.290+0200] {logging_mixin.py:188} INFO - [2024-01-13T11:40:19.290+0200] {dag.py:3033} INFO - Sync 1 DAGs
[2024-01-13T11:40:19.299+0200] {logging_mixin.py:188} INFO - [2024-01-13T11:40:19.299+0200] {dag.py:3820} INFO - Setting next_dagrun for example_dag_decorator to None, run_after=None
[2024-01-13T11:40:19.323+0200] {processor.py:183} INFO - Processing /Library/Frameworks/Python.framework/Versions/3.10/lib/python3.10/site-packages/airflow/example_dags/example_dag_decorator.py took 0.617 seconds
[2024-01-13T11:45:38.222+0200] {processor.py:161} INFO - Started process (PID=29878) to work on /Library/Frameworks/Python.framework/Versions/3.10/lib/python3.10/site-packages/airflow/example_dags/example_dag_decorator.py
[2024-01-13T11:45:38.230+0200] {processor.py:830} INFO - Processing file /Library/Frameworks/Python.framework/Versions/3.10/lib/python3.10/site-packages/airflow/example_dags/example_dag_decorator.py for tasks to queue
[2024-01-13T11:45:38.230+0200] {logging_mixin.py:188} INFO - [2024-01-13T11:45:38.230+0200] {dagbag.py:538} INFO - Filling up the DagBag from /Library/Frameworks/Python.framework/Versions/3.10/lib/python3.10/site-packages/airflow/example_dags/example_dag_decorator.py
[2024-01-13T11:45:38.599+0200] {processor.py:840} INFO - DAG(s) 'example_dag_decorator' retrieved from /Library/Frameworks/Python.framework/Versions/3.10/lib/python3.10/site-packages/airflow/example_dags/example_dag_decorator.py
[2024-01-13T11:45:38.879+0200] {logging_mixin.py:188} INFO - [2024-01-13T11:45:38.878+0200] {dag.py:3033} INFO - Sync 1 DAGs
[2024-01-13T11:45:38.889+0200] {logging_mixin.py:188} INFO - [2024-01-13T11:45:38.889+0200] {dag.py:3820} INFO - Setting next_dagrun for example_dag_decorator to None, run_after=None
[2024-01-13T11:45:38.915+0200] {processor.py:183} INFO - Processing /Library/Frameworks/Python.framework/Versions/3.10/lib/python3.10/site-packages/airflow/example_dags/example_dag_decorator.py took 0.695 seconds
[2024-01-13T11:51:42.035+0200] {processor.py:161} INFO - Started process (PID=30503) to work on /Library/Frameworks/Python.framework/Versions/3.10/lib/python3.10/site-packages/airflow/example_dags/example_dag_decorator.py
[2024-01-13T11:51:42.045+0200] {processor.py:830} INFO - Processing file /Library/Frameworks/Python.framework/Versions/3.10/lib/python3.10/site-packages/airflow/example_dags/example_dag_decorator.py for tasks to queue
[2024-01-13T11:51:42.047+0200] {logging_mixin.py:188} INFO - [2024-01-13T11:51:42.046+0200] {dagbag.py:538} INFO - Filling up the DagBag from /Library/Frameworks/Python.framework/Versions/3.10/lib/python3.10/site-packages/airflow/example_dags/example_dag_decorator.py
[2024-01-13T11:51:42.567+0200] {processor.py:840} INFO - DAG(s) 'example_dag_decorator' retrieved from /Library/Frameworks/Python.framework/Versions/3.10/lib/python3.10/site-packages/airflow/example_dags/example_dag_decorator.py
[2024-01-13T11:51:43.074+0200] {logging_mixin.py:188} INFO - [2024-01-13T11:51:43.074+0200] {dag.py:3033} INFO - Sync 1 DAGs
[2024-01-13T11:51:43.091+0200] {logging_mixin.py:188} INFO - [2024-01-13T11:51:43.090+0200] {dag.py:3820} INFO - Setting next_dagrun for example_dag_decorator to None, run_after=None
[2024-01-13T11:51:43.135+0200] {processor.py:183} INFO - Processing /Library/Frameworks/Python.framework/Versions/3.10/lib/python3.10/site-packages/airflow/example_dags/example_dag_decorator.py took 1.103 seconds
[2024-01-13T11:58:28.123+0200] {processor.py:161} INFO - Started process (PID=32005) to work on /Library/Frameworks/Python.framework/Versions/3.10/lib/python3.10/site-packages/airflow/example_dags/example_dag_decorator.py
[2024-01-13T11:58:28.130+0200] {processor.py:830} INFO - Processing file /Library/Frameworks/Python.framework/Versions/3.10/lib/python3.10/site-packages/airflow/example_dags/example_dag_decorator.py for tasks to queue
[2024-01-13T11:58:28.131+0200] {logging_mixin.py:188} INFO - [2024-01-13T11:58:28.131+0200] {dagbag.py:538} INFO - Filling up the DagBag from /Library/Frameworks/Python.framework/Versions/3.10/lib/python3.10/site-packages/airflow/example_dags/example_dag_decorator.py
[2024-01-13T11:58:28.568+0200] {processor.py:840} INFO - DAG(s) 'example_dag_decorator' retrieved from /Library/Frameworks/Python.framework/Versions/3.10/lib/python3.10/site-packages/airflow/example_dags/example_dag_decorator.py
[2024-01-13T11:58:28.905+0200] {logging_mixin.py:188} INFO - [2024-01-13T11:58:28.905+0200] {dag.py:3033} INFO - Sync 1 DAGs
[2024-01-13T11:58:28.915+0200] {logging_mixin.py:188} INFO - [2024-01-13T11:58:28.915+0200] {dag.py:3820} INFO - Setting next_dagrun for example_dag_decorator to None, run_after=None
[2024-01-13T11:58:28.946+0200] {processor.py:183} INFO - Processing /Library/Frameworks/Python.framework/Versions/3.10/lib/python3.10/site-packages/airflow/example_dags/example_dag_decorator.py took 0.826 seconds
[2024-01-13T12:05:33.257+0200] {processor.py:161} INFO - Started process (PID=33678) to work on /Library/Frameworks/Python.framework/Versions/3.10/lib/python3.10/site-packages/airflow/example_dags/example_dag_decorator.py
[2024-01-13T12:05:33.269+0200] {processor.py:830} INFO - Processing file /Library/Frameworks/Python.framework/Versions/3.10/lib/python3.10/site-packages/airflow/example_dags/example_dag_decorator.py for tasks to queue
[2024-01-13T12:05:33.270+0200] {logging_mixin.py:188} INFO - [2024-01-13T12:05:33.270+0200] {dagbag.py:538} INFO - Filling up the DagBag from /Library/Frameworks/Python.framework/Versions/3.10/lib/python3.10/site-packages/airflow/example_dags/example_dag_decorator.py
[2024-01-13T12:05:33.990+0200] {processor.py:840} INFO - DAG(s) 'example_dag_decorator' retrieved from /Library/Frameworks/Python.framework/Versions/3.10/lib/python3.10/site-packages/airflow/example_dags/example_dag_decorator.py
[2024-01-13T12:05:34.906+0200] {logging_mixin.py:188} INFO - [2024-01-13T12:05:34.905+0200] {dag.py:3033} INFO - Sync 1 DAGs
[2024-01-13T12:05:34.949+0200] {logging_mixin.py:188} INFO - [2024-01-13T12:05:34.949+0200] {dag.py:3820} INFO - Setting next_dagrun for example_dag_decorator to None, run_after=None
[2024-01-13T12:05:35.015+0200] {processor.py:183} INFO - Processing /Library/Frameworks/Python.framework/Versions/3.10/lib/python3.10/site-packages/airflow/example_dags/example_dag_decorator.py took 1.759 seconds
[2024-01-13T12:10:53.386+0200] {processor.py:161} INFO - Started process (PID=34122) to work on /Library/Frameworks/Python.framework/Versions/3.10/lib/python3.10/site-packages/airflow/example_dags/example_dag_decorator.py
[2024-01-13T12:10:53.391+0200] {processor.py:830} INFO - Processing file /Library/Frameworks/Python.framework/Versions/3.10/lib/python3.10/site-packages/airflow/example_dags/example_dag_decorator.py for tasks to queue
[2024-01-13T12:10:53.392+0200] {logging_mixin.py:188} INFO - [2024-01-13T12:10:53.392+0200] {dagbag.py:538} INFO - Filling up the DagBag from /Library/Frameworks/Python.framework/Versions/3.10/lib/python3.10/site-packages/airflow/example_dags/example_dag_decorator.py
[2024-01-13T12:10:53.691+0200] {processor.py:840} INFO - DAG(s) 'example_dag_decorator' retrieved from /Library/Frameworks/Python.framework/Versions/3.10/lib/python3.10/site-packages/airflow/example_dags/example_dag_decorator.py
[2024-01-13T12:10:53.945+0200] {logging_mixin.py:188} INFO - [2024-01-13T12:10:53.945+0200] {dag.py:3033} INFO - Sync 1 DAGs
[2024-01-13T12:10:53.954+0200] {logging_mixin.py:188} INFO - [2024-01-13T12:10:53.954+0200] {dag.py:3820} INFO - Setting next_dagrun for example_dag_decorator to None, run_after=None
[2024-01-13T12:10:53.981+0200] {processor.py:183} INFO - Processing /Library/Frameworks/Python.framework/Versions/3.10/lib/python3.10/site-packages/airflow/example_dags/example_dag_decorator.py took 0.597 seconds
[2024-01-13T12:16:00.420+0200] {processor.py:161} INFO - Started process (PID=34432) to work on /Library/Frameworks/Python.framework/Versions/3.10/lib/python3.10/site-packages/airflow/example_dags/example_dag_decorator.py
[2024-01-13T12:16:00.428+0200] {processor.py:830} INFO - Processing file /Library/Frameworks/Python.framework/Versions/3.10/lib/python3.10/site-packages/airflow/example_dags/example_dag_decorator.py for tasks to queue
[2024-01-13T12:16:00.429+0200] {logging_mixin.py:188} INFO - [2024-01-13T12:16:00.429+0200] {dagbag.py:538} INFO - Filling up the DagBag from /Library/Frameworks/Python.framework/Versions/3.10/lib/python3.10/site-packages/airflow/example_dags/example_dag_decorator.py
[2024-01-13T12:16:00.825+0200] {processor.py:840} INFO - DAG(s) 'example_dag_decorator' retrieved from /Library/Frameworks/Python.framework/Versions/3.10/lib/python3.10/site-packages/airflow/example_dags/example_dag_decorator.py
[2024-01-13T12:16:01.130+0200] {logging_mixin.py:188} INFO - [2024-01-13T12:16:01.130+0200] {dag.py:3033} INFO - Sync 1 DAGs
[2024-01-13T12:16:01.142+0200] {logging_mixin.py:188} INFO - [2024-01-13T12:16:01.142+0200] {dag.py:3820} INFO - Setting next_dagrun for example_dag_decorator to None, run_after=None
[2024-01-13T12:16:01.169+0200] {processor.py:183} INFO - Processing /Library/Frameworks/Python.framework/Versions/3.10/lib/python3.10/site-packages/airflow/example_dags/example_dag_decorator.py took 0.751 seconds
[2024-01-13T13:29:41.814+0200] {processor.py:161} INFO - Started process (PID=35507) to work on /Library/Frameworks/Python.framework/Versions/3.10/lib/python3.10/site-packages/airflow/example_dags/example_dag_decorator.py
[2024-01-13T13:29:41.820+0200] {processor.py:830} INFO - Processing file /Library/Frameworks/Python.framework/Versions/3.10/lib/python3.10/site-packages/airflow/example_dags/example_dag_decorator.py for tasks to queue
[2024-01-13T13:29:41.820+0200] {logging_mixin.py:188} INFO - [2024-01-13T13:29:41.820+0200] {dagbag.py:538} INFO - Filling up the DagBag from /Library/Frameworks/Python.framework/Versions/3.10/lib/python3.10/site-packages/airflow/example_dags/example_dag_decorator.py
[2024-01-13T13:29:42.116+0200] {processor.py:840} INFO - DAG(s) 'example_dag_decorator' retrieved from /Library/Frameworks/Python.framework/Versions/3.10/lib/python3.10/site-packages/airflow/example_dags/example_dag_decorator.py
[2024-01-13T13:29:42.355+0200] {logging_mixin.py:188} INFO - [2024-01-13T13:29:42.354+0200] {dag.py:3033} INFO - Sync 1 DAGs
[2024-01-13T13:29:42.363+0200] {logging_mixin.py:188} INFO - [2024-01-13T13:29:42.363+0200] {dag.py:3820} INFO - Setting next_dagrun for example_dag_decorator to None, run_after=None
[2024-01-13T13:29:42.387+0200] {processor.py:183} INFO - Processing /Library/Frameworks/Python.framework/Versions/3.10/lib/python3.10/site-packages/airflow/example_dags/example_dag_decorator.py took 0.575 seconds
[2024-01-13T15:18:22.776+0200] {processor.py:161} INFO - Started process (PID=42771) to work on /Library/Frameworks/Python.framework/Versions/3.10/lib/python3.10/site-packages/airflow/example_dags/example_dag_decorator.py
[2024-01-13T15:18:22.782+0200] {processor.py:830} INFO - Processing file /Library/Frameworks/Python.framework/Versions/3.10/lib/python3.10/site-packages/airflow/example_dags/example_dag_decorator.py for tasks to queue
[2024-01-13T15:18:22.782+0200] {logging_mixin.py:188} INFO - [2024-01-13T15:18:22.782+0200] {dagbag.py:538} INFO - Filling up the DagBag from /Library/Frameworks/Python.framework/Versions/3.10/lib/python3.10/site-packages/airflow/example_dags/example_dag_decorator.py
[2024-01-13T15:18:23.070+0200] {processor.py:840} INFO - DAG(s) 'example_dag_decorator' retrieved from /Library/Frameworks/Python.framework/Versions/3.10/lib/python3.10/site-packages/airflow/example_dags/example_dag_decorator.py
[2024-01-13T15:18:23.244+0200] {logging_mixin.py:188} INFO - [2024-01-13T15:18:23.244+0200] {dag.py:3033} INFO - Sync 1 DAGs
[2024-01-13T15:18:23.252+0200] {logging_mixin.py:188} INFO - [2024-01-13T15:18:23.252+0200] {dag.py:3820} INFO - Setting next_dagrun for example_dag_decorator to None, run_after=None
[2024-01-13T15:18:23.272+0200] {processor.py:183} INFO - Processing /Library/Frameworks/Python.framework/Versions/3.10/lib/python3.10/site-packages/airflow/example_dags/example_dag_decorator.py took 0.497 seconds
[2024-01-13T15:23:07.121+0200] {processor.py:161} INFO - Started process (PID=42984) to work on /Library/Frameworks/Python.framework/Versions/3.10/lib/python3.10/site-packages/airflow/example_dags/example_dag_decorator.py
[2024-01-13T15:23:07.125+0200] {processor.py:830} INFO - Processing file /Library/Frameworks/Python.framework/Versions/3.10/lib/python3.10/site-packages/airflow/example_dags/example_dag_decorator.py for tasks to queue
[2024-01-13T15:23:07.126+0200] {logging_mixin.py:188} INFO - [2024-01-13T15:23:07.126+0200] {dagbag.py:538} INFO - Filling up the DagBag from /Library/Frameworks/Python.framework/Versions/3.10/lib/python3.10/site-packages/airflow/example_dags/example_dag_decorator.py
[2024-01-13T15:23:07.425+0200] {processor.py:840} INFO - DAG(s) 'example_dag_decorator' retrieved from /Library/Frameworks/Python.framework/Versions/3.10/lib/python3.10/site-packages/airflow/example_dags/example_dag_decorator.py
[2024-01-13T15:23:07.647+0200] {logging_mixin.py:188} INFO - [2024-01-13T15:23:07.647+0200] {dag.py:3033} INFO - Sync 1 DAGs
[2024-01-13T15:23:07.655+0200] {logging_mixin.py:188} INFO - [2024-01-13T15:23:07.654+0200] {dag.py:3820} INFO - Setting next_dagrun for example_dag_decorator to None, run_after=None
[2024-01-13T15:23:07.674+0200] {processor.py:183} INFO - Processing /Library/Frameworks/Python.framework/Versions/3.10/lib/python3.10/site-packages/airflow/example_dags/example_dag_decorator.py took 0.554 seconds
[2024-01-13T15:28:12.510+0200] {processor.py:161} INFO - Started process (PID=43347) to work on /Library/Frameworks/Python.framework/Versions/3.10/lib/python3.10/site-packages/airflow/example_dags/example_dag_decorator.py
[2024-01-13T15:28:12.522+0200] {processor.py:830} INFO - Processing file /Library/Frameworks/Python.framework/Versions/3.10/lib/python3.10/site-packages/airflow/example_dags/example_dag_decorator.py for tasks to queue
[2024-01-13T15:28:12.523+0200] {logging_mixin.py:188} INFO - [2024-01-13T15:28:12.522+0200] {dagbag.py:538} INFO - Filling up the DagBag from /Library/Frameworks/Python.framework/Versions/3.10/lib/python3.10/site-packages/airflow/example_dags/example_dag_decorator.py
[2024-01-13T15:28:12.973+0200] {processor.py:840} INFO - DAG(s) 'example_dag_decorator' retrieved from /Library/Frameworks/Python.framework/Versions/3.10/lib/python3.10/site-packages/airflow/example_dags/example_dag_decorator.py
[2024-01-13T15:28:13.368+0200] {logging_mixin.py:188} INFO - [2024-01-13T15:28:13.368+0200] {dag.py:3033} INFO - Sync 1 DAGs
[2024-01-13T15:28:13.380+0200] {logging_mixin.py:188} INFO - [2024-01-13T15:28:13.379+0200] {dag.py:3820} INFO - Setting next_dagrun for example_dag_decorator to None, run_after=None
[2024-01-13T15:28:13.408+0200] {processor.py:183} INFO - Processing /Library/Frameworks/Python.framework/Versions/3.10/lib/python3.10/site-packages/airflow/example_dags/example_dag_decorator.py took 0.899 seconds
[2024-01-13T15:34:00.389+0200] {processor.py:161} INFO - Started process (PID=43737) to work on /Library/Frameworks/Python.framework/Versions/3.10/lib/python3.10/site-packages/airflow/example_dags/example_dag_decorator.py
[2024-01-13T15:34:00.393+0200] {processor.py:830} INFO - Processing file /Library/Frameworks/Python.framework/Versions/3.10/lib/python3.10/site-packages/airflow/example_dags/example_dag_decorator.py for tasks to queue
[2024-01-13T15:34:00.394+0200] {logging_mixin.py:188} INFO - [2024-01-13T15:34:00.394+0200] {dagbag.py:538} INFO - Filling up the DagBag from /Library/Frameworks/Python.framework/Versions/3.10/lib/python3.10/site-packages/airflow/example_dags/example_dag_decorator.py
[2024-01-13T15:34:00.682+0200] {processor.py:840} INFO - DAG(s) 'example_dag_decorator' retrieved from /Library/Frameworks/Python.framework/Versions/3.10/lib/python3.10/site-packages/airflow/example_dags/example_dag_decorator.py
[2024-01-13T15:34:00.870+0200] {logging_mixin.py:188} INFO - [2024-01-13T15:34:00.869+0200] {dag.py:3033} INFO - Sync 1 DAGs
[2024-01-13T15:34:00.877+0200] {logging_mixin.py:188} INFO - [2024-01-13T15:34:00.877+0200] {dag.py:3820} INFO - Setting next_dagrun for example_dag_decorator to None, run_after=None
[2024-01-13T15:34:00.897+0200] {processor.py:183} INFO - Processing /Library/Frameworks/Python.framework/Versions/3.10/lib/python3.10/site-packages/airflow/example_dags/example_dag_decorator.py took 0.510 seconds
[2024-01-13T15:40:52.055+0200] {processor.py:161} INFO - Started process (PID=44272) to work on /Library/Frameworks/Python.framework/Versions/3.10/lib/python3.10/site-packages/airflow/example_dags/example_dag_decorator.py
[2024-01-13T15:40:52.061+0200] {processor.py:830} INFO - Processing file /Library/Frameworks/Python.framework/Versions/3.10/lib/python3.10/site-packages/airflow/example_dags/example_dag_decorator.py for tasks to queue
[2024-01-13T15:40:52.062+0200] {logging_mixin.py:188} INFO - [2024-01-13T15:40:52.062+0200] {dagbag.py:538} INFO - Filling up the DagBag from /Library/Frameworks/Python.framework/Versions/3.10/lib/python3.10/site-packages/airflow/example_dags/example_dag_decorator.py
[2024-01-13T15:40:52.404+0200] {processor.py:840} INFO - DAG(s) 'example_dag_decorator' retrieved from /Library/Frameworks/Python.framework/Versions/3.10/lib/python3.10/site-packages/airflow/example_dags/example_dag_decorator.py
[2024-01-13T15:40:52.636+0200] {logging_mixin.py:188} INFO - [2024-01-13T15:40:52.636+0200] {dag.py:3033} INFO - Sync 1 DAGs
[2024-01-13T15:40:52.645+0200] {logging_mixin.py:188} INFO - [2024-01-13T15:40:52.645+0200] {dag.py:3820} INFO - Setting next_dagrun for example_dag_decorator to None, run_after=None
[2024-01-13T15:40:52.669+0200] {processor.py:183} INFO - Processing /Library/Frameworks/Python.framework/Versions/3.10/lib/python3.10/site-packages/airflow/example_dags/example_dag_decorator.py took 0.616 seconds
[2024-01-14T00:34:19.665+0200] {processor.py:161} INFO - Started process (PID=45802) to work on /Library/Frameworks/Python.framework/Versions/3.10/lib/python3.10/site-packages/airflow/example_dags/example_dag_decorator.py
[2024-01-14T00:34:19.673+0200] {processor.py:830} INFO - Processing file /Library/Frameworks/Python.framework/Versions/3.10/lib/python3.10/site-packages/airflow/example_dags/example_dag_decorator.py for tasks to queue
[2024-01-14T00:34:19.674+0200] {logging_mixin.py:188} INFO - [2024-01-14T00:34:19.673+0200] {dagbag.py:538} INFO - Filling up the DagBag from /Library/Frameworks/Python.framework/Versions/3.10/lib/python3.10/site-packages/airflow/example_dags/example_dag_decorator.py
[2024-01-14T00:34:20.179+0200] {processor.py:840} INFO - DAG(s) 'example_dag_decorator' retrieved from /Library/Frameworks/Python.framework/Versions/3.10/lib/python3.10/site-packages/airflow/example_dags/example_dag_decorator.py
[2024-01-14T00:34:20.507+0200] {logging_mixin.py:188} INFO - [2024-01-14T00:34:20.507+0200] {dag.py:3033} INFO - Sync 1 DAGs
[2024-01-14T00:34:20.515+0200] {logging_mixin.py:188} INFO - [2024-01-14T00:34:20.515+0200] {dag.py:3820} INFO - Setting next_dagrun for example_dag_decorator to None, run_after=None
[2024-01-14T00:34:20.537+0200] {processor.py:183} INFO - Processing /Library/Frameworks/Python.framework/Versions/3.10/lib/python3.10/site-packages/airflow/example_dags/example_dag_decorator.py took 0.874 seconds
[2024-01-14T00:37:36.247+0200] {processor.py:161} INFO - Started process (PID=46319) to work on /Library/Frameworks/Python.framework/Versions/3.10/lib/python3.10/site-packages/airflow/example_dags/example_dag_decorator.py
[2024-01-14T00:37:36.253+0200] {processor.py:830} INFO - Processing file /Library/Frameworks/Python.framework/Versions/3.10/lib/python3.10/site-packages/airflow/example_dags/example_dag_decorator.py for tasks to queue
[2024-01-14T00:37:36.254+0200] {logging_mixin.py:188} INFO - [2024-01-14T00:37:36.254+0200] {dagbag.py:538} INFO - Filling up the DagBag from /Library/Frameworks/Python.framework/Versions/3.10/lib/python3.10/site-packages/airflow/example_dags/example_dag_decorator.py
[2024-01-14T00:37:36.757+0200] {processor.py:840} INFO - DAG(s) 'example_dag_decorator' retrieved from /Library/Frameworks/Python.framework/Versions/3.10/lib/python3.10/site-packages/airflow/example_dags/example_dag_decorator.py
[2024-01-14T00:37:37.006+0200] {logging_mixin.py:188} INFO - [2024-01-14T00:37:37.005+0200] {dag.py:3033} INFO - Sync 1 DAGs
[2024-01-14T00:37:37.014+0200] {logging_mixin.py:188} INFO - [2024-01-14T00:37:37.014+0200] {dag.py:3820} INFO - Setting next_dagrun for example_dag_decorator to None, run_after=None
[2024-01-14T00:37:37.034+0200] {processor.py:183} INFO - Processing /Library/Frameworks/Python.framework/Versions/3.10/lib/python3.10/site-packages/airflow/example_dags/example_dag_decorator.py took 0.790 seconds
[2024-01-14T00:42:32.525+0200] {processor.py:161} INFO - Started process (PID=46699) to work on /Library/Frameworks/Python.framework/Versions/3.10/lib/python3.10/site-packages/airflow/example_dags/example_dag_decorator.py
[2024-01-14T00:42:32.531+0200] {processor.py:830} INFO - Processing file /Library/Frameworks/Python.framework/Versions/3.10/lib/python3.10/site-packages/airflow/example_dags/example_dag_decorator.py for tasks to queue
[2024-01-14T00:42:32.532+0200] {logging_mixin.py:188} INFO - [2024-01-14T00:42:32.532+0200] {dagbag.py:538} INFO - Filling up the DagBag from /Library/Frameworks/Python.framework/Versions/3.10/lib/python3.10/site-packages/airflow/example_dags/example_dag_decorator.py
[2024-01-14T00:42:32.825+0200] {processor.py:840} INFO - DAG(s) 'example_dag_decorator' retrieved from /Library/Frameworks/Python.framework/Versions/3.10/lib/python3.10/site-packages/airflow/example_dags/example_dag_decorator.py
[2024-01-14T00:42:33.081+0200] {logging_mixin.py:188} INFO - [2024-01-14T00:42:33.081+0200] {dag.py:3033} INFO - Sync 1 DAGs
[2024-01-14T00:42:33.089+0200] {logging_mixin.py:188} INFO - [2024-01-14T00:42:33.088+0200] {dag.py:3820} INFO - Setting next_dagrun for example_dag_decorator to None, run_after=None
[2024-01-14T00:42:33.109+0200] {processor.py:183} INFO - Processing /Library/Frameworks/Python.framework/Versions/3.10/lib/python3.10/site-packages/airflow/example_dags/example_dag_decorator.py took 0.586 seconds
[2024-01-14T00:47:45.128+0200] {processor.py:161} INFO - Started process (PID=47039) to work on /Library/Frameworks/Python.framework/Versions/3.10/lib/python3.10/site-packages/airflow/example_dags/example_dag_decorator.py
[2024-01-14T00:47:45.136+0200] {processor.py:830} INFO - Processing file /Library/Frameworks/Python.framework/Versions/3.10/lib/python3.10/site-packages/airflow/example_dags/example_dag_decorator.py for tasks to queue
[2024-01-14T00:47:45.137+0200] {logging_mixin.py:188} INFO - [2024-01-14T00:47:45.136+0200] {dagbag.py:538} INFO - Filling up the DagBag from /Library/Frameworks/Python.framework/Versions/3.10/lib/python3.10/site-packages/airflow/example_dags/example_dag_decorator.py
[2024-01-14T00:47:45.457+0200] {processor.py:840} INFO - DAG(s) 'example_dag_decorator' retrieved from /Library/Frameworks/Python.framework/Versions/3.10/lib/python3.10/site-packages/airflow/example_dags/example_dag_decorator.py
[2024-01-14T00:47:45.714+0200] {logging_mixin.py:188} INFO - [2024-01-14T00:47:45.714+0200] {dag.py:3033} INFO - Sync 1 DAGs
[2024-01-14T00:47:45.727+0200] {logging_mixin.py:188} INFO - [2024-01-14T00:47:45.727+0200] {dag.py:3820} INFO - Setting next_dagrun for example_dag_decorator to None, run_after=None
[2024-01-14T00:47:45.764+0200] {processor.py:183} INFO - Processing /Library/Frameworks/Python.framework/Versions/3.10/lib/python3.10/site-packages/airflow/example_dags/example_dag_decorator.py took 0.637 seconds
