[2024-01-13T08:18:22.072+0200] {processor.py:161} INFO - Started process (PID=21502) to work on /Library/Frameworks/Python.framework/Versions/3.10/lib/python3.10/site-packages/airflow/example_dags/plugins/event_listener.py
[2024-01-13T08:18:22.075+0200] {processor.py:830} INFO - Processing file /Library/Frameworks/Python.framework/Versions/3.10/lib/python3.10/site-packages/airflow/example_dags/plugins/event_listener.py for tasks to queue
[2024-01-13T08:18:22.076+0200] {logging_mixin.py:188} INFO - [2024-01-13T08:18:22.076+0200] {dagbag.py:538} INFO - Filling up the DagBag from /Library/Frameworks/Python.framework/Versions/3.10/lib/python3.10/site-packages/airflow/example_dags/plugins/event_listener.py
[2024-01-13T08:18:22.077+0200] {processor.py:842} WARNING - No viable dags retrieved from /Library/Frameworks/Python.framework/Versions/3.10/lib/python3.10/site-packages/airflow/example_dags/plugins/event_listener.py
[2024-01-13T08:18:22.201+0200] {processor.py:183} INFO - Processing /Library/Frameworks/Python.framework/Versions/3.10/lib/python3.10/site-packages/airflow/example_dags/plugins/event_listener.py took 0.131 seconds
[2024-01-13T10:08:04.770+0200] {processor.py:161} INFO - Started process (PID=21841) to work on /Library/Frameworks/Python.framework/Versions/3.10/lib/python3.10/site-packages/airflow/example_dags/plugins/event_listener.py
[2024-01-13T10:08:04.775+0200] {processor.py:830} INFO - Processing file /Library/Frameworks/Python.framework/Versions/3.10/lib/python3.10/site-packages/airflow/example_dags/plugins/event_listener.py for tasks to queue
[2024-01-13T10:08:04.775+0200] {logging_mixin.py:188} INFO - [2024-01-13T10:08:04.775+0200] {dagbag.py:538} INFO - Filling up the DagBag from /Library/Frameworks/Python.framework/Versions/3.10/lib/python3.10/site-packages/airflow/example_dags/plugins/event_listener.py
[2024-01-13T10:08:04.777+0200] {processor.py:842} WARNING - No viable dags retrieved from /Library/Frameworks/Python.framework/Versions/3.10/lib/python3.10/site-packages/airflow/example_dags/plugins/event_listener.py
[2024-01-13T10:08:04.907+0200] {processor.py:183} INFO - Processing /Library/Frameworks/Python.framework/Versions/3.10/lib/python3.10/site-packages/airflow/example_dags/plugins/event_listener.py took 0.138 seconds
[2024-01-13T10:10:00.726+0200] {processor.py:161} INFO - Started process (PID=21988) to work on /Library/Frameworks/Python.framework/Versions/3.10/lib/python3.10/site-packages/airflow/example_dags/plugins/event_listener.py
[2024-01-13T10:10:00.732+0200] {processor.py:830} INFO - Processing file /Library/Frameworks/Python.framework/Versions/3.10/lib/python3.10/site-packages/airflow/example_dags/plugins/event_listener.py for tasks to queue
[2024-01-13T10:10:00.733+0200] {logging_mixin.py:188} INFO - [2024-01-13T10:10:00.733+0200] {dagbag.py:538} INFO - Filling up the DagBag from /Library/Frameworks/Python.framework/Versions/3.10/lib/python3.10/site-packages/airflow/example_dags/plugins/event_listener.py
[2024-01-13T10:10:00.734+0200] {processor.py:842} WARNING - No viable dags retrieved from /Library/Frameworks/Python.framework/Versions/3.10/lib/python3.10/site-packages/airflow/example_dags/plugins/event_listener.py
[2024-01-13T10:10:00.858+0200] {processor.py:183} INFO - Processing /Library/Frameworks/Python.framework/Versions/3.10/lib/python3.10/site-packages/airflow/example_dags/plugins/event_listener.py took 0.134 seconds
[2024-01-13T10:12:11.585+0200] {processor.py:161} INFO - Started process (PID=22147) to work on /Library/Frameworks/Python.framework/Versions/3.10/lib/python3.10/site-packages/airflow/example_dags/plugins/event_listener.py
[2024-01-13T10:12:11.588+0200] {processor.py:830} INFO - Processing file /Library/Frameworks/Python.framework/Versions/3.10/lib/python3.10/site-packages/airflow/example_dags/plugins/event_listener.py for tasks to queue
[2024-01-13T10:12:11.589+0200] {logging_mixin.py:188} INFO - [2024-01-13T10:12:11.589+0200] {dagbag.py:538} INFO - Filling up the DagBag from /Library/Frameworks/Python.framework/Versions/3.10/lib/python3.10/site-packages/airflow/example_dags/plugins/event_listener.py
[2024-01-13T10:12:11.590+0200] {processor.py:842} WARNING - No viable dags retrieved from /Library/Frameworks/Python.framework/Versions/3.10/lib/python3.10/site-packages/airflow/example_dags/plugins/event_listener.py
[2024-01-13T10:12:11.727+0200] {processor.py:183} INFO - Processing /Library/Frameworks/Python.framework/Versions/3.10/lib/python3.10/site-packages/airflow/example_dags/plugins/event_listener.py took 0.144 seconds
[2024-01-13T10:14:15.605+0200] {processor.py:161} INFO - Started process (PID=22257) to work on /Library/Frameworks/Python.framework/Versions/3.10/lib/python3.10/site-packages/airflow/example_dags/plugins/event_listener.py
[2024-01-13T10:14:15.609+0200] {processor.py:830} INFO - Processing file /Library/Frameworks/Python.framework/Versions/3.10/lib/python3.10/site-packages/airflow/example_dags/plugins/event_listener.py for tasks to queue
[2024-01-13T10:14:15.610+0200] {logging_mixin.py:188} INFO - [2024-01-13T10:14:15.610+0200] {dagbag.py:538} INFO - Filling up the DagBag from /Library/Frameworks/Python.framework/Versions/3.10/lib/python3.10/site-packages/airflow/example_dags/plugins/event_listener.py
[2024-01-13T10:14:15.611+0200] {processor.py:842} WARNING - No viable dags retrieved from /Library/Frameworks/Python.framework/Versions/3.10/lib/python3.10/site-packages/airflow/example_dags/plugins/event_listener.py
[2024-01-13T10:14:15.733+0200] {processor.py:183} INFO - Processing /Library/Frameworks/Python.framework/Versions/3.10/lib/python3.10/site-packages/airflow/example_dags/plugins/event_listener.py took 0.130 seconds
[2024-01-13T10:16:28.417+0200] {processor.py:161} INFO - Started process (PID=23311) to work on /Library/Frameworks/Python.framework/Versions/3.10/lib/python3.10/site-packages/airflow/example_dags/plugins/event_listener.py
[2024-01-13T10:16:28.422+0200] {processor.py:830} INFO - Processing file /Library/Frameworks/Python.framework/Versions/3.10/lib/python3.10/site-packages/airflow/example_dags/plugins/event_listener.py for tasks to queue
[2024-01-13T10:16:28.423+0200] {logging_mixin.py:188} INFO - [2024-01-13T10:16:28.423+0200] {dagbag.py:538} INFO - Filling up the DagBag from /Library/Frameworks/Python.framework/Versions/3.10/lib/python3.10/site-packages/airflow/example_dags/plugins/event_listener.py
[2024-01-13T10:16:28.427+0200] {processor.py:842} WARNING - No viable dags retrieved from /Library/Frameworks/Python.framework/Versions/3.10/lib/python3.10/site-packages/airflow/example_dags/plugins/event_listener.py
[2024-01-13T10:16:28.559+0200] {processor.py:183} INFO - Processing /Library/Frameworks/Python.framework/Versions/3.10/lib/python3.10/site-packages/airflow/example_dags/plugins/event_listener.py took 0.144 seconds
[2024-01-13T10:18:28.887+0200] {processor.py:161} INFO - Started process (PID=23387) to work on /Library/Frameworks/Python.framework/Versions/3.10/lib/python3.10/site-packages/airflow/example_dags/plugins/event_listener.py
[2024-01-13T10:18:28.892+0200] {processor.py:830} INFO - Processing file /Library/Frameworks/Python.framework/Versions/3.10/lib/python3.10/site-packages/airflow/example_dags/plugins/event_listener.py for tasks to queue
[2024-01-13T10:18:28.892+0200] {logging_mixin.py:188} INFO - [2024-01-13T10:18:28.892+0200] {dagbag.py:538} INFO - Filling up the DagBag from /Library/Frameworks/Python.framework/Versions/3.10/lib/python3.10/site-packages/airflow/example_dags/plugins/event_listener.py
[2024-01-13T10:18:28.894+0200] {processor.py:842} WARNING - No viable dags retrieved from /Library/Frameworks/Python.framework/Versions/3.10/lib/python3.10/site-packages/airflow/example_dags/plugins/event_listener.py
[2024-01-13T10:18:29.034+0200] {processor.py:183} INFO - Processing /Library/Frameworks/Python.framework/Versions/3.10/lib/python3.10/site-packages/airflow/example_dags/plugins/event_listener.py took 0.148 seconds
[2024-01-13T10:20:25.701+0200] {processor.py:161} INFO - Started process (PID=23476) to work on /Library/Frameworks/Python.framework/Versions/3.10/lib/python3.10/site-packages/airflow/example_dags/plugins/event_listener.py
[2024-01-13T10:20:25.706+0200] {processor.py:830} INFO - Processing file /Library/Frameworks/Python.framework/Versions/3.10/lib/python3.10/site-packages/airflow/example_dags/plugins/event_listener.py for tasks to queue
[2024-01-13T10:20:25.706+0200] {logging_mixin.py:188} INFO - [2024-01-13T10:20:25.706+0200] {dagbag.py:538} INFO - Filling up the DagBag from /Library/Frameworks/Python.framework/Versions/3.10/lib/python3.10/site-packages/airflow/example_dags/plugins/event_listener.py
[2024-01-13T10:20:25.707+0200] {processor.py:842} WARNING - No viable dags retrieved from /Library/Frameworks/Python.framework/Versions/3.10/lib/python3.10/site-packages/airflow/example_dags/plugins/event_listener.py
[2024-01-13T10:20:25.834+0200] {processor.py:183} INFO - Processing /Library/Frameworks/Python.framework/Versions/3.10/lib/python3.10/site-packages/airflow/example_dags/plugins/event_listener.py took 0.135 seconds
[2024-01-13T10:22:22.172+0200] {processor.py:161} INFO - Started process (PID=23557) to work on /Library/Frameworks/Python.framework/Versions/3.10/lib/python3.10/site-packages/airflow/example_dags/plugins/event_listener.py
[2024-01-13T10:22:22.177+0200] {processor.py:830} INFO - Processing file /Library/Frameworks/Python.framework/Versions/3.10/lib/python3.10/site-packages/airflow/example_dags/plugins/event_listener.py for tasks to queue
[2024-01-13T10:22:22.178+0200] {logging_mixin.py:188} INFO - [2024-01-13T10:22:22.177+0200] {dagbag.py:538} INFO - Filling up the DagBag from /Library/Frameworks/Python.framework/Versions/3.10/lib/python3.10/site-packages/airflow/example_dags/plugins/event_listener.py
[2024-01-13T10:22:22.179+0200] {processor.py:842} WARNING - No viable dags retrieved from /Library/Frameworks/Python.framework/Versions/3.10/lib/python3.10/site-packages/airflow/example_dags/plugins/event_listener.py
[2024-01-13T10:22:22.307+0200] {processor.py:183} INFO - Processing /Library/Frameworks/Python.framework/Versions/3.10/lib/python3.10/site-packages/airflow/example_dags/plugins/event_listener.py took 0.136 seconds
[2024-01-13T10:24:17.268+0200] {processor.py:161} INFO - Started process (PID=23636) to work on /Library/Frameworks/Python.framework/Versions/3.10/lib/python3.10/site-packages/airflow/example_dags/plugins/event_listener.py
[2024-01-13T10:24:17.272+0200] {processor.py:830} INFO - Processing file /Library/Frameworks/Python.framework/Versions/3.10/lib/python3.10/site-packages/airflow/example_dags/plugins/event_listener.py for tasks to queue
[2024-01-13T10:24:17.273+0200] {logging_mixin.py:188} INFO - [2024-01-13T10:24:17.272+0200] {dagbag.py:538} INFO - Filling up the DagBag from /Library/Frameworks/Python.framework/Versions/3.10/lib/python3.10/site-packages/airflow/example_dags/plugins/event_listener.py
[2024-01-13T10:24:17.274+0200] {processor.py:842} WARNING - No viable dags retrieved from /Library/Frameworks/Python.framework/Versions/3.10/lib/python3.10/site-packages/airflow/example_dags/plugins/event_listener.py
[2024-01-13T10:24:17.405+0200] {processor.py:183} INFO - Processing /Library/Frameworks/Python.framework/Versions/3.10/lib/python3.10/site-packages/airflow/example_dags/plugins/event_listener.py took 0.139 seconds
[2024-01-13T10:26:16.673+0200] {processor.py:161} INFO - Started process (PID=23810) to work on /Library/Frameworks/Python.framework/Versions/3.10/lib/python3.10/site-packages/airflow/example_dags/plugins/event_listener.py
[2024-01-13T10:26:16.678+0200] {processor.py:830} INFO - Processing file /Library/Frameworks/Python.framework/Versions/3.10/lib/python3.10/site-packages/airflow/example_dags/plugins/event_listener.py for tasks to queue
[2024-01-13T10:26:16.678+0200] {logging_mixin.py:188} INFO - [2024-01-13T10:26:16.678+0200] {dagbag.py:538} INFO - Filling up the DagBag from /Library/Frameworks/Python.framework/Versions/3.10/lib/python3.10/site-packages/airflow/example_dags/plugins/event_listener.py
[2024-01-13T10:26:16.680+0200] {processor.py:842} WARNING - No viable dags retrieved from /Library/Frameworks/Python.framework/Versions/3.10/lib/python3.10/site-packages/airflow/example_dags/plugins/event_listener.py
[2024-01-13T10:26:16.807+0200] {processor.py:183} INFO - Processing /Library/Frameworks/Python.framework/Versions/3.10/lib/python3.10/site-packages/airflow/example_dags/plugins/event_listener.py took 0.135 seconds
[2024-01-13T10:28:11.993+0200] {processor.py:161} INFO - Started process (PID=23895) to work on /Library/Frameworks/Python.framework/Versions/3.10/lib/python3.10/site-packages/airflow/example_dags/plugins/event_listener.py
[2024-01-13T10:28:11.997+0200] {processor.py:830} INFO - Processing file /Library/Frameworks/Python.framework/Versions/3.10/lib/python3.10/site-packages/airflow/example_dags/plugins/event_listener.py for tasks to queue
[2024-01-13T10:28:11.998+0200] {logging_mixin.py:188} INFO - [2024-01-13T10:28:11.998+0200] {dagbag.py:538} INFO - Filling up the DagBag from /Library/Frameworks/Python.framework/Versions/3.10/lib/python3.10/site-packages/airflow/example_dags/plugins/event_listener.py
[2024-01-13T10:28:11.999+0200] {processor.py:842} WARNING - No viable dags retrieved from /Library/Frameworks/Python.framework/Versions/3.10/lib/python3.10/site-packages/airflow/example_dags/plugins/event_listener.py
[2024-01-13T10:28:12.131+0200] {processor.py:183} INFO - Processing /Library/Frameworks/Python.framework/Versions/3.10/lib/python3.10/site-packages/airflow/example_dags/plugins/event_listener.py took 0.139 seconds
[2024-01-13T10:30:10.446+0200] {processor.py:161} INFO - Started process (PID=23965) to work on /Library/Frameworks/Python.framework/Versions/3.10/lib/python3.10/site-packages/airflow/example_dags/plugins/event_listener.py
[2024-01-13T10:30:10.451+0200] {processor.py:830} INFO - Processing file /Library/Frameworks/Python.framework/Versions/3.10/lib/python3.10/site-packages/airflow/example_dags/plugins/event_listener.py for tasks to queue
[2024-01-13T10:30:10.451+0200] {logging_mixin.py:188} INFO - [2024-01-13T10:30:10.451+0200] {dagbag.py:538} INFO - Filling up the DagBag from /Library/Frameworks/Python.framework/Versions/3.10/lib/python3.10/site-packages/airflow/example_dags/plugins/event_listener.py
[2024-01-13T10:30:10.453+0200] {processor.py:842} WARNING - No viable dags retrieved from /Library/Frameworks/Python.framework/Versions/3.10/lib/python3.10/site-packages/airflow/example_dags/plugins/event_listener.py
[2024-01-13T10:30:10.576+0200] {processor.py:183} INFO - Processing /Library/Frameworks/Python.framework/Versions/3.10/lib/python3.10/site-packages/airflow/example_dags/plugins/event_listener.py took 0.131 seconds
[2024-01-13T10:32:07.516+0200] {processor.py:161} INFO - Started process (PID=24143) to work on /Library/Frameworks/Python.framework/Versions/3.10/lib/python3.10/site-packages/airflow/example_dags/plugins/event_listener.py
[2024-01-13T10:32:07.521+0200] {processor.py:830} INFO - Processing file /Library/Frameworks/Python.framework/Versions/3.10/lib/python3.10/site-packages/airflow/example_dags/plugins/event_listener.py for tasks to queue
[2024-01-13T10:32:07.521+0200] {logging_mixin.py:188} INFO - [2024-01-13T10:32:07.521+0200] {dagbag.py:538} INFO - Filling up the DagBag from /Library/Frameworks/Python.framework/Versions/3.10/lib/python3.10/site-packages/airflow/example_dags/plugins/event_listener.py
[2024-01-13T10:32:07.523+0200] {processor.py:842} WARNING - No viable dags retrieved from /Library/Frameworks/Python.framework/Versions/3.10/lib/python3.10/site-packages/airflow/example_dags/plugins/event_listener.py
[2024-01-13T10:32:07.649+0200] {processor.py:183} INFO - Processing /Library/Frameworks/Python.framework/Versions/3.10/lib/python3.10/site-packages/airflow/example_dags/plugins/event_listener.py took 0.135 seconds
[2024-01-13T10:34:02.287+0200] {processor.py:161} INFO - Started process (PID=24253) to work on /Library/Frameworks/Python.framework/Versions/3.10/lib/python3.10/site-packages/airflow/example_dags/plugins/event_listener.py
[2024-01-13T10:34:02.291+0200] {processor.py:830} INFO - Processing file /Library/Frameworks/Python.framework/Versions/3.10/lib/python3.10/site-packages/airflow/example_dags/plugins/event_listener.py for tasks to queue
[2024-01-13T10:34:02.292+0200] {logging_mixin.py:188} INFO - [2024-01-13T10:34:02.292+0200] {dagbag.py:538} INFO - Filling up the DagBag from /Library/Frameworks/Python.framework/Versions/3.10/lib/python3.10/site-packages/airflow/example_dags/plugins/event_listener.py
[2024-01-13T10:34:02.293+0200] {processor.py:842} WARNING - No viable dags retrieved from /Library/Frameworks/Python.framework/Versions/3.10/lib/python3.10/site-packages/airflow/example_dags/plugins/event_listener.py
[2024-01-13T10:34:02.421+0200] {processor.py:183} INFO - Processing /Library/Frameworks/Python.framework/Versions/3.10/lib/python3.10/site-packages/airflow/example_dags/plugins/event_listener.py took 0.136 seconds
[2024-01-13T10:35:57.950+0200] {processor.py:161} INFO - Started process (PID=24333) to work on /Library/Frameworks/Python.framework/Versions/3.10/lib/python3.10/site-packages/airflow/example_dags/plugins/event_listener.py
[2024-01-13T10:35:57.954+0200] {processor.py:830} INFO - Processing file /Library/Frameworks/Python.framework/Versions/3.10/lib/python3.10/site-packages/airflow/example_dags/plugins/event_listener.py for tasks to queue
[2024-01-13T10:35:57.955+0200] {logging_mixin.py:188} INFO - [2024-01-13T10:35:57.955+0200] {dagbag.py:538} INFO - Filling up the DagBag from /Library/Frameworks/Python.framework/Versions/3.10/lib/python3.10/site-packages/airflow/example_dags/plugins/event_listener.py
[2024-01-13T10:35:57.956+0200] {processor.py:842} WARNING - No viable dags retrieved from /Library/Frameworks/Python.framework/Versions/3.10/lib/python3.10/site-packages/airflow/example_dags/plugins/event_listener.py
[2024-01-13T10:35:58.083+0200] {processor.py:183} INFO - Processing /Library/Frameworks/Python.framework/Versions/3.10/lib/python3.10/site-packages/airflow/example_dags/plugins/event_listener.py took 0.135 seconds
[2024-01-13T10:37:55.605+0200] {processor.py:161} INFO - Started process (PID=24514) to work on /Library/Frameworks/Python.framework/Versions/3.10/lib/python3.10/site-packages/airflow/example_dags/plugins/event_listener.py
[2024-01-13T10:37:55.610+0200] {processor.py:830} INFO - Processing file /Library/Frameworks/Python.framework/Versions/3.10/lib/python3.10/site-packages/airflow/example_dags/plugins/event_listener.py for tasks to queue
[2024-01-13T10:37:55.610+0200] {logging_mixin.py:188} INFO - [2024-01-13T10:37:55.610+0200] {dagbag.py:538} INFO - Filling up the DagBag from /Library/Frameworks/Python.framework/Versions/3.10/lib/python3.10/site-packages/airflow/example_dags/plugins/event_listener.py
[2024-01-13T10:37:55.611+0200] {processor.py:842} WARNING - No viable dags retrieved from /Library/Frameworks/Python.framework/Versions/3.10/lib/python3.10/site-packages/airflow/example_dags/plugins/event_listener.py
[2024-01-13T10:37:55.739+0200] {processor.py:183} INFO - Processing /Library/Frameworks/Python.framework/Versions/3.10/lib/python3.10/site-packages/airflow/example_dags/plugins/event_listener.py took 0.135 seconds
[2024-01-13T10:39:54.602+0200] {processor.py:161} INFO - Started process (PID=24606) to work on /Library/Frameworks/Python.framework/Versions/3.10/lib/python3.10/site-packages/airflow/example_dags/plugins/event_listener.py
[2024-01-13T10:39:54.608+0200] {processor.py:830} INFO - Processing file /Library/Frameworks/Python.framework/Versions/3.10/lib/python3.10/site-packages/airflow/example_dags/plugins/event_listener.py for tasks to queue
[2024-01-13T10:39:54.608+0200] {logging_mixin.py:188} INFO - [2024-01-13T10:39:54.608+0200] {dagbag.py:538} INFO - Filling up the DagBag from /Library/Frameworks/Python.framework/Versions/3.10/lib/python3.10/site-packages/airflow/example_dags/plugins/event_listener.py
[2024-01-13T10:39:54.609+0200] {processor.py:842} WARNING - No viable dags retrieved from /Library/Frameworks/Python.framework/Versions/3.10/lib/python3.10/site-packages/airflow/example_dags/plugins/event_listener.py
[2024-01-13T10:39:54.748+0200] {processor.py:183} INFO - Processing /Library/Frameworks/Python.framework/Versions/3.10/lib/python3.10/site-packages/airflow/example_dags/plugins/event_listener.py took 0.147 seconds
[2024-01-13T10:41:50.804+0200] {processor.py:161} INFO - Started process (PID=24687) to work on /Library/Frameworks/Python.framework/Versions/3.10/lib/python3.10/site-packages/airflow/example_dags/plugins/event_listener.py
[2024-01-13T10:41:50.809+0200] {processor.py:830} INFO - Processing file /Library/Frameworks/Python.framework/Versions/3.10/lib/python3.10/site-packages/airflow/example_dags/plugins/event_listener.py for tasks to queue
[2024-01-13T10:41:50.810+0200] {logging_mixin.py:188} INFO - [2024-01-13T10:41:50.810+0200] {dagbag.py:538} INFO - Filling up the DagBag from /Library/Frameworks/Python.framework/Versions/3.10/lib/python3.10/site-packages/airflow/example_dags/plugins/event_listener.py
[2024-01-13T10:41:50.811+0200] {processor.py:842} WARNING - No viable dags retrieved from /Library/Frameworks/Python.framework/Versions/3.10/lib/python3.10/site-packages/airflow/example_dags/plugins/event_listener.py
[2024-01-13T10:41:50.947+0200] {processor.py:183} INFO - Processing /Library/Frameworks/Python.framework/Versions/3.10/lib/python3.10/site-packages/airflow/example_dags/plugins/event_listener.py took 0.144 seconds
[2024-01-13T10:43:49.293+0200] {processor.py:161} INFO - Started process (PID=24778) to work on /Library/Frameworks/Python.framework/Versions/3.10/lib/python3.10/site-packages/airflow/example_dags/plugins/event_listener.py
[2024-01-13T10:43:49.298+0200] {processor.py:830} INFO - Processing file /Library/Frameworks/Python.framework/Versions/3.10/lib/python3.10/site-packages/airflow/example_dags/plugins/event_listener.py for tasks to queue
[2024-01-13T10:43:49.299+0200] {logging_mixin.py:188} INFO - [2024-01-13T10:43:49.299+0200] {dagbag.py:538} INFO - Filling up the DagBag from /Library/Frameworks/Python.framework/Versions/3.10/lib/python3.10/site-packages/airflow/example_dags/plugins/event_listener.py
[2024-01-13T10:43:49.300+0200] {processor.py:842} WARNING - No viable dags retrieved from /Library/Frameworks/Python.framework/Versions/3.10/lib/python3.10/site-packages/airflow/example_dags/plugins/event_listener.py
[2024-01-13T10:43:49.436+0200] {processor.py:183} INFO - Processing /Library/Frameworks/Python.framework/Versions/3.10/lib/python3.10/site-packages/airflow/example_dags/plugins/event_listener.py took 0.144 seconds
[2024-01-13T10:45:48.109+0200] {processor.py:161} INFO - Started process (PID=24958) to work on /Library/Frameworks/Python.framework/Versions/3.10/lib/python3.10/site-packages/airflow/example_dags/plugins/event_listener.py
[2024-01-13T10:45:48.113+0200] {processor.py:830} INFO - Processing file /Library/Frameworks/Python.framework/Versions/3.10/lib/python3.10/site-packages/airflow/example_dags/plugins/event_listener.py for tasks to queue
[2024-01-13T10:45:48.114+0200] {logging_mixin.py:188} INFO - [2024-01-13T10:45:48.114+0200] {dagbag.py:538} INFO - Filling up the DagBag from /Library/Frameworks/Python.framework/Versions/3.10/lib/python3.10/site-packages/airflow/example_dags/plugins/event_listener.py
[2024-01-13T10:45:48.115+0200] {processor.py:842} WARNING - No viable dags retrieved from /Library/Frameworks/Python.framework/Versions/3.10/lib/python3.10/site-packages/airflow/example_dags/plugins/event_listener.py
[2024-01-13T10:45:48.246+0200] {processor.py:183} INFO - Processing /Library/Frameworks/Python.framework/Versions/3.10/lib/python3.10/site-packages/airflow/example_dags/plugins/event_listener.py took 0.138 seconds
[2024-01-13T10:47:39.024+0200] {processor.py:161} INFO - Started process (PID=25032) to work on /Library/Frameworks/Python.framework/Versions/3.10/lib/python3.10/site-packages/airflow/example_dags/plugins/event_listener.py
[2024-01-13T10:47:39.029+0200] {processor.py:830} INFO - Processing file /Library/Frameworks/Python.framework/Versions/3.10/lib/python3.10/site-packages/airflow/example_dags/plugins/event_listener.py for tasks to queue
[2024-01-13T10:47:39.030+0200] {logging_mixin.py:188} INFO - [2024-01-13T10:47:39.030+0200] {dagbag.py:538} INFO - Filling up the DagBag from /Library/Frameworks/Python.framework/Versions/3.10/lib/python3.10/site-packages/airflow/example_dags/plugins/event_listener.py
[2024-01-13T10:47:39.031+0200] {processor.py:842} WARNING - No viable dags retrieved from /Library/Frameworks/Python.framework/Versions/3.10/lib/python3.10/site-packages/airflow/example_dags/plugins/event_listener.py
[2024-01-13T10:47:39.157+0200] {processor.py:183} INFO - Processing /Library/Frameworks/Python.framework/Versions/3.10/lib/python3.10/site-packages/airflow/example_dags/plugins/event_listener.py took 0.134 seconds
[2024-01-13T10:49:29.728+0200] {processor.py:161} INFO - Started process (PID=25092) to work on /Library/Frameworks/Python.framework/Versions/3.10/lib/python3.10/site-packages/airflow/example_dags/plugins/event_listener.py
[2024-01-13T10:49:29.732+0200] {processor.py:830} INFO - Processing file /Library/Frameworks/Python.framework/Versions/3.10/lib/python3.10/site-packages/airflow/example_dags/plugins/event_listener.py for tasks to queue
[2024-01-13T10:49:29.732+0200] {logging_mixin.py:188} INFO - [2024-01-13T10:49:29.732+0200] {dagbag.py:538} INFO - Filling up the DagBag from /Library/Frameworks/Python.framework/Versions/3.10/lib/python3.10/site-packages/airflow/example_dags/plugins/event_listener.py
[2024-01-13T10:49:29.734+0200] {processor.py:842} WARNING - No viable dags retrieved from /Library/Frameworks/Python.framework/Versions/3.10/lib/python3.10/site-packages/airflow/example_dags/plugins/event_listener.py
[2024-01-13T10:49:29.856+0200] {processor.py:183} INFO - Processing /Library/Frameworks/Python.framework/Versions/3.10/lib/python3.10/site-packages/airflow/example_dags/plugins/event_listener.py took 0.129 seconds
[2024-01-13T10:51:18.037+0200] {processor.py:161} INFO - Started process (PID=25263) to work on /Library/Frameworks/Python.framework/Versions/3.10/lib/python3.10/site-packages/airflow/example_dags/plugins/event_listener.py
[2024-01-13T10:51:18.041+0200] {processor.py:830} INFO - Processing file /Library/Frameworks/Python.framework/Versions/3.10/lib/python3.10/site-packages/airflow/example_dags/plugins/event_listener.py for tasks to queue
[2024-01-13T10:51:18.041+0200] {logging_mixin.py:188} INFO - [2024-01-13T10:51:18.041+0200] {dagbag.py:538} INFO - Filling up the DagBag from /Library/Frameworks/Python.framework/Versions/3.10/lib/python3.10/site-packages/airflow/example_dags/plugins/event_listener.py
[2024-01-13T10:51:18.043+0200] {processor.py:842} WARNING - No viable dags retrieved from /Library/Frameworks/Python.framework/Versions/3.10/lib/python3.10/site-packages/airflow/example_dags/plugins/event_listener.py
[2024-01-13T10:51:18.164+0200] {processor.py:183} INFO - Processing /Library/Frameworks/Python.framework/Versions/3.10/lib/python3.10/site-packages/airflow/example_dags/plugins/event_listener.py took 0.129 seconds
[2024-01-13T10:53:09.081+0200] {processor.py:161} INFO - Started process (PID=25353) to work on /Library/Frameworks/Python.framework/Versions/3.10/lib/python3.10/site-packages/airflow/example_dags/plugins/event_listener.py
[2024-01-13T10:53:09.087+0200] {processor.py:830} INFO - Processing file /Library/Frameworks/Python.framework/Versions/3.10/lib/python3.10/site-packages/airflow/example_dags/plugins/event_listener.py for tasks to queue
[2024-01-13T10:53:09.088+0200] {logging_mixin.py:188} INFO - [2024-01-13T10:53:09.088+0200] {dagbag.py:538} INFO - Filling up the DagBag from /Library/Frameworks/Python.framework/Versions/3.10/lib/python3.10/site-packages/airflow/example_dags/plugins/event_listener.py
[2024-01-13T10:53:09.089+0200] {processor.py:842} WARNING - No viable dags retrieved from /Library/Frameworks/Python.framework/Versions/3.10/lib/python3.10/site-packages/airflow/example_dags/plugins/event_listener.py
[2024-01-13T10:53:09.212+0200] {processor.py:183} INFO - Processing /Library/Frameworks/Python.framework/Versions/3.10/lib/python3.10/site-packages/airflow/example_dags/plugins/event_listener.py took 0.133 seconds
[2024-01-13T10:55:03.065+0200] {processor.py:161} INFO - Started process (PID=25442) to work on /Library/Frameworks/Python.framework/Versions/3.10/lib/python3.10/site-packages/airflow/example_dags/plugins/event_listener.py
[2024-01-13T10:55:03.069+0200] {processor.py:830} INFO - Processing file /Library/Frameworks/Python.framework/Versions/3.10/lib/python3.10/site-packages/airflow/example_dags/plugins/event_listener.py for tasks to queue
[2024-01-13T10:55:03.070+0200] {logging_mixin.py:188} INFO - [2024-01-13T10:55:03.070+0200] {dagbag.py:538} INFO - Filling up the DagBag from /Library/Frameworks/Python.framework/Versions/3.10/lib/python3.10/site-packages/airflow/example_dags/plugins/event_listener.py
[2024-01-13T10:55:03.071+0200] {processor.py:842} WARNING - No viable dags retrieved from /Library/Frameworks/Python.framework/Versions/3.10/lib/python3.10/site-packages/airflow/example_dags/plugins/event_listener.py
[2024-01-13T10:55:03.196+0200] {processor.py:183} INFO - Processing /Library/Frameworks/Python.framework/Versions/3.10/lib/python3.10/site-packages/airflow/example_dags/plugins/event_listener.py took 0.133 seconds
[2024-01-13T10:57:12.793+0200] {processor.py:161} INFO - Started process (PID=25636) to work on /Library/Frameworks/Python.framework/Versions/3.10/lib/python3.10/site-packages/airflow/example_dags/plugins/event_listener.py
[2024-01-13T10:57:12.798+0200] {processor.py:830} INFO - Processing file /Library/Frameworks/Python.framework/Versions/3.10/lib/python3.10/site-packages/airflow/example_dags/plugins/event_listener.py for tasks to queue
[2024-01-13T10:57:12.799+0200] {logging_mixin.py:188} INFO - [2024-01-13T10:57:12.799+0200] {dagbag.py:538} INFO - Filling up the DagBag from /Library/Frameworks/Python.framework/Versions/3.10/lib/python3.10/site-packages/airflow/example_dags/plugins/event_listener.py
[2024-01-13T10:57:12.800+0200] {processor.py:842} WARNING - No viable dags retrieved from /Library/Frameworks/Python.framework/Versions/3.10/lib/python3.10/site-packages/airflow/example_dags/plugins/event_listener.py
[2024-01-13T10:57:12.925+0200] {processor.py:183} INFO - Processing /Library/Frameworks/Python.framework/Versions/3.10/lib/python3.10/site-packages/airflow/example_dags/plugins/event_listener.py took 0.133 seconds
[2024-01-13T10:59:05.471+0200] {processor.py:161} INFO - Started process (PID=25715) to work on /Library/Frameworks/Python.framework/Versions/3.10/lib/python3.10/site-packages/airflow/example_dags/plugins/event_listener.py
[2024-01-13T10:59:05.475+0200] {processor.py:830} INFO - Processing file /Library/Frameworks/Python.framework/Versions/3.10/lib/python3.10/site-packages/airflow/example_dags/plugins/event_listener.py for tasks to queue
[2024-01-13T10:59:05.475+0200] {logging_mixin.py:188} INFO - [2024-01-13T10:59:05.475+0200] {dagbag.py:538} INFO - Filling up the DagBag from /Library/Frameworks/Python.framework/Versions/3.10/lib/python3.10/site-packages/airflow/example_dags/plugins/event_listener.py
[2024-01-13T10:59:05.476+0200] {processor.py:842} WARNING - No viable dags retrieved from /Library/Frameworks/Python.framework/Versions/3.10/lib/python3.10/site-packages/airflow/example_dags/plugins/event_listener.py
[2024-01-13T10:59:05.609+0200] {processor.py:183} INFO - Processing /Library/Frameworks/Python.framework/Versions/3.10/lib/python3.10/site-packages/airflow/example_dags/plugins/event_listener.py took 0.140 seconds
[2024-01-13T11:01:02.830+0200] {processor.py:161} INFO - Started process (PID=25794) to work on /Library/Frameworks/Python.framework/Versions/3.10/lib/python3.10/site-packages/airflow/example_dags/plugins/event_listener.py
[2024-01-13T11:01:02.833+0200] {processor.py:830} INFO - Processing file /Library/Frameworks/Python.framework/Versions/3.10/lib/python3.10/site-packages/airflow/example_dags/plugins/event_listener.py for tasks to queue
[2024-01-13T11:01:02.834+0200] {logging_mixin.py:188} INFO - [2024-01-13T11:01:02.834+0200] {dagbag.py:538} INFO - Filling up the DagBag from /Library/Frameworks/Python.framework/Versions/3.10/lib/python3.10/site-packages/airflow/example_dags/plugins/event_listener.py
[2024-01-13T11:01:02.835+0200] {processor.py:842} WARNING - No viable dags retrieved from /Library/Frameworks/Python.framework/Versions/3.10/lib/python3.10/site-packages/airflow/example_dags/plugins/event_listener.py
[2024-01-13T11:01:02.969+0200] {processor.py:183} INFO - Processing /Library/Frameworks/Python.framework/Versions/3.10/lib/python3.10/site-packages/airflow/example_dags/plugins/event_listener.py took 0.141 seconds
[2024-01-13T11:02:57.946+0200] {processor.py:161} INFO - Started process (PID=25874) to work on /Library/Frameworks/Python.framework/Versions/3.10/lib/python3.10/site-packages/airflow/example_dags/plugins/event_listener.py
[2024-01-13T11:02:57.950+0200] {processor.py:830} INFO - Processing file /Library/Frameworks/Python.framework/Versions/3.10/lib/python3.10/site-packages/airflow/example_dags/plugins/event_listener.py for tasks to queue
[2024-01-13T11:02:57.951+0200] {logging_mixin.py:188} INFO - [2024-01-13T11:02:57.951+0200] {dagbag.py:538} INFO - Filling up the DagBag from /Library/Frameworks/Python.framework/Versions/3.10/lib/python3.10/site-packages/airflow/example_dags/plugins/event_listener.py
[2024-01-13T11:02:57.953+0200] {processor.py:842} WARNING - No viable dags retrieved from /Library/Frameworks/Python.framework/Versions/3.10/lib/python3.10/site-packages/airflow/example_dags/plugins/event_listener.py
[2024-01-13T11:02:58.077+0200] {processor.py:183} INFO - Processing /Library/Frameworks/Python.framework/Versions/3.10/lib/python3.10/site-packages/airflow/example_dags/plugins/event_listener.py took 0.132 seconds
[2024-01-13T11:04:47.734+0200] {processor.py:161} INFO - Started process (PID=26029) to work on /Library/Frameworks/Python.framework/Versions/3.10/lib/python3.10/site-packages/airflow/example_dags/plugins/event_listener.py
[2024-01-13T11:04:47.738+0200] {processor.py:830} INFO - Processing file /Library/Frameworks/Python.framework/Versions/3.10/lib/python3.10/site-packages/airflow/example_dags/plugins/event_listener.py for tasks to queue
[2024-01-13T11:04:47.738+0200] {logging_mixin.py:188} INFO - [2024-01-13T11:04:47.738+0200] {dagbag.py:538} INFO - Filling up the DagBag from /Library/Frameworks/Python.framework/Versions/3.10/lib/python3.10/site-packages/airflow/example_dags/plugins/event_listener.py
[2024-01-13T11:04:47.740+0200] {processor.py:842} WARNING - No viable dags retrieved from /Library/Frameworks/Python.framework/Versions/3.10/lib/python3.10/site-packages/airflow/example_dags/plugins/event_listener.py
[2024-01-13T11:04:47.868+0200] {processor.py:183} INFO - Processing /Library/Frameworks/Python.framework/Versions/3.10/lib/python3.10/site-packages/airflow/example_dags/plugins/event_listener.py took 0.135 seconds
[2024-01-13T11:06:44.837+0200] {processor.py:161} INFO - Started process (PID=26118) to work on /Library/Frameworks/Python.framework/Versions/3.10/lib/python3.10/site-packages/airflow/example_dags/plugins/event_listener.py
[2024-01-13T11:06:44.842+0200] {processor.py:830} INFO - Processing file /Library/Frameworks/Python.framework/Versions/3.10/lib/python3.10/site-packages/airflow/example_dags/plugins/event_listener.py for tasks to queue
[2024-01-13T11:06:44.842+0200] {logging_mixin.py:188} INFO - [2024-01-13T11:06:44.842+0200] {dagbag.py:538} INFO - Filling up the DagBag from /Library/Frameworks/Python.framework/Versions/3.10/lib/python3.10/site-packages/airflow/example_dags/plugins/event_listener.py
[2024-01-13T11:06:44.844+0200] {processor.py:842} WARNING - No viable dags retrieved from /Library/Frameworks/Python.framework/Versions/3.10/lib/python3.10/site-packages/airflow/example_dags/plugins/event_listener.py
[2024-01-13T11:06:44.967+0200] {processor.py:183} INFO - Processing /Library/Frameworks/Python.framework/Versions/3.10/lib/python3.10/site-packages/airflow/example_dags/plugins/event_listener.py took 0.132 seconds
[2024-01-13T11:08:48.902+0200] {processor.py:161} INFO - Started process (PID=26213) to work on /Library/Frameworks/Python.framework/Versions/3.10/lib/python3.10/site-packages/airflow/example_dags/plugins/event_listener.py
[2024-01-13T11:08:48.907+0200] {processor.py:830} INFO - Processing file /Library/Frameworks/Python.framework/Versions/3.10/lib/python3.10/site-packages/airflow/example_dags/plugins/event_listener.py for tasks to queue
[2024-01-13T11:08:48.907+0200] {logging_mixin.py:188} INFO - [2024-01-13T11:08:48.907+0200] {dagbag.py:538} INFO - Filling up the DagBag from /Library/Frameworks/Python.framework/Versions/3.10/lib/python3.10/site-packages/airflow/example_dags/plugins/event_listener.py
[2024-01-13T11:08:48.909+0200] {processor.py:842} WARNING - No viable dags retrieved from /Library/Frameworks/Python.framework/Versions/3.10/lib/python3.10/site-packages/airflow/example_dags/plugins/event_listener.py
[2024-01-13T11:08:49.037+0200] {processor.py:183} INFO - Processing /Library/Frameworks/Python.framework/Versions/3.10/lib/python3.10/site-packages/airflow/example_dags/plugins/event_listener.py took 0.137 seconds
[2024-01-13T11:10:46.825+0200] {processor.py:161} INFO - Started process (PID=26296) to work on /Library/Frameworks/Python.framework/Versions/3.10/lib/python3.10/site-packages/airflow/example_dags/plugins/event_listener.py
[2024-01-13T11:10:46.829+0200] {processor.py:830} INFO - Processing file /Library/Frameworks/Python.framework/Versions/3.10/lib/python3.10/site-packages/airflow/example_dags/plugins/event_listener.py for tasks to queue
[2024-01-13T11:10:46.829+0200] {logging_mixin.py:188} INFO - [2024-01-13T11:10:46.829+0200] {dagbag.py:538} INFO - Filling up the DagBag from /Library/Frameworks/Python.framework/Versions/3.10/lib/python3.10/site-packages/airflow/example_dags/plugins/event_listener.py
[2024-01-13T11:10:46.831+0200] {processor.py:842} WARNING - No viable dags retrieved from /Library/Frameworks/Python.framework/Versions/3.10/lib/python3.10/site-packages/airflow/example_dags/plugins/event_listener.py
[2024-01-13T11:10:46.954+0200] {processor.py:183} INFO - Processing /Library/Frameworks/Python.framework/Versions/3.10/lib/python3.10/site-packages/airflow/example_dags/plugins/event_listener.py took 0.130 seconds
[2024-01-13T11:12:40.814+0200] {processor.py:161} INFO - Started process (PID=26386) to work on /Library/Frameworks/Python.framework/Versions/3.10/lib/python3.10/site-packages/airflow/example_dags/plugins/event_listener.py
[2024-01-13T11:12:40.819+0200] {processor.py:830} INFO - Processing file /Library/Frameworks/Python.framework/Versions/3.10/lib/python3.10/site-packages/airflow/example_dags/plugins/event_listener.py for tasks to queue
[2024-01-13T11:12:40.820+0200] {logging_mixin.py:188} INFO - [2024-01-13T11:12:40.819+0200] {dagbag.py:538} INFO - Filling up the DagBag from /Library/Frameworks/Python.framework/Versions/3.10/lib/python3.10/site-packages/airflow/example_dags/plugins/event_listener.py
[2024-01-13T11:12:40.821+0200] {processor.py:842} WARNING - No viable dags retrieved from /Library/Frameworks/Python.framework/Versions/3.10/lib/python3.10/site-packages/airflow/example_dags/plugins/event_listener.py
[2024-01-13T11:12:40.942+0200] {processor.py:183} INFO - Processing /Library/Frameworks/Python.framework/Versions/3.10/lib/python3.10/site-packages/airflow/example_dags/plugins/event_listener.py took 0.129 seconds
[2024-01-13T11:14:38.382+0200] {processor.py:161} INFO - Started process (PID=26566) to work on /Library/Frameworks/Python.framework/Versions/3.10/lib/python3.10/site-packages/airflow/example_dags/plugins/event_listener.py
[2024-01-13T11:14:38.388+0200] {processor.py:830} INFO - Processing file /Library/Frameworks/Python.framework/Versions/3.10/lib/python3.10/site-packages/airflow/example_dags/plugins/event_listener.py for tasks to queue
[2024-01-13T11:14:38.389+0200] {logging_mixin.py:188} INFO - [2024-01-13T11:14:38.388+0200] {dagbag.py:538} INFO - Filling up the DagBag from /Library/Frameworks/Python.framework/Versions/3.10/lib/python3.10/site-packages/airflow/example_dags/plugins/event_listener.py
[2024-01-13T11:14:38.390+0200] {processor.py:842} WARNING - No viable dags retrieved from /Library/Frameworks/Python.framework/Versions/3.10/lib/python3.10/site-packages/airflow/example_dags/plugins/event_listener.py
[2024-01-13T11:14:38.520+0200] {processor.py:183} INFO - Processing /Library/Frameworks/Python.framework/Versions/3.10/lib/python3.10/site-packages/airflow/example_dags/plugins/event_listener.py took 0.139 seconds
[2024-01-13T11:16:34.452+0200] {processor.py:161} INFO - Started process (PID=26654) to work on /Library/Frameworks/Python.framework/Versions/3.10/lib/python3.10/site-packages/airflow/example_dags/plugins/event_listener.py
[2024-01-13T11:16:34.457+0200] {processor.py:830} INFO - Processing file /Library/Frameworks/Python.framework/Versions/3.10/lib/python3.10/site-packages/airflow/example_dags/plugins/event_listener.py for tasks to queue
[2024-01-13T11:16:34.457+0200] {logging_mixin.py:188} INFO - [2024-01-13T11:16:34.457+0200] {dagbag.py:538} INFO - Filling up the DagBag from /Library/Frameworks/Python.framework/Versions/3.10/lib/python3.10/site-packages/airflow/example_dags/plugins/event_listener.py
[2024-01-13T11:16:34.459+0200] {processor.py:842} WARNING - No viable dags retrieved from /Library/Frameworks/Python.framework/Versions/3.10/lib/python3.10/site-packages/airflow/example_dags/plugins/event_listener.py
[2024-01-13T11:16:34.582+0200] {processor.py:183} INFO - Processing /Library/Frameworks/Python.framework/Versions/3.10/lib/python3.10/site-packages/airflow/example_dags/plugins/event_listener.py took 0.132 seconds
[2024-01-13T11:18:31.627+0200] {processor.py:161} INFO - Started process (PID=26734) to work on /Library/Frameworks/Python.framework/Versions/3.10/lib/python3.10/site-packages/airflow/example_dags/plugins/event_listener.py
[2024-01-13T11:18:31.632+0200] {processor.py:830} INFO - Processing file /Library/Frameworks/Python.framework/Versions/3.10/lib/python3.10/site-packages/airflow/example_dags/plugins/event_listener.py for tasks to queue
[2024-01-13T11:18:31.632+0200] {logging_mixin.py:188} INFO - [2024-01-13T11:18:31.632+0200] {dagbag.py:538} INFO - Filling up the DagBag from /Library/Frameworks/Python.framework/Versions/3.10/lib/python3.10/site-packages/airflow/example_dags/plugins/event_listener.py
[2024-01-13T11:18:31.634+0200] {processor.py:842} WARNING - No viable dags retrieved from /Library/Frameworks/Python.framework/Versions/3.10/lib/python3.10/site-packages/airflow/example_dags/plugins/event_listener.py
[2024-01-13T11:18:31.765+0200] {processor.py:183} INFO - Processing /Library/Frameworks/Python.framework/Versions/3.10/lib/python3.10/site-packages/airflow/example_dags/plugins/event_listener.py took 0.139 seconds
[2024-01-13T11:20:31.533+0200] {processor.py:161} INFO - Started process (PID=26959) to work on /Library/Frameworks/Python.framework/Versions/3.10/lib/python3.10/site-packages/airflow/example_dags/plugins/event_listener.py
[2024-01-13T11:20:31.538+0200] {processor.py:830} INFO - Processing file /Library/Frameworks/Python.framework/Versions/3.10/lib/python3.10/site-packages/airflow/example_dags/plugins/event_listener.py for tasks to queue
[2024-01-13T11:20:31.538+0200] {logging_mixin.py:188} INFO - [2024-01-13T11:20:31.538+0200] {dagbag.py:538} INFO - Filling up the DagBag from /Library/Frameworks/Python.framework/Versions/3.10/lib/python3.10/site-packages/airflow/example_dags/plugins/event_listener.py
[2024-01-13T11:20:31.540+0200] {processor.py:842} WARNING - No viable dags retrieved from /Library/Frameworks/Python.framework/Versions/3.10/lib/python3.10/site-packages/airflow/example_dags/plugins/event_listener.py
[2024-01-13T11:20:31.667+0200] {processor.py:183} INFO - Processing /Library/Frameworks/Python.framework/Versions/3.10/lib/python3.10/site-packages/airflow/example_dags/plugins/event_listener.py took 0.135 seconds
[2024-01-13T11:22:28.242+0200] {processor.py:161} INFO - Started process (PID=27051) to work on /Library/Frameworks/Python.framework/Versions/3.10/lib/python3.10/site-packages/airflow/example_dags/plugins/event_listener.py
[2024-01-13T11:22:28.246+0200] {processor.py:830} INFO - Processing file /Library/Frameworks/Python.framework/Versions/3.10/lib/python3.10/site-packages/airflow/example_dags/plugins/event_listener.py for tasks to queue
[2024-01-13T11:22:28.247+0200] {logging_mixin.py:188} INFO - [2024-01-13T11:22:28.247+0200] {dagbag.py:538} INFO - Filling up the DagBag from /Library/Frameworks/Python.framework/Versions/3.10/lib/python3.10/site-packages/airflow/example_dags/plugins/event_listener.py
[2024-01-13T11:22:28.248+0200] {processor.py:842} WARNING - No viable dags retrieved from /Library/Frameworks/Python.framework/Versions/3.10/lib/python3.10/site-packages/airflow/example_dags/plugins/event_listener.py
[2024-01-13T11:22:28.382+0200] {processor.py:183} INFO - Processing /Library/Frameworks/Python.framework/Versions/3.10/lib/python3.10/site-packages/airflow/example_dags/plugins/event_listener.py took 0.142 seconds
[2024-01-13T11:24:25.775+0200] {processor.py:161} INFO - Started process (PID=27133) to work on /Library/Frameworks/Python.framework/Versions/3.10/lib/python3.10/site-packages/airflow/example_dags/plugins/event_listener.py
[2024-01-13T11:24:25.780+0200] {processor.py:830} INFO - Processing file /Library/Frameworks/Python.framework/Versions/3.10/lib/python3.10/site-packages/airflow/example_dags/plugins/event_listener.py for tasks to queue
[2024-01-13T11:24:25.780+0200] {logging_mixin.py:188} INFO - [2024-01-13T11:24:25.780+0200] {dagbag.py:538} INFO - Filling up the DagBag from /Library/Frameworks/Python.framework/Versions/3.10/lib/python3.10/site-packages/airflow/example_dags/plugins/event_listener.py
[2024-01-13T11:24:25.782+0200] {processor.py:842} WARNING - No viable dags retrieved from /Library/Frameworks/Python.framework/Versions/3.10/lib/python3.10/site-packages/airflow/example_dags/plugins/event_listener.py
[2024-01-13T11:24:25.921+0200] {processor.py:183} INFO - Processing /Library/Frameworks/Python.framework/Versions/3.10/lib/python3.10/site-packages/airflow/example_dags/plugins/event_listener.py took 0.148 seconds
[2024-01-13T11:26:20.141+0200] {processor.py:161} INFO - Started process (PID=27302) to work on /Library/Frameworks/Python.framework/Versions/3.10/lib/python3.10/site-packages/airflow/example_dags/plugins/event_listener.py
[2024-01-13T11:26:20.145+0200] {processor.py:830} INFO - Processing file /Library/Frameworks/Python.framework/Versions/3.10/lib/python3.10/site-packages/airflow/example_dags/plugins/event_listener.py for tasks to queue
[2024-01-13T11:26:20.146+0200] {logging_mixin.py:188} INFO - [2024-01-13T11:26:20.145+0200] {dagbag.py:538} INFO - Filling up the DagBag from /Library/Frameworks/Python.framework/Versions/3.10/lib/python3.10/site-packages/airflow/example_dags/plugins/event_listener.py
[2024-01-13T11:26:20.147+0200] {processor.py:842} WARNING - No viable dags retrieved from /Library/Frameworks/Python.framework/Versions/3.10/lib/python3.10/site-packages/airflow/example_dags/plugins/event_listener.py
[2024-01-13T11:26:20.272+0200] {processor.py:183} INFO - Processing /Library/Frameworks/Python.framework/Versions/3.10/lib/python3.10/site-packages/airflow/example_dags/plugins/event_listener.py took 0.133 seconds
[2024-01-13T11:28:17.460+0200] {processor.py:161} INFO - Started process (PID=27375) to work on /Library/Frameworks/Python.framework/Versions/3.10/lib/python3.10/site-packages/airflow/example_dags/plugins/event_listener.py
[2024-01-13T11:28:17.465+0200] {processor.py:830} INFO - Processing file /Library/Frameworks/Python.framework/Versions/3.10/lib/python3.10/site-packages/airflow/example_dags/plugins/event_listener.py for tasks to queue
[2024-01-13T11:28:17.465+0200] {logging_mixin.py:188} INFO - [2024-01-13T11:28:17.465+0200] {dagbag.py:538} INFO - Filling up the DagBag from /Library/Frameworks/Python.framework/Versions/3.10/lib/python3.10/site-packages/airflow/example_dags/plugins/event_listener.py
[2024-01-13T11:28:17.467+0200] {processor.py:842} WARNING - No viable dags retrieved from /Library/Frameworks/Python.framework/Versions/3.10/lib/python3.10/site-packages/airflow/example_dags/plugins/event_listener.py
[2024-01-13T11:28:17.592+0200] {processor.py:183} INFO - Processing /Library/Frameworks/Python.framework/Versions/3.10/lib/python3.10/site-packages/airflow/example_dags/plugins/event_listener.py took 0.134 seconds
[2024-01-13T11:30:13.458+0200] {processor.py:161} INFO - Started process (PID=27462) to work on /Library/Frameworks/Python.framework/Versions/3.10/lib/python3.10/site-packages/airflow/example_dags/plugins/event_listener.py
[2024-01-13T11:30:13.462+0200] {processor.py:830} INFO - Processing file /Library/Frameworks/Python.framework/Versions/3.10/lib/python3.10/site-packages/airflow/example_dags/plugins/event_listener.py for tasks to queue
[2024-01-13T11:30:13.463+0200] {logging_mixin.py:188} INFO - [2024-01-13T11:30:13.463+0200] {dagbag.py:538} INFO - Filling up the DagBag from /Library/Frameworks/Python.framework/Versions/3.10/lib/python3.10/site-packages/airflow/example_dags/plugins/event_listener.py
[2024-01-13T11:30:13.465+0200] {processor.py:842} WARNING - No viable dags retrieved from /Library/Frameworks/Python.framework/Versions/3.10/lib/python3.10/site-packages/airflow/example_dags/plugins/event_listener.py
[2024-01-13T11:30:13.595+0200] {processor.py:183} INFO - Processing /Library/Frameworks/Python.framework/Versions/3.10/lib/python3.10/site-packages/airflow/example_dags/plugins/event_listener.py took 0.138 seconds
[2024-01-13T11:32:07.221+0200] {processor.py:161} INFO - Started process (PID=27539) to work on /Library/Frameworks/Python.framework/Versions/3.10/lib/python3.10/site-packages/airflow/example_dags/plugins/event_listener.py
[2024-01-13T11:32:07.225+0200] {processor.py:830} INFO - Processing file /Library/Frameworks/Python.framework/Versions/3.10/lib/python3.10/site-packages/airflow/example_dags/plugins/event_listener.py for tasks to queue
[2024-01-13T11:32:07.226+0200] {logging_mixin.py:188} INFO - [2024-01-13T11:32:07.226+0200] {dagbag.py:538} INFO - Filling up the DagBag from /Library/Frameworks/Python.framework/Versions/3.10/lib/python3.10/site-packages/airflow/example_dags/plugins/event_listener.py
[2024-01-13T11:32:07.227+0200] {processor.py:842} WARNING - No viable dags retrieved from /Library/Frameworks/Python.framework/Versions/3.10/lib/python3.10/site-packages/airflow/example_dags/plugins/event_listener.py
[2024-01-13T11:32:07.352+0200] {processor.py:183} INFO - Processing /Library/Frameworks/Python.framework/Versions/3.10/lib/python3.10/site-packages/airflow/example_dags/plugins/event_listener.py took 0.133 seconds
[2024-01-13T11:34:06.257+0200] {processor.py:161} INFO - Started process (PID=27712) to work on /Library/Frameworks/Python.framework/Versions/3.10/lib/python3.10/site-packages/airflow/example_dags/plugins/event_listener.py
[2024-01-13T11:34:06.262+0200] {processor.py:830} INFO - Processing file /Library/Frameworks/Python.framework/Versions/3.10/lib/python3.10/site-packages/airflow/example_dags/plugins/event_listener.py for tasks to queue
[2024-01-13T11:34:06.263+0200] {logging_mixin.py:188} INFO - [2024-01-13T11:34:06.263+0200] {dagbag.py:538} INFO - Filling up the DagBag from /Library/Frameworks/Python.framework/Versions/3.10/lib/python3.10/site-packages/airflow/example_dags/plugins/event_listener.py
[2024-01-13T11:34:06.264+0200] {processor.py:842} WARNING - No viable dags retrieved from /Library/Frameworks/Python.framework/Versions/3.10/lib/python3.10/site-packages/airflow/example_dags/plugins/event_listener.py
[2024-01-13T11:34:06.388+0200] {processor.py:183} INFO - Processing /Library/Frameworks/Python.framework/Versions/3.10/lib/python3.10/site-packages/airflow/example_dags/plugins/event_listener.py took 0.133 seconds
[2024-01-13T11:36:09.423+0200] {processor.py:161} INFO - Started process (PID=28472) to work on /Library/Frameworks/Python.framework/Versions/3.10/lib/python3.10/site-packages/airflow/example_dags/plugins/event_listener.py
[2024-01-13T11:36:09.428+0200] {processor.py:830} INFO - Processing file /Library/Frameworks/Python.framework/Versions/3.10/lib/python3.10/site-packages/airflow/example_dags/plugins/event_listener.py for tasks to queue
[2024-01-13T11:36:09.429+0200] {logging_mixin.py:188} INFO - [2024-01-13T11:36:09.429+0200] {dagbag.py:538} INFO - Filling up the DagBag from /Library/Frameworks/Python.framework/Versions/3.10/lib/python3.10/site-packages/airflow/example_dags/plugins/event_listener.py
[2024-01-13T11:36:09.430+0200] {processor.py:842} WARNING - No viable dags retrieved from /Library/Frameworks/Python.framework/Versions/3.10/lib/python3.10/site-packages/airflow/example_dags/plugins/event_listener.py
[2024-01-13T11:36:09.567+0200] {processor.py:183} INFO - Processing /Library/Frameworks/Python.framework/Versions/3.10/lib/python3.10/site-packages/airflow/example_dags/plugins/event_listener.py took 0.146 seconds
[2024-01-13T11:38:18.733+0200] {processor.py:161} INFO - Started process (PID=29262) to work on /Library/Frameworks/Python.framework/Versions/3.10/lib/python3.10/site-packages/airflow/example_dags/plugins/event_listener.py
[2024-01-13T11:38:18.738+0200] {processor.py:830} INFO - Processing file /Library/Frameworks/Python.framework/Versions/3.10/lib/python3.10/site-packages/airflow/example_dags/plugins/event_listener.py for tasks to queue
[2024-01-13T11:38:18.738+0200] {logging_mixin.py:188} INFO - [2024-01-13T11:38:18.738+0200] {dagbag.py:538} INFO - Filling up the DagBag from /Library/Frameworks/Python.framework/Versions/3.10/lib/python3.10/site-packages/airflow/example_dags/plugins/event_listener.py
[2024-01-13T11:38:18.740+0200] {processor.py:842} WARNING - No viable dags retrieved from /Library/Frameworks/Python.framework/Versions/3.10/lib/python3.10/site-packages/airflow/example_dags/plugins/event_listener.py
[2024-01-13T11:38:18.885+0200] {processor.py:183} INFO - Processing /Library/Frameworks/Python.framework/Versions/3.10/lib/python3.10/site-packages/airflow/example_dags/plugins/event_listener.py took 0.155 seconds
[2024-01-13T11:40:36.294+0200] {processor.py:161} INFO - Started process (PID=29468) to work on /Library/Frameworks/Python.framework/Versions/3.10/lib/python3.10/site-packages/airflow/example_dags/plugins/event_listener.py
[2024-01-13T11:40:36.299+0200] {processor.py:830} INFO - Processing file /Library/Frameworks/Python.framework/Versions/3.10/lib/python3.10/site-packages/airflow/example_dags/plugins/event_listener.py for tasks to queue
[2024-01-13T11:40:36.300+0200] {logging_mixin.py:188} INFO - [2024-01-13T11:40:36.300+0200] {dagbag.py:538} INFO - Filling up the DagBag from /Library/Frameworks/Python.framework/Versions/3.10/lib/python3.10/site-packages/airflow/example_dags/plugins/event_listener.py
[2024-01-13T11:40:36.301+0200] {processor.py:842} WARNING - No viable dags retrieved from /Library/Frameworks/Python.framework/Versions/3.10/lib/python3.10/site-packages/airflow/example_dags/plugins/event_listener.py
[2024-01-13T11:40:36.437+0200] {processor.py:183} INFO - Processing /Library/Frameworks/Python.framework/Versions/3.10/lib/python3.10/site-packages/airflow/example_dags/plugins/event_listener.py took 0.145 seconds
[2024-01-13T11:43:20.560+0200] {processor.py:161} INFO - Started process (PID=29693) to work on /Library/Frameworks/Python.framework/Versions/3.10/lib/python3.10/site-packages/airflow/example_dags/plugins/event_listener.py
[2024-01-13T11:43:20.566+0200] {processor.py:830} INFO - Processing file /Library/Frameworks/Python.framework/Versions/3.10/lib/python3.10/site-packages/airflow/example_dags/plugins/event_listener.py for tasks to queue
[2024-01-13T11:43:20.567+0200] {logging_mixin.py:188} INFO - [2024-01-13T11:43:20.567+0200] {dagbag.py:538} INFO - Filling up the DagBag from /Library/Frameworks/Python.framework/Versions/3.10/lib/python3.10/site-packages/airflow/example_dags/plugins/event_listener.py
[2024-01-13T11:43:20.568+0200] {processor.py:842} WARNING - No viable dags retrieved from /Library/Frameworks/Python.framework/Versions/3.10/lib/python3.10/site-packages/airflow/example_dags/plugins/event_listener.py
[2024-01-13T11:43:20.700+0200] {processor.py:183} INFO - Processing /Library/Frameworks/Python.framework/Versions/3.10/lib/python3.10/site-packages/airflow/example_dags/plugins/event_listener.py took 0.142 seconds
[2024-01-13T11:45:57.570+0200] {processor.py:161} INFO - Started process (PID=29900) to work on /Library/Frameworks/Python.framework/Versions/3.10/lib/python3.10/site-packages/airflow/example_dags/plugins/event_listener.py
[2024-01-13T11:45:57.576+0200] {processor.py:830} INFO - Processing file /Library/Frameworks/Python.framework/Versions/3.10/lib/python3.10/site-packages/airflow/example_dags/plugins/event_listener.py for tasks to queue
[2024-01-13T11:45:57.577+0200] {logging_mixin.py:188} INFO - [2024-01-13T11:45:57.576+0200] {dagbag.py:538} INFO - Filling up the DagBag from /Library/Frameworks/Python.framework/Versions/3.10/lib/python3.10/site-packages/airflow/example_dags/plugins/event_listener.py
[2024-01-13T11:45:57.578+0200] {processor.py:842} WARNING - No viable dags retrieved from /Library/Frameworks/Python.framework/Versions/3.10/lib/python3.10/site-packages/airflow/example_dags/plugins/event_listener.py
[2024-01-13T11:45:57.733+0200] {processor.py:183} INFO - Processing /Library/Frameworks/Python.framework/Versions/3.10/lib/python3.10/site-packages/airflow/example_dags/plugins/event_listener.py took 0.164 seconds
[2024-01-13T11:48:39.518+0200] {processor.py:161} INFO - Started process (PID=30122) to work on /Library/Frameworks/Python.framework/Versions/3.10/lib/python3.10/site-packages/airflow/example_dags/plugins/event_listener.py
[2024-01-13T11:48:39.524+0200] {processor.py:830} INFO - Processing file /Library/Frameworks/Python.framework/Versions/3.10/lib/python3.10/site-packages/airflow/example_dags/plugins/event_listener.py for tasks to queue
[2024-01-13T11:48:39.525+0200] {logging_mixin.py:188} INFO - [2024-01-13T11:48:39.525+0200] {dagbag.py:538} INFO - Filling up the DagBag from /Library/Frameworks/Python.framework/Versions/3.10/lib/python3.10/site-packages/airflow/example_dags/plugins/event_listener.py
[2024-01-13T11:48:39.526+0200] {processor.py:842} WARNING - No viable dags retrieved from /Library/Frameworks/Python.framework/Versions/3.10/lib/python3.10/site-packages/airflow/example_dags/plugins/event_listener.py
[2024-01-13T11:48:39.670+0200] {processor.py:183} INFO - Processing /Library/Frameworks/Python.framework/Versions/3.10/lib/python3.10/site-packages/airflow/example_dags/plugins/event_listener.py took 0.154 seconds
[2024-01-13T11:52:04.421+0200] {processor.py:161} INFO - Started process (PID=30527) to work on /Library/Frameworks/Python.framework/Versions/3.10/lib/python3.10/site-packages/airflow/example_dags/plugins/event_listener.py
[2024-01-13T11:52:04.428+0200] {processor.py:830} INFO - Processing file /Library/Frameworks/Python.framework/Versions/3.10/lib/python3.10/site-packages/airflow/example_dags/plugins/event_listener.py for tasks to queue
[2024-01-13T11:52:04.429+0200] {logging_mixin.py:188} INFO - [2024-01-13T11:52:04.429+0200] {dagbag.py:538} INFO - Filling up the DagBag from /Library/Frameworks/Python.framework/Versions/3.10/lib/python3.10/site-packages/airflow/example_dags/plugins/event_listener.py
[2024-01-13T11:52:04.431+0200] {processor.py:842} WARNING - No viable dags retrieved from /Library/Frameworks/Python.framework/Versions/3.10/lib/python3.10/site-packages/airflow/example_dags/plugins/event_listener.py
[2024-01-13T11:52:04.607+0200] {processor.py:183} INFO - Processing /Library/Frameworks/Python.framework/Versions/3.10/lib/python3.10/site-packages/airflow/example_dags/plugins/event_listener.py took 0.187 seconds
[2024-01-13T11:55:41.908+0200] {processor.py:161} INFO - Started process (PID=31887) to work on /Library/Frameworks/Python.framework/Versions/3.10/lib/python3.10/site-packages/airflow/example_dags/plugins/event_listener.py
[2024-01-13T11:55:41.915+0200] {processor.py:830} INFO - Processing file /Library/Frameworks/Python.framework/Versions/3.10/lib/python3.10/site-packages/airflow/example_dags/plugins/event_listener.py for tasks to queue
[2024-01-13T11:55:41.915+0200] {logging_mixin.py:188} INFO - [2024-01-13T11:55:41.915+0200] {dagbag.py:538} INFO - Filling up the DagBag from /Library/Frameworks/Python.framework/Versions/3.10/lib/python3.10/site-packages/airflow/example_dags/plugins/event_listener.py
[2024-01-13T11:55:41.917+0200] {processor.py:842} WARNING - No viable dags retrieved from /Library/Frameworks/Python.framework/Versions/3.10/lib/python3.10/site-packages/airflow/example_dags/plugins/event_listener.py
[2024-01-13T11:55:42.076+0200] {processor.py:183} INFO - Processing /Library/Frameworks/Python.framework/Versions/3.10/lib/python3.10/site-packages/airflow/example_dags/plugins/event_listener.py took 0.170 seconds
[2024-01-13T11:58:58.610+0200] {processor.py:161} INFO - Started process (PID=32022) to work on /Library/Frameworks/Python.framework/Versions/3.10/lib/python3.10/site-packages/airflow/example_dags/plugins/event_listener.py
[2024-01-13T11:58:58.616+0200] {processor.py:830} INFO - Processing file /Library/Frameworks/Python.framework/Versions/3.10/lib/python3.10/site-packages/airflow/example_dags/plugins/event_listener.py for tasks to queue
[2024-01-13T11:58:58.616+0200] {logging_mixin.py:188} INFO - [2024-01-13T11:58:58.616+0200] {dagbag.py:538} INFO - Filling up the DagBag from /Library/Frameworks/Python.framework/Versions/3.10/lib/python3.10/site-packages/airflow/example_dags/plugins/event_listener.py
[2024-01-13T11:58:58.618+0200] {processor.py:842} WARNING - No viable dags retrieved from /Library/Frameworks/Python.framework/Versions/3.10/lib/python3.10/site-packages/airflow/example_dags/plugins/event_listener.py
[2024-01-13T11:58:58.779+0200] {processor.py:183} INFO - Processing /Library/Frameworks/Python.framework/Versions/3.10/lib/python3.10/site-packages/airflow/example_dags/plugins/event_listener.py took 0.171 seconds
[2024-01-13T12:02:09.480+0200] {processor.py:161} INFO - Started process (PID=32158) to work on /Library/Frameworks/Python.framework/Versions/3.10/lib/python3.10/site-packages/airflow/example_dags/plugins/event_listener.py
[2024-01-13T12:02:09.488+0200] {processor.py:830} INFO - Processing file /Library/Frameworks/Python.framework/Versions/3.10/lib/python3.10/site-packages/airflow/example_dags/plugins/event_listener.py for tasks to queue
[2024-01-13T12:02:09.488+0200] {logging_mixin.py:188} INFO - [2024-01-13T12:02:09.488+0200] {dagbag.py:538} INFO - Filling up the DagBag from /Library/Frameworks/Python.framework/Versions/3.10/lib/python3.10/site-packages/airflow/example_dags/plugins/event_listener.py
[2024-01-13T12:02:09.491+0200] {processor.py:842} WARNING - No viable dags retrieved from /Library/Frameworks/Python.framework/Versions/3.10/lib/python3.10/site-packages/airflow/example_dags/plugins/event_listener.py
[2024-01-13T12:02:09.640+0200] {processor.py:183} INFO - Processing /Library/Frameworks/Python.framework/Versions/3.10/lib/python3.10/site-packages/airflow/example_dags/plugins/event_listener.py took 0.161 seconds
[2024-01-13T12:06:07.154+0200] {processor.py:161} INFO - Started process (PID=33923) to work on /Library/Frameworks/Python.framework/Versions/3.10/lib/python3.10/site-packages/airflow/example_dags/plugins/event_listener.py
[2024-01-13T12:06:07.164+0200] {processor.py:830} INFO - Processing file /Library/Frameworks/Python.framework/Versions/3.10/lib/python3.10/site-packages/airflow/example_dags/plugins/event_listener.py for tasks to queue
[2024-01-13T12:06:07.165+0200] {logging_mixin.py:188} INFO - [2024-01-13T12:06:07.165+0200] {dagbag.py:538} INFO - Filling up the DagBag from /Library/Frameworks/Python.framework/Versions/3.10/lib/python3.10/site-packages/airflow/example_dags/plugins/event_listener.py
[2024-01-13T12:06:07.172+0200] {processor.py:842} WARNING - No viable dags retrieved from /Library/Frameworks/Python.framework/Versions/3.10/lib/python3.10/site-packages/airflow/example_dags/plugins/event_listener.py
[2024-01-13T12:06:07.352+0200] {processor.py:183} INFO - Processing /Library/Frameworks/Python.framework/Versions/3.10/lib/python3.10/site-packages/airflow/example_dags/plugins/event_listener.py took 0.200 seconds
[2024-01-13T12:08:52.337+0200] {processor.py:161} INFO - Started process (PID=34030) to work on /Library/Frameworks/Python.framework/Versions/3.10/lib/python3.10/site-packages/airflow/example_dags/plugins/event_listener.py
[2024-01-13T12:08:52.343+0200] {processor.py:830} INFO - Processing file /Library/Frameworks/Python.framework/Versions/3.10/lib/python3.10/site-packages/airflow/example_dags/plugins/event_listener.py for tasks to queue
[2024-01-13T12:08:52.343+0200] {logging_mixin.py:188} INFO - [2024-01-13T12:08:52.343+0200] {dagbag.py:538} INFO - Filling up the DagBag from /Library/Frameworks/Python.framework/Versions/3.10/lib/python3.10/site-packages/airflow/example_dags/plugins/event_listener.py
[2024-01-13T12:08:52.345+0200] {processor.py:842} WARNING - No viable dags retrieved from /Library/Frameworks/Python.framework/Versions/3.10/lib/python3.10/site-packages/airflow/example_dags/plugins/event_listener.py
[2024-01-13T12:08:52.477+0200] {processor.py:183} INFO - Processing /Library/Frameworks/Python.framework/Versions/3.10/lib/python3.10/site-packages/airflow/example_dags/plugins/event_listener.py took 0.142 seconds
[2024-01-13T12:11:18.712+0200] {processor.py:161} INFO - Started process (PID=34132) to work on /Library/Frameworks/Python.framework/Versions/3.10/lib/python3.10/site-packages/airflow/example_dags/plugins/event_listener.py
[2024-01-13T12:11:18.719+0200] {processor.py:830} INFO - Processing file /Library/Frameworks/Python.framework/Versions/3.10/lib/python3.10/site-packages/airflow/example_dags/plugins/event_listener.py for tasks to queue
[2024-01-13T12:11:18.719+0200] {logging_mixin.py:188} INFO - [2024-01-13T12:11:18.719+0200] {dagbag.py:538} INFO - Filling up the DagBag from /Library/Frameworks/Python.framework/Versions/3.10/lib/python3.10/site-packages/airflow/example_dags/plugins/event_listener.py
[2024-01-13T12:11:18.721+0200] {processor.py:842} WARNING - No viable dags retrieved from /Library/Frameworks/Python.framework/Versions/3.10/lib/python3.10/site-packages/airflow/example_dags/plugins/event_listener.py
[2024-01-13T12:11:18.860+0200] {processor.py:183} INFO - Processing /Library/Frameworks/Python.framework/Versions/3.10/lib/python3.10/site-packages/airflow/example_dags/plugins/event_listener.py took 0.150 seconds
[2024-01-13T12:13:43.930+0200] {processor.py:161} INFO - Started process (PID=34330) to work on /Library/Frameworks/Python.framework/Versions/3.10/lib/python3.10/site-packages/airflow/example_dags/plugins/event_listener.py
[2024-01-13T12:13:43.936+0200] {processor.py:830} INFO - Processing file /Library/Frameworks/Python.framework/Versions/3.10/lib/python3.10/site-packages/airflow/example_dags/plugins/event_listener.py for tasks to queue
[2024-01-13T12:13:43.936+0200] {logging_mixin.py:188} INFO - [2024-01-13T12:13:43.936+0200] {dagbag.py:538} INFO - Filling up the DagBag from /Library/Frameworks/Python.framework/Versions/3.10/lib/python3.10/site-packages/airflow/example_dags/plugins/event_listener.py
[2024-01-13T12:13:43.938+0200] {processor.py:842} WARNING - No viable dags retrieved from /Library/Frameworks/Python.framework/Versions/3.10/lib/python3.10/site-packages/airflow/example_dags/plugins/event_listener.py
[2024-01-13T12:13:44.075+0200] {processor.py:183} INFO - Processing /Library/Frameworks/Python.framework/Versions/3.10/lib/python3.10/site-packages/airflow/example_dags/plugins/event_listener.py took 0.147 seconds
[2024-01-13T12:17:28.504+0200] {processor.py:161} INFO - Started process (PID=34496) to work on /Library/Frameworks/Python.framework/Versions/3.10/lib/python3.10/site-packages/airflow/example_dags/plugins/event_listener.py
[2024-01-13T12:17:28.511+0200] {processor.py:830} INFO - Processing file /Library/Frameworks/Python.framework/Versions/3.10/lib/python3.10/site-packages/airflow/example_dags/plugins/event_listener.py for tasks to queue
[2024-01-13T12:17:28.511+0200] {logging_mixin.py:188} INFO - [2024-01-13T12:17:28.511+0200] {dagbag.py:538} INFO - Filling up the DagBag from /Library/Frameworks/Python.framework/Versions/3.10/lib/python3.10/site-packages/airflow/example_dags/plugins/event_listener.py
[2024-01-13T12:17:28.513+0200] {processor.py:842} WARNING - No viable dags retrieved from /Library/Frameworks/Python.framework/Versions/3.10/lib/python3.10/site-packages/airflow/example_dags/plugins/event_listener.py
[2024-01-13T12:17:28.694+0200] {processor.py:183} INFO - Processing /Library/Frameworks/Python.framework/Versions/3.10/lib/python3.10/site-packages/airflow/example_dags/plugins/event_listener.py took 0.192 seconds
[2024-01-13T13:27:52.876+0200] {processor.py:161} INFO - Started process (PID=35430) to work on /Library/Frameworks/Python.framework/Versions/3.10/lib/python3.10/site-packages/airflow/example_dags/plugins/event_listener.py
[2024-01-13T13:27:52.881+0200] {processor.py:830} INFO - Processing file /Library/Frameworks/Python.framework/Versions/3.10/lib/python3.10/site-packages/airflow/example_dags/plugins/event_listener.py for tasks to queue
[2024-01-13T13:27:52.882+0200] {logging_mixin.py:188} INFO - [2024-01-13T13:27:52.882+0200] {dagbag.py:538} INFO - Filling up the DagBag from /Library/Frameworks/Python.framework/Versions/3.10/lib/python3.10/site-packages/airflow/example_dags/plugins/event_listener.py
[2024-01-13T13:27:52.885+0200] {processor.py:842} WARNING - No viable dags retrieved from /Library/Frameworks/Python.framework/Versions/3.10/lib/python3.10/site-packages/airflow/example_dags/plugins/event_listener.py
[2024-01-13T13:27:53.017+0200] {processor.py:183} INFO - Processing /Library/Frameworks/Python.framework/Versions/3.10/lib/python3.10/site-packages/airflow/example_dags/plugins/event_listener.py took 0.143 seconds
[2024-01-13T13:30:06.317+0200] {processor.py:161} INFO - Started process (PID=35532) to work on /Library/Frameworks/Python.framework/Versions/3.10/lib/python3.10/site-packages/airflow/example_dags/plugins/event_listener.py
[2024-01-13T13:30:06.321+0200] {processor.py:830} INFO - Processing file /Library/Frameworks/Python.framework/Versions/3.10/lib/python3.10/site-packages/airflow/example_dags/plugins/event_listener.py for tasks to queue
[2024-01-13T13:30:06.322+0200] {logging_mixin.py:188} INFO - [2024-01-13T13:30:06.322+0200] {dagbag.py:538} INFO - Filling up the DagBag from /Library/Frameworks/Python.framework/Versions/3.10/lib/python3.10/site-packages/airflow/example_dags/plugins/event_listener.py
[2024-01-13T13:30:06.323+0200] {processor.py:842} WARNING - No viable dags retrieved from /Library/Frameworks/Python.framework/Versions/3.10/lib/python3.10/site-packages/airflow/example_dags/plugins/event_listener.py
[2024-01-13T13:30:06.453+0200] {processor.py:183} INFO - Processing /Library/Frameworks/Python.framework/Versions/3.10/lib/python3.10/site-packages/airflow/example_dags/plugins/event_listener.py took 0.138 seconds
[2024-01-13T13:32:10.497+0200] {processor.py:161} INFO - Started process (PID=35617) to work on /Library/Frameworks/Python.framework/Versions/3.10/lib/python3.10/site-packages/airflow/example_dags/plugins/event_listener.py
[2024-01-13T13:32:10.503+0200] {processor.py:830} INFO - Processing file /Library/Frameworks/Python.framework/Versions/3.10/lib/python3.10/site-packages/airflow/example_dags/plugins/event_listener.py for tasks to queue
[2024-01-13T13:32:10.503+0200] {logging_mixin.py:188} INFO - [2024-01-13T13:32:10.503+0200] {dagbag.py:538} INFO - Filling up the DagBag from /Library/Frameworks/Python.framework/Versions/3.10/lib/python3.10/site-packages/airflow/example_dags/plugins/event_listener.py
[2024-01-13T13:32:10.505+0200] {processor.py:842} WARNING - No viable dags retrieved from /Library/Frameworks/Python.framework/Versions/3.10/lib/python3.10/site-packages/airflow/example_dags/plugins/event_listener.py
[2024-01-13T13:32:10.648+0200] {processor.py:183} INFO - Processing /Library/Frameworks/Python.framework/Versions/3.10/lib/python3.10/site-packages/airflow/example_dags/plugins/event_listener.py took 0.153 seconds
[2024-01-13T15:16:22.753+0200] {processor.py:161} INFO - Started process (PID=42591) to work on /Library/Frameworks/Python.framework/Versions/3.10/lib/python3.10/site-packages/airflow/example_dags/plugins/event_listener.py
[2024-01-13T15:16:22.758+0200] {processor.py:830} INFO - Processing file /Library/Frameworks/Python.framework/Versions/3.10/lib/python3.10/site-packages/airflow/example_dags/plugins/event_listener.py for tasks to queue
[2024-01-13T15:16:22.759+0200] {logging_mixin.py:188} INFO - [2024-01-13T15:16:22.759+0200] {dagbag.py:538} INFO - Filling up the DagBag from /Library/Frameworks/Python.framework/Versions/3.10/lib/python3.10/site-packages/airflow/example_dags/plugins/event_listener.py
[2024-01-13T15:16:22.760+0200] {processor.py:842} WARNING - No viable dags retrieved from /Library/Frameworks/Python.framework/Versions/3.10/lib/python3.10/site-packages/airflow/example_dags/plugins/event_listener.py
[2024-01-13T15:16:22.893+0200] {processor.py:183} INFO - Processing /Library/Frameworks/Python.framework/Versions/3.10/lib/python3.10/site-packages/airflow/example_dags/plugins/event_listener.py took 0.141 seconds
[2024-01-13T15:19:12.866+0200] {processor.py:161} INFO - Started process (PID=42802) to work on /Library/Frameworks/Python.framework/Versions/3.10/lib/python3.10/site-packages/airflow/example_dags/plugins/event_listener.py
[2024-01-13T15:19:12.871+0200] {processor.py:830} INFO - Processing file /Library/Frameworks/Python.framework/Versions/3.10/lib/python3.10/site-packages/airflow/example_dags/plugins/event_listener.py for tasks to queue
[2024-01-13T15:19:12.872+0200] {logging_mixin.py:188} INFO - [2024-01-13T15:19:12.872+0200] {dagbag.py:538} INFO - Filling up the DagBag from /Library/Frameworks/Python.framework/Versions/3.10/lib/python3.10/site-packages/airflow/example_dags/plugins/event_listener.py
[2024-01-13T15:19:12.873+0200] {processor.py:842} WARNING - No viable dags retrieved from /Library/Frameworks/Python.framework/Versions/3.10/lib/python3.10/site-packages/airflow/example_dags/plugins/event_listener.py
[2024-01-13T15:19:13.006+0200] {processor.py:183} INFO - Processing /Library/Frameworks/Python.framework/Versions/3.10/lib/python3.10/site-packages/airflow/example_dags/plugins/event_listener.py took 0.142 seconds
[2024-01-13T15:21:37.415+0200] {processor.py:161} INFO - Started process (PID=42916) to work on /Library/Frameworks/Python.framework/Versions/3.10/lib/python3.10/site-packages/airflow/example_dags/plugins/event_listener.py
[2024-01-13T15:21:37.421+0200] {processor.py:830} INFO - Processing file /Library/Frameworks/Python.framework/Versions/3.10/lib/python3.10/site-packages/airflow/example_dags/plugins/event_listener.py for tasks to queue
[2024-01-13T15:21:37.422+0200] {logging_mixin.py:188} INFO - [2024-01-13T15:21:37.422+0200] {dagbag.py:538} INFO - Filling up the DagBag from /Library/Frameworks/Python.framework/Versions/3.10/lib/python3.10/site-packages/airflow/example_dags/plugins/event_listener.py
[2024-01-13T15:21:37.423+0200] {processor.py:842} WARNING - No viable dags retrieved from /Library/Frameworks/Python.framework/Versions/3.10/lib/python3.10/site-packages/airflow/example_dags/plugins/event_listener.py
[2024-01-13T15:21:37.586+0200] {processor.py:183} INFO - Processing /Library/Frameworks/Python.framework/Versions/3.10/lib/python3.10/site-packages/airflow/example_dags/plugins/event_listener.py took 0.174 seconds
[2024-01-13T15:23:59.858+0200] {processor.py:161} INFO - Started process (PID=43030) to work on /Library/Frameworks/Python.framework/Versions/3.10/lib/python3.10/site-packages/airflow/example_dags/plugins/event_listener.py
[2024-01-13T15:23:59.863+0200] {processor.py:830} INFO - Processing file /Library/Frameworks/Python.framework/Versions/3.10/lib/python3.10/site-packages/airflow/example_dags/plugins/event_listener.py for tasks to queue
[2024-01-13T15:23:59.863+0200] {logging_mixin.py:188} INFO - [2024-01-13T15:23:59.863+0200] {dagbag.py:538} INFO - Filling up the DagBag from /Library/Frameworks/Python.framework/Versions/3.10/lib/python3.10/site-packages/airflow/example_dags/plugins/event_listener.py
[2024-01-13T15:23:59.865+0200] {processor.py:842} WARNING - No viable dags retrieved from /Library/Frameworks/Python.framework/Versions/3.10/lib/python3.10/site-packages/airflow/example_dags/plugins/event_listener.py
[2024-01-13T15:23:59.993+0200] {processor.py:183} INFO - Processing /Library/Frameworks/Python.framework/Versions/3.10/lib/python3.10/site-packages/airflow/example_dags/plugins/event_listener.py took 0.137 seconds
[2024-01-13T15:26:39.133+0200] {processor.py:161} INFO - Started process (PID=43277) to work on /Library/Frameworks/Python.framework/Versions/3.10/lib/python3.10/site-packages/airflow/example_dags/plugins/event_listener.py
[2024-01-13T15:26:39.138+0200] {processor.py:830} INFO - Processing file /Library/Frameworks/Python.framework/Versions/3.10/lib/python3.10/site-packages/airflow/example_dags/plugins/event_listener.py for tasks to queue
[2024-01-13T15:26:39.139+0200] {logging_mixin.py:188} INFO - [2024-01-13T15:26:39.139+0200] {dagbag.py:538} INFO - Filling up the DagBag from /Library/Frameworks/Python.framework/Versions/3.10/lib/python3.10/site-packages/airflow/example_dags/plugins/event_listener.py
[2024-01-13T15:26:39.140+0200] {processor.py:842} WARNING - No viable dags retrieved from /Library/Frameworks/Python.framework/Versions/3.10/lib/python3.10/site-packages/airflow/example_dags/plugins/event_listener.py
[2024-01-13T15:26:39.284+0200] {processor.py:183} INFO - Processing /Library/Frameworks/Python.framework/Versions/3.10/lib/python3.10/site-packages/airflow/example_dags/plugins/event_listener.py took 0.153 seconds
[2024-01-13T15:29:30.369+0200] {processor.py:161} INFO - Started process (PID=43432) to work on /Library/Frameworks/Python.framework/Versions/3.10/lib/python3.10/site-packages/airflow/example_dags/plugins/event_listener.py
[2024-01-13T15:29:30.374+0200] {processor.py:830} INFO - Processing file /Library/Frameworks/Python.framework/Versions/3.10/lib/python3.10/site-packages/airflow/example_dags/plugins/event_listener.py for tasks to queue
[2024-01-13T15:29:30.374+0200] {logging_mixin.py:188} INFO - [2024-01-13T15:29:30.374+0200] {dagbag.py:538} INFO - Filling up the DagBag from /Library/Frameworks/Python.framework/Versions/3.10/lib/python3.10/site-packages/airflow/example_dags/plugins/event_listener.py
[2024-01-13T15:29:30.376+0200] {processor.py:842} WARNING - No viable dags retrieved from /Library/Frameworks/Python.framework/Versions/3.10/lib/python3.10/site-packages/airflow/example_dags/plugins/event_listener.py
[2024-01-13T15:29:30.517+0200] {processor.py:183} INFO - Processing /Library/Frameworks/Python.framework/Versions/3.10/lib/python3.10/site-packages/airflow/example_dags/plugins/event_listener.py took 0.151 seconds
[2024-01-13T15:32:02.421+0200] {processor.py:161} INFO - Started process (PID=43553) to work on /Library/Frameworks/Python.framework/Versions/3.10/lib/python3.10/site-packages/airflow/example_dags/plugins/event_listener.py
[2024-01-13T15:32:02.426+0200] {processor.py:830} INFO - Processing file /Library/Frameworks/Python.framework/Versions/3.10/lib/python3.10/site-packages/airflow/example_dags/plugins/event_listener.py for tasks to queue
[2024-01-13T15:32:02.427+0200] {logging_mixin.py:188} INFO - [2024-01-13T15:32:02.427+0200] {dagbag.py:538} INFO - Filling up the DagBag from /Library/Frameworks/Python.framework/Versions/3.10/lib/python3.10/site-packages/airflow/example_dags/plugins/event_listener.py
[2024-01-13T15:32:02.428+0200] {processor.py:842} WARNING - No viable dags retrieved from /Library/Frameworks/Python.framework/Versions/3.10/lib/python3.10/site-packages/airflow/example_dags/plugins/event_listener.py
[2024-01-13T15:32:02.591+0200] {processor.py:183} INFO - Processing /Library/Frameworks/Python.framework/Versions/3.10/lib/python3.10/site-packages/airflow/example_dags/plugins/event_listener.py took 0.171 seconds
[2024-01-13T15:35:05.707+0200] {processor.py:161} INFO - Started process (PID=43811) to work on /Library/Frameworks/Python.framework/Versions/3.10/lib/python3.10/site-packages/airflow/example_dags/plugins/event_listener.py
[2024-01-13T15:35:05.714+0200] {processor.py:830} INFO - Processing file /Library/Frameworks/Python.framework/Versions/3.10/lib/python3.10/site-packages/airflow/example_dags/plugins/event_listener.py for tasks to queue
[2024-01-13T15:35:05.715+0200] {logging_mixin.py:188} INFO - [2024-01-13T15:35:05.714+0200] {dagbag.py:538} INFO - Filling up the DagBag from /Library/Frameworks/Python.framework/Versions/3.10/lib/python3.10/site-packages/airflow/example_dags/plugins/event_listener.py
[2024-01-13T15:35:05.716+0200] {processor.py:842} WARNING - No viable dags retrieved from /Library/Frameworks/Python.framework/Versions/3.10/lib/python3.10/site-packages/airflow/example_dags/plugins/event_listener.py
[2024-01-13T15:35:05.862+0200] {processor.py:183} INFO - Processing /Library/Frameworks/Python.framework/Versions/3.10/lib/python3.10/site-packages/airflow/example_dags/plugins/event_listener.py took 0.158 seconds
[2024-01-13T15:38:28.315+0200] {processor.py:161} INFO - Started process (PID=44035) to work on /Library/Frameworks/Python.framework/Versions/3.10/lib/python3.10/site-packages/airflow/example_dags/plugins/event_listener.py
[2024-01-13T15:38:28.320+0200] {processor.py:830} INFO - Processing file /Library/Frameworks/Python.framework/Versions/3.10/lib/python3.10/site-packages/airflow/example_dags/plugins/event_listener.py for tasks to queue
[2024-01-13T15:38:28.321+0200] {logging_mixin.py:188} INFO - [2024-01-13T15:38:28.321+0200] {dagbag.py:538} INFO - Filling up the DagBag from /Library/Frameworks/Python.framework/Versions/3.10/lib/python3.10/site-packages/airflow/example_dags/plugins/event_listener.py
[2024-01-13T15:38:28.322+0200] {processor.py:842} WARNING - No viable dags retrieved from /Library/Frameworks/Python.framework/Versions/3.10/lib/python3.10/site-packages/airflow/example_dags/plugins/event_listener.py
[2024-01-13T15:38:28.461+0200] {processor.py:183} INFO - Processing /Library/Frameworks/Python.framework/Versions/3.10/lib/python3.10/site-packages/airflow/example_dags/plugins/event_listener.py took 0.146 seconds
[2024-01-13T17:41:23.982+0200] {processor.py:161} INFO - Started process (PID=44455) to work on /Library/Frameworks/Python.framework/Versions/3.10/lib/python3.10/site-packages/airflow/example_dags/plugins/event_listener.py
[2024-01-13T17:41:23.987+0200] {processor.py:830} INFO - Processing file /Library/Frameworks/Python.framework/Versions/3.10/lib/python3.10/site-packages/airflow/example_dags/plugins/event_listener.py for tasks to queue
[2024-01-13T17:41:23.987+0200] {logging_mixin.py:188} INFO - [2024-01-13T17:41:23.987+0200] {dagbag.py:538} INFO - Filling up the DagBag from /Library/Frameworks/Python.framework/Versions/3.10/lib/python3.10/site-packages/airflow/example_dags/plugins/event_listener.py
[2024-01-13T17:41:23.988+0200] {processor.py:842} WARNING - No viable dags retrieved from /Library/Frameworks/Python.framework/Versions/3.10/lib/python3.10/site-packages/airflow/example_dags/plugins/event_listener.py
[2024-01-13T17:41:24.111+0200] {processor.py:183} INFO - Processing /Library/Frameworks/Python.framework/Versions/3.10/lib/python3.10/site-packages/airflow/example_dags/plugins/event_listener.py took 0.130 seconds
[2024-01-14T00:32:09.597+0200] {processor.py:161} INFO - Started process (PID=45640) to work on /Library/Frameworks/Python.framework/Versions/3.10/lib/python3.10/site-packages/airflow/example_dags/plugins/event_listener.py
[2024-01-14T00:32:09.603+0200] {processor.py:830} INFO - Processing file /Library/Frameworks/Python.framework/Versions/3.10/lib/python3.10/site-packages/airflow/example_dags/plugins/event_listener.py for tasks to queue
[2024-01-14T00:32:09.603+0200] {logging_mixin.py:188} INFO - [2024-01-14T00:32:09.603+0200] {dagbag.py:538} INFO - Filling up the DagBag from /Library/Frameworks/Python.framework/Versions/3.10/lib/python3.10/site-packages/airflow/example_dags/plugins/event_listener.py
[2024-01-14T00:32:09.604+0200] {processor.py:842} WARNING - No viable dags retrieved from /Library/Frameworks/Python.framework/Versions/3.10/lib/python3.10/site-packages/airflow/example_dags/plugins/event_listener.py
[2024-01-14T00:32:09.744+0200] {processor.py:183} INFO - Processing /Library/Frameworks/Python.framework/Versions/3.10/lib/python3.10/site-packages/airflow/example_dags/plugins/event_listener.py took 0.149 seconds
[2024-01-14T00:35:26.463+0200] {processor.py:161} INFO - Started process (PID=45849) to work on /Library/Frameworks/Python.framework/Versions/3.10/lib/python3.10/site-packages/airflow/example_dags/plugins/event_listener.py
[2024-01-14T00:35:26.467+0200] {processor.py:830} INFO - Processing file /Library/Frameworks/Python.framework/Versions/3.10/lib/python3.10/site-packages/airflow/example_dags/plugins/event_listener.py for tasks to queue
[2024-01-14T00:35:26.468+0200] {logging_mixin.py:188} INFO - [2024-01-14T00:35:26.468+0200] {dagbag.py:538} INFO - Filling up the DagBag from /Library/Frameworks/Python.framework/Versions/3.10/lib/python3.10/site-packages/airflow/example_dags/plugins/event_listener.py
[2024-01-14T00:35:26.469+0200] {processor.py:842} WARNING - No viable dags retrieved from /Library/Frameworks/Python.framework/Versions/3.10/lib/python3.10/site-packages/airflow/example_dags/plugins/event_listener.py
[2024-01-14T00:35:26.610+0200] {processor.py:183} INFO - Processing /Library/Frameworks/Python.framework/Versions/3.10/lib/python3.10/site-packages/airflow/example_dags/plugins/event_listener.py took 0.149 seconds
[2024-01-14T00:38:06.191+0200] {processor.py:161} INFO - Started process (PID=46436) to work on /Library/Frameworks/Python.framework/Versions/3.10/lib/python3.10/site-packages/airflow/example_dags/plugins/event_listener.py
[2024-01-14T00:38:06.196+0200] {processor.py:830} INFO - Processing file /Library/Frameworks/Python.framework/Versions/3.10/lib/python3.10/site-packages/airflow/example_dags/plugins/event_listener.py for tasks to queue
[2024-01-14T00:38:06.196+0200] {logging_mixin.py:188} INFO - [2024-01-14T00:38:06.196+0200] {dagbag.py:538} INFO - Filling up the DagBag from /Library/Frameworks/Python.framework/Versions/3.10/lib/python3.10/site-packages/airflow/example_dags/plugins/event_listener.py
[2024-01-14T00:38:06.197+0200] {processor.py:842} WARNING - No viable dags retrieved from /Library/Frameworks/Python.framework/Versions/3.10/lib/python3.10/site-packages/airflow/example_dags/plugins/event_listener.py
[2024-01-14T00:38:06.327+0200] {processor.py:183} INFO - Processing /Library/Frameworks/Python.framework/Versions/3.10/lib/python3.10/site-packages/airflow/example_dags/plugins/event_listener.py took 0.138 seconds
[2024-01-14T00:40:39.570+0200] {processor.py:161} INFO - Started process (PID=46566) to work on /Library/Frameworks/Python.framework/Versions/3.10/lib/python3.10/site-packages/airflow/example_dags/plugins/event_listener.py
[2024-01-14T00:40:39.580+0200] {processor.py:830} INFO - Processing file /Library/Frameworks/Python.framework/Versions/3.10/lib/python3.10/site-packages/airflow/example_dags/plugins/event_listener.py for tasks to queue
[2024-01-14T00:40:39.581+0200] {logging_mixin.py:188} INFO - [2024-01-14T00:40:39.581+0200] {dagbag.py:538} INFO - Filling up the DagBag from /Library/Frameworks/Python.framework/Versions/3.10/lib/python3.10/site-packages/airflow/example_dags/plugins/event_listener.py
[2024-01-14T00:40:39.585+0200] {processor.py:842} WARNING - No viable dags retrieved from /Library/Frameworks/Python.framework/Versions/3.10/lib/python3.10/site-packages/airflow/example_dags/plugins/event_listener.py
[2024-01-14T00:40:39.955+0200] {processor.py:183} INFO - Processing /Library/Frameworks/Python.framework/Versions/3.10/lib/python3.10/site-packages/airflow/example_dags/plugins/event_listener.py took 0.388 seconds
[2024-01-14T00:43:01.784+0200] {processor.py:161} INFO - Started process (PID=46715) to work on /Library/Frameworks/Python.framework/Versions/3.10/lib/python3.10/site-packages/airflow/example_dags/plugins/event_listener.py
[2024-01-14T00:43:01.789+0200] {processor.py:830} INFO - Processing file /Library/Frameworks/Python.framework/Versions/3.10/lib/python3.10/site-packages/airflow/example_dags/plugins/event_listener.py for tasks to queue
[2024-01-14T00:43:01.789+0200] {logging_mixin.py:188} INFO - [2024-01-14T00:43:01.789+0200] {dagbag.py:538} INFO - Filling up the DagBag from /Library/Frameworks/Python.framework/Versions/3.10/lib/python3.10/site-packages/airflow/example_dags/plugins/event_listener.py
[2024-01-14T00:43:01.791+0200] {processor.py:842} WARNING - No viable dags retrieved from /Library/Frameworks/Python.framework/Versions/3.10/lib/python3.10/site-packages/airflow/example_dags/plugins/event_listener.py
[2024-01-14T00:43:01.917+0200] {processor.py:183} INFO - Processing /Library/Frameworks/Python.framework/Versions/3.10/lib/python3.10/site-packages/airflow/example_dags/plugins/event_listener.py took 0.134 seconds
[2024-01-14T00:45:41.724+0200] {processor.py:161} INFO - Started process (PID=46957) to work on /Library/Frameworks/Python.framework/Versions/3.10/lib/python3.10/site-packages/airflow/example_dags/plugins/event_listener.py
[2024-01-14T00:45:41.729+0200] {processor.py:830} INFO - Processing file /Library/Frameworks/Python.framework/Versions/3.10/lib/python3.10/site-packages/airflow/example_dags/plugins/event_listener.py for tasks to queue
[2024-01-14T00:45:41.729+0200] {logging_mixin.py:188} INFO - [2024-01-14T00:45:41.729+0200] {dagbag.py:538} INFO - Filling up the DagBag from /Library/Frameworks/Python.framework/Versions/3.10/lib/python3.10/site-packages/airflow/example_dags/plugins/event_listener.py
[2024-01-14T00:45:41.731+0200] {processor.py:842} WARNING - No viable dags retrieved from /Library/Frameworks/Python.framework/Versions/3.10/lib/python3.10/site-packages/airflow/example_dags/plugins/event_listener.py
[2024-01-14T00:45:41.863+0200] {processor.py:183} INFO - Processing /Library/Frameworks/Python.framework/Versions/3.10/lib/python3.10/site-packages/airflow/example_dags/plugins/event_listener.py took 0.141 seconds
[2024-01-14T00:48:29.087+0200] {processor.py:161} INFO - Started process (PID=47090) to work on /Library/Frameworks/Python.framework/Versions/3.10/lib/python3.10/site-packages/airflow/example_dags/plugins/event_listener.py
[2024-01-14T00:48:29.091+0200] {processor.py:830} INFO - Processing file /Library/Frameworks/Python.framework/Versions/3.10/lib/python3.10/site-packages/airflow/example_dags/plugins/event_listener.py for tasks to queue
[2024-01-14T00:48:29.092+0200] {logging_mixin.py:188} INFO - [2024-01-14T00:48:29.092+0200] {dagbag.py:538} INFO - Filling up the DagBag from /Library/Frameworks/Python.framework/Versions/3.10/lib/python3.10/site-packages/airflow/example_dags/plugins/event_listener.py
[2024-01-14T00:48:29.093+0200] {processor.py:842} WARNING - No viable dags retrieved from /Library/Frameworks/Python.framework/Versions/3.10/lib/python3.10/site-packages/airflow/example_dags/plugins/event_listener.py
[2024-01-14T00:48:29.226+0200] {processor.py:183} INFO - Processing /Library/Frameworks/Python.framework/Versions/3.10/lib/python3.10/site-packages/airflow/example_dags/plugins/event_listener.py took 0.141 seconds
[2024-01-14T00:50:58.228+0200] {processor.py:161} INFO - Started process (PID=47304) to work on /Library/Frameworks/Python.framework/Versions/3.10/lib/python3.10/site-packages/airflow/example_dags/plugins/event_listener.py
[2024-01-14T00:50:58.232+0200] {processor.py:830} INFO - Processing file /Library/Frameworks/Python.framework/Versions/3.10/lib/python3.10/site-packages/airflow/example_dags/plugins/event_listener.py for tasks to queue
[2024-01-14T00:50:58.233+0200] {logging_mixin.py:188} INFO - [2024-01-14T00:50:58.233+0200] {dagbag.py:538} INFO - Filling up the DagBag from /Library/Frameworks/Python.framework/Versions/3.10/lib/python3.10/site-packages/airflow/example_dags/plugins/event_listener.py
[2024-01-14T00:50:58.234+0200] {processor.py:842} WARNING - No viable dags retrieved from /Library/Frameworks/Python.framework/Versions/3.10/lib/python3.10/site-packages/airflow/example_dags/plugins/event_listener.py
[2024-01-14T00:50:58.361+0200] {processor.py:183} INFO - Processing /Library/Frameworks/Python.framework/Versions/3.10/lib/python3.10/site-packages/airflow/example_dags/plugins/event_listener.py took 0.135 seconds
