[2024-01-13T07:17:48.336+0200] {processor.py:161} INFO - Started process (PID=21448) to work on /Library/Frameworks/Python.framework/Versions/3.10/lib/python3.10/site-packages/airflow/example_dags/plugins/listener_plugin.py
[2024-01-13T07:17:48.346+0200] {processor.py:830} INFO - Processing file /Library/Frameworks/Python.framework/Versions/3.10/lib/python3.10/site-packages/airflow/example_dags/plugins/listener_plugin.py for tasks to queue
[2024-01-13T07:17:48.348+0200] {logging_mixin.py:188} INFO - [2024-01-13T07:17:48.347+0200] {dagbag.py:538} INFO - Filling up the DagBag from /Library/Frameworks/Python.framework/Versions/3.10/lib/python3.10/site-packages/airflow/example_dags/plugins/listener_plugin.py
[2024-01-13T07:17:48.358+0200] {processor.py:842} WARNING - No viable dags retrieved from /Library/Frameworks/Python.framework/Versions/3.10/lib/python3.10/site-packages/airflow/example_dags/plugins/listener_plugin.py
[2024-01-13T07:17:48.649+0200] {processor.py:183} INFO - Processing /Library/Frameworks/Python.framework/Versions/3.10/lib/python3.10/site-packages/airflow/example_dags/plugins/listener_plugin.py took 0.317 seconds
[2024-01-13T10:08:01.853+0200] {processor.py:161} INFO - Started process (PID=21837) to work on /Library/Frameworks/Python.framework/Versions/3.10/lib/python3.10/site-packages/airflow/example_dags/plugins/listener_plugin.py
[2024-01-13T10:08:01.859+0200] {processor.py:830} INFO - Processing file /Library/Frameworks/Python.framework/Versions/3.10/lib/python3.10/site-packages/airflow/example_dags/plugins/listener_plugin.py for tasks to queue
[2024-01-13T10:08:01.859+0200] {logging_mixin.py:188} INFO - [2024-01-13T10:08:01.859+0200] {dagbag.py:538} INFO - Filling up the DagBag from /Library/Frameworks/Python.framework/Versions/3.10/lib/python3.10/site-packages/airflow/example_dags/plugins/listener_plugin.py
[2024-01-13T10:08:01.864+0200] {processor.py:842} WARNING - No viable dags retrieved from /Library/Frameworks/Python.framework/Versions/3.10/lib/python3.10/site-packages/airflow/example_dags/plugins/listener_plugin.py
[2024-01-13T10:08:01.982+0200] {processor.py:183} INFO - Processing /Library/Frameworks/Python.framework/Versions/3.10/lib/python3.10/site-packages/airflow/example_dags/plugins/listener_plugin.py took 0.130 seconds
[2024-01-13T10:09:58.296+0200] {processor.py:161} INFO - Started process (PID=21986) to work on /Library/Frameworks/Python.framework/Versions/3.10/lib/python3.10/site-packages/airflow/example_dags/plugins/listener_plugin.py
[2024-01-13T10:09:58.300+0200] {processor.py:830} INFO - Processing file /Library/Frameworks/Python.framework/Versions/3.10/lib/python3.10/site-packages/airflow/example_dags/plugins/listener_plugin.py for tasks to queue
[2024-01-13T10:09:58.300+0200] {logging_mixin.py:188} INFO - [2024-01-13T10:09:58.300+0200] {dagbag.py:538} INFO - Filling up the DagBag from /Library/Frameworks/Python.framework/Versions/3.10/lib/python3.10/site-packages/airflow/example_dags/plugins/listener_plugin.py
[2024-01-13T10:09:58.303+0200] {processor.py:842} WARNING - No viable dags retrieved from /Library/Frameworks/Python.framework/Versions/3.10/lib/python3.10/site-packages/airflow/example_dags/plugins/listener_plugin.py
[2024-01-13T10:09:58.423+0200] {processor.py:183} INFO - Processing /Library/Frameworks/Python.framework/Versions/3.10/lib/python3.10/site-packages/airflow/example_dags/plugins/listener_plugin.py took 0.129 seconds
[2024-01-13T10:12:08.297+0200] {processor.py:161} INFO - Started process (PID=22142) to work on /Library/Frameworks/Python.framework/Versions/3.10/lib/python3.10/site-packages/airflow/example_dags/plugins/listener_plugin.py
[2024-01-13T10:12:08.301+0200] {processor.py:830} INFO - Processing file /Library/Frameworks/Python.framework/Versions/3.10/lib/python3.10/site-packages/airflow/example_dags/plugins/listener_plugin.py for tasks to queue
[2024-01-13T10:12:08.302+0200] {logging_mixin.py:188} INFO - [2024-01-13T10:12:08.302+0200] {dagbag.py:538} INFO - Filling up the DagBag from /Library/Frameworks/Python.framework/Versions/3.10/lib/python3.10/site-packages/airflow/example_dags/plugins/listener_plugin.py
[2024-01-13T10:12:08.307+0200] {processor.py:842} WARNING - No viable dags retrieved from /Library/Frameworks/Python.framework/Versions/3.10/lib/python3.10/site-packages/airflow/example_dags/plugins/listener_plugin.py
[2024-01-13T10:12:08.439+0200] {processor.py:183} INFO - Processing /Library/Frameworks/Python.framework/Versions/3.10/lib/python3.10/site-packages/airflow/example_dags/plugins/listener_plugin.py took 0.144 seconds
[2024-01-13T10:14:13.537+0200] {processor.py:161} INFO - Started process (PID=22256) to work on /Library/Frameworks/Python.framework/Versions/3.10/lib/python3.10/site-packages/airflow/example_dags/plugins/listener_plugin.py
[2024-01-13T10:14:13.541+0200] {processor.py:830} INFO - Processing file /Library/Frameworks/Python.framework/Versions/3.10/lib/python3.10/site-packages/airflow/example_dags/plugins/listener_plugin.py for tasks to queue
[2024-01-13T10:14:13.542+0200] {logging_mixin.py:188} INFO - [2024-01-13T10:14:13.541+0200] {dagbag.py:538} INFO - Filling up the DagBag from /Library/Frameworks/Python.framework/Versions/3.10/lib/python3.10/site-packages/airflow/example_dags/plugins/listener_plugin.py
[2024-01-13T10:14:13.548+0200] {processor.py:842} WARNING - No viable dags retrieved from /Library/Frameworks/Python.framework/Versions/3.10/lib/python3.10/site-packages/airflow/example_dags/plugins/listener_plugin.py
[2024-01-13T10:14:13.672+0200] {processor.py:183} INFO - Processing /Library/Frameworks/Python.framework/Versions/3.10/lib/python3.10/site-packages/airflow/example_dags/plugins/listener_plugin.py took 0.137 seconds
[2024-01-13T10:16:25.403+0200] {processor.py:161} INFO - Started process (PID=23310) to work on /Library/Frameworks/Python.framework/Versions/3.10/lib/python3.10/site-packages/airflow/example_dags/plugins/listener_plugin.py
[2024-01-13T10:16:25.408+0200] {processor.py:830} INFO - Processing file /Library/Frameworks/Python.framework/Versions/3.10/lib/python3.10/site-packages/airflow/example_dags/plugins/listener_plugin.py for tasks to queue
[2024-01-13T10:16:25.409+0200] {logging_mixin.py:188} INFO - [2024-01-13T10:16:25.408+0200] {dagbag.py:538} INFO - Filling up the DagBag from /Library/Frameworks/Python.framework/Versions/3.10/lib/python3.10/site-packages/airflow/example_dags/plugins/listener_plugin.py
[2024-01-13T10:16:25.414+0200] {processor.py:842} WARNING - No viable dags retrieved from /Library/Frameworks/Python.framework/Versions/3.10/lib/python3.10/site-packages/airflow/example_dags/plugins/listener_plugin.py
[2024-01-13T10:16:25.537+0200] {processor.py:183} INFO - Processing /Library/Frameworks/Python.framework/Versions/3.10/lib/python3.10/site-packages/airflow/example_dags/plugins/listener_plugin.py took 0.135 seconds
[2024-01-13T10:18:25.767+0200] {processor.py:161} INFO - Started process (PID=23386) to work on /Library/Frameworks/Python.framework/Versions/3.10/lib/python3.10/site-packages/airflow/example_dags/plugins/listener_plugin.py
[2024-01-13T10:18:25.772+0200] {processor.py:830} INFO - Processing file /Library/Frameworks/Python.framework/Versions/3.10/lib/python3.10/site-packages/airflow/example_dags/plugins/listener_plugin.py for tasks to queue
[2024-01-13T10:18:25.772+0200] {logging_mixin.py:188} INFO - [2024-01-13T10:18:25.772+0200] {dagbag.py:538} INFO - Filling up the DagBag from /Library/Frameworks/Python.framework/Versions/3.10/lib/python3.10/site-packages/airflow/example_dags/plugins/listener_plugin.py
[2024-01-13T10:18:25.778+0200] {processor.py:842} WARNING - No viable dags retrieved from /Library/Frameworks/Python.framework/Versions/3.10/lib/python3.10/site-packages/airflow/example_dags/plugins/listener_plugin.py
[2024-01-13T10:18:25.924+0200] {processor.py:183} INFO - Processing /Library/Frameworks/Python.framework/Versions/3.10/lib/python3.10/site-packages/airflow/example_dags/plugins/listener_plugin.py took 0.158 seconds
[2024-01-13T10:20:22.607+0200] {processor.py:161} INFO - Started process (PID=23472) to work on /Library/Frameworks/Python.framework/Versions/3.10/lib/python3.10/site-packages/airflow/example_dags/plugins/listener_plugin.py
[2024-01-13T10:20:22.613+0200] {processor.py:830} INFO - Processing file /Library/Frameworks/Python.framework/Versions/3.10/lib/python3.10/site-packages/airflow/example_dags/plugins/listener_plugin.py for tasks to queue
[2024-01-13T10:20:22.613+0200] {logging_mixin.py:188} INFO - [2024-01-13T10:20:22.613+0200] {dagbag.py:538} INFO - Filling up the DagBag from /Library/Frameworks/Python.framework/Versions/3.10/lib/python3.10/site-packages/airflow/example_dags/plugins/listener_plugin.py
[2024-01-13T10:20:22.618+0200] {processor.py:842} WARNING - No viable dags retrieved from /Library/Frameworks/Python.framework/Versions/3.10/lib/python3.10/site-packages/airflow/example_dags/plugins/listener_plugin.py
[2024-01-13T10:20:22.753+0200] {processor.py:183} INFO - Processing /Library/Frameworks/Python.framework/Versions/3.10/lib/python3.10/site-packages/airflow/example_dags/plugins/listener_plugin.py took 0.147 seconds
[2024-01-13T10:22:19.216+0200] {processor.py:161} INFO - Started process (PID=23556) to work on /Library/Frameworks/Python.framework/Versions/3.10/lib/python3.10/site-packages/airflow/example_dags/plugins/listener_plugin.py
[2024-01-13T10:22:19.221+0200] {processor.py:830} INFO - Processing file /Library/Frameworks/Python.framework/Versions/3.10/lib/python3.10/site-packages/airflow/example_dags/plugins/listener_plugin.py for tasks to queue
[2024-01-13T10:22:19.221+0200] {logging_mixin.py:188} INFO - [2024-01-13T10:22:19.221+0200] {dagbag.py:538} INFO - Filling up the DagBag from /Library/Frameworks/Python.framework/Versions/3.10/lib/python3.10/site-packages/airflow/example_dags/plugins/listener_plugin.py
[2024-01-13T10:22:19.227+0200] {processor.py:842} WARNING - No viable dags retrieved from /Library/Frameworks/Python.framework/Versions/3.10/lib/python3.10/site-packages/airflow/example_dags/plugins/listener_plugin.py
[2024-01-13T10:22:19.360+0200] {processor.py:183} INFO - Processing /Library/Frameworks/Python.framework/Versions/3.10/lib/python3.10/site-packages/airflow/example_dags/plugins/listener_plugin.py took 0.146 seconds
[2024-01-13T10:24:14.269+0200] {processor.py:161} INFO - Started process (PID=23635) to work on /Library/Frameworks/Python.framework/Versions/3.10/lib/python3.10/site-packages/airflow/example_dags/plugins/listener_plugin.py
[2024-01-13T10:24:14.274+0200] {processor.py:830} INFO - Processing file /Library/Frameworks/Python.framework/Versions/3.10/lib/python3.10/site-packages/airflow/example_dags/plugins/listener_plugin.py for tasks to queue
[2024-01-13T10:24:14.274+0200] {logging_mixin.py:188} INFO - [2024-01-13T10:24:14.274+0200] {dagbag.py:538} INFO - Filling up the DagBag from /Library/Frameworks/Python.framework/Versions/3.10/lib/python3.10/site-packages/airflow/example_dags/plugins/listener_plugin.py
[2024-01-13T10:24:14.279+0200] {processor.py:842} WARNING - No viable dags retrieved from /Library/Frameworks/Python.framework/Versions/3.10/lib/python3.10/site-packages/airflow/example_dags/plugins/listener_plugin.py
[2024-01-13T10:24:14.408+0200] {processor.py:183} INFO - Processing /Library/Frameworks/Python.framework/Versions/3.10/lib/python3.10/site-packages/airflow/example_dags/plugins/listener_plugin.py took 0.140 seconds
[2024-01-13T10:26:13.751+0200] {processor.py:161} INFO - Started process (PID=23809) to work on /Library/Frameworks/Python.framework/Versions/3.10/lib/python3.10/site-packages/airflow/example_dags/plugins/listener_plugin.py
[2024-01-13T10:26:13.755+0200] {processor.py:830} INFO - Processing file /Library/Frameworks/Python.framework/Versions/3.10/lib/python3.10/site-packages/airflow/example_dags/plugins/listener_plugin.py for tasks to queue
[2024-01-13T10:26:13.756+0200] {logging_mixin.py:188} INFO - [2024-01-13T10:26:13.756+0200] {dagbag.py:538} INFO - Filling up the DagBag from /Library/Frameworks/Python.framework/Versions/3.10/lib/python3.10/site-packages/airflow/example_dags/plugins/listener_plugin.py
[2024-01-13T10:26:13.761+0200] {processor.py:842} WARNING - No viable dags retrieved from /Library/Frameworks/Python.framework/Versions/3.10/lib/python3.10/site-packages/airflow/example_dags/plugins/listener_plugin.py
[2024-01-13T10:26:13.890+0200] {processor.py:183} INFO - Processing /Library/Frameworks/Python.framework/Versions/3.10/lib/python3.10/site-packages/airflow/example_dags/plugins/listener_plugin.py took 0.141 seconds
[2024-01-13T10:28:08.919+0200] {processor.py:161} INFO - Started process (PID=23881) to work on /Library/Frameworks/Python.framework/Versions/3.10/lib/python3.10/site-packages/airflow/example_dags/plugins/listener_plugin.py
[2024-01-13T10:28:08.924+0200] {processor.py:830} INFO - Processing file /Library/Frameworks/Python.framework/Versions/3.10/lib/python3.10/site-packages/airflow/example_dags/plugins/listener_plugin.py for tasks to queue
[2024-01-13T10:28:08.925+0200] {logging_mixin.py:188} INFO - [2024-01-13T10:28:08.925+0200] {dagbag.py:538} INFO - Filling up the DagBag from /Library/Frameworks/Python.framework/Versions/3.10/lib/python3.10/site-packages/airflow/example_dags/plugins/listener_plugin.py
[2024-01-13T10:28:08.930+0200] {processor.py:842} WARNING - No viable dags retrieved from /Library/Frameworks/Python.framework/Versions/3.10/lib/python3.10/site-packages/airflow/example_dags/plugins/listener_plugin.py
[2024-01-13T10:28:09.073+0200] {processor.py:183} INFO - Processing /Library/Frameworks/Python.framework/Versions/3.10/lib/python3.10/site-packages/airflow/example_dags/plugins/listener_plugin.py took 0.156 seconds
[2024-01-13T10:30:08.331+0200] {processor.py:161} INFO - Started process (PID=23964) to work on /Library/Frameworks/Python.framework/Versions/3.10/lib/python3.10/site-packages/airflow/example_dags/plugins/listener_plugin.py
[2024-01-13T10:30:08.335+0200] {processor.py:830} INFO - Processing file /Library/Frameworks/Python.framework/Versions/3.10/lib/python3.10/site-packages/airflow/example_dags/plugins/listener_plugin.py for tasks to queue
[2024-01-13T10:30:08.336+0200] {logging_mixin.py:188} INFO - [2024-01-13T10:30:08.336+0200] {dagbag.py:538} INFO - Filling up the DagBag from /Library/Frameworks/Python.framework/Versions/3.10/lib/python3.10/site-packages/airflow/example_dags/plugins/listener_plugin.py
[2024-01-13T10:30:08.341+0200] {processor.py:842} WARNING - No viable dags retrieved from /Library/Frameworks/Python.framework/Versions/3.10/lib/python3.10/site-packages/airflow/example_dags/plugins/listener_plugin.py
[2024-01-13T10:30:08.468+0200] {processor.py:183} INFO - Processing /Library/Frameworks/Python.framework/Versions/3.10/lib/python3.10/site-packages/airflow/example_dags/plugins/listener_plugin.py took 0.139 seconds
[2024-01-13T10:32:04.536+0200] {processor.py:161} INFO - Started process (PID=24142) to work on /Library/Frameworks/Python.framework/Versions/3.10/lib/python3.10/site-packages/airflow/example_dags/plugins/listener_plugin.py
[2024-01-13T10:32:04.541+0200] {processor.py:830} INFO - Processing file /Library/Frameworks/Python.framework/Versions/3.10/lib/python3.10/site-packages/airflow/example_dags/plugins/listener_plugin.py for tasks to queue
[2024-01-13T10:32:04.541+0200] {logging_mixin.py:188} INFO - [2024-01-13T10:32:04.541+0200] {dagbag.py:538} INFO - Filling up the DagBag from /Library/Frameworks/Python.framework/Versions/3.10/lib/python3.10/site-packages/airflow/example_dags/plugins/listener_plugin.py
[2024-01-13T10:32:04.546+0200] {processor.py:842} WARNING - No viable dags retrieved from /Library/Frameworks/Python.framework/Versions/3.10/lib/python3.10/site-packages/airflow/example_dags/plugins/listener_plugin.py
[2024-01-13T10:32:04.675+0200] {processor.py:183} INFO - Processing /Library/Frameworks/Python.framework/Versions/3.10/lib/python3.10/site-packages/airflow/example_dags/plugins/listener_plugin.py took 0.141 seconds
[2024-01-13T10:33:59.340+0200] {processor.py:161} INFO - Started process (PID=24252) to work on /Library/Frameworks/Python.framework/Versions/3.10/lib/python3.10/site-packages/airflow/example_dags/plugins/listener_plugin.py
[2024-01-13T10:33:59.344+0200] {processor.py:830} INFO - Processing file /Library/Frameworks/Python.framework/Versions/3.10/lib/python3.10/site-packages/airflow/example_dags/plugins/listener_plugin.py for tasks to queue
[2024-01-13T10:33:59.345+0200] {logging_mixin.py:188} INFO - [2024-01-13T10:33:59.345+0200] {dagbag.py:538} INFO - Filling up the DagBag from /Library/Frameworks/Python.framework/Versions/3.10/lib/python3.10/site-packages/airflow/example_dags/plugins/listener_plugin.py
[2024-01-13T10:33:59.349+0200] {processor.py:842} WARNING - No viable dags retrieved from /Library/Frameworks/Python.framework/Versions/3.10/lib/python3.10/site-packages/airflow/example_dags/plugins/listener_plugin.py
[2024-01-13T10:33:59.473+0200] {processor.py:183} INFO - Processing /Library/Frameworks/Python.framework/Versions/3.10/lib/python3.10/site-packages/airflow/example_dags/plugins/listener_plugin.py took 0.135 seconds
[2024-01-13T10:35:54.995+0200] {processor.py:161} INFO - Started process (PID=24332) to work on /Library/Frameworks/Python.framework/Versions/3.10/lib/python3.10/site-packages/airflow/example_dags/plugins/listener_plugin.py
[2024-01-13T10:35:55.000+0200] {processor.py:830} INFO - Processing file /Library/Frameworks/Python.framework/Versions/3.10/lib/python3.10/site-packages/airflow/example_dags/plugins/listener_plugin.py for tasks to queue
[2024-01-13T10:35:55.001+0200] {logging_mixin.py:188} INFO - [2024-01-13T10:35:55.001+0200] {dagbag.py:538} INFO - Filling up the DagBag from /Library/Frameworks/Python.framework/Versions/3.10/lib/python3.10/site-packages/airflow/example_dags/plugins/listener_plugin.py
[2024-01-13T10:35:55.006+0200] {processor.py:842} WARNING - No viable dags retrieved from /Library/Frameworks/Python.framework/Versions/3.10/lib/python3.10/site-packages/airflow/example_dags/plugins/listener_plugin.py
[2024-01-13T10:35:55.139+0200] {processor.py:183} INFO - Processing /Library/Frameworks/Python.framework/Versions/3.10/lib/python3.10/site-packages/airflow/example_dags/plugins/listener_plugin.py took 0.146 seconds
[2024-01-13T10:37:52.487+0200] {processor.py:161} INFO - Started process (PID=24511) to work on /Library/Frameworks/Python.framework/Versions/3.10/lib/python3.10/site-packages/airflow/example_dags/plugins/listener_plugin.py
[2024-01-13T10:37:52.491+0200] {processor.py:830} INFO - Processing file /Library/Frameworks/Python.framework/Versions/3.10/lib/python3.10/site-packages/airflow/example_dags/plugins/listener_plugin.py for tasks to queue
[2024-01-13T10:37:52.492+0200] {logging_mixin.py:188} INFO - [2024-01-13T10:37:52.492+0200] {dagbag.py:538} INFO - Filling up the DagBag from /Library/Frameworks/Python.framework/Versions/3.10/lib/python3.10/site-packages/airflow/example_dags/plugins/listener_plugin.py
[2024-01-13T10:37:52.497+0200] {processor.py:842} WARNING - No viable dags retrieved from /Library/Frameworks/Python.framework/Versions/3.10/lib/python3.10/site-packages/airflow/example_dags/plugins/listener_plugin.py
[2024-01-13T10:37:52.629+0200] {processor.py:183} INFO - Processing /Library/Frameworks/Python.framework/Versions/3.10/lib/python3.10/site-packages/airflow/example_dags/plugins/listener_plugin.py took 0.144 seconds
[2024-01-13T10:39:51.566+0200] {processor.py:161} INFO - Started process (PID=24603) to work on /Library/Frameworks/Python.framework/Versions/3.10/lib/python3.10/site-packages/airflow/example_dags/plugins/listener_plugin.py
[2024-01-13T10:39:51.571+0200] {processor.py:830} INFO - Processing file /Library/Frameworks/Python.framework/Versions/3.10/lib/python3.10/site-packages/airflow/example_dags/plugins/listener_plugin.py for tasks to queue
[2024-01-13T10:39:51.572+0200] {logging_mixin.py:188} INFO - [2024-01-13T10:39:51.572+0200] {dagbag.py:538} INFO - Filling up the DagBag from /Library/Frameworks/Python.framework/Versions/3.10/lib/python3.10/site-packages/airflow/example_dags/plugins/listener_plugin.py
[2024-01-13T10:39:51.578+0200] {processor.py:842} WARNING - No viable dags retrieved from /Library/Frameworks/Python.framework/Versions/3.10/lib/python3.10/site-packages/airflow/example_dags/plugins/listener_plugin.py
[2024-01-13T10:39:51.724+0200] {processor.py:183} INFO - Processing /Library/Frameworks/Python.framework/Versions/3.10/lib/python3.10/site-packages/airflow/example_dags/plugins/listener_plugin.py took 0.160 seconds
[2024-01-13T10:41:47.781+0200] {processor.py:161} INFO - Started process (PID=24683) to work on /Library/Frameworks/Python.framework/Versions/3.10/lib/python3.10/site-packages/airflow/example_dags/plugins/listener_plugin.py
[2024-01-13T10:41:47.786+0200] {processor.py:830} INFO - Processing file /Library/Frameworks/Python.framework/Versions/3.10/lib/python3.10/site-packages/airflow/example_dags/plugins/listener_plugin.py for tasks to queue
[2024-01-13T10:41:47.787+0200] {logging_mixin.py:188} INFO - [2024-01-13T10:41:47.786+0200] {dagbag.py:538} INFO - Filling up the DagBag from /Library/Frameworks/Python.framework/Versions/3.10/lib/python3.10/site-packages/airflow/example_dags/plugins/listener_plugin.py
[2024-01-13T10:41:47.789+0200] {processor.py:842} WARNING - No viable dags retrieved from /Library/Frameworks/Python.framework/Versions/3.10/lib/python3.10/site-packages/airflow/example_dags/plugins/listener_plugin.py
[2024-01-13T10:41:47.930+0200] {processor.py:183} INFO - Processing /Library/Frameworks/Python.framework/Versions/3.10/lib/python3.10/site-packages/airflow/example_dags/plugins/listener_plugin.py took 0.151 seconds
[2024-01-13T10:43:46.445+0200] {processor.py:161} INFO - Started process (PID=24777) to work on /Library/Frameworks/Python.framework/Versions/3.10/lib/python3.10/site-packages/airflow/example_dags/plugins/listener_plugin.py
[2024-01-13T10:43:46.449+0200] {processor.py:830} INFO - Processing file /Library/Frameworks/Python.framework/Versions/3.10/lib/python3.10/site-packages/airflow/example_dags/plugins/listener_plugin.py for tasks to queue
[2024-01-13T10:43:46.450+0200] {logging_mixin.py:188} INFO - [2024-01-13T10:43:46.450+0200] {dagbag.py:538} INFO - Filling up the DagBag from /Library/Frameworks/Python.framework/Versions/3.10/lib/python3.10/site-packages/airflow/example_dags/plugins/listener_plugin.py
[2024-01-13T10:43:46.456+0200] {processor.py:842} WARNING - No viable dags retrieved from /Library/Frameworks/Python.framework/Versions/3.10/lib/python3.10/site-packages/airflow/example_dags/plugins/listener_plugin.py
[2024-01-13T10:43:46.597+0200] {processor.py:183} INFO - Processing /Library/Frameworks/Python.framework/Versions/3.10/lib/python3.10/site-packages/airflow/example_dags/plugins/listener_plugin.py took 0.153 seconds
[2024-01-13T10:45:45.190+0200] {processor.py:161} INFO - Started process (PID=24957) to work on /Library/Frameworks/Python.framework/Versions/3.10/lib/python3.10/site-packages/airflow/example_dags/plugins/listener_plugin.py
[2024-01-13T10:45:45.195+0200] {processor.py:830} INFO - Processing file /Library/Frameworks/Python.framework/Versions/3.10/lib/python3.10/site-packages/airflow/example_dags/plugins/listener_plugin.py for tasks to queue
[2024-01-13T10:45:45.196+0200] {logging_mixin.py:188} INFO - [2024-01-13T10:45:45.196+0200] {dagbag.py:538} INFO - Filling up the DagBag from /Library/Frameworks/Python.framework/Versions/3.10/lib/python3.10/site-packages/airflow/example_dags/plugins/listener_plugin.py
[2024-01-13T10:45:45.200+0200] {processor.py:842} WARNING - No viable dags retrieved from /Library/Frameworks/Python.framework/Versions/3.10/lib/python3.10/site-packages/airflow/example_dags/plugins/listener_plugin.py
[2024-01-13T10:45:45.321+0200] {processor.py:183} INFO - Processing /Library/Frameworks/Python.framework/Versions/3.10/lib/python3.10/site-packages/airflow/example_dags/plugins/listener_plugin.py took 0.132 seconds
[2024-01-13T10:47:36.107+0200] {processor.py:161} INFO - Started process (PID=25031) to work on /Library/Frameworks/Python.framework/Versions/3.10/lib/python3.10/site-packages/airflow/example_dags/plugins/listener_plugin.py
[2024-01-13T10:47:36.111+0200] {processor.py:830} INFO - Processing file /Library/Frameworks/Python.framework/Versions/3.10/lib/python3.10/site-packages/airflow/example_dags/plugins/listener_plugin.py for tasks to queue
[2024-01-13T10:47:36.112+0200] {logging_mixin.py:188} INFO - [2024-01-13T10:47:36.112+0200] {dagbag.py:538} INFO - Filling up the DagBag from /Library/Frameworks/Python.framework/Versions/3.10/lib/python3.10/site-packages/airflow/example_dags/plugins/listener_plugin.py
[2024-01-13T10:47:36.117+0200] {processor.py:842} WARNING - No viable dags retrieved from /Library/Frameworks/Python.framework/Versions/3.10/lib/python3.10/site-packages/airflow/example_dags/plugins/listener_plugin.py
[2024-01-13T10:47:36.242+0200] {processor.py:183} INFO - Processing /Library/Frameworks/Python.framework/Versions/3.10/lib/python3.10/site-packages/airflow/example_dags/plugins/listener_plugin.py took 0.136 seconds
[2024-01-13T10:49:26.810+0200] {processor.py:161} INFO - Started process (PID=25091) to work on /Library/Frameworks/Python.framework/Versions/3.10/lib/python3.10/site-packages/airflow/example_dags/plugins/listener_plugin.py
[2024-01-13T10:49:26.813+0200] {processor.py:830} INFO - Processing file /Library/Frameworks/Python.framework/Versions/3.10/lib/python3.10/site-packages/airflow/example_dags/plugins/listener_plugin.py for tasks to queue
[2024-01-13T10:49:26.814+0200] {logging_mixin.py:188} INFO - [2024-01-13T10:49:26.814+0200] {dagbag.py:538} INFO - Filling up the DagBag from /Library/Frameworks/Python.framework/Versions/3.10/lib/python3.10/site-packages/airflow/example_dags/plugins/listener_plugin.py
[2024-01-13T10:49:26.817+0200] {processor.py:842} WARNING - No viable dags retrieved from /Library/Frameworks/Python.framework/Versions/3.10/lib/python3.10/site-packages/airflow/example_dags/plugins/listener_plugin.py
[2024-01-13T10:49:26.944+0200] {processor.py:183} INFO - Processing /Library/Frameworks/Python.framework/Versions/3.10/lib/python3.10/site-packages/airflow/example_dags/plugins/listener_plugin.py took 0.136 seconds
[2024-01-13T10:51:15.106+0200] {processor.py:161} INFO - Started process (PID=25262) to work on /Library/Frameworks/Python.framework/Versions/3.10/lib/python3.10/site-packages/airflow/example_dags/plugins/listener_plugin.py
[2024-01-13T10:51:15.110+0200] {processor.py:830} INFO - Processing file /Library/Frameworks/Python.framework/Versions/3.10/lib/python3.10/site-packages/airflow/example_dags/plugins/listener_plugin.py for tasks to queue
[2024-01-13T10:51:15.111+0200] {logging_mixin.py:188} INFO - [2024-01-13T10:51:15.111+0200] {dagbag.py:538} INFO - Filling up the DagBag from /Library/Frameworks/Python.framework/Versions/3.10/lib/python3.10/site-packages/airflow/example_dags/plugins/listener_plugin.py
[2024-01-13T10:51:15.114+0200] {processor.py:842} WARNING - No viable dags retrieved from /Library/Frameworks/Python.framework/Versions/3.10/lib/python3.10/site-packages/airflow/example_dags/plugins/listener_plugin.py
[2024-01-13T10:51:15.240+0200] {processor.py:183} INFO - Processing /Library/Frameworks/Python.framework/Versions/3.10/lib/python3.10/site-packages/airflow/example_dags/plugins/listener_plugin.py took 0.135 seconds
[2024-01-13T10:53:06.473+0200] {processor.py:161} INFO - Started process (PID=25352) to work on /Library/Frameworks/Python.framework/Versions/3.10/lib/python3.10/site-packages/airflow/example_dags/plugins/listener_plugin.py
[2024-01-13T10:53:06.478+0200] {processor.py:830} INFO - Processing file /Library/Frameworks/Python.framework/Versions/3.10/lib/python3.10/site-packages/airflow/example_dags/plugins/listener_plugin.py for tasks to queue
[2024-01-13T10:53:06.479+0200] {logging_mixin.py:188} INFO - [2024-01-13T10:53:06.479+0200] {dagbag.py:538} INFO - Filling up the DagBag from /Library/Frameworks/Python.framework/Versions/3.10/lib/python3.10/site-packages/airflow/example_dags/plugins/listener_plugin.py
[2024-01-13T10:53:06.493+0200] {processor.py:842} WARNING - No viable dags retrieved from /Library/Frameworks/Python.framework/Versions/3.10/lib/python3.10/site-packages/airflow/example_dags/plugins/listener_plugin.py
[2024-01-13T10:53:06.631+0200] {processor.py:183} INFO - Processing /Library/Frameworks/Python.framework/Versions/3.10/lib/python3.10/site-packages/airflow/example_dags/plugins/listener_plugin.py took 0.160 seconds
[2024-01-13T10:55:00.138+0200] {processor.py:161} INFO - Started process (PID=25441) to work on /Library/Frameworks/Python.framework/Versions/3.10/lib/python3.10/site-packages/airflow/example_dags/plugins/listener_plugin.py
[2024-01-13T10:55:00.143+0200] {processor.py:830} INFO - Processing file /Library/Frameworks/Python.framework/Versions/3.10/lib/python3.10/site-packages/airflow/example_dags/plugins/listener_plugin.py for tasks to queue
[2024-01-13T10:55:00.143+0200] {logging_mixin.py:188} INFO - [2024-01-13T10:55:00.143+0200] {dagbag.py:538} INFO - Filling up the DagBag from /Library/Frameworks/Python.framework/Versions/3.10/lib/python3.10/site-packages/airflow/example_dags/plugins/listener_plugin.py
[2024-01-13T10:55:00.150+0200] {processor.py:842} WARNING - No viable dags retrieved from /Library/Frameworks/Python.framework/Versions/3.10/lib/python3.10/site-packages/airflow/example_dags/plugins/listener_plugin.py
[2024-01-13T10:55:00.271+0200] {processor.py:183} INFO - Processing /Library/Frameworks/Python.framework/Versions/3.10/lib/python3.10/site-packages/airflow/example_dags/plugins/listener_plugin.py took 0.135 seconds
[2024-01-13T10:57:09.864+0200] {processor.py:161} INFO - Started process (PID=25635) to work on /Library/Frameworks/Python.framework/Versions/3.10/lib/python3.10/site-packages/airflow/example_dags/plugins/listener_plugin.py
[2024-01-13T10:57:09.869+0200] {processor.py:830} INFO - Processing file /Library/Frameworks/Python.framework/Versions/3.10/lib/python3.10/site-packages/airflow/example_dags/plugins/listener_plugin.py for tasks to queue
[2024-01-13T10:57:09.869+0200] {logging_mixin.py:188} INFO - [2024-01-13T10:57:09.869+0200] {dagbag.py:538} INFO - Filling up the DagBag from /Library/Frameworks/Python.framework/Versions/3.10/lib/python3.10/site-packages/airflow/example_dags/plugins/listener_plugin.py
[2024-01-13T10:57:09.872+0200] {processor.py:842} WARNING - No viable dags retrieved from /Library/Frameworks/Python.framework/Versions/3.10/lib/python3.10/site-packages/airflow/example_dags/plugins/listener_plugin.py
[2024-01-13T10:57:10.001+0200] {processor.py:183} INFO - Processing /Library/Frameworks/Python.framework/Versions/3.10/lib/python3.10/site-packages/airflow/example_dags/plugins/listener_plugin.py took 0.138 seconds
[2024-01-13T10:59:02.417+0200] {processor.py:161} INFO - Started process (PID=25714) to work on /Library/Frameworks/Python.framework/Versions/3.10/lib/python3.10/site-packages/airflow/example_dags/plugins/listener_plugin.py
[2024-01-13T10:59:02.422+0200] {processor.py:830} INFO - Processing file /Library/Frameworks/Python.framework/Versions/3.10/lib/python3.10/site-packages/airflow/example_dags/plugins/listener_plugin.py for tasks to queue
[2024-01-13T10:59:02.422+0200] {logging_mixin.py:188} INFO - [2024-01-13T10:59:02.422+0200] {dagbag.py:538} INFO - Filling up the DagBag from /Library/Frameworks/Python.framework/Versions/3.10/lib/python3.10/site-packages/airflow/example_dags/plugins/listener_plugin.py
[2024-01-13T10:59:02.425+0200] {processor.py:842} WARNING - No viable dags retrieved from /Library/Frameworks/Python.framework/Versions/3.10/lib/python3.10/site-packages/airflow/example_dags/plugins/listener_plugin.py
[2024-01-13T10:59:02.562+0200] {processor.py:183} INFO - Processing /Library/Frameworks/Python.framework/Versions/3.10/lib/python3.10/site-packages/airflow/example_dags/plugins/listener_plugin.py took 0.146 seconds
[2024-01-13T11:00:59.807+0200] {processor.py:161} INFO - Started process (PID=25793) to work on /Library/Frameworks/Python.framework/Versions/3.10/lib/python3.10/site-packages/airflow/example_dags/plugins/listener_plugin.py
[2024-01-13T11:00:59.811+0200] {processor.py:830} INFO - Processing file /Library/Frameworks/Python.framework/Versions/3.10/lib/python3.10/site-packages/airflow/example_dags/plugins/listener_plugin.py for tasks to queue
[2024-01-13T11:00:59.811+0200] {logging_mixin.py:188} INFO - [2024-01-13T11:00:59.811+0200] {dagbag.py:538} INFO - Filling up the DagBag from /Library/Frameworks/Python.framework/Versions/3.10/lib/python3.10/site-packages/airflow/example_dags/plugins/listener_plugin.py
[2024-01-13T11:00:59.815+0200] {processor.py:842} WARNING - No viable dags retrieved from /Library/Frameworks/Python.framework/Versions/3.10/lib/python3.10/site-packages/airflow/example_dags/plugins/listener_plugin.py
[2024-01-13T11:00:59.949+0200] {processor.py:183} INFO - Processing /Library/Frameworks/Python.framework/Versions/3.10/lib/python3.10/site-packages/airflow/example_dags/plugins/listener_plugin.py took 0.144 seconds
[2024-01-13T11:02:55.021+0200] {processor.py:161} INFO - Started process (PID=25873) to work on /Library/Frameworks/Python.framework/Versions/3.10/lib/python3.10/site-packages/airflow/example_dags/plugins/listener_plugin.py
[2024-01-13T11:02:55.025+0200] {processor.py:830} INFO - Processing file /Library/Frameworks/Python.framework/Versions/3.10/lib/python3.10/site-packages/airflow/example_dags/plugins/listener_plugin.py for tasks to queue
[2024-01-13T11:02:55.025+0200] {logging_mixin.py:188} INFO - [2024-01-13T11:02:55.025+0200] {dagbag.py:538} INFO - Filling up the DagBag from /Library/Frameworks/Python.framework/Versions/3.10/lib/python3.10/site-packages/airflow/example_dags/plugins/listener_plugin.py
[2024-01-13T11:02:55.028+0200] {processor.py:842} WARNING - No viable dags retrieved from /Library/Frameworks/Python.framework/Versions/3.10/lib/python3.10/site-packages/airflow/example_dags/plugins/listener_plugin.py
[2024-01-13T11:02:55.156+0200] {processor.py:183} INFO - Processing /Library/Frameworks/Python.framework/Versions/3.10/lib/python3.10/site-packages/airflow/example_dags/plugins/listener_plugin.py took 0.137 seconds
[2024-01-13T11:04:44.736+0200] {processor.py:161} INFO - Started process (PID=25995) to work on /Library/Frameworks/Python.framework/Versions/3.10/lib/python3.10/site-packages/airflow/example_dags/plugins/listener_plugin.py
[2024-01-13T11:04:44.739+0200] {processor.py:830} INFO - Processing file /Library/Frameworks/Python.framework/Versions/3.10/lib/python3.10/site-packages/airflow/example_dags/plugins/listener_plugin.py for tasks to queue
[2024-01-13T11:04:44.740+0200] {logging_mixin.py:188} INFO - [2024-01-13T11:04:44.740+0200] {dagbag.py:538} INFO - Filling up the DagBag from /Library/Frameworks/Python.framework/Versions/3.10/lib/python3.10/site-packages/airflow/example_dags/plugins/listener_plugin.py
[2024-01-13T11:04:44.742+0200] {processor.py:842} WARNING - No viable dags retrieved from /Library/Frameworks/Python.framework/Versions/3.10/lib/python3.10/site-packages/airflow/example_dags/plugins/listener_plugin.py
[2024-01-13T11:04:44.865+0200] {processor.py:183} INFO - Processing /Library/Frameworks/Python.framework/Versions/3.10/lib/python3.10/site-packages/airflow/example_dags/plugins/listener_plugin.py took 0.131 seconds
[2024-01-13T11:06:41.775+0200] {processor.py:161} INFO - Started process (PID=26117) to work on /Library/Frameworks/Python.framework/Versions/3.10/lib/python3.10/site-packages/airflow/example_dags/plugins/listener_plugin.py
[2024-01-13T11:06:41.780+0200] {processor.py:830} INFO - Processing file /Library/Frameworks/Python.framework/Versions/3.10/lib/python3.10/site-packages/airflow/example_dags/plugins/listener_plugin.py for tasks to queue
[2024-01-13T11:06:41.781+0200] {logging_mixin.py:188} INFO - [2024-01-13T11:06:41.781+0200] {dagbag.py:538} INFO - Filling up the DagBag from /Library/Frameworks/Python.framework/Versions/3.10/lib/python3.10/site-packages/airflow/example_dags/plugins/listener_plugin.py
[2024-01-13T11:06:41.787+0200] {processor.py:842} WARNING - No viable dags retrieved from /Library/Frameworks/Python.framework/Versions/3.10/lib/python3.10/site-packages/airflow/example_dags/plugins/listener_plugin.py
[2024-01-13T11:06:41.912+0200] {processor.py:183} INFO - Processing /Library/Frameworks/Python.framework/Versions/3.10/lib/python3.10/site-packages/airflow/example_dags/plugins/listener_plugin.py took 0.138 seconds
[2024-01-13T11:08:45.967+0200] {processor.py:161} INFO - Started process (PID=26212) to work on /Library/Frameworks/Python.framework/Versions/3.10/lib/python3.10/site-packages/airflow/example_dags/plugins/listener_plugin.py
[2024-01-13T11:08:45.971+0200] {processor.py:830} INFO - Processing file /Library/Frameworks/Python.framework/Versions/3.10/lib/python3.10/site-packages/airflow/example_dags/plugins/listener_plugin.py for tasks to queue
[2024-01-13T11:08:45.971+0200] {logging_mixin.py:188} INFO - [2024-01-13T11:08:45.971+0200] {dagbag.py:538} INFO - Filling up the DagBag from /Library/Frameworks/Python.framework/Versions/3.10/lib/python3.10/site-packages/airflow/example_dags/plugins/listener_plugin.py
[2024-01-13T11:08:45.976+0200] {processor.py:842} WARNING - No viable dags retrieved from /Library/Frameworks/Python.framework/Versions/3.10/lib/python3.10/site-packages/airflow/example_dags/plugins/listener_plugin.py
[2024-01-13T11:08:46.105+0200] {processor.py:183} INFO - Processing /Library/Frameworks/Python.framework/Versions/3.10/lib/python3.10/site-packages/airflow/example_dags/plugins/listener_plugin.py took 0.140 seconds
[2024-01-13T11:10:43.900+0200] {processor.py:161} INFO - Started process (PID=26295) to work on /Library/Frameworks/Python.framework/Versions/3.10/lib/python3.10/site-packages/airflow/example_dags/plugins/listener_plugin.py
[2024-01-13T11:10:43.904+0200] {processor.py:830} INFO - Processing file /Library/Frameworks/Python.framework/Versions/3.10/lib/python3.10/site-packages/airflow/example_dags/plugins/listener_plugin.py for tasks to queue
[2024-01-13T11:10:43.905+0200] {logging_mixin.py:188} INFO - [2024-01-13T11:10:43.904+0200] {dagbag.py:538} INFO - Filling up the DagBag from /Library/Frameworks/Python.framework/Versions/3.10/lib/python3.10/site-packages/airflow/example_dags/plugins/listener_plugin.py
[2024-01-13T11:10:43.907+0200] {processor.py:842} WARNING - No viable dags retrieved from /Library/Frameworks/Python.framework/Versions/3.10/lib/python3.10/site-packages/airflow/example_dags/plugins/listener_plugin.py
[2024-01-13T11:10:44.028+0200] {processor.py:183} INFO - Processing /Library/Frameworks/Python.framework/Versions/3.10/lib/python3.10/site-packages/airflow/example_dags/plugins/listener_plugin.py took 0.129 seconds
[2024-01-13T11:12:38.401+0200] {processor.py:161} INFO - Started process (PID=26385) to work on /Library/Frameworks/Python.framework/Versions/3.10/lib/python3.10/site-packages/airflow/example_dags/plugins/listener_plugin.py
[2024-01-13T11:12:38.405+0200] {processor.py:830} INFO - Processing file /Library/Frameworks/Python.framework/Versions/3.10/lib/python3.10/site-packages/airflow/example_dags/plugins/listener_plugin.py for tasks to queue
[2024-01-13T11:12:38.406+0200] {logging_mixin.py:188} INFO - [2024-01-13T11:12:38.406+0200] {dagbag.py:538} INFO - Filling up the DagBag from /Library/Frameworks/Python.framework/Versions/3.10/lib/python3.10/site-packages/airflow/example_dags/plugins/listener_plugin.py
[2024-01-13T11:12:38.411+0200] {processor.py:842} WARNING - No viable dags retrieved from /Library/Frameworks/Python.framework/Versions/3.10/lib/python3.10/site-packages/airflow/example_dags/plugins/listener_plugin.py
[2024-01-13T11:12:38.537+0200] {processor.py:183} INFO - Processing /Library/Frameworks/Python.framework/Versions/3.10/lib/python3.10/site-packages/airflow/example_dags/plugins/listener_plugin.py took 0.138 seconds
[2024-01-13T11:14:35.118+0200] {processor.py:161} INFO - Started process (PID=26565) to work on /Library/Frameworks/Python.framework/Versions/3.10/lib/python3.10/site-packages/airflow/example_dags/plugins/listener_plugin.py
[2024-01-13T11:14:35.123+0200] {processor.py:830} INFO - Processing file /Library/Frameworks/Python.framework/Versions/3.10/lib/python3.10/site-packages/airflow/example_dags/plugins/listener_plugin.py for tasks to queue
[2024-01-13T11:14:35.124+0200] {logging_mixin.py:188} INFO - [2024-01-13T11:14:35.123+0200] {dagbag.py:538} INFO - Filling up the DagBag from /Library/Frameworks/Python.framework/Versions/3.10/lib/python3.10/site-packages/airflow/example_dags/plugins/listener_plugin.py
[2024-01-13T11:14:35.129+0200] {processor.py:842} WARNING - No viable dags retrieved from /Library/Frameworks/Python.framework/Versions/3.10/lib/python3.10/site-packages/airflow/example_dags/plugins/listener_plugin.py
[2024-01-13T11:14:35.282+0200] {processor.py:183} INFO - Processing /Library/Frameworks/Python.framework/Versions/3.10/lib/python3.10/site-packages/airflow/example_dags/plugins/listener_plugin.py took 0.167 seconds
[2024-01-13T11:16:31.554+0200] {processor.py:161} INFO - Started process (PID=26651) to work on /Library/Frameworks/Python.framework/Versions/3.10/lib/python3.10/site-packages/airflow/example_dags/plugins/listener_plugin.py
[2024-01-13T11:16:31.558+0200] {processor.py:830} INFO - Processing file /Library/Frameworks/Python.framework/Versions/3.10/lib/python3.10/site-packages/airflow/example_dags/plugins/listener_plugin.py for tasks to queue
[2024-01-13T11:16:31.559+0200] {logging_mixin.py:188} INFO - [2024-01-13T11:16:31.559+0200] {dagbag.py:538} INFO - Filling up the DagBag from /Library/Frameworks/Python.framework/Versions/3.10/lib/python3.10/site-packages/airflow/example_dags/plugins/listener_plugin.py
[2024-01-13T11:16:31.563+0200] {processor.py:842} WARNING - No viable dags retrieved from /Library/Frameworks/Python.framework/Versions/3.10/lib/python3.10/site-packages/airflow/example_dags/plugins/listener_plugin.py
[2024-01-13T11:16:31.690+0200] {processor.py:183} INFO - Processing /Library/Frameworks/Python.framework/Versions/3.10/lib/python3.10/site-packages/airflow/example_dags/plugins/listener_plugin.py took 0.137 seconds
[2024-01-13T11:18:29.442+0200] {processor.py:161} INFO - Started process (PID=26733) to work on /Library/Frameworks/Python.framework/Versions/3.10/lib/python3.10/site-packages/airflow/example_dags/plugins/listener_plugin.py
[2024-01-13T11:18:29.446+0200] {processor.py:830} INFO - Processing file /Library/Frameworks/Python.framework/Versions/3.10/lib/python3.10/site-packages/airflow/example_dags/plugins/listener_plugin.py for tasks to queue
[2024-01-13T11:18:29.447+0200] {logging_mixin.py:188} INFO - [2024-01-13T11:18:29.447+0200] {dagbag.py:538} INFO - Filling up the DagBag from /Library/Frameworks/Python.framework/Versions/3.10/lib/python3.10/site-packages/airflow/example_dags/plugins/listener_plugin.py
[2024-01-13T11:18:29.452+0200] {processor.py:842} WARNING - No viable dags retrieved from /Library/Frameworks/Python.framework/Versions/3.10/lib/python3.10/site-packages/airflow/example_dags/plugins/listener_plugin.py
[2024-01-13T11:18:29.577+0200] {processor.py:183} INFO - Processing /Library/Frameworks/Python.framework/Versions/3.10/lib/python3.10/site-packages/airflow/example_dags/plugins/listener_plugin.py took 0.136 seconds
[2024-01-13T11:20:28.553+0200] {processor.py:161} INFO - Started process (PID=26957) to work on /Library/Frameworks/Python.framework/Versions/3.10/lib/python3.10/site-packages/airflow/example_dags/plugins/listener_plugin.py
[2024-01-13T11:20:28.558+0200] {processor.py:830} INFO - Processing file /Library/Frameworks/Python.framework/Versions/3.10/lib/python3.10/site-packages/airflow/example_dags/plugins/listener_plugin.py for tasks to queue
[2024-01-13T11:20:28.559+0200] {logging_mixin.py:188} INFO - [2024-01-13T11:20:28.558+0200] {dagbag.py:538} INFO - Filling up the DagBag from /Library/Frameworks/Python.framework/Versions/3.10/lib/python3.10/site-packages/airflow/example_dags/plugins/listener_plugin.py
[2024-01-13T11:20:28.565+0200] {processor.py:842} WARNING - No viable dags retrieved from /Library/Frameworks/Python.framework/Versions/3.10/lib/python3.10/site-packages/airflow/example_dags/plugins/listener_plugin.py
[2024-01-13T11:20:28.696+0200] {processor.py:183} INFO - Processing /Library/Frameworks/Python.framework/Versions/3.10/lib/python3.10/site-packages/airflow/example_dags/plugins/listener_plugin.py took 0.145 seconds
[2024-01-13T11:22:25.401+0200] {processor.py:161} INFO - Started process (PID=27050) to work on /Library/Frameworks/Python.framework/Versions/3.10/lib/python3.10/site-packages/airflow/example_dags/plugins/listener_plugin.py
[2024-01-13T11:22:25.407+0200] {processor.py:830} INFO - Processing file /Library/Frameworks/Python.framework/Versions/3.10/lib/python3.10/site-packages/airflow/example_dags/plugins/listener_plugin.py for tasks to queue
[2024-01-13T11:22:25.407+0200] {logging_mixin.py:188} INFO - [2024-01-13T11:22:25.407+0200] {dagbag.py:538} INFO - Filling up the DagBag from /Library/Frameworks/Python.framework/Versions/3.10/lib/python3.10/site-packages/airflow/example_dags/plugins/listener_plugin.py
[2024-01-13T11:22:25.411+0200] {processor.py:842} WARNING - No viable dags retrieved from /Library/Frameworks/Python.framework/Versions/3.10/lib/python3.10/site-packages/airflow/example_dags/plugins/listener_plugin.py
[2024-01-13T11:22:25.540+0200] {processor.py:183} INFO - Processing /Library/Frameworks/Python.framework/Versions/3.10/lib/python3.10/site-packages/airflow/example_dags/plugins/listener_plugin.py took 0.140 seconds
[2024-01-13T11:24:22.794+0200] {processor.py:161} INFO - Started process (PID=27130) to work on /Library/Frameworks/Python.framework/Versions/3.10/lib/python3.10/site-packages/airflow/example_dags/plugins/listener_plugin.py
[2024-01-13T11:24:22.798+0200] {processor.py:830} INFO - Processing file /Library/Frameworks/Python.framework/Versions/3.10/lib/python3.10/site-packages/airflow/example_dags/plugins/listener_plugin.py for tasks to queue
[2024-01-13T11:24:22.798+0200] {logging_mixin.py:188} INFO - [2024-01-13T11:24:22.798+0200] {dagbag.py:538} INFO - Filling up the DagBag from /Library/Frameworks/Python.framework/Versions/3.10/lib/python3.10/site-packages/airflow/example_dags/plugins/listener_plugin.py
[2024-01-13T11:24:22.804+0200] {processor.py:842} WARNING - No viable dags retrieved from /Library/Frameworks/Python.framework/Versions/3.10/lib/python3.10/site-packages/airflow/example_dags/plugins/listener_plugin.py
[2024-01-13T11:24:22.936+0200] {processor.py:183} INFO - Processing /Library/Frameworks/Python.framework/Versions/3.10/lib/python3.10/site-packages/airflow/example_dags/plugins/listener_plugin.py took 0.144 seconds
[2024-01-13T11:26:17.210+0200] {processor.py:161} INFO - Started process (PID=27288) to work on /Library/Frameworks/Python.framework/Versions/3.10/lib/python3.10/site-packages/airflow/example_dags/plugins/listener_plugin.py
[2024-01-13T11:26:17.215+0200] {processor.py:830} INFO - Processing file /Library/Frameworks/Python.framework/Versions/3.10/lib/python3.10/site-packages/airflow/example_dags/plugins/listener_plugin.py for tasks to queue
[2024-01-13T11:26:17.215+0200] {logging_mixin.py:188} INFO - [2024-01-13T11:26:17.215+0200] {dagbag.py:538} INFO - Filling up the DagBag from /Library/Frameworks/Python.framework/Versions/3.10/lib/python3.10/site-packages/airflow/example_dags/plugins/listener_plugin.py
[2024-01-13T11:26:17.221+0200] {processor.py:842} WARNING - No viable dags retrieved from /Library/Frameworks/Python.framework/Versions/3.10/lib/python3.10/site-packages/airflow/example_dags/plugins/listener_plugin.py
[2024-01-13T11:26:17.346+0200] {processor.py:183} INFO - Processing /Library/Frameworks/Python.framework/Versions/3.10/lib/python3.10/site-packages/airflow/example_dags/plugins/listener_plugin.py took 0.138 seconds
[2024-01-13T11:28:14.540+0200] {processor.py:161} INFO - Started process (PID=27374) to work on /Library/Frameworks/Python.framework/Versions/3.10/lib/python3.10/site-packages/airflow/example_dags/plugins/listener_plugin.py
[2024-01-13T11:28:14.545+0200] {processor.py:830} INFO - Processing file /Library/Frameworks/Python.framework/Versions/3.10/lib/python3.10/site-packages/airflow/example_dags/plugins/listener_plugin.py for tasks to queue
[2024-01-13T11:28:14.545+0200] {logging_mixin.py:188} INFO - [2024-01-13T11:28:14.545+0200] {dagbag.py:538} INFO - Filling up the DagBag from /Library/Frameworks/Python.framework/Versions/3.10/lib/python3.10/site-packages/airflow/example_dags/plugins/listener_plugin.py
[2024-01-13T11:28:14.548+0200] {processor.py:842} WARNING - No viable dags retrieved from /Library/Frameworks/Python.framework/Versions/3.10/lib/python3.10/site-packages/airflow/example_dags/plugins/listener_plugin.py
[2024-01-13T11:28:14.670+0200] {processor.py:183} INFO - Processing /Library/Frameworks/Python.framework/Versions/3.10/lib/python3.10/site-packages/airflow/example_dags/plugins/listener_plugin.py took 0.132 seconds
[2024-01-13T11:30:10.525+0200] {processor.py:161} INFO - Started process (PID=27461) to work on /Library/Frameworks/Python.framework/Versions/3.10/lib/python3.10/site-packages/airflow/example_dags/plugins/listener_plugin.py
[2024-01-13T11:30:10.529+0200] {processor.py:830} INFO - Processing file /Library/Frameworks/Python.framework/Versions/3.10/lib/python3.10/site-packages/airflow/example_dags/plugins/listener_plugin.py for tasks to queue
[2024-01-13T11:30:10.530+0200] {logging_mixin.py:188} INFO - [2024-01-13T11:30:10.530+0200] {dagbag.py:538} INFO - Filling up the DagBag from /Library/Frameworks/Python.framework/Versions/3.10/lib/python3.10/site-packages/airflow/example_dags/plugins/listener_plugin.py
[2024-01-13T11:30:10.537+0200] {processor.py:842} WARNING - No viable dags retrieved from /Library/Frameworks/Python.framework/Versions/3.10/lib/python3.10/site-packages/airflow/example_dags/plugins/listener_plugin.py
[2024-01-13T11:30:10.667+0200] {processor.py:183} INFO - Processing /Library/Frameworks/Python.framework/Versions/3.10/lib/python3.10/site-packages/airflow/example_dags/plugins/listener_plugin.py took 0.144 seconds
[2024-01-13T11:32:04.287+0200] {processor.py:161} INFO - Started process (PID=27538) to work on /Library/Frameworks/Python.framework/Versions/3.10/lib/python3.10/site-packages/airflow/example_dags/plugins/listener_plugin.py
[2024-01-13T11:32:04.292+0200] {processor.py:830} INFO - Processing file /Library/Frameworks/Python.framework/Versions/3.10/lib/python3.10/site-packages/airflow/example_dags/plugins/listener_plugin.py for tasks to queue
[2024-01-13T11:32:04.292+0200] {logging_mixin.py:188} INFO - [2024-01-13T11:32:04.292+0200] {dagbag.py:538} INFO - Filling up the DagBag from /Library/Frameworks/Python.framework/Versions/3.10/lib/python3.10/site-packages/airflow/example_dags/plugins/listener_plugin.py
[2024-01-13T11:32:04.295+0200] {processor.py:842} WARNING - No viable dags retrieved from /Library/Frameworks/Python.framework/Versions/3.10/lib/python3.10/site-packages/airflow/example_dags/plugins/listener_plugin.py
[2024-01-13T11:32:04.423+0200] {processor.py:183} INFO - Processing /Library/Frameworks/Python.framework/Versions/3.10/lib/python3.10/site-packages/airflow/example_dags/plugins/listener_plugin.py took 0.138 seconds
[2024-01-13T11:34:03.192+0200] {processor.py:161} INFO - Started process (PID=27711) to work on /Library/Frameworks/Python.framework/Versions/3.10/lib/python3.10/site-packages/airflow/example_dags/plugins/listener_plugin.py
[2024-01-13T11:34:03.198+0200] {processor.py:830} INFO - Processing file /Library/Frameworks/Python.framework/Versions/3.10/lib/python3.10/site-packages/airflow/example_dags/plugins/listener_plugin.py for tasks to queue
[2024-01-13T11:34:03.198+0200] {logging_mixin.py:188} INFO - [2024-01-13T11:34:03.198+0200] {dagbag.py:538} INFO - Filling up the DagBag from /Library/Frameworks/Python.framework/Versions/3.10/lib/python3.10/site-packages/airflow/example_dags/plugins/listener_plugin.py
[2024-01-13T11:34:03.205+0200] {processor.py:842} WARNING - No viable dags retrieved from /Library/Frameworks/Python.framework/Versions/3.10/lib/python3.10/site-packages/airflow/example_dags/plugins/listener_plugin.py
[2024-01-13T11:34:03.333+0200] {processor.py:183} INFO - Processing /Library/Frameworks/Python.framework/Versions/3.10/lib/python3.10/site-packages/airflow/example_dags/plugins/listener_plugin.py took 0.142 seconds
[2024-01-13T11:36:06.334+0200] {processor.py:161} INFO - Started process (PID=28470) to work on /Library/Frameworks/Python.framework/Versions/3.10/lib/python3.10/site-packages/airflow/example_dags/plugins/listener_plugin.py
[2024-01-13T11:36:06.339+0200] {processor.py:830} INFO - Processing file /Library/Frameworks/Python.framework/Versions/3.10/lib/python3.10/site-packages/airflow/example_dags/plugins/listener_plugin.py for tasks to queue
[2024-01-13T11:36:06.339+0200] {logging_mixin.py:188} INFO - [2024-01-13T11:36:06.339+0200] {dagbag.py:538} INFO - Filling up the DagBag from /Library/Frameworks/Python.framework/Versions/3.10/lib/python3.10/site-packages/airflow/example_dags/plugins/listener_plugin.py
[2024-01-13T11:36:06.344+0200] {processor.py:842} WARNING - No viable dags retrieved from /Library/Frameworks/Python.framework/Versions/3.10/lib/python3.10/site-packages/airflow/example_dags/plugins/listener_plugin.py
[2024-01-13T11:36:06.472+0200] {processor.py:183} INFO - Processing /Library/Frameworks/Python.framework/Versions/3.10/lib/python3.10/site-packages/airflow/example_dags/plugins/listener_plugin.py took 0.139 seconds
[2024-01-13T11:38:15.350+0200] {processor.py:161} INFO - Started process (PID=29259) to work on /Library/Frameworks/Python.framework/Versions/3.10/lib/python3.10/site-packages/airflow/example_dags/plugins/listener_plugin.py
[2024-01-13T11:38:15.355+0200] {processor.py:830} INFO - Processing file /Library/Frameworks/Python.framework/Versions/3.10/lib/python3.10/site-packages/airflow/example_dags/plugins/listener_plugin.py for tasks to queue
[2024-01-13T11:38:15.356+0200] {logging_mixin.py:188} INFO - [2024-01-13T11:38:15.356+0200] {dagbag.py:538} INFO - Filling up the DagBag from /Library/Frameworks/Python.framework/Versions/3.10/lib/python3.10/site-packages/airflow/example_dags/plugins/listener_plugin.py
[2024-01-13T11:38:15.360+0200] {processor.py:842} WARNING - No viable dags retrieved from /Library/Frameworks/Python.framework/Versions/3.10/lib/python3.10/site-packages/airflow/example_dags/plugins/listener_plugin.py
[2024-01-13T11:38:15.499+0200] {processor.py:183} INFO - Processing /Library/Frameworks/Python.framework/Versions/3.10/lib/python3.10/site-packages/airflow/example_dags/plugins/listener_plugin.py took 0.151 seconds
[2024-01-13T11:40:32.695+0200] {processor.py:161} INFO - Started process (PID=29461) to work on /Library/Frameworks/Python.framework/Versions/3.10/lib/python3.10/site-packages/airflow/example_dags/plugins/listener_plugin.py
[2024-01-13T11:40:32.701+0200] {processor.py:830} INFO - Processing file /Library/Frameworks/Python.framework/Versions/3.10/lib/python3.10/site-packages/airflow/example_dags/plugins/listener_plugin.py for tasks to queue
[2024-01-13T11:40:32.701+0200] {logging_mixin.py:188} INFO - [2024-01-13T11:40:32.701+0200] {dagbag.py:538} INFO - Filling up the DagBag from /Library/Frameworks/Python.framework/Versions/3.10/lib/python3.10/site-packages/airflow/example_dags/plugins/listener_plugin.py
[2024-01-13T11:40:32.706+0200] {processor.py:842} WARNING - No viable dags retrieved from /Library/Frameworks/Python.framework/Versions/3.10/lib/python3.10/site-packages/airflow/example_dags/plugins/listener_plugin.py
[2024-01-13T11:40:32.847+0200] {processor.py:183} INFO - Processing /Library/Frameworks/Python.framework/Versions/3.10/lib/python3.10/site-packages/airflow/example_dags/plugins/listener_plugin.py took 0.154 seconds
[2024-01-13T11:43:17.681+0200] {processor.py:161} INFO - Started process (PID=29691) to work on /Library/Frameworks/Python.framework/Versions/3.10/lib/python3.10/site-packages/airflow/example_dags/plugins/listener_plugin.py
[2024-01-13T11:43:17.686+0200] {processor.py:830} INFO - Processing file /Library/Frameworks/Python.framework/Versions/3.10/lib/python3.10/site-packages/airflow/example_dags/plugins/listener_plugin.py for tasks to queue
[2024-01-13T11:43:17.687+0200] {logging_mixin.py:188} INFO - [2024-01-13T11:43:17.687+0200] {dagbag.py:538} INFO - Filling up the DagBag from /Library/Frameworks/Python.framework/Versions/3.10/lib/python3.10/site-packages/airflow/example_dags/plugins/listener_plugin.py
[2024-01-13T11:43:17.692+0200] {processor.py:842} WARNING - No viable dags retrieved from /Library/Frameworks/Python.framework/Versions/3.10/lib/python3.10/site-packages/airflow/example_dags/plugins/listener_plugin.py
[2024-01-13T11:43:17.828+0200] {processor.py:183} INFO - Processing /Library/Frameworks/Python.framework/Versions/3.10/lib/python3.10/site-packages/airflow/example_dags/plugins/listener_plugin.py took 0.148 seconds
[2024-01-13T11:45:53.862+0200] {processor.py:161} INFO - Started process (PID=29899) to work on /Library/Frameworks/Python.framework/Versions/3.10/lib/python3.10/site-packages/airflow/example_dags/plugins/listener_plugin.py
[2024-01-13T11:45:53.869+0200] {processor.py:830} INFO - Processing file /Library/Frameworks/Python.framework/Versions/3.10/lib/python3.10/site-packages/airflow/example_dags/plugins/listener_plugin.py for tasks to queue
[2024-01-13T11:45:53.869+0200] {logging_mixin.py:188} INFO - [2024-01-13T11:45:53.869+0200] {dagbag.py:538} INFO - Filling up the DagBag from /Library/Frameworks/Python.framework/Versions/3.10/lib/python3.10/site-packages/airflow/example_dags/plugins/listener_plugin.py
[2024-01-13T11:45:53.875+0200] {processor.py:842} WARNING - No viable dags retrieved from /Library/Frameworks/Python.framework/Versions/3.10/lib/python3.10/site-packages/airflow/example_dags/plugins/listener_plugin.py
[2024-01-13T11:45:54.032+0200] {processor.py:183} INFO - Processing /Library/Frameworks/Python.framework/Versions/3.10/lib/python3.10/site-packages/airflow/example_dags/plugins/listener_plugin.py took 0.172 seconds
[2024-01-13T11:48:36.049+0200] {processor.py:161} INFO - Started process (PID=30121) to work on /Library/Frameworks/Python.framework/Versions/3.10/lib/python3.10/site-packages/airflow/example_dags/plugins/listener_plugin.py
[2024-01-13T11:48:36.055+0200] {processor.py:830} INFO - Processing file /Library/Frameworks/Python.framework/Versions/3.10/lib/python3.10/site-packages/airflow/example_dags/plugins/listener_plugin.py for tasks to queue
[2024-01-13T11:48:36.055+0200] {logging_mixin.py:188} INFO - [2024-01-13T11:48:36.055+0200] {dagbag.py:538} INFO - Filling up the DagBag from /Library/Frameworks/Python.framework/Versions/3.10/lib/python3.10/site-packages/airflow/example_dags/plugins/listener_plugin.py
[2024-01-13T11:48:36.060+0200] {processor.py:842} WARNING - No viable dags retrieved from /Library/Frameworks/Python.framework/Versions/3.10/lib/python3.10/site-packages/airflow/example_dags/plugins/listener_plugin.py
[2024-01-13T11:48:36.196+0200] {processor.py:183} INFO - Processing /Library/Frameworks/Python.framework/Versions/3.10/lib/python3.10/site-packages/airflow/example_dags/plugins/listener_plugin.py took 0.149 seconds
[2024-01-13T11:52:00.492+0200] {processor.py:161} INFO - Started process (PID=30526) to work on /Library/Frameworks/Python.framework/Versions/3.10/lib/python3.10/site-packages/airflow/example_dags/plugins/listener_plugin.py
[2024-01-13T11:52:00.503+0200] {processor.py:830} INFO - Processing file /Library/Frameworks/Python.framework/Versions/3.10/lib/python3.10/site-packages/airflow/example_dags/plugins/listener_plugin.py for tasks to queue
[2024-01-13T11:52:00.504+0200] {logging_mixin.py:188} INFO - [2024-01-13T11:52:00.504+0200] {dagbag.py:538} INFO - Filling up the DagBag from /Library/Frameworks/Python.framework/Versions/3.10/lib/python3.10/site-packages/airflow/example_dags/plugins/listener_plugin.py
[2024-01-13T11:52:00.508+0200] {processor.py:842} WARNING - No viable dags retrieved from /Library/Frameworks/Python.framework/Versions/3.10/lib/python3.10/site-packages/airflow/example_dags/plugins/listener_plugin.py
[2024-01-13T11:52:00.715+0200] {processor.py:183} INFO - Processing /Library/Frameworks/Python.framework/Versions/3.10/lib/python3.10/site-packages/airflow/example_dags/plugins/listener_plugin.py took 0.224 seconds
[2024-01-13T11:55:37.806+0200] {processor.py:161} INFO - Started process (PID=31884) to work on /Library/Frameworks/Python.framework/Versions/3.10/lib/python3.10/site-packages/airflow/example_dags/plugins/listener_plugin.py
[2024-01-13T11:55:37.815+0200] {processor.py:830} INFO - Processing file /Library/Frameworks/Python.framework/Versions/3.10/lib/python3.10/site-packages/airflow/example_dags/plugins/listener_plugin.py for tasks to queue
[2024-01-13T11:55:37.816+0200] {logging_mixin.py:188} INFO - [2024-01-13T11:55:37.816+0200] {dagbag.py:538} INFO - Filling up the DagBag from /Library/Frameworks/Python.framework/Versions/3.10/lib/python3.10/site-packages/airflow/example_dags/plugins/listener_plugin.py
[2024-01-13T11:55:37.822+0200] {processor.py:842} WARNING - No viable dags retrieved from /Library/Frameworks/Python.framework/Versions/3.10/lib/python3.10/site-packages/airflow/example_dags/plugins/listener_plugin.py
[2024-01-13T11:55:37.983+0200] {processor.py:183} INFO - Processing /Library/Frameworks/Python.framework/Versions/3.10/lib/python3.10/site-packages/airflow/example_dags/plugins/listener_plugin.py took 0.179 seconds
[2024-01-13T11:58:55.018+0200] {processor.py:161} INFO - Started process (PID=32021) to work on /Library/Frameworks/Python.framework/Versions/3.10/lib/python3.10/site-packages/airflow/example_dags/plugins/listener_plugin.py
[2024-01-13T11:58:55.028+0200] {processor.py:830} INFO - Processing file /Library/Frameworks/Python.framework/Versions/3.10/lib/python3.10/site-packages/airflow/example_dags/plugins/listener_plugin.py for tasks to queue
[2024-01-13T11:58:55.028+0200] {logging_mixin.py:188} INFO - [2024-01-13T11:58:55.028+0200] {dagbag.py:538} INFO - Filling up the DagBag from /Library/Frameworks/Python.framework/Versions/3.10/lib/python3.10/site-packages/airflow/example_dags/plugins/listener_plugin.py
[2024-01-13T11:58:55.035+0200] {processor.py:842} WARNING - No viable dags retrieved from /Library/Frameworks/Python.framework/Versions/3.10/lib/python3.10/site-packages/airflow/example_dags/plugins/listener_plugin.py
[2024-01-13T11:58:55.209+0200] {processor.py:183} INFO - Processing /Library/Frameworks/Python.framework/Versions/3.10/lib/python3.10/site-packages/airflow/example_dags/plugins/listener_plugin.py took 0.192 seconds
[2024-01-13T12:02:05.558+0200] {processor.py:161} INFO - Started process (PID=32157) to work on /Library/Frameworks/Python.framework/Versions/3.10/lib/python3.10/site-packages/airflow/example_dags/plugins/listener_plugin.py
[2024-01-13T12:02:05.564+0200] {processor.py:830} INFO - Processing file /Library/Frameworks/Python.framework/Versions/3.10/lib/python3.10/site-packages/airflow/example_dags/plugins/listener_plugin.py for tasks to queue
[2024-01-13T12:02:05.565+0200] {logging_mixin.py:188} INFO - [2024-01-13T12:02:05.565+0200] {dagbag.py:538} INFO - Filling up the DagBag from /Library/Frameworks/Python.framework/Versions/3.10/lib/python3.10/site-packages/airflow/example_dags/plugins/listener_plugin.py
[2024-01-13T12:02:05.569+0200] {processor.py:842} WARNING - No viable dags retrieved from /Library/Frameworks/Python.framework/Versions/3.10/lib/python3.10/site-packages/airflow/example_dags/plugins/listener_plugin.py
[2024-01-13T12:02:05.720+0200] {processor.py:183} INFO - Processing /Library/Frameworks/Python.framework/Versions/3.10/lib/python3.10/site-packages/airflow/example_dags/plugins/listener_plugin.py took 0.164 seconds
[2024-01-13T12:06:03.117+0200] {processor.py:161} INFO - Started process (PID=33911) to work on /Library/Frameworks/Python.framework/Versions/3.10/lib/python3.10/site-packages/airflow/example_dags/plugins/listener_plugin.py
[2024-01-13T12:06:03.126+0200] {processor.py:830} INFO - Processing file /Library/Frameworks/Python.framework/Versions/3.10/lib/python3.10/site-packages/airflow/example_dags/plugins/listener_plugin.py for tasks to queue
[2024-01-13T12:06:03.127+0200] {logging_mixin.py:188} INFO - [2024-01-13T12:06:03.127+0200] {dagbag.py:538} INFO - Filling up the DagBag from /Library/Frameworks/Python.framework/Versions/3.10/lib/python3.10/site-packages/airflow/example_dags/plugins/listener_plugin.py
[2024-01-13T12:06:03.133+0200] {processor.py:842} WARNING - No viable dags retrieved from /Library/Frameworks/Python.framework/Versions/3.10/lib/python3.10/site-packages/airflow/example_dags/plugins/listener_plugin.py
[2024-01-13T12:06:03.325+0200] {processor.py:183} INFO - Processing /Library/Frameworks/Python.framework/Versions/3.10/lib/python3.10/site-packages/airflow/example_dags/plugins/listener_plugin.py took 0.209 seconds
[2024-01-13T12:08:48.930+0200] {processor.py:161} INFO - Started process (PID=34028) to work on /Library/Frameworks/Python.framework/Versions/3.10/lib/python3.10/site-packages/airflow/example_dags/plugins/listener_plugin.py
[2024-01-13T12:08:48.935+0200] {processor.py:830} INFO - Processing file /Library/Frameworks/Python.framework/Versions/3.10/lib/python3.10/site-packages/airflow/example_dags/plugins/listener_plugin.py for tasks to queue
[2024-01-13T12:08:48.936+0200] {logging_mixin.py:188} INFO - [2024-01-13T12:08:48.936+0200] {dagbag.py:538} INFO - Filling up the DagBag from /Library/Frameworks/Python.framework/Versions/3.10/lib/python3.10/site-packages/airflow/example_dags/plugins/listener_plugin.py
[2024-01-13T12:08:48.941+0200] {processor.py:842} WARNING - No viable dags retrieved from /Library/Frameworks/Python.framework/Versions/3.10/lib/python3.10/site-packages/airflow/example_dags/plugins/listener_plugin.py
[2024-01-13T12:08:49.080+0200] {processor.py:183} INFO - Processing /Library/Frameworks/Python.framework/Versions/3.10/lib/python3.10/site-packages/airflow/example_dags/plugins/listener_plugin.py took 0.152 seconds
[2024-01-13T12:11:15.246+0200] {processor.py:161} INFO - Started process (PID=34129) to work on /Library/Frameworks/Python.framework/Versions/3.10/lib/python3.10/site-packages/airflow/example_dags/plugins/listener_plugin.py
[2024-01-13T12:11:15.251+0200] {processor.py:830} INFO - Processing file /Library/Frameworks/Python.framework/Versions/3.10/lib/python3.10/site-packages/airflow/example_dags/plugins/listener_plugin.py for tasks to queue
[2024-01-13T12:11:15.252+0200] {logging_mixin.py:188} INFO - [2024-01-13T12:11:15.252+0200] {dagbag.py:538} INFO - Filling up the DagBag from /Library/Frameworks/Python.framework/Versions/3.10/lib/python3.10/site-packages/airflow/example_dags/plugins/listener_plugin.py
[2024-01-13T12:11:15.257+0200] {processor.py:842} WARNING - No viable dags retrieved from /Library/Frameworks/Python.framework/Versions/3.10/lib/python3.10/site-packages/airflow/example_dags/plugins/listener_plugin.py
[2024-01-13T12:11:15.408+0200] {processor.py:183} INFO - Processing /Library/Frameworks/Python.framework/Versions/3.10/lib/python3.10/site-packages/airflow/example_dags/plugins/listener_plugin.py took 0.164 seconds
[2024-01-13T12:13:40.779+0200] {processor.py:161} INFO - Started process (PID=34321) to work on /Library/Frameworks/Python.framework/Versions/3.10/lib/python3.10/site-packages/airflow/example_dags/plugins/listener_plugin.py
[2024-01-13T12:13:40.790+0200] {processor.py:830} INFO - Processing file /Library/Frameworks/Python.framework/Versions/3.10/lib/python3.10/site-packages/airflow/example_dags/plugins/listener_plugin.py for tasks to queue
[2024-01-13T12:13:40.791+0200] {logging_mixin.py:188} INFO - [2024-01-13T12:13:40.791+0200] {dagbag.py:538} INFO - Filling up the DagBag from /Library/Frameworks/Python.framework/Versions/3.10/lib/python3.10/site-packages/airflow/example_dags/plugins/listener_plugin.py
[2024-01-13T12:13:40.798+0200] {processor.py:842} WARNING - No viable dags retrieved from /Library/Frameworks/Python.framework/Versions/3.10/lib/python3.10/site-packages/airflow/example_dags/plugins/listener_plugin.py
[2024-01-13T12:13:41.025+0200] {processor.py:183} INFO - Processing /Library/Frameworks/Python.framework/Versions/3.10/lib/python3.10/site-packages/airflow/example_dags/plugins/listener_plugin.py took 0.248 seconds
[2024-01-13T12:17:21.985+0200] {processor.py:161} INFO - Started process (PID=34445) to work on /Library/Frameworks/Python.framework/Versions/3.10/lib/python3.10/site-packages/airflow/example_dags/plugins/listener_plugin.py
[2024-01-13T12:17:21.994+0200] {processor.py:830} INFO - Processing file /Library/Frameworks/Python.framework/Versions/3.10/lib/python3.10/site-packages/airflow/example_dags/plugins/listener_plugin.py for tasks to queue
[2024-01-13T12:17:21.995+0200] {logging_mixin.py:188} INFO - [2024-01-13T12:17:21.995+0200] {dagbag.py:538} INFO - Filling up the DagBag from /Library/Frameworks/Python.framework/Versions/3.10/lib/python3.10/site-packages/airflow/example_dags/plugins/listener_plugin.py
[2024-01-13T12:17:22.005+0200] {processor.py:842} WARNING - No viable dags retrieved from /Library/Frameworks/Python.framework/Versions/3.10/lib/python3.10/site-packages/airflow/example_dags/plugins/listener_plugin.py
[2024-01-13T12:17:22.467+0200] {processor.py:183} INFO - Processing /Library/Frameworks/Python.framework/Versions/3.10/lib/python3.10/site-packages/airflow/example_dags/plugins/listener_plugin.py took 0.483 seconds
[2024-01-13T13:27:50.459+0200] {processor.py:161} INFO - Started process (PID=35429) to work on /Library/Frameworks/Python.framework/Versions/3.10/lib/python3.10/site-packages/airflow/example_dags/plugins/listener_plugin.py
[2024-01-13T13:27:50.463+0200] {processor.py:830} INFO - Processing file /Library/Frameworks/Python.framework/Versions/3.10/lib/python3.10/site-packages/airflow/example_dags/plugins/listener_plugin.py for tasks to queue
[2024-01-13T13:27:50.464+0200] {logging_mixin.py:188} INFO - [2024-01-13T13:27:50.464+0200] {dagbag.py:538} INFO - Filling up the DagBag from /Library/Frameworks/Python.framework/Versions/3.10/lib/python3.10/site-packages/airflow/example_dags/plugins/listener_plugin.py
[2024-01-13T13:27:50.470+0200] {processor.py:842} WARNING - No viable dags retrieved from /Library/Frameworks/Python.framework/Versions/3.10/lib/python3.10/site-packages/airflow/example_dags/plugins/listener_plugin.py
[2024-01-13T13:27:50.600+0200] {processor.py:183} INFO - Processing /Library/Frameworks/Python.framework/Versions/3.10/lib/python3.10/site-packages/airflow/example_dags/plugins/listener_plugin.py took 0.143 seconds
[2024-01-13T13:30:03.089+0200] {processor.py:161} INFO - Started process (PID=35531) to work on /Library/Frameworks/Python.framework/Versions/3.10/lib/python3.10/site-packages/airflow/example_dags/plugins/listener_plugin.py
[2024-01-13T13:30:03.095+0200] {processor.py:830} INFO - Processing file /Library/Frameworks/Python.framework/Versions/3.10/lib/python3.10/site-packages/airflow/example_dags/plugins/listener_plugin.py for tasks to queue
[2024-01-13T13:30:03.096+0200] {logging_mixin.py:188} INFO - [2024-01-13T13:30:03.096+0200] {dagbag.py:538} INFO - Filling up the DagBag from /Library/Frameworks/Python.framework/Versions/3.10/lib/python3.10/site-packages/airflow/example_dags/plugins/listener_plugin.py
[2024-01-13T13:30:03.100+0200] {processor.py:842} WARNING - No viable dags retrieved from /Library/Frameworks/Python.framework/Versions/3.10/lib/python3.10/site-packages/airflow/example_dags/plugins/listener_plugin.py
[2024-01-13T13:30:03.231+0200] {processor.py:183} INFO - Processing /Library/Frameworks/Python.framework/Versions/3.10/lib/python3.10/site-packages/airflow/example_dags/plugins/listener_plugin.py took 0.144 seconds
[2024-01-13T13:32:06.725+0200] {processor.py:161} INFO - Started process (PID=35615) to work on /Library/Frameworks/Python.framework/Versions/3.10/lib/python3.10/site-packages/airflow/example_dags/plugins/listener_plugin.py
[2024-01-13T13:32:06.731+0200] {processor.py:830} INFO - Processing file /Library/Frameworks/Python.framework/Versions/3.10/lib/python3.10/site-packages/airflow/example_dags/plugins/listener_plugin.py for tasks to queue
[2024-01-13T13:32:06.732+0200] {logging_mixin.py:188} INFO - [2024-01-13T13:32:06.732+0200] {dagbag.py:538} INFO - Filling up the DagBag from /Library/Frameworks/Python.framework/Versions/3.10/lib/python3.10/site-packages/airflow/example_dags/plugins/listener_plugin.py
[2024-01-13T13:32:06.737+0200] {processor.py:842} WARNING - No viable dags retrieved from /Library/Frameworks/Python.framework/Versions/3.10/lib/python3.10/site-packages/airflow/example_dags/plugins/listener_plugin.py
[2024-01-13T13:32:06.874+0200] {processor.py:183} INFO - Processing /Library/Frameworks/Python.framework/Versions/3.10/lib/python3.10/site-packages/airflow/example_dags/plugins/listener_plugin.py took 0.150 seconds
[2024-01-13T15:16:19.646+0200] {processor.py:161} INFO - Started process (PID=42590) to work on /Library/Frameworks/Python.framework/Versions/3.10/lib/python3.10/site-packages/airflow/example_dags/plugins/listener_plugin.py
[2024-01-13T15:16:19.655+0200] {processor.py:830} INFO - Processing file /Library/Frameworks/Python.framework/Versions/3.10/lib/python3.10/site-packages/airflow/example_dags/plugins/listener_plugin.py for tasks to queue
[2024-01-13T15:16:19.656+0200] {logging_mixin.py:188} INFO - [2024-01-13T15:16:19.656+0200] {dagbag.py:538} INFO - Filling up the DagBag from /Library/Frameworks/Python.framework/Versions/3.10/lib/python3.10/site-packages/airflow/example_dags/plugins/listener_plugin.py
[2024-01-13T15:16:19.663+0200] {processor.py:842} WARNING - No viable dags retrieved from /Library/Frameworks/Python.framework/Versions/3.10/lib/python3.10/site-packages/airflow/example_dags/plugins/listener_plugin.py
[2024-01-13T15:16:19.826+0200] {processor.py:183} INFO - Processing /Library/Frameworks/Python.framework/Versions/3.10/lib/python3.10/site-packages/airflow/example_dags/plugins/listener_plugin.py took 0.181 seconds
[2024-01-13T15:19:09.870+0200] {processor.py:161} INFO - Started process (PID=42801) to work on /Library/Frameworks/Python.framework/Versions/3.10/lib/python3.10/site-packages/airflow/example_dags/plugins/listener_plugin.py
[2024-01-13T15:19:09.875+0200] {processor.py:830} INFO - Processing file /Library/Frameworks/Python.framework/Versions/3.10/lib/python3.10/site-packages/airflow/example_dags/plugins/listener_plugin.py for tasks to queue
[2024-01-13T15:19:09.875+0200] {logging_mixin.py:188} INFO - [2024-01-13T15:19:09.875+0200] {dagbag.py:538} INFO - Filling up the DagBag from /Library/Frameworks/Python.framework/Versions/3.10/lib/python3.10/site-packages/airflow/example_dags/plugins/listener_plugin.py
[2024-01-13T15:19:09.881+0200] {processor.py:842} WARNING - No viable dags retrieved from /Library/Frameworks/Python.framework/Versions/3.10/lib/python3.10/site-packages/airflow/example_dags/plugins/listener_plugin.py
[2024-01-13T15:19:10.020+0200] {processor.py:183} INFO - Processing /Library/Frameworks/Python.framework/Versions/3.10/lib/python3.10/site-packages/airflow/example_dags/plugins/listener_plugin.py took 0.152 seconds
[2024-01-13T15:21:34.060+0200] {processor.py:161} INFO - Started process (PID=42912) to work on /Library/Frameworks/Python.framework/Versions/3.10/lib/python3.10/site-packages/airflow/example_dags/plugins/listener_plugin.py
[2024-01-13T15:21:34.065+0200] {processor.py:830} INFO - Processing file /Library/Frameworks/Python.framework/Versions/3.10/lib/python3.10/site-packages/airflow/example_dags/plugins/listener_plugin.py for tasks to queue
[2024-01-13T15:21:34.066+0200] {logging_mixin.py:188} INFO - [2024-01-13T15:21:34.066+0200] {dagbag.py:538} INFO - Filling up the DagBag from /Library/Frameworks/Python.framework/Versions/3.10/lib/python3.10/site-packages/airflow/example_dags/plugins/listener_plugin.py
[2024-01-13T15:21:34.072+0200] {processor.py:842} WARNING - No viable dags retrieved from /Library/Frameworks/Python.framework/Versions/3.10/lib/python3.10/site-packages/airflow/example_dags/plugins/listener_plugin.py
[2024-01-13T15:21:34.210+0200] {processor.py:183} INFO - Processing /Library/Frameworks/Python.framework/Versions/3.10/lib/python3.10/site-packages/airflow/example_dags/plugins/listener_plugin.py took 0.152 seconds
[2024-01-13T15:23:56.845+0200] {processor.py:161} INFO - Started process (PID=43024) to work on /Library/Frameworks/Python.framework/Versions/3.10/lib/python3.10/site-packages/airflow/example_dags/plugins/listener_plugin.py
[2024-01-13T15:23:56.850+0200] {processor.py:830} INFO - Processing file /Library/Frameworks/Python.framework/Versions/3.10/lib/python3.10/site-packages/airflow/example_dags/plugins/listener_plugin.py for tasks to queue
[2024-01-13T15:23:56.850+0200] {logging_mixin.py:188} INFO - [2024-01-13T15:23:56.850+0200] {dagbag.py:538} INFO - Filling up the DagBag from /Library/Frameworks/Python.framework/Versions/3.10/lib/python3.10/site-packages/airflow/example_dags/plugins/listener_plugin.py
[2024-01-13T15:23:56.856+0200] {processor.py:842} WARNING - No viable dags retrieved from /Library/Frameworks/Python.framework/Versions/3.10/lib/python3.10/site-packages/airflow/example_dags/plugins/listener_plugin.py
[2024-01-13T15:23:56.988+0200] {processor.py:183} INFO - Processing /Library/Frameworks/Python.framework/Versions/3.10/lib/python3.10/site-packages/airflow/example_dags/plugins/listener_plugin.py took 0.145 seconds
[2024-01-13T15:26:36.221+0200] {processor.py:161} INFO - Started process (PID=43276) to work on /Library/Frameworks/Python.framework/Versions/3.10/lib/python3.10/site-packages/airflow/example_dags/plugins/listener_plugin.py
[2024-01-13T15:26:36.226+0200] {processor.py:830} INFO - Processing file /Library/Frameworks/Python.framework/Versions/3.10/lib/python3.10/site-packages/airflow/example_dags/plugins/listener_plugin.py for tasks to queue
[2024-01-13T15:26:36.226+0200] {logging_mixin.py:188} INFO - [2024-01-13T15:26:36.226+0200] {dagbag.py:538} INFO - Filling up the DagBag from /Library/Frameworks/Python.framework/Versions/3.10/lib/python3.10/site-packages/airflow/example_dags/plugins/listener_plugin.py
[2024-01-13T15:26:36.229+0200] {processor.py:842} WARNING - No viable dags retrieved from /Library/Frameworks/Python.framework/Versions/3.10/lib/python3.10/site-packages/airflow/example_dags/plugins/listener_plugin.py
[2024-01-13T15:26:36.363+0200] {processor.py:183} INFO - Processing /Library/Frameworks/Python.framework/Versions/3.10/lib/python3.10/site-packages/airflow/example_dags/plugins/listener_plugin.py took 0.144 seconds
[2024-01-13T15:29:27.250+0200] {processor.py:161} INFO - Started process (PID=43428) to work on /Library/Frameworks/Python.framework/Versions/3.10/lib/python3.10/site-packages/airflow/example_dags/plugins/listener_plugin.py
[2024-01-13T15:29:27.255+0200] {processor.py:830} INFO - Processing file /Library/Frameworks/Python.framework/Versions/3.10/lib/python3.10/site-packages/airflow/example_dags/plugins/listener_plugin.py for tasks to queue
[2024-01-13T15:29:27.256+0200] {logging_mixin.py:188} INFO - [2024-01-13T15:29:27.256+0200] {dagbag.py:538} INFO - Filling up the DagBag from /Library/Frameworks/Python.framework/Versions/3.10/lib/python3.10/site-packages/airflow/example_dags/plugins/listener_plugin.py
[2024-01-13T15:29:27.261+0200] {processor.py:842} WARNING - No viable dags retrieved from /Library/Frameworks/Python.framework/Versions/3.10/lib/python3.10/site-packages/airflow/example_dags/plugins/listener_plugin.py
[2024-01-13T15:29:27.400+0200] {processor.py:183} INFO - Processing /Library/Frameworks/Python.framework/Versions/3.10/lib/python3.10/site-packages/airflow/example_dags/plugins/listener_plugin.py took 0.152 seconds
[2024-01-13T15:31:59.488+0200] {processor.py:161} INFO - Started process (PID=43550) to work on /Library/Frameworks/Python.framework/Versions/3.10/lib/python3.10/site-packages/airflow/example_dags/plugins/listener_plugin.py
[2024-01-13T15:31:59.493+0200] {processor.py:830} INFO - Processing file /Library/Frameworks/Python.framework/Versions/3.10/lib/python3.10/site-packages/airflow/example_dags/plugins/listener_plugin.py for tasks to queue
[2024-01-13T15:31:59.494+0200] {logging_mixin.py:188} INFO - [2024-01-13T15:31:59.493+0200] {dagbag.py:538} INFO - Filling up the DagBag from /Library/Frameworks/Python.framework/Versions/3.10/lib/python3.10/site-packages/airflow/example_dags/plugins/listener_plugin.py
[2024-01-13T15:31:59.497+0200] {processor.py:842} WARNING - No viable dags retrieved from /Library/Frameworks/Python.framework/Versions/3.10/lib/python3.10/site-packages/airflow/example_dags/plugins/listener_plugin.py
[2024-01-13T15:31:59.632+0200] {processor.py:183} INFO - Processing /Library/Frameworks/Python.framework/Versions/3.10/lib/python3.10/site-packages/airflow/example_dags/plugins/listener_plugin.py took 0.145 seconds
[2024-01-13T15:35:03.114+0200] {processor.py:161} INFO - Started process (PID=43809) to work on /Library/Frameworks/Python.framework/Versions/3.10/lib/python3.10/site-packages/airflow/example_dags/plugins/listener_plugin.py
[2024-01-13T15:35:03.120+0200] {processor.py:830} INFO - Processing file /Library/Frameworks/Python.framework/Versions/3.10/lib/python3.10/site-packages/airflow/example_dags/plugins/listener_plugin.py for tasks to queue
[2024-01-13T15:35:03.120+0200] {logging_mixin.py:188} INFO - [2024-01-13T15:35:03.120+0200] {dagbag.py:538} INFO - Filling up the DagBag from /Library/Frameworks/Python.framework/Versions/3.10/lib/python3.10/site-packages/airflow/example_dags/plugins/listener_plugin.py
[2024-01-13T15:35:03.125+0200] {processor.py:842} WARNING - No viable dags retrieved from /Library/Frameworks/Python.framework/Versions/3.10/lib/python3.10/site-packages/airflow/example_dags/plugins/listener_plugin.py
[2024-01-13T15:35:03.276+0200] {processor.py:183} INFO - Processing /Library/Frameworks/Python.framework/Versions/3.10/lib/python3.10/site-packages/airflow/example_dags/plugins/listener_plugin.py took 0.164 seconds
[2024-01-13T15:38:25.742+0200] {processor.py:161} INFO - Started process (PID=44034) to work on /Library/Frameworks/Python.framework/Versions/3.10/lib/python3.10/site-packages/airflow/example_dags/plugins/listener_plugin.py
[2024-01-13T15:38:25.747+0200] {processor.py:830} INFO - Processing file /Library/Frameworks/Python.framework/Versions/3.10/lib/python3.10/site-packages/airflow/example_dags/plugins/listener_plugin.py for tasks to queue
[2024-01-13T15:38:25.747+0200] {logging_mixin.py:188} INFO - [2024-01-13T15:38:25.747+0200] {dagbag.py:538} INFO - Filling up the DagBag from /Library/Frameworks/Python.framework/Versions/3.10/lib/python3.10/site-packages/airflow/example_dags/plugins/listener_plugin.py
[2024-01-13T15:38:25.752+0200] {processor.py:842} WARNING - No viable dags retrieved from /Library/Frameworks/Python.framework/Versions/3.10/lib/python3.10/site-packages/airflow/example_dags/plugins/listener_plugin.py
[2024-01-13T15:38:25.885+0200] {processor.py:183} INFO - Processing /Library/Frameworks/Python.framework/Versions/3.10/lib/python3.10/site-packages/airflow/example_dags/plugins/listener_plugin.py took 0.145 seconds
[2024-01-13T17:16:19.711+0200] {processor.py:161} INFO - Started process (PID=44442) to work on /Library/Frameworks/Python.framework/Versions/3.10/lib/python3.10/site-packages/airflow/example_dags/plugins/listener_plugin.py
[2024-01-13T17:16:19.716+0200] {processor.py:830} INFO - Processing file /Library/Frameworks/Python.framework/Versions/3.10/lib/python3.10/site-packages/airflow/example_dags/plugins/listener_plugin.py for tasks to queue
[2024-01-13T17:16:19.717+0200] {logging_mixin.py:188} INFO - [2024-01-13T17:16:19.717+0200] {dagbag.py:538} INFO - Filling up the DagBag from /Library/Frameworks/Python.framework/Versions/3.10/lib/python3.10/site-packages/airflow/example_dags/plugins/listener_plugin.py
[2024-01-13T17:16:19.719+0200] {processor.py:842} WARNING - No viable dags retrieved from /Library/Frameworks/Python.framework/Versions/3.10/lib/python3.10/site-packages/airflow/example_dags/plugins/listener_plugin.py
[2024-01-13T17:16:19.854+0200] {processor.py:183} INFO - Processing /Library/Frameworks/Python.framework/Versions/3.10/lib/python3.10/site-packages/airflow/example_dags/plugins/listener_plugin.py took 0.145 seconds
[2024-01-14T00:32:06.037+0200] {processor.py:161} INFO - Started process (PID=45630) to work on /Library/Frameworks/Python.framework/Versions/3.10/lib/python3.10/site-packages/airflow/example_dags/plugins/listener_plugin.py
[2024-01-14T00:32:06.046+0200] {processor.py:830} INFO - Processing file /Library/Frameworks/Python.framework/Versions/3.10/lib/python3.10/site-packages/airflow/example_dags/plugins/listener_plugin.py for tasks to queue
[2024-01-14T00:32:06.047+0200] {logging_mixin.py:188} INFO - [2024-01-14T00:32:06.047+0200] {dagbag.py:538} INFO - Filling up the DagBag from /Library/Frameworks/Python.framework/Versions/3.10/lib/python3.10/site-packages/airflow/example_dags/plugins/listener_plugin.py
[2024-01-14T00:32:06.051+0200] {processor.py:842} WARNING - No viable dags retrieved from /Library/Frameworks/Python.framework/Versions/3.10/lib/python3.10/site-packages/airflow/example_dags/plugins/listener_plugin.py
[2024-01-14T00:32:06.230+0200] {processor.py:183} INFO - Processing /Library/Frameworks/Python.framework/Versions/3.10/lib/python3.10/site-packages/airflow/example_dags/plugins/listener_plugin.py took 0.194 seconds
[2024-01-14T00:35:21.905+0200] {processor.py:161} INFO - Started process (PID=45841) to work on /Library/Frameworks/Python.framework/Versions/3.10/lib/python3.10/site-packages/airflow/example_dags/plugins/listener_plugin.py
[2024-01-14T00:35:21.913+0200] {processor.py:830} INFO - Processing file /Library/Frameworks/Python.framework/Versions/3.10/lib/python3.10/site-packages/airflow/example_dags/plugins/listener_plugin.py for tasks to queue
[2024-01-14T00:35:21.916+0200] {logging_mixin.py:188} INFO - [2024-01-14T00:35:21.915+0200] {dagbag.py:538} INFO - Filling up the DagBag from /Library/Frameworks/Python.framework/Versions/3.10/lib/python3.10/site-packages/airflow/example_dags/plugins/listener_plugin.py
[2024-01-14T00:35:21.931+0200] {processor.py:842} WARNING - No viable dags retrieved from /Library/Frameworks/Python.framework/Versions/3.10/lib/python3.10/site-packages/airflow/example_dags/plugins/listener_plugin.py
[2024-01-14T00:35:22.152+0200] {processor.py:183} INFO - Processing /Library/Frameworks/Python.framework/Versions/3.10/lib/python3.10/site-packages/airflow/example_dags/plugins/listener_plugin.py took 0.249 seconds
[2024-01-14T00:38:03.058+0200] {processor.py:161} INFO - Started process (PID=46429) to work on /Library/Frameworks/Python.framework/Versions/3.10/lib/python3.10/site-packages/airflow/example_dags/plugins/listener_plugin.py
[2024-01-14T00:38:03.063+0200] {processor.py:830} INFO - Processing file /Library/Frameworks/Python.framework/Versions/3.10/lib/python3.10/site-packages/airflow/example_dags/plugins/listener_plugin.py for tasks to queue
[2024-01-14T00:38:03.064+0200] {logging_mixin.py:188} INFO - [2024-01-14T00:38:03.064+0200] {dagbag.py:538} INFO - Filling up the DagBag from /Library/Frameworks/Python.framework/Versions/3.10/lib/python3.10/site-packages/airflow/example_dags/plugins/listener_plugin.py
[2024-01-14T00:38:03.068+0200] {processor.py:842} WARNING - No viable dags retrieved from /Library/Frameworks/Python.framework/Versions/3.10/lib/python3.10/site-packages/airflow/example_dags/plugins/listener_plugin.py
[2024-01-14T00:38:03.213+0200] {processor.py:183} INFO - Processing /Library/Frameworks/Python.framework/Versions/3.10/lib/python3.10/site-packages/airflow/example_dags/plugins/listener_plugin.py took 0.156 seconds
[2024-01-14T00:40:31.370+0200] {processor.py:161} INFO - Started process (PID=46563) to work on /Library/Frameworks/Python.framework/Versions/3.10/lib/python3.10/site-packages/airflow/example_dags/plugins/listener_plugin.py
[2024-01-14T00:40:31.382+0200] {processor.py:830} INFO - Processing file /Library/Frameworks/Python.framework/Versions/3.10/lib/python3.10/site-packages/airflow/example_dags/plugins/listener_plugin.py for tasks to queue
[2024-01-14T00:40:31.383+0200] {logging_mixin.py:188} INFO - [2024-01-14T00:40:31.383+0200] {dagbag.py:538} INFO - Filling up the DagBag from /Library/Frameworks/Python.framework/Versions/3.10/lib/python3.10/site-packages/airflow/example_dags/plugins/listener_plugin.py
[2024-01-14T00:40:31.397+0200] {processor.py:842} WARNING - No viable dags retrieved from /Library/Frameworks/Python.framework/Versions/3.10/lib/python3.10/site-packages/airflow/example_dags/plugins/listener_plugin.py
[2024-01-14T00:40:31.646+0200] {processor.py:183} INFO - Processing /Library/Frameworks/Python.framework/Versions/3.10/lib/python3.10/site-packages/airflow/example_dags/plugins/listener_plugin.py took 0.280 seconds
[2024-01-14T00:42:58.778+0200] {processor.py:161} INFO - Started process (PID=46714) to work on /Library/Frameworks/Python.framework/Versions/3.10/lib/python3.10/site-packages/airflow/example_dags/plugins/listener_plugin.py
[2024-01-14T00:42:58.782+0200] {processor.py:830} INFO - Processing file /Library/Frameworks/Python.framework/Versions/3.10/lib/python3.10/site-packages/airflow/example_dags/plugins/listener_plugin.py for tasks to queue
[2024-01-14T00:42:58.782+0200] {logging_mixin.py:188} INFO - [2024-01-14T00:42:58.782+0200] {dagbag.py:538} INFO - Filling up the DagBag from /Library/Frameworks/Python.framework/Versions/3.10/lib/python3.10/site-packages/airflow/example_dags/plugins/listener_plugin.py
[2024-01-14T00:42:58.786+0200] {processor.py:842} WARNING - No viable dags retrieved from /Library/Frameworks/Python.framework/Versions/3.10/lib/python3.10/site-packages/airflow/example_dags/plugins/listener_plugin.py
[2024-01-14T00:42:58.919+0200] {processor.py:183} INFO - Processing /Library/Frameworks/Python.framework/Versions/3.10/lib/python3.10/site-packages/airflow/example_dags/plugins/listener_plugin.py took 0.143 seconds
[2024-01-14T00:45:38.675+0200] {processor.py:161} INFO - Started process (PID=46954) to work on /Library/Frameworks/Python.framework/Versions/3.10/lib/python3.10/site-packages/airflow/example_dags/plugins/listener_plugin.py
[2024-01-14T00:45:38.680+0200] {processor.py:830} INFO - Processing file /Library/Frameworks/Python.framework/Versions/3.10/lib/python3.10/site-packages/airflow/example_dags/plugins/listener_plugin.py for tasks to queue
[2024-01-14T00:45:38.681+0200] {logging_mixin.py:188} INFO - [2024-01-14T00:45:38.681+0200] {dagbag.py:538} INFO - Filling up the DagBag from /Library/Frameworks/Python.framework/Versions/3.10/lib/python3.10/site-packages/airflow/example_dags/plugins/listener_plugin.py
[2024-01-14T00:45:38.687+0200] {processor.py:842} WARNING - No viable dags retrieved from /Library/Frameworks/Python.framework/Versions/3.10/lib/python3.10/site-packages/airflow/example_dags/plugins/listener_plugin.py
[2024-01-14T00:45:38.823+0200] {processor.py:183} INFO - Processing /Library/Frameworks/Python.framework/Versions/3.10/lib/python3.10/site-packages/airflow/example_dags/plugins/listener_plugin.py took 0.150 seconds
[2024-01-14T00:48:26.092+0200] {processor.py:161} INFO - Started process (PID=47074) to work on /Library/Frameworks/Python.framework/Versions/3.10/lib/python3.10/site-packages/airflow/example_dags/plugins/listener_plugin.py
[2024-01-14T00:48:26.097+0200] {processor.py:830} INFO - Processing file /Library/Frameworks/Python.framework/Versions/3.10/lib/python3.10/site-packages/airflow/example_dags/plugins/listener_plugin.py for tasks to queue
[2024-01-14T00:48:26.098+0200] {logging_mixin.py:188} INFO - [2024-01-14T00:48:26.098+0200] {dagbag.py:538} INFO - Filling up the DagBag from /Library/Frameworks/Python.framework/Versions/3.10/lib/python3.10/site-packages/airflow/example_dags/plugins/listener_plugin.py
[2024-01-14T00:48:26.103+0200] {processor.py:842} WARNING - No viable dags retrieved from /Library/Frameworks/Python.framework/Versions/3.10/lib/python3.10/site-packages/airflow/example_dags/plugins/listener_plugin.py
[2024-01-14T00:48:26.260+0200] {processor.py:183} INFO - Processing /Library/Frameworks/Python.framework/Versions/3.10/lib/python3.10/site-packages/airflow/example_dags/plugins/listener_plugin.py took 0.170 seconds
[2024-01-14T00:50:55.654+0200] {processor.py:161} INFO - Started process (PID=47303) to work on /Library/Frameworks/Python.framework/Versions/3.10/lib/python3.10/site-packages/airflow/example_dags/plugins/listener_plugin.py
[2024-01-14T00:50:55.658+0200] {processor.py:830} INFO - Processing file /Library/Frameworks/Python.framework/Versions/3.10/lib/python3.10/site-packages/airflow/example_dags/plugins/listener_plugin.py for tasks to queue
[2024-01-14T00:50:55.659+0200] {logging_mixin.py:188} INFO - [2024-01-14T00:50:55.659+0200] {dagbag.py:538} INFO - Filling up the DagBag from /Library/Frameworks/Python.framework/Versions/3.10/lib/python3.10/site-packages/airflow/example_dags/plugins/listener_plugin.py
[2024-01-14T00:50:55.664+0200] {processor.py:842} WARNING - No viable dags retrieved from /Library/Frameworks/Python.framework/Versions/3.10/lib/python3.10/site-packages/airflow/example_dags/plugins/listener_plugin.py
[2024-01-14T00:50:55.799+0200] {processor.py:183} INFO - Processing /Library/Frameworks/Python.framework/Versions/3.10/lib/python3.10/site-packages/airflow/example_dags/plugins/listener_plugin.py took 0.147 seconds
